"2023-04-24 15:25:13,350 [INFO] Reporter Initialized!
"2023-04-24 15:25:13,350 [INFO] Reporter LEVEL: info
"2023-04-24 15:25:13,456 [INFO] Loaded csv data is 0421_0641PM0
"2023-04-24 15:25:14,376 [INFO] Device(cuda) is working for train
"2023-04-24 15:25:14,376 [INFO] Train Started
"2023-04-24 15:25:14,721 [INFO] Saved non-trained network
"2023-04-24 15:25:14,721 [INFO] EPISODE 0, LOSS 194.90284729003906
"2023-04-24 15:25:14,938 [INFO] LOSS FUNCTION PLOTTED at ./fig/0424_0325PMloss.png
"2023-04-24 15:25:15,889 [INFO] EPISODE 1, LOSS 54.8909797668457
"2023-04-24 15:25:15,940 [INFO] LOSS FUNCTION PLOTTED at ./fig/0424_0325PMloss.png
"2023-04-24 15:25:16,871 [INFO] EPISODE 2, LOSS 80.0846176147461
"2023-04-24 15:25:16,926 [INFO] LOSS FUNCTION PLOTTED at ./fig/0424_0325PMloss.png
"2023-04-24 15:25:17,867 [INFO] EPISODE 3, LOSS 29.09853744506836
"2023-04-24 15:25:17,917 [INFO] LOSS FUNCTION PLOTTED at ./fig/0424_0325PMloss.png
"2023-04-24 15:25:18,879 [INFO] EPISODE 4, LOSS 15.655706405639648
"2023-04-24 15:25:18,985 [INFO] LOSS FUNCTION PLOTTED at ./fig/0424_0325PMloss.png
"2023-04-24 15:25:19,921 [INFO] EPISODE 5, LOSS 28.5551815032959
"2023-04-24 15:25:19,973 [INFO] LOSS FUNCTION PLOTTED at ./fig/0424_0325PMloss.png
"2023-04-24 15:25:20,927 [INFO] EPISODE 6, LOSS 6.994838237762451
"2023-04-24 15:25:20,979 [INFO] LOSS FUNCTION PLOTTED at ./fig/0424_0325PMloss.png
"2023-04-24 15:25:21,934 [INFO] EPISODE 7, LOSS 17.045703887939453
"2023-04-24 15:25:21,988 [INFO] LOSS FUNCTION PLOTTED at ./fig/0424_0325PMloss.png
"2023-04-24 15:25:22,922 [INFO] EPISODE 8, LOSS 8.02462387084961
"2023-04-24 15:25:22,976 [INFO] LOSS FUNCTION PLOTTED at ./fig/0424_0325PMloss.png
"2023-04-24 15:25:23,908 [INFO] EPISODE 9, LOSS 10.404834747314453
"2023-04-24 15:25:23,959 [INFO] LOSS FUNCTION PLOTTED at ./fig/0424_0325PMloss.png
"2023-04-24 15:25:24,899 [INFO] EPISODE 10, LOSS 3.6562836170196533
"2023-04-24 15:25:24,948 [INFO] LOSS FUNCTION PLOTTED at ./fig/0424_0325PMloss.png
"2023-04-24 15:25:25,869 [INFO] EPISODE 11, LOSS 4.122171878814697
"2023-04-24 15:25:25,921 [INFO] LOSS FUNCTION PLOTTED at ./fig/0424_0325PMloss.png
"2023-04-24 15:25:26,883 [INFO] EPISODE 12, LOSS 5.491553783416748
"2023-04-24 15:25:26,936 [INFO] LOSS FUNCTION PLOTTED at ./fig/0424_0325PMloss.png
"2023-04-24 15:25:27,883 [INFO] EPISODE 13, LOSS 9.279598236083984
"2023-04-24 15:25:27,936 [INFO] LOSS FUNCTION PLOTTED at ./fig/0424_0325PMloss.png
"2023-04-24 15:25:28,886 [INFO] EPISODE 14, LOSS 8.738885879516602
"2023-04-24 15:25:28,942 [INFO] LOSS FUNCTION PLOTTED at ./fig/0424_0325PMloss.png
"2023-04-24 15:25:29,867 [INFO] EPISODE 15, LOSS 50.98967742919922
"2023-04-24 15:25:29,922 [INFO] LOSS FUNCTION PLOTTED at ./fig/0424_0325PMloss.png
"2023-04-24 15:25:30,832 [INFO] EPISODE 16, LOSS 7.173792839050293
"2023-04-24 15:25:30,889 [INFO] LOSS FUNCTION PLOTTED at ./fig/0424_0325PMloss.png
"2023-04-24 15:25:31,813 [INFO] EPISODE 17, LOSS 2.8183934688568115
"2023-04-24 15:25:31,864 [INFO] LOSS FUNCTION PLOTTED at ./fig/0424_0325PMloss.png
"2023-04-24 15:25:32,793 [INFO] EPISODE 18, LOSS 6.943705081939697
"2023-04-24 15:25:32,846 [INFO] LOSS FUNCTION PLOTTED at ./fig/0424_0325PMloss.png
"2023-04-24 15:25:33,783 [INFO] EPISODE 19, LOSS 13.301412582397461
"2023-04-24 15:25:33,841 [INFO] LOSS FUNCTION PLOTTED at ./fig/0424_0325PMloss.png
"2023-04-24 15:25:34,773 [INFO] EPISODE 20, LOSS 5.088015556335449
"2023-04-24 15:25:34,827 [INFO] LOSS FUNCTION PLOTTED at ./fig/0424_0325PMloss.png
"2023-04-24 15:25:35,777 [INFO] EPISODE 21, LOSS 16.153005599975586
"2023-04-24 15:25:35,831 [INFO] LOSS FUNCTION PLOTTED at ./fig/0424_0325PMloss.png
"2023-04-24 15:25:36,775 [INFO] EPISODE 22, LOSS 6.147710800170898
"2023-04-24 15:25:36,824 [INFO] LOSS FUNCTION PLOTTED at ./fig/0424_0325PMloss.png
"2023-04-24 15:25:37,773 [INFO] EPISODE 23, LOSS 3.6410372257232666
"2023-04-24 15:25:37,879 [INFO] LOSS FUNCTION PLOTTED at ./fig/0424_0325PMloss.png
"2023-04-24 15:25:38,808 [INFO] EPISODE 24, LOSS 2.8942906856536865
"2023-04-24 15:25:38,860 [INFO] LOSS FUNCTION PLOTTED at ./fig/0424_0325PMloss.png
"2023-04-24 15:25:39,793 [INFO] EPISODE 25, LOSS 17.425315856933594
"2023-04-24 15:25:39,843 [INFO] LOSS FUNCTION PLOTTED at ./fig/0424_0325PMloss.png
"2023-04-24 15:25:40,776 [INFO] EPISODE 26, LOSS 6.484757900238037
"2023-04-24 15:25:40,826 [INFO] LOSS FUNCTION PLOTTED at ./fig/0424_0325PMloss.png
"2023-04-24 15:25:41,794 [INFO] EPISODE 27, LOSS 8.467597007751465
"2023-04-24 15:25:41,846 [INFO] LOSS FUNCTION PLOTTED at ./fig/0424_0325PMloss.png
"2023-04-24 15:25:42,793 [INFO] EPISODE 28, LOSS 7.100571155548096
"2023-04-24 15:25:42,846 [INFO] LOSS FUNCTION PLOTTED at ./fig/0424_0325PMloss.png
"2023-04-24 15:25:43,779 [INFO] EPISODE 29, LOSS 6.219338417053223
"2023-04-24 15:25:43,828 [INFO] LOSS FUNCTION PLOTTED at ./fig/0424_0325PMloss.png
"2023-04-24 15:25:44,757 [INFO] EPISODE 30, LOSS 1.4012641906738281
"2023-04-24 15:25:44,814 [INFO] LOSS FUNCTION PLOTTED at ./fig/0424_0325PMloss.png
"2023-04-24 15:25:45,752 [INFO] EPISODE 31, LOSS 2.8893773555755615
"2023-04-24 15:25:45,802 [INFO] LOSS FUNCTION PLOTTED at ./fig/0424_0325PMloss.png
"2023-04-24 15:25:46,726 [INFO] EPISODE 32, LOSS 4.635500907897949
"2023-04-24 15:25:46,777 [INFO] LOSS FUNCTION PLOTTED at ./fig/0424_0325PMloss.png
"2023-04-24 15:25:47,714 [INFO] EPISODE 33, LOSS 2.0906693935394287
"2023-04-24 15:25:47,767 [INFO] LOSS FUNCTION PLOTTED at ./fig/0424_0325PMloss.png
"2023-04-24 15:25:48,703 [INFO] EPISODE 34, LOSS 6.731339454650879
"2023-04-24 15:25:48,753 [INFO] LOSS FUNCTION PLOTTED at ./fig/0424_0325PMloss.png
"2023-04-24 15:25:49,701 [INFO] EPISODE 35, LOSS 2.678211212158203
"2023-04-24 15:25:49,755 [INFO] LOSS FUNCTION PLOTTED at ./fig/0424_0325PMloss.png
"2023-04-24 15:25:50,698 [INFO] EPISODE 36, LOSS 3.3800840377807617
"2023-04-24 15:25:50,753 [INFO] LOSS FUNCTION PLOTTED at ./fig/0424_0325PMloss.png
"2023-04-24 15:25:51,705 [INFO] EPISODE 37, LOSS 6.462466239929199
"2023-04-24 15:25:51,759 [INFO] LOSS FUNCTION PLOTTED at ./fig/0424_0325PMloss.png
"2023-04-24 15:25:52,705 [INFO] EPISODE 38, LOSS 2.0599374771118164
"2023-04-24 15:25:52,761 [INFO] LOSS FUNCTION PLOTTED at ./fig/0424_0325PMloss.png
"2023-04-24 15:25:53,704 [INFO] EPISODE 39, LOSS 4.601393699645996
"2023-04-24 15:25:53,756 [INFO] LOSS FUNCTION PLOTTED at ./fig/0424_0325PMloss.png
"2023-04-24 15:25:54,700 [INFO] EPISODE 40, LOSS 2.455057382583618
"2023-04-24 15:25:54,817 [INFO] LOSS FUNCTION PLOTTED at ./fig/0424_0325PMloss.png
"2023-04-24 15:25:55,715 [INFO] EPISODE 41, LOSS 2.349217653274536
"2023-04-24 15:25:55,765 [INFO] LOSS FUNCTION PLOTTED at ./fig/0424_0325PMloss.png
"2023-04-24 15:25:56,698 [INFO] EPISODE 42, LOSS 24.413103103637695
"2023-04-24 15:25:56,746 [INFO] LOSS FUNCTION PLOTTED at ./fig/0424_0325PMloss.png
"2023-04-24 15:25:57,690 [INFO] EPISODE 43, LOSS 6.45781135559082
"2023-04-24 15:25:57,741 [INFO] LOSS FUNCTION PLOTTED at ./fig/0424_0325PMloss.png
"2023-04-24 15:25:58,685 [INFO] EPISODE 44, LOSS 1.86764657497406
"2023-04-24 15:25:58,735 [INFO] LOSS FUNCTION PLOTTED at ./fig/0424_0325PMloss.png
"2023-04-24 15:25:59,674 [INFO] EPISODE 45, LOSS 7.683426380157471
"2023-04-24 15:25:59,724 [INFO] LOSS FUNCTION PLOTTED at ./fig/0424_0325PMloss.png
"2023-04-24 15:26:00,692 [INFO] EPISODE 46, LOSS 6.892397880554199
"2023-04-24 15:26:00,744 [INFO] LOSS FUNCTION PLOTTED at ./fig/0424_0325PMloss.png
"2023-04-24 15:26:01,700 [INFO] EPISODE 47, LOSS 2.752310276031494
"2023-04-24 15:26:01,752 [INFO] LOSS FUNCTION PLOTTED at ./fig/0424_0325PMloss.png
"2023-04-24 15:26:02,708 [INFO] EPISODE 48, LOSS 4.001284122467041
"2023-04-24 15:26:02,761 [INFO] LOSS FUNCTION PLOTTED at ./fig/0424_0325PMloss.png
"2023-04-24 15:26:03,729 [INFO] EPISODE 49, LOSS 5.331399917602539
"2023-04-24 15:26:03,780 [INFO] LOSS FUNCTION PLOTTED at ./fig/0424_0325PMloss.png
"2023-04-24 15:26:04,725 [INFO] EPISODE 50, LOSS 3.8212714195251465
"2023-04-24 15:26:04,777 [INFO] LOSS FUNCTION PLOTTED at ./fig/0424_0325PMloss.png
"2023-04-24 15:26:05,723 [INFO] EPISODE 51, LOSS 2.1079843044281006
"2023-04-24 15:26:05,773 [INFO] LOSS FUNCTION PLOTTED at ./fig/0424_0325PMloss.png
"2023-04-24 15:26:06,696 [INFO] EPISODE 52, LOSS 3.884289503097534
"2023-04-24 15:26:06,748 [INFO] LOSS FUNCTION PLOTTED at ./fig/0424_0325PMloss.png
"2023-04-24 15:26:07,695 [INFO] EPISODE 53, LOSS 1.477980613708496
"2023-04-24 15:26:07,747 [INFO] LOSS FUNCTION PLOTTED at ./fig/0424_0325PMloss.png
"2023-04-24 15:26:08,700 [INFO] EPISODE 54, LOSS 5.605626106262207
"2023-04-24 15:26:08,751 [INFO] LOSS FUNCTION PLOTTED at ./fig/0424_0325PMloss.png
"2023-04-24 15:26:09,710 [INFO] EPISODE 55, LOSS 2.154289722442627
"2023-04-24 15:26:09,763 [INFO] LOSS FUNCTION PLOTTED at ./fig/0424_0325PMloss.png
"2023-04-24 15:26:10,720 [INFO] EPISODE 56, LOSS 1.760530948638916
"2023-04-24 15:26:10,772 [INFO] LOSS FUNCTION PLOTTED at ./fig/0424_0325PMloss.png
"2023-04-24 15:26:11,696 [INFO] EPISODE 57, LOSS 3.2120609283447266
"2023-04-24 15:26:11,753 [INFO] LOSS FUNCTION PLOTTED at ./fig/0424_0325PMloss.png
"2023-04-24 15:26:12,687 [INFO] EPISODE 58, LOSS 4.197665214538574
"2023-04-24 15:26:12,742 [INFO] LOSS FUNCTION PLOTTED at ./fig/0424_0325PMloss.png
"2023-04-24 15:26:13,669 [INFO] EPISODE 59, LOSS 6.933917045593262
"2023-04-24 15:26:13,776 [INFO] LOSS FUNCTION PLOTTED at ./fig/0424_0325PMloss.png
"2023-04-24 15:26:14,714 [INFO] EPISODE 60, LOSS 2.4625697135925293
"2023-04-24 15:26:14,766 [INFO] LOSS FUNCTION PLOTTED at ./fig/0424_0325PMloss.png
"2023-04-24 15:26:15,722 [INFO] EPISODE 61, LOSS 3.331275463104248
"2023-04-24 15:26:15,777 [INFO] LOSS FUNCTION PLOTTED at ./fig/0424_0325PMloss.png
"2023-04-24 15:26:16,690 [INFO] EPISODE 62, LOSS 2.5176992416381836
"2023-04-24 15:26:16,743 [INFO] LOSS FUNCTION PLOTTED at ./fig/0424_0325PMloss.png
"2023-04-24 15:26:17,685 [INFO] EPISODE 63, LOSS 16.779190063476562
"2023-04-24 15:26:17,736 [INFO] LOSS FUNCTION PLOTTED at ./fig/0424_0325PMloss.png
"2023-04-24 15:26:18,683 [INFO] EPISODE 64, LOSS 2.0307796001434326
"2023-04-24 15:26:18,734 [INFO] LOSS FUNCTION PLOTTED at ./fig/0424_0325PMloss.png
"2023-04-24 15:26:19,668 [INFO] EPISODE 65, LOSS 3.478207588195801
"2023-04-24 15:26:19,722 [INFO] LOSS FUNCTION PLOTTED at ./fig/0424_0325PMloss.png
"2023-04-24 15:26:20,674 [INFO] EPISODE 66, LOSS 2.5372421741485596
"2023-04-24 15:26:20,728 [INFO] LOSS FUNCTION PLOTTED at ./fig/0424_0325PMloss.png
"2023-04-24 15:26:21,666 [INFO] EPISODE 67, LOSS 4.129864692687988
"2023-04-24 15:26:21,718 [INFO] LOSS FUNCTION PLOTTED at ./fig/0424_0325PMloss.png
"2023-04-24 15:26:22,648 [INFO] EPISODE 68, LOSS 4.384999752044678
"2023-04-24 15:26:22,700 [INFO] LOSS FUNCTION PLOTTED at ./fig/0424_0325PMloss.png
"2023-04-24 15:26:23,629 [INFO] EPISODE 69, LOSS 5.597564697265625
"2023-04-24 15:26:23,681 [INFO] LOSS FUNCTION PLOTTED at ./fig/0424_0325PMloss.png
"2023-04-24 15:26:24,619 [INFO] EPISODE 70, LOSS 1.2504383325576782
"2023-04-24 15:26:24,669 [INFO] LOSS FUNCTION PLOTTED at ./fig/0424_0325PMloss.png
"2023-04-24 15:26:25,610 [INFO] EPISODE 71, LOSS 1.8598992824554443
"2023-04-24 15:26:25,664 [INFO] LOSS FUNCTION PLOTTED at ./fig/0424_0325PMloss.png
"2023-04-24 15:26:26,591 [INFO] EPISODE 72, LOSS 2.2448863983154297
"2023-04-24 15:26:26,644 [INFO] LOSS FUNCTION PLOTTED at ./fig/0424_0325PMloss.png
"2023-04-24 15:26:27,601 [INFO] EPISODE 73, LOSS 5.117430210113525
"2023-04-24 15:26:27,659 [INFO] LOSS FUNCTION PLOTTED at ./fig/0424_0325PMloss.png
"2023-04-24 15:26:28,603 [INFO] EPISODE 74, LOSS 5.401655673980713
"2023-04-24 15:26:28,659 [INFO] LOSS FUNCTION PLOTTED at ./fig/0424_0325PMloss.png
"2023-04-24 15:26:29,594 [INFO] EPISODE 75, LOSS 5.418270111083984
"2023-04-24 15:26:29,646 [INFO] LOSS FUNCTION PLOTTED at ./fig/0424_0325PMloss.png
"2023-04-24 15:26:30,605 [INFO] EPISODE 76, LOSS 2.9771504402160645
"2023-04-24 15:26:30,661 [INFO] LOSS FUNCTION PLOTTED at ./fig/0424_0325PMloss.png
"2023-04-24 15:26:31,629 [INFO] EPISODE 77, LOSS 2.0225672721862793
"2023-04-24 15:26:31,690 [INFO] LOSS FUNCTION PLOTTED at ./fig/0424_0325PMloss.png
"2023-04-24 15:26:32,660 [INFO] EPISODE 78, LOSS 3.5180368423461914
"2023-04-24 15:26:32,772 [INFO] LOSS FUNCTION PLOTTED at ./fig/0424_0325PMloss.png
"2023-04-24 15:26:33,742 [INFO] EPISODE 79, LOSS 4.545494079589844
"2023-04-24 15:26:33,802 [INFO] LOSS FUNCTION PLOTTED at ./fig/0424_0325PMloss.png
"2023-04-24 15:26:34,768 [INFO] EPISODE 80, LOSS 2.6007814407348633
"2023-04-24 15:26:34,822 [INFO] LOSS FUNCTION PLOTTED at ./fig/0424_0325PMloss.png
"2023-04-24 15:26:35,765 [INFO] EPISODE 81, LOSS 4.269620895385742
"2023-04-24 15:26:35,820 [INFO] LOSS FUNCTION PLOTTED at ./fig/0424_0325PMloss.png
"2023-04-24 15:26:36,788 [INFO] EPISODE 82, LOSS 4.051424026489258
"2023-04-24 15:26:36,840 [INFO] LOSS FUNCTION PLOTTED at ./fig/0424_0325PMloss.png
"2023-04-24 15:26:37,836 [INFO] EPISODE 83, LOSS 2.8701345920562744
"2023-04-24 15:26:37,891 [INFO] LOSS FUNCTION PLOTTED at ./fig/0424_0325PMloss.png
"2023-04-24 15:26:38,868 [INFO] EPISODE 84, LOSS 1.1380667686462402
"2023-04-24 15:26:38,921 [INFO] LOSS FUNCTION PLOTTED at ./fig/0424_0325PMloss.png
"2023-04-24 15:26:39,920 [INFO] EPISODE 85, LOSS 2.203057289123535
"2023-04-24 15:26:39,975 [INFO] LOSS FUNCTION PLOTTED at ./fig/0424_0325PMloss.png
"2023-04-24 15:26:40,947 [INFO] EPISODE 86, LOSS 5.272136688232422
"2023-04-24 15:26:41,000 [INFO] LOSS FUNCTION PLOTTED at ./fig/0424_0325PMloss.png
"2023-04-24 15:26:41,967 [INFO] EPISODE 87, LOSS 2.14670991897583
"2023-04-24 15:26:42,017 [INFO] LOSS FUNCTION PLOTTED at ./fig/0424_0325PMloss.png
"2023-04-24 15:26:42,973 [INFO] EPISODE 88, LOSS 4.22831392288208
"2023-04-24 15:26:43,026 [INFO] LOSS FUNCTION PLOTTED at ./fig/0424_0325PMloss.png
"2023-04-24 15:26:43,942 [INFO] EPISODE 89, LOSS 2.7475709915161133
"2023-04-24 15:26:43,997 [INFO] LOSS FUNCTION PLOTTED at ./fig/0424_0325PMloss.png
"2023-04-24 15:26:44,947 [INFO] EPISODE 90, LOSS 1.8508762121200562
"2023-04-24 15:26:45,001 [INFO] LOSS FUNCTION PLOTTED at ./fig/0424_0325PMloss.png
"2023-04-24 15:26:45,980 [INFO] EPISODE 91, LOSS 3.3188979625701904
"2023-04-24 15:26:46,034 [INFO] LOSS FUNCTION PLOTTED at ./fig/0424_0325PMloss.png
"2023-04-24 15:26:46,990 [INFO] EPISODE 92, LOSS 6.0076584815979
"2023-04-24 15:26:47,039 [INFO] LOSS FUNCTION PLOTTED at ./fig/0424_0325PMloss.png
"2023-04-24 15:26:47,992 [INFO] EPISODE 93, LOSS 8.316518783569336
"2023-04-24 15:26:48,044 [INFO] LOSS FUNCTION PLOTTED at ./fig/0424_0325PMloss.png
"2023-04-24 15:26:49,040 [INFO] EPISODE 94, LOSS 1.430624008178711
"2023-04-24 15:26:49,090 [INFO] LOSS FUNCTION PLOTTED at ./fig/0424_0325PMloss.png
"2023-04-24 15:26:50,058 [INFO] EPISODE 95, LOSS 7.2076215744018555
"2023-04-24 15:26:50,169 [INFO] LOSS FUNCTION PLOTTED at ./fig/0424_0325PMloss.png
"2023-04-24 15:26:51,130 [INFO] EPISODE 96, LOSS 3.821338415145874
"2023-04-24 15:26:51,186 [INFO] LOSS FUNCTION PLOTTED at ./fig/0424_0325PMloss.png
"2023-04-24 15:26:52,113 [INFO] EPISODE 97, LOSS 1.1769592761993408
"2023-04-24 15:26:52,163 [INFO] LOSS FUNCTION PLOTTED at ./fig/0424_0325PMloss.png
"2023-04-24 15:26:53,100 [INFO] EPISODE 98, LOSS 3.3994882106781006
"2023-04-24 15:26:53,151 [INFO] LOSS FUNCTION PLOTTED at ./fig/0424_0325PMloss.png
"2023-04-24 15:26:54,101 [INFO] EPISODE 99, LOSS 3.2560439109802246
"2023-04-24 15:26:54,151 [INFO] LOSS FUNCTION PLOTTED at ./fig/0424_0325PMloss.png
"2023-04-24 15:26:55,114 [INFO] EPISODE 100, LOSS 8.832566261291504
"2023-04-24 15:26:55,165 [INFO] LOSS FUNCTION PLOTTED at ./fig/0424_0325PMloss.png
"2023-04-24 15:26:56,178 [INFO] EPISODE 101, LOSS 1.8356032371520996
"2023-04-24 15:26:56,229 [INFO] LOSS FUNCTION PLOTTED at ./fig/0424_0325PMloss.png
"2023-04-24 15:26:57,179 [INFO] EPISODE 102, LOSS 4.352049350738525
"2023-04-24 15:26:57,233 [INFO] LOSS FUNCTION PLOTTED at ./fig/0424_0325PMloss.png
"2023-04-24 15:26:58,192 [INFO] EPISODE 103, LOSS 1.6087387800216675
"2023-04-24 15:26:58,243 [INFO] LOSS FUNCTION PLOTTED at ./fig/0424_0325PMloss.png
"2023-04-24 15:26:59,207 [INFO] EPISODE 104, LOSS 3.9513916969299316
"2023-04-24 15:26:59,258 [INFO] LOSS FUNCTION PLOTTED at ./fig/0424_0325PMloss.png
"2023-04-24 15:27:00,229 [INFO] EPISODE 105, LOSS 3.899179220199585
"2023-04-24 15:27:00,286 [INFO] LOSS FUNCTION PLOTTED at ./fig/0424_0325PMloss.png
"2023-04-24 15:27:01,261 [INFO] EPISODE 106, LOSS 2.862091302871704
"2023-04-24 15:27:01,311 [INFO] LOSS FUNCTION PLOTTED at ./fig/0424_0325PMloss.png
"2023-04-24 15:27:02,283 [INFO] EPISODE 107, LOSS 2.790637969970703
"2023-04-24 15:27:02,335 [INFO] LOSS FUNCTION PLOTTED at ./fig/0424_0325PMloss.png
"2023-04-24 15:27:03,306 [INFO] EPISODE 108, LOSS 1.131045937538147
"2023-04-24 15:27:03,360 [INFO] LOSS FUNCTION PLOTTED at ./fig/0424_0325PMloss.png
"2023-04-24 15:27:04,334 [INFO] EPISODE 109, LOSS 1.1959402561187744
"2023-04-24 15:27:04,384 [INFO] LOSS FUNCTION PLOTTED at ./fig/0424_0325PMloss.png
"2023-04-24 15:27:05,357 [INFO] EPISODE 110, LOSS 3.7617568969726562
"2023-04-24 15:27:05,417 [INFO] LOSS FUNCTION PLOTTED at ./fig/0424_0325PMloss.png
"2023-04-24 15:27:06,371 [INFO] EPISODE 111, LOSS 2.64814829826355
"2023-04-24 15:27:06,420 [INFO] LOSS FUNCTION PLOTTED at ./fig/0424_0325PMloss.png
"2023-04-24 15:27:07,387 [INFO] EPISODE 112, LOSS 1.8947651386260986
"2023-04-24 15:27:07,438 [INFO] LOSS FUNCTION PLOTTED at ./fig/0424_0325PMloss.png
"2023-04-24 15:27:08,400 [INFO] EPISODE 113, LOSS 4.234442234039307
"2023-04-24 15:27:08,500 [INFO] LOSS FUNCTION PLOTTED at ./fig/0424_0325PMloss.png
"2023-04-24 15:27:09,461 [INFO] EPISODE 114, LOSS 2.4371235370635986
"2023-04-24 15:27:09,511 [INFO] LOSS FUNCTION PLOTTED at ./fig/0424_0325PMloss.png
"2023-04-24 15:27:10,509 [INFO] EPISODE 115, LOSS 2.4983019828796387
"2023-04-24 15:27:10,562 [INFO] LOSS FUNCTION PLOTTED at ./fig/0424_0325PMloss.png
"2023-04-24 15:27:11,562 [INFO] EPISODE 116, LOSS 1.4263890981674194
"2023-04-24 15:27:11,614 [INFO] LOSS FUNCTION PLOTTED at ./fig/0424_0325PMloss.png
"2023-04-24 15:27:12,594 [INFO] EPISODE 117, LOSS 4.565738201141357
"2023-04-24 15:27:12,645 [INFO] LOSS FUNCTION PLOTTED at ./fig/0424_0325PMloss.png
"2023-04-24 15:27:13,594 [INFO] EPISODE 118, LOSS 2.5478005409240723
"2023-04-24 15:27:13,646 [INFO] LOSS FUNCTION PLOTTED at ./fig/0424_0325PMloss.png
"2023-04-24 15:27:14,609 [INFO] EPISODE 119, LOSS 3.2504429817199707
"2023-04-24 15:27:14,660 [INFO] LOSS FUNCTION PLOTTED at ./fig/0424_0325PMloss.png
"2023-04-24 15:27:15,644 [INFO] EPISODE 120, LOSS 3.44295072555542
"2023-04-24 15:27:15,702 [INFO] LOSS FUNCTION PLOTTED at ./fig/0424_0325PMloss.png
"2023-04-24 15:27:16,689 [INFO] EPISODE 121, LOSS 3.547675848007202
"2023-04-24 15:27:16,739 [INFO] LOSS FUNCTION PLOTTED at ./fig/0424_0325PMloss.png
"2023-04-24 15:27:17,726 [INFO] EPISODE 122, LOSS 2.9994564056396484
"2023-04-24 15:27:17,775 [INFO] LOSS FUNCTION PLOTTED at ./fig/0424_0325PMloss.png
"2023-04-24 15:27:18,749 [INFO] EPISODE 123, LOSS 1.2493406534194946
"2023-04-24 15:27:18,804 [INFO] LOSS FUNCTION PLOTTED at ./fig/0424_0325PMloss.png
"2023-04-24 15:27:19,745 [INFO] EPISODE 124, LOSS 4.989832878112793
"2023-04-24 15:27:19,795 [INFO] LOSS FUNCTION PLOTTED at ./fig/0424_0325PMloss.png
"2023-04-24 15:27:20,766 [INFO] EPISODE 125, LOSS 2.701800584793091
"2023-04-24 15:27:20,819 [INFO] LOSS FUNCTION PLOTTED at ./fig/0424_0325PMloss.png
"2023-04-24 15:27:21,768 [INFO] EPISODE 126, LOSS 2.312194585800171
"2023-04-24 15:27:21,817 [INFO] LOSS FUNCTION PLOTTED at ./fig/0424_0325PMloss.png
"2023-04-24 15:27:22,793 [INFO] EPISODE 127, LOSS 2.4310295581817627
"2023-04-24 15:27:22,844 [INFO] LOSS FUNCTION PLOTTED at ./fig/0424_0325PMloss.png
"2023-04-24 15:27:23,814 [INFO] EPISODE 128, LOSS 3.4514338970184326
"2023-04-24 15:27:23,865 [INFO] LOSS FUNCTION PLOTTED at ./fig/0424_0325PMloss.png
"2023-04-24 15:27:24,847 [INFO] EPISODE 129, LOSS 2.0374960899353027
"2023-04-24 15:27:24,901 [INFO] LOSS FUNCTION PLOTTED at ./fig/0424_0325PMloss.png
"2023-04-24 15:27:25,863 [INFO] EPISODE 130, LOSS 6.1345648765563965
"2023-04-24 15:27:25,916 [INFO] LOSS FUNCTION PLOTTED at ./fig/0424_0325PMloss.png
"2023-04-24 15:27:26,907 [INFO] EPISODE 131, LOSS 1.9840253591537476
"2023-04-24 15:27:26,958 [INFO] LOSS FUNCTION PLOTTED at ./fig/0424_0325PMloss.png
"2023-04-24 15:27:27,928 [INFO] EPISODE 132, LOSS 1.8920937776565552
"2023-04-24 15:27:27,979 [INFO] LOSS FUNCTION PLOTTED at ./fig/0424_0325PMloss.png
"2023-04-24 15:27:28,945 [INFO] EPISODE 133, LOSS 2.778141736984253
"2023-04-24 15:27:29,046 [INFO] LOSS FUNCTION PLOTTED at ./fig/0424_0325PMloss.png
"2023-04-24 15:27:30,001 [INFO] EPISODE 134, LOSS 5.640885829925537
"2023-04-24 15:27:30,053 [INFO] LOSS FUNCTION PLOTTED at ./fig/0424_0325PMloss.png
"2023-04-24 15:27:31,044 [INFO] EPISODE 135, LOSS 3.5590405464172363
"2023-04-24 15:27:31,098 [INFO] LOSS FUNCTION PLOTTED at ./fig/0424_0325PMloss.png
"2023-04-24 15:27:32,071 [INFO] EPISODE 136, LOSS 7.8356852531433105
"2023-04-24 15:27:32,126 [INFO] LOSS FUNCTION PLOTTED at ./fig/0424_0325PMloss.png
"2023-04-24 15:27:33,109 [INFO] EPISODE 137, LOSS 2.2379860877990723
"2023-04-24 15:27:33,161 [INFO] LOSS FUNCTION PLOTTED at ./fig/0424_0325PMloss.png
"2023-04-24 15:27:34,140 [INFO] EPISODE 138, LOSS 1.3633323907852173
"2023-04-24 15:27:34,195 [INFO] LOSS FUNCTION PLOTTED at ./fig/0424_0325PMloss.png
"2023-04-24 15:27:35,160 [INFO] EPISODE 139, LOSS 2.7259910106658936
"2023-04-24 15:27:35,218 [INFO] LOSS FUNCTION PLOTTED at ./fig/0424_0325PMloss.png
"2023-04-24 15:27:36,201 [INFO] EPISODE 140, LOSS 1.553515911102295
"2023-04-24 15:27:36,254 [INFO] LOSS FUNCTION PLOTTED at ./fig/0424_0325PMloss.png
"2023-04-24 15:27:37,203 [INFO] EPISODE 141, LOSS 4.379049777984619
"2023-04-24 15:27:37,259 [INFO] LOSS FUNCTION PLOTTED at ./fig/0424_0325PMloss.png
"2023-04-24 15:27:38,204 [INFO] EPISODE 142, LOSS 4.195717811584473
"2023-04-24 15:27:38,258 [INFO] LOSS FUNCTION PLOTTED at ./fig/0424_0325PMloss.png
"2023-04-24 15:27:39,196 [INFO] EPISODE 143, LOSS 0.900236189365387
"2023-04-24 15:27:39,248 [INFO] LOSS FUNCTION PLOTTED at ./fig/0424_0325PMloss.png
"2023-04-24 15:27:40,177 [INFO] EPISODE 144, LOSS 1.0699803829193115
"2023-04-24 15:27:40,233 [INFO] LOSS FUNCTION PLOTTED at ./fig/0424_0325PMloss.png
"2023-04-24 15:27:41,212 [INFO] EPISODE 145, LOSS 1.6696138381958008
"2023-04-24 15:27:41,267 [INFO] LOSS FUNCTION PLOTTED at ./fig/0424_0325PMloss.png
"2023-04-24 15:27:42,227 [INFO] EPISODE 146, LOSS 4.823984622955322
"2023-04-24 15:27:42,281 [INFO] LOSS FUNCTION PLOTTED at ./fig/0424_0325PMloss.png
"2023-04-24 15:27:43,234 [INFO] EPISODE 147, LOSS 2.2029871940612793
"2023-04-24 15:27:43,285 [INFO] LOSS FUNCTION PLOTTED at ./fig/0424_0325PMloss.png
"2023-04-24 15:27:44,231 [INFO] EPISODE 148, LOSS 1.5401406288146973
"2023-04-24 15:27:44,280 [INFO] LOSS FUNCTION PLOTTED at ./fig/0424_0325PMloss.png
"2023-04-24 15:27:45,249 [INFO] EPISODE 149, LOSS 2.1617252826690674
"2023-04-24 15:27:45,302 [INFO] LOSS FUNCTION PLOTTED at ./fig/0424_0325PMloss.png
"2023-04-24 15:27:46,272 [INFO] EPISODE 150, LOSS 0.8030691742897034
"2023-04-24 15:27:46,323 [INFO] LOSS FUNCTION PLOTTED at ./fig/0424_0325PMloss.png
"2023-04-24 15:27:47,310 [INFO] EPISODE 151, LOSS 1.30342435836792
"2023-04-24 15:27:47,361 [INFO] LOSS FUNCTION PLOTTED at ./fig/0424_0325PMloss.png
"2023-04-24 15:27:48,320 [INFO] EPISODE 152, LOSS 1.3749233484268188
"2023-04-24 15:27:48,422 [INFO] LOSS FUNCTION PLOTTED at ./fig/0424_0325PMloss.png
"2023-04-24 15:27:49,382 [INFO] EPISODE 153, LOSS 1.8482457399368286
"2023-04-24 15:27:49,434 [INFO] LOSS FUNCTION PLOTTED at ./fig/0424_0325PMloss.png
"2023-04-24 15:27:50,359 [INFO] EPISODE 154, LOSS 1.0733935832977295
"2023-04-24 15:27:50,410 [INFO] LOSS FUNCTION PLOTTED at ./fig/0424_0325PMloss.png
"2023-04-24 15:27:51,362 [INFO] EPISODE 155, LOSS 4.551250457763672
"2023-04-24 15:27:51,415 [INFO] LOSS FUNCTION PLOTTED at ./fig/0424_0325PMloss.png
"2023-04-24 15:27:52,372 [INFO] EPISODE 156, LOSS 1.0722421407699585
"2023-04-24 15:27:52,429 [INFO] LOSS FUNCTION PLOTTED at ./fig/0424_0325PMloss.png
"2023-04-24 15:27:53,414 [INFO] EPISODE 157, LOSS 3.9326224327087402
"2023-04-24 15:27:53,470 [INFO] LOSS FUNCTION PLOTTED at ./fig/0424_0325PMloss.png
"2023-04-24 15:27:54,432 [INFO] EPISODE 158, LOSS 2.826328754425049
"2023-04-24 15:27:54,485 [INFO] LOSS FUNCTION PLOTTED at ./fig/0424_0325PMloss.png
"2023-04-24 15:27:55,439 [INFO] EPISODE 159, LOSS 1.9252837896347046
"2023-04-24 15:27:55,491 [INFO] LOSS FUNCTION PLOTTED at ./fig/0424_0325PMloss.png
"2023-04-24 15:27:56,445 [INFO] EPISODE 160, LOSS 1.369965672492981
"2023-04-24 15:27:56,498 [INFO] LOSS FUNCTION PLOTTED at ./fig/0424_0325PMloss.png
"2023-04-24 15:27:57,447 [INFO] EPISODE 161, LOSS 1.0428180694580078
"2023-04-24 15:27:57,501 [INFO] LOSS FUNCTION PLOTTED at ./fig/0424_0325PMloss.png
"2023-04-24 15:27:58,451 [INFO] EPISODE 162, LOSS 1.1816784143447876
"2023-04-24 15:27:58,502 [INFO] LOSS FUNCTION PLOTTED at ./fig/0424_0325PMloss.png
"2023-04-24 15:27:59,431 [INFO] EPISODE 163, LOSS 2.6896860599517822
"2023-04-24 15:27:59,480 [INFO] LOSS FUNCTION PLOTTED at ./fig/0424_0325PMloss.png
"2023-04-24 15:28:00,419 [INFO] EPISODE 164, LOSS 2.59978985786438
"2023-04-24 15:28:00,468 [INFO] LOSS FUNCTION PLOTTED at ./fig/0424_0325PMloss.png
"2023-04-24 15:28:01,434 [INFO] EPISODE 165, LOSS 2.0829858779907227
"2023-04-24 15:28:01,483 [INFO] LOSS FUNCTION PLOTTED at ./fig/0424_0325PMloss.png
"2023-04-24 15:28:02,443 [INFO] EPISODE 166, LOSS 0.9142165184020996
"2023-04-24 15:28:02,500 [INFO] LOSS FUNCTION PLOTTED at ./fig/0424_0325PMloss.png
"2023-04-24 15:28:03,442 [INFO] EPISODE 167, LOSS 4.24855375289917
"2023-04-24 15:28:03,494 [INFO] LOSS FUNCTION PLOTTED at ./fig/0424_0325PMloss.png
"2023-04-24 15:28:04,448 [INFO] EPISODE 168, LOSS 4.966544151306152
"2023-04-24 15:28:04,547 [INFO] LOSS FUNCTION PLOTTED at ./fig/0424_0325PMloss.png
"2023-04-24 15:28:05,517 [INFO] EPISODE 169, LOSS 2.7537851333618164
"2023-04-24 15:28:05,571 [INFO] LOSS FUNCTION PLOTTED at ./fig/0424_0325PMloss.png
"2023-04-24 15:28:06,547 [INFO] EPISODE 170, LOSS 1.1820011138916016
"2023-04-24 15:28:06,599 [INFO] LOSS FUNCTION PLOTTED at ./fig/0424_0325PMloss.png
"2023-04-24 15:28:07,561 [INFO] EPISODE 171, LOSS 2.2524657249450684
"2023-04-24 15:28:07,614 [INFO] LOSS FUNCTION PLOTTED at ./fig/0424_0325PMloss.png
"2023-04-24 15:28:08,571 [INFO] EPISODE 172, LOSS 1.556571364402771
"2023-04-24 15:28:08,622 [INFO] LOSS FUNCTION PLOTTED at ./fig/0424_0325PMloss.png
"2023-04-24 15:28:09,559 [INFO] EPISODE 173, LOSS 1.7966705560684204
"2023-04-24 15:28:09,612 [INFO] LOSS FUNCTION PLOTTED at ./fig/0424_0325PMloss.png
"2023-04-24 15:28:10,554 [INFO] EPISODE 174, LOSS 1.2013291120529175
"2023-04-24 15:28:10,604 [INFO] LOSS FUNCTION PLOTTED at ./fig/0424_0325PMloss.png
"2023-04-24 15:28:11,552 [INFO] EPISODE 175, LOSS 4.206863880157471
"2023-04-24 15:28:11,603 [INFO] LOSS FUNCTION PLOTTED at ./fig/0424_0325PMloss.png
"2023-04-24 15:28:12,589 [INFO] EPISODE 176, LOSS 2.8616578578948975
"2023-04-24 15:28:12,649 [INFO] LOSS FUNCTION PLOTTED at ./fig/0424_0325PMloss.png
"2023-04-24 15:28:13,602 [INFO] EPISODE 177, LOSS 1.1933565139770508
"2023-04-24 15:28:13,655 [INFO] LOSS FUNCTION PLOTTED at ./fig/0424_0325PMloss.png
"2023-04-24 15:28:14,606 [INFO] EPISODE 178, LOSS 2.1762917041778564
"2023-04-24 15:28:14,657 [INFO] LOSS FUNCTION PLOTTED at ./fig/0424_0325PMloss.png
"2023-04-24 15:28:15,617 [INFO] EPISODE 179, LOSS 3.351868152618408
"2023-04-24 15:28:15,669 [INFO] LOSS FUNCTION PLOTTED at ./fig/0424_0325PMloss.png
"2023-04-24 15:28:16,632 [INFO] EPISODE 180, LOSS 2.3155713081359863
"2023-04-24 15:28:16,686 [INFO] LOSS FUNCTION PLOTTED at ./fig/0424_0325PMloss.png
"2023-04-24 15:28:17,641 [INFO] EPISODE 181, LOSS 4.7269511222839355
"2023-04-24 15:28:17,698 [INFO] LOSS FUNCTION PLOTTED at ./fig/0424_0325PMloss.png
"2023-04-24 15:28:18,636 [INFO] EPISODE 182, LOSS 1.182891845703125
"2023-04-24 15:28:18,689 [INFO] LOSS FUNCTION PLOTTED at ./fig/0424_0325PMloss.png
"2023-04-24 15:28:19,656 [INFO] EPISODE 183, LOSS 3.573798179626465
"2023-04-24 15:28:19,710 [INFO] LOSS FUNCTION PLOTTED at ./fig/0424_0325PMloss.png
"2023-04-24 15:28:20,684 [INFO] EPISODE 184, LOSS 3.5249826908111572
"2023-04-24 15:28:20,740 [INFO] LOSS FUNCTION PLOTTED at ./fig/0424_0325PMloss.png
"2023-04-24 15:28:21,695 [INFO] EPISODE 185, LOSS 0.8363561630249023
"2023-04-24 15:28:21,747 [INFO] LOSS FUNCTION PLOTTED at ./fig/0424_0325PMloss.png
"2023-04-24 15:28:22,713 [INFO] EPISODE 186, LOSS 7.010612487792969
"2023-04-24 15:28:22,811 [INFO] LOSS FUNCTION PLOTTED at ./fig/0424_0325PMloss.png
"2023-04-24 15:28:23,777 [INFO] EPISODE 187, LOSS 1.4948819875717163
"2023-04-24 15:28:23,827 [INFO] LOSS FUNCTION PLOTTED at ./fig/0424_0325PMloss.png
"2023-04-24 15:28:24,773 [INFO] EPISODE 188, LOSS 2.650832414627075
"2023-04-24 15:28:24,822 [INFO] LOSS FUNCTION PLOTTED at ./fig/0424_0325PMloss.png
"2023-04-24 15:28:25,792 [INFO] EPISODE 189, LOSS 3.6000819206237793
"2023-04-24 15:28:25,844 [INFO] LOSS FUNCTION PLOTTED at ./fig/0424_0325PMloss.png
"2023-04-24 15:28:26,824 [INFO] EPISODE 190, LOSS 2.186046600341797
"2023-04-24 15:28:26,878 [INFO] LOSS FUNCTION PLOTTED at ./fig/0424_0325PMloss.png
"2023-04-24 15:28:27,843 [INFO] EPISODE 191, LOSS 2.9627318382263184
"2023-04-24 15:28:27,896 [INFO] LOSS FUNCTION PLOTTED at ./fig/0424_0325PMloss.png
"2023-04-24 15:28:28,877 [INFO] EPISODE 192, LOSS 1.8950026035308838
"2023-04-24 15:28:28,932 [INFO] LOSS FUNCTION PLOTTED at ./fig/0424_0325PMloss.png
"2023-04-24 15:28:29,918 [INFO] EPISODE 193, LOSS 0.9350717067718506
"2023-04-24 15:28:29,969 [INFO] LOSS FUNCTION PLOTTED at ./fig/0424_0325PMloss.png
"2023-04-24 15:28:30,940 [INFO] EPISODE 194, LOSS 1.8220090866088867
"2023-04-24 15:28:30,993 [INFO] LOSS FUNCTION PLOTTED at ./fig/0424_0325PMloss.png
"2023-04-24 15:28:31,978 [INFO] EPISODE 195, LOSS 26.13399314880371
"2023-04-24 15:28:32,031 [INFO] LOSS FUNCTION PLOTTED at ./fig/0424_0325PMloss.png
"2023-04-24 15:28:32,991 [INFO] EPISODE 196, LOSS 1.171668529510498
"2023-04-24 15:28:33,045 [INFO] LOSS FUNCTION PLOTTED at ./fig/0424_0325PMloss.png
"2023-04-24 15:28:34,015 [INFO] EPISODE 197, LOSS 3.6220850944519043
"2023-04-24 15:28:34,066 [INFO] LOSS FUNCTION PLOTTED at ./fig/0424_0325PMloss.png
"2023-04-24 15:28:34,984 [INFO] EPISODE 198, LOSS 3.1424214839935303
"2023-04-24 15:28:35,038 [INFO] LOSS FUNCTION PLOTTED at ./fig/0424_0325PMloss.png
"2023-04-24 15:28:36,016 [INFO] EPISODE 199, LOSS 2.3918144702911377
"2023-04-24 15:28:36,070 [INFO] LOSS FUNCTION PLOTTED at ./fig/0424_0325PMloss.png
"2023-04-24 15:28:37,030 [INFO] EPISODE 200, LOSS 1.256858229637146
"2023-04-24 15:28:37,086 [INFO] LOSS FUNCTION PLOTTED at ./fig/0424_0325PMloss.png
"2023-04-24 15:28:38,065 [INFO] EPISODE 201, LOSS 7.144476413726807
"2023-04-24 15:28:38,118 [INFO] LOSS FUNCTION PLOTTED at ./fig/0424_0325PMloss.png
"2023-04-24 15:28:39,093 [INFO] EPISODE 202, LOSS 3.3317625522613525
"2023-04-24 15:28:39,205 [INFO] LOSS FUNCTION PLOTTED at ./fig/0424_0325PMloss.png
"2023-04-24 15:28:40,181 [INFO] EPISODE 203, LOSS 4.349664688110352
"2023-04-24 15:28:40,234 [INFO] LOSS FUNCTION PLOTTED at ./fig/0424_0325PMloss.png
"2023-04-24 15:28:41,153 [INFO] EPISODE 204, LOSS 5.464486598968506
"2023-04-24 15:28:41,205 [INFO] LOSS FUNCTION PLOTTED at ./fig/0424_0325PMloss.png
"2023-04-24 15:28:42,153 [INFO] EPISODE 205, LOSS 1.7956821918487549
"2023-04-24 15:28:42,200 [INFO] LOSS FUNCTION PLOTTED at ./fig/0424_0325PMloss.png
"2023-04-24 15:28:43,176 [INFO] EPISODE 206, LOSS 0.7720775604248047
"2023-04-24 15:28:43,226 [INFO] LOSS FUNCTION PLOTTED at ./fig/0424_0325PMloss.png
"2023-04-24 15:28:44,180 [INFO] EPISODE 207, LOSS 2.3965907096862793
"2023-04-24 15:28:44,229 [INFO] LOSS FUNCTION PLOTTED at ./fig/0424_0325PMloss.png
"2023-04-24 15:28:45,206 [INFO] EPISODE 208, LOSS 2.1907293796539307
"2023-04-24 15:28:45,254 [INFO] LOSS FUNCTION PLOTTED at ./fig/0424_0325PMloss.png
"2023-04-24 15:28:46,234 [INFO] EPISODE 209, LOSS 2.493135929107666
"2023-04-24 15:28:46,286 [INFO] LOSS FUNCTION PLOTTED at ./fig/0424_0325PMloss.png
"2023-04-24 15:28:47,240 [INFO] EPISODE 210, LOSS 1.811673641204834
"2023-04-24 15:28:47,289 [INFO] LOSS FUNCTION PLOTTED at ./fig/0424_0325PMloss.png
"2023-04-24 15:28:48,254 [INFO] EPISODE 211, LOSS 2.696741819381714
"2023-04-24 15:28:48,303 [INFO] LOSS FUNCTION PLOTTED at ./fig/0424_0325PMloss.png
"2023-04-24 15:28:49,260 [INFO] EPISODE 212, LOSS 1.237115502357483
"2023-04-24 15:28:49,310 [INFO] LOSS FUNCTION PLOTTED at ./fig/0424_0325PMloss.png
"2023-04-24 15:28:50,280 [INFO] EPISODE 213, LOSS 1.0819709300994873
"2023-04-24 15:28:50,328 [INFO] LOSS FUNCTION PLOTTED at ./fig/0424_0325PMloss.png
"2023-04-24 15:28:51,259 [INFO] EPISODE 214, LOSS 1.2511425018310547
"2023-04-24 15:28:51,307 [INFO] LOSS FUNCTION PLOTTED at ./fig/0424_0325PMloss.png
"2023-04-24 15:28:52,280 [INFO] EPISODE 215, LOSS 1.3592355251312256
"2023-04-24 15:28:52,333 [INFO] LOSS FUNCTION PLOTTED at ./fig/0424_0325PMloss.png
"2023-04-24 15:28:53,290 [INFO] EPISODE 216, LOSS 1.2979726791381836
"2023-04-24 15:28:53,340 [INFO] LOSS FUNCTION PLOTTED at ./fig/0424_0325PMloss.png
"2023-04-24 15:28:54,311 [INFO] EPISODE 217, LOSS 1.7688509225845337
"2023-04-24 15:28:54,360 [INFO] LOSS FUNCTION PLOTTED at ./fig/0424_0325PMloss.png
"2023-04-24 15:28:55,308 [INFO] EPISODE 218, LOSS 2.1312925815582275
"2023-04-24 15:28:55,358 [INFO] LOSS FUNCTION PLOTTED at ./fig/0424_0325PMloss.png
"2023-04-24 15:28:56,283 [INFO] EPISODE 219, LOSS 1.3244131803512573
"2023-04-24 15:28:56,385 [INFO] LOSS FUNCTION PLOTTED at ./fig/0424_0325PMloss.png
"2023-04-24 15:28:57,337 [INFO] EPISODE 220, LOSS 1.4357365369796753
"2023-04-24 15:28:57,384 [INFO] LOSS FUNCTION PLOTTED at ./fig/0424_0325PMloss.png
"2023-04-24 15:28:58,339 [INFO] EPISODE 221, LOSS 1.8293514251708984
"2023-04-24 15:28:58,392 [INFO] LOSS FUNCTION PLOTTED at ./fig/0424_0325PMloss.png
"2023-04-24 15:28:59,366 [INFO] EPISODE 222, LOSS 3.6648054122924805
"2023-04-24 15:28:59,416 [INFO] LOSS FUNCTION PLOTTED at ./fig/0424_0325PMloss.png
"2023-04-24 15:29:00,369 [INFO] EPISODE 223, LOSS 0.960271954536438
"2023-04-24 15:29:00,418 [INFO] LOSS FUNCTION PLOTTED at ./fig/0424_0325PMloss.png
"2023-04-24 15:29:01,384 [INFO] EPISODE 224, LOSS 3.7594375610351562
"2023-04-24 15:29:01,431 [INFO] LOSS FUNCTION PLOTTED at ./fig/0424_0325PMloss.png
"2023-04-24 15:29:02,407 [INFO] EPISODE 225, LOSS 2.7744688987731934
"2023-04-24 15:29:02,455 [INFO] LOSS FUNCTION PLOTTED at ./fig/0424_0325PMloss.png
"2023-04-24 15:29:03,408 [INFO] EPISODE 226, LOSS 1.4116462469100952
"2023-04-24 15:29:03,463 [INFO] LOSS FUNCTION PLOTTED at ./fig/0424_0325PMloss.png
"2023-04-24 15:29:04,442 [INFO] EPISODE 227, LOSS 4.636723041534424
"2023-04-24 15:29:04,494 [INFO] LOSS FUNCTION PLOTTED at ./fig/0424_0325PMloss.png
"2023-04-24 15:29:05,458 [INFO] EPISODE 228, LOSS 3.8338329792022705
"2023-04-24 15:29:05,506 [INFO] LOSS FUNCTION PLOTTED at ./fig/0424_0325PMloss.png
"2023-04-24 15:29:06,476 [INFO] EPISODE 229, LOSS 1.563937783241272
"2023-04-24 15:29:06,524 [INFO] LOSS FUNCTION PLOTTED at ./fig/0424_0325PMloss.png
"2023-04-24 15:29:07,496 [INFO] EPISODE 230, LOSS 1.551038384437561
"2023-04-24 15:29:07,546 [INFO] LOSS FUNCTION PLOTTED at ./fig/0424_0325PMloss.png
"2023-04-24 15:29:08,494 [INFO] EPISODE 231, LOSS 1.6760149002075195
"2023-04-24 15:29:08,546 [INFO] LOSS FUNCTION PLOTTED at ./fig/0424_0325PMloss.png
"2023-04-24 15:29:09,504 [INFO] EPISODE 232, LOSS 4.350865840911865
"2023-04-24 15:29:09,553 [INFO] LOSS FUNCTION PLOTTED at ./fig/0424_0325PMloss.png
"2023-04-24 15:29:10,484 [INFO] EPISODE 233, LOSS 1.2937703132629395
"2023-04-24 15:29:10,533 [INFO] LOSS FUNCTION PLOTTED at ./fig/0424_0325PMloss.png
"2023-04-24 15:29:11,486 [INFO] EPISODE 234, LOSS 3.1443727016448975
"2023-04-24 15:29:11,542 [INFO] LOSS FUNCTION PLOTTED at ./fig/0424_0325PMloss.png
"2023-04-24 15:29:12,498 [INFO] EPISODE 235, LOSS 1.7849539518356323
"2023-04-24 15:29:12,550 [INFO] LOSS FUNCTION PLOTTED at ./fig/0424_0325PMloss.png
"2023-04-24 15:29:13,467 [INFO] EPISODE 236, LOSS 3.3543949127197266
"2023-04-24 15:29:13,519 [INFO] LOSS FUNCTION PLOTTED at ./fig/0424_0325PMloss.png
"2023-04-24 15:29:14,469 [INFO] EPISODE 237, LOSS 2.39882493019104
"2023-04-24 15:29:14,518 [INFO] LOSS FUNCTION PLOTTED at ./fig/0424_0325PMloss.png
"2023-04-24 15:29:15,454 [INFO] EPISODE 238, LOSS 1.6182981729507446
"2023-04-24 15:29:15,548 [INFO] LOSS FUNCTION PLOTTED at ./fig/0424_0325PMloss.png
"2023-04-24 15:29:16,516 [INFO] EPISODE 239, LOSS 1.6535353660583496
"2023-04-24 15:29:16,565 [INFO] LOSS FUNCTION PLOTTED at ./fig/0424_0325PMloss.png
"2023-04-24 15:29:17,512 [INFO] EPISODE 240, LOSS 0.9429489970207214
"2023-04-24 15:29:17,560 [INFO] LOSS FUNCTION PLOTTED at ./fig/0424_0325PMloss.png
"2023-04-24 15:29:18,516 [INFO] EPISODE 241, LOSS 2.070260763168335
"2023-04-24 15:29:18,566 [INFO] LOSS FUNCTION PLOTTED at ./fig/0424_0325PMloss.png
"2023-04-24 15:29:19,516 [INFO] EPISODE 242, LOSS 1.0240623950958252
"2023-04-24 15:29:19,569 [INFO] LOSS FUNCTION PLOTTED at ./fig/0424_0325PMloss.png
"2023-04-24 15:29:20,558 [INFO] EPISODE 243, LOSS 3.067678213119507
"2023-04-24 15:29:20,611 [INFO] LOSS FUNCTION PLOTTED at ./fig/0424_0325PMloss.png
"2023-04-24 15:29:21,536 [INFO] EPISODE 244, LOSS 3.0044116973876953
"2023-04-24 15:29:21,586 [INFO] LOSS FUNCTION PLOTTED at ./fig/0424_0325PMloss.png
"2023-04-24 15:29:22,632 [INFO] EPISODE 245, LOSS 0.9934282898902893
"2023-04-24 15:29:22,685 [INFO] LOSS FUNCTION PLOTTED at ./fig/0424_0325PMloss.png
"2023-04-24 15:29:23,664 [INFO] EPISODE 246, LOSS 1.6259441375732422
"2023-04-24 15:29:23,720 [INFO] LOSS FUNCTION PLOTTED at ./fig/0424_0325PMloss.png
"2023-04-24 15:29:24,736 [INFO] EPISODE 247, LOSS 3.0589921474456787
"2023-04-24 15:29:24,787 [INFO] LOSS FUNCTION PLOTTED at ./fig/0424_0325PMloss.png
"2023-04-24 15:29:25,763 [INFO] EPISODE 248, LOSS 1.5286552906036377
"2023-04-24 15:29:25,818 [INFO] LOSS FUNCTION PLOTTED at ./fig/0424_0325PMloss.png
"2023-04-24 15:29:26,755 [INFO] EPISODE 249, LOSS 1.1629656553268433
"2023-04-24 15:29:26,804 [INFO] LOSS FUNCTION PLOTTED at ./fig/0424_0325PMloss.png
"2023-04-24 15:29:27,708 [INFO] EPISODE 250, LOSS 2.9530651569366455
"2023-04-24 15:29:27,760 [INFO] LOSS FUNCTION PLOTTED at ./fig/0424_0325PMloss.png
"2023-04-24 15:29:28,671 [INFO] EPISODE 251, LOSS 2.8532612323760986
"2023-04-24 15:29:28,721 [INFO] LOSS FUNCTION PLOTTED at ./fig/0424_0325PMloss.png
"2023-04-24 15:29:29,670 [INFO] EPISODE 252, LOSS 1.604152798652649
"2023-04-24 15:29:29,719 [INFO] LOSS FUNCTION PLOTTED at ./fig/0424_0325PMloss.png
"2023-04-24 15:29:30,673 [INFO] EPISODE 253, LOSS 1.65150785446167
"2023-04-24 15:29:30,723 [INFO] LOSS FUNCTION PLOTTED at ./fig/0424_0325PMloss.png
"2023-04-24 15:29:31,681 [INFO] EPISODE 254, LOSS 2.118717670440674
"2023-04-24 15:29:31,733 [INFO] LOSS FUNCTION PLOTTED at ./fig/0424_0325PMloss.png
"2023-04-24 15:29:32,712 [INFO] EPISODE 255, LOSS 1.1709412336349487
"2023-04-24 15:29:32,766 [INFO] LOSS FUNCTION PLOTTED at ./fig/0424_0325PMloss.png
"2023-04-24 15:29:33,745 [INFO] EPISODE 256, LOSS 2.494494915008545
"2023-04-24 15:29:33,796 [INFO] LOSS FUNCTION PLOTTED at ./fig/0424_0325PMloss.png
"2023-04-24 15:29:34,744 [INFO] EPISODE 257, LOSS 2.3797738552093506
"2023-04-24 15:29:34,843 [INFO] LOSS FUNCTION PLOTTED at ./fig/0424_0325PMloss.png
"2023-04-24 15:29:35,809 [INFO] EPISODE 258, LOSS 1.2272443771362305
"2023-04-24 15:29:35,864 [INFO] LOSS FUNCTION PLOTTED at ./fig/0424_0325PMloss.png
"2023-04-24 15:29:36,849 [INFO] EPISODE 259, LOSS 2.4913697242736816
"2023-04-24 15:29:36,899 [INFO] LOSS FUNCTION PLOTTED at ./fig/0424_0325PMloss.png
"2023-04-24 15:29:37,869 [INFO] EPISODE 260, LOSS 1.6031397581100464
"2023-04-24 15:29:37,925 [INFO] LOSS FUNCTION PLOTTED at ./fig/0424_0325PMloss.png
"2023-04-24 15:29:38,906 [INFO] EPISODE 261, LOSS 2.2269837856292725
"2023-04-24 15:29:38,956 [INFO] LOSS FUNCTION PLOTTED at ./fig/0424_0325PMloss.png
"2023-04-24 15:29:39,932 [INFO] EPISODE 262, LOSS 1.472387671470642
"2023-04-24 15:29:39,981 [INFO] LOSS FUNCTION PLOTTED at ./fig/0424_0325PMloss.png
"2023-04-24 15:29:40,947 [INFO] EPISODE 263, LOSS 3.258312702178955
"2023-04-24 15:29:40,995 [INFO] LOSS FUNCTION PLOTTED at ./fig/0424_0325PMloss.png
"2023-04-24 15:29:41,937 [INFO] EPISODE 264, LOSS 2.136951208114624
"2023-04-24 15:29:41,985 [INFO] LOSS FUNCTION PLOTTED at ./fig/0424_0325PMloss.png
"2023-04-24 15:29:42,946 [INFO] EPISODE 265, LOSS 3.8394687175750732
"2023-04-24 15:29:42,996 [INFO] LOSS FUNCTION PLOTTED at ./fig/0424_0325PMloss.png
"2023-04-24 15:29:43,947 [INFO] EPISODE 266, LOSS 2.2058610916137695
"2023-04-24 15:29:43,997 [INFO] LOSS FUNCTION PLOTTED at ./fig/0424_0325PMloss.png
"2023-04-24 15:29:44,939 [INFO] EPISODE 267, LOSS 1.704301357269287
"2023-04-24 15:29:44,989 [INFO] LOSS FUNCTION PLOTTED at ./fig/0424_0325PMloss.png
"2023-04-24 15:29:45,952 [INFO] EPISODE 268, LOSS 2.4840431213378906
"2023-04-24 15:29:46,001 [INFO] LOSS FUNCTION PLOTTED at ./fig/0424_0325PMloss.png
"2023-04-24 15:29:46,961 [INFO] EPISODE 269, LOSS 1.4449615478515625
"2023-04-24 15:29:47,011 [INFO] LOSS FUNCTION PLOTTED at ./fig/0424_0325PMloss.png
"2023-04-24 15:29:47,975 [INFO] EPISODE 270, LOSS 0.6413381099700928
"2023-04-24 15:29:48,027 [INFO] LOSS FUNCTION PLOTTED at ./fig/0424_0325PMloss.png
"2023-04-24 15:29:48,988 [INFO] EPISODE 271, LOSS 2.4084393978118896
"2023-04-24 15:29:49,039 [INFO] LOSS FUNCTION PLOTTED at ./fig/0424_0325PMloss.png
"2023-04-24 15:29:50,028 [INFO] EPISODE 272, LOSS 3.094832420349121
"2023-04-24 15:29:50,078 [INFO] LOSS FUNCTION PLOTTED at ./fig/0424_0325PMloss.png
"2023-04-24 15:29:51,046 [INFO] EPISODE 273, LOSS 2.68757700920105
"2023-04-24 15:29:51,098 [INFO] LOSS FUNCTION PLOTTED at ./fig/0424_0325PMloss.png
"2023-04-24 15:29:52,072 [INFO] EPISODE 274, LOSS 1.7592607736587524
"2023-04-24 15:29:52,122 [INFO] LOSS FUNCTION PLOTTED at ./fig/0424_0325PMloss.png
"2023-04-24 15:29:53,090 [INFO] EPISODE 275, LOSS 2.5464327335357666
"2023-04-24 15:29:53,139 [INFO] LOSS FUNCTION PLOTTED at ./fig/0424_0325PMloss.png
"2023-04-24 15:29:54,117 [INFO] EPISODE 276, LOSS 1.1927062273025513
"2023-04-24 15:29:54,169 [INFO] LOSS FUNCTION PLOTTED at ./fig/0424_0325PMloss.png
"2023-04-24 15:29:55,129 [INFO] EPISODE 277, LOSS 3.4495739936828613
"2023-04-24 15:29:55,231 [INFO] LOSS FUNCTION PLOTTED at ./fig/0424_0325PMloss.png
"2023-04-24 15:29:56,194 [INFO] EPISODE 278, LOSS 1.2337757349014282
"2023-04-24 15:29:56,246 [INFO] LOSS FUNCTION PLOTTED at ./fig/0424_0325PMloss.png
"2023-04-24 15:29:57,202 [INFO] EPISODE 279, LOSS 2.7704312801361084
"2023-04-24 15:29:57,252 [INFO] LOSS FUNCTION PLOTTED at ./fig/0424_0325PMloss.png
"2023-04-24 15:29:58,131 [INFO] EPISODE 280, LOSS 1.9361761808395386
"2023-04-24 15:29:58,186 [INFO] LOSS FUNCTION PLOTTED at ./fig/0424_0325PMloss.png
"2023-04-24 15:29:59,117 [INFO] EPISODE 281, LOSS 1.3538062572479248
"2023-04-24 15:29:59,172 [INFO] LOSS FUNCTION PLOTTED at ./fig/0424_0325PMloss.png
"2023-04-24 15:30:00,141 [INFO] EPISODE 282, LOSS 5.252984046936035
"2023-04-24 15:30:00,194 [INFO] LOSS FUNCTION PLOTTED at ./fig/0424_0325PMloss.png
"2023-04-24 15:30:01,201 [INFO] EPISODE 283, LOSS 4.949907302856445
"2023-04-24 15:30:01,254 [INFO] LOSS FUNCTION PLOTTED at ./fig/0424_0325PMloss.png
"2023-04-24 15:30:02,241 [INFO] EPISODE 284, LOSS 1.4294512271881104
"2023-04-24 15:30:02,295 [INFO] LOSS FUNCTION PLOTTED at ./fig/0424_0325PMloss.png
"2023-04-24 15:30:03,255 [INFO] EPISODE 285, LOSS 3.8094167709350586
"2023-04-24 15:30:03,307 [INFO] LOSS FUNCTION PLOTTED at ./fig/0424_0325PMloss.png
"2023-04-24 15:30:04,292 [INFO] EPISODE 286, LOSS 1.4385937452316284
"2023-04-24 15:30:04,344 [INFO] LOSS FUNCTION PLOTTED at ./fig/0424_0325PMloss.png
"2023-04-24 15:30:05,317 [INFO] EPISODE 287, LOSS 5.732326984405518
"2023-04-24 15:30:05,369 [INFO] LOSS FUNCTION PLOTTED at ./fig/0424_0325PMloss.png
"2023-04-24 15:30:06,286 [INFO] EPISODE 288, LOSS 2.301727771759033
"2023-04-24 15:30:06,338 [INFO] LOSS FUNCTION PLOTTED at ./fig/0424_0325PMloss.png
"2023-04-24 15:30:07,303 [INFO] EPISODE 289, LOSS 2.837750196456909
"2023-04-24 15:30:07,354 [INFO] LOSS FUNCTION PLOTTED at ./fig/0424_0325PMloss.png
"2023-04-24 15:30:08,297 [INFO] EPISODE 290, LOSS 3.7756528854370117
"2023-04-24 15:30:08,346 [INFO] LOSS FUNCTION PLOTTED at ./fig/0424_0325PMloss.png
"2023-04-24 15:30:09,299 [INFO] EPISODE 291, LOSS 2.5807111263275146
"2023-04-24 15:30:09,353 [INFO] LOSS FUNCTION PLOTTED at ./fig/0424_0325PMloss.png
"2023-04-24 15:30:10,318 [INFO] EPISODE 292, LOSS 2.3979978561401367
"2023-04-24 15:30:10,369 [INFO] LOSS FUNCTION PLOTTED at ./fig/0424_0325PMloss.png
"2023-04-24 15:30:11,345 [INFO] EPISODE 293, LOSS 3.5744709968566895
"2023-04-24 15:30:11,405 [INFO] LOSS FUNCTION PLOTTED at ./fig/0424_0325PMloss.png
"2023-04-24 15:30:12,378 [INFO] EPISODE 294, LOSS 1.573317050933838
"2023-04-24 15:30:12,429 [INFO] LOSS FUNCTION PLOTTED at ./fig/0424_0325PMloss.png
"2023-04-24 15:30:13,410 [INFO] EPISODE 295, LOSS 1.9587931632995605
"2023-04-24 15:30:13,462 [INFO] LOSS FUNCTION PLOTTED at ./fig/0424_0325PMloss.png
"2023-04-24 15:30:14,423 [INFO] EPISODE 296, LOSS 1.0696532726287842
"2023-04-24 15:30:14,521 [INFO] LOSS FUNCTION PLOTTED at ./fig/0424_0325PMloss.png
"2023-04-24 15:30:15,490 [INFO] EPISODE 297, LOSS 2.594118595123291
"2023-04-24 15:30:15,541 [INFO] LOSS FUNCTION PLOTTED at ./fig/0424_0325PMloss.png
"2023-04-24 15:30:16,464 [INFO] EPISODE 298, LOSS 2.655240297317505
"2023-04-24 15:30:16,516 [INFO] LOSS FUNCTION PLOTTED at ./fig/0424_0325PMloss.png
"2023-04-24 15:30:17,480 [INFO] EPISODE 299, LOSS 1.2910804748535156
"2023-04-24 15:30:17,531 [INFO] LOSS FUNCTION PLOTTED at ./fig/0424_0325PMloss.png
"2023-04-24 15:30:18,511 [INFO] EPISODE 300, LOSS 4.168874263763428
"2023-04-24 15:30:18,563 [INFO] LOSS FUNCTION PLOTTED at ./fig/0424_0325PMloss.png
"2023-04-24 15:30:19,540 [INFO] EPISODE 301, LOSS 2.3823909759521484
"2023-04-24 15:30:19,592 [INFO] LOSS FUNCTION PLOTTED at ./fig/0424_0325PMloss.png
"2023-04-24 15:30:20,578 [INFO] EPISODE 302, LOSS 1.4990954399108887
"2023-04-24 15:30:20,630 [INFO] LOSS FUNCTION PLOTTED at ./fig/0424_0325PMloss.png
"2023-04-24 15:30:21,609 [INFO] EPISODE 303, LOSS 1.9163738489151
"2023-04-24 15:30:21,660 [INFO] LOSS FUNCTION PLOTTED at ./fig/0424_0325PMloss.png
"2023-04-24 15:30:22,632 [INFO] EPISODE 304, LOSS 2.2832117080688477
"2023-04-24 15:30:22,685 [INFO] LOSS FUNCTION PLOTTED at ./fig/0424_0325PMloss.png
"2023-04-24 15:30:23,670 [INFO] EPISODE 305, LOSS 1.817233920097351
"2023-04-24 15:30:23,721 [INFO] LOSS FUNCTION PLOTTED at ./fig/0424_0325PMloss.png
"2023-04-24 15:30:24,687 [INFO] EPISODE 306, LOSS 1.002407431602478
"2023-04-24 15:30:24,747 [INFO] LOSS FUNCTION PLOTTED at ./fig/0424_0325PMloss.png
"2023-04-24 15:30:25,712 [INFO] EPISODE 307, LOSS 1.232287049293518
"2023-04-24 15:30:25,763 [INFO] LOSS FUNCTION PLOTTED at ./fig/0424_0325PMloss.png
"2023-04-24 15:30:26,720 [INFO] EPISODE 308, LOSS 3.076101064682007
"2023-04-24 15:30:26,774 [INFO] LOSS FUNCTION PLOTTED at ./fig/0424_0325PMloss.png
"2023-04-24 15:30:27,732 [INFO] EPISODE 309, LOSS 1.2429656982421875
"2023-04-24 15:30:27,782 [INFO] LOSS FUNCTION PLOTTED at ./fig/0424_0325PMloss.png
"2023-04-24 15:30:28,756 [INFO] EPISODE 310, LOSS 1.4368975162506104
"2023-04-24 15:30:28,808 [INFO] LOSS FUNCTION PLOTTED at ./fig/0424_0325PMloss.png
"2023-04-24 15:30:29,781 [INFO] EPISODE 311, LOSS 2.912367105484009
"2023-04-24 15:30:29,834 [INFO] LOSS FUNCTION PLOTTED at ./fig/0424_0325PMloss.png
"2023-04-24 15:30:30,790 [INFO] EPISODE 312, LOSS 1.7046444416046143
"2023-04-24 15:30:30,841 [INFO] LOSS FUNCTION PLOTTED at ./fig/0424_0325PMloss.png
"2023-04-24 15:30:31,823 [INFO] EPISODE 313, LOSS 1.7122375965118408
"2023-04-24 15:30:31,923 [INFO] LOSS FUNCTION PLOTTED at ./fig/0424_0325PMloss.png
"2023-04-24 15:30:32,833 [INFO] EPISODE 314, LOSS 4.762752532958984
"2023-04-24 15:30:32,883 [INFO] LOSS FUNCTION PLOTTED at ./fig/0424_0325PMloss.png
"2023-04-24 15:30:33,866 [INFO] EPISODE 315, LOSS 2.5665578842163086
"2023-04-24 15:30:33,919 [INFO] LOSS FUNCTION PLOTTED at ./fig/0424_0325PMloss.png
"2023-04-24 15:30:34,893 [INFO] EPISODE 316, LOSS 2.962794303894043
"2023-04-24 15:30:34,942 [INFO] LOSS FUNCTION PLOTTED at ./fig/0424_0325PMloss.png
"2023-04-24 15:30:35,895 [INFO] EPISODE 317, LOSS 3.238914728164673
"2023-04-24 15:30:35,944 [INFO] LOSS FUNCTION PLOTTED at ./fig/0424_0325PMloss.png
"2023-04-24 15:30:36,823 [INFO] EPISODE 318, LOSS 4.323616981506348
"2023-04-24 15:30:36,873 [INFO] LOSS FUNCTION PLOTTED at ./fig/0424_0325PMloss.png
"2023-04-24 15:30:37,847 [INFO] EPISODE 319, LOSS 1.6353946924209595
"2023-04-24 15:30:37,897 [INFO] LOSS FUNCTION PLOTTED at ./fig/0424_0325PMloss.png
"2023-04-24 15:30:38,875 [INFO] EPISODE 320, LOSS 2.134279251098633
"2023-04-24 15:30:38,931 [INFO] LOSS FUNCTION PLOTTED at ./fig/0424_0325PMloss.png
"2023-04-24 15:30:39,902 [INFO] EPISODE 321, LOSS 3.6806395053863525
"2023-04-24 15:30:39,953 [INFO] LOSS FUNCTION PLOTTED at ./fig/0424_0325PMloss.png
"2023-04-24 15:30:40,913 [INFO] EPISODE 322, LOSS 0.7804574370384216
"2023-04-24 15:30:40,963 [INFO] LOSS FUNCTION PLOTTED at ./fig/0424_0325PMloss.png
"2023-04-24 15:30:41,934 [INFO] EPISODE 323, LOSS 4.003426551818848
"2023-04-24 15:30:41,983 [INFO] LOSS FUNCTION PLOTTED at ./fig/0424_0325PMloss.png
"2023-04-24 15:30:42,905 [INFO] EPISODE 324, LOSS 2.4857051372528076
"2023-04-24 15:30:42,954 [INFO] LOSS FUNCTION PLOTTED at ./fig/0424_0325PMloss.png
"2023-04-24 15:30:43,942 [INFO] EPISODE 325, LOSS 0.9857388734817505
"2023-04-24 15:30:43,995 [INFO] LOSS FUNCTION PLOTTED at ./fig/0424_0325PMloss.png
"2023-04-24 15:30:44,977 [INFO] EPISODE 326, LOSS 1.6947236061096191
"2023-04-24 15:30:45,031 [INFO] LOSS FUNCTION PLOTTED at ./fig/0424_0325PMloss.png
"2023-04-24 15:30:45,964 [INFO] EPISODE 327, LOSS 1.274688482284546
"2023-04-24 15:30:46,016 [INFO] LOSS FUNCTION PLOTTED at ./fig/0424_0325PMloss.png
"2023-04-24 15:30:46,960 [INFO] EPISODE 328, LOSS 1.46065354347229
"2023-04-24 15:30:47,010 [INFO] LOSS FUNCTION PLOTTED at ./fig/0424_0325PMloss.png
"2023-04-24 15:30:47,993 [INFO] EPISODE 329, LOSS 1.9020084142684937
"2023-04-24 15:30:48,056 [INFO] LOSS FUNCTION PLOTTED at ./fig/0424_0325PMloss.png
"2023-04-24 15:30:49,044 [INFO] EPISODE 330, LOSS 3.632680892944336
"2023-04-24 15:30:49,097 [INFO] LOSS FUNCTION PLOTTED at ./fig/0424_0325PMloss.png
"2023-04-24 15:30:50,090 [INFO] EPISODE 331, LOSS 6.318868160247803
"2023-04-24 15:30:50,140 [INFO] LOSS FUNCTION PLOTTED at ./fig/0424_0325PMloss.png
"2023-04-24 15:30:51,123 [INFO] EPISODE 332, LOSS 2.2376904487609863
"2023-04-24 15:30:51,219 [INFO] LOSS FUNCTION PLOTTED at ./fig/0424_0325PMloss.png
"2023-04-24 15:30:52,233 [INFO] EPISODE 333, LOSS 1.563238501548767
"2023-04-24 15:30:52,282 [INFO] LOSS FUNCTION PLOTTED at ./fig/0424_0325PMloss.png
"2023-04-24 15:30:53,253 [INFO] EPISODE 334, LOSS 1.0730453729629517
"2023-04-24 15:30:53,304 [INFO] LOSS FUNCTION PLOTTED at ./fig/0424_0325PMloss.png
"2023-04-24 15:30:54,267 [INFO] EPISODE 335, LOSS 0.971036970615387
"2023-04-24 15:30:54,322 [INFO] LOSS FUNCTION PLOTTED at ./fig/0424_0325PMloss.png
"2023-04-24 15:30:55,304 [INFO] EPISODE 336, LOSS 1.6078892946243286
"2023-04-24 15:30:55,357 [INFO] LOSS FUNCTION PLOTTED at ./fig/0424_0325PMloss.png
"2023-04-24 15:30:56,340 [INFO] EPISODE 337, LOSS 3.2324206829071045
"2023-04-24 15:30:56,393 [INFO] LOSS FUNCTION PLOTTED at ./fig/0424_0325PMloss.png
"2023-04-24 15:30:57,363 [INFO] EPISODE 338, LOSS 2.1688857078552246
"2023-04-24 15:30:57,416 [INFO] LOSS FUNCTION PLOTTED at ./fig/0424_0325PMloss.png
"2023-04-24 15:30:58,385 [INFO] EPISODE 339, LOSS 2.1520516872406006
"2023-04-24 15:30:58,436 [INFO] LOSS FUNCTION PLOTTED at ./fig/0424_0325PMloss.png
"2023-04-24 15:30:59,408 [INFO] EPISODE 340, LOSS 1.4788202047348022
"2023-04-24 15:30:59,462 [INFO] LOSS FUNCTION PLOTTED at ./fig/0424_0325PMloss.png
"2023-04-24 15:31:00,469 [INFO] EPISODE 341, LOSS 1.023431658744812
"2023-04-24 15:31:00,524 [INFO] LOSS FUNCTION PLOTTED at ./fig/0424_0325PMloss.png
"2023-04-24 15:31:01,473 [INFO] EPISODE 342, LOSS 1.9132291078567505
"2023-04-24 15:31:01,526 [INFO] LOSS FUNCTION PLOTTED at ./fig/0424_0325PMloss.png
"2023-04-24 15:31:02,484 [INFO] EPISODE 343, LOSS 4.415627956390381
"2023-04-24 15:31:02,538 [INFO] LOSS FUNCTION PLOTTED at ./fig/0424_0325PMloss.png
"2023-04-24 15:31:03,522 [INFO] EPISODE 344, LOSS 2.50156831741333
"2023-04-24 15:31:03,574 [INFO] LOSS FUNCTION PLOTTED at ./fig/0424_0325PMloss.png
"2023-04-24 15:31:04,522 [INFO] EPISODE 345, LOSS 2.2309741973876953
"2023-04-24 15:31:04,575 [INFO] LOSS FUNCTION PLOTTED at ./fig/0424_0325PMloss.png
"2023-04-24 15:31:05,557 [INFO] EPISODE 346, LOSS 1.2670053243637085
"2023-04-24 15:31:05,610 [INFO] LOSS FUNCTION PLOTTED at ./fig/0424_0325PMloss.png
"2023-04-24 15:31:06,615 [INFO] EPISODE 347, LOSS 3.634214401245117
"2023-04-24 15:31:06,667 [INFO] LOSS FUNCTION PLOTTED at ./fig/0424_0325PMloss.png
"2023-04-24 15:31:07,641 [INFO] EPISODE 348, LOSS 2.014232873916626
"2023-04-24 15:31:07,696 [INFO] LOSS FUNCTION PLOTTED at ./fig/0424_0325PMloss.png
"2023-04-24 15:31:08,693 [INFO] EPISODE 349, LOSS 3.949099540710449
"2023-04-24 15:31:08,747 [INFO] LOSS FUNCTION PLOTTED at ./fig/0424_0325PMloss.png
"2023-04-24 15:31:09,726 [INFO] EPISODE 350, LOSS 2.258366584777832
"2023-04-24 15:31:09,824 [INFO] LOSS FUNCTION PLOTTED at ./fig/0424_0325PMloss.png
"2023-04-24 15:31:10,779 [INFO] EPISODE 351, LOSS 1.291182041168213
"2023-04-24 15:31:10,831 [INFO] LOSS FUNCTION PLOTTED at ./fig/0424_0325PMloss.png
"2023-04-24 15:31:11,792 [INFO] EPISODE 352, LOSS 3.8920164108276367
"2023-04-24 15:31:11,842 [INFO] LOSS FUNCTION PLOTTED at ./fig/0424_0325PMloss.png
"2023-04-24 15:31:12,825 [INFO] EPISODE 353, LOSS 2.4716989994049072
"2023-04-24 15:31:12,875 [INFO] LOSS FUNCTION PLOTTED at ./fig/0424_0325PMloss.png
"2023-04-24 15:31:13,839 [INFO] EPISODE 354, LOSS 1.5500950813293457
"2023-04-24 15:31:13,896 [INFO] LOSS FUNCTION PLOTTED at ./fig/0424_0325PMloss.png
"2023-04-24 15:31:14,864 [INFO] EPISODE 355, LOSS 1.8751016855239868
"2023-04-24 15:31:14,918 [INFO] LOSS FUNCTION PLOTTED at ./fig/0424_0325PMloss.png
"2023-04-24 15:31:15,904 [INFO] EPISODE 356, LOSS 1.8687896728515625
"2023-04-24 15:31:15,956 [INFO] LOSS FUNCTION PLOTTED at ./fig/0424_0325PMloss.png
"2023-04-24 15:31:16,895 [INFO] EPISODE 357, LOSS 1.3843454122543335
"2023-04-24 15:31:16,946 [INFO] LOSS FUNCTION PLOTTED at ./fig/0424_0325PMloss.png
"2023-04-24 15:31:17,923 [INFO] EPISODE 358, LOSS 0.9912354946136475
"2023-04-24 15:31:17,977 [INFO] LOSS FUNCTION PLOTTED at ./fig/0424_0325PMloss.png
"2023-04-24 15:31:18,936 [INFO] EPISODE 359, LOSS 0.8874405026435852
"2023-04-24 15:31:18,990 [INFO] LOSS FUNCTION PLOTTED at ./fig/0424_0325PMloss.png
"2023-04-24 15:31:19,958 [INFO] EPISODE 360, LOSS 0.4813802242279053
"2023-04-24 15:31:20,009 [INFO] LOSS FUNCTION PLOTTED at ./fig/0424_0325PMloss.png
"2023-04-24 15:31:20,931 [INFO] EPISODE 361, LOSS 1.328754186630249
"2023-04-24 15:31:20,984 [INFO] LOSS FUNCTION PLOTTED at ./fig/0424_0325PMloss.png
"2023-04-24 15:31:21,945 [INFO] EPISODE 362, LOSS 1.5231800079345703
"2023-04-24 15:31:21,999 [INFO] LOSS FUNCTION PLOTTED at ./fig/0424_0325PMloss.png
"2023-04-24 15:31:22,967 [INFO] EPISODE 363, LOSS 1.309414267539978
"2023-04-24 15:31:23,019 [INFO] LOSS FUNCTION PLOTTED at ./fig/0424_0325PMloss.png
"2023-04-24 15:31:23,992 [INFO] EPISODE 364, LOSS 0.982452929019928
"2023-04-24 15:31:24,045 [INFO] LOSS FUNCTION PLOTTED at ./fig/0424_0325PMloss.png
"2023-04-24 15:31:25,006 [INFO] EPISODE 365, LOSS 0.8951764702796936
"2023-04-24 15:31:25,057 [INFO] LOSS FUNCTION PLOTTED at ./fig/0424_0325PMloss.png
"2023-04-24 15:31:26,030 [INFO] EPISODE 366, LOSS 1.042368769645691
"2023-04-24 15:31:26,084 [INFO] LOSS FUNCTION PLOTTED at ./fig/0424_0325PMloss.png
"2023-04-24 15:31:27,031 [INFO] EPISODE 367, LOSS 1.5085961818695068
"2023-04-24 15:31:27,083 [INFO] LOSS FUNCTION PLOTTED at ./fig/0424_0325PMloss.png
"2023-04-24 15:31:28,038 [INFO] EPISODE 368, LOSS 1.8353097438812256
"2023-04-24 15:31:28,139 [INFO] LOSS FUNCTION PLOTTED at ./fig/0424_0325PMloss.png
"2023-04-24 15:31:29,121 [INFO] EPISODE 369, LOSS 4.0204758644104
"2023-04-24 15:31:29,174 [INFO] LOSS FUNCTION PLOTTED at ./fig/0424_0325PMloss.png
"2023-04-24 15:31:30,099 [INFO] EPISODE 370, LOSS 3.6165623664855957
"2023-04-24 15:31:30,149 [INFO] LOSS FUNCTION PLOTTED at ./fig/0424_0325PMloss.png
"2023-04-24 15:31:31,095 [INFO] EPISODE 371, LOSS 3.700462818145752
"2023-04-24 15:31:31,146 [INFO] LOSS FUNCTION PLOTTED at ./fig/0424_0325PMloss.png
"2023-04-24 15:31:32,098 [INFO] EPISODE 372, LOSS 2.6489129066467285
"2023-04-24 15:31:32,149 [INFO] LOSS FUNCTION PLOTTED at ./fig/0424_0325PMloss.png
"2023-04-24 15:31:33,109 [INFO] EPISODE 373, LOSS 2.1465070247650146
"2023-04-24 15:31:33,163 [INFO] LOSS FUNCTION PLOTTED at ./fig/0424_0325PMloss.png
"2023-04-24 15:31:34,139 [INFO] EPISODE 374, LOSS 2.7940900325775146
"2023-04-24 15:31:34,190 [INFO] LOSS FUNCTION PLOTTED at ./fig/0424_0325PMloss.png
"2023-04-24 15:31:35,161 [INFO] EPISODE 375, LOSS 1.6423969268798828
"2023-04-24 15:31:35,212 [INFO] LOSS FUNCTION PLOTTED at ./fig/0424_0325PMloss.png
"2023-04-24 15:31:36,176 [INFO] EPISODE 376, LOSS 2.1206319332122803
"2023-04-24 15:31:36,228 [INFO] LOSS FUNCTION PLOTTED at ./fig/0424_0325PMloss.png
"2023-04-24 15:31:37,181 [INFO] EPISODE 377, LOSS 3.656471014022827
"2023-04-24 15:31:37,235 [INFO] LOSS FUNCTION PLOTTED at ./fig/0424_0325PMloss.png
"2023-04-24 15:31:38,205 [INFO] EPISODE 378, LOSS 2.049940347671509
"2023-04-24 15:31:38,258 [INFO] LOSS FUNCTION PLOTTED at ./fig/0424_0325PMloss.png
"2023-04-24 15:31:39,225 [INFO] EPISODE 379, LOSS 1.4029388427734375
"2023-04-24 15:31:39,283 [INFO] LOSS FUNCTION PLOTTED at ./fig/0424_0325PMloss.png
"2023-04-24 15:31:40,278 [INFO] EPISODE 380, LOSS 2.0289340019226074
"2023-04-24 15:31:40,329 [INFO] LOSS FUNCTION PLOTTED at ./fig/0424_0325PMloss.png
"2023-04-24 15:31:41,327 [INFO] EPISODE 381, LOSS 1.9418976306915283
"2023-04-24 15:31:41,386 [INFO] LOSS FUNCTION PLOTTED at ./fig/0424_0325PMloss.png
"2023-04-24 15:31:42,342 [INFO] EPISODE 382, LOSS 4.901271820068359
"2023-04-24 15:31:42,395 [INFO] LOSS FUNCTION PLOTTED at ./fig/0424_0325PMloss.png
"2023-04-24 15:31:43,353 [INFO] EPISODE 383, LOSS 3.67409086227417
"2023-04-24 15:31:43,407 [INFO] LOSS FUNCTION PLOTTED at ./fig/0424_0325PMloss.png
"2023-04-24 15:31:44,359 [INFO] EPISODE 384, LOSS 0.5564083456993103
"2023-04-24 15:31:44,411 [INFO] LOSS FUNCTION PLOTTED at ./fig/0424_0325PMloss.png
"2023-04-24 15:31:45,371 [INFO] EPISODE 385, LOSS 1.0235188007354736
"2023-04-24 15:31:45,423 [INFO] LOSS FUNCTION PLOTTED at ./fig/0424_0325PMloss.png
"2023-04-24 15:31:46,386 [INFO] EPISODE 386, LOSS 2.5249853134155273
"2023-04-24 15:31:46,488 [INFO] LOSS FUNCTION PLOTTED at ./fig/0424_0325PMloss.png
"2023-04-24 15:31:47,461 [INFO] EPISODE 387, LOSS 3.7066190242767334
"2023-04-24 15:31:47,513 [INFO] LOSS FUNCTION PLOTTED at ./fig/0424_0325PMloss.png
"2023-04-24 15:31:48,486 [INFO] EPISODE 388, LOSS 3.2492947578430176
"2023-04-24 15:31:48,540 [INFO] LOSS FUNCTION PLOTTED at ./fig/0424_0325PMloss.png
"2023-04-24 15:31:49,490 [INFO] EPISODE 389, LOSS 2.0061182975769043
"2023-04-24 15:31:49,542 [INFO] LOSS FUNCTION PLOTTED at ./fig/0424_0325PMloss.png
"2023-04-24 15:31:50,500 [INFO] EPISODE 390, LOSS 1.1890078783035278
"2023-04-24 15:31:50,552 [INFO] LOSS FUNCTION PLOTTED at ./fig/0424_0325PMloss.png
"2023-04-24 15:31:51,517 [INFO] EPISODE 391, LOSS 1.5429433584213257
"2023-04-24 15:31:51,570 [INFO] LOSS FUNCTION PLOTTED at ./fig/0424_0325PMloss.png
"2023-04-24 15:31:52,523 [INFO] EPISODE 392, LOSS 1.5014328956604004
"2023-04-24 15:31:52,577 [INFO] LOSS FUNCTION PLOTTED at ./fig/0424_0325PMloss.png
"2023-04-24 15:31:53,549 [INFO] EPISODE 393, LOSS 2.72582745552063
"2023-04-24 15:31:53,604 [INFO] LOSS FUNCTION PLOTTED at ./fig/0424_0325PMloss.png
"2023-04-24 15:31:54,540 [INFO] EPISODE 394, LOSS 2.3421967029571533
"2023-04-24 15:31:54,591 [INFO] LOSS FUNCTION PLOTTED at ./fig/0424_0325PMloss.png
"2023-04-24 15:31:55,570 [INFO] EPISODE 395, LOSS 2.0646331310272217
"2023-04-24 15:31:55,628 [INFO] LOSS FUNCTION PLOTTED at ./fig/0424_0325PMloss.png
"2023-04-24 15:31:56,551 [INFO] EPISODE 396, LOSS 2.2497141361236572
"2023-04-24 15:31:56,604 [INFO] LOSS FUNCTION PLOTTED at ./fig/0424_0325PMloss.png
"2023-04-24 15:31:57,553 [INFO] EPISODE 397, LOSS 0.5741602182388306
"2023-04-24 15:31:57,606 [INFO] LOSS FUNCTION PLOTTED at ./fig/0424_0325PMloss.png
"2023-04-24 15:31:58,574 [INFO] EPISODE 398, LOSS 6.008058071136475
"2023-04-24 15:31:58,632 [INFO] LOSS FUNCTION PLOTTED at ./fig/0424_0325PMloss.png
"2023-04-24 15:31:59,572 [INFO] EPISODE 399, LOSS 1.0194753408432007
"2023-04-24 15:31:59,624 [INFO] LOSS FUNCTION PLOTTED at ./fig/0424_0325PMloss.png
"2023-04-24 15:32:00,580 [INFO] EPISODE 400, LOSS 0.641973078250885
"2023-04-24 15:32:00,632 [INFO] LOSS FUNCTION PLOTTED at ./fig/0424_0325PMloss.png
"2023-04-24 15:32:01,650 [INFO] EPISODE 401, LOSS 1.4598851203918457
"2023-04-24 15:32:01,703 [INFO] LOSS FUNCTION PLOTTED at ./fig/0424_0325PMloss.png
"2023-04-24 15:32:02,730 [INFO] EPISODE 402, LOSS 5.509413242340088
"2023-04-24 15:32:02,793 [INFO] LOSS FUNCTION PLOTTED at ./fig/0424_0325PMloss.png
"2023-04-24 15:32:03,760 [INFO] EPISODE 403, LOSS 0.7542331218719482
"2023-04-24 15:32:03,860 [INFO] LOSS FUNCTION PLOTTED at ./fig/0424_0325PMloss.png
"2023-04-24 15:32:04,848 [INFO] EPISODE 404, LOSS 0.8286226391792297
"2023-04-24 15:32:04,900 [INFO] LOSS FUNCTION PLOTTED at ./fig/0424_0325PMloss.png
"2023-04-24 15:32:05,880 [INFO] EPISODE 405, LOSS 4.346319675445557
"2023-04-24 15:32:05,931 [INFO] LOSS FUNCTION PLOTTED at ./fig/0424_0325PMloss.png
"2023-04-24 15:32:06,908 [INFO] EPISODE 406, LOSS 0.8342882990837097
"2023-04-24 15:32:06,969 [INFO] LOSS FUNCTION PLOTTED at ./fig/0424_0325PMloss.png
"2023-04-24 15:32:07,926 [INFO] EPISODE 407, LOSS 2.1609976291656494
"2023-04-24 15:32:07,988 [INFO] LOSS FUNCTION PLOTTED at ./fig/0424_0325PMloss.png
"2023-04-24 15:32:08,985 [INFO] EPISODE 408, LOSS 0.38501012325286865
"2023-04-24 15:32:09,043 [INFO] LOSS FUNCTION PLOTTED at ./fig/0424_0325PMloss.png
"2023-04-24 15:32:10,035 [INFO] EPISODE 409, LOSS 1.492785930633545
"2023-04-24 15:32:10,089 [INFO] LOSS FUNCTION PLOTTED at ./fig/0424_0325PMloss.png
"2023-04-24 15:32:11,062 [INFO] EPISODE 410, LOSS 1.238302230834961
"2023-04-24 15:32:11,114 [INFO] LOSS FUNCTION PLOTTED at ./fig/0424_0325PMloss.png
"2023-04-24 15:32:12,039 [INFO] EPISODE 411, LOSS 1.1389068365097046
"2023-04-24 15:32:12,090 [INFO] LOSS FUNCTION PLOTTED at ./fig/0424_0325PMloss.png
"2023-04-24 15:32:13,051 [INFO] EPISODE 412, LOSS 0.8996512293815613
"2023-04-24 15:32:13,104 [INFO] LOSS FUNCTION PLOTTED at ./fig/0424_0325PMloss.png
"2023-04-24 15:32:14,062 [INFO] EPISODE 413, LOSS 0.9747811555862427
"2023-04-24 15:32:14,111 [INFO] LOSS FUNCTION PLOTTED at ./fig/0424_0325PMloss.png
"2023-04-24 15:32:15,070 [INFO] EPISODE 414, LOSS 0.5239740014076233
"2023-04-24 15:32:15,118 [INFO] LOSS FUNCTION PLOTTED at ./fig/0424_0325PMloss.png
"2023-04-24 15:32:16,097 [INFO] EPISODE 415, LOSS 3.682637929916382
"2023-04-24 15:32:16,149 [INFO] LOSS FUNCTION PLOTTED at ./fig/0424_0325PMloss.png
"2023-04-24 15:32:17,118 [INFO] EPISODE 416, LOSS 1.307882308959961
"2023-04-24 15:32:17,172 [INFO] LOSS FUNCTION PLOTTED at ./fig/0424_0325PMloss.png
"2023-04-24 15:32:18,141 [INFO] EPISODE 417, LOSS 1.1480146646499634
"2023-04-24 15:32:18,193 [INFO] LOSS FUNCTION PLOTTED at ./fig/0424_0325PMloss.png
"2023-04-24 15:32:19,168 [INFO] EPISODE 418, LOSS 1.1000961065292358
"2023-04-24 15:32:19,219 [INFO] LOSS FUNCTION PLOTTED at ./fig/0424_0325PMloss.png
"2023-04-24 15:32:20,200 [INFO] EPISODE 419, LOSS 1.107904076576233
"2023-04-24 15:32:20,249 [INFO] LOSS FUNCTION PLOTTED at ./fig/0424_0325PMloss.png
"2023-04-24 15:32:21,192 [INFO] EPISODE 420, LOSS 1.1943484544754028
"2023-04-24 15:32:21,239 [INFO] LOSS FUNCTION PLOTTED at ./fig/0424_0325PMloss.png
"2023-04-24 15:32:22,197 [INFO] EPISODE 421, LOSS 2.3478589057922363
"2023-04-24 15:32:22,245 [INFO] LOSS FUNCTION PLOTTED at ./fig/0424_0325PMloss.png
"2023-04-24 15:32:23,182 [INFO] EPISODE 422, LOSS 1.5297760963439941
"2023-04-24 15:32:23,278 [INFO] LOSS FUNCTION PLOTTED at ./fig/0424_0325PMloss.png
"2023-04-24 15:32:24,238 [INFO] EPISODE 423, LOSS 1.0712251663208008
"2023-04-24 15:32:24,289 [INFO] LOSS FUNCTION PLOTTED at ./fig/0424_0325PMloss.png
"2023-04-24 15:32:25,252 [INFO] EPISODE 424, LOSS 1.894654631614685
"2023-04-24 15:32:25,301 [INFO] LOSS FUNCTION PLOTTED at ./fig/0424_0325PMloss.png
"2023-04-24 15:32:26,220 [INFO] EPISODE 425, LOSS 1.1377226114273071
"2023-04-24 15:32:26,268 [INFO] LOSS FUNCTION PLOTTED at ./fig/0424_0325PMloss.png
"2023-04-24 15:32:27,155 [INFO] EPISODE 426, LOSS 1.9488439559936523
"2023-04-24 15:32:27,204 [INFO] LOSS FUNCTION PLOTTED at ./fig/0424_0325PMloss.png
"2023-04-24 15:32:28,104 [INFO] EPISODE 427, LOSS 1.0152807235717773
"2023-04-24 15:32:28,152 [INFO] LOSS FUNCTION PLOTTED at ./fig/0424_0325PMloss.png
"2023-04-24 15:32:29,051 [INFO] EPISODE 428, LOSS 0.8314678072929382
"2023-04-24 15:32:29,100 [INFO] LOSS FUNCTION PLOTTED at ./fig/0424_0325PMloss.png
"2023-04-24 15:32:30,079 [INFO] EPISODE 429, LOSS 2.0767295360565186
"2023-04-24 15:32:30,128 [INFO] LOSS FUNCTION PLOTTED at ./fig/0424_0325PMloss.png
"2023-04-24 15:32:31,068 [INFO] EPISODE 430, LOSS 1.2763911485671997
"2023-04-24 15:32:31,115 [INFO] LOSS FUNCTION PLOTTED at ./fig/0424_0325PMloss.png
"2023-04-24 15:32:32,085 [INFO] EPISODE 431, LOSS 0.8065665364265442
"2023-04-24 15:32:32,133 [INFO] LOSS FUNCTION PLOTTED at ./fig/0424_0325PMloss.png
"2023-04-24 15:32:33,032 [INFO] EPISODE 432, LOSS 1.453996181488037
"2023-04-24 15:32:33,080 [INFO] LOSS FUNCTION PLOTTED at ./fig/0424_0325PMloss.png
"2023-04-24 15:32:34,058 [INFO] EPISODE 433, LOSS 1.3496720790863037
"2023-04-24 15:32:34,107 [INFO] LOSS FUNCTION PLOTTED at ./fig/0424_0325PMloss.png
"2023-04-24 15:32:35,067 [INFO] EPISODE 434, LOSS 3.539367914199829
"2023-04-24 15:32:35,126 [INFO] LOSS FUNCTION PLOTTED at ./fig/0424_0325PMloss.png
"2023-04-24 15:32:36,086 [INFO] EPISODE 435, LOSS 1.6342839002609253
"2023-04-24 15:32:36,135 [INFO] LOSS FUNCTION PLOTTED at ./fig/0424_0325PMloss.png
"2023-04-24 15:32:37,089 [INFO] EPISODE 436, LOSS 2.5498499870300293
"2023-04-24 15:32:37,137 [INFO] LOSS FUNCTION PLOTTED at ./fig/0424_0325PMloss.png
"2023-04-24 15:32:38,113 [INFO] EPISODE 437, LOSS 1.8012516498565674
"2023-04-24 15:32:38,166 [INFO] LOSS FUNCTION PLOTTED at ./fig/0424_0325PMloss.png
"2023-04-24 15:32:39,138 [INFO] EPISODE 438, LOSS 2.5403988361358643
"2023-04-24 15:32:39,187 [INFO] LOSS FUNCTION PLOTTED at ./fig/0424_0325PMloss.png
"2023-04-24 15:32:40,177 [INFO] EPISODE 439, LOSS 2.4202659130096436
"2023-04-24 15:32:40,226 [INFO] LOSS FUNCTION PLOTTED at ./fig/0424_0325PMloss.png
"2023-04-24 15:32:41,194 [INFO] EPISODE 440, LOSS 0.7024598121643066
"2023-04-24 15:32:41,243 [INFO] LOSS FUNCTION PLOTTED at ./fig/0424_0325PMloss.png
"2023-04-24 15:32:42,199 [INFO] EPISODE 441, LOSS 1.8371914625167847
"2023-04-24 15:32:42,295 [INFO] LOSS FUNCTION PLOTTED at ./fig/0424_0325PMloss.png
"2023-04-24 15:32:43,285 [INFO] EPISODE 442, LOSS 3.595634937286377
"2023-04-24 15:32:43,333 [INFO] LOSS FUNCTION PLOTTED at ./fig/0424_0325PMloss.png
"2023-04-24 15:32:44,324 [INFO] EPISODE 443, LOSS 0.5381762385368347
"2023-04-24 15:32:44,374 [INFO] LOSS FUNCTION PLOTTED at ./fig/0424_0325PMloss.png
"2023-04-24 15:32:45,329 [INFO] EPISODE 444, LOSS 2.250419855117798
"2023-04-24 15:32:45,380 [INFO] LOSS FUNCTION PLOTTED at ./fig/0424_0325PMloss.png
"2023-04-24 15:32:46,350 [INFO] EPISODE 445, LOSS 1.0193209648132324
"2023-04-24 15:32:46,398 [INFO] LOSS FUNCTION PLOTTED at ./fig/0424_0325PMloss.png
"2023-04-24 15:32:47,404 [INFO] EPISODE 446, LOSS 2.0884475708007812
"2023-04-24 15:32:47,453 [INFO] LOSS FUNCTION PLOTTED at ./fig/0424_0325PMloss.png
"2023-04-24 15:32:48,437 [INFO] EPISODE 447, LOSS 1.7747249603271484
"2023-04-24 15:32:48,487 [INFO] LOSS FUNCTION PLOTTED at ./fig/0424_0325PMloss.png
"2023-04-24 15:32:49,461 [INFO] EPISODE 448, LOSS 3.5574607849121094
"2023-04-24 15:32:49,514 [INFO] LOSS FUNCTION PLOTTED at ./fig/0424_0325PMloss.png
"2023-04-24 15:32:50,454 [INFO] EPISODE 449, LOSS 1.109113097190857
"2023-04-24 15:32:50,503 [INFO] LOSS FUNCTION PLOTTED at ./fig/0424_0325PMloss.png
"2023-04-24 15:32:51,486 [INFO] EPISODE 450, LOSS 2.2292330265045166
"2023-04-24 15:32:51,537 [INFO] LOSS FUNCTION PLOTTED at ./fig/0424_0325PMloss.png
"2023-04-24 15:32:52,533 [INFO] EPISODE 451, LOSS 1.654444932937622
"2023-04-24 15:32:52,584 [INFO] LOSS FUNCTION PLOTTED at ./fig/0424_0325PMloss.png
"2023-04-24 15:32:53,558 [INFO] EPISODE 452, LOSS 2.343061685562134
"2023-04-24 15:32:53,610 [INFO] LOSS FUNCTION PLOTTED at ./fig/0424_0325PMloss.png
"2023-04-24 15:32:54,588 [INFO] EPISODE 453, LOSS 1.2871882915496826
"2023-04-24 15:32:54,645 [INFO] LOSS FUNCTION PLOTTED at ./fig/0424_0325PMloss.png
"2023-04-24 15:32:55,624 [INFO] EPISODE 454, LOSS 2.0322012901306152
"2023-04-24 15:32:55,676 [INFO] LOSS FUNCTION PLOTTED at ./fig/0424_0325PMloss.png
"2023-04-24 15:32:56,627 [INFO] EPISODE 455, LOSS 0.9294548034667969
"2023-04-24 15:32:56,676 [INFO] LOSS FUNCTION PLOTTED at ./fig/0424_0325PMloss.png
"2023-04-24 15:32:57,632 [INFO] EPISODE 456, LOSS 2.7028980255126953
"2023-04-24 15:32:57,683 [INFO] LOSS FUNCTION PLOTTED at ./fig/0424_0325PMloss.png
"2023-04-24 15:32:58,644 [INFO] EPISODE 457, LOSS 1.3610126972198486
"2023-04-24 15:32:58,691 [INFO] LOSS FUNCTION PLOTTED at ./fig/0424_0325PMloss.png
"2023-04-24 15:32:59,673 [INFO] EPISODE 458, LOSS 1.035235047340393
"2023-04-24 15:32:59,721 [INFO] LOSS FUNCTION PLOTTED at ./fig/0424_0325PMloss.png
"2023-04-24 15:33:00,660 [INFO] EPISODE 459, LOSS 2.9628117084503174
"2023-04-24 15:33:00,707 [INFO] LOSS FUNCTION PLOTTED at ./fig/0424_0325PMloss.png
"2023-04-24 15:33:01,648 [INFO] EPISODE 460, LOSS 2.1084516048431396
"2023-04-24 15:33:01,743 [INFO] LOSS FUNCTION PLOTTED at ./fig/0424_0325PMloss.png
"2023-04-24 15:33:02,714 [INFO] EPISODE 461, LOSS 3.06526780128479
"2023-04-24 15:33:02,764 [INFO] LOSS FUNCTION PLOTTED at ./fig/0424_0325PMloss.png
"2023-04-24 15:33:03,727 [INFO] EPISODE 462, LOSS 0.5130176544189453
"2023-04-24 15:33:03,779 [INFO] LOSS FUNCTION PLOTTED at ./fig/0424_0325PMloss.png
"2023-04-24 15:33:04,752 [INFO] EPISODE 463, LOSS 0.9997044205665588
"2023-04-24 15:33:04,800 [INFO] LOSS FUNCTION PLOTTED at ./fig/0424_0325PMloss.png
"2023-04-24 15:33:05,781 [INFO] EPISODE 464, LOSS 1.7648375034332275
"2023-04-24 15:33:05,834 [INFO] LOSS FUNCTION PLOTTED at ./fig/0424_0325PMloss.png
"2023-04-24 15:33:06,815 [INFO] EPISODE 465, LOSS 1.359388828277588
"2023-04-24 15:33:06,867 [INFO] LOSS FUNCTION PLOTTED at ./fig/0424_0325PMloss.png
"2023-04-24 15:33:07,854 [INFO] EPISODE 466, LOSS 0.6209005117416382
"2023-04-24 15:33:07,904 [INFO] LOSS FUNCTION PLOTTED at ./fig/0424_0325PMloss.png
"2023-04-24 15:33:08,898 [INFO] EPISODE 467, LOSS 1.7803817987442017
"2023-04-24 15:33:08,946 [INFO] LOSS FUNCTION PLOTTED at ./fig/0424_0325PMloss.png
"2023-04-24 15:33:09,898 [INFO] EPISODE 468, LOSS 1.5921801328659058
"2023-04-24 15:33:09,950 [INFO] LOSS FUNCTION PLOTTED at ./fig/0424_0325PMloss.png
"2023-04-24 15:33:10,896 [INFO] EPISODE 469, LOSS 3.1144745349884033
"2023-04-24 15:33:10,944 [INFO] LOSS FUNCTION PLOTTED at ./fig/0424_0325PMloss.png
"2023-04-24 15:33:11,897 [INFO] EPISODE 470, LOSS 8.634393692016602
"2023-04-24 15:33:11,950 [INFO] LOSS FUNCTION PLOTTED at ./fig/0424_0325PMloss.png
"2023-04-24 15:33:12,915 [INFO] EPISODE 471, LOSS 1.1325180530548096
"2023-04-24 15:33:12,962 [INFO] LOSS FUNCTION PLOTTED at ./fig/0424_0325PMloss.png
"2023-04-24 15:33:13,913 [INFO] EPISODE 472, LOSS 3.772202491760254
"2023-04-24 15:33:13,964 [INFO] LOSS FUNCTION PLOTTED at ./fig/0424_0325PMloss.png
"2023-04-24 15:33:14,955 [INFO] EPISODE 473, LOSS 1.2362569570541382
"2023-04-24 15:33:15,003 [INFO] LOSS FUNCTION PLOTTED at ./fig/0424_0325PMloss.png
"2023-04-24 15:33:15,984 [INFO] EPISODE 474, LOSS 1.1626982688903809
"2023-04-24 15:33:16,043 [INFO] LOSS FUNCTION PLOTTED at ./fig/0424_0325PMloss.png
"2023-04-24 15:33:17,017 [INFO] EPISODE 475, LOSS 0.5930141806602478
"2023-04-24 15:33:17,068 [INFO] LOSS FUNCTION PLOTTED at ./fig/0424_0325PMloss.png
"2023-04-24 15:33:18,036 [INFO] EPISODE 476, LOSS 2.3639042377471924
"2023-04-24 15:33:18,088 [INFO] LOSS FUNCTION PLOTTED at ./fig/0424_0325PMloss.png
"2023-04-24 15:33:19,070 [INFO] EPISODE 477, LOSS 1.8798327445983887
"2023-04-24 15:33:19,124 [INFO] LOSS FUNCTION PLOTTED at ./fig/0424_0325PMloss.png
"2023-04-24 15:33:20,104 [INFO] EPISODE 478, LOSS 0.9915233850479126
"2023-04-24 15:33:20,160 [INFO] LOSS FUNCTION PLOTTED at ./fig/0424_0325PMloss.png
"2023-04-24 15:33:21,136 [INFO] EPISODE 479, LOSS 2.1228621006011963
"2023-04-24 15:33:21,232 [INFO] LOSS FUNCTION PLOTTED at ./fig/0424_0325PMloss.png
"2023-04-24 15:33:22,198 [INFO] EPISODE 480, LOSS 2.6403539180755615
"2023-04-24 15:33:22,251 [INFO] LOSS FUNCTION PLOTTED at ./fig/0424_0325PMloss.png
"2023-04-24 15:33:23,232 [INFO] EPISODE 481, LOSS 1.1780356168746948
"2023-04-24 15:33:23,282 [INFO] LOSS FUNCTION PLOTTED at ./fig/0424_0325PMloss.png
"2023-04-24 15:33:24,240 [INFO] EPISODE 482, LOSS 2.9010674953460693
"2023-04-24 15:33:24,289 [INFO] LOSS FUNCTION PLOTTED at ./fig/0424_0325PMloss.png
"2023-04-24 15:33:25,270 [INFO] EPISODE 483, LOSS 1.1892038583755493
"2023-04-24 15:33:25,320 [INFO] LOSS FUNCTION PLOTTED at ./fig/0424_0325PMloss.png
"2023-04-24 15:33:26,296 [INFO] EPISODE 484, LOSS 1.0204030275344849
"2023-04-24 15:33:26,346 [INFO] LOSS FUNCTION PLOTTED at ./fig/0424_0325PMloss.png
"2023-04-24 15:33:27,329 [INFO] EPISODE 485, LOSS 1.6537531614303589
"2023-04-24 15:33:27,385 [INFO] LOSS FUNCTION PLOTTED at ./fig/0424_0325PMloss.png
"2023-04-24 15:33:28,359 [INFO] EPISODE 486, LOSS 0.8486209511756897
"2023-04-24 15:33:28,411 [INFO] LOSS FUNCTION PLOTTED at ./fig/0424_0325PMloss.png
"2023-04-24 15:33:29,416 [INFO] EPISODE 487, LOSS 2.4849588871002197
"2023-04-24 15:33:29,467 [INFO] LOSS FUNCTION PLOTTED at ./fig/0424_0325PMloss.png
"2023-04-24 15:33:30,434 [INFO] EPISODE 488, LOSS 5.195888996124268
"2023-04-24 15:33:30,485 [INFO] LOSS FUNCTION PLOTTED at ./fig/0424_0325PMloss.png
"2023-04-24 15:33:31,487 [INFO] EPISODE 489, LOSS 1.1827975511550903
"2023-04-24 15:33:31,536 [INFO] LOSS FUNCTION PLOTTED at ./fig/0424_0325PMloss.png
"2023-04-24 15:33:32,469 [INFO] EPISODE 490, LOSS 2.999596357345581
"2023-04-24 15:33:32,517 [INFO] LOSS FUNCTION PLOTTED at ./fig/0424_0325PMloss.png
"2023-04-24 15:33:33,526 [INFO] EPISODE 491, LOSS 1.8614789247512817
"2023-04-24 15:33:33,578 [INFO] LOSS FUNCTION PLOTTED at ./fig/0424_0325PMloss.png
"2023-04-24 15:33:34,573 [INFO] EPISODE 492, LOSS 0.8238464593887329
"2023-04-24 15:33:34,623 [INFO] LOSS FUNCTION PLOTTED at ./fig/0424_0325PMloss.png
"2023-04-24 15:33:35,625 [INFO] EPISODE 493, LOSS 1.5846925973892212
"2023-04-24 15:33:35,676 [INFO] LOSS FUNCTION PLOTTED at ./fig/0424_0325PMloss.png
"2023-04-24 15:33:36,679 [INFO] EPISODE 494, LOSS 1.4820771217346191
"2023-04-24 15:33:36,728 [INFO] LOSS FUNCTION PLOTTED at ./fig/0424_0325PMloss.png
"2023-04-24 15:33:37,730 [INFO] EPISODE 495, LOSS 2.0896503925323486
"2023-04-24 15:33:37,783 [INFO] LOSS FUNCTION PLOTTED at ./fig/0424_0325PMloss.png
"2023-04-24 15:33:38,762 [INFO] EPISODE 496, LOSS 1.9359546899795532
"2023-04-24 15:33:38,810 [INFO] LOSS FUNCTION PLOTTED at ./fig/0424_0325PMloss.png
"2023-04-24 15:33:39,793 [INFO] EPISODE 497, LOSS 2.7485580444335938
"2023-04-24 15:33:39,891 [INFO] LOSS FUNCTION PLOTTED at ./fig/0424_0325PMloss.png
"2023-04-24 15:33:40,862 [INFO] EPISODE 498, LOSS 1.7925043106079102
"2023-04-24 15:33:40,914 [INFO] LOSS FUNCTION PLOTTED at ./fig/0424_0325PMloss.png
"2023-04-24 15:33:41,880 [INFO] EPISODE 499, LOSS 0.7534375190734863
"2023-04-24 15:33:41,930 [INFO] LOSS FUNCTION PLOTTED at ./fig/0424_0325PMloss.png
"2023-04-24 15:33:42,944 [INFO] EPISODE 500, LOSS 2.816328525543213
"2023-04-24 15:33:42,994 [INFO] LOSS FUNCTION PLOTTED at ./fig/0424_0325PMloss.png
"2023-04-24 15:33:43,523 [INFO] train finished. 
final loss: 2.431964159011841
