"2023-04-24 15:33:54,994 [INFO] Reporter Initialized!
"2023-04-24 15:33:54,994 [INFO] Reporter LEVEL: info
"2023-04-24 15:33:55,100 [INFO] Loaded csv data is 0421_0641PM0
"2023-04-24 15:33:55,977 [INFO] Device(cuda) is working for train
"2023-04-24 15:33:55,977 [INFO] Train Started
"2023-04-24 15:33:56,303 [INFO] Saved non-trained network
"2023-04-24 15:33:56,303 [INFO] EPISODE 0, LOSS 137.59893798828125
"2023-04-24 15:33:56,517 [INFO] LOSS FUNCTION PLOTTED at ./fig/0424_0333PMloss.png
"2023-04-24 15:33:57,497 [INFO] EPISODE 1, LOSS 35.196075439453125
"2023-04-24 15:33:57,545 [INFO] LOSS FUNCTION PLOTTED at ./fig/0424_0333PMloss.png
"2023-04-24 15:33:58,559 [INFO] EPISODE 2, LOSS 20.290433883666992
"2023-04-24 15:33:58,612 [INFO] LOSS FUNCTION PLOTTED at ./fig/0424_0333PMloss.png
"2023-04-24 15:33:59,587 [INFO] EPISODE 3, LOSS 13.719497680664062
"2023-04-24 15:33:59,638 [INFO] LOSS FUNCTION PLOTTED at ./fig/0424_0333PMloss.png
"2023-04-24 15:34:00,646 [INFO] EPISODE 4, LOSS 24.341930389404297
"2023-04-24 15:34:00,697 [INFO] LOSS FUNCTION PLOTTED at ./fig/0424_0333PMloss.png
"2023-04-24 15:34:01,658 [INFO] EPISODE 5, LOSS 15.661699295043945
"2023-04-24 15:34:01,750 [INFO] LOSS FUNCTION PLOTTED at ./fig/0424_0333PMloss.png
"2023-04-24 15:34:02,741 [INFO] EPISODE 6, LOSS 12.860190391540527
"2023-04-24 15:34:02,790 [INFO] LOSS FUNCTION PLOTTED at ./fig/0424_0333PMloss.png
"2023-04-24 15:34:03,709 [INFO] EPISODE 7, LOSS 6.315769195556641
"2023-04-24 15:34:03,759 [INFO] LOSS FUNCTION PLOTTED at ./fig/0424_0333PMloss.png
"2023-04-24 15:34:04,715 [INFO] EPISODE 8, LOSS 7.767096519470215
"2023-04-24 15:34:04,769 [INFO] LOSS FUNCTION PLOTTED at ./fig/0424_0333PMloss.png
"2023-04-24 15:34:05,740 [INFO] EPISODE 9, LOSS 18.839984893798828
"2023-04-24 15:34:05,795 [INFO] LOSS FUNCTION PLOTTED at ./fig/0424_0333PMloss.png
"2023-04-24 15:34:06,784 [INFO] EPISODE 10, LOSS 20.185840606689453
"2023-04-24 15:34:06,837 [INFO] LOSS FUNCTION PLOTTED at ./fig/0424_0333PMloss.png
"2023-04-24 15:34:07,811 [INFO] EPISODE 11, LOSS 19.956274032592773
"2023-04-24 15:34:07,863 [INFO] LOSS FUNCTION PLOTTED at ./fig/0424_0333PMloss.png
"2023-04-24 15:34:08,896 [INFO] EPISODE 12, LOSS 9.00676441192627
"2023-04-24 15:34:08,950 [INFO] LOSS FUNCTION PLOTTED at ./fig/0424_0333PMloss.png
"2023-04-24 15:34:09,910 [INFO] EPISODE 13, LOSS 9.76416015625
"2023-04-24 15:34:09,960 [INFO] LOSS FUNCTION PLOTTED at ./fig/0424_0333PMloss.png
"2023-04-24 15:34:10,948 [INFO] EPISODE 14, LOSS 7.428370952606201
"2023-04-24 15:34:11,001 [INFO] LOSS FUNCTION PLOTTED at ./fig/0424_0333PMloss.png
"2023-04-24 15:34:11,977 [INFO] EPISODE 15, LOSS 46.108680725097656
"2023-04-24 15:34:12,027 [INFO] LOSS FUNCTION PLOTTED at ./fig/0424_0333PMloss.png
"2023-04-24 15:34:13,011 [INFO] EPISODE 16, LOSS 4.8449859619140625
"2023-04-24 15:34:13,064 [INFO] LOSS FUNCTION PLOTTED at ./fig/0424_0333PMloss.png
"2023-04-24 15:34:14,037 [INFO] EPISODE 17, LOSS 9.097267150878906
"2023-04-24 15:34:14,088 [INFO] LOSS FUNCTION PLOTTED at ./fig/0424_0333PMloss.png
"2023-04-24 15:34:15,094 [INFO] EPISODE 18, LOSS 3.743579387664795
"2023-04-24 15:34:15,149 [INFO] LOSS FUNCTION PLOTTED at ./fig/0424_0333PMloss.png
"2023-04-24 15:34:16,123 [INFO] EPISODE 19, LOSS 6.221829414367676
"2023-04-24 15:34:16,175 [INFO] LOSS FUNCTION PLOTTED at ./fig/0424_0333PMloss.png
"2023-04-24 15:34:17,102 [INFO] EPISODE 20, LOSS 18.59672737121582
"2023-04-24 15:34:17,155 [INFO] LOSS FUNCTION PLOTTED at ./fig/0424_0333PMloss.png
"2023-04-24 15:34:18,065 [INFO] EPISODE 21, LOSS 5.0518999099731445
"2023-04-24 15:34:18,118 [INFO] LOSS FUNCTION PLOTTED at ./fig/0424_0333PMloss.png
"2023-04-24 15:34:19,052 [INFO] EPISODE 22, LOSS 2.32716965675354
"2023-04-24 15:34:19,100 [INFO] LOSS FUNCTION PLOTTED at ./fig/0424_0333PMloss.png
"2023-04-24 15:34:20,104 [INFO] EPISODE 23, LOSS 3.1661601066589355
"2023-04-24 15:34:20,200 [INFO] LOSS FUNCTION PLOTTED at ./fig/0424_0333PMloss.png
"2023-04-24 15:34:21,192 [INFO] EPISODE 24, LOSS 9.153299331665039
"2023-04-24 15:34:21,240 [INFO] LOSS FUNCTION PLOTTED at ./fig/0424_0333PMloss.png
"2023-04-24 15:34:22,207 [INFO] EPISODE 25, LOSS 6.5123114585876465
"2023-04-24 15:34:22,255 [INFO] LOSS FUNCTION PLOTTED at ./fig/0424_0333PMloss.png
"2023-04-24 15:34:23,240 [INFO] EPISODE 26, LOSS 5.739625453948975
"2023-04-24 15:34:23,293 [INFO] LOSS FUNCTION PLOTTED at ./fig/0424_0333PMloss.png
"2023-04-24 15:34:24,172 [INFO] EPISODE 27, LOSS 5.461886405944824
"2023-04-24 15:34:24,221 [INFO] LOSS FUNCTION PLOTTED at ./fig/0424_0333PMloss.png
"2023-04-24 15:34:25,221 [INFO] EPISODE 28, LOSS 5.694767475128174
"2023-04-24 15:34:25,270 [INFO] LOSS FUNCTION PLOTTED at ./fig/0424_0333PMloss.png
"2023-04-24 15:34:26,242 [INFO] EPISODE 29, LOSS 5.926969528198242
"2023-04-24 15:34:26,291 [INFO] LOSS FUNCTION PLOTTED at ./fig/0424_0333PMloss.png
"2023-04-24 15:34:27,285 [INFO] EPISODE 30, LOSS 3.5568490028381348
"2023-04-24 15:34:27,337 [INFO] LOSS FUNCTION PLOTTED at ./fig/0424_0333PMloss.png
"2023-04-24 15:34:28,302 [INFO] EPISODE 31, LOSS 16.50895118713379
"2023-04-24 15:34:28,355 [INFO] LOSS FUNCTION PLOTTED at ./fig/0424_0333PMloss.png
"2023-04-24 15:34:29,327 [INFO] EPISODE 32, LOSS 3.1970508098602295
"2023-04-24 15:34:29,378 [INFO] LOSS FUNCTION PLOTTED at ./fig/0424_0333PMloss.png
"2023-04-24 15:34:30,361 [INFO] EPISODE 33, LOSS 12.209949493408203
"2023-04-24 15:34:30,410 [INFO] LOSS FUNCTION PLOTTED at ./fig/0424_0333PMloss.png
"2023-04-24 15:34:31,383 [INFO] EPISODE 34, LOSS 5.2393598556518555
"2023-04-24 15:34:31,436 [INFO] LOSS FUNCTION PLOTTED at ./fig/0424_0333PMloss.png
"2023-04-24 15:34:32,411 [INFO] EPISODE 35, LOSS 3.436591863632202
"2023-04-24 15:34:32,462 [INFO] LOSS FUNCTION PLOTTED at ./fig/0424_0333PMloss.png
"2023-04-24 15:34:33,446 [INFO] EPISODE 36, LOSS 5.252232551574707
"2023-04-24 15:34:33,498 [INFO] LOSS FUNCTION PLOTTED at ./fig/0424_0333PMloss.png
"2023-04-24 15:34:34,480 [INFO] EPISODE 37, LOSS 6.319314002990723
"2023-04-24 15:34:34,529 [INFO] LOSS FUNCTION PLOTTED at ./fig/0424_0333PMloss.png
"2023-04-24 15:34:35,522 [INFO] EPISODE 38, LOSS 4.6219162940979
"2023-04-24 15:34:35,573 [INFO] LOSS FUNCTION PLOTTED at ./fig/0424_0333PMloss.png
"2023-04-24 15:34:36,543 [INFO] EPISODE 39, LOSS 7.854404926300049
"2023-04-24 15:34:36,598 [INFO] LOSS FUNCTION PLOTTED at ./fig/0424_0333PMloss.png
"2023-04-24 15:34:37,574 [INFO] EPISODE 40, LOSS 5.691084384918213
"2023-04-24 15:34:37,630 [INFO] LOSS FUNCTION PLOTTED at ./fig/0424_0333PMloss.png
"2023-04-24 15:34:38,581 [INFO] EPISODE 41, LOSS 4.382260322570801
"2023-04-24 15:34:38,630 [INFO] LOSS FUNCTION PLOTTED at ./fig/0424_0333PMloss.png
"2023-04-24 15:34:39,591 [INFO] EPISODE 42, LOSS 9.955472946166992
"2023-04-24 15:34:39,685 [INFO] LOSS FUNCTION PLOTTED at ./fig/0424_0333PMloss.png
"2023-04-24 15:34:40,682 [INFO] EPISODE 43, LOSS 2.316758632659912
"2023-04-24 15:34:40,732 [INFO] LOSS FUNCTION PLOTTED at ./fig/0424_0333PMloss.png
"2023-04-24 15:34:41,699 [INFO] EPISODE 44, LOSS 5.943856239318848
"2023-04-24 15:34:41,749 [INFO] LOSS FUNCTION PLOTTED at ./fig/0424_0333PMloss.png
"2023-04-24 15:34:42,729 [INFO] EPISODE 45, LOSS 4.92148494720459
"2023-04-24 15:34:42,776 [INFO] LOSS FUNCTION PLOTTED at ./fig/0424_0333PMloss.png
"2023-04-24 15:34:43,738 [INFO] EPISODE 46, LOSS 6.052605628967285
"2023-04-24 15:34:43,786 [INFO] LOSS FUNCTION PLOTTED at ./fig/0424_0333PMloss.png
"2023-04-24 15:34:44,768 [INFO] EPISODE 47, LOSS 5.555702209472656
"2023-04-24 15:34:44,818 [INFO] LOSS FUNCTION PLOTTED at ./fig/0424_0333PMloss.png
"2023-04-24 15:34:45,802 [INFO] EPISODE 48, LOSS 6.3651838302612305
"2023-04-24 15:34:45,851 [INFO] LOSS FUNCTION PLOTTED at ./fig/0424_0333PMloss.png
"2023-04-24 15:34:46,828 [INFO] EPISODE 49, LOSS 15.603781700134277
"2023-04-24 15:34:46,878 [INFO] LOSS FUNCTION PLOTTED at ./fig/0424_0333PMloss.png
"2023-04-24 15:34:47,849 [INFO] EPISODE 50, LOSS 2.354059934616089
"2023-04-24 15:34:47,897 [INFO] LOSS FUNCTION PLOTTED at ./fig/0424_0333PMloss.png
"2023-04-24 15:34:48,800 [INFO] EPISODE 51, LOSS 5.741689682006836
"2023-04-24 15:34:48,848 [INFO] LOSS FUNCTION PLOTTED at ./fig/0424_0333PMloss.png
"2023-04-24 15:34:49,810 [INFO] EPISODE 52, LOSS 2.766775608062744
"2023-04-24 15:34:49,857 [INFO] LOSS FUNCTION PLOTTED at ./fig/0424_0333PMloss.png
"2023-04-24 15:34:50,824 [INFO] EPISODE 53, LOSS 15.604714393615723
"2023-04-24 15:34:50,876 [INFO] LOSS FUNCTION PLOTTED at ./fig/0424_0333PMloss.png
"2023-04-24 15:34:51,853 [INFO] EPISODE 54, LOSS 5.438387870788574
"2023-04-24 15:34:51,901 [INFO] LOSS FUNCTION PLOTTED at ./fig/0424_0333PMloss.png
"2023-04-24 15:34:52,859 [INFO] EPISODE 55, LOSS 8.02830696105957
"2023-04-24 15:34:52,907 [INFO] LOSS FUNCTION PLOTTED at ./fig/0424_0333PMloss.png
"2023-04-24 15:34:53,875 [INFO] EPISODE 56, LOSS 13.619464874267578
"2023-04-24 15:34:53,925 [INFO] LOSS FUNCTION PLOTTED at ./fig/0424_0333PMloss.png
"2023-04-24 15:34:54,884 [INFO] EPISODE 57, LOSS 6.169717311859131
"2023-04-24 15:34:54,934 [INFO] LOSS FUNCTION PLOTTED at ./fig/0424_0333PMloss.png
"2023-04-24 15:34:55,864 [INFO] EPISODE 58, LOSS 2.9980807304382324
"2023-04-24 15:34:55,914 [INFO] LOSS FUNCTION PLOTTED at ./fig/0424_0333PMloss.png
"2023-04-24 15:34:56,829 [INFO] EPISODE 59, LOSS 7.287216663360596
"2023-04-24 15:34:56,879 [INFO] LOSS FUNCTION PLOTTED at ./fig/0424_0333PMloss.png
"2023-04-24 15:34:57,839 [INFO] EPISODE 60, LOSS 8.7344331741333
"2023-04-24 15:34:57,892 [INFO] LOSS FUNCTION PLOTTED at ./fig/0424_0333PMloss.png
"2023-04-24 15:34:58,861 [INFO] EPISODE 61, LOSS 4.374723434448242
"2023-04-24 15:34:58,961 [INFO] LOSS FUNCTION PLOTTED at ./fig/0424_0333PMloss.png
"2023-04-24 15:34:59,934 [INFO] EPISODE 62, LOSS 1.9246779680252075
"2023-04-24 15:34:59,984 [INFO] LOSS FUNCTION PLOTTED at ./fig/0424_0333PMloss.png
"2023-04-24 15:35:00,972 [INFO] EPISODE 63, LOSS 1.9106491804122925
"2023-04-24 15:35:01,022 [INFO] LOSS FUNCTION PLOTTED at ./fig/0424_0333PMloss.png
"2023-04-24 15:35:01,975 [INFO] EPISODE 64, LOSS 7.666832447052002
"2023-04-24 15:35:02,026 [INFO] LOSS FUNCTION PLOTTED at ./fig/0424_0333PMloss.png
"2023-04-24 15:35:02,976 [INFO] EPISODE 65, LOSS 3.4335150718688965
"2023-04-24 15:35:03,028 [INFO] LOSS FUNCTION PLOTTED at ./fig/0424_0333PMloss.png
"2023-04-24 15:35:03,997 [INFO] EPISODE 66, LOSS 5.752051830291748
"2023-04-24 15:35:04,045 [INFO] LOSS FUNCTION PLOTTED at ./fig/0424_0333PMloss.png
"2023-04-24 15:35:05,013 [INFO] EPISODE 67, LOSS 6.177156448364258
"2023-04-24 15:35:05,067 [INFO] LOSS FUNCTION PLOTTED at ./fig/0424_0333PMloss.png
"2023-04-24 15:35:06,073 [INFO] EPISODE 68, LOSS 8.770303726196289
"2023-04-24 15:35:06,127 [INFO] LOSS FUNCTION PLOTTED at ./fig/0424_0333PMloss.png
"2023-04-24 15:35:07,110 [INFO] EPISODE 69, LOSS 3.3936779499053955
"2023-04-24 15:35:07,162 [INFO] LOSS FUNCTION PLOTTED at ./fig/0424_0333PMloss.png
"2023-04-24 15:35:08,127 [INFO] EPISODE 70, LOSS 3.2341995239257812
"2023-04-24 15:35:08,179 [INFO] LOSS FUNCTION PLOTTED at ./fig/0424_0333PMloss.png
"2023-04-24 15:35:09,149 [INFO] EPISODE 71, LOSS 14.264513969421387
"2023-04-24 15:35:09,198 [INFO] LOSS FUNCTION PLOTTED at ./fig/0424_0333PMloss.png
"2023-04-24 15:35:10,170 [INFO] EPISODE 72, LOSS 4.171262741088867
"2023-04-24 15:35:10,221 [INFO] LOSS FUNCTION PLOTTED at ./fig/0424_0333PMloss.png
"2023-04-24 15:35:11,195 [INFO] EPISODE 73, LOSS 3.718884229660034
"2023-04-24 15:35:11,246 [INFO] LOSS FUNCTION PLOTTED at ./fig/0424_0333PMloss.png
"2023-04-24 15:35:12,230 [INFO] EPISODE 74, LOSS 15.209291458129883
"2023-04-24 15:35:12,288 [INFO] LOSS FUNCTION PLOTTED at ./fig/0424_0333PMloss.png
"2023-04-24 15:35:13,282 [INFO] EPISODE 75, LOSS 3.047006845474243
"2023-04-24 15:35:13,336 [INFO] LOSS FUNCTION PLOTTED at ./fig/0424_0333PMloss.png
"2023-04-24 15:35:14,308 [INFO] EPISODE 76, LOSS 3.1422579288482666
"2023-04-24 15:35:14,362 [INFO] LOSS FUNCTION PLOTTED at ./fig/0424_0333PMloss.png
"2023-04-24 15:35:15,341 [INFO] EPISODE 77, LOSS 4.072883129119873
"2023-04-24 15:35:15,392 [INFO] LOSS FUNCTION PLOTTED at ./fig/0424_0333PMloss.png
"2023-04-24 15:35:16,365 [INFO] EPISODE 78, LOSS 3.5400609970092773
"2023-04-24 15:35:16,420 [INFO] LOSS FUNCTION PLOTTED at ./fig/0424_0333PMloss.png
"2023-04-24 15:35:17,370 [INFO] EPISODE 79, LOSS 2.2548482418060303
"2023-04-24 15:35:17,478 [INFO] LOSS FUNCTION PLOTTED at ./fig/0424_0333PMloss.png
"2023-04-24 15:35:18,455 [INFO] EPISODE 80, LOSS 5.024594783782959
"2023-04-24 15:35:18,505 [INFO] LOSS FUNCTION PLOTTED at ./fig/0424_0333PMloss.png
"2023-04-24 15:35:19,479 [INFO] EPISODE 81, LOSS 3.469512939453125
"2023-04-24 15:35:19,530 [INFO] LOSS FUNCTION PLOTTED at ./fig/0424_0333PMloss.png
"2023-04-24 15:35:20,493 [INFO] EPISODE 82, LOSS 16.974000930786133
"2023-04-24 15:35:20,539 [INFO] LOSS FUNCTION PLOTTED at ./fig/0424_0333PMloss.png
"2023-04-24 15:35:21,457 [INFO] EPISODE 83, LOSS 2.6796247959136963
"2023-04-24 15:35:21,505 [INFO] LOSS FUNCTION PLOTTED at ./fig/0424_0333PMloss.png
"2023-04-24 15:35:22,484 [INFO] EPISODE 84, LOSS 2.015714406967163
"2023-04-24 15:35:22,533 [INFO] LOSS FUNCTION PLOTTED at ./fig/0424_0333PMloss.png
"2023-04-24 15:35:23,518 [INFO] EPISODE 85, LOSS 4.210098743438721
"2023-04-24 15:35:23,568 [INFO] LOSS FUNCTION PLOTTED at ./fig/0424_0333PMloss.png
"2023-04-24 15:35:24,523 [INFO] EPISODE 86, LOSS 5.479853630065918
"2023-04-24 15:35:24,569 [INFO] LOSS FUNCTION PLOTTED at ./fig/0424_0333PMloss.png
"2023-04-24 15:35:25,572 [INFO] EPISODE 87, LOSS 2.503235340118408
"2023-04-24 15:35:25,619 [INFO] LOSS FUNCTION PLOTTED at ./fig/0424_0333PMloss.png
"2023-04-24 15:35:26,593 [INFO] EPISODE 88, LOSS 6.427140235900879
"2023-04-24 15:35:26,641 [INFO] LOSS FUNCTION PLOTTED at ./fig/0424_0333PMloss.png
"2023-04-24 15:35:27,613 [INFO] EPISODE 89, LOSS 2.492448568344116
"2023-04-24 15:35:27,666 [INFO] LOSS FUNCTION PLOTTED at ./fig/0424_0333PMloss.png
"2023-04-24 15:35:28,630 [INFO] EPISODE 90, LOSS 4.05914306640625
"2023-04-24 15:35:28,678 [INFO] LOSS FUNCTION PLOTTED at ./fig/0424_0333PMloss.png
"2023-04-24 15:35:29,664 [INFO] EPISODE 91, LOSS 1.5567512512207031
"2023-04-24 15:35:29,713 [INFO] LOSS FUNCTION PLOTTED at ./fig/0424_0333PMloss.png
"2023-04-24 15:35:30,669 [INFO] EPISODE 92, LOSS 6.076035976409912
"2023-04-24 15:35:30,720 [INFO] LOSS FUNCTION PLOTTED at ./fig/0424_0333PMloss.png
"2023-04-24 15:35:31,696 [INFO] EPISODE 93, LOSS 3.9326717853546143
"2023-04-24 15:35:31,741 [INFO] LOSS FUNCTION PLOTTED at ./fig/0424_0333PMloss.png
"2023-04-24 15:35:32,704 [INFO] EPISODE 94, LOSS 7.843103408813477
"2023-04-24 15:35:32,753 [INFO] LOSS FUNCTION PLOTTED at ./fig/0424_0333PMloss.png
"2023-04-24 15:35:33,713 [INFO] EPISODE 95, LOSS 1.687865972518921
"2023-04-24 15:35:33,758 [INFO] LOSS FUNCTION PLOTTED at ./fig/0424_0333PMloss.png
"2023-04-24 15:35:34,714 [INFO] EPISODE 96, LOSS 3.9781510829925537
"2023-04-24 15:35:34,764 [INFO] LOSS FUNCTION PLOTTED at ./fig/0424_0333PMloss.png
"2023-04-24 15:35:35,730 [INFO] EPISODE 97, LOSS 5.619385242462158
"2023-04-24 15:35:35,779 [INFO] LOSS FUNCTION PLOTTED at ./fig/0424_0333PMloss.png
"2023-04-24 15:35:36,742 [INFO] EPISODE 98, LOSS 3.6079564094543457
"2023-04-24 15:35:36,837 [INFO] LOSS FUNCTION PLOTTED at ./fig/0424_0333PMloss.png
"2023-04-24 15:35:37,790 [INFO] EPISODE 99, LOSS 3.0961267948150635
"2023-04-24 15:35:37,839 [INFO] LOSS FUNCTION PLOTTED at ./fig/0424_0333PMloss.png
"2023-04-24 15:35:38,829 [INFO] EPISODE 100, LOSS 3.957793951034546
"2023-04-24 15:35:38,879 [INFO] LOSS FUNCTION PLOTTED at ./fig/0424_0333PMloss.png
"2023-04-24 15:35:39,875 [INFO] EPISODE 101, LOSS 3.3767104148864746
"2023-04-24 15:35:39,923 [INFO] LOSS FUNCTION PLOTTED at ./fig/0424_0333PMloss.png
"2023-04-24 15:35:40,872 [INFO] EPISODE 102, LOSS 4.971620559692383
"2023-04-24 15:35:40,918 [INFO] LOSS FUNCTION PLOTTED at ./fig/0424_0333PMloss.png
"2023-04-24 15:35:41,883 [INFO] EPISODE 103, LOSS 1.8707412481307983
"2023-04-24 15:35:41,929 [INFO] LOSS FUNCTION PLOTTED at ./fig/0424_0333PMloss.png
"2023-04-24 15:35:42,839 [INFO] EPISODE 104, LOSS 2.3339693546295166
"2023-04-24 15:35:42,885 [INFO] LOSS FUNCTION PLOTTED at ./fig/0424_0333PMloss.png
"2023-04-24 15:35:43,849 [INFO] EPISODE 105, LOSS 3.205922842025757
"2023-04-24 15:35:43,898 [INFO] LOSS FUNCTION PLOTTED at ./fig/0424_0333PMloss.png
"2023-04-24 15:35:44,881 [INFO] EPISODE 106, LOSS 2.9874472618103027
"2023-04-24 15:35:44,932 [INFO] LOSS FUNCTION PLOTTED at ./fig/0424_0333PMloss.png
"2023-04-24 15:35:45,888 [INFO] EPISODE 107, LOSS 4.2117486000061035
"2023-04-24 15:35:45,935 [INFO] LOSS FUNCTION PLOTTED at ./fig/0424_0333PMloss.png
"2023-04-24 15:35:46,884 [INFO] EPISODE 108, LOSS 7.250815391540527
"2023-04-24 15:35:46,938 [INFO] LOSS FUNCTION PLOTTED at ./fig/0424_0333PMloss.png
"2023-04-24 15:35:47,904 [INFO] EPISODE 109, LOSS 7.290037155151367
"2023-04-24 15:35:47,956 [INFO] LOSS FUNCTION PLOTTED at ./fig/0424_0333PMloss.png
"2023-04-24 15:35:48,870 [INFO] EPISODE 110, LOSS 4.868312835693359
"2023-04-24 15:35:48,918 [INFO] LOSS FUNCTION PLOTTED at ./fig/0424_0333PMloss.png
"2023-04-24 15:35:49,876 [INFO] EPISODE 111, LOSS 2.5665574073791504
"2023-04-24 15:35:49,923 [INFO] LOSS FUNCTION PLOTTED at ./fig/0424_0333PMloss.png
"2023-04-24 15:35:50,898 [INFO] EPISODE 112, LOSS 2.3882784843444824
"2023-04-24 15:35:50,950 [INFO] LOSS FUNCTION PLOTTED at ./fig/0424_0333PMloss.png
"2023-04-24 15:35:51,887 [INFO] EPISODE 113, LOSS 2.564795732498169
"2023-04-24 15:35:51,936 [INFO] LOSS FUNCTION PLOTTED at ./fig/0424_0333PMloss.png
"2023-04-24 15:35:52,881 [INFO] EPISODE 114, LOSS 4.093833923339844
"2023-04-24 15:35:52,929 [INFO] LOSS FUNCTION PLOTTED at ./fig/0424_0333PMloss.png
"2023-04-24 15:35:53,900 [INFO] EPISODE 115, LOSS 2.865506172180176
"2023-04-24 15:35:53,957 [INFO] LOSS FUNCTION PLOTTED at ./fig/0424_0333PMloss.png
"2023-04-24 15:35:54,918 [INFO] EPISODE 116, LOSS 2.270819902420044
"2023-04-24 15:35:54,971 [INFO] LOSS FUNCTION PLOTTED at ./fig/0424_0333PMloss.png
"2023-04-24 15:35:55,933 [INFO] EPISODE 117, LOSS 5.029672622680664
"2023-04-24 15:35:56,031 [INFO] LOSS FUNCTION PLOTTED at ./fig/0424_0333PMloss.png
"2023-04-24 15:35:56,950 [INFO] EPISODE 118, LOSS 3.4185354709625244
"2023-04-24 15:35:57,000 [INFO] LOSS FUNCTION PLOTTED at ./fig/0424_0333PMloss.png
"2023-04-24 15:35:57,877 [INFO] EPISODE 119, LOSS 4.747360706329346
"2023-04-24 15:35:57,924 [INFO] LOSS FUNCTION PLOTTED at ./fig/0424_0333PMloss.png
"2023-04-24 15:35:58,891 [INFO] EPISODE 120, LOSS 2.3760159015655518
"2023-04-24 15:35:58,942 [INFO] LOSS FUNCTION PLOTTED at ./fig/0424_0333PMloss.png
"2023-04-24 15:35:59,926 [INFO] EPISODE 121, LOSS 6.782779693603516
"2023-04-24 15:35:59,985 [INFO] LOSS FUNCTION PLOTTED at ./fig/0424_0333PMloss.png
"2023-04-24 15:36:00,963 [INFO] EPISODE 122, LOSS 10.445342063903809
"2023-04-24 15:36:01,025 [INFO] LOSS FUNCTION PLOTTED at ./fig/0424_0333PMloss.png
"2023-04-24 15:36:02,045 [INFO] EPISODE 123, LOSS 1.5857107639312744
"2023-04-24 15:36:02,099 [INFO] LOSS FUNCTION PLOTTED at ./fig/0424_0333PMloss.png
"2023-04-24 15:36:03,085 [INFO] EPISODE 124, LOSS 3.3809099197387695
"2023-04-24 15:36:03,137 [INFO] LOSS FUNCTION PLOTTED at ./fig/0424_0333PMloss.png
"2023-04-24 15:36:04,100 [INFO] EPISODE 125, LOSS 9.274561882019043
"2023-04-24 15:36:04,152 [INFO] LOSS FUNCTION PLOTTED at ./fig/0424_0333PMloss.png
"2023-04-24 15:36:05,137 [INFO] EPISODE 126, LOSS 2.1611831188201904
"2023-04-24 15:36:05,188 [INFO] LOSS FUNCTION PLOTTED at ./fig/0424_0333PMloss.png
"2023-04-24 15:36:06,179 [INFO] EPISODE 127, LOSS 3.1362826824188232
"2023-04-24 15:36:06,229 [INFO] LOSS FUNCTION PLOTTED at ./fig/0424_0333PMloss.png
"2023-04-24 15:36:07,169 [INFO] EPISODE 128, LOSS 4.4517741203308105
"2023-04-24 15:36:07,216 [INFO] LOSS FUNCTION PLOTTED at ./fig/0424_0333PMloss.png
"2023-04-24 15:36:08,136 [INFO] EPISODE 129, LOSS 3.401949644088745
"2023-04-24 15:36:08,187 [INFO] LOSS FUNCTION PLOTTED at ./fig/0424_0333PMloss.png
"2023-04-24 15:36:09,114 [INFO] EPISODE 130, LOSS 1.509940266609192
"2023-04-24 15:36:09,165 [INFO] LOSS FUNCTION PLOTTED at ./fig/0424_0333PMloss.png
"2023-04-24 15:36:10,155 [INFO] EPISODE 131, LOSS 4.447941303253174
"2023-04-24 15:36:10,208 [INFO] LOSS FUNCTION PLOTTED at ./fig/0424_0333PMloss.png
"2023-04-24 15:36:11,204 [INFO] EPISODE 132, LOSS 4.968362808227539
"2023-04-24 15:36:11,256 [INFO] LOSS FUNCTION PLOTTED at ./fig/0424_0333PMloss.png
"2023-04-24 15:36:12,238 [INFO] EPISODE 133, LOSS 1.5400171279907227
"2023-04-24 15:36:12,287 [INFO] LOSS FUNCTION PLOTTED at ./fig/0424_0333PMloss.png
"2023-04-24 15:36:13,238 [INFO] EPISODE 134, LOSS 9.582839012145996
"2023-04-24 15:36:13,329 [INFO] LOSS FUNCTION PLOTTED at ./fig/0424_0333PMloss.png
"2023-04-24 15:36:14,349 [INFO] EPISODE 135, LOSS 1.1454719305038452
"2023-04-24 15:36:14,402 [INFO] LOSS FUNCTION PLOTTED at ./fig/0424_0333PMloss.png
"2023-04-24 15:36:15,384 [INFO] EPISODE 136, LOSS 2.7074015140533447
"2023-04-24 15:36:15,435 [INFO] LOSS FUNCTION PLOTTED at ./fig/0424_0333PMloss.png
"2023-04-24 15:36:16,412 [INFO] EPISODE 137, LOSS 4.45166015625
"2023-04-24 15:36:16,463 [INFO] LOSS FUNCTION PLOTTED at ./fig/0424_0333PMloss.png
"2023-04-24 15:36:17,435 [INFO] EPISODE 138, LOSS 2.687045097351074
"2023-04-24 15:36:17,489 [INFO] LOSS FUNCTION PLOTTED at ./fig/0424_0333PMloss.png
"2023-04-24 15:36:18,441 [INFO] EPISODE 139, LOSS 4.961920261383057
"2023-04-24 15:36:18,494 [INFO] LOSS FUNCTION PLOTTED at ./fig/0424_0333PMloss.png
"2023-04-24 15:36:19,483 [INFO] EPISODE 140, LOSS 5.799765586853027
"2023-04-24 15:36:19,534 [INFO] LOSS FUNCTION PLOTTED at ./fig/0424_0333PMloss.png
"2023-04-24 15:36:20,471 [INFO] EPISODE 141, LOSS 2.551345109939575
"2023-04-24 15:36:20,522 [INFO] LOSS FUNCTION PLOTTED at ./fig/0424_0333PMloss.png
"2023-04-24 15:36:21,455 [INFO] EPISODE 142, LOSS 4.352630615234375
"2023-04-24 15:36:21,505 [INFO] LOSS FUNCTION PLOTTED at ./fig/0424_0333PMloss.png
"2023-04-24 15:36:22,485 [INFO] EPISODE 143, LOSS 3.8471174240112305
"2023-04-24 15:36:22,537 [INFO] LOSS FUNCTION PLOTTED at ./fig/0424_0333PMloss.png
"2023-04-24 15:36:23,504 [INFO] EPISODE 144, LOSS 5.98961877822876
"2023-04-24 15:36:23,561 [INFO] LOSS FUNCTION PLOTTED at ./fig/0424_0333PMloss.png
"2023-04-24 15:36:24,539 [INFO] EPISODE 145, LOSS 1.320664405822754
"2023-04-24 15:36:24,591 [INFO] LOSS FUNCTION PLOTTED at ./fig/0424_0333PMloss.png
"2023-04-24 15:36:25,563 [INFO] EPISODE 146, LOSS 3.978177785873413
"2023-04-24 15:36:25,616 [INFO] LOSS FUNCTION PLOTTED at ./fig/0424_0333PMloss.png
"2023-04-24 15:36:26,575 [INFO] EPISODE 147, LOSS 3.2263121604919434
"2023-04-24 15:36:26,628 [INFO] LOSS FUNCTION PLOTTED at ./fig/0424_0333PMloss.png
"2023-04-24 15:36:27,588 [INFO] EPISODE 148, LOSS 3.6633505821228027
"2023-04-24 15:36:27,642 [INFO] LOSS FUNCTION PLOTTED at ./fig/0424_0333PMloss.png
"2023-04-24 15:36:28,618 [INFO] EPISODE 149, LOSS 1.0843979120254517
"2023-04-24 15:36:28,669 [INFO] LOSS FUNCTION PLOTTED at ./fig/0424_0333PMloss.png
"2023-04-24 15:36:29,603 [INFO] EPISODE 150, LOSS 2.022022008895874
"2023-04-24 15:36:29,654 [INFO] LOSS FUNCTION PLOTTED at ./fig/0424_0333PMloss.png
"2023-04-24 15:36:30,633 [INFO] EPISODE 151, LOSS 5.36639404296875
"2023-04-24 15:36:30,687 [INFO] LOSS FUNCTION PLOTTED at ./fig/0424_0333PMloss.png
"2023-04-24 15:36:31,660 [INFO] EPISODE 152, LOSS 3.282275438308716
"2023-04-24 15:36:31,710 [INFO] LOSS FUNCTION PLOTTED at ./fig/0424_0333PMloss.png
"2023-04-24 15:36:32,683 [INFO] EPISODE 153, LOSS 1.7952637672424316
"2023-04-24 15:36:32,787 [INFO] LOSS FUNCTION PLOTTED at ./fig/0424_0333PMloss.png
"2023-04-24 15:36:33,768 [INFO] EPISODE 154, LOSS 3.666335105895996
"2023-04-24 15:36:33,825 [INFO] LOSS FUNCTION PLOTTED at ./fig/0424_0333PMloss.png
"2023-04-24 15:36:34,823 [INFO] EPISODE 155, LOSS 3.552473783493042
"2023-04-24 15:36:34,876 [INFO] LOSS FUNCTION PLOTTED at ./fig/0424_0333PMloss.png
"2023-04-24 15:36:35,805 [INFO] EPISODE 156, LOSS 1.8198434114456177
"2023-04-24 15:36:35,858 [INFO] LOSS FUNCTION PLOTTED at ./fig/0424_0333PMloss.png
"2023-04-24 15:36:36,845 [INFO] EPISODE 157, LOSS 1.1206490993499756
"2023-04-24 15:36:36,900 [INFO] LOSS FUNCTION PLOTTED at ./fig/0424_0333PMloss.png
"2023-04-24 15:36:37,860 [INFO] EPISODE 158, LOSS 4.6864542961120605
"2023-04-24 15:36:37,914 [INFO] LOSS FUNCTION PLOTTED at ./fig/0424_0333PMloss.png
"2023-04-24 15:36:38,885 [INFO] EPISODE 159, LOSS 4.239092826843262
"2023-04-24 15:36:38,937 [INFO] LOSS FUNCTION PLOTTED at ./fig/0424_0333PMloss.png
"2023-04-24 15:36:39,906 [INFO] EPISODE 160, LOSS 3.2210867404937744
"2023-04-24 15:36:39,958 [INFO] LOSS FUNCTION PLOTTED at ./fig/0424_0333PMloss.png
"2023-04-24 15:36:40,928 [INFO] EPISODE 161, LOSS 3.7013518810272217
"2023-04-24 15:36:40,979 [INFO] LOSS FUNCTION PLOTTED at ./fig/0424_0333PMloss.png
"2023-04-24 15:36:41,945 [INFO] EPISODE 162, LOSS 1.918251633644104
"2023-04-24 15:36:41,996 [INFO] LOSS FUNCTION PLOTTED at ./fig/0424_0333PMloss.png
"2023-04-24 15:36:42,984 [INFO] EPISODE 163, LOSS 2.207101345062256
"2023-04-24 15:36:43,039 [INFO] LOSS FUNCTION PLOTTED at ./fig/0424_0333PMloss.png
"2023-04-24 15:36:44,010 [INFO] EPISODE 164, LOSS 2.2825634479522705
"2023-04-24 15:36:44,059 [INFO] LOSS FUNCTION PLOTTED at ./fig/0424_0333PMloss.png
"2023-04-24 15:36:45,030 [INFO] EPISODE 165, LOSS 6.758758544921875
"2023-04-24 15:36:45,084 [INFO] LOSS FUNCTION PLOTTED at ./fig/0424_0333PMloss.png
"2023-04-24 15:36:46,064 [INFO] EPISODE 166, LOSS 3.815279722213745
"2023-04-24 15:36:46,113 [INFO] LOSS FUNCTION PLOTTED at ./fig/0424_0333PMloss.png
"2023-04-24 15:36:47,000 [INFO] EPISODE 167, LOSS 2.5222368240356445
"2023-04-24 15:36:47,050 [INFO] LOSS FUNCTION PLOTTED at ./fig/0424_0333PMloss.png
"2023-04-24 15:36:48,051 [INFO] EPISODE 168, LOSS 3.7514548301696777
"2023-04-24 15:36:48,104 [INFO] LOSS FUNCTION PLOTTED at ./fig/0424_0333PMloss.png
"2023-04-24 15:36:49,058 [INFO] EPISODE 169, LOSS 3.1168012619018555
"2023-04-24 15:36:49,109 [INFO] LOSS FUNCTION PLOTTED at ./fig/0424_0333PMloss.png
"2023-04-24 15:36:50,079 [INFO] EPISODE 170, LOSS 2.3388164043426514
"2023-04-24 15:36:50,130 [INFO] LOSS FUNCTION PLOTTED at ./fig/0424_0333PMloss.png
"2023-04-24 15:36:51,091 [INFO] EPISODE 171, LOSS 1.7618991136550903
"2023-04-24 15:36:51,185 [INFO] LOSS FUNCTION PLOTTED at ./fig/0424_0333PMloss.png
"2023-04-24 15:36:52,154 [INFO] EPISODE 172, LOSS 9.850650787353516
"2023-04-24 15:36:52,206 [INFO] LOSS FUNCTION PLOTTED at ./fig/0424_0333PMloss.png
"2023-04-24 15:36:53,160 [INFO] EPISODE 173, LOSS 2.2940518856048584
"2023-04-24 15:36:53,208 [INFO] LOSS FUNCTION PLOTTED at ./fig/0424_0333PMloss.png
"2023-04-24 15:36:54,193 [INFO] EPISODE 174, LOSS 3.4463651180267334
"2023-04-24 15:36:54,247 [INFO] LOSS FUNCTION PLOTTED at ./fig/0424_0333PMloss.png
"2023-04-24 15:36:55,227 [INFO] EPISODE 175, LOSS 4.768992900848389
"2023-04-24 15:36:55,276 [INFO] LOSS FUNCTION PLOTTED at ./fig/0424_0333PMloss.png
"2023-04-24 15:36:56,242 [INFO] EPISODE 176, LOSS 1.2734564542770386
"2023-04-24 15:36:56,299 [INFO] LOSS FUNCTION PLOTTED at ./fig/0424_0333PMloss.png
"2023-04-24 15:36:57,273 [INFO] EPISODE 177, LOSS 4.509544849395752
"2023-04-24 15:36:57,323 [INFO] LOSS FUNCTION PLOTTED at ./fig/0424_0333PMloss.png
"2023-04-24 15:36:58,238 [INFO] EPISODE 178, LOSS 1.4438389539718628
"2023-04-24 15:36:58,286 [INFO] LOSS FUNCTION PLOTTED at ./fig/0424_0333PMloss.png
"2023-04-24 15:36:59,238 [INFO] EPISODE 179, LOSS 7.605539798736572
"2023-04-24 15:36:59,290 [INFO] LOSS FUNCTION PLOTTED at ./fig/0424_0333PMloss.png
"2023-04-24 15:37:00,228 [INFO] EPISODE 180, LOSS 3.0008325576782227
"2023-04-24 15:37:00,279 [INFO] LOSS FUNCTION PLOTTED at ./fig/0424_0333PMloss.png
"2023-04-24 15:37:01,242 [INFO] EPISODE 181, LOSS 1.5461220741271973
"2023-04-24 15:37:01,298 [INFO] LOSS FUNCTION PLOTTED at ./fig/0424_0333PMloss.png
"2023-04-24 15:37:02,267 [INFO] EPISODE 182, LOSS 1.3839938640594482
"2023-04-24 15:37:02,321 [INFO] LOSS FUNCTION PLOTTED at ./fig/0424_0333PMloss.png
"2023-04-24 15:37:03,310 [INFO] EPISODE 183, LOSS 6.265535354614258
"2023-04-24 15:37:03,361 [INFO] LOSS FUNCTION PLOTTED at ./fig/0424_0333PMloss.png
"2023-04-24 15:37:04,332 [INFO] EPISODE 184, LOSS 2.7525970935821533
"2023-04-24 15:37:04,384 [INFO] LOSS FUNCTION PLOTTED at ./fig/0424_0333PMloss.png
"2023-04-24 15:37:05,355 [INFO] EPISODE 185, LOSS 1.7861658334732056
"2023-04-24 15:37:05,410 [INFO] LOSS FUNCTION PLOTTED at ./fig/0424_0333PMloss.png
"2023-04-24 15:37:06,383 [INFO] EPISODE 186, LOSS 9.025237083435059
"2023-04-24 15:37:06,439 [INFO] LOSS FUNCTION PLOTTED at ./fig/0424_0333PMloss.png
"2023-04-24 15:37:07,395 [INFO] EPISODE 187, LOSS 7.63295316696167
"2023-04-24 15:37:07,446 [INFO] LOSS FUNCTION PLOTTED at ./fig/0424_0333PMloss.png
"2023-04-24 15:37:08,408 [INFO] EPISODE 188, LOSS 14.275705337524414
"2023-04-24 15:37:08,461 [INFO] LOSS FUNCTION PLOTTED at ./fig/0424_0333PMloss.png
"2023-04-24 15:37:09,434 [INFO] EPISODE 189, LOSS 2.459210157394409
"2023-04-24 15:37:09,488 [INFO] LOSS FUNCTION PLOTTED at ./fig/0424_0333PMloss.png
"2023-04-24 15:37:10,456 [INFO] EPISODE 190, LOSS 1.5575724840164185
"2023-04-24 15:37:10,556 [INFO] LOSS FUNCTION PLOTTED at ./fig/0424_0333PMloss.png
"2023-04-24 15:37:11,522 [INFO] EPISODE 191, LOSS 3.6101982593536377
"2023-04-24 15:37:11,572 [INFO] LOSS FUNCTION PLOTTED at ./fig/0424_0333PMloss.png
"2023-04-24 15:37:12,536 [INFO] EPISODE 192, LOSS 2.9477860927581787
"2023-04-24 15:37:12,588 [INFO] LOSS FUNCTION PLOTTED at ./fig/0424_0333PMloss.png
"2023-04-24 15:37:13,556 [INFO] EPISODE 193, LOSS 4.1873250007629395
"2023-04-24 15:37:13,607 [INFO] LOSS FUNCTION PLOTTED at ./fig/0424_0333PMloss.png
"2023-04-24 15:37:14,581 [INFO] EPISODE 194, LOSS 3.3133459091186523
"2023-04-24 15:37:14,635 [INFO] LOSS FUNCTION PLOTTED at ./fig/0424_0333PMloss.png
"2023-04-24 15:37:15,592 [INFO] EPISODE 195, LOSS 3.4079878330230713
"2023-04-24 15:37:15,644 [INFO] LOSS FUNCTION PLOTTED at ./fig/0424_0333PMloss.png
"2023-04-24 15:37:16,601 [INFO] EPISODE 196, LOSS 4.027936935424805
"2023-04-24 15:37:16,653 [INFO] LOSS FUNCTION PLOTTED at ./fig/0424_0333PMloss.png
"2023-04-24 15:37:17,629 [INFO] EPISODE 197, LOSS 2.1607232093811035
"2023-04-24 15:37:17,680 [INFO] LOSS FUNCTION PLOTTED at ./fig/0424_0333PMloss.png
"2023-04-24 15:37:18,624 [INFO] EPISODE 198, LOSS 1.119343638420105
"2023-04-24 15:37:18,678 [INFO] LOSS FUNCTION PLOTTED at ./fig/0424_0333PMloss.png
"2023-04-24 15:37:19,644 [INFO] EPISODE 199, LOSS 9.675456047058105
"2023-04-24 15:37:19,695 [INFO] LOSS FUNCTION PLOTTED at ./fig/0424_0333PMloss.png
"2023-04-24 15:37:20,662 [INFO] EPISODE 200, LOSS 2.6385796070098877
"2023-04-24 15:37:20,713 [INFO] LOSS FUNCTION PLOTTED at ./fig/0424_0333PMloss.png
"2023-04-24 15:37:21,688 [INFO] EPISODE 201, LOSS 3.6341946125030518
"2023-04-24 15:37:21,741 [INFO] LOSS FUNCTION PLOTTED at ./fig/0424_0333PMloss.png
"2023-04-24 15:37:22,713 [INFO] EPISODE 202, LOSS 3.1685237884521484
"2023-04-24 15:37:22,763 [INFO] LOSS FUNCTION PLOTTED at ./fig/0424_0333PMloss.png
"2023-04-24 15:37:23,727 [INFO] EPISODE 203, LOSS 3.4348762035369873
"2023-04-24 15:37:23,780 [INFO] LOSS FUNCTION PLOTTED at ./fig/0424_0333PMloss.png
"2023-04-24 15:37:24,751 [INFO] EPISODE 204, LOSS 3.0075223445892334
"2023-04-24 15:37:24,803 [INFO] LOSS FUNCTION PLOTTED at ./fig/0424_0333PMloss.png
"2023-04-24 15:37:25,792 [INFO] EPISODE 205, LOSS 1.4947786331176758
"2023-04-24 15:37:25,841 [INFO] LOSS FUNCTION PLOTTED at ./fig/0424_0333PMloss.png
"2023-04-24 15:37:26,804 [INFO] EPISODE 206, LOSS 6.978395938873291
"2023-04-24 15:37:26,851 [INFO] LOSS FUNCTION PLOTTED at ./fig/0424_0333PMloss.png
"2023-04-24 15:37:27,779 [INFO] EPISODE 207, LOSS 2.5240464210510254
"2023-04-24 15:37:27,872 [INFO] LOSS FUNCTION PLOTTED at ./fig/0424_0333PMloss.png
"2023-04-24 15:37:28,809 [INFO] EPISODE 208, LOSS 1.3817548751831055
"2023-04-24 15:37:28,859 [INFO] LOSS FUNCTION PLOTTED at ./fig/0424_0333PMloss.png
"2023-04-24 15:37:29,820 [INFO] EPISODE 209, LOSS 2.268928289413452
"2023-04-24 15:37:29,869 [INFO] LOSS FUNCTION PLOTTED at ./fig/0424_0333PMloss.png
"2023-04-24 15:37:30,835 [INFO] EPISODE 210, LOSS 1.9215985536575317
"2023-04-24 15:37:30,881 [INFO] LOSS FUNCTION PLOTTED at ./fig/0424_0333PMloss.png
"2023-04-24 15:37:31,854 [INFO] EPISODE 211, LOSS 5.43259859085083
"2023-04-24 15:37:31,904 [INFO] LOSS FUNCTION PLOTTED at ./fig/0424_0333PMloss.png
"2023-04-24 15:37:32,863 [INFO] EPISODE 212, LOSS 1.0087130069732666
"2023-04-24 15:37:32,912 [INFO] LOSS FUNCTION PLOTTED at ./fig/0424_0333PMloss.png
"2023-04-24 15:37:33,870 [INFO] EPISODE 213, LOSS 4.6463704109191895
"2023-04-24 15:37:33,921 [INFO] LOSS FUNCTION PLOTTED at ./fig/0424_0333PMloss.png
"2023-04-24 15:37:34,887 [INFO] EPISODE 214, LOSS 3.562514305114746
"2023-04-24 15:37:34,935 [INFO] LOSS FUNCTION PLOTTED at ./fig/0424_0333PMloss.png
"2023-04-24 15:37:35,892 [INFO] EPISODE 215, LOSS 2.412039041519165
"2023-04-24 15:37:35,942 [INFO] LOSS FUNCTION PLOTTED at ./fig/0424_0333PMloss.png
"2023-04-24 15:37:36,907 [INFO] EPISODE 216, LOSS 2.426443338394165
"2023-04-24 15:37:36,955 [INFO] LOSS FUNCTION PLOTTED at ./fig/0424_0333PMloss.png
"2023-04-24 15:37:37,934 [INFO] EPISODE 217, LOSS 0.9528084993362427
"2023-04-24 15:37:37,983 [INFO] LOSS FUNCTION PLOTTED at ./fig/0424_0333PMloss.png
"2023-04-24 15:37:38,948 [INFO] EPISODE 218, LOSS 7.0633392333984375
"2023-04-24 15:37:39,001 [INFO] LOSS FUNCTION PLOTTED at ./fig/0424_0333PMloss.png
"2023-04-24 15:37:39,968 [INFO] EPISODE 219, LOSS 2.2873387336730957
"2023-04-24 15:37:40,021 [INFO] LOSS FUNCTION PLOTTED at ./fig/0424_0333PMloss.png
"2023-04-24 15:37:41,019 [INFO] EPISODE 220, LOSS 1.8255146741867065
"2023-04-24 15:37:41,071 [INFO] LOSS FUNCTION PLOTTED at ./fig/0424_0333PMloss.png
"2023-04-24 15:37:42,052 [INFO] EPISODE 221, LOSS 3.024951219558716
"2023-04-24 15:37:42,101 [INFO] LOSS FUNCTION PLOTTED at ./fig/0424_0333PMloss.png
"2023-04-24 15:37:43,048 [INFO] EPISODE 222, LOSS 4.084553241729736
"2023-04-24 15:37:43,093 [INFO] LOSS FUNCTION PLOTTED at ./fig/0424_0333PMloss.png
"2023-04-24 15:37:44,057 [INFO] EPISODE 223, LOSS 4.878377914428711
"2023-04-24 15:37:44,104 [INFO] LOSS FUNCTION PLOTTED at ./fig/0424_0333PMloss.png
"2023-04-24 15:37:45,073 [INFO] EPISODE 224, LOSS 2.014106273651123
"2023-04-24 15:37:45,121 [INFO] LOSS FUNCTION PLOTTED at ./fig/0424_0333PMloss.png
"2023-04-24 15:37:46,091 [INFO] EPISODE 225, LOSS 1.8682337999343872
"2023-04-24 15:37:46,146 [INFO] LOSS FUNCTION PLOTTED at ./fig/0424_0333PMloss.png
"2023-04-24 15:37:47,112 [INFO] EPISODE 226, LOSS 2.3314218521118164
"2023-04-24 15:37:47,161 [INFO] LOSS FUNCTION PLOTTED at ./fig/0424_0333PMloss.png
"2023-04-24 15:37:48,141 [INFO] EPISODE 227, LOSS 4.5302252769470215
"2023-04-24 15:37:48,191 [INFO] LOSS FUNCTION PLOTTED at ./fig/0424_0333PMloss.png
"2023-04-24 15:37:49,138 [INFO] EPISODE 228, LOSS 3.3443338871002197
"2023-04-24 15:37:49,230 [INFO] LOSS FUNCTION PLOTTED at ./fig/0424_0333PMloss.png
"2023-04-24 15:37:50,199 [INFO] EPISODE 229, LOSS 2.8282253742218018
"2023-04-24 15:37:50,249 [INFO] LOSS FUNCTION PLOTTED at ./fig/0424_0333PMloss.png
"2023-04-24 15:37:51,226 [INFO] EPISODE 230, LOSS 3.1142919063568115
"2023-04-24 15:37:51,276 [INFO] LOSS FUNCTION PLOTTED at ./fig/0424_0333PMloss.png
"2023-04-24 15:37:52,234 [INFO] EPISODE 231, LOSS 3.2772648334503174
"2023-04-24 15:37:52,284 [INFO] LOSS FUNCTION PLOTTED at ./fig/0424_0333PMloss.png
"2023-04-24 15:37:53,251 [INFO] EPISODE 232, LOSS 3.7650809288024902
"2023-04-24 15:37:53,301 [INFO] LOSS FUNCTION PLOTTED at ./fig/0424_0333PMloss.png
"2023-04-24 15:37:54,247 [INFO] EPISODE 233, LOSS 1.763701319694519
"2023-04-24 15:37:54,293 [INFO] LOSS FUNCTION PLOTTED at ./fig/0424_0333PMloss.png
"2023-04-24 15:37:55,257 [INFO] EPISODE 234, LOSS 2.9459354877471924
"2023-04-24 15:37:55,307 [INFO] LOSS FUNCTION PLOTTED at ./fig/0424_0333PMloss.png
"2023-04-24 15:37:56,274 [INFO] EPISODE 235, LOSS 2.0512406826019287
"2023-04-24 15:37:56,321 [INFO] LOSS FUNCTION PLOTTED at ./fig/0424_0333PMloss.png
"2023-04-24 15:37:57,285 [INFO] EPISODE 236, LOSS 2.1694259643554688
"2023-04-24 15:37:57,334 [INFO] LOSS FUNCTION PLOTTED at ./fig/0424_0333PMloss.png
"2023-04-24 15:37:58,272 [INFO] EPISODE 237, LOSS 3.320847749710083
"2023-04-24 15:37:58,319 [INFO] LOSS FUNCTION PLOTTED at ./fig/0424_0333PMloss.png
"2023-04-24 15:37:59,285 [INFO] EPISODE 238, LOSS 4.8819966316223145
"2023-04-24 15:37:59,332 [INFO] LOSS FUNCTION PLOTTED at ./fig/0424_0333PMloss.png
"2023-04-24 15:38:00,313 [INFO] EPISODE 239, LOSS 1.9942147731781006
"2023-04-24 15:38:00,362 [INFO] LOSS FUNCTION PLOTTED at ./fig/0424_0333PMloss.png
"2023-04-24 15:38:01,298 [INFO] EPISODE 240, LOSS 2.453789472579956
"2023-04-24 15:38:01,349 [INFO] LOSS FUNCTION PLOTTED at ./fig/0424_0333PMloss.png
"2023-04-24 15:38:02,316 [INFO] EPISODE 241, LOSS 1.2727426290512085
"2023-04-24 15:38:02,370 [INFO] LOSS FUNCTION PLOTTED at ./fig/0424_0333PMloss.png
"2023-04-24 15:38:03,342 [INFO] EPISODE 242, LOSS 1.826743483543396
"2023-04-24 15:38:03,395 [INFO] LOSS FUNCTION PLOTTED at ./fig/0424_0333PMloss.png
"2023-04-24 15:38:04,382 [INFO] EPISODE 243, LOSS 2.390456199645996
"2023-04-24 15:38:04,430 [INFO] LOSS FUNCTION PLOTTED at ./fig/0424_0333PMloss.png
"2023-04-24 15:38:05,385 [INFO] EPISODE 244, LOSS 1.6376011371612549
"2023-04-24 15:38:05,435 [INFO] LOSS FUNCTION PLOTTED at ./fig/0424_0333PMloss.png
"2023-04-24 15:38:06,416 [INFO] EPISODE 245, LOSS 1.978532075881958
"2023-04-24 15:38:06,470 [INFO] LOSS FUNCTION PLOTTED at ./fig/0424_0333PMloss.png
"2023-04-24 15:38:07,430 [INFO] EPISODE 246, LOSS 1.365488886833191
"2023-04-24 15:38:07,481 [INFO] LOSS FUNCTION PLOTTED at ./fig/0424_0333PMloss.png
"2023-04-24 15:38:08,436 [INFO] EPISODE 247, LOSS 1.274604082107544
"2023-04-24 15:38:08,486 [INFO] LOSS FUNCTION PLOTTED at ./fig/0424_0333PMloss.png
"2023-04-24 15:38:09,464 [INFO] EPISODE 248, LOSS 2.788304567337036
"2023-04-24 15:38:09,563 [INFO] LOSS FUNCTION PLOTTED at ./fig/0424_0333PMloss.png
"2023-04-24 15:38:10,517 [INFO] EPISODE 249, LOSS 3.071537971496582
"2023-04-24 15:38:10,564 [INFO] LOSS FUNCTION PLOTTED at ./fig/0424_0333PMloss.png
"2023-04-24 15:38:11,540 [INFO] EPISODE 250, LOSS 3.0623302459716797
"2023-04-24 15:38:11,590 [INFO] LOSS FUNCTION PLOTTED at ./fig/0424_0333PMloss.png
"2023-04-24 15:38:12,577 [INFO] EPISODE 251, LOSS 2.1419973373413086
"2023-04-24 15:38:12,625 [INFO] LOSS FUNCTION PLOTTED at ./fig/0424_0333PMloss.png
"2023-04-24 15:38:13,576 [INFO] EPISODE 252, LOSS 2.029752731323242
"2023-04-24 15:38:13,628 [INFO] LOSS FUNCTION PLOTTED at ./fig/0424_0333PMloss.png
"2023-04-24 15:38:14,538 [INFO] EPISODE 253, LOSS 1.3554892539978027
"2023-04-24 15:38:14,589 [INFO] LOSS FUNCTION PLOTTED at ./fig/0424_0333PMloss.png
"2023-04-24 15:38:15,478 [INFO] EPISODE 254, LOSS 4.113729000091553
"2023-04-24 15:38:15,528 [INFO] LOSS FUNCTION PLOTTED at ./fig/0424_0333PMloss.png
"2023-04-24 15:38:16,436 [INFO] EPISODE 255, LOSS 2.7338788509368896
"2023-04-24 15:38:16,486 [INFO] LOSS FUNCTION PLOTTED at ./fig/0424_0333PMloss.png
"2023-04-24 15:38:17,393 [INFO] EPISODE 256, LOSS 3.442211627960205
"2023-04-24 15:38:17,444 [INFO] LOSS FUNCTION PLOTTED at ./fig/0424_0333PMloss.png
"2023-04-24 15:38:18,403 [INFO] EPISODE 257, LOSS 1.5437209606170654
"2023-04-24 15:38:18,454 [INFO] LOSS FUNCTION PLOTTED at ./fig/0424_0333PMloss.png
"2023-04-24 15:38:19,371 [INFO] EPISODE 258, LOSS 1.8807027339935303
"2023-04-24 15:38:19,422 [INFO] LOSS FUNCTION PLOTTED at ./fig/0424_0333PMloss.png
"2023-04-24 15:38:20,362 [INFO] EPISODE 259, LOSS 2.517117500305176
"2023-04-24 15:38:20,412 [INFO] LOSS FUNCTION PLOTTED at ./fig/0424_0333PMloss.png
"2023-04-24 15:38:21,374 [INFO] EPISODE 260, LOSS 1.3125354051589966
"2023-04-24 15:38:21,426 [INFO] LOSS FUNCTION PLOTTED at ./fig/0424_0333PMloss.png
"2023-04-24 15:38:22,388 [INFO] EPISODE 261, LOSS 1.900468349456787
"2023-04-24 15:38:22,437 [INFO] LOSS FUNCTION PLOTTED at ./fig/0424_0333PMloss.png
"2023-04-24 15:38:23,406 [INFO] EPISODE 262, LOSS 9.526885986328125
"2023-04-24 15:38:23,455 [INFO] LOSS FUNCTION PLOTTED at ./fig/0424_0333PMloss.png
"2023-04-24 15:38:24,431 [INFO] EPISODE 263, LOSS 1.9319560527801514
"2023-04-24 15:38:24,481 [INFO] LOSS FUNCTION PLOTTED at ./fig/0424_0333PMloss.png
"2023-04-24 15:38:25,444 [INFO] EPISODE 264, LOSS 2.014599323272705
"2023-04-24 15:38:25,495 [INFO] LOSS FUNCTION PLOTTED at ./fig/0424_0333PMloss.png
"2023-04-24 15:38:26,431 [INFO] EPISODE 265, LOSS 1.4174169301986694
"2023-04-24 15:38:26,479 [INFO] LOSS FUNCTION PLOTTED at ./fig/0424_0333PMloss.png
"2023-04-24 15:38:27,452 [INFO] EPISODE 266, LOSS 1.2118701934814453
"2023-04-24 15:38:27,502 [INFO] LOSS FUNCTION PLOTTED at ./fig/0424_0333PMloss.png
"2023-04-24 15:38:28,476 [INFO] EPISODE 267, LOSS 2.0425543785095215
"2023-04-24 15:38:28,572 [INFO] LOSS FUNCTION PLOTTED at ./fig/0424_0333PMloss.png
"2023-04-24 15:38:29,553 [INFO] EPISODE 268, LOSS 3.1492679119110107
"2023-04-24 15:38:29,605 [INFO] LOSS FUNCTION PLOTTED at ./fig/0424_0333PMloss.png
"2023-04-24 15:38:30,586 [INFO] EPISODE 269, LOSS 1.3931374549865723
"2023-04-24 15:38:30,633 [INFO] LOSS FUNCTION PLOTTED at ./fig/0424_0333PMloss.png
"2023-04-24 15:38:31,596 [INFO] EPISODE 270, LOSS 1.6582179069519043
"2023-04-24 15:38:31,643 [INFO] LOSS FUNCTION PLOTTED at ./fig/0424_0333PMloss.png
"2023-04-24 15:38:32,631 [INFO] EPISODE 271, LOSS 2.0566253662109375
"2023-04-24 15:38:32,682 [INFO] LOSS FUNCTION PLOTTED at ./fig/0424_0333PMloss.png
"2023-04-24 15:38:33,680 [INFO] EPISODE 272, LOSS 1.6519447565078735
"2023-04-24 15:38:33,730 [INFO] LOSS FUNCTION PLOTTED at ./fig/0424_0333PMloss.png
"2023-04-24 15:38:34,703 [INFO] EPISODE 273, LOSS 1.465271234512329
"2023-04-24 15:38:34,756 [INFO] LOSS FUNCTION PLOTTED at ./fig/0424_0333PMloss.png
"2023-04-24 15:38:35,728 [INFO] EPISODE 274, LOSS 5.571625709533691
"2023-04-24 15:38:35,775 [INFO] LOSS FUNCTION PLOTTED at ./fig/0424_0333PMloss.png
"2023-04-24 15:38:36,730 [INFO] EPISODE 275, LOSS 5.46414041519165
"2023-04-24 15:38:36,778 [INFO] LOSS FUNCTION PLOTTED at ./fig/0424_0333PMloss.png
"2023-04-24 15:38:37,722 [INFO] EPISODE 276, LOSS 0.7857993841171265
"2023-04-24 15:38:37,771 [INFO] LOSS FUNCTION PLOTTED at ./fig/0424_0333PMloss.png
"2023-04-24 15:38:38,732 [INFO] EPISODE 277, LOSS 3.8815972805023193
"2023-04-24 15:38:38,781 [INFO] LOSS FUNCTION PLOTTED at ./fig/0424_0333PMloss.png
"2023-04-24 15:38:39,711 [INFO] EPISODE 278, LOSS 1.1597102880477905
"2023-04-24 15:38:39,757 [INFO] LOSS FUNCTION PLOTTED at ./fig/0424_0333PMloss.png
"2023-04-24 15:38:40,719 [INFO] EPISODE 279, LOSS 2.4962854385375977
"2023-04-24 15:38:40,770 [INFO] LOSS FUNCTION PLOTTED at ./fig/0424_0333PMloss.png
"2023-04-24 15:38:41,720 [INFO] EPISODE 280, LOSS 1.0732874870300293
"2023-04-24 15:38:41,772 [INFO] LOSS FUNCTION PLOTTED at ./fig/0424_0333PMloss.png
"2023-04-24 15:38:42,723 [INFO] EPISODE 281, LOSS 1.6389057636260986
"2023-04-24 15:38:42,772 [INFO] LOSS FUNCTION PLOTTED at ./fig/0424_0333PMloss.png
"2023-04-24 15:38:43,748 [INFO] EPISODE 282, LOSS 1.759364366531372
"2023-04-24 15:38:43,801 [INFO] LOSS FUNCTION PLOTTED at ./fig/0424_0333PMloss.png
"2023-04-24 15:38:44,702 [INFO] EPISODE 283, LOSS 1.656459927558899
"2023-04-24 15:38:44,751 [INFO] LOSS FUNCTION PLOTTED at ./fig/0424_0333PMloss.png
"2023-04-24 15:38:45,673 [INFO] EPISODE 284, LOSS 3.3877594470977783
"2023-04-24 15:38:45,721 [INFO] LOSS FUNCTION PLOTTED at ./fig/0424_0333PMloss.png
"2023-04-24 15:38:46,661 [INFO] EPISODE 285, LOSS 2.60526442527771
"2023-04-24 15:38:46,709 [INFO] LOSS FUNCTION PLOTTED at ./fig/0424_0333PMloss.png
"2023-04-24 15:38:47,664 [INFO] EPISODE 286, LOSS 1.9548728466033936
"2023-04-24 15:38:47,760 [INFO] LOSS FUNCTION PLOTTED at ./fig/0424_0333PMloss.png
"2023-04-24 15:38:48,709 [INFO] EPISODE 287, LOSS 1.907464861869812
"2023-04-24 15:38:48,761 [INFO] LOSS FUNCTION PLOTTED at ./fig/0424_0333PMloss.png
"2023-04-24 15:38:49,729 [INFO] EPISODE 288, LOSS 2.5928547382354736
"2023-04-24 15:38:49,780 [INFO] LOSS FUNCTION PLOTTED at ./fig/0424_0333PMloss.png
"2023-04-24 15:38:50,724 [INFO] EPISODE 289, LOSS 1.844552993774414
"2023-04-24 15:38:50,775 [INFO] LOSS FUNCTION PLOTTED at ./fig/0424_0333PMloss.png
"2023-04-24 15:38:51,728 [INFO] EPISODE 290, LOSS 1.5879172086715698
"2023-04-24 15:38:51,782 [INFO] LOSS FUNCTION PLOTTED at ./fig/0424_0333PMloss.png
"2023-04-24 15:38:52,743 [INFO] EPISODE 291, LOSS 1.586035966873169
"2023-04-24 15:38:52,795 [INFO] LOSS FUNCTION PLOTTED at ./fig/0424_0333PMloss.png
"2023-04-24 15:38:53,777 [INFO] EPISODE 292, LOSS 1.2954168319702148
"2023-04-24 15:38:53,834 [INFO] LOSS FUNCTION PLOTTED at ./fig/0424_0333PMloss.png
"2023-04-24 15:38:54,777 [INFO] EPISODE 293, LOSS 4.36218786239624
"2023-04-24 15:38:54,829 [INFO] LOSS FUNCTION PLOTTED at ./fig/0424_0333PMloss.png
"2023-04-24 15:38:55,801 [INFO] EPISODE 294, LOSS 2.409330368041992
"2023-04-24 15:38:55,850 [INFO] LOSS FUNCTION PLOTTED at ./fig/0424_0333PMloss.png
"2023-04-24 15:38:56,821 [INFO] EPISODE 295, LOSS 2.0230283737182617
"2023-04-24 15:38:56,872 [INFO] LOSS FUNCTION PLOTTED at ./fig/0424_0333PMloss.png
"2023-04-24 15:38:57,828 [INFO] EPISODE 296, LOSS 2.772892951965332
"2023-04-24 15:38:57,878 [INFO] LOSS FUNCTION PLOTTED at ./fig/0424_0333PMloss.png
"2023-04-24 15:38:58,838 [INFO] EPISODE 297, LOSS 6.570023059844971
"2023-04-24 15:38:58,885 [INFO] LOSS FUNCTION PLOTTED at ./fig/0424_0333PMloss.png
"2023-04-24 15:38:59,843 [INFO] EPISODE 298, LOSS 5.108367919921875
"2023-04-24 15:38:59,896 [INFO] LOSS FUNCTION PLOTTED at ./fig/0424_0333PMloss.png
"2023-04-24 15:39:00,864 [INFO] EPISODE 299, LOSS 1.2459642887115479
"2023-04-24 15:39:00,912 [INFO] LOSS FUNCTION PLOTTED at ./fig/0424_0333PMloss.png
"2023-04-24 15:39:01,864 [INFO] EPISODE 300, LOSS 0.952114462852478
"2023-04-24 15:39:01,915 [INFO] LOSS FUNCTION PLOTTED at ./fig/0424_0333PMloss.png
"2023-04-24 15:39:02,860 [INFO] EPISODE 301, LOSS 10.426321029663086
"2023-04-24 15:39:02,910 [INFO] LOSS FUNCTION PLOTTED at ./fig/0424_0333PMloss.png
"2023-04-24 15:39:03,869 [INFO] EPISODE 302, LOSS 4.710897445678711
"2023-04-24 15:39:03,921 [INFO] LOSS FUNCTION PLOTTED at ./fig/0424_0333PMloss.png
"2023-04-24 15:39:04,889 [INFO] EPISODE 303, LOSS 4.228047847747803
"2023-04-24 15:39:04,941 [INFO] LOSS FUNCTION PLOTTED at ./fig/0424_0333PMloss.png
"2023-04-24 15:39:05,913 [INFO] EPISODE 304, LOSS 1.7552918195724487
"2023-04-24 15:39:06,007 [INFO] LOSS FUNCTION PLOTTED at ./fig/0424_0333PMloss.png
"2023-04-24 15:39:06,991 [INFO] EPISODE 305, LOSS 1.5754073858261108
"2023-04-24 15:39:07,043 [INFO] LOSS FUNCTION PLOTTED at ./fig/0424_0333PMloss.png
"2023-04-24 15:39:08,016 [INFO] EPISODE 306, LOSS 1.219010829925537
"2023-04-24 15:39:08,064 [INFO] LOSS FUNCTION PLOTTED at ./fig/0424_0333PMloss.png
"2023-04-24 15:39:09,041 [INFO] EPISODE 307, LOSS 2.178312301635742
"2023-04-24 15:39:09,091 [INFO] LOSS FUNCTION PLOTTED at ./fig/0424_0333PMloss.png
"2023-04-24 15:39:10,073 [INFO] EPISODE 308, LOSS 1.6843574047088623
"2023-04-24 15:39:10,125 [INFO] LOSS FUNCTION PLOTTED at ./fig/0424_0333PMloss.png
"2023-04-24 15:39:11,095 [INFO] EPISODE 309, LOSS 3.240049123764038
"2023-04-24 15:39:11,145 [INFO] LOSS FUNCTION PLOTTED at ./fig/0424_0333PMloss.png
"2023-04-24 15:39:12,131 [INFO] EPISODE 310, LOSS 1.4450139999389648
"2023-04-24 15:39:12,183 [INFO] LOSS FUNCTION PLOTTED at ./fig/0424_0333PMloss.png
"2023-04-24 15:39:13,165 [INFO] EPISODE 311, LOSS 1.7739430665969849
"2023-04-24 15:39:13,217 [INFO] LOSS FUNCTION PLOTTED at ./fig/0424_0333PMloss.png
"2023-04-24 15:39:14,236 [INFO] EPISODE 312, LOSS 2.339001178741455
"2023-04-24 15:39:14,296 [INFO] LOSS FUNCTION PLOTTED at ./fig/0424_0333PMloss.png
"2023-04-24 15:39:15,255 [INFO] EPISODE 313, LOSS 1.7444900274276733
"2023-04-24 15:39:15,306 [INFO] LOSS FUNCTION PLOTTED at ./fig/0424_0333PMloss.png
"2023-04-24 15:39:16,253 [INFO] EPISODE 314, LOSS 3.502434253692627
"2023-04-24 15:39:16,304 [INFO] LOSS FUNCTION PLOTTED at ./fig/0424_0333PMloss.png
"2023-04-24 15:39:17,277 [INFO] EPISODE 315, LOSS 1.1722757816314697
"2023-04-24 15:39:17,330 [INFO] LOSS FUNCTION PLOTTED at ./fig/0424_0333PMloss.png
"2023-04-24 15:39:18,275 [INFO] EPISODE 316, LOSS 9.383159637451172
"2023-04-24 15:39:18,334 [INFO] LOSS FUNCTION PLOTTED at ./fig/0424_0333PMloss.png
"2023-04-24 15:39:19,347 [INFO] EPISODE 317, LOSS 2.8574559688568115
"2023-04-24 15:39:19,397 [INFO] LOSS FUNCTION PLOTTED at ./fig/0424_0333PMloss.png
"2023-04-24 15:39:20,385 [INFO] EPISODE 318, LOSS 3.793417453765869
"2023-04-24 15:39:20,433 [INFO] LOSS FUNCTION PLOTTED at ./fig/0424_0333PMloss.png
"2023-04-24 15:39:21,411 [INFO] EPISODE 319, LOSS 6.169366836547852
"2023-04-24 15:39:21,464 [INFO] LOSS FUNCTION PLOTTED at ./fig/0424_0333PMloss.png
"2023-04-24 15:39:22,469 [INFO] EPISODE 320, LOSS 3.278656244277954
"2023-04-24 15:39:22,519 [INFO] LOSS FUNCTION PLOTTED at ./fig/0424_0333PMloss.png
"2023-04-24 15:39:23,513 [INFO] EPISODE 321, LOSS 2.866081714630127
"2023-04-24 15:39:23,562 [INFO] LOSS FUNCTION PLOTTED at ./fig/0424_0333PMloss.png
"2023-04-24 15:39:24,529 [INFO] EPISODE 322, LOSS 2.4750356674194336
"2023-04-24 15:39:24,582 [INFO] LOSS FUNCTION PLOTTED at ./fig/0424_0333PMloss.png
"2023-04-24 15:39:25,570 [INFO] EPISODE 323, LOSS 2.674593687057495
"2023-04-24 15:39:25,665 [INFO] LOSS FUNCTION PLOTTED at ./fig/0424_0333PMloss.png
"2023-04-24 15:39:26,633 [INFO] EPISODE 324, LOSS 1.158279299736023
"2023-04-24 15:39:26,687 [INFO] LOSS FUNCTION PLOTTED at ./fig/0424_0333PMloss.png
"2023-04-24 15:39:27,674 [INFO] EPISODE 325, LOSS 2.583988666534424
"2023-04-24 15:39:27,724 [INFO] LOSS FUNCTION PLOTTED at ./fig/0424_0333PMloss.png
"2023-04-24 15:39:28,705 [INFO] EPISODE 326, LOSS 3.436004877090454
"2023-04-24 15:39:28,757 [INFO] LOSS FUNCTION PLOTTED at ./fig/0424_0333PMloss.png
"2023-04-24 15:39:29,682 [INFO] EPISODE 327, LOSS 2.8600258827209473
"2023-04-24 15:39:29,729 [INFO] LOSS FUNCTION PLOTTED at ./fig/0424_0333PMloss.png
"2023-04-24 15:39:30,710 [INFO] EPISODE 328, LOSS 3.041443109512329
"2023-04-24 15:39:30,762 [INFO] LOSS FUNCTION PLOTTED at ./fig/0424_0333PMloss.png
"2023-04-24 15:39:31,705 [INFO] EPISODE 329, LOSS 2.8880650997161865
"2023-04-24 15:39:31,753 [INFO] LOSS FUNCTION PLOTTED at ./fig/0424_0333PMloss.png
"2023-04-24 15:39:32,757 [INFO] EPISODE 330, LOSS 1.0869373083114624
"2023-04-24 15:39:32,811 [INFO] LOSS FUNCTION PLOTTED at ./fig/0424_0333PMloss.png
"2023-04-24 15:39:33,785 [INFO] EPISODE 331, LOSS 2.9433865547180176
"2023-04-24 15:39:33,834 [INFO] LOSS FUNCTION PLOTTED at ./fig/0424_0333PMloss.png
"2023-04-24 15:39:34,829 [INFO] EPISODE 332, LOSS 1.593414545059204
"2023-04-24 15:39:34,879 [INFO] LOSS FUNCTION PLOTTED at ./fig/0424_0333PMloss.png
"2023-04-24 15:39:35,902 [INFO] EPISODE 333, LOSS 1.74070143699646
"2023-04-24 15:39:35,951 [INFO] LOSS FUNCTION PLOTTED at ./fig/0424_0333PMloss.png
"2023-04-24 15:39:36,918 [INFO] EPISODE 334, LOSS 4.102710247039795
"2023-04-24 15:39:36,969 [INFO] LOSS FUNCTION PLOTTED at ./fig/0424_0333PMloss.png
"2023-04-24 15:39:37,942 [INFO] EPISODE 335, LOSS 2.641730785369873
"2023-04-24 15:39:37,993 [INFO] LOSS FUNCTION PLOTTED at ./fig/0424_0333PMloss.png
"2023-04-24 15:39:38,959 [INFO] EPISODE 336, LOSS 3.329318046569824
"2023-04-24 15:39:39,010 [INFO] LOSS FUNCTION PLOTTED at ./fig/0424_0333PMloss.png
"2023-04-24 15:39:39,962 [INFO] EPISODE 337, LOSS 2.722388505935669
"2023-04-24 15:39:40,014 [INFO] LOSS FUNCTION PLOTTED at ./fig/0424_0333PMloss.png
"2023-04-24 15:39:40,987 [INFO] EPISODE 338, LOSS 3.6549105644226074
"2023-04-24 15:39:41,048 [INFO] LOSS FUNCTION PLOTTED at ./fig/0424_0333PMloss.png
"2023-04-24 15:39:42,039 [INFO] EPISODE 339, LOSS 1.5177336931228638
"2023-04-24 15:39:42,096 [INFO] LOSS FUNCTION PLOTTED at ./fig/0424_0333PMloss.png
"2023-04-24 15:39:43,108 [INFO] EPISODE 340, LOSS 1.0018534660339355
"2023-04-24 15:39:43,160 [INFO] LOSS FUNCTION PLOTTED at ./fig/0424_0333PMloss.png
"2023-04-24 15:39:44,140 [INFO] EPISODE 341, LOSS 1.1507289409637451
"2023-04-24 15:39:44,189 [INFO] LOSS FUNCTION PLOTTED at ./fig/0424_0333PMloss.png
"2023-04-24 15:39:45,170 [INFO] EPISODE 342, LOSS 8.206048965454102
"2023-04-24 15:39:45,225 [INFO] LOSS FUNCTION PLOTTED at ./fig/0424_0333PMloss.png
"2023-04-24 15:39:46,209 [INFO] EPISODE 343, LOSS 1.598961591720581
"2023-04-24 15:39:46,313 [INFO] LOSS FUNCTION PLOTTED at ./fig/0424_0333PMloss.png
"2023-04-24 15:39:47,296 [INFO] EPISODE 344, LOSS 2.6294291019439697
"2023-04-24 15:39:47,351 [INFO] LOSS FUNCTION PLOTTED at ./fig/0424_0333PMloss.png
"2023-04-24 15:39:48,333 [INFO] EPISODE 345, LOSS 4.321680068969727
"2023-04-24 15:39:48,385 [INFO] LOSS FUNCTION PLOTTED at ./fig/0424_0333PMloss.png
"2023-04-24 15:39:49,367 [INFO] EPISODE 346, LOSS 1.3641248941421509
"2023-04-24 15:39:49,422 [INFO] LOSS FUNCTION PLOTTED at ./fig/0424_0333PMloss.png
"2023-04-24 15:39:50,429 [INFO] EPISODE 347, LOSS 1.6126022338867188
"2023-04-24 15:39:50,479 [INFO] LOSS FUNCTION PLOTTED at ./fig/0424_0333PMloss.png
"2023-04-24 15:39:51,450 [INFO] EPISODE 348, LOSS 2.6551356315612793
"2023-04-24 15:39:51,500 [INFO] LOSS FUNCTION PLOTTED at ./fig/0424_0333PMloss.png
"2023-04-24 15:39:52,472 [INFO] EPISODE 349, LOSS 3.084460735321045
"2023-04-24 15:39:52,522 [INFO] LOSS FUNCTION PLOTTED at ./fig/0424_0333PMloss.png
"2023-04-24 15:39:53,540 [INFO] EPISODE 350, LOSS 1.0227936506271362
"2023-04-24 15:39:53,590 [INFO] LOSS FUNCTION PLOTTED at ./fig/0424_0333PMloss.png
"2023-04-24 15:39:54,559 [INFO] EPISODE 351, LOSS 3.3446810245513916
"2023-04-24 15:39:54,611 [INFO] LOSS FUNCTION PLOTTED at ./fig/0424_0333PMloss.png
"2023-04-24 15:39:55,575 [INFO] EPISODE 352, LOSS 4.091418743133545
"2023-04-24 15:39:55,625 [INFO] LOSS FUNCTION PLOTTED at ./fig/0424_0333PMloss.png
"2023-04-24 15:39:56,588 [INFO] EPISODE 353, LOSS 1.7146083116531372
"2023-04-24 15:39:56,639 [INFO] LOSS FUNCTION PLOTTED at ./fig/0424_0333PMloss.png
"2023-04-24 15:39:57,615 [INFO] EPISODE 354, LOSS 0.7158974409103394
"2023-04-24 15:39:57,665 [INFO] LOSS FUNCTION PLOTTED at ./fig/0424_0333PMloss.png
"2023-04-24 15:39:58,633 [INFO] EPISODE 355, LOSS 2.3214058876037598
"2023-04-24 15:39:58,687 [INFO] LOSS FUNCTION PLOTTED at ./fig/0424_0333PMloss.png
"2023-04-24 15:39:59,697 [INFO] EPISODE 356, LOSS 3.484212636947632
"2023-04-24 15:39:59,746 [INFO] LOSS FUNCTION PLOTTED at ./fig/0424_0333PMloss.png
"2023-04-24 15:40:00,748 [INFO] EPISODE 357, LOSS 3.7557806968688965
"2023-04-24 15:40:00,799 [INFO] LOSS FUNCTION PLOTTED at ./fig/0424_0333PMloss.png
"2023-04-24 15:40:01,780 [INFO] EPISODE 358, LOSS 3.1748976707458496
"2023-04-24 15:40:01,835 [INFO] LOSS FUNCTION PLOTTED at ./fig/0424_0333PMloss.png
"2023-04-24 15:40:02,797 [INFO] EPISODE 359, LOSS 0.9097362160682678
"2023-04-24 15:40:02,848 [INFO] LOSS FUNCTION PLOTTED at ./fig/0424_0333PMloss.png
"2023-04-24 15:40:03,847 [INFO] EPISODE 360, LOSS 2.7630503177642822
"2023-04-24 15:40:03,905 [INFO] LOSS FUNCTION PLOTTED at ./fig/0424_0333PMloss.png
"2023-04-24 15:40:04,883 [INFO] EPISODE 361, LOSS 2.1888794898986816
"2023-04-24 15:40:04,937 [INFO] LOSS FUNCTION PLOTTED at ./fig/0424_0333PMloss.png
"2023-04-24 15:40:05,933 [INFO] EPISODE 362, LOSS 11.705869674682617
"2023-04-24 15:40:06,031 [INFO] LOSS FUNCTION PLOTTED at ./fig/0424_0333PMloss.png
"2023-04-24 15:40:07,014 [INFO] EPISODE 363, LOSS 4.869387149810791
"2023-04-24 15:40:07,065 [INFO] LOSS FUNCTION PLOTTED at ./fig/0424_0333PMloss.png
"2023-04-24 15:40:08,052 [INFO] EPISODE 364, LOSS 2.339064121246338
"2023-04-24 15:40:08,105 [INFO] LOSS FUNCTION PLOTTED at ./fig/0424_0333PMloss.png
"2023-04-24 15:40:09,058 [INFO] EPISODE 365, LOSS 1.6237759590148926
"2023-04-24 15:40:09,116 [INFO] LOSS FUNCTION PLOTTED at ./fig/0424_0333PMloss.png
"2023-04-24 15:40:10,083 [INFO] EPISODE 366, LOSS 1.5107991695404053
"2023-04-24 15:40:10,134 [INFO] LOSS FUNCTION PLOTTED at ./fig/0424_0333PMloss.png
"2023-04-24 15:40:11,133 [INFO] EPISODE 367, LOSS 4.6624674797058105
"2023-04-24 15:40:11,185 [INFO] LOSS FUNCTION PLOTTED at ./fig/0424_0333PMloss.png
"2023-04-24 15:40:12,195 [INFO] EPISODE 368, LOSS 2.3462984561920166
"2023-04-24 15:40:12,244 [INFO] LOSS FUNCTION PLOTTED at ./fig/0424_0333PMloss.png
"2023-04-24 15:40:13,235 [INFO] EPISODE 369, LOSS 1.0330991744995117
"2023-04-24 15:40:13,286 [INFO] LOSS FUNCTION PLOTTED at ./fig/0424_0333PMloss.png
"2023-04-24 15:40:14,286 [INFO] EPISODE 370, LOSS 1.4167215824127197
"2023-04-24 15:40:14,341 [INFO] LOSS FUNCTION PLOTTED at ./fig/0424_0333PMloss.png
"2023-04-24 15:40:15,299 [INFO] EPISODE 371, LOSS 2.440335512161255
"2023-04-24 15:40:15,349 [INFO] LOSS FUNCTION PLOTTED at ./fig/0424_0333PMloss.png
"2023-04-24 15:40:16,344 [INFO] EPISODE 372, LOSS 3.792032241821289
"2023-04-24 15:40:16,398 [INFO] LOSS FUNCTION PLOTTED at ./fig/0424_0333PMloss.png
"2023-04-24 15:40:17,342 [INFO] EPISODE 373, LOSS 3.5704233646392822
"2023-04-24 15:40:17,396 [INFO] LOSS FUNCTION PLOTTED at ./fig/0424_0333PMloss.png
"2023-04-24 15:40:18,394 [INFO] EPISODE 374, LOSS 1.9431686401367188
"2023-04-24 15:40:18,444 [INFO] LOSS FUNCTION PLOTTED at ./fig/0424_0333PMloss.png
"2023-04-24 15:40:19,421 [INFO] EPISODE 375, LOSS 3.7962429523468018
"2023-04-24 15:40:19,472 [INFO] LOSS FUNCTION PLOTTED at ./fig/0424_0333PMloss.png
"2023-04-24 15:40:20,465 [INFO] EPISODE 376, LOSS 2.5354650020599365
"2023-04-24 15:40:20,517 [INFO] LOSS FUNCTION PLOTTED at ./fig/0424_0333PMloss.png
"2023-04-24 15:40:21,472 [INFO] EPISODE 377, LOSS 1.4899051189422607
"2023-04-24 15:40:21,522 [INFO] LOSS FUNCTION PLOTTED at ./fig/0424_0333PMloss.png
"2023-04-24 15:40:22,404 [INFO] EPISODE 378, LOSS 3.3718924522399902
"2023-04-24 15:40:22,457 [INFO] LOSS FUNCTION PLOTTED at ./fig/0424_0333PMloss.png
"2023-04-24 15:40:23,494 [INFO] EPISODE 379, LOSS 3.216698169708252
"2023-04-24 15:40:23,546 [INFO] LOSS FUNCTION PLOTTED at ./fig/0424_0333PMloss.png
"2023-04-24 15:40:24,550 [INFO] EPISODE 380, LOSS 1.3002088069915771
"2023-04-24 15:40:24,600 [INFO] LOSS FUNCTION PLOTTED at ./fig/0424_0333PMloss.png
"2023-04-24 15:40:25,646 [INFO] EPISODE 381, LOSS 5.856526851654053
"2023-04-24 15:40:25,747 [INFO] LOSS FUNCTION PLOTTED at ./fig/0424_0333PMloss.png
"2023-04-24 15:40:26,770 [INFO] EPISODE 382, LOSS 2.8393123149871826
"2023-04-24 15:40:26,824 [INFO] LOSS FUNCTION PLOTTED at ./fig/0424_0333PMloss.png
"2023-04-24 15:40:27,752 [INFO] EPISODE 383, LOSS 3.521648645401001
"2023-04-24 15:40:27,803 [INFO] LOSS FUNCTION PLOTTED at ./fig/0424_0333PMloss.png
"2023-04-24 15:40:28,825 [INFO] EPISODE 384, LOSS 0.9194592237472534
"2023-04-24 15:40:28,881 [INFO] LOSS FUNCTION PLOTTED at ./fig/0424_0333PMloss.png
"2023-04-24 15:40:29,817 [INFO] EPISODE 385, LOSS 5.122830390930176
"2023-04-24 15:40:29,868 [INFO] LOSS FUNCTION PLOTTED at ./fig/0424_0333PMloss.png
"2023-04-24 15:40:30,898 [INFO] EPISODE 386, LOSS 2.9528310298919678
"2023-04-24 15:40:30,956 [INFO] LOSS FUNCTION PLOTTED at ./fig/0424_0333PMloss.png
"2023-04-24 15:40:31,887 [INFO] EPISODE 387, LOSS 1.9878226518630981
"2023-04-24 15:40:31,939 [INFO] LOSS FUNCTION PLOTTED at ./fig/0424_0333PMloss.png
"2023-04-24 15:40:32,939 [INFO] EPISODE 388, LOSS 1.6695483922958374
"2023-04-24 15:40:32,994 [INFO] LOSS FUNCTION PLOTTED at ./fig/0424_0333PMloss.png
"2023-04-24 15:40:34,012 [INFO] EPISODE 389, LOSS 2.412306547164917
"2023-04-24 15:40:34,066 [INFO] LOSS FUNCTION PLOTTED at ./fig/0424_0333PMloss.png
"2023-04-24 15:40:35,051 [INFO] EPISODE 390, LOSS 2.7110798358917236
"2023-04-24 15:40:35,103 [INFO] LOSS FUNCTION PLOTTED at ./fig/0424_0333PMloss.png
"2023-04-24 15:40:36,102 [INFO] EPISODE 391, LOSS 2.9437990188598633
"2023-04-24 15:40:36,154 [INFO] LOSS FUNCTION PLOTTED at ./fig/0424_0333PMloss.png
"2023-04-24 15:40:37,134 [INFO] EPISODE 392, LOSS 2.7263009548187256
"2023-04-24 15:40:37,188 [INFO] LOSS FUNCTION PLOTTED at ./fig/0424_0333PMloss.png
"2023-04-24 15:40:38,176 [INFO] EPISODE 393, LOSS 3.4848318099975586
"2023-04-24 15:40:38,231 [INFO] LOSS FUNCTION PLOTTED at ./fig/0424_0333PMloss.png
"2023-04-24 15:40:39,200 [INFO] EPISODE 394, LOSS 3.815171003341675
"2023-04-24 15:40:39,251 [INFO] LOSS FUNCTION PLOTTED at ./fig/0424_0333PMloss.png
"2023-04-24 15:40:40,187 [INFO] EPISODE 395, LOSS 6.868493556976318
"2023-04-24 15:40:40,238 [INFO] LOSS FUNCTION PLOTTED at ./fig/0424_0333PMloss.png
"2023-04-24 15:40:41,257 [INFO] EPISODE 396, LOSS 3.1162099838256836
"2023-04-24 15:40:41,307 [INFO] LOSS FUNCTION PLOTTED at ./fig/0424_0333PMloss.png
"2023-04-24 15:40:42,282 [INFO] EPISODE 397, LOSS 1.7045040130615234
"2023-04-24 15:40:42,392 [INFO] LOSS FUNCTION PLOTTED at ./fig/0424_0333PMloss.png
"2023-04-24 15:40:43,351 [INFO] EPISODE 398, LOSS 2.2484397888183594
"2023-04-24 15:40:43,405 [INFO] LOSS FUNCTION PLOTTED at ./fig/0424_0333PMloss.png
"2023-04-24 15:40:44,394 [INFO] EPISODE 399, LOSS 2.32200026512146
"2023-04-24 15:40:44,449 [INFO] LOSS FUNCTION PLOTTED at ./fig/0424_0333PMloss.png
"2023-04-24 15:40:45,413 [INFO] EPISODE 400, LOSS 1.4733242988586426
"2023-04-24 15:40:45,468 [INFO] LOSS FUNCTION PLOTTED at ./fig/0424_0333PMloss.png
"2023-04-24 15:40:46,395 [INFO] EPISODE 401, LOSS 1.900795340538025
"2023-04-24 15:40:46,449 [INFO] LOSS FUNCTION PLOTTED at ./fig/0424_0333PMloss.png
"2023-04-24 15:40:47,446 [INFO] EPISODE 402, LOSS 1.508259654045105
"2023-04-24 15:40:47,497 [INFO] LOSS FUNCTION PLOTTED at ./fig/0424_0333PMloss.png
"2023-04-24 15:40:48,480 [INFO] EPISODE 403, LOSS 5.977876663208008
"2023-04-24 15:40:48,530 [INFO] LOSS FUNCTION PLOTTED at ./fig/0424_0333PMloss.png
"2023-04-24 15:40:49,527 [INFO] EPISODE 404, LOSS 1.8496321439743042
"2023-04-24 15:40:49,582 [INFO] LOSS FUNCTION PLOTTED at ./fig/0424_0333PMloss.png
"2023-04-24 15:40:50,568 [INFO] EPISODE 405, LOSS 0.8504960536956787
"2023-04-24 15:40:50,621 [INFO] LOSS FUNCTION PLOTTED at ./fig/0424_0333PMloss.png
"2023-04-24 15:40:51,597 [INFO] EPISODE 406, LOSS 6.039761066436768
"2023-04-24 15:40:51,647 [INFO] LOSS FUNCTION PLOTTED at ./fig/0424_0333PMloss.png
"2023-04-24 15:40:52,614 [INFO] EPISODE 407, LOSS 2.8911690711975098
"2023-04-24 15:40:52,670 [INFO] LOSS FUNCTION PLOTTED at ./fig/0424_0333PMloss.png
"2023-04-24 15:40:53,643 [INFO] EPISODE 408, LOSS 1.3757033348083496
"2023-04-24 15:40:53,694 [INFO] LOSS FUNCTION PLOTTED at ./fig/0424_0333PMloss.png
"2023-04-24 15:40:54,670 [INFO] EPISODE 409, LOSS 7.6850762367248535
"2023-04-24 15:40:54,723 [INFO] LOSS FUNCTION PLOTTED at ./fig/0424_0333PMloss.png
"2023-04-24 15:40:55,699 [INFO] EPISODE 410, LOSS 1.4821302890777588
"2023-04-24 15:40:55,750 [INFO] LOSS FUNCTION PLOTTED at ./fig/0424_0333PMloss.png
"2023-04-24 15:40:56,752 [INFO] EPISODE 411, LOSS 1.6454724073410034
"2023-04-24 15:40:56,803 [INFO] LOSS FUNCTION PLOTTED at ./fig/0424_0333PMloss.png
"2023-04-24 15:40:57,791 [INFO] EPISODE 412, LOSS 1.3636234998703003
"2023-04-24 15:40:57,840 [INFO] LOSS FUNCTION PLOTTED at ./fig/0424_0333PMloss.png
"2023-04-24 15:40:58,834 [INFO] EPISODE 413, LOSS 6.072890281677246
"2023-04-24 15:40:58,939 [INFO] LOSS FUNCTION PLOTTED at ./fig/0424_0333PMloss.png
"2023-04-24 15:40:59,946 [INFO] EPISODE 414, LOSS 2.313649892807007
"2023-04-24 15:40:59,993 [INFO] LOSS FUNCTION PLOTTED at ./fig/0424_0333PMloss.png
"2023-04-24 15:41:00,964 [INFO] EPISODE 415, LOSS 1.2984905242919922
"2023-04-24 15:41:01,015 [INFO] LOSS FUNCTION PLOTTED at ./fig/0424_0333PMloss.png
"2023-04-24 15:41:02,018 [INFO] EPISODE 416, LOSS 0.9382545351982117
"2023-04-24 15:41:02,068 [INFO] LOSS FUNCTION PLOTTED at ./fig/0424_0333PMloss.png
"2023-04-24 15:41:03,092 [INFO] EPISODE 417, LOSS 2.4922523498535156
"2023-04-24 15:41:03,139 [INFO] LOSS FUNCTION PLOTTED at ./fig/0424_0333PMloss.png
"2023-04-24 15:41:04,181 [INFO] EPISODE 418, LOSS 0.8394289016723633
"2023-04-24 15:41:04,232 [INFO] LOSS FUNCTION PLOTTED at ./fig/0424_0333PMloss.png
"2023-04-24 15:41:05,261 [INFO] EPISODE 419, LOSS 6.013432502746582
"2023-04-24 15:41:05,309 [INFO] LOSS FUNCTION PLOTTED at ./fig/0424_0333PMloss.png
"2023-04-24 15:41:06,303 [INFO] EPISODE 420, LOSS 4.657084941864014
"2023-04-24 15:41:06,351 [INFO] LOSS FUNCTION PLOTTED at ./fig/0424_0333PMloss.png
"2023-04-24 15:41:07,336 [INFO] EPISODE 421, LOSS 3.919712543487549
"2023-04-24 15:41:07,383 [INFO] LOSS FUNCTION PLOTTED at ./fig/0424_0333PMloss.png
"2023-04-24 15:41:08,387 [INFO] EPISODE 422, LOSS 1.8898355960845947
"2023-04-24 15:41:08,436 [INFO] LOSS FUNCTION PLOTTED at ./fig/0424_0333PMloss.png
"2023-04-24 15:41:09,449 [INFO] EPISODE 423, LOSS 2.275268077850342
"2023-04-24 15:41:09,500 [INFO] LOSS FUNCTION PLOTTED at ./fig/0424_0333PMloss.png
"2023-04-24 15:41:10,503 [INFO] EPISODE 424, LOSS 1.6614741086959839
"2023-04-24 15:41:10,554 [INFO] LOSS FUNCTION PLOTTED at ./fig/0424_0333PMloss.png
"2023-04-24 15:41:11,551 [INFO] EPISODE 425, LOSS 3.1735341548919678
"2023-04-24 15:41:11,597 [INFO] LOSS FUNCTION PLOTTED at ./fig/0424_0333PMloss.png
"2023-04-24 15:41:12,583 [INFO] EPISODE 426, LOSS 4.872193336486816
"2023-04-24 15:41:12,636 [INFO] LOSS FUNCTION PLOTTED at ./fig/0424_0333PMloss.png
"2023-04-24 15:41:13,631 [INFO] EPISODE 427, LOSS 1.4521172046661377
"2023-04-24 15:41:13,677 [INFO] LOSS FUNCTION PLOTTED at ./fig/0424_0333PMloss.png
"2023-04-24 15:41:14,663 [INFO] EPISODE 428, LOSS 3.251162528991699
"2023-04-24 15:41:14,712 [INFO] LOSS FUNCTION PLOTTED at ./fig/0424_0333PMloss.png
"2023-04-24 15:41:15,647 [INFO] EPISODE 429, LOSS 2.3649940490722656
"2023-04-24 15:41:15,693 [INFO] LOSS FUNCTION PLOTTED at ./fig/0424_0333PMloss.png
"2023-04-24 15:41:16,662 [INFO] EPISODE 430, LOSS 1.823238492012024
"2023-04-24 15:41:16,711 [INFO] LOSS FUNCTION PLOTTED at ./fig/0424_0333PMloss.png
"2023-04-24 15:41:17,716 [INFO] EPISODE 431, LOSS 2.135887622833252
"2023-04-24 15:41:17,769 [INFO] LOSS FUNCTION PLOTTED at ./fig/0424_0333PMloss.png
"2023-04-24 15:41:18,726 [INFO] EPISODE 432, LOSS 0.6793631911277771
"2023-04-24 15:41:18,779 [INFO] LOSS FUNCTION PLOTTED at ./fig/0424_0333PMloss.png
"2023-04-24 15:41:19,757 [INFO] EPISODE 433, LOSS 2.693554162979126
"2023-04-24 15:41:19,804 [INFO] LOSS FUNCTION PLOTTED at ./fig/0424_0333PMloss.png
"2023-04-24 15:41:20,782 [INFO] EPISODE 434, LOSS 1.8734616041183472
"2023-04-24 15:41:20,879 [INFO] LOSS FUNCTION PLOTTED at ./fig/0424_0333PMloss.png
"2023-04-24 15:41:21,888 [INFO] EPISODE 435, LOSS 0.9343494772911072
"2023-04-24 15:41:21,935 [INFO] LOSS FUNCTION PLOTTED at ./fig/0424_0333PMloss.png
"2023-04-24 15:41:22,936 [INFO] EPISODE 436, LOSS 1.5860012769699097
"2023-04-24 15:41:22,990 [INFO] LOSS FUNCTION PLOTTED at ./fig/0424_0333PMloss.png
"2023-04-24 15:41:24,005 [INFO] EPISODE 437, LOSS 3.0572290420532227
"2023-04-24 15:41:24,058 [INFO] LOSS FUNCTION PLOTTED at ./fig/0424_0333PMloss.png
"2023-04-24 15:41:25,073 [INFO] EPISODE 438, LOSS 1.785390019416809
"2023-04-24 15:41:25,122 [INFO] LOSS FUNCTION PLOTTED at ./fig/0424_0333PMloss.png
"2023-04-24 15:41:26,109 [INFO] EPISODE 439, LOSS 1.7283644676208496
"2023-04-24 15:41:26,157 [INFO] LOSS FUNCTION PLOTTED at ./fig/0424_0333PMloss.png
"2023-04-24 15:41:27,138 [INFO] EPISODE 440, LOSS 3.1923766136169434
"2023-04-24 15:41:27,186 [INFO] LOSS FUNCTION PLOTTED at ./fig/0424_0333PMloss.png
"2023-04-24 15:41:28,178 [INFO] EPISODE 441, LOSS 1.7256158590316772
"2023-04-24 15:41:28,228 [INFO] LOSS FUNCTION PLOTTED at ./fig/0424_0333PMloss.png
"2023-04-24 15:41:29,185 [INFO] EPISODE 442, LOSS 1.0945229530334473
"2023-04-24 15:41:29,233 [INFO] LOSS FUNCTION PLOTTED at ./fig/0424_0333PMloss.png
"2023-04-24 15:41:30,175 [INFO] EPISODE 443, LOSS 1.6242555379867554
"2023-04-24 15:41:30,224 [INFO] LOSS FUNCTION PLOTTED at ./fig/0424_0333PMloss.png
"2023-04-24 15:41:31,207 [INFO] EPISODE 444, LOSS 0.6492229700088501
"2023-04-24 15:41:31,255 [INFO] LOSS FUNCTION PLOTTED at ./fig/0424_0333PMloss.png
"2023-04-24 15:41:32,241 [INFO] EPISODE 445, LOSS 1.9612985849380493
"2023-04-24 15:41:32,290 [INFO] LOSS FUNCTION PLOTTED at ./fig/0424_0333PMloss.png
"2023-04-24 15:41:33,288 [INFO] EPISODE 446, LOSS 1.0640830993652344
"2023-04-24 15:41:33,339 [INFO] LOSS FUNCTION PLOTTED at ./fig/0424_0333PMloss.png
"2023-04-24 15:41:34,333 [INFO] EPISODE 447, LOSS 1.3152976036071777
"2023-04-24 15:41:34,381 [INFO] LOSS FUNCTION PLOTTED at ./fig/0424_0333PMloss.png
"2023-04-24 15:41:35,368 [INFO] EPISODE 448, LOSS 2.121391773223877
"2023-04-24 15:41:35,416 [INFO] LOSS FUNCTION PLOTTED at ./fig/0424_0333PMloss.png
"2023-04-24 15:41:36,365 [INFO] EPISODE 449, LOSS 1.7130922079086304
"2023-04-24 15:41:36,410 [INFO] LOSS FUNCTION PLOTTED at ./fig/0424_0333PMloss.png
"2023-04-24 15:41:37,394 [INFO] EPISODE 450, LOSS 3.803589344024658
"2023-04-24 15:41:37,442 [INFO] LOSS FUNCTION PLOTTED at ./fig/0424_0333PMloss.png
"2023-04-24 15:41:38,412 [INFO] EPISODE 451, LOSS 2.4166457653045654
"2023-04-24 15:41:38,459 [INFO] LOSS FUNCTION PLOTTED at ./fig/0424_0333PMloss.png
"2023-04-24 15:41:39,450 [INFO] EPISODE 452, LOSS 2.1896259784698486
"2023-04-24 15:41:39,503 [INFO] LOSS FUNCTION PLOTTED at ./fig/0424_0333PMloss.png
"2023-04-24 15:41:40,503 [INFO] EPISODE 453, LOSS 2.7720956802368164
"2023-04-24 15:41:40,551 [INFO] LOSS FUNCTION PLOTTED at ./fig/0424_0333PMloss.png
"2023-04-24 15:41:41,543 [INFO] EPISODE 454, LOSS 2.8421239852905273
"2023-04-24 15:41:41,594 [INFO] LOSS FUNCTION PLOTTED at ./fig/0424_0333PMloss.png
"2023-04-24 15:41:42,587 [INFO] EPISODE 455, LOSS 1.5499414205551147
"2023-04-24 15:41:42,695 [INFO] LOSS FUNCTION PLOTTED at ./fig/0424_0333PMloss.png
"2023-04-24 15:41:43,671 [INFO] EPISODE 456, LOSS 2.931676149368286
"2023-04-24 15:41:43,723 [INFO] LOSS FUNCTION PLOTTED at ./fig/0424_0333PMloss.png
"2023-04-24 15:41:44,723 [INFO] EPISODE 457, LOSS 1.0328770875930786
"2023-04-24 15:41:44,775 [INFO] LOSS FUNCTION PLOTTED at ./fig/0424_0333PMloss.png
"2023-04-24 15:41:45,747 [INFO] EPISODE 458, LOSS 1.3081265687942505
"2023-04-24 15:41:45,794 [INFO] LOSS FUNCTION PLOTTED at ./fig/0424_0333PMloss.png
"2023-04-24 15:41:46,770 [INFO] EPISODE 459, LOSS 4.781548976898193
"2023-04-24 15:41:46,816 [INFO] LOSS FUNCTION PLOTTED at ./fig/0424_0333PMloss.png
"2023-04-24 15:41:47,736 [INFO] EPISODE 460, LOSS 1.998603343963623
"2023-04-24 15:41:47,784 [INFO] LOSS FUNCTION PLOTTED at ./fig/0424_0333PMloss.png
"2023-04-24 15:41:48,737 [INFO] EPISODE 461, LOSS 2.302286148071289
"2023-04-24 15:41:48,786 [INFO] LOSS FUNCTION PLOTTED at ./fig/0424_0333PMloss.png
"2023-04-24 15:41:49,772 [INFO] EPISODE 462, LOSS 1.7400652170181274
"2023-04-24 15:41:49,825 [INFO] LOSS FUNCTION PLOTTED at ./fig/0424_0333PMloss.png
"2023-04-24 15:41:50,810 [INFO] EPISODE 463, LOSS 2.1093413829803467
"2023-04-24 15:41:50,861 [INFO] LOSS FUNCTION PLOTTED at ./fig/0424_0333PMloss.png
"2023-04-24 15:41:51,828 [INFO] EPISODE 464, LOSS 2.691702127456665
"2023-04-24 15:41:51,880 [INFO] LOSS FUNCTION PLOTTED at ./fig/0424_0333PMloss.png
"2023-04-24 15:41:52,867 [INFO] EPISODE 465, LOSS 1.6690952777862549
"2023-04-24 15:41:52,917 [INFO] LOSS FUNCTION PLOTTED at ./fig/0424_0333PMloss.png
"2023-04-24 15:41:53,890 [INFO] EPISODE 466, LOSS 2.463944911956787
"2023-04-24 15:41:53,940 [INFO] LOSS FUNCTION PLOTTED at ./fig/0424_0333PMloss.png
"2023-04-24 15:41:54,896 [INFO] EPISODE 467, LOSS 0.8905877470970154
"2023-04-24 15:41:54,947 [INFO] LOSS FUNCTION PLOTTED at ./fig/0424_0333PMloss.png
"2023-04-24 15:41:55,929 [INFO] EPISODE 468, LOSS 1.8925457000732422
"2023-04-24 15:41:55,983 [INFO] LOSS FUNCTION PLOTTED at ./fig/0424_0333PMloss.png
"2023-04-24 15:41:56,976 [INFO] EPISODE 469, LOSS 1.6494829654693604
"2023-04-24 15:41:57,025 [INFO] LOSS FUNCTION PLOTTED at ./fig/0424_0333PMloss.png
"2023-04-24 15:41:58,015 [INFO] EPISODE 470, LOSS 1.659221887588501
"2023-04-24 15:41:58,063 [INFO] LOSS FUNCTION PLOTTED at ./fig/0424_0333PMloss.png
"2023-04-24 15:41:59,058 [INFO] EPISODE 471, LOSS 2.6352593898773193
"2023-04-24 15:41:59,110 [INFO] LOSS FUNCTION PLOTTED at ./fig/0424_0333PMloss.png
"2023-04-24 15:42:00,118 [INFO] EPISODE 472, LOSS 1.601157307624817
"2023-04-24 15:42:00,166 [INFO] LOSS FUNCTION PLOTTED at ./fig/0424_0333PMloss.png
"2023-04-24 15:42:01,153 [INFO] EPISODE 473, LOSS 3.9097580909729004
"2023-04-24 15:42:01,201 [INFO] LOSS FUNCTION PLOTTED at ./fig/0424_0333PMloss.png
"2023-04-24 15:42:02,185 [INFO] EPISODE 474, LOSS 0.8564875721931458
"2023-04-24 15:42:02,233 [INFO] LOSS FUNCTION PLOTTED at ./fig/0424_0333PMloss.png
"2023-04-24 15:42:03,212 [INFO] EPISODE 475, LOSS 1.3717468976974487
"2023-04-24 15:42:03,261 [INFO] LOSS FUNCTION PLOTTED at ./fig/0424_0333PMloss.png
"2023-04-24 15:42:04,265 [INFO] EPISODE 476, LOSS 3.453521728515625
"2023-04-24 15:42:04,359 [INFO] LOSS FUNCTION PLOTTED at ./fig/0424_0333PMloss.png
"2023-04-24 15:42:05,353 [INFO] EPISODE 477, LOSS 2.1915013790130615
"2023-04-24 15:42:05,403 [INFO] LOSS FUNCTION PLOTTED at ./fig/0424_0333PMloss.png
"2023-04-24 15:42:06,387 [INFO] EPISODE 478, LOSS 1.4017530679702759
"2023-04-24 15:42:06,436 [INFO] LOSS FUNCTION PLOTTED at ./fig/0424_0333PMloss.png
"2023-04-24 15:42:07,398 [INFO] EPISODE 479, LOSS 3.080400228500366
"2023-04-24 15:42:07,446 [INFO] LOSS FUNCTION PLOTTED at ./fig/0424_0333PMloss.png
"2023-04-24 15:42:08,443 [INFO] EPISODE 480, LOSS 1.1405988931655884
"2023-04-24 15:42:08,495 [INFO] LOSS FUNCTION PLOTTED at ./fig/0424_0333PMloss.png
"2023-04-24 15:42:09,529 [INFO] EPISODE 481, LOSS 4.173346996307373
"2023-04-24 15:42:09,578 [INFO] LOSS FUNCTION PLOTTED at ./fig/0424_0333PMloss.png
"2023-04-24 15:42:10,541 [INFO] EPISODE 482, LOSS 1.4626959562301636
"2023-04-24 15:42:10,597 [INFO] LOSS FUNCTION PLOTTED at ./fig/0424_0333PMloss.png
"2023-04-24 15:42:11,571 [INFO] EPISODE 483, LOSS 5.1678690910339355
"2023-04-24 15:42:11,622 [INFO] LOSS FUNCTION PLOTTED at ./fig/0424_0333PMloss.png
"2023-04-24 15:42:12,606 [INFO] EPISODE 484, LOSS 3.714775800704956
"2023-04-24 15:42:12,654 [INFO] LOSS FUNCTION PLOTTED at ./fig/0424_0333PMloss.png
"2023-04-24 15:42:13,674 [INFO] EPISODE 485, LOSS 0.7228914499282837
"2023-04-24 15:42:13,723 [INFO] LOSS FUNCTION PLOTTED at ./fig/0424_0333PMloss.png
"2023-04-24 15:42:14,703 [INFO] EPISODE 486, LOSS 2.638209342956543
"2023-04-24 15:42:14,754 [INFO] LOSS FUNCTION PLOTTED at ./fig/0424_0333PMloss.png
"2023-04-24 15:42:15,755 [INFO] EPISODE 487, LOSS 2.0757062435150146
"2023-04-24 15:42:15,805 [INFO] LOSS FUNCTION PLOTTED at ./fig/0424_0333PMloss.png
"2023-04-24 15:42:16,756 [INFO] EPISODE 488, LOSS 2.170854330062866
"2023-04-24 15:42:16,803 [INFO] LOSS FUNCTION PLOTTED at ./fig/0424_0333PMloss.png
"2023-04-24 15:42:17,781 [INFO] EPISODE 489, LOSS 3.3005921840667725
"2023-04-24 15:42:17,828 [INFO] LOSS FUNCTION PLOTTED at ./fig/0424_0333PMloss.png
"2023-04-24 15:42:18,809 [INFO] EPISODE 490, LOSS 4.8495707511901855
"2023-04-24 15:42:18,862 [INFO] LOSS FUNCTION PLOTTED at ./fig/0424_0333PMloss.png
"2023-04-24 15:42:19,853 [INFO] EPISODE 491, LOSS 2.934831142425537
"2023-04-24 15:42:19,906 [INFO] LOSS FUNCTION PLOTTED at ./fig/0424_0333PMloss.png
"2023-04-24 15:42:20,893 [INFO] EPISODE 492, LOSS 1.460206389427185
"2023-04-24 15:42:20,945 [INFO] LOSS FUNCTION PLOTTED at ./fig/0424_0333PMloss.png
"2023-04-24 15:42:21,916 [INFO] EPISODE 493, LOSS 5.703937530517578
"2023-04-24 15:42:21,963 [INFO] LOSS FUNCTION PLOTTED at ./fig/0424_0333PMloss.png
"2023-04-24 15:42:22,958 [INFO] EPISODE 494, LOSS 0.9885987043380737
"2023-04-24 15:42:23,008 [INFO] LOSS FUNCTION PLOTTED at ./fig/0424_0333PMloss.png
"2023-04-24 15:42:23,984 [INFO] EPISODE 495, LOSS 2.0596585273742676
"2023-04-24 15:42:24,083 [INFO] LOSS FUNCTION PLOTTED at ./fig/0424_0333PMloss.png
"2023-04-24 15:42:25,065 [INFO] EPISODE 496, LOSS 1.273105263710022
"2023-04-24 15:42:25,114 [INFO] LOSS FUNCTION PLOTTED at ./fig/0424_0333PMloss.png
"2023-04-24 15:42:26,001 [INFO] EPISODE 497, LOSS 1.869012475013733
"2023-04-24 15:42:26,050 [INFO] LOSS FUNCTION PLOTTED at ./fig/0424_0333PMloss.png
"2023-04-24 15:42:27,044 [INFO] EPISODE 498, LOSS 1.629097819328308
"2023-04-24 15:42:27,093 [INFO] LOSS FUNCTION PLOTTED at ./fig/0424_0333PMloss.png
"2023-04-24 15:42:28,062 [INFO] EPISODE 499, LOSS 5.641360282897949
"2023-04-24 15:42:28,110 [INFO] LOSS FUNCTION PLOTTED at ./fig/0424_0333PMloss.png
"2023-04-24 15:42:29,060 [INFO] EPISODE 500, LOSS 2.529439687728882
"2023-04-24 15:42:29,111 [INFO] LOSS FUNCTION PLOTTED at ./fig/0424_0333PMloss.png
"2023-04-24 15:42:30,125 [INFO] EPISODE 501, LOSS 1.7179679870605469
"2023-04-24 15:42:30,174 [INFO] LOSS FUNCTION PLOTTED at ./fig/0424_0333PMloss.png
"2023-04-24 15:42:31,161 [INFO] EPISODE 502, LOSS 1.3349144458770752
"2023-04-24 15:42:31,209 [INFO] LOSS FUNCTION PLOTTED at ./fig/0424_0333PMloss.png
"2023-04-24 15:42:32,189 [INFO] EPISODE 503, LOSS 2.5673458576202393
"2023-04-24 15:42:32,238 [INFO] LOSS FUNCTION PLOTTED at ./fig/0424_0333PMloss.png
"2023-04-24 15:42:33,217 [INFO] EPISODE 504, LOSS 2.1436054706573486
"2023-04-24 15:42:33,264 [INFO] LOSS FUNCTION PLOTTED at ./fig/0424_0333PMloss.png
"2023-04-24 15:42:34,247 [INFO] EPISODE 505, LOSS 1.2426514625549316
"2023-04-24 15:42:34,296 [INFO] LOSS FUNCTION PLOTTED at ./fig/0424_0333PMloss.png
"2023-04-24 15:42:35,294 [INFO] EPISODE 506, LOSS 1.9005560874938965
"2023-04-24 15:42:35,352 [INFO] LOSS FUNCTION PLOTTED at ./fig/0424_0333PMloss.png
"2023-04-24 15:42:36,335 [INFO] EPISODE 507, LOSS 1.3098866939544678
"2023-04-24 15:42:36,389 [INFO] LOSS FUNCTION PLOTTED at ./fig/0424_0333PMloss.png
"2023-04-24 15:42:37,357 [INFO] EPISODE 508, LOSS 1.6625670194625854
"2023-04-24 15:42:37,409 [INFO] LOSS FUNCTION PLOTTED at ./fig/0424_0333PMloss.png
"2023-04-24 15:42:38,380 [INFO] EPISODE 509, LOSS 0.8648024797439575
"2023-04-24 15:42:38,428 [INFO] LOSS FUNCTION PLOTTED at ./fig/0424_0333PMloss.png
"2023-04-24 15:42:39,425 [INFO] EPISODE 510, LOSS 0.8143654465675354
"2023-04-24 15:42:39,477 [INFO] LOSS FUNCTION PLOTTED at ./fig/0424_0333PMloss.png
"2023-04-24 15:42:40,476 [INFO] EPISODE 511, LOSS 3.113698959350586
"2023-04-24 15:42:40,525 [INFO] LOSS FUNCTION PLOTTED at ./fig/0424_0333PMloss.png
"2023-04-24 15:42:41,507 [INFO] EPISODE 512, LOSS 3.031463861465454
"2023-04-24 15:42:41,561 [INFO] LOSS FUNCTION PLOTTED at ./fig/0424_0333PMloss.png
"2023-04-24 15:42:42,558 [INFO] EPISODE 513, LOSS 1.4434576034545898
"2023-04-24 15:42:42,609 [INFO] LOSS FUNCTION PLOTTED at ./fig/0424_0333PMloss.png
"2023-04-24 15:42:43,589 [INFO] EPISODE 514, LOSS 1.8002359867095947
"2023-04-24 15:42:43,696 [INFO] LOSS FUNCTION PLOTTED at ./fig/0424_0333PMloss.png
"2023-04-24 15:42:44,716 [INFO] EPISODE 515, LOSS 6.41279935836792
"2023-04-24 15:42:44,765 [INFO] LOSS FUNCTION PLOTTED at ./fig/0424_0333PMloss.png
"2023-04-24 15:42:45,798 [INFO] EPISODE 516, LOSS 1.2551031112670898
"2023-04-24 15:42:45,849 [INFO] LOSS FUNCTION PLOTTED at ./fig/0424_0333PMloss.png
"2023-04-24 15:42:46,866 [INFO] EPISODE 517, LOSS 2.1433773040771484
"2023-04-24 15:42:46,913 [INFO] LOSS FUNCTION PLOTTED at ./fig/0424_0333PMloss.png
"2023-04-24 15:42:47,858 [INFO] EPISODE 518, LOSS 2.618779420852661
"2023-04-24 15:42:47,914 [INFO] LOSS FUNCTION PLOTTED at ./fig/0424_0333PMloss.png
"2023-04-24 15:42:48,914 [INFO] EPISODE 519, LOSS 8.629632949829102
"2023-04-24 15:42:48,962 [INFO] LOSS FUNCTION PLOTTED at ./fig/0424_0333PMloss.png
"2023-04-24 15:42:49,971 [INFO] EPISODE 520, LOSS 2.2137486934661865
"2023-04-24 15:42:50,024 [INFO] LOSS FUNCTION PLOTTED at ./fig/0424_0333PMloss.png
"2023-04-24 15:42:50,995 [INFO] EPISODE 521, LOSS 2.0825932025909424
"2023-04-24 15:42:51,047 [INFO] LOSS FUNCTION PLOTTED at ./fig/0424_0333PMloss.png
"2023-04-24 15:42:52,027 [INFO] EPISODE 522, LOSS 2.2701423168182373
"2023-04-24 15:42:52,078 [INFO] LOSS FUNCTION PLOTTED at ./fig/0424_0333PMloss.png
"2023-04-24 15:42:53,093 [INFO] EPISODE 523, LOSS 0.9939247369766235
"2023-04-24 15:42:53,145 [INFO] LOSS FUNCTION PLOTTED at ./fig/0424_0333PMloss.png
"2023-04-24 15:42:54,134 [INFO] EPISODE 524, LOSS 1.126825213432312
"2023-04-24 15:42:54,184 [INFO] LOSS FUNCTION PLOTTED at ./fig/0424_0333PMloss.png
"2023-04-24 15:42:55,169 [INFO] EPISODE 525, LOSS 2.9388551712036133
"2023-04-24 15:42:55,220 [INFO] LOSS FUNCTION PLOTTED at ./fig/0424_0333PMloss.png
"2023-04-24 15:42:56,204 [INFO] EPISODE 526, LOSS 7.159317493438721
"2023-04-24 15:42:56,255 [INFO] LOSS FUNCTION PLOTTED at ./fig/0424_0333PMloss.png
"2023-04-24 15:42:57,241 [INFO] EPISODE 527, LOSS 4.30321741104126
"2023-04-24 15:42:57,290 [INFO] LOSS FUNCTION PLOTTED at ./fig/0424_0333PMloss.png
"2023-04-24 15:42:58,267 [INFO] EPISODE 528, LOSS 2.6076877117156982
"2023-04-24 15:42:58,314 [INFO] LOSS FUNCTION PLOTTED at ./fig/0424_0333PMloss.png
"2023-04-24 15:42:59,296 [INFO] EPISODE 529, LOSS 2.404468297958374
"2023-04-24 15:42:59,349 [INFO] LOSS FUNCTION PLOTTED at ./fig/0424_0333PMloss.png
"2023-04-24 15:43:00,329 [INFO] EPISODE 530, LOSS 1.5152106285095215
"2023-04-24 15:43:00,384 [INFO] LOSS FUNCTION PLOTTED at ./fig/0424_0333PMloss.png
"2023-04-24 15:43:01,371 [INFO] EPISODE 531, LOSS 3.158752918243408
"2023-04-24 15:43:01,419 [INFO] LOSS FUNCTION PLOTTED at ./fig/0424_0333PMloss.png
"2023-04-24 15:43:02,423 [INFO] EPISODE 532, LOSS 2.281924247741699
"2023-04-24 15:43:02,472 [INFO] LOSS FUNCTION PLOTTED at ./fig/0424_0333PMloss.png
"2023-04-24 15:43:03,436 [INFO] EPISODE 533, LOSS 1.299339771270752
"2023-04-24 15:43:03,541 [INFO] LOSS FUNCTION PLOTTED at ./fig/0424_0333PMloss.png
"2023-04-24 15:43:04,524 [INFO] EPISODE 534, LOSS 3.230926275253296
"2023-04-24 15:43:04,577 [INFO] LOSS FUNCTION PLOTTED at ./fig/0424_0333PMloss.png
"2023-04-24 15:43:05,568 [INFO] EPISODE 535, LOSS 2.057948350906372
"2023-04-24 15:43:05,617 [INFO] LOSS FUNCTION PLOTTED at ./fig/0424_0333PMloss.png
"2023-04-24 15:43:06,569 [INFO] EPISODE 536, LOSS 2.3561806678771973
"2023-04-24 15:43:06,623 [INFO] LOSS FUNCTION PLOTTED at ./fig/0424_0333PMloss.png
"2023-04-24 15:43:07,628 [INFO] EPISODE 537, LOSS 5.193296432495117
"2023-04-24 15:43:07,678 [INFO] LOSS FUNCTION PLOTTED at ./fig/0424_0333PMloss.png
"2023-04-24 15:43:08,680 [INFO] EPISODE 538, LOSS 0.8956618309020996
"2023-04-24 15:43:08,731 [INFO] LOSS FUNCTION PLOTTED at ./fig/0424_0333PMloss.png
"2023-04-24 15:43:09,696 [INFO] EPISODE 539, LOSS 2.6819000244140625
"2023-04-24 15:43:09,746 [INFO] LOSS FUNCTION PLOTTED at ./fig/0424_0333PMloss.png
"2023-04-24 15:43:10,755 [INFO] EPISODE 540, LOSS 3.968177318572998
"2023-04-24 15:43:10,812 [INFO] LOSS FUNCTION PLOTTED at ./fig/0424_0333PMloss.png
"2023-04-24 15:43:11,814 [INFO] EPISODE 541, LOSS 1.9670671224594116
"2023-04-24 15:43:11,871 [INFO] LOSS FUNCTION PLOTTED at ./fig/0424_0333PMloss.png
"2023-04-24 15:43:12,845 [INFO] EPISODE 542, LOSS 1.461787223815918
"2023-04-24 15:43:12,896 [INFO] LOSS FUNCTION PLOTTED at ./fig/0424_0333PMloss.png
"2023-04-24 15:43:13,907 [INFO] EPISODE 543, LOSS 0.7030972242355347
"2023-04-24 15:43:13,958 [INFO] LOSS FUNCTION PLOTTED at ./fig/0424_0333PMloss.png
"2023-04-24 15:43:14,957 [INFO] EPISODE 544, LOSS 2.0587522983551025
"2023-04-24 15:43:15,010 [INFO] LOSS FUNCTION PLOTTED at ./fig/0424_0333PMloss.png
"2023-04-24 15:43:15,986 [INFO] EPISODE 545, LOSS 1.6703118085861206
"2023-04-24 15:43:16,037 [INFO] LOSS FUNCTION PLOTTED at ./fig/0424_0333PMloss.png
"2023-04-24 15:43:17,023 [INFO] EPISODE 546, LOSS 1.1492143869400024
"2023-04-24 15:43:17,074 [INFO] LOSS FUNCTION PLOTTED at ./fig/0424_0333PMloss.png
"2023-04-24 15:43:18,062 [INFO] EPISODE 547, LOSS 2.6008923053741455
"2023-04-24 15:43:18,117 [INFO] LOSS FUNCTION PLOTTED at ./fig/0424_0333PMloss.png
"2023-04-24 15:43:19,117 [INFO] EPISODE 548, LOSS 1.688537836074829
"2023-04-24 15:43:19,172 [INFO] LOSS FUNCTION PLOTTED at ./fig/0424_0333PMloss.png
"2023-04-24 15:43:20,151 [INFO] EPISODE 549, LOSS 1.5593944787979126
"2023-04-24 15:43:20,201 [INFO] LOSS FUNCTION PLOTTED at ./fig/0424_0333PMloss.png
"2023-04-24 15:43:21,229 [INFO] EPISODE 550, LOSS 2.702181339263916
"2023-04-24 15:43:21,277 [INFO] LOSS FUNCTION PLOTTED at ./fig/0424_0333PMloss.png
"2023-04-24 15:43:22,281 [INFO] EPISODE 551, LOSS 1.447803020477295
"2023-04-24 15:43:22,335 [INFO] LOSS FUNCTION PLOTTED at ./fig/0424_0333PMloss.png
"2023-04-24 15:43:23,335 [INFO] EPISODE 552, LOSS 0.8947775959968567
"2023-04-24 15:43:23,442 [INFO] LOSS FUNCTION PLOTTED at ./fig/0424_0333PMloss.png
"2023-04-24 15:43:24,422 [INFO] EPISODE 553, LOSS 0.671842098236084
"2023-04-24 15:43:24,470 [INFO] LOSS FUNCTION PLOTTED at ./fig/0424_0333PMloss.png
"2023-04-24 15:43:25,465 [INFO] EPISODE 554, LOSS 2.3690919876098633
"2023-04-24 15:43:25,513 [INFO] LOSS FUNCTION PLOTTED at ./fig/0424_0333PMloss.png
"2023-04-24 15:43:26,461 [INFO] EPISODE 555, LOSS 4.001312732696533
"2023-04-24 15:43:26,512 [INFO] LOSS FUNCTION PLOTTED at ./fig/0424_0333PMloss.png
"2023-04-24 15:43:27,476 [INFO] EPISODE 556, LOSS 1.9243203401565552
"2023-04-24 15:43:27,538 [INFO] LOSS FUNCTION PLOTTED at ./fig/0424_0333PMloss.png
"2023-04-24 15:43:28,444 [INFO] EPISODE 557, LOSS 3.215599298477173
"2023-04-24 15:43:28,492 [INFO] LOSS FUNCTION PLOTTED at ./fig/0424_0333PMloss.png
"2023-04-24 15:43:29,480 [INFO] EPISODE 558, LOSS 0.8068654537200928
"2023-04-24 15:43:29,531 [INFO] LOSS FUNCTION PLOTTED at ./fig/0424_0333PMloss.png
"2023-04-24 15:43:30,541 [INFO] EPISODE 559, LOSS 5.552505970001221
"2023-04-24 15:43:30,590 [INFO] LOSS FUNCTION PLOTTED at ./fig/0424_0333PMloss.png
"2023-04-24 15:43:31,549 [INFO] EPISODE 560, LOSS 0.9732716679573059
"2023-04-24 15:43:31,602 [INFO] LOSS FUNCTION PLOTTED at ./fig/0424_0333PMloss.png
"2023-04-24 15:43:32,601 [INFO] EPISODE 561, LOSS 2.622490167617798
"2023-04-24 15:43:32,651 [INFO] LOSS FUNCTION PLOTTED at ./fig/0424_0333PMloss.png
"2023-04-24 15:43:33,608 [INFO] EPISODE 562, LOSS 1.7022804021835327
"2023-04-24 15:43:33,663 [INFO] LOSS FUNCTION PLOTTED at ./fig/0424_0333PMloss.png
"2023-04-24 15:43:34,633 [INFO] EPISODE 563, LOSS 2.595766544342041
"2023-04-24 15:43:34,689 [INFO] LOSS FUNCTION PLOTTED at ./fig/0424_0333PMloss.png
"2023-04-24 15:43:35,698 [INFO] EPISODE 564, LOSS 1.3209532499313354
"2023-04-24 15:43:35,747 [INFO] LOSS FUNCTION PLOTTED at ./fig/0424_0333PMloss.png
"2023-04-24 15:43:36,738 [INFO] EPISODE 565, LOSS 1.5761651992797852
"2023-04-24 15:43:36,790 [INFO] LOSS FUNCTION PLOTTED at ./fig/0424_0333PMloss.png
"2023-04-24 15:43:37,779 [INFO] EPISODE 566, LOSS 1.5480836629867554
"2023-04-24 15:43:37,827 [INFO] LOSS FUNCTION PLOTTED at ./fig/0424_0333PMloss.png
"2023-04-24 15:43:38,846 [INFO] EPISODE 567, LOSS 2.027209997177124
"2023-04-24 15:43:38,894 [INFO] LOSS FUNCTION PLOTTED at ./fig/0424_0333PMloss.png
"2023-04-24 15:43:39,877 [INFO] EPISODE 568, LOSS 1.0886011123657227
"2023-04-24 15:43:39,931 [INFO] LOSS FUNCTION PLOTTED at ./fig/0424_0333PMloss.png
"2023-04-24 15:43:40,923 [INFO] EPISODE 569, LOSS 1.5059504508972168
"2023-04-24 15:43:40,973 [INFO] LOSS FUNCTION PLOTTED at ./fig/0424_0333PMloss.png
"2023-04-24 15:43:41,985 [INFO] EPISODE 570, LOSS 1.5875811576843262
"2023-04-24 15:43:42,035 [INFO] LOSS FUNCTION PLOTTED at ./fig/0424_0333PMloss.png
"2023-04-24 15:43:42,977 [INFO] EPISODE 571, LOSS 1.637046217918396
"2023-04-24 15:43:43,080 [INFO] LOSS FUNCTION PLOTTED at ./fig/0424_0333PMloss.png
"2023-04-24 15:43:44,045 [INFO] EPISODE 572, LOSS 4.012155055999756
"2023-04-24 15:43:44,093 [INFO] LOSS FUNCTION PLOTTED at ./fig/0424_0333PMloss.png
"2023-04-24 15:43:45,063 [INFO] EPISODE 573, LOSS 1.3555554151535034
"2023-04-24 15:43:45,114 [INFO] LOSS FUNCTION PLOTTED at ./fig/0424_0333PMloss.png
"2023-04-24 15:43:46,089 [INFO] EPISODE 574, LOSS 2.029557943344116
"2023-04-24 15:43:46,139 [INFO] LOSS FUNCTION PLOTTED at ./fig/0424_0333PMloss.png
"2023-04-24 15:43:47,118 [INFO] EPISODE 575, LOSS 2.8267598152160645
"2023-04-24 15:43:47,173 [INFO] LOSS FUNCTION PLOTTED at ./fig/0424_0333PMloss.png
"2023-04-24 15:43:48,177 [INFO] EPISODE 576, LOSS 2.0972681045532227
"2023-04-24 15:43:48,228 [INFO] LOSS FUNCTION PLOTTED at ./fig/0424_0333PMloss.png
"2023-04-24 15:43:49,191 [INFO] EPISODE 577, LOSS 1.2763571739196777
"2023-04-24 15:43:49,242 [INFO] LOSS FUNCTION PLOTTED at ./fig/0424_0333PMloss.png
"2023-04-24 15:43:50,241 [INFO] EPISODE 578, LOSS 1.953895092010498
"2023-04-24 15:43:50,297 [INFO] LOSS FUNCTION PLOTTED at ./fig/0424_0333PMloss.png
"2023-04-24 15:43:51,306 [INFO] EPISODE 579, LOSS 1.1635774374008179
"2023-04-24 15:43:51,356 [INFO] LOSS FUNCTION PLOTTED at ./fig/0424_0333PMloss.png
"2023-04-24 15:43:52,333 [INFO] EPISODE 580, LOSS 1.823663592338562
"2023-04-24 15:43:52,381 [INFO] LOSS FUNCTION PLOTTED at ./fig/0424_0333PMloss.png
"2023-04-24 15:43:53,353 [INFO] EPISODE 581, LOSS 2.7537167072296143
"2023-04-24 15:43:53,404 [INFO] LOSS FUNCTION PLOTTED at ./fig/0424_0333PMloss.png
"2023-04-24 15:43:54,395 [INFO] EPISODE 582, LOSS 2.800091028213501
"2023-04-24 15:43:54,447 [INFO] LOSS FUNCTION PLOTTED at ./fig/0424_0333PMloss.png
"2023-04-24 15:43:55,451 [INFO] EPISODE 583, LOSS 2.0288476943969727
"2023-04-24 15:43:55,503 [INFO] LOSS FUNCTION PLOTTED at ./fig/0424_0333PMloss.png
"2023-04-24 15:43:56,514 [INFO] EPISODE 584, LOSS 2.0228588581085205
"2023-04-24 15:43:56,569 [INFO] LOSS FUNCTION PLOTTED at ./fig/0424_0333PMloss.png
"2023-04-24 15:43:57,522 [INFO] EPISODE 585, LOSS 3.2267982959747314
"2023-04-24 15:43:57,574 [INFO] LOSS FUNCTION PLOTTED at ./fig/0424_0333PMloss.png
"2023-04-24 15:43:58,530 [INFO] EPISODE 586, LOSS 1.9778245687484741
"2023-04-24 15:43:58,584 [INFO] LOSS FUNCTION PLOTTED at ./fig/0424_0333PMloss.png
"2023-04-24 15:43:59,615 [INFO] EPISODE 587, LOSS 2.9552724361419678
"2023-04-24 15:43:59,667 [INFO] LOSS FUNCTION PLOTTED at ./fig/0424_0333PMloss.png
"2023-04-24 15:44:00,670 [INFO] EPISODE 588, LOSS 1.1869261264801025
"2023-04-24 15:44:00,721 [INFO] LOSS FUNCTION PLOTTED at ./fig/0424_0333PMloss.png
"2023-04-24 15:44:01,769 [INFO] EPISODE 589, LOSS 1.4376637935638428
"2023-04-24 15:44:01,821 [INFO] LOSS FUNCTION PLOTTED at ./fig/0424_0333PMloss.png
"2023-04-24 15:44:02,786 [INFO] EPISODE 590, LOSS 2.0858991146087646
"2023-04-24 15:44:02,882 [INFO] LOSS FUNCTION PLOTTED at ./fig/0424_0333PMloss.png
"2023-04-24 15:44:03,902 [INFO] EPISODE 591, LOSS 2.070544958114624
"2023-04-24 15:44:03,956 [INFO] LOSS FUNCTION PLOTTED at ./fig/0424_0333PMloss.png
"2023-04-24 15:44:04,949 [INFO] EPISODE 592, LOSS 5.135557651519775
"2023-04-24 15:44:05,000 [INFO] LOSS FUNCTION PLOTTED at ./fig/0424_0333PMloss.png
"2023-04-24 15:44:06,002 [INFO] EPISODE 593, LOSS 2.6168627738952637
"2023-04-24 15:44:06,052 [INFO] LOSS FUNCTION PLOTTED at ./fig/0424_0333PMloss.png
"2023-04-24 15:44:07,030 [INFO] EPISODE 594, LOSS 2.2065799236297607
"2023-04-24 15:44:07,084 [INFO] LOSS FUNCTION PLOTTED at ./fig/0424_0333PMloss.png
"2023-04-24 15:44:08,051 [INFO] EPISODE 595, LOSS 2.7471587657928467
"2023-04-24 15:44:08,103 [INFO] LOSS FUNCTION PLOTTED at ./fig/0424_0333PMloss.png
"2023-04-24 15:44:09,095 [INFO] EPISODE 596, LOSS 2.1792945861816406
"2023-04-24 15:44:09,144 [INFO] LOSS FUNCTION PLOTTED at ./fig/0424_0333PMloss.png
"2023-04-24 15:44:10,154 [INFO] EPISODE 597, LOSS 1.7658629417419434
"2023-04-24 15:44:10,208 [INFO] LOSS FUNCTION PLOTTED at ./fig/0424_0333PMloss.png
"2023-04-24 15:44:11,232 [INFO] EPISODE 598, LOSS 0.6436622738838196
"2023-04-24 15:44:11,283 [INFO] LOSS FUNCTION PLOTTED at ./fig/0424_0333PMloss.png
"2023-04-24 15:44:12,282 [INFO] EPISODE 599, LOSS 3.3195443153381348
"2023-04-24 15:44:12,331 [INFO] LOSS FUNCTION PLOTTED at ./fig/0424_0333PMloss.png
"2023-04-24 15:44:13,316 [INFO] EPISODE 600, LOSS 0.6155715584754944
"2023-04-24 15:44:13,366 [INFO] LOSS FUNCTION PLOTTED at ./fig/0424_0333PMloss.png
"2023-04-24 15:44:14,362 [INFO] EPISODE 601, LOSS 5.245787143707275
"2023-04-24 15:44:14,414 [INFO] LOSS FUNCTION PLOTTED at ./fig/0424_0333PMloss.png
"2023-04-24 15:44:15,399 [INFO] EPISODE 602, LOSS 2.3096530437469482
"2023-04-24 15:44:15,450 [INFO] LOSS FUNCTION PLOTTED at ./fig/0424_0333PMloss.png
"2023-04-24 15:44:16,448 [INFO] EPISODE 603, LOSS 2.0541634559631348
"2023-04-24 15:44:16,500 [INFO] LOSS FUNCTION PLOTTED at ./fig/0424_0333PMloss.png
"2023-04-24 15:44:17,487 [INFO] EPISODE 604, LOSS 2.751722812652588
"2023-04-24 15:44:17,539 [INFO] LOSS FUNCTION PLOTTED at ./fig/0424_0333PMloss.png
"2023-04-24 15:44:18,521 [INFO] EPISODE 605, LOSS 2.2281265258789062
"2023-04-24 15:44:18,573 [INFO] LOSS FUNCTION PLOTTED at ./fig/0424_0333PMloss.png
"2023-04-24 15:44:19,551 [INFO] EPISODE 606, LOSS 8.501651763916016
"2023-04-24 15:44:19,605 [INFO] LOSS FUNCTION PLOTTED at ./fig/0424_0333PMloss.png
"2023-04-24 15:44:20,595 [INFO] EPISODE 607, LOSS 0.9528259038925171
"2023-04-24 15:44:20,644 [INFO] LOSS FUNCTION PLOTTED at ./fig/0424_0333PMloss.png
"2023-04-24 15:44:21,592 [INFO] EPISODE 608, LOSS 1.6054011583328247
"2023-04-24 15:44:21,640 [INFO] LOSS FUNCTION PLOTTED at ./fig/0424_0333PMloss.png
"2023-04-24 15:44:22,624 [INFO] EPISODE 609, LOSS 1.5992441177368164
"2023-04-24 15:44:22,674 [INFO] LOSS FUNCTION PLOTTED at ./fig/0424_0333PMloss.png
"2023-04-24 15:44:23,660 [INFO] EPISODE 610, LOSS 0.8622511625289917
"2023-04-24 15:44:23,759 [INFO] LOSS FUNCTION PLOTTED at ./fig/0424_0333PMloss.png
"2023-04-24 15:44:24,732 [INFO] EPISODE 611, LOSS 3.347358226776123
"2023-04-24 15:44:24,784 [INFO] LOSS FUNCTION PLOTTED at ./fig/0424_0333PMloss.png
"2023-04-24 15:44:25,770 [INFO] EPISODE 612, LOSS 1.6251246929168701
"2023-04-24 15:44:25,821 [INFO] LOSS FUNCTION PLOTTED at ./fig/0424_0333PMloss.png
"2023-04-24 15:44:26,724 [INFO] EPISODE 613, LOSS 0.9475580453872681
"2023-04-24 15:44:26,774 [INFO] LOSS FUNCTION PLOTTED at ./fig/0424_0333PMloss.png
"2023-04-24 15:44:27,769 [INFO] EPISODE 614, LOSS 2.65095591545105
"2023-04-24 15:44:27,822 [INFO] LOSS FUNCTION PLOTTED at ./fig/0424_0333PMloss.png
"2023-04-24 15:44:28,709 [INFO] EPISODE 615, LOSS 1.8175536394119263
"2023-04-24 15:44:28,757 [INFO] LOSS FUNCTION PLOTTED at ./fig/0424_0333PMloss.png
"2023-04-24 15:44:29,729 [INFO] EPISODE 616, LOSS 1.7130035161972046
"2023-04-24 15:44:29,780 [INFO] LOSS FUNCTION PLOTTED at ./fig/0424_0333PMloss.png
"2023-04-24 15:44:30,758 [INFO] EPISODE 617, LOSS 3.2139856815338135
"2023-04-24 15:44:30,808 [INFO] LOSS FUNCTION PLOTTED at ./fig/0424_0333PMloss.png
"2023-04-24 15:44:31,779 [INFO] EPISODE 618, LOSS 1.585732340812683
"2023-04-24 15:44:31,830 [INFO] LOSS FUNCTION PLOTTED at ./fig/0424_0333PMloss.png
"2023-04-24 15:44:32,822 [INFO] EPISODE 619, LOSS 1.8489309549331665
"2023-04-24 15:44:32,870 [INFO] LOSS FUNCTION PLOTTED at ./fig/0424_0333PMloss.png
"2023-04-24 15:44:33,847 [INFO] EPISODE 620, LOSS 2.784257173538208
"2023-04-24 15:44:33,898 [INFO] LOSS FUNCTION PLOTTED at ./fig/0424_0333PMloss.png
"2023-04-24 15:44:34,876 [INFO] EPISODE 621, LOSS 1.6161490678787231
"2023-04-24 15:44:34,926 [INFO] LOSS FUNCTION PLOTTED at ./fig/0424_0333PMloss.png
"2023-04-24 15:44:35,907 [INFO] EPISODE 622, LOSS 1.7908324003219604
"2023-04-24 15:44:35,959 [INFO] LOSS FUNCTION PLOTTED at ./fig/0424_0333PMloss.png
"2023-04-24 15:44:36,960 [INFO] EPISODE 623, LOSS 3.169919967651367
"2023-04-24 15:44:37,008 [INFO] LOSS FUNCTION PLOTTED at ./fig/0424_0333PMloss.png
"2023-04-24 15:44:37,987 [INFO] EPISODE 624, LOSS 1.9225927591323853
"2023-04-24 15:44:38,035 [INFO] LOSS FUNCTION PLOTTED at ./fig/0424_0333PMloss.png
"2023-04-24 15:44:39,003 [INFO] EPISODE 625, LOSS 1.6796717643737793
"2023-04-24 15:44:39,054 [INFO] LOSS FUNCTION PLOTTED at ./fig/0424_0333PMloss.png
"2023-04-24 15:44:40,018 [INFO] EPISODE 626, LOSS 3.4758074283599854
"2023-04-24 15:44:40,068 [INFO] LOSS FUNCTION PLOTTED at ./fig/0424_0333PMloss.png
"2023-04-24 15:44:41,048 [INFO] EPISODE 627, LOSS 1.6848423480987549
"2023-04-24 15:44:41,100 [INFO] LOSS FUNCTION PLOTTED at ./fig/0424_0333PMloss.png
"2023-04-24 15:44:42,073 [INFO] EPISODE 628, LOSS 3.586543560028076
"2023-04-24 15:44:42,121 [INFO] LOSS FUNCTION PLOTTED at ./fig/0424_0333PMloss.png
"2023-04-24 15:44:43,091 [INFO] EPISODE 629, LOSS 7.093552589416504
"2023-04-24 15:44:43,193 [INFO] LOSS FUNCTION PLOTTED at ./fig/0424_0333PMloss.png
"2023-04-24 15:44:44,177 [INFO] EPISODE 630, LOSS 5.621490955352783
"2023-04-24 15:44:44,225 [INFO] LOSS FUNCTION PLOTTED at ./fig/0424_0333PMloss.png
"2023-04-24 15:44:45,199 [INFO] EPISODE 631, LOSS 2.4747397899627686
"2023-04-24 15:44:45,248 [INFO] LOSS FUNCTION PLOTTED at ./fig/0424_0333PMloss.png
"2023-04-24 15:44:46,179 [INFO] EPISODE 632, LOSS 0.8753846883773804
"2023-04-24 15:44:46,228 [INFO] LOSS FUNCTION PLOTTED at ./fig/0424_0333PMloss.png
"2023-04-24 15:44:47,198 [INFO] EPISODE 633, LOSS 2.2012364864349365
"2023-04-24 15:44:47,247 [INFO] LOSS FUNCTION PLOTTED at ./fig/0424_0333PMloss.png
"2023-04-24 15:44:48,228 [INFO] EPISODE 634, LOSS 2.644047975540161
"2023-04-24 15:44:48,281 [INFO] LOSS FUNCTION PLOTTED at ./fig/0424_0333PMloss.png
"2023-04-24 15:44:49,289 [INFO] EPISODE 635, LOSS 1.4602136611938477
"2023-04-24 15:44:49,339 [INFO] LOSS FUNCTION PLOTTED at ./fig/0424_0333PMloss.png
"2023-04-24 15:44:50,317 [INFO] EPISODE 636, LOSS 7.805980682373047
"2023-04-24 15:44:50,367 [INFO] LOSS FUNCTION PLOTTED at ./fig/0424_0333PMloss.png
"2023-04-24 15:44:51,328 [INFO] EPISODE 637, LOSS 7.402022361755371
"2023-04-24 15:44:51,381 [INFO] LOSS FUNCTION PLOTTED at ./fig/0424_0333PMloss.png
"2023-04-24 15:44:52,348 [INFO] EPISODE 638, LOSS 2.0548255443573
"2023-04-24 15:44:52,400 [INFO] LOSS FUNCTION PLOTTED at ./fig/0424_0333PMloss.png
"2023-04-24 15:44:53,385 [INFO] EPISODE 639, LOSS 0.4602757692337036
"2023-04-24 15:44:53,434 [INFO] LOSS FUNCTION PLOTTED at ./fig/0424_0333PMloss.png
"2023-04-24 15:44:54,421 [INFO] EPISODE 640, LOSS 2.7044174671173096
"2023-04-24 15:44:54,471 [INFO] LOSS FUNCTION PLOTTED at ./fig/0424_0333PMloss.png
"2023-04-24 15:44:55,411 [INFO] train finished. 
final loss: 1.6064503192901611
