"2023-05-10 19:25:07,386 [INFO] Reporter Initialized!
"2023-05-10 19:25:07,386 [INFO] Reporter LEVEL: info
"2023-05-10 19:25:07,387 [INFO] ***** SPECIAL COMMENT *****
"2023-05-10 19:25:07,387 [INFO]      Trained with myPDE, FG, Again with save onnx per 10; 128 nodes
"2023-05-10 19:25:07,387 [INFO] Using random data
"2023-05-10 19:25:08,487 [INFO] None
"2023-05-10 19:25:08,487 [INFO] Device(cuda) is working for train
"2023-05-10 19:25:08,487 [INFO] Train Started
"2023-05-10 19:25:08,502 [INFO] ===== ONNX SAVED at ./savemodel/0510_0725PM_MY_PDE/0.onnx
"2023-05-10 19:25:08,503 [INFO] ===== Saved non-trained network
"2023-05-10 19:25:08,503 [INFO] EPISODE 0, LOSS 377.0997314453125
"2023-05-10 19:25:08,723 [INFO] ===== ONNX SAVED at ./savemodel/0510_0725PM_MY_PDE/2.onnx
"2023-05-10 19:25:08,736 [INFO] ===== ONNX SAVED at ./savemodel/0510_0725PM_MY_PDE/7.onnx
"2023-05-10 19:25:08,745 [INFO] ===== ONNX SAVED at ./savemodel/0510_0725PM_MY_PDE/10.onnx
"2023-05-10 19:25:08,746 [INFO] EPISODE 10, LOSS 647.704345703125
"2023-05-10 19:25:08,812 [INFO] ===== ONNX SAVED at ./savemodel/0510_0725PM_MY_PDE/20.onnx
"2023-05-10 19:25:08,812 [INFO] EPISODE 20, LOSS 347.0128173828125
"2023-05-10 19:25:08,877 [INFO] ===== ONNX SAVED at ./savemodel/0510_0725PM_MY_PDE/27.onnx
"2023-05-10 19:25:08,885 [INFO] ===== ONNX SAVED at ./savemodel/0510_0725PM_MY_PDE/30.onnx
"2023-05-10 19:25:08,885 [INFO] EPISODE 30, LOSS 593.659423828125
"2023-05-10 19:25:08,952 [INFO] ===== ONNX SAVED at ./savemodel/0510_0725PM_MY_PDE/40.onnx
"2023-05-10 19:25:08,952 [INFO] EPISODE 40, LOSS 355.81329345703125
"2023-05-10 19:25:09,011 [INFO] ===== ONNX SAVED at ./savemodel/0510_0725PM_MY_PDE/42.onnx
"2023-05-10 19:25:09,020 [INFO] ===== ONNX SAVED at ./savemodel/0510_0725PM_MY_PDE/45.onnx
"2023-05-10 19:25:09,027 [INFO] ===== ONNX SAVED at ./savemodel/0510_0725PM_MY_PDE/47.onnx
"2023-05-10 19:25:09,036 [INFO] ===== ONNX SAVED at ./savemodel/0510_0725PM_MY_PDE/50.onnx
"2023-05-10 19:25:09,036 [INFO] EPISODE 50, LOSS 226.754150390625
"2023-05-10 19:25:09,096 [INFO] ===== ONNX SAVED at ./savemodel/0510_0725PM_MY_PDE/57.onnx
"2023-05-10 19:25:09,104 [INFO] ===== ONNX SAVED at ./savemodel/0510_0725PM_MY_PDE/60.onnx
"2023-05-10 19:25:09,104 [INFO] EPISODE 60, LOSS 176.60031127929688
"2023-05-10 19:25:09,160 [INFO] ===== ONNX SAVED at ./savemodel/0510_0725PM_MY_PDE/61.onnx
"2023-05-10 19:25:09,177 [INFO] ===== ONNX SAVED at ./savemodel/0510_0725PM_MY_PDE/70.onnx
"2023-05-10 19:25:09,177 [INFO] EPISODE 70, LOSS 211.6349334716797
"2023-05-10 19:25:09,239 [INFO] ===== ONNX SAVED at ./savemodel/0510_0725PM_MY_PDE/78.onnx
"2023-05-10 19:25:09,247 [INFO] ===== ONNX SAVED at ./savemodel/0510_0725PM_MY_PDE/80.onnx
"2023-05-10 19:25:09,247 [INFO] EPISODE 80, LOSS 146.05284118652344
"2023-05-10 19:25:09,303 [INFO] ===== ONNX SAVED at ./savemodel/0510_0725PM_MY_PDE/83.onnx
"2023-05-10 19:25:09,315 [INFO] ===== ONNX SAVED at ./savemodel/0510_0725PM_MY_PDE/88.onnx
"2023-05-10 19:25:09,322 [INFO] ===== ONNX SAVED at ./savemodel/0510_0725PM_MY_PDE/90.onnx
"2023-05-10 19:25:09,322 [INFO] EPISODE 90, LOSS 107.26788330078125
"2023-05-10 19:25:09,377 [INFO] ===== ONNX SAVED at ./savemodel/0510_0725PM_MY_PDE/95.onnx
"2023-05-10 19:25:09,388 [INFO] ===== ONNX SAVED at ./savemodel/0510_0725PM_MY_PDE/100.onnx
"2023-05-10 19:25:09,388 [INFO] EPISODE 100, LOSS 65.6138916015625
"2023-05-10 19:25:09,446 [INFO] ===== ONNX SAVED at ./savemodel/0510_0725PM_MY_PDE/106.onnx
"2023-05-10 19:25:09,456 [INFO] ===== ONNX SAVED at ./savemodel/0510_0725PM_MY_PDE/110.onnx
"2023-05-10 19:25:09,456 [INFO] EPISODE 110, LOSS 61.97943878173828
"2023-05-10 19:25:09,513 [INFO] ===== ONNX SAVED at ./savemodel/0510_0725PM_MY_PDE/115.onnx
"2023-05-10 19:25:09,519 [INFO] ===== ONNX SAVED at ./savemodel/0510_0725PM_MY_PDE/116.onnx
"2023-05-10 19:25:09,529 [INFO] ===== ONNX SAVED at ./savemodel/0510_0725PM_MY_PDE/120.onnx
"2023-05-10 19:25:09,529 [INFO] EPISODE 120, LOSS 55.48212814331055
"2023-05-10 19:25:09,583 [INFO] ===== ONNX SAVED at ./savemodel/0510_0725PM_MY_PDE/121.onnx
"2023-05-10 19:25:09,599 [INFO] ===== ONNX SAVED at ./savemodel/0510_0725PM_MY_PDE/130.onnx
"2023-05-10 19:25:09,599 [INFO] EPISODE 130, LOSS 63.983123779296875
"2023-05-10 19:25:09,655 [INFO] ===== ONNX SAVED at ./savemodel/0510_0725PM_MY_PDE/132.onnx
"2023-05-10 19:25:09,669 [INFO] ===== ONNX SAVED at ./savemodel/0510_0725PM_MY_PDE/139.onnx
"2023-05-10 19:25:09,675 [INFO] ===== ONNX SAVED at ./savemodel/0510_0725PM_MY_PDE/140.onnx
"2023-05-10 19:25:09,675 [INFO] EPISODE 140, LOSS 33.775333404541016
"2023-05-10 19:25:09,733 [INFO] ===== ONNX SAVED at ./savemodel/0510_0725PM_MY_PDE/143.onnx
"2023-05-10 19:25:09,747 [INFO] ===== ONNX SAVED at ./savemodel/0510_0725PM_MY_PDE/150.onnx
"2023-05-10 19:25:09,747 [INFO] EPISODE 150, LOSS 36.24835968017578
"2023-05-10 19:25:09,811 [INFO] ===== ONNX SAVED at ./savemodel/0510_0725PM_MY_PDE/160.onnx
"2023-05-10 19:25:09,811 [INFO] EPISODE 160, LOSS 24.717914581298828
"2023-05-10 19:25:09,869 [INFO] ===== ONNX SAVED at ./savemodel/0510_0725PM_MY_PDE/162.onnx
"2023-05-10 19:25:09,883 [INFO] ===== ONNX SAVED at ./savemodel/0510_0725PM_MY_PDE/170.onnx
"2023-05-10 19:25:09,883 [INFO] EPISODE 170, LOSS 45.75831604003906
"2023-05-10 19:25:09,999 [INFO] ===== ONNX SAVED at ./savemodel/0510_0725PM_MY_PDE/180.onnx
"2023-05-10 19:25:09,999 [INFO] EPISODE 180, LOSS 25.57369613647461
"2023-05-10 19:25:10,053 [INFO] ===== ONNX SAVED at ./savemodel/0510_0725PM_MY_PDE/181.onnx
"2023-05-10 19:25:10,069 [INFO] ===== ONNX SAVED at ./savemodel/0510_0725PM_MY_PDE/187.onnx
"2023-05-10 19:25:10,077 [INFO] ===== ONNX SAVED at ./savemodel/0510_0725PM_MY_PDE/190.onnx
"2023-05-10 19:25:10,077 [INFO] EPISODE 190, LOSS 27.04641342163086
"2023-05-10 19:25:10,140 [INFO] ===== ONNX SAVED at ./savemodel/0510_0725PM_MY_PDE/198.onnx
"2023-05-10 19:25:10,148 [INFO] ===== ONNX SAVED at ./savemodel/0510_0725PM_MY_PDE/200.onnx
"2023-05-10 19:25:10,148 [INFO] EPISODE 200, LOSS 11.305917739868164
"2023-05-10 19:25:10,205 [INFO] ===== ONNX SAVED at ./savemodel/0510_0725PM_MY_PDE/203.onnx
"2023-05-10 19:25:10,218 [INFO] ===== ONNX SAVED at ./savemodel/0510_0725PM_MY_PDE/210.onnx
"2023-05-10 19:25:10,218 [INFO] EPISODE 210, LOSS 27.19772720336914
"2023-05-10 19:25:10,280 [INFO] ===== ONNX SAVED at ./savemodel/0510_0725PM_MY_PDE/220.onnx
"2023-05-10 19:25:10,280 [INFO] EPISODE 220, LOSS 14.058937072753906
"2023-05-10 19:25:10,341 [INFO] ===== ONNX SAVED at ./savemodel/0510_0725PM_MY_PDE/230.onnx
"2023-05-10 19:25:10,341 [INFO] EPISODE 230, LOSS 12.486044883728027
"2023-05-10 19:25:10,396 [INFO] ===== ONNX SAVED at ./savemodel/0510_0725PM_MY_PDE/234.onnx
"2023-05-10 19:25:10,411 [INFO] ===== ONNX SAVED at ./savemodel/0510_0725PM_MY_PDE/240.onnx
"2023-05-10 19:25:10,411 [INFO] EPISODE 240, LOSS 11.156440734863281
"2023-05-10 19:25:10,475 [INFO] ===== ONNX SAVED at ./savemodel/0510_0725PM_MY_PDE/250.onnx
"2023-05-10 19:25:10,475 [INFO] EPISODE 250, LOSS 9.409253120422363
"2023-05-10 19:25:10,538 [INFO] ===== ONNX SAVED at ./savemodel/0510_0725PM_MY_PDE/260.onnx
"2023-05-10 19:25:10,538 [INFO] EPISODE 260, LOSS 12.387434959411621
"2023-05-10 19:25:10,601 [INFO] ===== ONNX SAVED at ./savemodel/0510_0725PM_MY_PDE/270.onnx
"2023-05-10 19:25:10,601 [INFO] EPISODE 270, LOSS 16.041492462158203
"2023-05-10 19:25:10,667 [INFO] ===== ONNX SAVED at ./savemodel/0510_0725PM_MY_PDE/280.onnx
"2023-05-10 19:25:10,667 [INFO] EPISODE 280, LOSS 12.639747619628906
"2023-05-10 19:25:10,727 [INFO] ===== ONNX SAVED at ./savemodel/0510_0725PM_MY_PDE/287.onnx
"2023-05-10 19:25:10,736 [INFO] ===== ONNX SAVED at ./savemodel/0510_0725PM_MY_PDE/290.onnx
"2023-05-10 19:25:10,736 [INFO] EPISODE 290, LOSS 29.974515914916992
"2023-05-10 19:25:10,800 [INFO] ===== ONNX SAVED at ./savemodel/0510_0725PM_MY_PDE/300.onnx
"2023-05-10 19:25:10,800 [INFO] EPISODE 300, LOSS 20.04735565185547
"2023-05-10 19:25:10,867 [INFO] ===== ONNX SAVED at ./savemodel/0510_0725PM_MY_PDE/310.onnx
"2023-05-10 19:25:10,867 [INFO] EPISODE 310, LOSS 10.880401611328125
"2023-05-10 19:25:10,932 [INFO] ===== ONNX SAVED at ./savemodel/0510_0725PM_MY_PDE/320.onnx
"2023-05-10 19:25:10,932 [INFO] EPISODE 320, LOSS 17.60875701904297
"2023-05-10 19:25:10,987 [INFO] ===== ONNX SAVED at ./savemodel/0510_0725PM_MY_PDE/321.onnx
"2023-05-10 19:25:11,006 [INFO] ===== ONNX SAVED at ./savemodel/0510_0725PM_MY_PDE/330.onnx
"2023-05-10 19:25:11,006 [INFO] EPISODE 330, LOSS 13.022363662719727
"2023-05-10 19:25:11,071 [INFO] ===== ONNX SAVED at ./savemodel/0510_0725PM_MY_PDE/340.onnx
"2023-05-10 19:25:11,071 [INFO] EPISODE 340, LOSS 6.768596649169922
"2023-05-10 19:25:11,135 [INFO] ===== ONNX SAVED at ./savemodel/0510_0725PM_MY_PDE/350.onnx
"2023-05-10 19:25:11,135 [INFO] EPISODE 350, LOSS 10.0225191116333
"2023-05-10 19:25:11,199 [INFO] ===== ONNX SAVED at ./savemodel/0510_0725PM_MY_PDE/359.onnx
"2023-05-10 19:25:11,205 [INFO] ===== ONNX SAVED at ./savemodel/0510_0725PM_MY_PDE/360.onnx
"2023-05-10 19:25:11,205 [INFO] EPISODE 360, LOSS 11.52444076538086
"2023-05-10 19:25:11,272 [INFO] ===== ONNX SAVED at ./savemodel/0510_0725PM_MY_PDE/370.onnx
"2023-05-10 19:25:11,272 [INFO] EPISODE 370, LOSS 19.31425666809082
"2023-05-10 19:25:11,337 [INFO] ===== ONNX SAVED at ./savemodel/0510_0725PM_MY_PDE/379.onnx
"2023-05-10 19:25:11,344 [INFO] ===== ONNX SAVED at ./savemodel/0510_0725PM_MY_PDE/380.onnx
"2023-05-10 19:25:11,344 [INFO] EPISODE 380, LOSS 5.123936653137207
"2023-05-10 19:25:11,402 [INFO] ===== ONNX SAVED at ./savemodel/0510_0725PM_MY_PDE/385.onnx
"2023-05-10 19:25:11,413 [INFO] ===== ONNX SAVED at ./savemodel/0510_0725PM_MY_PDE/390.onnx
"2023-05-10 19:25:11,413 [INFO] EPISODE 390, LOSS 9.088715553283691
"2023-05-10 19:25:11,481 [INFO] ===== ONNX SAVED at ./savemodel/0510_0725PM_MY_PDE/400.onnx
"2023-05-10 19:25:11,481 [INFO] EPISODE 400, LOSS 12.98758602142334
"2023-05-10 19:25:11,601 [INFO] ===== ONNX SAVED at ./savemodel/0510_0725PM_MY_PDE/410.onnx
"2023-05-10 19:25:11,601 [INFO] EPISODE 410, LOSS 4.680724143981934
"2023-05-10 19:25:11,665 [INFO] ===== ONNX SAVED at ./savemodel/0510_0725PM_MY_PDE/420.onnx
"2023-05-10 19:25:11,665 [INFO] EPISODE 420, LOSS 13.203777313232422
"2023-05-10 19:25:11,729 [INFO] ===== ONNX SAVED at ./savemodel/0510_0725PM_MY_PDE/430.onnx
"2023-05-10 19:25:11,729 [INFO] EPISODE 430, LOSS 4.879944801330566
"2023-05-10 19:25:11,793 [INFO] ===== ONNX SAVED at ./savemodel/0510_0725PM_MY_PDE/440.onnx
"2023-05-10 19:25:11,793 [INFO] EPISODE 440, LOSS 6.654168605804443
"2023-05-10 19:25:11,856 [INFO] ===== ONNX SAVED at ./savemodel/0510_0725PM_MY_PDE/448.onnx
"2023-05-10 19:25:11,865 [INFO] ===== ONNX SAVED at ./savemodel/0510_0725PM_MY_PDE/450.onnx
"2023-05-10 19:25:11,865 [INFO] EPISODE 450, LOSS 7.709415435791016
"2023-05-10 19:25:11,928 [INFO] ===== ONNX SAVED at ./savemodel/0510_0725PM_MY_PDE/460.onnx
"2023-05-10 19:25:11,928 [INFO] EPISODE 460, LOSS 7.379711151123047
"2023-05-10 19:25:11,991 [INFO] ===== ONNX SAVED at ./savemodel/0510_0725PM_MY_PDE/470.onnx
"2023-05-10 19:25:11,991 [INFO] EPISODE 470, LOSS 10.003511428833008
"2023-05-10 19:25:12,048 [INFO] ===== ONNX SAVED at ./savemodel/0510_0725PM_MY_PDE/476.onnx
"2023-05-10 19:25:12,057 [INFO] ===== ONNX SAVED at ./savemodel/0510_0725PM_MY_PDE/480.onnx
"2023-05-10 19:25:12,057 [INFO] EPISODE 480, LOSS 3.9902637004852295
"2023-05-10 19:25:12,117 [INFO] ===== ONNX SAVED at ./savemodel/0510_0725PM_MY_PDE/488.onnx
"2023-05-10 19:25:12,125 [INFO] ===== ONNX SAVED at ./savemodel/0510_0725PM_MY_PDE/490.onnx
"2023-05-10 19:25:12,125 [INFO] EPISODE 490, LOSS 4.691404819488525
"2023-05-10 19:25:12,183 [INFO] ===== ONNX SAVED at ./savemodel/0510_0725PM_MY_PDE/496.onnx
"2023-05-10 19:25:12,193 [INFO] ===== ONNX SAVED at ./savemodel/0510_0725PM_MY_PDE/500.onnx
"2023-05-10 19:25:12,193 [INFO] EPISODE 500, LOSS 4.971397399902344
"2023-05-10 19:25:12,256 [INFO] ===== ONNX SAVED at ./savemodel/0510_0725PM_MY_PDE/510.onnx
"2023-05-10 19:25:12,256 [INFO] EPISODE 510, LOSS 4.294275283813477
"2023-05-10 19:25:12,320 [INFO] ===== ONNX SAVED at ./savemodel/0510_0725PM_MY_PDE/520.onnx
"2023-05-10 19:25:12,320 [INFO] EPISODE 520, LOSS 4.9604291915893555
"2023-05-10 19:25:12,383 [INFO] ===== ONNX SAVED at ./savemodel/0510_0725PM_MY_PDE/530.onnx
"2023-05-10 19:25:12,383 [INFO] EPISODE 530, LOSS 9.93593978881836
"2023-05-10 19:25:12,446 [INFO] ===== ONNX SAVED at ./savemodel/0510_0725PM_MY_PDE/540.onnx
"2023-05-10 19:25:12,446 [INFO] EPISODE 540, LOSS 9.069366455078125
"2023-05-10 19:25:12,507 [INFO] ===== ONNX SAVED at ./savemodel/0510_0725PM_MY_PDE/550.onnx
"2023-05-10 19:25:12,507 [INFO] EPISODE 550, LOSS 2.1585474014282227
"2023-05-10 19:25:12,568 [INFO] ===== ONNX SAVED at ./savemodel/0510_0725PM_MY_PDE/560.onnx
"2023-05-10 19:25:12,568 [INFO] EPISODE 560, LOSS 3.0918173789978027
"2023-05-10 19:25:12,629 [INFO] ===== ONNX SAVED at ./savemodel/0510_0725PM_MY_PDE/570.onnx
"2023-05-10 19:25:12,629 [INFO] EPISODE 570, LOSS 2.0431270599365234
"2023-05-10 19:25:12,691 [INFO] ===== ONNX SAVED at ./savemodel/0510_0725PM_MY_PDE/580.onnx
"2023-05-10 19:25:12,691 [INFO] EPISODE 580, LOSS 6.068438529968262
"2023-05-10 19:25:12,753 [INFO] ===== ONNX SAVED at ./savemodel/0510_0725PM_MY_PDE/590.onnx
"2023-05-10 19:25:12,753 [INFO] EPISODE 590, LOSS 2.8821065425872803
"2023-05-10 19:25:12,812 [INFO] ===== ONNX SAVED at ./savemodel/0510_0725PM_MY_PDE/598.onnx
"2023-05-10 19:25:12,820 [INFO] ===== ONNX SAVED at ./savemodel/0510_0725PM_MY_PDE/600.onnx
"2023-05-10 19:25:12,820 [INFO] EPISODE 600, LOSS 2.137232780456543
"2023-05-10 19:25:12,882 [INFO] ===== ONNX SAVED at ./savemodel/0510_0725PM_MY_PDE/610.onnx
"2023-05-10 19:25:12,882 [INFO] EPISODE 610, LOSS 6.131148338317871
"2023-05-10 19:25:12,944 [INFO] ===== ONNX SAVED at ./savemodel/0510_0725PM_MY_PDE/620.onnx
"2023-05-10 19:25:12,944 [INFO] EPISODE 620, LOSS 3.8212890625
"2023-05-10 19:25:13,005 [INFO] ===== ONNX SAVED at ./savemodel/0510_0725PM_MY_PDE/630.onnx
"2023-05-10 19:25:13,005 [INFO] EPISODE 630, LOSS 5.3723368644714355
"2023-05-10 19:25:13,067 [INFO] ===== ONNX SAVED at ./savemodel/0510_0725PM_MY_PDE/640.onnx
"2023-05-10 19:25:13,067 [INFO] EPISODE 640, LOSS 1.9174216985702515
"2023-05-10 19:25:13,129 [INFO] ===== ONNX SAVED at ./savemodel/0510_0725PM_MY_PDE/650.onnx
"2023-05-10 19:25:13,129 [INFO] EPISODE 650, LOSS 5.142946720123291
"2023-05-10 19:25:13,245 [INFO] ===== ONNX SAVED at ./savemodel/0510_0725PM_MY_PDE/660.onnx
"2023-05-10 19:25:13,245 [INFO] EPISODE 660, LOSS 3.481046199798584
"2023-05-10 19:25:13,298 [INFO] ===== ONNX SAVED at ./savemodel/0510_0725PM_MY_PDE/662.onnx
"2023-05-10 19:25:13,306 [INFO] ===== ONNX SAVED at ./savemodel/0510_0725PM_MY_PDE/664.onnx
"2023-05-10 19:25:13,318 [INFO] ===== ONNX SAVED at ./savemodel/0510_0725PM_MY_PDE/670.onnx
"2023-05-10 19:25:13,318 [INFO] EPISODE 670, LOSS 2.719257354736328
"2023-05-10 19:25:13,382 [INFO] ===== ONNX SAVED at ./savemodel/0510_0725PM_MY_PDE/680.onnx
"2023-05-10 19:25:13,382 [INFO] EPISODE 680, LOSS 2.615565061569214
"2023-05-10 19:25:13,445 [INFO] ===== ONNX SAVED at ./savemodel/0510_0725PM_MY_PDE/690.onnx
"2023-05-10 19:25:13,445 [INFO] EPISODE 690, LOSS 4.312530994415283
"2023-05-10 19:25:13,507 [INFO] ===== ONNX SAVED at ./savemodel/0510_0725PM_MY_PDE/700.onnx
"2023-05-10 19:25:13,507 [INFO] EPISODE 700, LOSS 2.5927839279174805
"2023-05-10 19:25:13,573 [INFO] ===== ONNX SAVED at ./savemodel/0510_0725PM_MY_PDE/710.onnx
"2023-05-10 19:25:13,573 [INFO] EPISODE 710, LOSS 2.968773365020752
"2023-05-10 19:25:13,635 [INFO] ===== ONNX SAVED at ./savemodel/0510_0725PM_MY_PDE/720.onnx
"2023-05-10 19:25:13,635 [INFO] EPISODE 720, LOSS 6.900474548339844
"2023-05-10 19:25:13,698 [INFO] ===== ONNX SAVED at ./savemodel/0510_0725PM_MY_PDE/730.onnx
"2023-05-10 19:25:13,698 [INFO] EPISODE 730, LOSS 4.092484474182129
"2023-05-10 19:25:13,763 [INFO] ===== ONNX SAVED at ./savemodel/0510_0725PM_MY_PDE/740.onnx
"2023-05-10 19:25:13,763 [INFO] EPISODE 740, LOSS 2.7697646617889404
"2023-05-10 19:25:13,825 [INFO] ===== ONNX SAVED at ./savemodel/0510_0725PM_MY_PDE/750.onnx
"2023-05-10 19:25:13,825 [INFO] EPISODE 750, LOSS 3.086822509765625
"2023-05-10 19:25:13,889 [INFO] ===== ONNX SAVED at ./savemodel/0510_0725PM_MY_PDE/760.onnx
"2023-05-10 19:25:13,890 [INFO] EPISODE 760, LOSS 3.1482064723968506
"2023-05-10 19:25:13,952 [INFO] ===== ONNX SAVED at ./savemodel/0510_0725PM_MY_PDE/770.onnx
"2023-05-10 19:25:13,952 [INFO] EPISODE 770, LOSS 3.6318728923797607
"2023-05-10 19:25:14,016 [INFO] ===== ONNX SAVED at ./savemodel/0510_0725PM_MY_PDE/780.onnx
"2023-05-10 19:25:14,016 [INFO] EPISODE 780, LOSS 6.626145362854004
"2023-05-10 19:25:14,079 [INFO] ===== ONNX SAVED at ./savemodel/0510_0725PM_MY_PDE/790.onnx
"2023-05-10 19:25:14,079 [INFO] EPISODE 790, LOSS 3.197026014328003
"2023-05-10 19:25:14,143 [INFO] ===== ONNX SAVED at ./savemodel/0510_0725PM_MY_PDE/800.onnx
"2023-05-10 19:25:14,143 [INFO] EPISODE 800, LOSS 3.3585715293884277
"2023-05-10 19:25:14,207 [INFO] ===== ONNX SAVED at ./savemodel/0510_0725PM_MY_PDE/810.onnx
"2023-05-10 19:25:14,207 [INFO] EPISODE 810, LOSS 3.3222250938415527
"2023-05-10 19:25:14,271 [INFO] ===== ONNX SAVED at ./savemodel/0510_0725PM_MY_PDE/820.onnx
"2023-05-10 19:25:14,271 [INFO] EPISODE 820, LOSS 3.081697940826416
"2023-05-10 19:25:14,332 [INFO] ===== ONNX SAVED at ./savemodel/0510_0725PM_MY_PDE/830.onnx
"2023-05-10 19:25:14,332 [INFO] EPISODE 830, LOSS 2.3354077339172363
"2023-05-10 19:25:14,394 [INFO] ===== ONNX SAVED at ./savemodel/0510_0725PM_MY_PDE/840.onnx
"2023-05-10 19:25:14,394 [INFO] EPISODE 840, LOSS 2.0939853191375732
"2023-05-10 19:25:14,454 [INFO] ===== ONNX SAVED at ./savemodel/0510_0725PM_MY_PDE/850.onnx
"2023-05-10 19:25:14,454 [INFO] EPISODE 850, LOSS 2.3547439575195312
"2023-05-10 19:25:14,516 [INFO] ===== ONNX SAVED at ./savemodel/0510_0725PM_MY_PDE/860.onnx
"2023-05-10 19:25:14,516 [INFO] EPISODE 860, LOSS 5.628171920776367
"2023-05-10 19:25:14,576 [INFO] ===== ONNX SAVED at ./savemodel/0510_0725PM_MY_PDE/870.onnx
"2023-05-10 19:25:14,576 [INFO] EPISODE 870, LOSS 1.725061297416687
"2023-05-10 19:25:14,636 [INFO] ===== ONNX SAVED at ./savemodel/0510_0725PM_MY_PDE/880.onnx
"2023-05-10 19:25:14,636 [INFO] EPISODE 880, LOSS 2.5626718997955322
"2023-05-10 19:25:14,698 [INFO] ===== ONNX SAVED at ./savemodel/0510_0725PM_MY_PDE/890.onnx
"2023-05-10 19:25:14,698 [INFO] EPISODE 890, LOSS 1.620837926864624
"2023-05-10 19:25:14,758 [INFO] ===== ONNX SAVED at ./savemodel/0510_0725PM_MY_PDE/900.onnx
"2023-05-10 19:25:14,758 [INFO] EPISODE 900, LOSS 1.811036467552185
"2023-05-10 19:25:14,820 [INFO] ===== ONNX SAVED at ./savemodel/0510_0725PM_MY_PDE/910.onnx
"2023-05-10 19:25:14,820 [INFO] EPISODE 910, LOSS 2.348954916000366
"2023-05-10 19:25:14,880 [INFO] ===== ONNX SAVED at ./savemodel/0510_0725PM_MY_PDE/920.onnx
"2023-05-10 19:25:14,881 [INFO] EPISODE 920, LOSS 4.454773902893066
"2023-05-10 19:25:14,945 [INFO] ===== ONNX SAVED at ./savemodel/0510_0725PM_MY_PDE/930.onnx
"2023-05-10 19:25:14,945 [INFO] EPISODE 930, LOSS 2.9698703289031982
"2023-05-10 19:25:15,006 [INFO] ===== ONNX SAVED at ./savemodel/0510_0725PM_MY_PDE/940.onnx
"2023-05-10 19:25:15,006 [INFO] EPISODE 940, LOSS 2.9753711223602295
"2023-05-10 19:25:15,067 [INFO] ===== ONNX SAVED at ./savemodel/0510_0725PM_MY_PDE/950.onnx
"2023-05-10 19:25:15,067 [INFO] EPISODE 950, LOSS 5.083172798156738
"2023-05-10 19:25:15,183 [INFO] ===== ONNX SAVED at ./savemodel/0510_0725PM_MY_PDE/960.onnx
"2023-05-10 19:25:15,184 [INFO] EPISODE 960, LOSS 2.7294366359710693
"2023-05-10 19:25:15,248 [INFO] ===== ONNX SAVED at ./savemodel/0510_0725PM_MY_PDE/970.onnx
"2023-05-10 19:25:15,248 [INFO] EPISODE 970, LOSS 2.82993745803833
"2023-05-10 19:25:15,309 [INFO] ===== ONNX SAVED at ./savemodel/0510_0725PM_MY_PDE/980.onnx
"2023-05-10 19:25:15,309 [INFO] EPISODE 980, LOSS 7.262825965881348
"2023-05-10 19:25:15,379 [INFO] ===== ONNX SAVED at ./savemodel/0510_0725PM_MY_PDE/990.onnx
"2023-05-10 19:25:15,379 [INFO] EPISODE 990, LOSS 4.0303239822387695
"2023-05-10 19:25:15,436 [INFO] train finished. 
final loss: 3.783428907394409
"2023-05-10 19:25:15,441 [INFO] ===== ONNX SAVED at ./savemodel/0510_0725PM_MY_PDE/FINAL1000.onnx
"2023-05-10 19:25:35,086 [INFO] Reporter Initialized!
"2023-05-10 19:25:35,086 [INFO] Reporter LEVEL: info
"2023-05-10 19:25:35,087 [INFO] ***** SPECIAL COMMENT *****
"2023-05-10 19:25:35,087 [INFO]      Trained with myPDE, G, Again with save onnx per 10; 128 nodes
"2023-05-10 19:25:35,087 [INFO] Using random data
"2023-05-10 19:25:36,299 [INFO] None
"2023-05-10 19:25:36,299 [INFO] Device(cuda) is working for train
