"2023-05-10 19:16:33,080 [INFO] Reporter Initialized!
"2023-05-10 19:16:33,080 [INFO] Reporter LEVEL: info
"2023-05-10 19:16:33,081 [INFO] ***** SPECIAL COMMENT *****
"2023-05-10 19:16:33,081 [INFO]      Trained with myPDE, G, Again with save onnx per 10
"2023-05-10 19:16:33,081 [INFO] Using random data
"2023-05-10 19:16:34,237 [INFO] None
"2023-05-10 19:16:34,237 [INFO] Device(cuda) is working for train
"2023-05-10 19:16:34,237 [INFO] Train Started
"2023-05-10 19:16:34,257 [INFO] ===== ONNX SAVED at ./savemodel/0510_0716PM_MY_PDE/0.onnx
"2023-05-10 19:16:34,257 [INFO] ===== Saved non-trained network
"2023-05-10 19:16:34,257 [INFO] EPISODE 0, LOSS 3.1868491172790527
"2023-05-10 19:16:34,469 [INFO] ===== ONNX SAVED at ./savemodel/0510_0716PM_MY_PDE/2.onnx
"2023-05-10 19:16:34,485 [INFO] ===== ONNX SAVED at ./savemodel/0510_0716PM_MY_PDE/7.onnx
"2023-05-10 19:16:34,500 [INFO] ===== ONNX SAVED at ./savemodel/0510_0716PM_MY_PDE/10.onnx
"2023-05-10 19:16:34,500 [INFO] EPISODE 10, LOSS 5.278244495391846
"2023-05-10 19:16:34,566 [INFO] ===== ONNX SAVED at ./savemodel/0510_0716PM_MY_PDE/20.onnx
"2023-05-10 19:16:34,566 [INFO] EPISODE 20, LOSS 2.85493803024292
"2023-05-10 19:16:34,632 [INFO] ===== ONNX SAVED at ./savemodel/0510_0716PM_MY_PDE/27.onnx
"2023-05-10 19:16:34,644 [INFO] ===== ONNX SAVED at ./savemodel/0510_0716PM_MY_PDE/30.onnx
"2023-05-10 19:16:34,644 [INFO] EPISODE 30, LOSS 5.264427185058594
"2023-05-10 19:16:34,715 [INFO] ===== ONNX SAVED at ./savemodel/0510_0716PM_MY_PDE/40.onnx
"2023-05-10 19:16:34,715 [INFO] EPISODE 40, LOSS 3.6343727111816406
"2023-05-10 19:16:34,785 [INFO] ===== ONNX SAVED at ./savemodel/0510_0716PM_MY_PDE/50.onnx
"2023-05-10 19:16:34,785 [INFO] EPISODE 50, LOSS 2.903928756713867
"2023-05-10 19:16:34,853 [INFO] ===== ONNX SAVED at ./savemodel/0510_0716PM_MY_PDE/60.onnx
"2023-05-10 19:16:34,854 [INFO] EPISODE 60, LOSS 3.2605056762695312
"2023-05-10 19:16:34,916 [INFO] ===== ONNX SAVED at ./savemodel/0510_0716PM_MY_PDE/61.onnx
"2023-05-10 19:16:34,932 [INFO] ===== ONNX SAVED at ./savemodel/0510_0716PM_MY_PDE/67.onnx
"2023-05-10 19:16:34,948 [INFO] ===== ONNX SAVED at ./savemodel/0510_0716PM_MY_PDE/69.onnx
"2023-05-10 19:16:34,958 [INFO] ===== ONNX SAVED at ./savemodel/0510_0716PM_MY_PDE/70.onnx
"2023-05-10 19:16:34,958 [INFO] EPISODE 70, LOSS 3.585190773010254
"2023-05-10 19:16:35,024 [INFO] ===== ONNX SAVED at ./savemodel/0510_0716PM_MY_PDE/77.onnx
"2023-05-10 19:16:35,033 [INFO] ===== ONNX SAVED at ./savemodel/0510_0716PM_MY_PDE/78.onnx
"2023-05-10 19:16:35,044 [INFO] ===== ONNX SAVED at ./savemodel/0510_0716PM_MY_PDE/80.onnx
"2023-05-10 19:16:35,044 [INFO] EPISODE 80, LOSS 1.6812647581100464
"2023-05-10 19:16:35,114 [INFO] ===== ONNX SAVED at ./savemodel/0510_0716PM_MY_PDE/90.onnx
"2023-05-10 19:16:35,114 [INFO] EPISODE 90, LOSS 3.1188063621520996
"2023-05-10 19:16:35,179 [INFO] ===== ONNX SAVED at ./savemodel/0510_0716PM_MY_PDE/99.onnx
"2023-05-10 19:16:35,188 [INFO] ===== ONNX SAVED at ./savemodel/0510_0716PM_MY_PDE/100.onnx
"2023-05-10 19:16:35,188 [INFO] EPISODE 100, LOSS 1.6618331670761108
"2023-05-10 19:16:35,253 [INFO] ===== ONNX SAVED at ./savemodel/0510_0716PM_MY_PDE/110.onnx
"2023-05-10 19:16:35,253 [INFO] EPISODE 110, LOSS 1.3403525352478027
"2023-05-10 19:16:35,311 [INFO] ===== ONNX SAVED at ./savemodel/0510_0716PM_MY_PDE/114.onnx
"2023-05-10 19:16:35,320 [INFO] ===== ONNX SAVED at ./savemodel/0510_0716PM_MY_PDE/115.onnx
"2023-05-10 19:16:35,337 [INFO] ===== ONNX SAVED at ./savemodel/0510_0716PM_MY_PDE/120.onnx
"2023-05-10 19:16:35,337 [INFO] EPISODE 120, LOSS 1.362982153892517
"2023-05-10 19:16:35,394 [INFO] ===== ONNX SAVED at ./savemodel/0510_0716PM_MY_PDE/121.onnx
"2023-05-10 19:16:35,417 [INFO] ===== ONNX SAVED at ./savemodel/0510_0716PM_MY_PDE/130.onnx
"2023-05-10 19:16:35,417 [INFO] EPISODE 130, LOSS 2.1185660362243652
"2023-05-10 19:16:35,475 [INFO] ===== ONNX SAVED at ./savemodel/0510_0716PM_MY_PDE/132.onnx
"2023-05-10 19:16:35,494 [INFO] ===== ONNX SAVED at ./savemodel/0510_0716PM_MY_PDE/140.onnx
"2023-05-10 19:16:35,494 [INFO] EPISODE 140, LOSS 1.7839763164520264
"2023-05-10 19:16:35,553 [INFO] ===== ONNX SAVED at ./savemodel/0510_0716PM_MY_PDE/141.onnx
"2023-05-10 19:16:35,564 [INFO] ===== ONNX SAVED at ./savemodel/0510_0716PM_MY_PDE/143.onnx
"2023-05-10 19:16:35,584 [INFO] ===== ONNX SAVED at ./savemodel/0510_0716PM_MY_PDE/150.onnx
"2023-05-10 19:16:35,584 [INFO] EPISODE 150, LOSS 1.196609377861023
"2023-05-10 19:16:35,647 [INFO] ===== ONNX SAVED at ./savemodel/0510_0716PM_MY_PDE/154.onnx
"2023-05-10 19:16:35,663 [INFO] ===== ONNX SAVED at ./savemodel/0510_0716PM_MY_PDE/160.onnx
"2023-05-10 19:16:35,663 [INFO] EPISODE 160, LOSS 0.9913296699523926
"2023-05-10 19:16:35,720 [INFO] ===== ONNX SAVED at ./savemodel/0510_0716PM_MY_PDE/161.onnx
"2023-05-10 19:16:35,736 [INFO] ===== ONNX SAVED at ./savemodel/0510_0716PM_MY_PDE/167.onnx
"2023-05-10 19:16:35,752 [INFO] ===== ONNX SAVED at ./savemodel/0510_0716PM_MY_PDE/170.onnx
"2023-05-10 19:16:35,752 [INFO] EPISODE 170, LOSS 1.4649604558944702
"2023-05-10 19:16:35,820 [INFO] ===== ONNX SAVED at ./savemodel/0510_0716PM_MY_PDE/180.onnx
"2023-05-10 19:16:35,820 [INFO] EPISODE 180, LOSS 1.0262556076049805
"2023-05-10 19:16:35,885 [INFO] ===== ONNX SAVED at ./savemodel/0510_0716PM_MY_PDE/187.onnx
"2023-05-10 19:16:35,899 [INFO] ===== ONNX SAVED at ./savemodel/0510_0716PM_MY_PDE/190.onnx
"2023-05-10 19:16:35,899 [INFO] EPISODE 190, LOSS 0.7275497913360596
"2023-05-10 19:16:35,969 [INFO] ===== ONNX SAVED at ./savemodel/0510_0716PM_MY_PDE/200.onnx
"2023-05-10 19:16:35,969 [INFO] EPISODE 200, LOSS 0.3372993469238281
"2023-05-10 19:16:36,042 [INFO] ===== ONNX SAVED at ./savemodel/0510_0716PM_MY_PDE/210.onnx
"2023-05-10 19:16:36,042 [INFO] EPISODE 210, LOSS 0.6626849174499512
"2023-05-10 19:16:36,110 [INFO] ===== ONNX SAVED at ./savemodel/0510_0716PM_MY_PDE/220.onnx
"2023-05-10 19:16:36,110 [INFO] EPISODE 220, LOSS 0.5415836572647095
"2023-05-10 19:16:36,229 [INFO] ===== ONNX SAVED at ./savemodel/0510_0716PM_MY_PDE/230.onnx
"2023-05-10 19:16:36,229 [INFO] EPISODE 230, LOSS 0.32394859194755554
"2023-05-10 19:16:36,293 [INFO] ===== ONNX SAVED at ./savemodel/0510_0716PM_MY_PDE/240.onnx
"2023-05-10 19:16:36,293 [INFO] EPISODE 240, LOSS 0.4867987334728241
"2023-05-10 19:16:36,357 [INFO] ===== ONNX SAVED at ./savemodel/0510_0716PM_MY_PDE/250.onnx
"2023-05-10 19:16:36,357 [INFO] EPISODE 250, LOSS 0.4045630097389221
"2023-05-10 19:16:36,423 [INFO] ===== ONNX SAVED at ./savemodel/0510_0716PM_MY_PDE/260.onnx
"2023-05-10 19:16:36,423 [INFO] EPISODE 260, LOSS 0.6232136487960815
"2023-05-10 19:16:36,491 [INFO] ===== ONNX SAVED at ./savemodel/0510_0716PM_MY_PDE/270.onnx
"2023-05-10 19:16:36,491 [INFO] EPISODE 270, LOSS 0.5091122388839722
"2023-05-10 19:16:36,558 [INFO] ===== ONNX SAVED at ./savemodel/0510_0716PM_MY_PDE/280.onnx
"2023-05-10 19:16:36,558 [INFO] EPISODE 280, LOSS 0.5635867118835449
"2023-05-10 19:16:36,616 [INFO] ===== ONNX SAVED at ./savemodel/0510_0716PM_MY_PDE/284.onnx
"2023-05-10 19:16:36,631 [INFO] ===== ONNX SAVED at ./savemodel/0510_0716PM_MY_PDE/290.onnx
"2023-05-10 19:16:36,631 [INFO] EPISODE 290, LOSS 0.8261692523956299
"2023-05-10 19:16:36,698 [INFO] ===== ONNX SAVED at ./savemodel/0510_0716PM_MY_PDE/300.onnx
"2023-05-10 19:16:36,699 [INFO] EPISODE 300, LOSS 1.1483957767486572
"2023-05-10 19:16:36,766 [INFO] ===== ONNX SAVED at ./savemodel/0510_0716PM_MY_PDE/310.onnx
"2023-05-10 19:16:36,766 [INFO] EPISODE 310, LOSS 0.7505993247032166
"2023-05-10 19:16:36,834 [INFO] ===== ONNX SAVED at ./savemodel/0510_0716PM_MY_PDE/320.onnx
"2023-05-10 19:16:36,834 [INFO] EPISODE 320, LOSS 0.6101423501968384
"2023-05-10 19:16:36,900 [INFO] ===== ONNX SAVED at ./savemodel/0510_0716PM_MY_PDE/330.onnx
"2023-05-10 19:16:36,900 [INFO] EPISODE 330, LOSS 0.530011773109436
"2023-05-10 19:16:36,966 [INFO] ===== ONNX SAVED at ./savemodel/0510_0716PM_MY_PDE/340.onnx
"2023-05-10 19:16:36,966 [INFO] EPISODE 340, LOSS 0.38199397921562195
"2023-05-10 19:16:37,033 [INFO] ===== ONNX SAVED at ./savemodel/0510_0716PM_MY_PDE/350.onnx
"2023-05-10 19:16:37,033 [INFO] EPISODE 350, LOSS 0.4060497283935547
"2023-05-10 19:16:37,099 [INFO] ===== ONNX SAVED at ./savemodel/0510_0716PM_MY_PDE/359.onnx
"2023-05-10 19:16:37,108 [INFO] ===== ONNX SAVED at ./savemodel/0510_0716PM_MY_PDE/360.onnx
"2023-05-10 19:16:37,108 [INFO] EPISODE 360, LOSS 0.6178586483001709
"2023-05-10 19:16:37,175 [INFO] ===== ONNX SAVED at ./savemodel/0510_0716PM_MY_PDE/370.onnx
"2023-05-10 19:16:37,175 [INFO] EPISODE 370, LOSS 0.5024840831756592
"2023-05-10 19:16:37,241 [INFO] ===== ONNX SAVED at ./savemodel/0510_0716PM_MY_PDE/380.onnx
"2023-05-10 19:16:37,241 [INFO] EPISODE 380, LOSS 0.2421078383922577
"2023-05-10 19:16:37,310 [INFO] ===== ONNX SAVED at ./savemodel/0510_0716PM_MY_PDE/390.onnx
"2023-05-10 19:16:37,310 [INFO] EPISODE 390, LOSS 0.4078187346458435
"2023-05-10 19:16:37,378 [INFO] ===== ONNX SAVED at ./savemodel/0510_0716PM_MY_PDE/400.onnx
"2023-05-10 19:16:37,378 [INFO] EPISODE 400, LOSS 0.4263727068901062
"2023-05-10 19:16:37,446 [INFO] ===== ONNX SAVED at ./savemodel/0510_0716PM_MY_PDE/410.onnx
"2023-05-10 19:16:37,446 [INFO] EPISODE 410, LOSS 0.17108464241027832
"2023-05-10 19:16:37,509 [INFO] ===== ONNX SAVED at ./savemodel/0510_0716PM_MY_PDE/420.onnx
"2023-05-10 19:16:37,509 [INFO] EPISODE 420, LOSS 0.31272733211517334
"2023-05-10 19:16:37,573 [INFO] ===== ONNX SAVED at ./savemodel/0510_0716PM_MY_PDE/430.onnx
"2023-05-10 19:16:37,573 [INFO] EPISODE 430, LOSS 0.2150474488735199
"2023-05-10 19:16:37,638 [INFO] ===== ONNX SAVED at ./savemodel/0510_0716PM_MY_PDE/440.onnx
"2023-05-10 19:16:37,638 [INFO] EPISODE 440, LOSS 0.3160906732082367
"2023-05-10 19:16:37,701 [INFO] ===== ONNX SAVED at ./savemodel/0510_0716PM_MY_PDE/450.onnx
"2023-05-10 19:16:37,701 [INFO] EPISODE 450, LOSS 0.18979021906852722
"2023-05-10 19:16:37,766 [INFO] ===== ONNX SAVED at ./savemodel/0510_0716PM_MY_PDE/460.onnx
"2023-05-10 19:16:37,766 [INFO] EPISODE 460, LOSS 0.3214314579963684
"2023-05-10 19:16:37,836 [INFO] ===== ONNX SAVED at ./savemodel/0510_0716PM_MY_PDE/470.onnx
"2023-05-10 19:16:37,836 [INFO] EPISODE 470, LOSS 0.26918458938598633
"2023-05-10 19:16:37,895 [INFO] ===== ONNX SAVED at ./savemodel/0510_0716PM_MY_PDE/475.onnx
"2023-05-10 19:16:37,910 [INFO] ===== ONNX SAVED at ./savemodel/0510_0716PM_MY_PDE/480.onnx
"2023-05-10 19:16:37,910 [INFO] EPISODE 480, LOSS 0.245366632938385
"2023-05-10 19:16:38,022 [INFO] ===== ONNX SAVED at ./savemodel/0510_0716PM_MY_PDE/483.onnx
"2023-05-10 19:16:38,040 [INFO] ===== ONNX SAVED at ./savemodel/0510_0716PM_MY_PDE/490.onnx
"2023-05-10 19:16:38,040 [INFO] EPISODE 490, LOSS 0.23992030322551727
"2023-05-10 19:16:38,105 [INFO] ===== ONNX SAVED at ./savemodel/0510_0716PM_MY_PDE/500.onnx
"2023-05-10 19:16:38,105 [INFO] EPISODE 500, LOSS 0.173690527677536
"2023-05-10 19:16:38,171 [INFO] ===== ONNX SAVED at ./savemodel/0510_0716PM_MY_PDE/510.onnx
"2023-05-10 19:16:38,171 [INFO] EPISODE 510, LOSS 0.2543542981147766
"2023-05-10 19:16:38,238 [INFO] ===== ONNX SAVED at ./savemodel/0510_0716PM_MY_PDE/520.onnx
"2023-05-10 19:16:38,238 [INFO] EPISODE 520, LOSS 0.24185287952423096
"2023-05-10 19:16:38,305 [INFO] ===== ONNX SAVED at ./savemodel/0510_0716PM_MY_PDE/530.onnx
"2023-05-10 19:16:38,305 [INFO] EPISODE 530, LOSS 0.18582984805107117
"2023-05-10 19:16:38,370 [INFO] ===== ONNX SAVED at ./savemodel/0510_0716PM_MY_PDE/540.onnx
"2023-05-10 19:16:38,370 [INFO] EPISODE 540, LOSS 0.17416462302207947
"2023-05-10 19:16:38,435 [INFO] ===== ONNX SAVED at ./savemodel/0510_0716PM_MY_PDE/550.onnx
"2023-05-10 19:16:38,435 [INFO] EPISODE 550, LOSS 0.12461622804403305
"2023-05-10 19:16:38,499 [INFO] ===== ONNX SAVED at ./savemodel/0510_0716PM_MY_PDE/560.onnx
"2023-05-10 19:16:38,499 [INFO] EPISODE 560, LOSS 0.3012933135032654
"2023-05-10 19:16:38,564 [INFO] ===== ONNX SAVED at ./savemodel/0510_0716PM_MY_PDE/570.onnx
"2023-05-10 19:16:38,564 [INFO] EPISODE 570, LOSS 0.1540324091911316
"2023-05-10 19:16:38,623 [INFO] ===== ONNX SAVED at ./savemodel/0510_0716PM_MY_PDE/574.onnx
"2023-05-10 19:16:38,639 [INFO] ===== ONNX SAVED at ./savemodel/0510_0716PM_MY_PDE/580.onnx
"2023-05-10 19:16:38,639 [INFO] EPISODE 580, LOSS 0.33641737699508667
"2023-05-10 19:16:38,705 [INFO] ===== ONNX SAVED at ./savemodel/0510_0716PM_MY_PDE/590.onnx
"2023-05-10 19:16:38,706 [INFO] EPISODE 590, LOSS 0.19434580206871033
"2023-05-10 19:16:38,771 [INFO] ===== ONNX SAVED at ./savemodel/0510_0716PM_MY_PDE/600.onnx
"2023-05-10 19:16:38,771 [INFO] EPISODE 600, LOSS 0.17221733927726746
"2023-05-10 19:16:38,837 [INFO] ===== ONNX SAVED at ./savemodel/0510_0716PM_MY_PDE/610.onnx
"2023-05-10 19:16:38,837 [INFO] EPISODE 610, LOSS 0.35082826018333435
"2023-05-10 19:16:38,906 [INFO] ===== ONNX SAVED at ./savemodel/0510_0716PM_MY_PDE/620.onnx
"2023-05-10 19:16:38,906 [INFO] EPISODE 620, LOSS 0.31340259313583374
"2023-05-10 19:16:38,971 [INFO] ===== ONNX SAVED at ./savemodel/0510_0716PM_MY_PDE/630.onnx
"2023-05-10 19:16:38,971 [INFO] EPISODE 630, LOSS 0.32362979650497437
"2023-05-10 19:16:39,038 [INFO] ===== ONNX SAVED at ./savemodel/0510_0716PM_MY_PDE/640.onnx
"2023-05-10 19:16:39,038 [INFO] EPISODE 640, LOSS 0.19657477736473083
"2023-05-10 19:16:39,106 [INFO] ===== ONNX SAVED at ./savemodel/0510_0716PM_MY_PDE/650.onnx
"2023-05-10 19:16:39,107 [INFO] EPISODE 650, LOSS 0.24382567405700684
"2023-05-10 19:16:39,173 [INFO] ===== ONNX SAVED at ./savemodel/0510_0716PM_MY_PDE/660.onnx
"2023-05-10 19:16:39,173 [INFO] EPISODE 660, LOSS 0.19632959365844727
"2023-05-10 19:16:39,238 [INFO] ===== ONNX SAVED at ./savemodel/0510_0716PM_MY_PDE/670.onnx
"2023-05-10 19:16:39,238 [INFO] EPISODE 670, LOSS 0.13515281677246094
"2023-05-10 19:16:39,305 [INFO] ===== ONNX SAVED at ./savemodel/0510_0716PM_MY_PDE/680.onnx
"2023-05-10 19:16:39,306 [INFO] EPISODE 680, LOSS 0.21380862593650818
"2023-05-10 19:16:39,364 [INFO] ===== ONNX SAVED at ./savemodel/0510_0716PM_MY_PDE/683.onnx
"2023-05-10 19:16:39,381 [INFO] ===== ONNX SAVED at ./savemodel/0510_0716PM_MY_PDE/690.onnx
"2023-05-10 19:16:39,381 [INFO] EPISODE 690, LOSS 0.12901905179023743
"2023-05-10 19:16:39,448 [INFO] ===== ONNX SAVED at ./savemodel/0510_0716PM_MY_PDE/700.onnx
"2023-05-10 19:16:39,448 [INFO] EPISODE 700, LOSS 0.21621190011501312
"2023-05-10 19:16:39,515 [INFO] ===== ONNX SAVED at ./savemodel/0510_0716PM_MY_PDE/710.onnx
"2023-05-10 19:16:39,515 [INFO] EPISODE 710, LOSS 0.15091973543167114
"2023-05-10 19:16:39,579 [INFO] ===== ONNX SAVED at ./savemodel/0510_0716PM_MY_PDE/716.onnx
"2023-05-10 19:16:39,592 [INFO] ===== ONNX SAVED at ./savemodel/0510_0716PM_MY_PDE/720.onnx
"2023-05-10 19:16:39,592 [INFO] EPISODE 720, LOSS 0.4034881591796875
"2023-05-10 19:16:39,662 [INFO] ===== ONNX SAVED at ./savemodel/0510_0716PM_MY_PDE/730.onnx
"2023-05-10 19:16:39,662 [INFO] EPISODE 730, LOSS 0.1493932008743286
"2023-05-10 19:16:39,784 [INFO] ===== ONNX SAVED at ./savemodel/0510_0716PM_MY_PDE/740.onnx
"2023-05-10 19:16:39,784 [INFO] EPISODE 740, LOSS 0.10109937191009521
"2023-05-10 19:16:39,852 [INFO] ===== ONNX SAVED at ./savemodel/0510_0716PM_MY_PDE/750.onnx
"2023-05-10 19:16:39,852 [INFO] EPISODE 750, LOSS 0.10671164840459824
"2023-05-10 19:16:39,919 [INFO] ===== ONNX SAVED at ./savemodel/0510_0716PM_MY_PDE/760.onnx
"2023-05-10 19:16:39,919 [INFO] EPISODE 760, LOSS 0.2586687505245209
"2023-05-10 19:16:39,986 [INFO] ===== ONNX SAVED at ./savemodel/0510_0716PM_MY_PDE/770.onnx
"2023-05-10 19:16:39,986 [INFO] EPISODE 770, LOSS 0.2688583731651306
"2023-05-10 19:16:40,054 [INFO] ===== ONNX SAVED at ./savemodel/0510_0716PM_MY_PDE/780.onnx
"2023-05-10 19:16:40,054 [INFO] EPISODE 780, LOSS 0.3986225724220276
"2023-05-10 19:16:40,128 [INFO] ===== ONNX SAVED at ./savemodel/0510_0716PM_MY_PDE/790.onnx
"2023-05-10 19:16:40,128 [INFO] EPISODE 790, LOSS 0.20296207070350647
"2023-05-10 19:16:40,198 [INFO] ===== ONNX SAVED at ./savemodel/0510_0716PM_MY_PDE/800.onnx
"2023-05-10 19:16:40,198 [INFO] EPISODE 800, LOSS 0.15022458136081696
"2023-05-10 19:16:40,271 [INFO] ===== ONNX SAVED at ./savemodel/0510_0716PM_MY_PDE/810.onnx
"2023-05-10 19:16:40,271 [INFO] EPISODE 810, LOSS 0.24822306632995605
"2023-05-10 19:16:40,341 [INFO] ===== ONNX SAVED at ./savemodel/0510_0716PM_MY_PDE/820.onnx
"2023-05-10 19:16:40,341 [INFO] EPISODE 820, LOSS 0.2616826295852661
"2023-05-10 19:16:40,395 [INFO] ===== ONNX SAVED at ./savemodel/0510_0716PM_MY_PDE/821.onnx
"2023-05-10 19:16:40,417 [INFO] ===== ONNX SAVED at ./savemodel/0510_0716PM_MY_PDE/830.onnx
"2023-05-10 19:16:40,417 [INFO] EPISODE 830, LOSS 0.16504427790641785
"2023-05-10 19:16:40,481 [INFO] ===== ONNX SAVED at ./savemodel/0510_0716PM_MY_PDE/840.onnx
"2023-05-10 19:16:40,481 [INFO] EPISODE 840, LOSS 0.2879565358161926
"2023-05-10 19:16:40,545 [INFO] ===== ONNX SAVED at ./savemodel/0510_0716PM_MY_PDE/850.onnx
"2023-05-10 19:16:40,545 [INFO] EPISODE 850, LOSS 0.12166538089513779
"2023-05-10 19:16:40,603 [INFO] ===== ONNX SAVED at ./savemodel/0510_0716PM_MY_PDE/855.onnx
"2023-05-10 19:16:40,617 [INFO] ===== ONNX SAVED at ./savemodel/0510_0716PM_MY_PDE/860.onnx
"2023-05-10 19:16:40,617 [INFO] EPISODE 860, LOSS 0.2103908509016037
"2023-05-10 19:16:40,681 [INFO] ===== ONNX SAVED at ./savemodel/0510_0716PM_MY_PDE/870.onnx
"2023-05-10 19:16:40,681 [INFO] EPISODE 870, LOSS 0.12505075335502625
"2023-05-10 19:16:40,745 [INFO] ===== ONNX SAVED at ./savemodel/0510_0716PM_MY_PDE/880.onnx
"2023-05-10 19:16:40,745 [INFO] EPISODE 880, LOSS 0.12719741463661194
"2023-05-10 19:16:40,809 [INFO] ===== ONNX SAVED at ./savemodel/0510_0716PM_MY_PDE/890.onnx
"2023-05-10 19:16:40,809 [INFO] EPISODE 890, LOSS 0.27587735652923584
"2023-05-10 19:16:40,873 [INFO] ===== ONNX SAVED at ./savemodel/0510_0716PM_MY_PDE/900.onnx
"2023-05-10 19:16:40,873 [INFO] EPISODE 900, LOSS 0.16518759727478027
"2023-05-10 19:16:40,941 [INFO] ===== ONNX SAVED at ./savemodel/0510_0716PM_MY_PDE/910.onnx
"2023-05-10 19:16:40,942 [INFO] EPISODE 910, LOSS 0.16609802842140198
"2023-05-10 19:16:41,006 [INFO] ===== ONNX SAVED at ./savemodel/0510_0716PM_MY_PDE/920.onnx
"2023-05-10 19:16:41,006 [INFO] EPISODE 920, LOSS 0.244515523314476
"2023-05-10 19:16:41,069 [INFO] ===== ONNX SAVED at ./savemodel/0510_0716PM_MY_PDE/930.onnx
"2023-05-10 19:16:41,069 [INFO] EPISODE 930, LOSS 0.1807500720024109
"2023-05-10 19:16:41,135 [INFO] ===== ONNX SAVED at ./savemodel/0510_0716PM_MY_PDE/940.onnx
"2023-05-10 19:16:41,135 [INFO] EPISODE 940, LOSS 0.24548524618148804
"2023-05-10 19:16:41,199 [INFO] ===== ONNX SAVED at ./savemodel/0510_0716PM_MY_PDE/950.onnx
"2023-05-10 19:16:41,199 [INFO] EPISODE 950, LOSS 0.16174592077732086
"2023-05-10 19:16:41,263 [INFO] ===== ONNX SAVED at ./savemodel/0510_0716PM_MY_PDE/960.onnx
"2023-05-10 19:16:41,263 [INFO] EPISODE 960, LOSS 0.22470466792583466
"2023-05-10 19:16:41,327 [INFO] ===== ONNX SAVED at ./savemodel/0510_0716PM_MY_PDE/970.onnx
"2023-05-10 19:16:41,327 [INFO] EPISODE 970, LOSS 0.1678600162267685
"2023-05-10 19:16:41,392 [INFO] ===== ONNX SAVED at ./savemodel/0510_0716PM_MY_PDE/980.onnx
"2023-05-10 19:16:41,393 [INFO] EPISODE 980, LOSS 0.2874215841293335
"2023-05-10 19:16:41,459 [INFO] ===== ONNX SAVED at ./savemodel/0510_0716PM_MY_PDE/990.onnx
"2023-05-10 19:16:41,459 [INFO] EPISODE 990, LOSS 0.33993059396743774
"2023-05-10 19:16:41,514 [INFO] train finished. 
final loss: 0.1899271458387375
"2023-05-10 19:16:41,523 [INFO] ===== ONNX SAVED at ./savemodel/0510_0716PM_MY_PDE/FINAL1000.onnx
