"2023-05-10 14:32:55,186 [INFO] Reporter Initialized!
"2023-05-10 14:32:55,186 [INFO] Reporter LEVEL: info
"2023-05-10 14:32:55,187 [INFO] Usung random data
"2023-05-10 14:32:56,325 [INFO] None
"2023-05-10 14:32:56,325 [INFO] Device(cuda) is working for train
"2023-05-10 14:32:56,329 [INFO] Train Started
"2023-05-10 14:32:56,348 [INFO] ===== ONNX SAVED at ./savemodel/0510_0232PM_MY_PDE/0.onnx
"2023-05-10 14:32:56,348 [INFO] ===== Saved non-trained network
"2023-05-10 14:32:56,348 [INFO] EPISODE 0, LOSS 3.136843204498291
"2023-05-10 14:32:56,586 [INFO] ===== ONNX SAVED at ./savemodel/0510_0232PM_MY_PDE/3.onnx
"2023-05-10 14:32:56,602 [INFO] ===== ONNX SAVED at ./savemodel/0510_0232PM_MY_PDE/4.onnx
"2023-05-10 14:32:56,645 [INFO] ===== ONNX SAVED at ./savemodel/0510_0232PM_MY_PDE/8.onnx
"2023-05-10 14:32:56,662 [INFO] ===== ONNX SAVED at ./savemodel/0510_0232PM_MY_PDE/9.onnx
"2023-05-10 14:32:56,669 [INFO] EPISODE 10, LOSS 2.2667078971862793
"2023-05-10 14:32:56,732 [INFO] ===== ONNX SAVED at ./savemodel/0510_0232PM_MY_PDE/11.onnx
"2023-05-10 14:32:56,766 [INFO] ===== ONNX SAVED at ./savemodel/0510_0232PM_MY_PDE/14.onnx
"2023-05-10 14:32:56,822 [INFO] ===== ONNX SAVED at ./savemodel/0510_0232PM_MY_PDE/19.onnx
"2023-05-10 14:32:56,838 [INFO] ===== ONNX SAVED at ./savemodel/0510_0232PM_MY_PDE/20.onnx
"2023-05-10 14:32:56,838 [INFO] EPISODE 20, LOSS 0.3980024755001068
"2023-05-10 14:32:56,925 [INFO] ===== ONNX SAVED at ./savemodel/0510_0232PM_MY_PDE/23.onnx
"2023-05-10 14:32:56,959 [INFO] ===== ONNX SAVED at ./savemodel/0510_0232PM_MY_PDE/26.onnx
"2023-05-10 14:32:56,994 [INFO] EPISODE 30, LOSS 0.29863107204437256
"2023-05-10 14:32:57,078 [INFO] ===== ONNX SAVED at ./savemodel/0510_0232PM_MY_PDE/33.onnx
"2023-05-10 14:32:57,134 [INFO] EPISODE 40, LOSS 0.20909647643566132
"2023-05-10 14:32:57,209 [INFO] ===== ONNX SAVED at ./savemodel/0510_0232PM_MY_PDE/42.onnx
"2023-05-10 14:32:57,277 [INFO] EPISODE 50, LOSS 0.20455226302146912
"2023-05-10 14:32:57,408 [INFO] EPISODE 60, LOSS 0.2521766126155853
"2023-05-10 14:32:57,550 [INFO] ===== ONNX SAVED at ./savemodel/0510_0232PM_MY_PDE/69.onnx
"2023-05-10 14:32:57,557 [INFO] EPISODE 70, LOSS 0.3192397356033325
"2023-05-10 14:32:57,691 [INFO] EPISODE 80, LOSS 0.18581938743591309
"2023-05-10 14:32:57,841 [INFO] ===== ONNX SAVED at ./savemodel/0510_0232PM_MY_PDE/90.onnx
"2023-05-10 14:32:57,841 [INFO] EPISODE 90, LOSS 0.08839808404445648
"2023-05-10 14:32:57,976 [INFO] EPISODE 100, LOSS 0.3072575032711029
"2023-05-10 14:32:58,109 [INFO] EPISODE 110, LOSS 0.13227958977222443
"2023-05-10 14:32:58,238 [INFO] EPISODE 120, LOSS 0.1964816302061081
"2023-05-10 14:32:58,303 [INFO] ===== ONNX SAVED at ./savemodel/0510_0232PM_MY_PDE/121.onnx
"2023-05-10 14:32:58,384 [INFO] EPISODE 130, LOSS 0.15931709110736847
"2023-05-10 14:32:58,512 [INFO] EPISODE 140, LOSS 0.16819670796394348
"2023-05-10 14:32:58,645 [INFO] EPISODE 150, LOSS 0.12452763319015503
"2023-05-10 14:32:58,782 [INFO] EPISODE 160, LOSS 0.21806910634040833
"2023-05-10 14:32:58,847 [INFO] ===== ONNX SAVED at ./savemodel/0510_0232PM_MY_PDE/161.onnx
"2023-05-10 14:32:58,925 [INFO] EPISODE 170, LOSS 0.22407963871955872
"2023-05-10 14:32:59,054 [INFO] EPISODE 180, LOSS 0.11794276535511017
"2023-05-10 14:32:59,181 [INFO] EPISODE 190, LOSS 0.10061898082494736
"2023-05-10 14:32:59,358 [INFO] EPISODE 200, LOSS 0.13867154717445374
"2023-05-10 14:32:59,488 [INFO] EPISODE 210, LOSS 0.2339017242193222
"2023-05-10 14:32:59,628 [INFO] EPISODE 220, LOSS 0.10885126888751984
"2023-05-10 14:32:59,762 [INFO] EPISODE 230, LOSS 0.12461380660533905
"2023-05-10 14:32:59,892 [INFO] EPISODE 240, LOSS 0.28062665462493896
"2023-05-10 14:33:00,023 [INFO] EPISODE 250, LOSS 0.0652836263179779
"2023-05-10 14:33:00,152 [INFO] EPISODE 260, LOSS 0.35429438948631287
"2023-05-10 14:33:00,280 [INFO] EPISODE 270, LOSS 0.15044115483760834
"2023-05-10 14:33:00,397 [INFO] EPISODE 280, LOSS 0.26392778754234314
"2023-05-10 14:33:00,535 [INFO] EPISODE 290, LOSS 0.13338401913642883
"2023-05-10 14:33:00,672 [INFO] EPISODE 300, LOSS 0.14760375022888184
"2023-05-10 14:33:00,804 [INFO] EPISODE 310, LOSS 0.12586280703544617
"2023-05-10 14:33:00,934 [INFO] EPISODE 320, LOSS 0.1314827799797058
"2023-05-10 14:33:01,067 [INFO] EPISODE 330, LOSS 0.20491978526115417
"2023-05-10 14:33:01,197 [INFO] EPISODE 340, LOSS 0.12847182154655457
"2023-05-10 14:33:01,332 [INFO] EPISODE 350, LOSS 0.21841296553611755
"2023-05-10 14:33:01,466 [INFO] EPISODE 360, LOSS 0.22403216361999512
"2023-05-10 14:33:01,603 [INFO] EPISODE 370, LOSS 0.19091689586639404
"2023-05-10 14:33:01,736 [INFO] EPISODE 380, LOSS 0.19017915427684784
"2023-05-10 14:33:01,869 [INFO] EPISODE 390, LOSS 0.1603296399116516
"2023-05-10 14:33:02,004 [INFO] EPISODE 400, LOSS 0.18353256583213806
"2023-05-10 14:33:02,143 [INFO] EPISODE 410, LOSS 0.19700531661510468
"2023-05-10 14:33:02,271 [INFO] EPISODE 420, LOSS 0.1206243559718132
"2023-05-10 14:33:02,477 [INFO] EPISODE 430, LOSS 0.11353795230388641
"2023-05-10 14:33:02,618 [INFO] EPISODE 440, LOSS 0.1587345451116562
"2023-05-10 14:33:02,697 [INFO] ===== ONNX SAVED at ./savemodel/0510_0232PM_MY_PDE/443.onnx
"2023-05-10 14:33:02,761 [INFO] EPISODE 450, LOSS 0.18504683673381805
"2023-05-10 14:33:02,892 [INFO] EPISODE 460, LOSS 0.24546849727630615
"2023-05-10 14:33:03,027 [INFO] EPISODE 470, LOSS 0.14747726917266846
"2023-05-10 14:33:03,158 [INFO] EPISODE 480, LOSS 0.18882444500923157
"2023-05-10 14:33:03,297 [INFO] EPISODE 490, LOSS 0.12244933843612671
"2023-05-10 14:33:03,432 [INFO] EPISODE 500, LOSS 0.21276000142097473
"2023-05-10 14:33:03,570 [INFO] EPISODE 510, LOSS 0.17169097065925598
"2023-05-10 14:33:03,700 [INFO] EPISODE 520, LOSS 0.15413105487823486
"2023-05-10 14:33:03,829 [INFO] EPISODE 530, LOSS 0.19448035955429077
"2023-05-10 14:33:03,958 [INFO] EPISODE 540, LOSS 0.20365922152996063
"2023-05-10 14:33:04,085 [INFO] EPISODE 550, LOSS 0.11744412779808044
"2023-05-10 14:33:04,202 [INFO] EPISODE 560, LOSS 0.1882903277873993
"2023-05-10 14:33:04,319 [INFO] EPISODE 570, LOSS 0.13836847245693207
"2023-05-10 14:33:04,434 [INFO] EPISODE 580, LOSS 0.10920266807079315
"2023-05-10 14:33:04,564 [INFO] EPISODE 590, LOSS 0.1914876401424408
"2023-05-10 14:33:04,687 [INFO] EPISODE 600, LOSS 0.09145771712064743
"2023-05-10 14:33:04,821 [INFO] EPISODE 610, LOSS 0.2076113522052765
"2023-05-10 14:33:04,947 [INFO] EPISODE 620, LOSS 0.24870052933692932
"2023-05-10 14:33:05,079 [INFO] EPISODE 630, LOSS 0.1683209389448166
"2023-05-10 14:33:05,211 [INFO] EPISODE 640, LOSS 0.25144118070602417
"2023-05-10 14:33:05,342 [INFO] EPISODE 650, LOSS 0.11082601547241211
"2023-05-10 14:33:05,473 [INFO] EPISODE 660, LOSS 0.16984844207763672
"2023-05-10 14:33:05,609 [INFO] EPISODE 670, LOSS 0.059008896350860596
"2023-05-10 14:33:05,742 [INFO] EPISODE 680, LOSS 0.10501453280448914
"2023-05-10 14:33:05,932 [INFO] EPISODE 690, LOSS 0.15275134146213531
"2023-05-10 14:33:06,074 [INFO] EPISODE 700, LOSS 0.15905094146728516
"2023-05-10 14:33:06,212 [INFO] EPISODE 710, LOSS 0.17549704015254974
"2023-05-10 14:33:06,343 [INFO] EPISODE 720, LOSS 0.16799716651439667
"2023-05-10 14:33:06,472 [INFO] EPISODE 730, LOSS 0.13235050439834595
"2023-05-10 14:33:06,604 [INFO] EPISODE 740, LOSS 0.12888747453689575
"2023-05-10 14:33:06,744 [INFO] EPISODE 750, LOSS 0.12210488319396973
"2023-05-10 14:33:06,875 [INFO] EPISODE 760, LOSS 0.12081827968358994
"2023-05-10 14:33:07,017 [INFO] EPISODE 770, LOSS 0.13340303301811218
"2023-05-10 14:33:07,152 [INFO] EPISODE 780, LOSS 0.22944298386573792
"2023-05-10 14:33:07,294 [INFO] EPISODE 790, LOSS 0.11932003498077393
"2023-05-10 14:33:07,436 [INFO] EPISODE 800, LOSS 0.28001290559768677
"2023-05-10 14:33:07,564 [INFO] EPISODE 810, LOSS 0.08768551796674728
"2023-05-10 14:33:07,697 [INFO] EPISODE 820, LOSS 0.17913028597831726
"2023-05-10 14:33:07,830 [INFO] EPISODE 830, LOSS 0.10407218337059021
"2023-05-10 14:33:07,959 [INFO] EPISODE 840, LOSS 0.1940302848815918
"2023-05-10 14:33:08,091 [INFO] EPISODE 850, LOSS 0.11800307035446167
"2023-05-10 14:33:08,213 [INFO] EPISODE 860, LOSS 0.14846336841583252
"2023-05-10 14:33:08,344 [INFO] EPISODE 870, LOSS 0.14123424887657166
"2023-05-10 14:33:08,471 [INFO] EPISODE 880, LOSS 0.12749023735523224
"2023-05-10 14:33:08,599 [INFO] EPISODE 890, LOSS 0.045650169253349304
"2023-05-10 14:33:08,730 [INFO] EPISODE 900, LOSS 0.10348167270421982
"2023-05-10 14:33:08,861 [INFO] EPISODE 910, LOSS 0.12645968794822693
"2023-05-10 14:33:08,996 [INFO] EPISODE 920, LOSS 0.16513490676879883
"2023-05-10 14:33:09,183 [INFO] ===== ONNX SAVED at ./savemodel/0510_0232PM_MY_PDE/928.onnx
"2023-05-10 14:33:09,198 [INFO] EPISODE 930, LOSS 0.14296327531337738
"2023-05-10 14:33:09,323 [INFO] EPISODE 940, LOSS 0.27849626541137695
"2023-05-10 14:33:09,449 [INFO] EPISODE 950, LOSS 0.14766350388526917
"2023-05-10 14:33:09,579 [INFO] EPISODE 960, LOSS 0.1724231243133545
"2023-05-10 14:33:09,713 [INFO] EPISODE 970, LOSS 0.2334282100200653
"2023-05-10 14:33:09,846 [INFO] EPISODE 980, LOSS 0.1165229082107544
"2023-05-10 14:33:09,978 [INFO] EPISODE 990, LOSS 0.08318964391946793
"2023-05-10 14:33:10,116 [INFO] ===== ONNX SAVED at ./savemodel/0510_0232PM_MY_PDE/1000.onnx
"2023-05-10 14:33:10,116 [INFO] EPISODE 1000, LOSS 0.1127610057592392
"2023-05-10 14:33:10,249 [INFO] EPISODE 1010, LOSS 0.1194939836859703
"2023-05-10 14:33:10,320 [INFO] ===== ONNX SAVED at ./savemodel/0510_0232PM_MY_PDE/1012.onnx
"2023-05-10 14:33:10,389 [INFO] EPISODE 1020, LOSS 0.07175394892692566
"2023-05-10 14:33:10,519 [INFO] EPISODE 1030, LOSS 0.11315654218196869
"2023-05-10 14:33:10,650 [INFO] EPISODE 1040, LOSS 0.2507006824016571
"2023-05-10 14:33:10,780 [INFO] EPISODE 1050, LOSS 0.09762751311063766
"2023-05-10 14:33:10,902 [INFO] ===== ONNX SAVED at ./savemodel/0510_0232PM_MY_PDE/1058.onnx
"2023-05-10 14:33:10,919 [INFO] EPISODE 1060, LOSS 0.3597440719604492
"2023-05-10 14:33:11,053 [INFO] EPISODE 1070, LOSS 0.17547985911369324
"2023-05-10 14:33:11,184 [INFO] EPISODE 1080, LOSS 0.4060831069946289
"2023-05-10 14:33:11,318 [INFO] EPISODE 1090, LOSS 0.1047111377120018
"2023-05-10 14:33:11,453 [INFO] EPISODE 1100, LOSS 0.29125088453292847
"2023-05-10 14:33:11,588 [INFO] EPISODE 1110, LOSS 0.2348068207502365
"2023-05-10 14:33:11,722 [INFO] EPISODE 1120, LOSS 0.1352355182170868
"2023-05-10 14:33:11,850 [INFO] EPISODE 1130, LOSS 0.11148540675640106
"2023-05-10 14:33:11,988 [INFO] EPISODE 1140, LOSS 0.07387666404247284
"2023-05-10 14:33:12,116 [INFO] EPISODE 1150, LOSS 0.04672076553106308
"2023-05-10 14:33:12,253 [INFO] EPISODE 1160, LOSS 0.08650475740432739
"2023-05-10 14:33:12,438 [INFO] EPISODE 1170, LOSS 0.13692431151866913
"2023-05-10 14:33:12,576 [INFO] EPISODE 1180, LOSS 0.10043895244598389
"2023-05-10 14:33:12,711 [INFO] EPISODE 1190, LOSS 0.13836625218391418
"2023-05-10 14:33:12,848 [INFO] EPISODE 1200, LOSS 0.44558772444725037
"2023-05-10 14:33:12,985 [INFO] EPISODE 1210, LOSS 0.09150396287441254
"2023-05-10 14:33:13,112 [INFO] EPISODE 1220, LOSS 0.14313481748104095
"2023-05-10 14:33:13,250 [INFO] EPISODE 1230, LOSS 0.17392902076244354
"2023-05-10 14:33:13,388 [INFO] EPISODE 1240, LOSS 0.14808101952075958
"2023-05-10 14:33:13,521 [INFO] EPISODE 1250, LOSS 0.0978507325053215
"2023-05-10 14:33:13,656 [INFO] EPISODE 1260, LOSS 0.08467337489128113
"2023-05-10 14:33:13,787 [INFO] EPISODE 1270, LOSS 0.12354016304016113
"2023-05-10 14:33:13,916 [INFO] EPISODE 1280, LOSS 0.16928617656230927
"2023-05-10 14:33:14,047 [INFO] EPISODE 1290, LOSS 0.12858597934246063
"2023-05-10 14:33:14,182 [INFO] EPISODE 1300, LOSS 0.15521863102912903
"2023-05-10 14:33:14,314 [INFO] EPISODE 1310, LOSS 0.16894102096557617
"2023-05-10 14:33:14,441 [INFO] EPISODE 1320, LOSS 0.19098369777202606
"2023-05-10 14:33:14,567 [INFO] EPISODE 1330, LOSS 0.09158599376678467
"2023-05-10 14:33:14,697 [INFO] EPISODE 1340, LOSS 0.16193276643753052
"2023-05-10 14:33:14,832 [INFO] EPISODE 1350, LOSS 0.11531130969524384
"2023-05-10 14:33:14,968 [INFO] EPISODE 1360, LOSS 0.20804908871650696
"2023-05-10 14:33:15,102 [INFO] EPISODE 1370, LOSS 0.16662508249282837
"2023-05-10 14:33:15,233 [INFO] EPISODE 1380, LOSS 0.12222842872142792
"2023-05-10 14:33:15,365 [INFO] EPISODE 1390, LOSS 0.12357651442289352
"2023-05-10 14:33:15,491 [INFO] EPISODE 1400, LOSS 0.1257818192243576
"2023-05-10 14:33:15,619 [INFO] EPISODE 1410, LOSS 0.11166918277740479
"2023-05-10 14:33:15,801 [INFO] EPISODE 1420, LOSS 0.11984839290380478
"2023-05-10 14:33:15,931 [INFO] EPISODE 1430, LOSS 0.15437772870063782
"2023-05-10 14:33:16,057 [INFO] EPISODE 1440, LOSS 0.15498636662960052
"2023-05-10 14:33:16,189 [INFO] EPISODE 1450, LOSS 0.07915575802326202
"2023-05-10 14:33:16,320 [INFO] EPISODE 1460, LOSS 0.1206391453742981
"2023-05-10 14:33:16,449 [INFO] EPISODE 1470, LOSS 0.13062310218811035
"2023-05-10 14:33:16,576 [INFO] EPISODE 1480, LOSS 0.13613735139369965
"2023-05-10 14:33:16,707 [INFO] EPISODE 1490, LOSS 0.3421114385128021
"2023-05-10 14:33:16,835 [INFO] EPISODE 1500, LOSS 0.13627146184444427
"2023-05-10 14:33:16,963 [INFO] EPISODE 1510, LOSS 0.11357806622982025
"2023-05-10 14:33:17,090 [INFO] EPISODE 1520, LOSS 0.115470290184021
"2023-05-10 14:33:17,222 [INFO] EPISODE 1530, LOSS 0.1040424108505249
"2023-05-10 14:33:17,354 [INFO] EPISODE 1540, LOSS 0.07020236551761627
"2023-05-10 14:33:17,483 [INFO] EPISODE 1550, LOSS 0.2683655321598053
"2023-05-10 14:33:17,616 [INFO] EPISODE 1560, LOSS 0.11281411349773407
"2023-05-10 14:33:17,744 [INFO] EPISODE 1570, LOSS 0.08369787037372589
"2023-05-10 14:33:17,874 [INFO] EPISODE 1580, LOSS 0.09457287192344666
"2023-05-10 14:33:18,007 [INFO] EPISODE 1590, LOSS 0.15892860293388367
"2023-05-10 14:33:18,145 [INFO] EPISODE 1600, LOSS 0.12073968350887299
"2023-05-10 14:33:18,277 [INFO] EPISODE 1610, LOSS 0.0520433746278286
"2023-05-10 14:33:18,408 [INFO] EPISODE 1620, LOSS 0.1856360137462616
"2023-05-10 14:33:18,540 [INFO] EPISODE 1630, LOSS 0.1118248924612999
"2023-05-10 14:33:18,722 [INFO] EPISODE 1640, LOSS 0.09051625430583954
"2023-05-10 14:33:18,853 [INFO] EPISODE 1650, LOSS 0.07537700235843658
"2023-05-10 14:33:18,980 [INFO] EPISODE 1660, LOSS 0.06312425434589386
"2023-05-10 14:33:19,109 [INFO] EPISODE 1670, LOSS 0.11133323609828949
"2023-05-10 14:33:19,238 [INFO] EPISODE 1680, LOSS 0.07066474854946136
"2023-05-10 14:33:19,367 [INFO] EPISODE 1690, LOSS 0.28052055835723877
"2023-05-10 14:33:19,500 [INFO] EPISODE 1700, LOSS 0.23810134828090668
"2023-05-10 14:33:19,634 [INFO] EPISODE 1710, LOSS 0.12220402806997299
"2023-05-10 14:33:19,764 [INFO] EPISODE 1720, LOSS 0.13753055036067963
"2023-05-10 14:33:19,889 [INFO] EPISODE 1730, LOSS 0.21074748039245605
"2023-05-10 14:33:20,022 [INFO] EPISODE 1740, LOSS 0.16065137088298798
"2023-05-10 14:33:20,161 [INFO] EPISODE 1750, LOSS 0.10735785216093063
"2023-05-10 14:33:20,290 [INFO] EPISODE 1760, LOSS 0.118300661444664
"2023-05-10 14:33:20,418 [INFO] EPISODE 1770, LOSS 0.08619290590286255
"2023-05-10 14:33:20,561 [INFO] EPISODE 1780, LOSS 0.09594911336898804
"2023-05-10 14:33:20,694 [INFO] EPISODE 1790, LOSS 0.12700575590133667
"2023-05-10 14:33:20,823 [INFO] EPISODE 1800, LOSS 0.048049889504909515
"2023-05-10 14:33:20,953 [INFO] EPISODE 1810, LOSS 0.13531076908111572
"2023-05-10 14:33:21,083 [INFO] EPISODE 1820, LOSS 0.10970976203680038
"2023-05-10 14:33:21,217 [INFO] EPISODE 1830, LOSS 0.1339181363582611
"2023-05-10 14:33:21,348 [INFO] EPISODE 1840, LOSS 0.07916353642940521
"2023-05-10 14:33:21,475 [INFO] EPISODE 1850, LOSS 0.2436118721961975
"2023-05-10 14:33:21,609 [INFO] EPISODE 1860, LOSS 0.10682769119739532
"2023-05-10 14:33:21,740 [INFO] EPISODE 1870, LOSS 0.1548657864332199
"2023-05-10 14:33:21,921 [INFO] EPISODE 1880, LOSS 0.10958245396614075
"2023-05-10 14:33:22,058 [INFO] EPISODE 1890, LOSS 0.11282037943601608
"2023-05-10 14:33:22,197 [INFO] EPISODE 1900, LOSS 0.17264816164970398
"2023-05-10 14:33:22,327 [INFO] EPISODE 1910, LOSS 0.21135851740837097
"2023-05-10 14:33:22,458 [INFO] EPISODE 1920, LOSS 0.1338798850774765
"2023-05-10 14:33:22,593 [INFO] EPISODE 1930, LOSS 0.24096667766571045
"2023-05-10 14:33:22,727 [INFO] EPISODE 1940, LOSS 0.19145116209983826
"2023-05-10 14:33:22,859 [INFO] EPISODE 1950, LOSS 0.1822899878025055
"2023-05-10 14:33:22,993 [INFO] EPISODE 1960, LOSS 0.09966407716274261
"2023-05-10 14:33:23,129 [INFO] EPISODE 1970, LOSS 0.1715429127216339
"2023-05-10 14:33:23,264 [INFO] EPISODE 1980, LOSS 0.11604281514883041
"2023-05-10 14:33:23,392 [INFO] EPISODE 1990, LOSS 0.09085528552532196
"2023-05-10 14:33:23,532 [INFO] ===== ONNX SAVED at ./savemodel/0510_0232PM_MY_PDE/2000.onnx
"2023-05-10 14:33:23,533 [INFO] EPISODE 2000, LOSS 0.14847728610038757
"2023-05-10 14:33:23,664 [INFO] EPISODE 2010, LOSS 0.14027392864227295
"2023-05-10 14:33:23,792 [INFO] EPISODE 2020, LOSS 0.08486881852149963
"2023-05-10 14:33:23,922 [INFO] EPISODE 2030, LOSS 0.08659183979034424
"2023-05-10 14:33:24,044 [INFO] EPISODE 2040, LOSS 0.17812864482402802
"2023-05-10 14:33:24,174 [INFO] EPISODE 2050, LOSS 0.2423393726348877
"2023-05-10 14:33:24,300 [INFO] EPISODE 2060, LOSS 0.09350137412548065
"2023-05-10 14:33:24,435 [INFO] EPISODE 2070, LOSS 0.06695525348186493
"2023-05-10 14:33:24,560 [INFO] EPISODE 2080, LOSS 0.062277864664793015
"2023-05-10 14:33:24,687 [INFO] EPISODE 2090, LOSS 0.18663620948791504
"2023-05-10 14:33:24,869 [INFO] EPISODE 2100, LOSS 0.136907160282135
"2023-05-10 14:33:24,996 [INFO] EPISODE 2110, LOSS 0.13040046393871307
"2023-05-10 14:33:25,120 [INFO] EPISODE 2120, LOSS 0.057482074946165085
"2023-05-10 14:33:25,248 [INFO] EPISODE 2130, LOSS 0.22013670206069946
"2023-05-10 14:33:25,374 [INFO] EPISODE 2140, LOSS 0.13970854878425598
"2023-05-10 14:33:25,500 [INFO] EPISODE 2150, LOSS 0.13518258929252625
"2023-05-10 14:33:25,631 [INFO] EPISODE 2160, LOSS 0.172272726893425
"2023-05-10 14:33:25,757 [INFO] EPISODE 2170, LOSS 0.1289907544851303
"2023-05-10 14:33:25,883 [INFO] EPISODE 2180, LOSS 0.15277022123336792
"2023-05-10 14:33:26,007 [INFO] EPISODE 2190, LOSS 0.19040441513061523
"2023-05-10 14:33:26,137 [INFO] EPISODE 2200, LOSS 0.1381893754005432
"2023-05-10 14:33:26,267 [INFO] EPISODE 2210, LOSS 0.05600082874298096
"2023-05-10 14:33:26,394 [INFO] EPISODE 2220, LOSS 0.15340009331703186
"2023-05-10 14:33:26,521 [INFO] EPISODE 2230, LOSS 0.09865649789571762
"2023-05-10 14:33:26,651 [INFO] EPISODE 2240, LOSS 0.15440282225608826
"2023-05-10 14:33:26,778 [INFO] EPISODE 2250, LOSS 0.2754557728767395
"2023-05-10 14:33:26,904 [INFO] EPISODE 2260, LOSS 0.0972684845328331
"2023-05-10 14:33:27,030 [INFO] EPISODE 2270, LOSS 0.11443137377500534
"2023-05-10 14:33:27,162 [INFO] EPISODE 2280, LOSS 0.10846370458602905
"2023-05-10 14:33:27,289 [INFO] EPISODE 2290, LOSS 0.13572081923484802
"2023-05-10 14:33:27,413 [INFO] EPISODE 2300, LOSS 0.18402181565761566
"2023-05-10 14:33:27,545 [INFO] EPISODE 2310, LOSS 0.15293578803539276
"2023-05-10 14:33:27,670 [INFO] EPISODE 2320, LOSS 0.20219819247722626
"2023-05-10 14:33:27,797 [INFO] EPISODE 2330, LOSS 0.11162206530570984
"2023-05-10 14:33:27,924 [INFO] EPISODE 2340, LOSS 0.11653711646795273
"2023-05-10 14:33:28,050 [INFO] EPISODE 2350, LOSS 0.07204277813434601
"2023-05-10 14:33:28,231 [INFO] EPISODE 2360, LOSS 0.06270875036716461
"2023-05-10 14:33:28,361 [INFO] EPISODE 2370, LOSS 0.10754367709159851
"2023-05-10 14:33:28,488 [INFO] EPISODE 2380, LOSS 0.11807417869567871
"2023-05-10 14:33:28,617 [INFO] EPISODE 2390, LOSS 0.29096460342407227
"2023-05-10 14:33:28,742 [INFO] EPISODE 2400, LOSS 0.14424090087413788
"2023-05-10 14:33:28,870 [INFO] EPISODE 2410, LOSS 0.07226479798555374
"2023-05-10 14:33:29,007 [INFO] EPISODE 2420, LOSS 0.12436771392822266
"2023-05-10 14:33:29,142 [INFO] EPISODE 2430, LOSS 0.14739911258220673
"2023-05-10 14:33:29,270 [INFO] EPISODE 2440, LOSS 0.1128368005156517
"2023-05-10 14:33:29,401 [INFO] EPISODE 2450, LOSS 0.10076366364955902
"2023-05-10 14:33:29,529 [INFO] EPISODE 2460, LOSS 0.0940539687871933
"2023-05-10 14:33:29,648 [INFO] EPISODE 2470, LOSS 0.30114683508872986
"2023-05-10 14:33:29,775 [INFO] EPISODE 2480, LOSS 0.05213777720928192
"2023-05-10 14:33:29,902 [INFO] EPISODE 2490, LOSS 0.08930611610412598
"2023-05-10 14:33:30,029 [INFO] EPISODE 2500, LOSS 0.12874948978424072
"2023-05-10 14:33:30,158 [INFO] EPISODE 2510, LOSS 0.18712520599365234
"2023-05-10 14:33:30,290 [INFO] EPISODE 2520, LOSS 0.2598969638347626
"2023-05-10 14:33:30,418 [INFO] EPISODE 2530, LOSS 0.15549634397029877
"2023-05-10 14:33:30,553 [INFO] EPISODE 2540, LOSS 0.18291687965393066
"2023-05-10 14:33:30,684 [INFO] EPISODE 2550, LOSS 0.09591281414031982
"2023-05-10 14:33:30,813 [INFO] EPISODE 2560, LOSS 0.12915101647377014
"2023-05-10 14:33:30,939 [INFO] EPISODE 2570, LOSS 0.12190653383731842
"2023-05-10 14:33:31,070 [INFO] EPISODE 2580, LOSS 0.11010821908712387
"2023-05-10 14:33:31,200 [INFO] EPISODE 2590, LOSS 0.08591187000274658
"2023-05-10 14:33:31,335 [INFO] EPISODE 2600, LOSS 0.06833743304014206
"2023-05-10 14:33:31,468 [INFO] EPISODE 2610, LOSS 0.07405354082584381
"2023-05-10 14:33:31,592 [INFO] EPISODE 2620, LOSS 0.1748216599225998
"2023-05-10 14:33:31,777 [INFO] EPISODE 2630, LOSS 0.21561336517333984
"2023-05-10 14:33:31,901 [INFO] EPISODE 2640, LOSS 0.22925469279289246
"2023-05-10 14:33:32,028 [INFO] EPISODE 2650, LOSS 0.13580796122550964
"2023-05-10 14:33:32,163 [INFO] EPISODE 2660, LOSS 0.07905663549900055
"2023-05-10 14:33:32,298 [INFO] EPISODE 2670, LOSS 0.1655655801296234
"2023-05-10 14:33:32,423 [INFO] EPISODE 2680, LOSS 0.0918852910399437
"2023-05-10 14:33:32,554 [INFO] EPISODE 2690, LOSS 0.0582907497882843
"2023-05-10 14:33:32,686 [INFO] EPISODE 2700, LOSS 0.15852418541908264
"2023-05-10 14:33:32,814 [INFO] EPISODE 2710, LOSS 0.12848114967346191
"2023-05-10 14:33:32,940 [INFO] EPISODE 2720, LOSS 0.25911545753479004
"2023-05-10 14:33:33,070 [INFO] EPISODE 2730, LOSS 0.1005365401506424
"2023-05-10 14:33:33,198 [INFO] EPISODE 2740, LOSS 0.13836288452148438
"2023-05-10 14:33:33,328 [INFO] EPISODE 2750, LOSS 0.1799558401107788
"2023-05-10 14:33:33,459 [INFO] EPISODE 2760, LOSS 0.1570429801940918
"2023-05-10 14:33:33,589 [INFO] EPISODE 2770, LOSS 0.0892835184931755
"2023-05-10 14:33:33,722 [INFO] EPISODE 2780, LOSS 0.07778014242649078
"2023-05-10 14:33:33,857 [INFO] EPISODE 2790, LOSS 0.20914876461029053
"2023-05-10 14:33:33,973 [INFO] EPISODE 2800, LOSS 0.15502971410751343
"2023-05-10 14:33:34,104 [INFO] EPISODE 2810, LOSS 0.19669044017791748
"2023-05-10 14:33:34,231 [INFO] EPISODE 2820, LOSS 0.13781088590621948
"2023-05-10 14:33:34,359 [INFO] EPISODE 2830, LOSS 0.21506640315055847
"2023-05-10 14:33:34,490 [INFO] EPISODE 2840, LOSS 0.1725693941116333
"2023-05-10 14:33:34,620 [INFO] EPISODE 2850, LOSS 0.2343883514404297
"2023-05-10 14:33:34,744 [INFO] EPISODE 2860, LOSS 0.1972656548023224
"2023-05-10 14:33:34,929 [INFO] EPISODE 2870, LOSS 0.07545267790555954
"2023-05-10 14:33:35,058 [INFO] EPISODE 2880, LOSS 0.3512020707130432
"2023-05-10 14:33:35,187 [INFO] EPISODE 2890, LOSS 0.12140773236751556
"2023-05-10 14:33:35,319 [INFO] EPISODE 2900, LOSS 0.14074137806892395
"2023-05-10 14:33:35,450 [INFO] EPISODE 2910, LOSS 0.1599581092596054
"2023-05-10 14:33:35,579 [INFO] EPISODE 2920, LOSS 0.10680507123470306
"2023-05-10 14:33:35,712 [INFO] EPISODE 2930, LOSS 0.16235098242759705
"2023-05-10 14:33:35,846 [INFO] EPISODE 2940, LOSS 0.15386223793029785
"2023-05-10 14:33:35,970 [INFO] EPISODE 2950, LOSS 0.23437073826789856
"2023-05-10 14:33:36,099 [INFO] EPISODE 2960, LOSS 0.10699568688869476
"2023-05-10 14:33:36,227 [INFO] EPISODE 2970, LOSS 0.10966645181179047
"2023-05-10 14:33:36,356 [INFO] EPISODE 2980, LOSS 0.1259356290102005
"2023-05-10 14:33:36,474 [INFO] EPISODE 2990, LOSS 0.06056626886129379
"2023-05-10 14:33:36,617 [INFO] ===== ONNX SAVED at ./savemodel/0510_0232PM_MY_PDE/3000.onnx
"2023-05-10 14:33:36,617 [INFO] EPISODE 3000, LOSS 0.1377345323562622
"2023-05-10 14:33:36,749 [INFO] EPISODE 3010, LOSS 0.09499593824148178
"2023-05-10 14:33:36,879 [INFO] EPISODE 3020, LOSS 0.16959112882614136
"2023-05-10 14:33:37,012 [INFO] EPISODE 3030, LOSS 0.18245893716812134
"2023-05-10 14:33:37,151 [INFO] EPISODE 3040, LOSS 0.10956820100545883
"2023-05-10 14:33:37,286 [INFO] EPISODE 3050, LOSS 0.05608642101287842
"2023-05-10 14:33:37,416 [INFO] EPISODE 3060, LOSS 0.12832990288734436
"2023-05-10 14:33:37,546 [INFO] EPISODE 3070, LOSS 0.18108642101287842
"2023-05-10 14:33:37,666 [INFO] EPISODE 3080, LOSS 0.13525980710983276
"2023-05-10 14:33:37,794 [INFO] EPISODE 3090, LOSS 0.19850486516952515
"2023-05-10 14:33:37,920 [INFO] EPISODE 3100, LOSS 0.09359341859817505
"2023-05-10 14:33:38,055 [INFO] EPISODE 3110, LOSS 0.12834545969963074
"2023-05-10 14:33:38,188 [INFO] EPISODE 3120, LOSS 0.060796067118644714
"2023-05-10 14:33:38,378 [INFO] EPISODE 3130, LOSS 0.1276092827320099
"2023-05-10 14:33:38,511 [INFO] EPISODE 3140, LOSS 0.112847700715065
"2023-05-10 14:33:38,646 [INFO] EPISODE 3150, LOSS 0.08962671458721161
"2023-05-10 14:33:38,784 [INFO] EPISODE 3160, LOSS 0.2647179365158081
"2023-05-10 14:33:38,903 [INFO] EPISODE 3170, LOSS 0.12201704829931259
"2023-05-10 14:33:39,032 [INFO] EPISODE 3180, LOSS 0.11244148015975952
"2023-05-10 14:33:39,163 [INFO] EPISODE 3190, LOSS 0.2206164002418518
"2023-05-10 14:33:39,299 [INFO] EPISODE 3200, LOSS 0.16697901487350464
"2023-05-10 14:33:39,433 [INFO] EPISODE 3210, LOSS 0.17677168548107147
"2023-05-10 14:33:39,566 [INFO] EPISODE 3220, LOSS 0.09484419226646423
"2023-05-10 14:33:39,697 [INFO] EPISODE 3230, LOSS 0.23427605628967285
"2023-05-10 14:33:39,831 [INFO] EPISODE 3240, LOSS 0.08352570980787277
"2023-05-10 14:33:39,970 [INFO] EPISODE 3250, LOSS 0.06964609771966934
"2023-05-10 14:33:40,108 [INFO] EPISODE 3260, LOSS 0.15233993530273438
"2023-05-10 14:33:40,247 [INFO] EPISODE 3270, LOSS 0.19748708605766296
"2023-05-10 14:33:40,382 [INFO] EPISODE 3280, LOSS 0.27246198058128357
"2023-05-10 14:33:40,526 [INFO] EPISODE 3290, LOSS 0.08678771555423737
"2023-05-10 14:33:40,659 [INFO] EPISODE 3300, LOSS 0.12062899768352509
"2023-05-10 14:33:40,792 [INFO] EPISODE 3310, LOSS 0.08857801556587219
"2023-05-10 14:33:40,923 [INFO] EPISODE 3320, LOSS 0.185829758644104
"2023-05-10 14:33:41,059 [INFO] EPISODE 3330, LOSS 0.200277179479599
"2023-05-10 14:33:41,194 [INFO] EPISODE 3340, LOSS 0.27750545740127563
"2023-05-10 14:33:41,326 [INFO] EPISODE 3350, LOSS 0.10436712205410004
"2023-05-10 14:33:41,458 [INFO] EPISODE 3360, LOSS 0.27814072370529175
"2023-05-10 14:33:41,591 [INFO] EPISODE 3370, LOSS 0.1906653344631195
"2023-05-10 14:33:41,786 [INFO] EPISODE 3380, LOSS 0.1161441057920456
"2023-05-10 14:33:41,923 [INFO] EPISODE 3390, LOSS 0.14668501913547516
"2023-05-10 14:33:42,061 [INFO] EPISODE 3400, LOSS 0.11326533555984497
"2023-05-10 14:33:42,194 [INFO] EPISODE 3410, LOSS 0.14844253659248352
"2023-05-10 14:33:42,336 [INFO] EPISODE 3420, LOSS 0.16524671018123627
"2023-05-10 14:33:42,480 [INFO] EPISODE 3430, LOSS 0.12178286910057068
"2023-05-10 14:33:42,613 [INFO] EPISODE 3440, LOSS 0.21884799003601074
"2023-05-10 14:33:42,738 [INFO] EPISODE 3450, LOSS 0.09886699914932251
"2023-05-10 14:33:42,868 [INFO] EPISODE 3460, LOSS 0.09321057051420212
"2023-05-10 14:33:42,995 [INFO] EPISODE 3470, LOSS 0.11929040402173996
"2023-05-10 14:33:43,136 [INFO] EPISODE 3480, LOSS 0.06793157756328583
"2023-05-10 14:33:43,259 [INFO] EPISODE 3490, LOSS 0.1233789324760437
"2023-05-10 14:33:43,380 [INFO] EPISODE 3500, LOSS 0.15531502664089203
"2023-05-10 14:33:43,500 [INFO] EPISODE 3510, LOSS 0.10562526434659958
"2023-05-10 14:33:43,624 [INFO] EPISODE 3520, LOSS 0.18553385138511658
"2023-05-10 14:33:43,758 [INFO] EPISODE 3530, LOSS 0.06604824960231781
"2023-05-10 14:33:43,902 [INFO] EPISODE 3540, LOSS 0.12680643796920776
"2023-05-10 14:33:44,037 [INFO] EPISODE 3550, LOSS 0.13566547632217407
"2023-05-10 14:33:44,173 [INFO] EPISODE 3560, LOSS 0.1368778944015503
"2023-05-10 14:33:44,308 [INFO] EPISODE 3570, LOSS 0.23433208465576172
"2023-05-10 14:33:44,437 [INFO] EPISODE 3580, LOSS 0.17942945659160614
"2023-05-10 14:33:44,564 [INFO] EPISODE 3590, LOSS 0.08986255526542664
"2023-05-10 14:33:44,705 [INFO] EPISODE 3600, LOSS 0.09651581943035126
"2023-05-10 14:33:44,839 [INFO] EPISODE 3610, LOSS 0.05955778807401657
"2023-05-10 14:33:45,034 [INFO] EPISODE 3620, LOSS 0.11762012541294098
"2023-05-10 14:33:45,157 [INFO] EPISODE 3630, LOSS 0.10705681890249252
"2023-05-10 14:33:45,296 [INFO] EPISODE 3640, LOSS 0.09319521486759186
"2023-05-10 14:33:45,432 [INFO] EPISODE 3650, LOSS 0.13363085687160492
"2023-05-10 14:33:45,566 [INFO] EPISODE 3660, LOSS 0.11221012473106384
"2023-05-10 14:33:45,699 [INFO] EPISODE 3670, LOSS 0.10124488919973373
"2023-05-10 14:33:45,832 [INFO] EPISODE 3680, LOSS 0.07908908277750015
"2023-05-10 14:33:45,964 [INFO] EPISODE 3690, LOSS 0.2817489504814148
"2023-05-10 14:33:46,099 [INFO] EPISODE 3700, LOSS 0.1521449089050293
"2023-05-10 14:33:46,233 [INFO] EPISODE 3710, LOSS 0.2723831534385681
"2023-05-10 14:33:46,308 [INFO] ===== ONNX SAVED at ./savemodel/0510_0232PM_MY_PDE/3712.onnx
"2023-05-10 14:33:46,379 [INFO] EPISODE 3720, LOSS 0.1533013880252838
"2023-05-10 14:33:46,516 [INFO] EPISODE 3730, LOSS 0.14025002717971802
"2023-05-10 14:33:46,649 [INFO] EPISODE 3740, LOSS 0.18814730644226074
"2023-05-10 14:33:46,783 [INFO] EPISODE 3750, LOSS 0.08453646302223206
"2023-05-10 14:33:46,915 [INFO] EPISODE 3760, LOSS 0.17424730956554413
"2023-05-10 14:33:47,049 [INFO] EPISODE 3770, LOSS 0.07223039865493774
"2023-05-10 14:33:47,181 [INFO] EPISODE 3780, LOSS 0.19677048921585083
"2023-05-10 14:33:47,314 [INFO] EPISODE 3790, LOSS 0.1625443398952484
"2023-05-10 14:33:47,446 [INFO] EPISODE 3800, LOSS 0.060972925275564194
"2023-05-10 14:33:47,577 [INFO] EPISODE 3810, LOSS 0.12699481844902039
"2023-05-10 14:33:47,715 [INFO] EPISODE 3820, LOSS 0.16985762119293213
"2023-05-10 14:33:47,855 [INFO] EPISODE 3830, LOSS 0.14408132433891296
"2023-05-10 14:33:47,987 [INFO] EPISODE 3840, LOSS 0.09193447232246399
"2023-05-10 14:33:48,172 [INFO] EPISODE 3850, LOSS 0.17132198810577393
"2023-05-10 14:33:48,307 [INFO] EPISODE 3860, LOSS 0.05236130952835083
"2023-05-10 14:33:48,449 [INFO] EPISODE 3870, LOSS 0.1197047233581543
"2023-05-10 14:33:48,587 [INFO] EPISODE 3880, LOSS 0.111697718501091
"2023-05-10 14:33:48,724 [INFO] EPISODE 3890, LOSS 0.13437935709953308
"2023-05-10 14:33:48,860 [INFO] EPISODE 3900, LOSS 0.13037514686584473
"2023-05-10 14:33:48,994 [INFO] EPISODE 3910, LOSS 0.1956632435321808
"2023-05-10 14:33:49,134 [INFO] EPISODE 3920, LOSS 0.10264241695404053
"2023-05-10 14:33:49,271 [INFO] EPISODE 3930, LOSS 0.09664148092269897
"2023-05-10 14:33:49,402 [INFO] EPISODE 3940, LOSS 0.14833955466747284
"2023-05-10 14:33:49,536 [INFO] EPISODE 3950, LOSS 0.11456544697284698
"2023-05-10 14:33:49,674 [INFO] EPISODE 3960, LOSS 0.13445010781288147
"2023-05-10 14:33:49,813 [INFO] EPISODE 3970, LOSS 0.10728713124990463
"2023-05-10 14:33:49,954 [INFO] EPISODE 3980, LOSS 0.10730807483196259
"2023-05-10 14:33:50,079 [INFO] EPISODE 3990, LOSS 0.10856758058071136
"2023-05-10 14:33:50,234 [INFO] ===== ONNX SAVED at ./savemodel/0510_0232PM_MY_PDE/4000.onnx
"2023-05-10 14:33:50,234 [INFO] EPISODE 4000, LOSS 0.0844036191701889
"2023-05-10 14:33:50,367 [INFO] EPISODE 4010, LOSS 0.16232433915138245
"2023-05-10 14:33:50,515 [INFO] EPISODE 4020, LOSS 0.10016292333602905
"2023-05-10 14:33:50,652 [INFO] EPISODE 4030, LOSS 0.11389005184173584
"2023-05-10 14:33:50,793 [INFO] EPISODE 4040, LOSS 0.2010236382484436
"2023-05-10 14:33:50,931 [INFO] EPISODE 4050, LOSS 0.18659357726573944
"2023-05-10 14:33:51,056 [INFO] EPISODE 4060, LOSS 0.2108014076948166
"2023-05-10 14:33:51,178 [INFO] EPISODE 4070, LOSS 0.08184626698493958
"2023-05-10 14:33:51,301 [INFO] EPISODE 4080, LOSS 0.1109870970249176
"2023-05-10 14:33:51,492 [INFO] EPISODE 4090, LOSS 0.11464512348175049
"2023-05-10 14:33:51,628 [INFO] EPISODE 4100, LOSS 0.18183350563049316
"2023-05-10 14:33:51,762 [INFO] EPISODE 4110, LOSS 0.05622072145342827
"2023-05-10 14:33:51,884 [INFO] EPISODE 4120, LOSS 0.10967914760112762
"2023-05-10 14:33:52,023 [INFO] EPISODE 4130, LOSS 0.0782405287027359
"2023-05-10 14:33:52,155 [INFO] EPISODE 4140, LOSS 0.07156598567962646
"2023-05-10 14:33:52,285 [INFO] EPISODE 4150, LOSS 0.09927773475646973
"2023-05-10 14:33:52,417 [INFO] EPISODE 4160, LOSS 0.1357196867465973
"2023-05-10 14:33:52,543 [INFO] EPISODE 4170, LOSS 0.14136147499084473
"2023-05-10 14:33:52,677 [INFO] EPISODE 4180, LOSS 0.17668557167053223
"2023-05-10 14:33:52,813 [INFO] EPISODE 4190, LOSS 0.0932784304022789
"2023-05-10 14:33:52,947 [INFO] EPISODE 4200, LOSS 0.17000745236873627
"2023-05-10 14:33:53,075 [INFO] EPISODE 4210, LOSS 0.14222119748592377
"2023-05-10 14:33:53,209 [INFO] EPISODE 4220, LOSS 0.097318634390831
"2023-05-10 14:33:53,328 [INFO] EPISODE 4230, LOSS 0.1736503690481186
"2023-05-10 14:33:53,458 [INFO] EPISODE 4240, LOSS 0.0887056216597557
"2023-05-10 14:33:53,586 [INFO] EPISODE 4250, LOSS 0.2374863624572754
"2023-05-10 14:33:53,715 [INFO] EPISODE 4260, LOSS 0.12913727760314941
"2023-05-10 14:33:53,832 [INFO] EPISODE 4270, LOSS 0.19266848266124725
"2023-05-10 14:33:53,964 [INFO] EPISODE 4280, LOSS 0.1382925808429718
"2023-05-10 14:33:54,104 [INFO] EPISODE 4290, LOSS 0.1116255521774292
"2023-05-10 14:33:54,234 [INFO] EPISODE 4300, LOSS 0.19216279685497284
"2023-05-10 14:33:54,366 [INFO] EPISODE 4310, LOSS 0.11329752206802368
"2023-05-10 14:33:54,501 [INFO] EPISODE 4320, LOSS 0.14726245403289795
"2023-05-10 14:33:54,634 [INFO] EPISODE 4330, LOSS 0.07826139032840729
"2023-05-10 14:33:54,820 [INFO] EPISODE 4340, LOSS 0.08580401539802551
"2023-05-10 14:33:54,952 [INFO] EPISODE 4350, LOSS 0.393108606338501
"2023-05-10 14:33:55,088 [INFO] EPISODE 4360, LOSS 0.09823408722877502
"2023-05-10 14:33:55,225 [INFO] EPISODE 4370, LOSS 0.15152743458747864
"2023-05-10 14:33:55,364 [INFO] EPISODE 4380, LOSS 0.1332324743270874
"2023-05-10 14:33:55,491 [INFO] EPISODE 4390, LOSS 0.10019654035568237
"2023-05-10 14:33:55,621 [INFO] EPISODE 4400, LOSS 0.09529595822095871
"2023-05-10 14:33:55,763 [INFO] EPISODE 4410, LOSS 0.13161040842533112
"2023-05-10 14:33:55,899 [INFO] EPISODE 4420, LOSS 0.1370258331298828
"2023-05-10 14:33:56,034 [INFO] EPISODE 4430, LOSS 0.12659770250320435
"2023-05-10 14:33:56,168 [INFO] EPISODE 4440, LOSS 0.18495313823223114
"2023-05-10 14:33:56,306 [INFO] EPISODE 4450, LOSS 0.28678882122039795
"2023-05-10 14:33:56,435 [INFO] EPISODE 4460, LOSS 0.11402969062328339
"2023-05-10 14:33:56,573 [INFO] EPISODE 4470, LOSS 0.08626418560743332
"2023-05-10 14:33:56,703 [INFO] EPISODE 4480, LOSS 0.15891018509864807
"2023-05-10 14:33:56,842 [INFO] EPISODE 4490, LOSS 0.1571294665336609
"2023-05-10 14:33:56,980 [INFO] EPISODE 4500, LOSS 0.11005978286266327
"2023-05-10 14:33:57,125 [INFO] EPISODE 4510, LOSS 0.21814116835594177
"2023-05-10 14:33:57,255 [INFO] EPISODE 4520, LOSS 0.17042176425457
"2023-05-10 14:33:57,394 [INFO] EPISODE 4530, LOSS 0.04817325994372368
"2023-05-10 14:33:57,524 [INFO] EPISODE 4540, LOSS 0.06308326125144958
"2023-05-10 14:33:57,663 [INFO] EPISODE 4550, LOSS 0.08267149329185486
"2023-05-10 14:33:57,795 [INFO] EPISODE 4560, LOSS 0.2585151493549347
"2023-05-10 14:33:57,929 [INFO] EPISODE 4570, LOSS 0.16786104440689087
"2023-05-10 14:33:58,063 [INFO] EPISODE 4580, LOSS 0.07794433832168579
"2023-05-10 14:33:58,201 [INFO] ===== ONNX SAVED at ./savemodel/0510_0232PM_MY_PDE/4583.onnx
"2023-05-10 14:33:58,264 [INFO] EPISODE 4590, LOSS 0.10769575834274292
"2023-05-10 14:33:58,398 [INFO] EPISODE 4600, LOSS 0.09586423635482788
"2023-05-10 14:33:58,534 [INFO] EPISODE 4610, LOSS 0.0945020541548729
"2023-05-10 14:33:58,672 [INFO] EPISODE 4620, LOSS 0.09589728713035583
"2023-05-10 14:33:58,799 [INFO] EPISODE 4630, LOSS 0.14545509219169617
"2023-05-10 14:33:58,931 [INFO] EPISODE 4640, LOSS 0.08220919221639633
"2023-05-10 14:33:59,063 [INFO] EPISODE 4650, LOSS 0.1207718700170517
"2023-05-10 14:33:59,195 [INFO] EPISODE 4660, LOSS 0.08704835176467896
"2023-05-10 14:33:59,331 [INFO] EPISODE 4670, LOSS 0.19767728447914124
"2023-05-10 14:33:59,471 [INFO] EPISODE 4680, LOSS 0.08031149208545685
"2023-05-10 14:33:59,608 [INFO] EPISODE 4690, LOSS 0.08994963020086288
"2023-05-10 14:33:59,740 [INFO] EPISODE 4700, LOSS 0.07383395731449127
"2023-05-10 14:33:59,866 [INFO] EPISODE 4710, LOSS 0.17524370551109314
"2023-05-10 14:34:00,005 [INFO] EPISODE 4720, LOSS 0.11917706578969955
"2023-05-10 14:34:00,128 [INFO] EPISODE 4730, LOSS 0.12777557969093323
"2023-05-10 14:34:00,259 [INFO] EPISODE 4740, LOSS 0.10685336589813232
"2023-05-10 14:34:00,403 [INFO] EPISODE 4750, LOSS 0.13414770364761353
"2023-05-10 14:34:00,539 [INFO] EPISODE 4760, LOSS 0.1196407899260521
"2023-05-10 14:34:00,672 [INFO] EPISODE 4770, LOSS 0.1597856730222702
"2023-05-10 14:34:00,813 [INFO] EPISODE 4780, LOSS 0.1247144341468811
"2023-05-10 14:34:00,939 [INFO] EPISODE 4790, LOSS 0.08964744210243225
"2023-05-10 14:34:01,067 [INFO] EPISODE 4800, LOSS 0.14707358181476593
"2023-05-10 14:34:01,197 [INFO] EPISODE 4810, LOSS 0.14668866991996765
"2023-05-10 14:34:01,324 [INFO] EPISODE 4820, LOSS 0.2271256297826767
"2023-05-10 14:34:01,459 [INFO] EPISODE 4830, LOSS 0.17082516849040985
"2023-05-10 14:34:01,592 [INFO] EPISODE 4840, LOSS 0.17775338888168335
"2023-05-10 14:34:01,787 [INFO] EPISODE 4850, LOSS 0.10278626531362534
"2023-05-10 14:34:01,915 [INFO] EPISODE 4860, LOSS 0.20693325996398926
"2023-05-10 14:34:02,052 [INFO] EPISODE 4870, LOSS 0.06418922543525696
"2023-05-10 14:34:02,193 [INFO] EPISODE 4880, LOSS 0.06648992002010345
"2023-05-10 14:34:02,319 [INFO] EPISODE 4890, LOSS 0.08087652176618576
"2023-05-10 14:34:02,451 [INFO] EPISODE 4900, LOSS 0.12492485344409943
"2023-05-10 14:34:02,571 [INFO] EPISODE 4910, LOSS 0.18031899631023407
"2023-05-10 14:34:02,702 [INFO] EPISODE 4920, LOSS 0.19576995074748993
"2023-05-10 14:34:02,842 [INFO] EPISODE 4930, LOSS 0.08978887647390366
"2023-05-10 14:34:02,973 [INFO] EPISODE 4940, LOSS 0.07244125008583069
"2023-05-10 14:34:03,110 [INFO] EPISODE 4950, LOSS 0.18398532271385193
"2023-05-10 14:34:03,247 [INFO] EPISODE 4960, LOSS 0.0726335272192955
"2023-05-10 14:34:03,381 [INFO] EPISODE 4970, LOSS 0.13172101974487305
"2023-05-10 14:34:03,512 [INFO] EPISODE 4980, LOSS 0.1333044469356537
"2023-05-10 14:34:03,644 [INFO] EPISODE 4990, LOSS 0.19706688821315765
"2023-05-10 14:34:03,784 [INFO] ===== ONNX SAVED at ./savemodel/0510_0232PM_MY_PDE/5000.onnx
"2023-05-10 14:34:03,785 [INFO] EPISODE 5000, LOSS 0.06364502012729645
"2023-05-10 14:34:03,918 [INFO] EPISODE 5010, LOSS 0.11577527225017548
"2023-05-10 14:34:04,047 [INFO] EPISODE 5020, LOSS 0.19387707114219666
"2023-05-10 14:34:04,171 [INFO] EPISODE 5030, LOSS 0.09867598861455917
"2023-05-10 14:34:04,307 [INFO] EPISODE 5040, LOSS 0.09519784152507782
"2023-05-10 14:34:04,442 [INFO] EPISODE 5050, LOSS 0.08761676400899887
"2023-05-10 14:34:04,569 [INFO] EPISODE 5060, LOSS 0.16432541608810425
"2023-05-10 14:34:04,691 [INFO] EPISODE 5070, LOSS 0.1463353931903839
"2023-05-10 14:34:04,824 [INFO] EPISODE 5080, LOSS 0.1053415983915329
"2023-05-10 14:34:04,952 [INFO] EPISODE 5090, LOSS 0.09846322238445282
"2023-05-10 14:34:05,080 [INFO] EPISODE 5100, LOSS 0.2245205044746399
"2023-05-10 14:34:05,207 [INFO] EPISODE 5110, LOSS 0.14252251386642456
"2023-05-10 14:34:05,342 [INFO] EPISODE 5120, LOSS 0.15081259608268738
"2023-05-10 14:34:05,479 [INFO] EPISODE 5130, LOSS 0.062064554542303085
"2023-05-10 14:34:05,674 [INFO] EPISODE 5140, LOSS 0.09410324692726135
"2023-05-10 14:34:05,811 [INFO] EPISODE 5150, LOSS 0.14330285787582397
"2023-05-10 14:34:05,948 [INFO] EPISODE 5160, LOSS 0.31349101662635803
"2023-05-10 14:34:06,082 [INFO] EPISODE 5170, LOSS 0.058112576603889465
"2023-05-10 14:34:06,218 [INFO] EPISODE 5180, LOSS 0.1591825932264328
"2023-05-10 14:34:06,348 [INFO] EPISODE 5190, LOSS 0.11828270554542542
"2023-05-10 14:34:06,480 [INFO] EPISODE 5200, LOSS 0.162052720785141
"2023-05-10 14:34:06,612 [INFO] EPISODE 5210, LOSS 0.22717277705669403
"2023-05-10 14:34:06,742 [INFO] EPISODE 5220, LOSS 0.10834802687168121
"2023-05-10 14:34:06,871 [INFO] EPISODE 5230, LOSS 0.15194785594940186
"2023-05-10 14:34:07,005 [INFO] EPISODE 5240, LOSS 0.12017699331045151
"2023-05-10 14:34:07,124 [INFO] EPISODE 5250, LOSS 0.09963522851467133
"2023-05-10 14:34:07,255 [INFO] EPISODE 5260, LOSS 0.13393644988536835
"2023-05-10 14:34:07,390 [INFO] EPISODE 5270, LOSS 0.11117374897003174
"2023-05-10 14:34:07,523 [INFO] EPISODE 5280, LOSS 0.0707721933722496
"2023-05-10 14:34:07,656 [INFO] EPISODE 5290, LOSS 0.055682890117168427
"2023-05-10 14:34:07,795 [INFO] EPISODE 5300, LOSS 0.17724332213401794
"2023-05-10 14:34:07,926 [INFO] EPISODE 5310, LOSS 0.14654342830181122
"2023-05-10 14:34:08,059 [INFO] EPISODE 5320, LOSS 0.1928209513425827
"2023-05-10 14:34:08,191 [INFO] EPISODE 5330, LOSS 0.1579040288925171
"2023-05-10 14:34:08,328 [INFO] EPISODE 5340, LOSS 0.0921921581029892
"2023-05-10 14:34:08,466 [INFO] EPISODE 5350, LOSS 0.1320386379957199
"2023-05-10 14:34:08,591 [INFO] EPISODE 5360, LOSS 0.1137574166059494
"2023-05-10 14:34:08,721 [INFO] EPISODE 5370, LOSS 0.19535474479198456
"2023-05-10 14:34:08,928 [INFO] EPISODE 5380, LOSS 0.1159956082701683
"2023-05-10 14:34:09,064 [INFO] EPISODE 5390, LOSS 0.22964994609355927
"2023-05-10 14:34:09,204 [INFO] EPISODE 5400, LOSS 0.10078206658363342
"2023-05-10 14:34:09,346 [INFO] EPISODE 5410, LOSS 0.1048378273844719
"2023-05-10 14:34:09,485 [INFO] EPISODE 5420, LOSS 0.10537432134151459
"2023-05-10 14:34:09,618 [INFO] EPISODE 5430, LOSS 0.14981839060783386
"2023-05-10 14:34:09,750 [INFO] EPISODE 5440, LOSS 0.11380988359451294
"2023-05-10 14:34:09,887 [INFO] EPISODE 5450, LOSS 0.17326103150844574
"2023-05-10 14:34:10,026 [INFO] EPISODE 5460, LOSS 0.14709578454494476
"2023-05-10 14:34:10,163 [INFO] EPISODE 5470, LOSS 0.11466889828443527
"2023-05-10 14:34:10,299 [INFO] EPISODE 5480, LOSS 0.13505950570106506
"2023-05-10 14:34:10,427 [INFO] EPISODE 5490, LOSS 0.08962364494800568
"2023-05-10 14:34:10,561 [INFO] EPISODE 5500, LOSS 0.08675979822874069
"2023-05-10 14:34:10,697 [INFO] EPISODE 5510, LOSS 0.11412831395864487
"2023-05-10 14:34:10,832 [INFO] EPISODE 5520, LOSS 0.11631365120410919
"2023-05-10 14:34:10,963 [INFO] EPISODE 5530, LOSS 0.11928069591522217
"2023-05-10 14:34:11,099 [INFO] EPISODE 5540, LOSS 0.16351400315761566
"2023-05-10 14:34:11,230 [INFO] EPISODE 5550, LOSS 0.1921960413455963
"2023-05-10 14:34:11,363 [INFO] EPISODE 5560, LOSS 0.2199876308441162
"2023-05-10 14:34:11,495 [INFO] EPISODE 5570, LOSS 0.0548669807612896
"2023-05-10 14:34:11,631 [INFO] EPISODE 5580, LOSS 0.0357719324529171
"2023-05-10 14:34:11,763 [INFO] EPISODE 5590, LOSS 0.11274444311857224
"2023-05-10 14:34:11,897 [INFO] EPISODE 5600, LOSS 0.19352617859840393
"2023-05-10 14:34:12,025 [INFO] EPISODE 5610, LOSS 0.08879604935646057
"2023-05-10 14:34:12,156 [INFO] EPISODE 5620, LOSS 0.11077526211738586
"2023-05-10 14:34:12,338 [INFO] EPISODE 5630, LOSS 0.05806614086031914
"2023-05-10 14:34:12,470 [INFO] EPISODE 5640, LOSS 0.04446970671415329
"2023-05-10 14:34:12,599 [INFO] EPISODE 5650, LOSS 0.08592168986797333
"2023-05-10 14:34:12,728 [INFO] EPISODE 5660, LOSS 0.17136633396148682
"2023-05-10 14:34:12,847 [INFO] EPISODE 5670, LOSS 0.12882721424102783
"2023-05-10 14:34:12,968 [INFO] EPISODE 5680, LOSS 0.07238402217626572
"2023-05-10 14:34:13,104 [INFO] EPISODE 5690, LOSS 0.06783026456832886
"2023-05-10 14:34:13,237 [INFO] EPISODE 5700, LOSS 0.18679723143577576
"2023-05-10 14:34:13,372 [INFO] EPISODE 5710, LOSS 0.08828660100698471
"2023-05-10 14:34:13,503 [INFO] EPISODE 5720, LOSS 0.08096446841955185
"2023-05-10 14:34:13,636 [INFO] EPISODE 5730, LOSS 0.07304619252681732
"2023-05-10 14:34:13,768 [INFO] EPISODE 5740, LOSS 0.1135568842291832
"2023-05-10 14:34:13,901 [INFO] EPISODE 5750, LOSS 0.10122101753950119
"2023-05-10 14:34:14,033 [INFO] EPISODE 5760, LOSS 0.062273766845464706
"2023-05-10 14:34:14,168 [INFO] EPISODE 5770, LOSS 0.1178431436419487
"2023-05-10 14:34:14,289 [INFO] EPISODE 5780, LOSS 0.1379595547914505
"2023-05-10 14:34:14,423 [INFO] EPISODE 5790, LOSS 0.17846904695034027
"2023-05-10 14:34:14,561 [INFO] EPISODE 5800, LOSS 0.12557260692119598
"2023-05-10 14:34:14,692 [INFO] EPISODE 5810, LOSS 0.17356078326702118
"2023-05-10 14:34:14,825 [INFO] EPISODE 5820, LOSS 0.14460161328315735
"2023-05-10 14:34:14,955 [INFO] EPISODE 5830, LOSS 0.18952083587646484
"2023-05-10 14:34:15,087 [INFO] EPISODE 5840, LOSS 0.17156526446342468
"2023-05-10 14:34:15,216 [INFO] EPISODE 5850, LOSS 0.1420426070690155
"2023-05-10 14:34:15,349 [INFO] EPISODE 5860, LOSS 0.06908141076564789
"2023-05-10 14:34:15,481 [INFO] EPISODE 5870, LOSS 0.20059983432292938
"2023-05-10 14:34:15,618 [INFO] EPISODE 5880, LOSS 0.14399324357509613
"2023-05-10 14:34:15,811 [INFO] EPISODE 5890, LOSS 0.0912669450044632
"2023-05-10 14:34:15,949 [INFO] EPISODE 5900, LOSS 0.08784285187721252
"2023-05-10 14:34:16,086 [INFO] EPISODE 5910, LOSS 0.16177736222743988
"2023-05-10 14:34:16,217 [INFO] EPISODE 5920, LOSS 0.2216627299785614
"2023-05-10 14:34:16,353 [INFO] EPISODE 5930, LOSS 0.10990898311138153
"2023-05-10 14:34:16,487 [INFO] EPISODE 5940, LOSS 0.187799870967865
"2023-05-10 14:34:16,617 [INFO] EPISODE 5950, LOSS 0.1970926970243454
"2023-05-10 14:34:16,752 [INFO] EPISODE 5960, LOSS 0.11966075003147125
"2023-05-10 14:34:16,885 [INFO] EPISODE 5970, LOSS 0.12666508555412292
"2023-05-10 14:34:17,018 [INFO] EPISODE 5980, LOSS 0.1312471181154251
"2023-05-10 14:34:17,149 [INFO] EPISODE 5990, LOSS 0.19103431701660156
"2023-05-10 14:34:17,293 [INFO] ===== ONNX SAVED at ./savemodel/0510_0232PM_MY_PDE/6000.onnx
"2023-05-10 14:34:17,293 [INFO] EPISODE 6000, LOSS 0.10892989486455917
"2023-05-10 14:34:17,427 [INFO] EPISODE 6010, LOSS 0.3387851119041443
"2023-05-10 14:34:17,526 [INFO] ===== ONNX SAVED at ./savemodel/0510_0232PM_MY_PDE/6016.onnx
"2023-05-10 14:34:17,556 [INFO] EPISODE 6020, LOSS 0.22022037208080292
"2023-05-10 14:34:17,681 [INFO] EPISODE 6030, LOSS 0.11274891346693039
"2023-05-10 14:34:17,814 [INFO] EPISODE 6040, LOSS 0.09881603717803955
"2023-05-10 14:34:17,946 [INFO] EPISODE 6050, LOSS 0.09570207446813583
"2023-05-10 14:34:18,065 [INFO] EPISODE 6060, LOSS 0.09207441657781601
"2023-05-10 14:34:18,184 [INFO] EPISODE 6070, LOSS 0.19874022901058197
"2023-05-10 14:34:18,315 [INFO] EPISODE 6080, LOSS 0.1814756989479065
"2023-05-10 14:34:18,453 [INFO] EPISODE 6090, LOSS 0.11031811684370041
"2023-05-10 14:34:18,587 [INFO] EPISODE 6100, LOSS 0.11283455789089203
"2023-05-10 14:34:18,722 [INFO] EPISODE 6110, LOSS 0.1551995873451233
"2023-05-10 14:34:18,911 [INFO] EPISODE 6120, LOSS 0.06853692978620529
"2023-05-10 14:34:19,044 [INFO] EPISODE 6130, LOSS 0.08680503815412521
"2023-05-10 14:34:19,179 [INFO] EPISODE 6140, LOSS 0.06633897870779037
"2023-05-10 14:34:19,310 [INFO] EPISODE 6150, LOSS 0.12941047549247742
"2023-05-10 14:34:19,442 [INFO] EPISODE 6160, LOSS 0.26394206285476685
"2023-05-10 14:34:19,575 [INFO] EPISODE 6170, LOSS 0.16347460448741913
"2023-05-10 14:34:19,707 [INFO] EPISODE 6180, LOSS 0.16280390322208405
"2023-05-10 14:34:19,841 [INFO] EPISODE 6190, LOSS 0.06188028305768967
"2023-05-10 14:34:19,977 [INFO] EPISODE 6200, LOSS 0.12845703959465027
"2023-05-10 14:34:20,116 [INFO] EPISODE 6210, LOSS 0.07063044607639313
"2023-05-10 14:34:20,250 [INFO] EPISODE 6220, LOSS 0.15295317769050598
"2023-05-10 14:34:20,383 [INFO] EPISODE 6230, LOSS 0.09155809879302979
"2023-05-10 14:34:20,519 [INFO] EPISODE 6240, LOSS 0.10516989231109619
"2023-05-10 14:34:20,660 [INFO] EPISODE 6250, LOSS 0.05782278999686241
"2023-05-10 14:34:20,794 [INFO] EPISODE 6260, LOSS 0.11453493684530258
"2023-05-10 14:34:20,914 [INFO] EPISODE 6270, LOSS 0.1017756313085556
"2023-05-10 14:34:21,048 [INFO] EPISODE 6280, LOSS 0.13408538699150085
"2023-05-10 14:34:21,178 [INFO] EPISODE 6290, LOSS 0.11678099632263184
"2023-05-10 14:34:21,310 [INFO] EPISODE 6300, LOSS 0.0881662666797638
"2023-05-10 14:34:21,444 [INFO] EPISODE 6310, LOSS 0.09313097596168518
"2023-05-10 14:34:21,583 [INFO] EPISODE 6320, LOSS 0.1388069987297058
"2023-05-10 14:34:21,716 [INFO] EPISODE 6330, LOSS 0.2332269251346588
"2023-05-10 14:34:21,850 [INFO] EPISODE 6340, LOSS 0.0655505508184433
"2023-05-10 14:34:21,984 [INFO] EPISODE 6350, LOSS 0.22039054334163666
"2023-05-10 14:34:22,122 [INFO] EPISODE 6360, LOSS 0.0881175845861435
"2023-05-10 14:34:22,312 [INFO] EPISODE 6370, LOSS 0.12788398563861847
"2023-05-10 14:34:22,449 [INFO] EPISODE 6380, LOSS 0.22486552596092224
"2023-05-10 14:34:22,578 [INFO] EPISODE 6390, LOSS 0.08338388055562973
"2023-05-10 14:34:22,710 [INFO] EPISODE 6400, LOSS 0.09138123691082001
"2023-05-10 14:34:22,848 [INFO] EPISODE 6410, LOSS 0.161163792014122
"2023-05-10 14:34:22,989 [INFO] EPISODE 6420, LOSS 0.07720906287431717
"2023-05-10 14:34:23,121 [INFO] EPISODE 6430, LOSS 0.230061873793602
"2023-05-10 14:34:23,252 [INFO] EPISODE 6440, LOSS 0.08524968475103378
"2023-05-10 14:34:23,387 [INFO] EPISODE 6450, LOSS 0.151967853307724
"2023-05-10 14:34:23,523 [INFO] EPISODE 6460, LOSS 0.11846237629652023
"2023-05-10 14:34:23,658 [INFO] EPISODE 6470, LOSS 0.05481116473674774
"2023-05-10 14:34:23,795 [INFO] EPISODE 6480, LOSS 0.09486173093318939
"2023-05-10 14:34:23,927 [INFO] EPISODE 6490, LOSS 0.09379985928535461
"2023-05-10 14:34:24,058 [INFO] EPISODE 6500, LOSS 0.12692241370677948
"2023-05-10 14:34:24,187 [INFO] EPISODE 6510, LOSS 0.23859736323356628
"2023-05-10 14:34:24,321 [INFO] EPISODE 6520, LOSS 0.10527282953262329
"2023-05-10 14:34:24,448 [INFO] EPISODE 6530, LOSS 0.12082734704017639
"2023-05-10 14:34:24,580 [INFO] EPISODE 6540, LOSS 0.17136530578136444
"2023-05-10 14:34:24,711 [INFO] EPISODE 6550, LOSS 0.11228513717651367
"2023-05-10 14:34:24,845 [INFO] EPISODE 6560, LOSS 0.1747536063194275
"2023-05-10 14:34:24,975 [INFO] EPISODE 6570, LOSS 0.036775778979063034
"2023-05-10 14:34:25,101 [INFO] EPISODE 6580, LOSS 0.101203054189682
"2023-05-10 14:34:25,232 [INFO] EPISODE 6590, LOSS 0.14758074283599854
"2023-05-10 14:34:25,370 [INFO] EPISODE 6600, LOSS 0.14688941836357117
"2023-05-10 14:34:25,503 [INFO] EPISODE 6610, LOSS 0.07638715207576752
"2023-05-10 14:34:25,690 [INFO] EPISODE 6620, LOSS 0.10199516266584396
"2023-05-10 14:34:25,836 [INFO] EPISODE 6630, LOSS 0.10053559392690659
"2023-05-10 14:34:25,974 [INFO] EPISODE 6640, LOSS 0.11336605250835419
"2023-05-10 14:34:26,111 [INFO] EPISODE 6650, LOSS 0.1616809219121933
"2023-05-10 14:34:26,244 [INFO] EPISODE 6660, LOSS 0.1790090799331665
"2023-05-10 14:34:26,375 [INFO] EPISODE 6670, LOSS 0.06236351653933525
"2023-05-10 14:34:26,507 [INFO] EPISODE 6680, LOSS 0.08855584263801575
"2023-05-10 14:34:26,641 [INFO] EPISODE 6690, LOSS 0.05808287113904953
"2023-05-10 14:34:26,773 [INFO] EPISODE 6700, LOSS 0.07744899392127991
"2023-05-10 14:34:26,899 [INFO] EPISODE 6710, LOSS 0.10712447762489319
"2023-05-10 14:34:27,021 [INFO] EPISODE 6720, LOSS 0.10137584805488586
"2023-05-10 14:34:27,153 [INFO] EPISODE 6730, LOSS 0.09059213846921921
"2023-05-10 14:34:27,291 [INFO] EPISODE 6740, LOSS 0.13504044711589813
"2023-05-10 14:34:27,431 [INFO] EPISODE 6750, LOSS 0.16727742552757263
"2023-05-10 14:34:27,566 [INFO] EPISODE 6760, LOSS 0.17078030109405518
"2023-05-10 14:34:27,705 [INFO] EPISODE 6770, LOSS 0.08785247802734375
"2023-05-10 14:34:27,842 [INFO] EPISODE 6780, LOSS 0.20775406062602997
"2023-05-10 14:34:27,967 [INFO] EPISODE 6790, LOSS 0.1640857756137848
"2023-05-10 14:34:28,104 [INFO] EPISODE 6800, LOSS 0.11934630572795868
"2023-05-10 14:34:28,240 [INFO] EPISODE 6810, LOSS 0.05855998396873474
"2023-05-10 14:34:28,387 [INFO] EPISODE 6820, LOSS 0.06161972135305405
"2023-05-10 14:34:28,525 [INFO] EPISODE 6830, LOSS 0.1170632392168045
"2023-05-10 14:34:28,660 [INFO] EPISODE 6840, LOSS 0.11540188640356064
"2023-05-10 14:34:28,795 [INFO] EPISODE 6850, LOSS 0.08918406814336777
"2023-05-10 14:34:28,986 [INFO] EPISODE 6860, LOSS 0.14644455909729004
"2023-05-10 14:34:29,122 [INFO] EPISODE 6870, LOSS 0.22579312324523926
"2023-05-10 14:34:29,250 [INFO] EPISODE 6880, LOSS 0.04608108848333359
"2023-05-10 14:34:29,387 [INFO] EPISODE 6890, LOSS 0.059261929243803024
"2023-05-10 14:34:29,520 [INFO] EPISODE 6900, LOSS 0.1622992604970932
"2023-05-10 14:34:29,656 [INFO] EPISODE 6910, LOSS 0.1428966224193573
"2023-05-10 14:34:29,802 [INFO] EPISODE 6920, LOSS 0.21429383754730225
"2023-05-10 14:34:29,938 [INFO] EPISODE 6930, LOSS 0.08859460055828094
"2023-05-10 14:34:30,074 [INFO] EPISODE 6940, LOSS 0.14729605615139008
"2023-05-10 14:34:30,206 [INFO] EPISODE 6950, LOSS 0.15973332524299622
"2023-05-10 14:34:30,340 [INFO] EPISODE 6960, LOSS 0.10039936751127243
"2023-05-10 14:34:30,472 [INFO] EPISODE 6970, LOSS 0.09500333666801453
"2023-05-10 14:34:30,603 [INFO] EPISODE 6980, LOSS 0.13903355598449707
"2023-05-10 14:34:30,735 [INFO] EPISODE 6990, LOSS 0.28063422441482544
"2023-05-10 14:34:30,883 [INFO] ===== ONNX SAVED at ./savemodel/0510_0232PM_MY_PDE/7000.onnx
"2023-05-10 14:34:30,883 [INFO] EPISODE 7000, LOSS 0.10423877090215683
"2023-05-10 14:34:31,019 [INFO] EPISODE 7010, LOSS 0.04665806144475937
"2023-05-10 14:34:31,150 [INFO] EPISODE 7020, LOSS 0.10179474949836731
"2023-05-10 14:34:31,280 [INFO] EPISODE 7030, LOSS 0.17604480683803558
"2023-05-10 14:34:31,423 [INFO] EPISODE 7040, LOSS 0.1256820410490036
"2023-05-10 14:34:31,557 [INFO] EPISODE 7050, LOSS 0.15174609422683716
"2023-05-10 14:34:31,698 [INFO] EPISODE 7060, LOSS 0.1135624498128891
"2023-05-10 14:34:31,827 [INFO] EPISODE 7070, LOSS 0.10058347880840302
"2023-05-10 14:34:31,952 [INFO] EPISODE 7080, LOSS 0.13857154548168182
"2023-05-10 14:34:32,081 [INFO] EPISODE 7090, LOSS 0.0834190845489502
"2023-05-10 14:34:32,260 [INFO] EPISODE 7100, LOSS 0.12225576490163803
"2023-05-10 14:34:32,383 [INFO] EPISODE 7110, LOSS 0.12081410735845566
"2023-05-10 14:34:32,508 [INFO] EPISODE 7120, LOSS 0.16097892820835114
"2023-05-10 14:34:32,641 [INFO] EPISODE 7130, LOSS 0.11097409576177597
"2023-05-10 14:34:32,777 [INFO] EPISODE 7140, LOSS 0.20934103429317474
"2023-05-10 14:34:32,918 [INFO] EPISODE 7150, LOSS 0.12890267372131348
"2023-05-10 14:34:33,056 [INFO] EPISODE 7160, LOSS 0.1713314652442932
"2023-05-10 14:34:33,187 [INFO] EPISODE 7170, LOSS 0.19139991700649261
"2023-05-10 14:34:33,325 [INFO] EPISODE 7180, LOSS 0.10885846614837646
"2023-05-10 14:34:33,447 [INFO] EPISODE 7190, LOSS 0.14549404382705688
"2023-05-10 14:34:33,571 [INFO] EPISODE 7200, LOSS 0.11785440146923065
"2023-05-10 14:34:33,705 [INFO] EPISODE 7210, LOSS 0.15726079046726227
"2023-05-10 14:34:33,842 [INFO] EPISODE 7220, LOSS 0.08154479414224625
"2023-05-10 14:34:33,975 [INFO] EPISODE 7230, LOSS 0.06365543603897095
"2023-05-10 14:34:34,105 [INFO] EPISODE 7240, LOSS 0.2292577028274536
"2023-05-10 14:34:34,238 [INFO] EPISODE 7250, LOSS 0.09589745849370956
"2023-05-10 14:34:34,374 [INFO] EPISODE 7260, LOSS 0.07692917436361313
"2023-05-10 14:34:34,514 [INFO] EPISODE 7270, LOSS 0.10791921615600586
"2023-05-10 14:34:34,647 [INFO] EPISODE 7280, LOSS 0.07000917196273804
"2023-05-10 14:34:34,780 [INFO] EPISODE 7290, LOSS 0.09529441595077515
"2023-05-10 14:34:34,915 [INFO] EPISODE 7300, LOSS 0.1625441610813141
"2023-05-10 14:34:35,052 [INFO] EPISODE 7310, LOSS 0.05131540820002556
"2023-05-10 14:34:35,189 [INFO] EPISODE 7320, LOSS 0.08963867276906967
"2023-05-10 14:34:35,325 [INFO] EPISODE 7330, LOSS 0.15803612768650055
"2023-05-10 14:34:35,508 [INFO] EPISODE 7340, LOSS 0.15456384420394897
"2023-05-10 14:34:35,642 [INFO] EPISODE 7350, LOSS 0.15578073263168335
"2023-05-10 14:34:35,780 [INFO] EPISODE 7360, LOSS 0.26059290766716003
"2023-05-10 14:34:35,905 [INFO] EPISODE 7370, LOSS 0.4329305589199066
"2023-05-10 14:34:36,039 [INFO] EPISODE 7380, LOSS 0.08472149074077606
"2023-05-10 14:34:36,173 [INFO] EPISODE 7390, LOSS 0.0757550597190857
"2023-05-10 14:34:36,309 [INFO] EPISODE 7400, LOSS 0.09937764704227448
"2023-05-10 14:34:36,443 [INFO] EPISODE 7410, LOSS 0.1332845836877823
"2023-05-10 14:34:36,579 [INFO] EPISODE 7420, LOSS 0.10872916877269745
"2023-05-10 14:34:36,701 [INFO] EPISODE 7430, LOSS 0.06269123405218124
"2023-05-10 14:34:36,835 [INFO] EPISODE 7440, LOSS 0.06799288094043732
"2023-05-10 14:34:36,957 [INFO] EPISODE 7450, LOSS 0.06803666055202484
"2023-05-10 14:34:37,091 [INFO] EPISODE 7460, LOSS 0.09579335898160934
"2023-05-10 14:34:37,225 [INFO] EPISODE 7470, LOSS 0.09248306602239609
"2023-05-10 14:34:37,351 [INFO] EPISODE 7480, LOSS 0.13183651864528656
"2023-05-10 14:34:37,488 [INFO] EPISODE 7490, LOSS 0.163353830575943
"2023-05-10 14:34:37,625 [INFO] EPISODE 7500, LOSS 0.0618811771273613
"2023-05-10 14:34:37,766 [INFO] EPISODE 7510, LOSS 0.08387746661901474
"2023-05-10 14:34:37,888 [INFO] EPISODE 7520, LOSS 0.08151382952928543
"2023-05-10 14:34:38,008 [INFO] EPISODE 7530, LOSS 0.13179051876068115
"2023-05-10 14:34:38,130 [INFO] EPISODE 7540, LOSS 0.16000030934810638
"2023-05-10 14:34:38,252 [INFO] EPISODE 7550, LOSS 0.08879619836807251
"2023-05-10 14:34:38,375 [INFO] EPISODE 7560, LOSS 0.05992649123072624
"2023-05-10 14:34:38,519 [INFO] EPISODE 7570, LOSS 0.17164777219295502
"2023-05-10 14:34:38,710 [INFO] EPISODE 7580, LOSS 0.10860484838485718
"2023-05-10 14:34:38,845 [INFO] EPISODE 7590, LOSS 0.15666282176971436
"2023-05-10 14:34:38,984 [INFO] EPISODE 7600, LOSS 0.1391850858926773
"2023-05-10 14:34:39,122 [INFO] EPISODE 7610, LOSS 0.2753325402736664
"2023-05-10 14:34:39,258 [INFO] EPISODE 7620, LOSS 0.05767480656504631
"2023-05-10 14:34:39,397 [INFO] EPISODE 7630, LOSS 0.14254005253314972
"2023-05-10 14:34:39,535 [INFO] EPISODE 7640, LOSS 0.06875818222761154
"2023-05-10 14:34:39,672 [INFO] EPISODE 7650, LOSS 0.18321888148784637
"2023-05-10 14:34:39,808 [INFO] EPISODE 7660, LOSS 0.07210788130760193
"2023-05-10 14:34:39,931 [INFO] EPISODE 7670, LOSS 0.12795506417751312
"2023-05-10 14:34:40,065 [INFO] EPISODE 7680, LOSS 0.13097162544727325
"2023-05-10 14:34:40,197 [INFO] EPISODE 7690, LOSS 0.10998710244894028
"2023-05-10 14:34:40,338 [INFO] EPISODE 7700, LOSS 0.24230967462062836
"2023-05-10 14:34:40,480 [INFO] EPISODE 7710, LOSS 0.09177631139755249
"2023-05-10 14:34:40,617 [INFO] EPISODE 7720, LOSS 0.09494145214557648
"2023-05-10 14:34:40,754 [INFO] EPISODE 7730, LOSS 0.2038126438856125
"2023-05-10 14:34:40,893 [INFO] EPISODE 7740, LOSS 0.13077402114868164
"2023-05-10 14:34:41,036 [INFO] EPISODE 7750, LOSS 0.06787889450788498
"2023-05-10 14:34:41,175 [INFO] EPISODE 7760, LOSS 0.11106538772583008
"2023-05-10 14:34:41,312 [INFO] EPISODE 7770, LOSS 0.06530506163835526
"2023-05-10 14:34:41,447 [INFO] EPISODE 7780, LOSS 0.10678566992282867
"2023-05-10 14:34:41,578 [INFO] EPISODE 7790, LOSS 0.1340605914592743
"2023-05-10 14:34:41,762 [INFO] EPISODE 7800, LOSS 0.11954183876514435
"2023-05-10 14:34:41,895 [INFO] EPISODE 7810, LOSS 0.056872110813856125
"2023-05-10 14:34:42,030 [INFO] EPISODE 7820, LOSS 0.12503793835639954
"2023-05-10 14:34:42,164 [INFO] EPISODE 7830, LOSS 0.21439658105373383
"2023-05-10 14:34:42,299 [INFO] EPISODE 7840, LOSS 0.19272778928279877
"2023-05-10 14:34:42,435 [INFO] EPISODE 7850, LOSS 0.07866771519184113
"2023-05-10 14:34:42,571 [INFO] EPISODE 7860, LOSS 0.1732802838087082
"2023-05-10 14:34:42,707 [INFO] EPISODE 7870, LOSS 0.2004910409450531
"2023-05-10 14:34:42,844 [INFO] EPISODE 7880, LOSS 0.10543449223041534
"2023-05-10 14:34:42,981 [INFO] EPISODE 7890, LOSS 0.09667494893074036
"2023-05-10 14:34:43,111 [INFO] EPISODE 7900, LOSS 0.06000251695513725
"2023-05-10 14:34:43,247 [INFO] EPISODE 7910, LOSS 0.11271063983440399
"2023-05-10 14:34:43,388 [INFO] EPISODE 7920, LOSS 0.11112269014120102
"2023-05-10 14:34:43,521 [INFO] EPISODE 7930, LOSS 0.1045471727848053
"2023-05-10 14:34:43,660 [INFO] EPISODE 7940, LOSS 0.04986126348376274
"2023-05-10 14:34:43,795 [INFO] EPISODE 7950, LOSS 0.05562732368707657
"2023-05-10 14:34:43,930 [INFO] EPISODE 7960, LOSS 0.19718848168849945
"2023-05-10 14:34:44,066 [INFO] EPISODE 7970, LOSS 0.23116251826286316
"2023-05-10 14:34:44,202 [INFO] EPISODE 7980, LOSS 0.19281238317489624
"2023-05-10 14:34:44,354 [INFO] EPISODE 7990, LOSS 0.07331287860870361
"2023-05-10 14:34:44,503 [INFO] ===== ONNX SAVED at ./savemodel/0510_0232PM_MY_PDE/8000.onnx
"2023-05-10 14:34:44,504 [INFO] EPISODE 8000, LOSS 0.07306819409132004
"2023-05-10 14:34:44,641 [INFO] EPISODE 8010, LOSS 0.14190050959587097
"2023-05-10 14:34:44,787 [INFO] EPISODE 8020, LOSS 0.15841560065746307
"2023-05-10 14:34:44,911 [INFO] EPISODE 8030, LOSS 0.20882102847099304
"2023-05-10 14:34:45,101 [INFO] EPISODE 8040, LOSS 0.07492554187774658
"2023-05-10 14:34:45,235 [INFO] EPISODE 8050, LOSS 0.13958054780960083
"2023-05-10 14:34:45,379 [INFO] EPISODE 8060, LOSS 0.16521617770195007
"2023-05-10 14:34:45,502 [INFO] EPISODE 8070, LOSS 0.09497973322868347
"2023-05-10 14:34:45,618 [INFO] ===== ONNX SAVED at ./savemodel/0510_0232PM_MY_PDE/8078.onnx
"2023-05-10 14:34:45,633 [INFO] EPISODE 8080, LOSS 0.07207095623016357
"2023-05-10 14:34:45,755 [INFO] EPISODE 8090, LOSS 0.0517273023724556
"2023-05-10 14:34:45,892 [INFO] EPISODE 8100, LOSS 0.10022440552711487
"2023-05-10 14:34:46,027 [INFO] EPISODE 8110, LOSS 0.2200588881969452
"2023-05-10 14:34:46,162 [INFO] EPISODE 8120, LOSS 0.20721308887004852
"2023-05-10 14:34:46,301 [INFO] EPISODE 8130, LOSS 0.0994076132774353
"2023-05-10 14:34:46,436 [INFO] EPISODE 8140, LOSS 0.10277344286441803
"2023-05-10 14:34:46,577 [INFO] EPISODE 8150, LOSS 0.08966460078954697
"2023-05-10 14:34:46,718 [INFO] EPISODE 8160, LOSS 0.050583720207214355
"2023-05-10 14:34:46,856 [INFO] EPISODE 8170, LOSS 0.07912791520357132
"2023-05-10 14:34:46,993 [INFO] EPISODE 8180, LOSS 0.36561721563339233
"2023-05-10 14:34:47,130 [INFO] EPISODE 8190, LOSS 0.06774194538593292
"2023-05-10 14:34:47,267 [INFO] EPISODE 8200, LOSS 0.18276777863502502
"2023-05-10 14:34:47,402 [INFO] EPISODE 8210, LOSS 0.11185284703969955
"2023-05-10 14:34:47,534 [INFO] EPISODE 8220, LOSS 0.08603724092245102
"2023-05-10 14:34:47,670 [INFO] EPISODE 8230, LOSS 0.15943582355976105
"2023-05-10 14:34:47,802 [INFO] EPISODE 8240, LOSS 0.13082212209701538
"2023-05-10 14:34:47,935 [INFO] EPISODE 8250, LOSS 0.07795150578022003
"2023-05-10 14:34:48,126 [INFO] EPISODE 8260, LOSS 0.11298705637454987
"2023-05-10 14:34:48,260 [INFO] EPISODE 8270, LOSS 0.06538200378417969
"2023-05-10 14:34:48,394 [INFO] EPISODE 8280, LOSS 0.0829184427857399
"2023-05-10 14:34:48,528 [INFO] EPISODE 8290, LOSS 0.10985350608825684
"2023-05-10 14:34:48,663 [INFO] EPISODE 8300, LOSS 0.11894744634628296
"2023-05-10 14:34:48,794 [INFO] EPISODE 8310, LOSS 0.08755560964345932
"2023-05-10 14:34:48,923 [INFO] EPISODE 8320, LOSS 0.12120287865400314
"2023-05-10 14:34:49,055 [INFO] EPISODE 8330, LOSS 0.12958857417106628
"2023-05-10 14:34:49,186 [INFO] EPISODE 8340, LOSS 0.11914414167404175
"2023-05-10 14:34:49,315 [INFO] EPISODE 8350, LOSS 0.11637181043624878
"2023-05-10 14:34:49,451 [INFO] EPISODE 8360, LOSS 0.134503573179245
"2023-05-10 14:34:49,584 [INFO] EPISODE 8370, LOSS 0.16869240999221802
"2023-05-10 14:34:49,713 [INFO] EPISODE 8380, LOSS 0.23930762708187103
"2023-05-10 14:34:49,851 [INFO] EPISODE 8390, LOSS 0.11295372247695923
"2023-05-10 14:34:49,986 [INFO] EPISODE 8400, LOSS 0.18974435329437256
"2023-05-10 14:34:50,118 [INFO] EPISODE 8410, LOSS 0.151675283908844
"2023-05-10 14:34:50,255 [INFO] EPISODE 8420, LOSS 0.032627202570438385
"2023-05-10 14:34:50,388 [INFO] EPISODE 8430, LOSS 0.07411455363035202
"2023-05-10 14:34:50,527 [INFO] EPISODE 8440, LOSS 0.09755506366491318
"2023-05-10 14:34:50,662 [INFO] EPISODE 8450, LOSS 0.08721856772899628
"2023-05-10 14:34:50,801 [INFO] EPISODE 8460, LOSS 0.165623277425766
"2023-05-10 14:34:50,921 [INFO] EPISODE 8470, LOSS 0.07401424646377563
"2023-05-10 14:34:51,040 [INFO] EPISODE 8480, LOSS 0.051477134227752686
"2023-05-10 14:34:51,174 [INFO] EPISODE 8490, LOSS 0.13820455968379974
"2023-05-10 14:34:51,306 [INFO] EPISODE 8500, LOSS 0.0803191065788269
"2023-05-10 14:34:51,494 [INFO] EPISODE 8510, LOSS 0.113613560795784
"2023-05-10 14:34:51,626 [INFO] EPISODE 8520, LOSS 0.10026686638593674
"2023-05-10 14:34:51,762 [INFO] EPISODE 8530, LOSS 0.09292425215244293
"2023-05-10 14:34:51,895 [INFO] EPISODE 8540, LOSS 0.23411217331886292
"2023-05-10 14:34:52,027 [INFO] EPISODE 8550, LOSS 0.10223577916622162
"2023-05-10 14:34:52,157 [INFO] EPISODE 8560, LOSS 0.09501846879720688
"2023-05-10 14:34:52,291 [INFO] EPISODE 8570, LOSS 0.1303146630525589
"2023-05-10 14:34:52,434 [INFO] EPISODE 8580, LOSS 0.13025133311748505
"2023-05-10 14:34:52,570 [INFO] EPISODE 8590, LOSS 0.16966965794563293
"2023-05-10 14:34:52,708 [INFO] EPISODE 8600, LOSS 0.11159265041351318
"2023-05-10 14:34:52,839 [INFO] EPISODE 8610, LOSS 0.10729845613241196
"2023-05-10 14:34:52,968 [INFO] EPISODE 8620, LOSS 0.2228519320487976
"2023-05-10 14:34:53,099 [INFO] EPISODE 8630, LOSS 0.13350854814052582
"2023-05-10 14:34:53,231 [INFO] EPISODE 8640, LOSS 0.0934421718120575
"2023-05-10 14:34:53,367 [INFO] EPISODE 8650, LOSS 0.055897921323776245
"2023-05-10 14:34:53,502 [INFO] EPISODE 8660, LOSS 0.09158211201429367
"2023-05-10 14:34:53,629 [INFO] EPISODE 8670, LOSS 0.07822704315185547
"2023-05-10 14:34:53,760 [INFO] EPISODE 8680, LOSS 0.08570366352796555
"2023-05-10 14:34:53,895 [INFO] EPISODE 8690, LOSS 0.10154058784246445
"2023-05-10 14:34:54,033 [INFO] EPISODE 8700, LOSS 0.10252644121646881
"2023-05-10 14:34:54,175 [INFO] EPISODE 8710, LOSS 0.048154860734939575
"2023-05-10 14:34:54,310 [INFO] EPISODE 8720, LOSS 0.049899958074092865
"2023-05-10 14:34:54,451 [INFO] EPISODE 8730, LOSS 0.08055233955383301
"2023-05-10 14:34:54,583 [INFO] EPISODE 8740, LOSS 0.21134254336357117
"2023-05-10 14:34:54,722 [INFO] EPISODE 8750, LOSS 0.2776750922203064
"2023-05-10 14:34:54,863 [INFO] EPISODE 8760, LOSS 0.11977674812078476
"2023-05-10 14:34:55,049 [INFO] EPISODE 8770, LOSS 0.05549299344420433
"2023-05-10 14:34:55,181 [INFO] EPISODE 8780, LOSS 0.12259924411773682
"2023-05-10 14:34:55,315 [INFO] EPISODE 8790, LOSS 0.11753325909376144
"2023-05-10 14:34:55,449 [INFO] EPISODE 8800, LOSS 0.09024351835250854
"2023-05-10 14:34:55,582 [INFO] EPISODE 8810, LOSS 0.15912924706935883
"2023-05-10 14:34:55,714 [INFO] EPISODE 8820, LOSS 0.11669869720935822
"2023-05-10 14:34:55,848 [INFO] EPISODE 8830, LOSS 0.045084577053785324
"2023-05-10 14:34:55,986 [INFO] EPISODE 8840, LOSS 0.0965074896812439
"2023-05-10 14:34:56,114 [INFO] EPISODE 8850, LOSS 0.06582965701818466
"2023-05-10 14:34:56,249 [INFO] EPISODE 8860, LOSS 0.10910964012145996
"2023-05-10 14:34:56,384 [INFO] EPISODE 8870, LOSS 0.07579508423805237
"2023-05-10 14:34:56,517 [INFO] EPISODE 8880, LOSS 0.06097712740302086
"2023-05-10 14:34:56,655 [INFO] EPISODE 8890, LOSS 0.11450295150279999
"2023-05-10 14:34:56,787 [INFO] EPISODE 8900, LOSS 0.11781243979930878
"2023-05-10 14:34:56,921 [INFO] EPISODE 8910, LOSS 0.08563389629125595
"2023-05-10 14:34:57,049 [INFO] EPISODE 8920, LOSS 0.12005513906478882
"2023-05-10 14:34:57,176 [INFO] EPISODE 8930, LOSS 0.08513250946998596
"2023-05-10 14:34:57,309 [INFO] EPISODE 8940, LOSS 0.11045226454734802
"2023-05-10 14:34:57,440 [INFO] EPISODE 8950, LOSS 0.09359495341777802
"2023-05-10 14:34:57,574 [INFO] EPISODE 8960, LOSS 0.18999743461608887
"2023-05-10 14:34:57,711 [INFO] EPISODE 8970, LOSS 0.10419498383998871
"2023-05-10 14:34:57,847 [INFO] EPISODE 8980, LOSS 0.11530211567878723
"2023-05-10 14:34:57,980 [INFO] EPISODE 8990, LOSS 0.125804141163826
"2023-05-10 14:34:58,130 [INFO] ===== ONNX SAVED at ./savemodel/0510_0232PM_MY_PDE/9000.onnx
"2023-05-10 14:34:58,130 [INFO] EPISODE 9000, LOSS 0.10138578712940216
"2023-05-10 14:34:58,262 [INFO] EPISODE 9010, LOSS 0.10693993419408798
"2023-05-10 14:34:58,326 [INFO] ===== ONNX SAVED at ./savemodel/0510_0232PM_MY_PDE/9011.onnx
"2023-05-10 14:34:58,410 [INFO] EPISODE 9020, LOSS 0.10178187489509583
"2023-05-10 14:34:58,548 [INFO] EPISODE 9030, LOSS 0.19188350439071655
"2023-05-10 14:34:58,682 [INFO] EPISODE 9040, LOSS 0.11907273530960083
"2023-05-10 14:34:58,815 [INFO] EPISODE 9050, LOSS 0.06132171303033829
"2023-05-10 14:34:58,952 [INFO] EPISODE 9060, LOSS 0.10202258825302124
"2023-05-10 14:34:59,141 [INFO] EPISODE 9070, LOSS 0.06767217069864273
"2023-05-10 14:34:59,277 [INFO] EPISODE 9080, LOSS 0.11180178821086884
"2023-05-10 14:34:59,410 [INFO] EPISODE 9090, LOSS 0.08237635344266891
"2023-05-10 14:34:59,545 [INFO] EPISODE 9100, LOSS 0.1167697012424469
"2023-05-10 14:34:59,681 [INFO] EPISODE 9110, LOSS 0.09142901003360748
"2023-05-10 14:34:59,817 [INFO] EPISODE 9120, LOSS 0.06584729999303818
"2023-05-10 14:34:59,955 [INFO] EPISODE 9130, LOSS 0.23262429237365723
"2023-05-10 14:35:00,092 [INFO] EPISODE 9140, LOSS 0.3208495080471039
"2023-05-10 14:35:00,223 [INFO] EPISODE 9150, LOSS 0.07360176742076874
"2023-05-10 14:35:00,361 [INFO] EPISODE 9160, LOSS 0.2893950045108795
"2023-05-10 14:35:00,489 [INFO] EPISODE 9170, LOSS 0.0670977234840393
"2023-05-10 14:35:00,621 [INFO] EPISODE 9180, LOSS 0.13058966398239136
"2023-05-10 14:35:00,752 [INFO] EPISODE 9190, LOSS 0.13417798280715942
"2023-05-10 14:35:00,891 [INFO] EPISODE 9200, LOSS 0.0875329002737999
"2023-05-10 14:35:01,030 [INFO] EPISODE 9210, LOSS 0.08856302499771118
"2023-05-10 14:35:01,162 [INFO] EPISODE 9220, LOSS 0.1609186828136444
"2023-05-10 14:35:01,288 [INFO] EPISODE 9230, LOSS 0.08729569613933563
"2023-05-10 14:35:01,418 [INFO] EPISODE 9240, LOSS 0.15787580609321594
"2023-05-10 14:35:01,554 [INFO] EPISODE 9250, LOSS 0.12665629386901855
"2023-05-10 14:35:01,687 [INFO] EPISODE 9260, LOSS 0.03935391455888748
"2023-05-10 14:35:01,817 [INFO] EPISODE 9270, LOSS 0.09251253306865692
"2023-05-10 14:35:01,950 [INFO] EPISODE 9280, LOSS 0.06365104019641876
"2023-05-10 14:35:02,080 [INFO] EPISODE 9290, LOSS 0.09451954066753387
"2023-05-10 14:35:02,211 [INFO] EPISODE 9300, LOSS 0.11567272990942001
"2023-05-10 14:35:02,399 [INFO] EPISODE 9310, LOSS 0.15336152911186218
"2023-05-10 14:35:02,530 [INFO] EPISODE 9320, LOSS 0.12232919782400131
"2023-05-10 14:35:02,662 [INFO] EPISODE 9330, LOSS 0.07996460050344467
"2023-05-10 14:35:02,794 [INFO] EPISODE 9340, LOSS 0.12312398850917816
"2023-05-10 14:35:02,917 [INFO] EPISODE 9350, LOSS 0.07681910693645477
"2023-05-10 14:35:03,036 [INFO] EPISODE 9360, LOSS 0.12350085377693176
"2023-05-10 14:35:03,155 [INFO] EPISODE 9370, LOSS 0.18561533093452454
"2023-05-10 14:35:03,280 [INFO] EPISODE 9380, LOSS 0.11085929721593857
"2023-05-10 14:35:03,413 [INFO] EPISODE 9390, LOSS 0.11257569491863251
"2023-05-10 14:35:03,549 [INFO] EPISODE 9400, LOSS 0.20791956782341003
"2023-05-10 14:35:03,682 [INFO] EPISODE 9410, LOSS 0.09883715957403183
"2023-05-10 14:35:03,817 [INFO] EPISODE 9420, LOSS 0.09301944822072983
"2023-05-10 14:35:03,955 [INFO] EPISODE 9430, LOSS 0.24381762742996216
"2023-05-10 14:35:04,090 [INFO] EPISODE 9440, LOSS 0.06494688242673874
"2023-05-10 14:35:04,219 [INFO] EPISODE 9450, LOSS 0.08741579949855804
"2023-05-10 14:35:04,344 [INFO] EPISODE 9460, LOSS 0.10632862895727158
"2023-05-10 14:35:04,464 [INFO] EPISODE 9470, LOSS 0.08346466720104218
"2023-05-10 14:35:04,584 [INFO] EPISODE 9480, LOSS 0.04585336148738861
"2023-05-10 14:35:04,703 [INFO] EPISODE 9490, LOSS 0.18766090273857117
"2023-05-10 14:35:04,822 [INFO] EPISODE 9500, LOSS 0.07091890275478363
"2023-05-10 14:35:04,943 [INFO] EPISODE 9510, LOSS 0.0864141434431076
"2023-05-10 14:35:05,074 [INFO] EPISODE 9520, LOSS 0.13378208875656128
"2023-05-10 14:35:05,208 [INFO] EPISODE 9530, LOSS 0.20285522937774658
"2023-05-10 14:35:05,330 [INFO] EPISODE 9540, LOSS 0.09261276572942734
"2023-05-10 14:35:05,462 [INFO] EPISODE 9550, LOSS 0.07776244729757309
"2023-05-10 14:35:05,598 [INFO] EPISODE 9560, LOSS 0.10068462789058685
"2023-05-10 14:35:05,789 [INFO] EPISODE 9570, LOSS 0.11115361750125885
"2023-05-10 14:35:05,926 [INFO] EPISODE 9580, LOSS 0.05726776644587517
"2023-05-10 14:35:06,064 [INFO] EPISODE 9590, LOSS 0.11324979364871979
"2023-05-10 14:35:06,202 [INFO] EPISODE 9600, LOSS 0.15557458996772766
"2023-05-10 14:35:06,338 [INFO] EPISODE 9610, LOSS 0.21996867656707764
"2023-05-10 14:35:06,477 [INFO] EPISODE 9620, LOSS 0.09876757860183716
"2023-05-10 14:35:06,611 [INFO] EPISODE 9630, LOSS 0.1539752185344696
"2023-05-10 14:35:06,743 [INFO] EPISODE 9640, LOSS 0.09209319949150085
"2023-05-10 14:35:06,882 [INFO] EPISODE 9650, LOSS 0.1350732147693634
"2023-05-10 14:35:07,020 [INFO] EPISODE 9660, LOSS 0.0663684830069542
"2023-05-10 14:35:07,156 [INFO] EPISODE 9670, LOSS 0.09670444577932358
"2023-05-10 14:35:07,285 [INFO] EPISODE 9680, LOSS 0.09170978516340256
"2023-05-10 14:35:07,420 [INFO] EPISODE 9690, LOSS 0.04496612772345543
"2023-05-10 14:35:07,562 [INFO] EPISODE 9700, LOSS 0.08079241216182709
"2023-05-10 14:35:07,701 [INFO] EPISODE 9710, LOSS 0.13325121998786926
"2023-05-10 14:35:07,837 [INFO] EPISODE 9720, LOSS 0.14360100030899048
"2023-05-10 14:35:07,970 [INFO] EPISODE 9730, LOSS 0.038085199892520905
"2023-05-10 14:35:08,104 [INFO] EPISODE 9740, LOSS 0.09066303819417953
"2023-05-10 14:35:08,244 [INFO] EPISODE 9750, LOSS 0.10949130356311798
"2023-05-10 14:35:08,385 [INFO] EPISODE 9760, LOSS 0.15945054590702057
"2023-05-10 14:35:08,529 [INFO] EPISODE 9770, LOSS 0.04928073287010193
"2023-05-10 14:35:08,669 [INFO] EPISODE 9780, LOSS 0.059433262795209885
"2023-05-10 14:35:08,800 [INFO] EPISODE 9790, LOSS 0.09239697456359863
"2023-05-10 14:35:08,937 [INFO] EPISODE 9800, LOSS 0.09769880026578903
"2023-05-10 14:35:09,073 [INFO] EPISODE 9810, LOSS 0.13073039054870605
"2023-05-10 14:35:09,211 [INFO] EPISODE 9820, LOSS 0.16670387983322144
"2023-05-10 14:35:09,395 [INFO] EPISODE 9830, LOSS 0.06604444235563278
"2023-05-10 14:35:09,530 [INFO] EPISODE 9840, LOSS 0.04105682671070099
"2023-05-10 14:35:09,671 [INFO] EPISODE 9850, LOSS 0.19950751960277557
"2023-05-10 14:35:09,813 [INFO] EPISODE 9860, LOSS 0.16555510461330414
"2023-05-10 14:35:09,948 [INFO] EPISODE 9870, LOSS 0.07163387537002563
"2023-05-10 14:35:10,082 [INFO] EPISODE 9880, LOSS 0.10013797879219055
"2023-05-10 14:35:10,219 [INFO] EPISODE 9890, LOSS 0.10959514230489731
"2023-05-10 14:35:10,356 [INFO] EPISODE 9900, LOSS 0.06517235189676285
"2023-05-10 14:35:10,491 [INFO] EPISODE 9910, LOSS 0.13290613889694214
"2023-05-10 14:35:10,629 [INFO] EPISODE 9920, LOSS 0.12768706679344177
"2023-05-10 14:35:10,765 [INFO] EPISODE 9930, LOSS 0.077358677983284
"2023-05-10 14:35:10,902 [INFO] EPISODE 9940, LOSS 0.10205444693565369
"2023-05-10 14:35:11,041 [INFO] EPISODE 9950, LOSS 0.09242667257785797
"2023-05-10 14:35:11,172 [INFO] EPISODE 9960, LOSS 0.18990108370780945
"2023-05-10 14:35:11,301 [INFO] EPISODE 9970, LOSS 0.09876709431409836
"2023-05-10 14:35:11,439 [INFO] EPISODE 9980, LOSS 0.05138706788420677
"2023-05-10 14:35:11,575 [INFO] EPISODE 9990, LOSS 0.22269558906555176
"2023-05-10 14:35:11,725 [INFO] ===== ONNX SAVED at ./savemodel/0510_0232PM_MY_PDE/10000.onnx
"2023-05-10 14:35:11,725 [INFO] EPISODE 10000, LOSS 0.07241804152727127
"2023-05-10 14:35:11,864 [INFO] EPISODE 10010, LOSS 0.11741694062948227
"2023-05-10 14:35:12,003 [INFO] EPISODE 10020, LOSS 0.2090081423521042
"2023-05-10 14:35:12,139 [INFO] EPISODE 10030, LOSS 0.04435020685195923
"2023-05-10 14:35:12,270 [INFO] EPISODE 10040, LOSS 0.07094168663024902
"2023-05-10 14:35:12,406 [INFO] EPISODE 10050, LOSS 0.06210748478770256
"2023-05-10 14:35:12,542 [INFO] EPISODE 10060, LOSS 0.1490585207939148
"2023-05-10 14:35:12,676 [INFO] EPISODE 10070, LOSS 0.10123541206121445
"2023-05-10 14:35:12,868 [INFO] EPISODE 10080, LOSS 0.1662818193435669
"2023-05-10 14:35:13,004 [INFO] EPISODE 10090, LOSS 0.037705495953559875
"2023-05-10 14:35:13,130 [INFO] EPISODE 10100, LOSS 0.1010347232222557
"2023-05-10 14:35:13,263 [INFO] EPISODE 10110, LOSS 0.19748592376708984
"2023-05-10 14:35:13,396 [INFO] EPISODE 10120, LOSS 0.044461242854595184
"2023-05-10 14:35:13,528 [INFO] EPISODE 10130, LOSS 0.09777628630399704
"2023-05-10 14:35:13,657 [INFO] EPISODE 10140, LOSS 0.06927013397216797
"2023-05-10 14:35:13,792 [INFO] EPISODE 10150, LOSS 0.18297502398490906
"2023-05-10 14:35:13,923 [INFO] EPISODE 10160, LOSS 0.07091589272022247
"2023-05-10 14:35:14,063 [INFO] EPISODE 10170, LOSS 0.1164361834526062
"2023-05-10 14:35:14,195 [INFO] EPISODE 10180, LOSS 0.10202527046203613
"2023-05-10 14:35:14,324 [INFO] EPISODE 10190, LOSS 0.0774785503745079
"2023-05-10 14:35:14,456 [INFO] EPISODE 10200, LOSS 0.08971181511878967
"2023-05-10 14:35:14,592 [INFO] EPISODE 10210, LOSS 0.09871324896812439
"2023-05-10 14:35:14,723 [INFO] EPISODE 10220, LOSS 0.10834775865077972
"2023-05-10 14:35:14,855 [INFO] EPISODE 10230, LOSS 0.08064650744199753
"2023-05-10 14:35:14,983 [INFO] EPISODE 10240, LOSS 0.08949537575244904
"2023-05-10 14:35:15,112 [INFO] EPISODE 10250, LOSS 0.092015340924263
"2023-05-10 14:35:15,244 [INFO] EPISODE 10260, LOSS 0.1060941219329834
"2023-05-10 14:35:15,378 [INFO] EPISODE 10270, LOSS 0.17937414348125458
"2023-05-10 14:35:15,506 [INFO] EPISODE 10280, LOSS 0.10386871546506882
"2023-05-10 14:35:15,639 [INFO] EPISODE 10290, LOSS 0.1322610229253769
"2023-05-10 14:35:15,779 [INFO] EPISODE 10300, LOSS 0.0523499920964241
"2023-05-10 14:35:15,913 [INFO] EPISODE 10310, LOSS 0.09026382863521576
"2023-05-10 14:35:16,055 [INFO] EPISODE 10320, LOSS 0.11234085261821747
"2023-05-10 14:35:16,189 [INFO] EPISODE 10330, LOSS 0.0826382040977478
"2023-05-10 14:35:16,331 [INFO] EPISODE 10340, LOSS 0.13573066890239716
"2023-05-10 14:35:16,473 [INFO] EPISODE 10350, LOSS 0.08179419487714767
"2023-05-10 14:35:16,611 [INFO] EPISODE 10360, LOSS 0.12794649600982666
"2023-05-10 14:35:16,810 [INFO] EPISODE 10370, LOSS 0.16394871473312378
"2023-05-10 14:35:16,946 [INFO] EPISODE 10380, LOSS 0.14306709170341492
"2023-05-10 14:35:17,089 [INFO] EPISODE 10390, LOSS 0.04713597893714905
"2023-05-10 14:35:17,227 [INFO] EPISODE 10400, LOSS 0.1431402564048767
"2023-05-10 14:35:17,364 [INFO] EPISODE 10410, LOSS 0.1576237678527832
"2023-05-10 14:35:17,500 [INFO] EPISODE 10420, LOSS 0.1548582762479782
"2023-05-10 14:35:17,636 [INFO] EPISODE 10430, LOSS 0.09198713302612305
"2023-05-10 14:35:17,772 [INFO] EPISODE 10440, LOSS 0.11562871187925339
"2023-05-10 14:35:17,916 [INFO] EPISODE 10450, LOSS 0.055371589958667755
"2023-05-10 14:35:18,052 [INFO] EPISODE 10460, LOSS 0.09849628806114197
"2023-05-10 14:35:18,176 [INFO] EPISODE 10470, LOSS 0.09704124927520752
"2023-05-10 14:35:18,300 [INFO] EPISODE 10480, LOSS 0.09477623552083969
"2023-05-10 14:35:18,437 [INFO] EPISODE 10490, LOSS 0.06393057107925415
"2023-05-10 14:35:18,569 [INFO] EPISODE 10500, LOSS 0.07862642407417297
"2023-05-10 14:35:18,702 [INFO] EPISODE 10510, LOSS 0.17841872572898865
"2023-05-10 14:35:18,840 [INFO] EPISODE 10520, LOSS 0.14053189754486084
"2023-05-10 14:35:18,976 [INFO] EPISODE 10530, LOSS 0.07956562936306
"2023-05-10 14:35:19,113 [INFO] EPISODE 10540, LOSS 0.11580789089202881
"2023-05-10 14:35:19,247 [INFO] EPISODE 10550, LOSS 0.1914529800415039
"2023-05-10 14:35:19,374 [INFO] EPISODE 10560, LOSS 0.10331378877162933
"2023-05-10 14:35:19,512 [INFO] EPISODE 10570, LOSS 0.11886008083820343
"2023-05-10 14:35:19,633 [INFO] EPISODE 10580, LOSS 0.10736016929149628
"2023-05-10 14:35:19,769 [INFO] EPISODE 10590, LOSS 0.08856067061424255
"2023-05-10 14:35:19,902 [INFO] EPISODE 10600, LOSS 0.09618278592824936
"2023-05-10 14:35:20,093 [INFO] EPISODE 10610, LOSS 0.052451811730861664
"2023-05-10 14:35:20,229 [INFO] EPISODE 10620, LOSS 0.06801457703113556
"2023-05-10 14:35:20,364 [INFO] EPISODE 10630, LOSS 0.09943149983882904
"2023-05-10 14:35:20,498 [INFO] EPISODE 10640, LOSS 0.11662431061267853
"2023-05-10 14:35:20,632 [INFO] EPISODE 10650, LOSS 0.22586731612682343
"2023-05-10 14:35:20,771 [INFO] EPISODE 10660, LOSS 0.09686996787786484
"2023-05-10 14:35:20,912 [INFO] EPISODE 10670, LOSS 0.11474993079900742
"2023-05-10 14:35:21,047 [INFO] EPISODE 10680, LOSS 0.05236133188009262
"2023-05-10 14:35:21,185 [INFO] EPISODE 10690, LOSS 0.057094842195510864
"2023-05-10 14:35:21,320 [INFO] EPISODE 10700, LOSS 0.14214342832565308
"2023-05-10 14:35:21,455 [INFO] EPISODE 10710, LOSS 0.10130554437637329
"2023-05-10 14:35:21,593 [INFO] EPISODE 10720, LOSS 0.09699469059705734
"2023-05-10 14:35:21,729 [INFO] EPISODE 10730, LOSS 0.19935303926467896
"2023-05-10 14:35:21,868 [INFO] EPISODE 10740, LOSS 0.12882131338119507
"2023-05-10 14:35:22,001 [INFO] EPISODE 10750, LOSS 0.10594891756772995
"2023-05-10 14:35:22,135 [INFO] EPISODE 10760, LOSS 0.19020769000053406
"2023-05-10 14:35:22,274 [INFO] EPISODE 10770, LOSS 0.16034051775932312
"2023-05-10 14:35:22,406 [INFO] EPISODE 10780, LOSS 0.24532894790172577
"2023-05-10 14:35:22,540 [INFO] EPISODE 10790, LOSS 0.10415347665548325
"2023-05-10 14:35:22,668 [INFO] EPISODE 10800, LOSS 0.12450802326202393
"2023-05-10 14:35:22,806 [INFO] EPISODE 10810, LOSS 0.11289209127426147
"2023-05-10 14:35:22,942 [INFO] EPISODE 10820, LOSS 0.26811355352401733
"2023-05-10 14:35:23,077 [INFO] EPISODE 10830, LOSS 0.134582981467247
"2023-05-10 14:35:23,215 [INFO] EPISODE 10840, LOSS 0.07310023158788681
"2023-05-10 14:35:23,348 [INFO] EPISODE 10850, LOSS 0.48006725311279297
"2023-05-10 14:35:23,539 [INFO] EPISODE 10860, LOSS 0.08740529417991638
"2023-05-10 14:35:23,676 [INFO] EPISODE 10870, LOSS 0.15232796967029572
"2023-05-10 14:35:23,816 [INFO] EPISODE 10880, LOSS 0.10374026000499725
"2023-05-10 14:35:23,953 [INFO] EPISODE 10890, LOSS 0.1267644464969635
"2023-05-10 14:35:24,090 [INFO] EPISODE 10900, LOSS 0.07932821661233902
"2023-05-10 14:35:24,227 [INFO] EPISODE 10910, LOSS 0.07649274170398712
"2023-05-10 14:35:24,366 [INFO] EPISODE 10920, LOSS 0.16943709552288055
"2023-05-10 14:35:24,506 [INFO] EPISODE 10930, LOSS 0.09490158408880234
"2023-05-10 14:35:24,630 [INFO] EPISODE 10940, LOSS 0.07334187626838684
"2023-05-10 14:35:24,771 [INFO] EPISODE 10950, LOSS 0.10671442747116089
"2023-05-10 14:35:24,903 [INFO] EPISODE 10960, LOSS 0.11167901754379272
"2023-05-10 14:35:25,037 [INFO] EPISODE 10970, LOSS 0.1286218762397766
"2023-05-10 14:35:25,173 [INFO] EPISODE 10980, LOSS 0.059218328446149826
"2023-05-10 14:35:25,311 [INFO] EPISODE 10990, LOSS 0.04834532365202904
"2023-05-10 14:35:25,451 [INFO] ===== ONNX SAVED at ./savemodel/0510_0232PM_MY_PDE/11000.onnx
"2023-05-10 14:35:25,451 [INFO] EPISODE 11000, LOSS 0.04714469611644745
"2023-05-10 14:35:25,592 [INFO] EPISODE 11010, LOSS 0.062171828001737595
"2023-05-10 14:35:25,725 [INFO] EPISODE 11020, LOSS 0.1871880739927292
"2023-05-10 14:35:25,858 [INFO] EPISODE 11030, LOSS 0.1469140350818634
"2023-05-10 14:35:25,990 [INFO] EPISODE 11040, LOSS 0.08935326337814331
"2023-05-10 14:35:26,121 [INFO] EPISODE 11050, LOSS 0.09753197431564331
"2023-05-10 14:35:26,251 [INFO] EPISODE 11060, LOSS 0.08223865181207657
"2023-05-10 14:35:26,380 [INFO] EPISODE 11070, LOSS 0.0841778963804245
"2023-05-10 14:35:26,520 [INFO] EPISODE 11080, LOSS 0.07596508413553238
"2023-05-10 14:35:26,659 [INFO] EPISODE 11090, LOSS 0.052307333797216415
"2023-05-10 14:35:26,793 [INFO] EPISODE 11100, LOSS 0.06867974996566772
"2023-05-10 14:35:26,918 [INFO] train finished. 
final loss: 0.1225278303027153
"2023-05-10 14:35:26,933 [INFO] ===== ONNX SAVED at ./savemodel/0510_0232PM_MY_PDE/FINAL100000.onnx
