"2023-05-10 19:15:59,252 [INFO] Reporter Initialized!
"2023-05-10 19:15:59,252 [INFO] Reporter LEVEL: info
"2023-05-10 19:15:59,253 [INFO] ***** SPECIAL COMMENT *****
"2023-05-10 19:15:59,253 [INFO]      Trained with myPDE, FG, Again with save onnx per 10
"2023-05-10 19:15:59,253 [INFO] Using random data
"2023-05-10 19:16:00,369 [INFO] None
"2023-05-10 19:16:00,369 [INFO] Device(cuda) is working for train
"2023-05-10 19:16:00,369 [INFO] Train Started
"2023-05-10 19:16:00,388 [INFO] ===== ONNX SAVED at ./savemodel/0510_0715PM_MY_PDE/0.onnx
"2023-05-10 19:16:00,388 [INFO] ===== Saved non-trained network
"2023-05-10 19:16:00,388 [INFO] EPISODE 0, LOSS 377.5875244140625
"2023-05-10 19:16:00,611 [INFO] ===== ONNX SAVED at ./savemodel/0510_0715PM_MY_PDE/2.onnx
"2023-05-10 19:16:00,626 [INFO] ===== ONNX SAVED at ./savemodel/0510_0715PM_MY_PDE/7.onnx
"2023-05-10 19:16:00,639 [INFO] ===== ONNX SAVED at ./savemodel/0510_0715PM_MY_PDE/10.onnx
"2023-05-10 19:16:00,639 [INFO] EPISODE 10, LOSS 656.8311767578125
"2023-05-10 19:16:00,706 [INFO] ===== ONNX SAVED at ./savemodel/0510_0715PM_MY_PDE/20.onnx
"2023-05-10 19:16:00,706 [INFO] EPISODE 20, LOSS 367.57135009765625
"2023-05-10 19:16:00,780 [INFO] ===== ONNX SAVED at ./savemodel/0510_0715PM_MY_PDE/27.onnx
"2023-05-10 19:16:00,792 [INFO] ===== ONNX SAVED at ./savemodel/0510_0715PM_MY_PDE/30.onnx
"2023-05-10 19:16:00,792 [INFO] EPISODE 30, LOSS 680.02490234375
"2023-05-10 19:16:00,862 [INFO] ===== ONNX SAVED at ./savemodel/0510_0715PM_MY_PDE/40.onnx
"2023-05-10 19:16:00,862 [INFO] EPISODE 40, LOSS 498.26092529296875
"2023-05-10 19:16:00,932 [INFO] ===== ONNX SAVED at ./savemodel/0510_0715PM_MY_PDE/50.onnx
"2023-05-10 19:16:00,932 [INFO] EPISODE 50, LOSS 366.0402526855469
"2023-05-10 19:16:01,001 [INFO] ===== ONNX SAVED at ./savemodel/0510_0715PM_MY_PDE/60.onnx
"2023-05-10 19:16:01,001 [INFO] EPISODE 60, LOSS 453.2159118652344
"2023-05-10 19:16:01,074 [INFO] ===== ONNX SAVED at ./savemodel/0510_0715PM_MY_PDE/70.onnx
"2023-05-10 19:16:01,074 [INFO] EPISODE 70, LOSS 530.611572265625
"2023-05-10 19:16:01,151 [INFO] ===== ONNX SAVED at ./savemodel/0510_0715PM_MY_PDE/80.onnx
"2023-05-10 19:16:01,151 [INFO] EPISODE 80, LOSS 274.3507080078125
"2023-05-10 19:16:01,225 [INFO] ===== ONNX SAVED at ./savemodel/0510_0715PM_MY_PDE/90.onnx
"2023-05-10 19:16:01,225 [INFO] EPISODE 90, LOSS 518.9170532226562
"2023-05-10 19:16:01,295 [INFO] ===== ONNX SAVED at ./savemodel/0510_0715PM_MY_PDE/100.onnx
"2023-05-10 19:16:01,295 [INFO] EPISODE 100, LOSS 324.115478515625
"2023-05-10 19:16:01,367 [INFO] ===== ONNX SAVED at ./savemodel/0510_0715PM_MY_PDE/110.onnx
"2023-05-10 19:16:01,367 [INFO] EPISODE 110, LOSS 356.4787292480469
"2023-05-10 19:16:01,438 [INFO] ===== ONNX SAVED at ./savemodel/0510_0715PM_MY_PDE/120.onnx
"2023-05-10 19:16:01,439 [INFO] EPISODE 120, LOSS 356.1741638183594
"2023-05-10 19:16:01,501 [INFO] ===== ONNX SAVED at ./savemodel/0510_0715PM_MY_PDE/121.onnx
"2023-05-10 19:16:01,521 [INFO] ===== ONNX SAVED at ./savemodel/0510_0715PM_MY_PDE/130.onnx
"2023-05-10 19:16:01,521 [INFO] EPISODE 130, LOSS 508.38140869140625
"2023-05-10 19:16:01,585 [INFO] ===== ONNX SAVED at ./savemodel/0510_0715PM_MY_PDE/135.onnx
"2023-05-10 19:16:01,598 [INFO] ===== ONNX SAVED at ./savemodel/0510_0715PM_MY_PDE/139.onnx
"2023-05-10 19:16:01,608 [INFO] ===== ONNX SAVED at ./savemodel/0510_0715PM_MY_PDE/140.onnx
"2023-05-10 19:16:01,608 [INFO] EPISODE 140, LOSS 377.98846435546875
"2023-05-10 19:16:01,667 [INFO] ===== ONNX SAVED at ./savemodel/0510_0715PM_MY_PDE/141.onnx
"2023-05-10 19:16:01,687 [INFO] ===== ONNX SAVED at ./savemodel/0510_0715PM_MY_PDE/150.onnx
"2023-05-10 19:16:01,687 [INFO] EPISODE 150, LOSS 321.9772644042969
"2023-05-10 19:16:01,758 [INFO] ===== ONNX SAVED at ./savemodel/0510_0715PM_MY_PDE/160.onnx
"2023-05-10 19:16:01,758 [INFO] EPISODE 160, LOSS 270.5579833984375
"2023-05-10 19:16:01,873 [INFO] ===== ONNX SAVED at ./savemodel/0510_0715PM_MY_PDE/161.onnx
"2023-05-10 19:16:01,894 [INFO] ===== ONNX SAVED at ./savemodel/0510_0715PM_MY_PDE/170.onnx
"2023-05-10 19:16:01,894 [INFO] EPISODE 170, LOSS 320.30047607421875
"2023-05-10 19:16:01,966 [INFO] ===== ONNX SAVED at ./savemodel/0510_0715PM_MY_PDE/180.onnx
"2023-05-10 19:16:01,966 [INFO] EPISODE 180, LOSS 276.64263916015625
"2023-05-10 19:16:02,036 [INFO] ===== ONNX SAVED at ./savemodel/0510_0715PM_MY_PDE/187.onnx
"2023-05-10 19:16:02,048 [INFO] ===== ONNX SAVED at ./savemodel/0510_0715PM_MY_PDE/190.onnx
"2023-05-10 19:16:02,048 [INFO] EPISODE 190, LOSS 248.75241088867188
"2023-05-10 19:16:02,120 [INFO] ===== ONNX SAVED at ./savemodel/0510_0715PM_MY_PDE/200.onnx
"2023-05-10 19:16:02,120 [INFO] EPISODE 200, LOSS 223.3504638671875
"2023-05-10 19:16:02,192 [INFO] ===== ONNX SAVED at ./savemodel/0510_0715PM_MY_PDE/210.onnx
"2023-05-10 19:16:02,192 [INFO] EPISODE 210, LOSS 169.9957733154297
"2023-05-10 19:16:02,261 [INFO] ===== ONNX SAVED at ./savemodel/0510_0715PM_MY_PDE/219.onnx
"2023-05-10 19:16:02,271 [INFO] ===== ONNX SAVED at ./savemodel/0510_0715PM_MY_PDE/220.onnx
"2023-05-10 19:16:02,271 [INFO] EPISODE 220, LOSS 212.4174041748047
"2023-05-10 19:16:02,338 [INFO] ===== ONNX SAVED at ./savemodel/0510_0715PM_MY_PDE/228.onnx
"2023-05-10 19:16:02,349 [INFO] ===== ONNX SAVED at ./savemodel/0510_0715PM_MY_PDE/230.onnx
"2023-05-10 19:16:02,349 [INFO] EPISODE 230, LOSS 143.30841064453125
"2023-05-10 19:16:02,417 [INFO] ===== ONNX SAVED at ./savemodel/0510_0715PM_MY_PDE/240.onnx
"2023-05-10 19:16:02,417 [INFO] EPISODE 240, LOSS 144.96987915039062
"2023-05-10 19:16:02,487 [INFO] ===== ONNX SAVED at ./savemodel/0510_0715PM_MY_PDE/250.onnx
"2023-05-10 19:16:02,487 [INFO] EPISODE 250, LOSS 151.70339965820312
"2023-05-10 19:16:02,555 [INFO] ===== ONNX SAVED at ./savemodel/0510_0715PM_MY_PDE/259.onnx
"2023-05-10 19:16:02,564 [INFO] ===== ONNX SAVED at ./savemodel/0510_0715PM_MY_PDE/260.onnx
"2023-05-10 19:16:02,565 [INFO] EPISODE 260, LOSS 140.59844970703125
"2023-05-10 19:16:02,633 [INFO] ===== ONNX SAVED at ./savemodel/0510_0715PM_MY_PDE/270.onnx
"2023-05-10 19:16:02,634 [INFO] EPISODE 270, LOSS 93.62670135498047
"2023-05-10 19:16:02,702 [INFO] ===== ONNX SAVED at ./savemodel/0510_0715PM_MY_PDE/280.onnx
"2023-05-10 19:16:02,702 [INFO] EPISODE 280, LOSS 133.64566040039062
"2023-05-10 19:16:02,770 [INFO] ===== ONNX SAVED at ./savemodel/0510_0715PM_MY_PDE/290.onnx
"2023-05-10 19:16:02,770 [INFO] EPISODE 290, LOSS 155.65316772460938
"2023-05-10 19:16:02,838 [INFO] ===== ONNX SAVED at ./savemodel/0510_0715PM_MY_PDE/299.onnx
"2023-05-10 19:16:02,848 [INFO] ===== ONNX SAVED at ./savemodel/0510_0715PM_MY_PDE/300.onnx
"2023-05-10 19:16:02,848 [INFO] EPISODE 300, LOSS 223.70343017578125
"2023-05-10 19:16:02,917 [INFO] ===== ONNX SAVED at ./savemodel/0510_0715PM_MY_PDE/310.onnx
"2023-05-10 19:16:02,917 [INFO] EPISODE 310, LOSS 127.44731140136719
"2023-05-10 19:16:02,987 [INFO] ===== ONNX SAVED at ./savemodel/0510_0715PM_MY_PDE/320.onnx
"2023-05-10 19:16:02,987 [INFO] EPISODE 320, LOSS 169.87338256835938
"2023-05-10 19:16:03,057 [INFO] ===== ONNX SAVED at ./savemodel/0510_0715PM_MY_PDE/330.onnx
"2023-05-10 19:16:03,057 [INFO] EPISODE 330, LOSS 131.98660278320312
"2023-05-10 19:16:03,130 [INFO] ===== ONNX SAVED at ./savemodel/0510_0715PM_MY_PDE/340.onnx
"2023-05-10 19:16:03,130 [INFO] EPISODE 340, LOSS 94.02080535888672
"2023-05-10 19:16:03,199 [INFO] ===== ONNX SAVED at ./savemodel/0510_0715PM_MY_PDE/349.onnx
"2023-05-10 19:16:03,209 [INFO] ===== ONNX SAVED at ./savemodel/0510_0715PM_MY_PDE/350.onnx
"2023-05-10 19:16:03,209 [INFO] EPISODE 350, LOSS 100.82139587402344
"2023-05-10 19:16:03,277 [INFO] ===== ONNX SAVED at ./savemodel/0510_0715PM_MY_PDE/359.onnx
"2023-05-10 19:16:03,287 [INFO] ===== ONNX SAVED at ./savemodel/0510_0715PM_MY_PDE/360.onnx
"2023-05-10 19:16:03,287 [INFO] EPISODE 360, LOSS 137.20811462402344
"2023-05-10 19:16:03,356 [INFO] ===== ONNX SAVED at ./savemodel/0510_0715PM_MY_PDE/370.onnx
"2023-05-10 19:16:03,356 [INFO] EPISODE 370, LOSS 92.36273193359375
"2023-05-10 19:16:03,425 [INFO] ===== ONNX SAVED at ./savemodel/0510_0715PM_MY_PDE/379.onnx
"2023-05-10 19:16:03,435 [INFO] ===== ONNX SAVED at ./savemodel/0510_0715PM_MY_PDE/380.onnx
"2023-05-10 19:16:03,435 [INFO] EPISODE 380, LOSS 78.88152313232422
"2023-05-10 19:16:03,506 [INFO] ===== ONNX SAVED at ./savemodel/0510_0715PM_MY_PDE/390.onnx
"2023-05-10 19:16:03,506 [INFO] EPISODE 390, LOSS 122.4630355834961
"2023-05-10 19:16:03,578 [INFO] ===== ONNX SAVED at ./savemodel/0510_0715PM_MY_PDE/400.onnx
"2023-05-10 19:16:03,578 [INFO] EPISODE 400, LOSS 104.48632049560547
"2023-05-10 19:16:03,694 [INFO] ===== ONNX SAVED at ./savemodel/0510_0715PM_MY_PDE/403.onnx
"2023-05-10 19:16:03,712 [INFO] ===== ONNX SAVED at ./savemodel/0510_0715PM_MY_PDE/410.onnx
"2023-05-10 19:16:03,712 [INFO] EPISODE 410, LOSS 47.24885177612305
"2023-05-10 19:16:03,780 [INFO] ===== ONNX SAVED at ./savemodel/0510_0715PM_MY_PDE/420.onnx
"2023-05-10 19:16:03,780 [INFO] EPISODE 420, LOSS 88.69609832763672
"2023-05-10 19:16:03,848 [INFO] ===== ONNX SAVED at ./savemodel/0510_0715PM_MY_PDE/430.onnx
"2023-05-10 19:16:03,848 [INFO] EPISODE 430, LOSS 50.58551025390625
"2023-05-10 19:16:03,915 [INFO] ===== ONNX SAVED at ./savemodel/0510_0715PM_MY_PDE/440.onnx
"2023-05-10 19:16:03,915 [INFO] EPISODE 440, LOSS 55.19254684448242
"2023-05-10 19:16:03,979 [INFO] ===== ONNX SAVED at ./savemodel/0510_0715PM_MY_PDE/447.onnx
"2023-05-10 19:16:03,991 [INFO] ===== ONNX SAVED at ./savemodel/0510_0715PM_MY_PDE/450.onnx
"2023-05-10 19:16:03,991 [INFO] EPISODE 450, LOSS 50.87421417236328
"2023-05-10 19:16:04,059 [INFO] ===== ONNX SAVED at ./savemodel/0510_0715PM_MY_PDE/460.onnx
"2023-05-10 19:16:04,059 [INFO] EPISODE 460, LOSS 59.64472579956055
"2023-05-10 19:16:04,127 [INFO] ===== ONNX SAVED at ./savemodel/0510_0715PM_MY_PDE/470.onnx
"2023-05-10 19:16:04,127 [INFO] EPISODE 470, LOSS 53.46598815917969
"2023-05-10 19:16:04,188 [INFO] ===== ONNX SAVED at ./savemodel/0510_0715PM_MY_PDE/475.onnx
"2023-05-10 19:16:04,203 [INFO] ===== ONNX SAVED at ./savemodel/0510_0715PM_MY_PDE/480.onnx
"2023-05-10 19:16:04,203 [INFO] EPISODE 480, LOSS 43.91265106201172
"2023-05-10 19:16:04,273 [INFO] ===== ONNX SAVED at ./savemodel/0510_0715PM_MY_PDE/490.onnx
"2023-05-10 19:16:04,273 [INFO] EPISODE 490, LOSS 49.611236572265625
"2023-05-10 19:16:04,336 [INFO] ===== ONNX SAVED at ./savemodel/0510_0715PM_MY_PDE/494.onnx
"2023-05-10 19:16:04,347 [INFO] ===== ONNX SAVED at ./savemodel/0510_0715PM_MY_PDE/496.onnx
"2023-05-10 19:16:04,360 [INFO] ===== ONNX SAVED at ./savemodel/0510_0715PM_MY_PDE/500.onnx
"2023-05-10 19:16:04,361 [INFO] EPISODE 500, LOSS 41.8211555480957
"2023-05-10 19:16:04,429 [INFO] ===== ONNX SAVED at ./savemodel/0510_0715PM_MY_PDE/510.onnx
"2023-05-10 19:16:04,429 [INFO] EPISODE 510, LOSS 60.37889099121094
"2023-05-10 19:16:04,498 [INFO] ===== ONNX SAVED at ./savemodel/0510_0715PM_MY_PDE/520.onnx
"2023-05-10 19:16:04,498 [INFO] EPISODE 520, LOSS 58.218170166015625
"2023-05-10 19:16:04,565 [INFO] ===== ONNX SAVED at ./savemodel/0510_0715PM_MY_PDE/527.onnx
"2023-05-10 19:16:04,577 [INFO] ===== ONNX SAVED at ./savemodel/0510_0715PM_MY_PDE/530.onnx
"2023-05-10 19:16:04,577 [INFO] EPISODE 530, LOSS 46.068504333496094
"2023-05-10 19:16:04,647 [INFO] ===== ONNX SAVED at ./savemodel/0510_0715PM_MY_PDE/540.onnx
"2023-05-10 19:16:04,647 [INFO] EPISODE 540, LOSS 29.30341911315918
"2023-05-10 19:16:04,715 [INFO] ===== ONNX SAVED at ./savemodel/0510_0715PM_MY_PDE/550.onnx
"2023-05-10 19:16:04,716 [INFO] EPISODE 550, LOSS 36.13072967529297
"2023-05-10 19:16:04,786 [INFO] ===== ONNX SAVED at ./savemodel/0510_0715PM_MY_PDE/560.onnx
"2023-05-10 19:16:04,786 [INFO] EPISODE 560, LOSS 47.97753143310547
"2023-05-10 19:16:04,856 [INFO] ===== ONNX SAVED at ./savemodel/0510_0715PM_MY_PDE/570.onnx
"2023-05-10 19:16:04,856 [INFO] EPISODE 570, LOSS 29.861495971679688
"2023-05-10 19:16:04,925 [INFO] ===== ONNX SAVED at ./savemodel/0510_0715PM_MY_PDE/580.onnx
"2023-05-10 19:16:04,926 [INFO] EPISODE 580, LOSS 61.24848556518555
"2023-05-10 19:16:04,995 [INFO] ===== ONNX SAVED at ./savemodel/0510_0715PM_MY_PDE/590.onnx
"2023-05-10 19:16:04,995 [INFO] EPISODE 590, LOSS 35.04773712158203
"2023-05-10 19:16:05,066 [INFO] ===== ONNX SAVED at ./savemodel/0510_0715PM_MY_PDE/600.onnx
"2023-05-10 19:16:05,066 [INFO] EPISODE 600, LOSS 53.47290802001953
"2023-05-10 19:16:05,132 [INFO] ===== ONNX SAVED at ./savemodel/0510_0715PM_MY_PDE/607.onnx
"2023-05-10 19:16:05,145 [INFO] ===== ONNX SAVED at ./savemodel/0510_0715PM_MY_PDE/610.onnx
"2023-05-10 19:16:05,145 [INFO] EPISODE 610, LOSS 64.88066864013672
"2023-05-10 19:16:05,215 [INFO] ===== ONNX SAVED at ./savemodel/0510_0715PM_MY_PDE/620.onnx
"2023-05-10 19:16:05,215 [INFO] EPISODE 620, LOSS 47.770408630371094
"2023-05-10 19:16:05,286 [INFO] ===== ONNX SAVED at ./savemodel/0510_0715PM_MY_PDE/630.onnx
"2023-05-10 19:16:05,286 [INFO] EPISODE 630, LOSS 61.37567138671875
"2023-05-10 19:16:05,357 [INFO] ===== ONNX SAVED at ./savemodel/0510_0715PM_MY_PDE/640.onnx
"2023-05-10 19:16:05,357 [INFO] EPISODE 640, LOSS 41.697017669677734
"2023-05-10 19:16:05,480 [INFO] ===== ONNX SAVED at ./savemodel/0510_0715PM_MY_PDE/650.onnx
"2023-05-10 19:16:05,480 [INFO] EPISODE 650, LOSS 47.01777267456055
"2023-05-10 19:16:05,551 [INFO] ===== ONNX SAVED at ./savemodel/0510_0715PM_MY_PDE/660.onnx
"2023-05-10 19:16:05,551 [INFO] EPISODE 660, LOSS 31.855323791503906
"2023-05-10 19:16:05,621 [INFO] ===== ONNX SAVED at ./savemodel/0510_0715PM_MY_PDE/670.onnx
"2023-05-10 19:16:05,621 [INFO] EPISODE 670, LOSS 30.73550796508789
"2023-05-10 19:16:05,692 [INFO] ===== ONNX SAVED at ./savemodel/0510_0715PM_MY_PDE/680.onnx
"2023-05-10 19:16:05,692 [INFO] EPISODE 680, LOSS 33.66584777832031
"2023-05-10 19:16:05,763 [INFO] ===== ONNX SAVED at ./savemodel/0510_0715PM_MY_PDE/690.onnx
"2023-05-10 19:16:05,763 [INFO] EPISODE 690, LOSS 27.800548553466797
"2023-05-10 19:16:05,838 [INFO] ===== ONNX SAVED at ./savemodel/0510_0715PM_MY_PDE/700.onnx
"2023-05-10 19:16:05,838 [INFO] EPISODE 700, LOSS 28.707489013671875
"2023-05-10 19:16:05,908 [INFO] ===== ONNX SAVED at ./savemodel/0510_0715PM_MY_PDE/710.onnx
"2023-05-10 19:16:05,908 [INFO] EPISODE 710, LOSS 20.6358642578125
"2023-05-10 19:16:05,979 [INFO] ===== ONNX SAVED at ./savemodel/0510_0715PM_MY_PDE/720.onnx
"2023-05-10 19:16:05,979 [INFO] EPISODE 720, LOSS 56.11115264892578
"2023-05-10 19:16:06,050 [INFO] ===== ONNX SAVED at ./savemodel/0510_0715PM_MY_PDE/730.onnx
"2023-05-10 19:16:06,050 [INFO] EPISODE 730, LOSS 25.517364501953125
"2023-05-10 19:16:06,120 [INFO] ===== ONNX SAVED at ./savemodel/0510_0715PM_MY_PDE/740.onnx
"2023-05-10 19:16:06,120 [INFO] EPISODE 740, LOSS 19.928752899169922
"2023-05-10 19:16:06,191 [INFO] ===== ONNX SAVED at ./savemodel/0510_0715PM_MY_PDE/750.onnx
"2023-05-10 19:16:06,191 [INFO] EPISODE 750, LOSS 18.671117782592773
"2023-05-10 19:16:06,261 [INFO] ===== ONNX SAVED at ./savemodel/0510_0715PM_MY_PDE/760.onnx
"2023-05-10 19:16:06,262 [INFO] EPISODE 760, LOSS 39.337032318115234
"2023-05-10 19:16:06,339 [INFO] ===== ONNX SAVED at ./savemodel/0510_0715PM_MY_PDE/770.onnx
"2023-05-10 19:16:06,339 [INFO] EPISODE 770, LOSS 38.33283233642578
"2023-05-10 19:16:06,411 [INFO] ===== ONNX SAVED at ./savemodel/0510_0715PM_MY_PDE/780.onnx
"2023-05-10 19:16:06,411 [INFO] EPISODE 780, LOSS 64.41012573242188
"2023-05-10 19:16:06,483 [INFO] ===== ONNX SAVED at ./savemodel/0510_0715PM_MY_PDE/790.onnx
"2023-05-10 19:16:06,483 [INFO] EPISODE 790, LOSS 33.69070816040039
"2023-05-10 19:16:06,556 [INFO] ===== ONNX SAVED at ./savemodel/0510_0715PM_MY_PDE/800.onnx
"2023-05-10 19:16:06,556 [INFO] EPISODE 800, LOSS 24.642131805419922
"2023-05-10 19:16:06,629 [INFO] ===== ONNX SAVED at ./savemodel/0510_0715PM_MY_PDE/810.onnx
"2023-05-10 19:16:06,629 [INFO] EPISODE 810, LOSS 38.10750961303711
"2023-05-10 19:16:06,700 [INFO] ===== ONNX SAVED at ./savemodel/0510_0715PM_MY_PDE/820.onnx
"2023-05-10 19:16:06,700 [INFO] EPISODE 820, LOSS 32.50751495361328
"2023-05-10 19:16:06,767 [INFO] ===== ONNX SAVED at ./savemodel/0510_0715PM_MY_PDE/830.onnx
"2023-05-10 19:16:06,767 [INFO] EPISODE 830, LOSS 34.59177017211914
"2023-05-10 19:16:06,835 [INFO] ===== ONNX SAVED at ./savemodel/0510_0715PM_MY_PDE/840.onnx
"2023-05-10 19:16:06,835 [INFO] EPISODE 840, LOSS 39.213619232177734
"2023-05-10 19:16:06,903 [INFO] ===== ONNX SAVED at ./savemodel/0510_0715PM_MY_PDE/850.onnx
"2023-05-10 19:16:06,903 [INFO] EPISODE 850, LOSS 17.83063507080078
"2023-05-10 19:16:07,020 [INFO] ===== ONNX SAVED at ./savemodel/0510_0715PM_MY_PDE/855.onnx
"2023-05-10 19:16:07,035 [INFO] ===== ONNX SAVED at ./savemodel/0510_0715PM_MY_PDE/860.onnx
"2023-05-10 19:16:07,035 [INFO] EPISODE 860, LOSS 35.94428634643555
"2023-05-10 19:16:07,104 [INFO] ===== ONNX SAVED at ./savemodel/0510_0715PM_MY_PDE/870.onnx
"2023-05-10 19:16:07,104 [INFO] EPISODE 870, LOSS 24.5997371673584
"2023-05-10 19:16:07,171 [INFO] ===== ONNX SAVED at ./savemodel/0510_0715PM_MY_PDE/880.onnx
"2023-05-10 19:16:07,171 [INFO] EPISODE 880, LOSS 15.675776481628418
"2023-05-10 19:16:07,239 [INFO] ===== ONNX SAVED at ./savemodel/0510_0715PM_MY_PDE/890.onnx
"2023-05-10 19:16:07,240 [INFO] EPISODE 890, LOSS 35.81201171875
"2023-05-10 19:16:07,308 [INFO] ===== ONNX SAVED at ./savemodel/0510_0715PM_MY_PDE/900.onnx
"2023-05-10 19:16:07,308 [INFO] EPISODE 900, LOSS 26.527984619140625
"2023-05-10 19:16:07,376 [INFO] ===== ONNX SAVED at ./savemodel/0510_0715PM_MY_PDE/910.onnx
"2023-05-10 19:16:07,376 [INFO] EPISODE 910, LOSS 21.510326385498047
"2023-05-10 19:16:07,444 [INFO] ===== ONNX SAVED at ./savemodel/0510_0715PM_MY_PDE/920.onnx
"2023-05-10 19:16:07,444 [INFO] EPISODE 920, LOSS 35.91531753540039
"2023-05-10 19:16:07,512 [INFO] ===== ONNX SAVED at ./savemodel/0510_0715PM_MY_PDE/930.onnx
"2023-05-10 19:16:07,512 [INFO] EPISODE 930, LOSS 24.018993377685547
"2023-05-10 19:16:07,581 [INFO] ===== ONNX SAVED at ./savemodel/0510_0715PM_MY_PDE/940.onnx
"2023-05-10 19:16:07,581 [INFO] EPISODE 940, LOSS 38.46969985961914
"2023-05-10 19:16:07,655 [INFO] ===== ONNX SAVED at ./savemodel/0510_0715PM_MY_PDE/950.onnx
"2023-05-10 19:16:07,655 [INFO] EPISODE 950, LOSS 23.83626365661621
"2023-05-10 19:16:07,724 [INFO] ===== ONNX SAVED at ./savemodel/0510_0715PM_MY_PDE/960.onnx
"2023-05-10 19:16:07,724 [INFO] EPISODE 960, LOSS 26.38970184326172
"2023-05-10 19:16:07,794 [INFO] ===== ONNX SAVED at ./savemodel/0510_0715PM_MY_PDE/970.onnx
"2023-05-10 19:16:07,794 [INFO] EPISODE 970, LOSS 25.50717544555664
"2023-05-10 19:16:07,864 [INFO] ===== ONNX SAVED at ./savemodel/0510_0715PM_MY_PDE/980.onnx
"2023-05-10 19:16:07,864 [INFO] EPISODE 980, LOSS 45.23023986816406
"2023-05-10 19:16:07,934 [INFO] ===== ONNX SAVED at ./savemodel/0510_0715PM_MY_PDE/990.onnx
"2023-05-10 19:16:07,934 [INFO] EPISODE 990, LOSS 42.43585205078125
"2023-05-10 19:16:07,997 [INFO] train finished. 
final loss: 28.390928268432617
"2023-05-10 19:16:08,011 [INFO] ===== ONNX SAVED at ./savemodel/0510_0715PM_MY_PDE/FINAL1000.onnx
