"2023-05-10 00:19:56,592 [INFO] Reporter Initialized!
"2023-05-10 00:19:56,593 [INFO] Reporter LEVEL: info
"2023-05-10 00:19:56,595 [INFO] Usung random data
"2023-05-10 00:19:56,717 [INFO] None
"2023-05-10 00:19:56,717 [INFO] Device(cpu) is working for train
"2023-05-10 00:19:56,718 [INFO] Train Started
"2023-05-10 00:19:57,590 [INFO] ===== ONNX SAVED at ./savemodel/0510_1219AM_MY_PDE/0.onnx
"2023-05-10 00:19:57,591 [INFO] ===== Saved non-trained network
"2023-05-10 00:19:57,591 [INFO] EPISODE 0, LOSS 2.874460220336914
"2023-05-10 00:19:59,954 [INFO] ===== ONNX SAVED at ./savemodel/0510_1219AM_MY_PDE/10.onnx
"2023-05-10 00:19:59,954 [INFO] EPISODE 10, LOSS 2.476022720336914
"2023-05-10 00:20:00,182 [INFO] ===== ONNX SAVED at ./savemodel/0510_1219AM_MY_PDE/11.onnx
"2023-05-10 00:20:00,262 [INFO] ===== ONNX SAVED at ./savemodel/0510_1219AM_MY_PDE/14.onnx
"2023-05-10 00:20:00,317 [INFO] ===== ONNX SAVED at ./savemodel/0510_1219AM_MY_PDE/15.onnx
"2023-05-10 00:20:00,411 [INFO] ===== ONNX SAVED at ./savemodel/0510_1219AM_MY_PDE/19.onnx
"2023-05-10 00:20:00,426 [INFO] EPISODE 20, LOSS 2.7169036865234375
"2023-05-10 00:20:00,781 [INFO] ===== ONNX SAVED at ./savemodel/0510_1219AM_MY_PDE/26.onnx
"2023-05-10 00:20:00,847 [INFO] ===== ONNX SAVED at ./savemodel/0510_1219AM_MY_PDE/28.onnx
"2023-05-10 00:20:00,879 [INFO] EPISODE 30, LOSS 1.6769698858261108
"2023-05-10 00:20:01,155 [INFO] ===== ONNX SAVED at ./savemodel/0510_1219AM_MY_PDE/37.onnx
"2023-05-10 00:20:01,214 [INFO] ===== ONNX SAVED at ./savemodel/0510_1219AM_MY_PDE/38.onnx
"2023-05-10 00:20:01,249 [INFO] EPISODE 40, LOSS 0.4927290678024292
"2023-05-10 00:20:01,531 [INFO] ===== ONNX SAVED at ./savemodel/0510_1219AM_MY_PDE/48.onnx
"2023-05-10 00:20:01,603 [INFO] ===== ONNX SAVED at ./savemodel/0510_1219AM_MY_PDE/50.onnx
"2023-05-10 00:20:01,604 [INFO] EPISODE 50, LOSS 0.23237885534763336
"2023-05-10 00:20:01,898 [INFO] EPISODE 60, LOSS 0.4471437931060791
"2023-05-10 00:20:02,152 [INFO] ===== ONNX SAVED at ./savemodel/0510_1219AM_MY_PDE/63.onnx
"2023-05-10 00:20:02,213 [INFO] ===== ONNX SAVED at ./savemodel/0510_1219AM_MY_PDE/64.onnx
"2023-05-10 00:20:02,299 [INFO] EPISODE 70, LOSS 0.1971484273672104
"2023-05-10 00:20:02,579 [INFO] EPISODE 80, LOSS 0.257203072309494
"2023-05-10 00:20:02,815 [INFO] ===== ONNX SAVED at ./savemodel/0510_1219AM_MY_PDE/82.onnx
"2023-05-10 00:20:02,974 [INFO] EPISODE 90, LOSS 0.32110002636909485
"2023-05-10 00:20:03,345 [INFO] ===== ONNX SAVED at ./savemodel/0510_1219AM_MY_PDE/95.onnx
"2023-05-10 00:20:03,409 [INFO] EPISODE 100, LOSS 0.25766927003860474
"2023-05-10 00:20:03,676 [INFO] EPISODE 110, LOSS 0.3976166546344757
"2023-05-10 00:20:03,936 [INFO] EPISODE 120, LOSS 0.31537556648254395
"2023-05-10 00:20:04,196 [INFO] EPISODE 130, LOSS 0.19564025104045868
"2023-05-10 00:20:04,453 [INFO] EPISODE 140, LOSS 0.1579042226076126
"2023-05-10 00:20:04,727 [INFO] ===== ONNX SAVED at ./savemodel/0510_1219AM_MY_PDE/147.onnx
"2023-05-10 00:20:04,771 [INFO] EPISODE 150, LOSS 0.14865827560424805
"2023-05-10 00:20:04,996 [INFO] ===== ONNX SAVED at ./savemodel/0510_1219AM_MY_PDE/152.onnx
"2023-05-10 00:20:05,091 [INFO] EPISODE 160, LOSS 0.23905740678310394
"2023-05-10 00:20:05,358 [INFO] EPISODE 170, LOSS 0.2515798509120941
"2023-05-10 00:20:05,622 [INFO] EPISODE 180, LOSS 0.14145717024803162
"2023-05-10 00:20:05,885 [INFO] EPISODE 190, LOSS 0.23608464002609253
"2023-05-10 00:20:06,155 [INFO] EPISODE 200, LOSS 0.10971143841743469
"2023-05-10 00:20:06,417 [INFO] EPISODE 210, LOSS 0.17031331360340118
"2023-05-10 00:20:06,682 [INFO] EPISODE 220, LOSS 0.2440771907567978
"2023-05-10 00:20:07,019 [INFO] EPISODE 230, LOSS 0.311890572309494
"2023-05-10 00:20:07,276 [INFO] EPISODE 240, LOSS 0.20423151552677155
"2023-05-10 00:20:07,530 [INFO] EPISODE 250, LOSS 0.17808185517787933
"2023-05-10 00:20:07,819 [INFO] EPISODE 260, LOSS 0.2194996327161789
"2023-05-10 00:20:08,081 [INFO] EPISODE 270, LOSS 0.18689601123332977
"2023-05-10 00:20:08,339 [INFO] EPISODE 280, LOSS 0.1859496831893921
"2023-05-10 00:20:08,553 [INFO] ===== ONNX SAVED at ./savemodel/0510_1219AM_MY_PDE/282.onnx
"2023-05-10 00:20:08,652 [INFO] EPISODE 290, LOSS 0.25920405983924866
"2023-05-10 00:20:08,912 [INFO] EPISODE 300, LOSS 0.15476663410663605
"2023-05-10 00:20:09,173 [INFO] EPISODE 310, LOSS 0.3940325975418091
"2023-05-10 00:20:09,446 [INFO] EPISODE 320, LOSS 0.17878562211990356
"2023-05-10 00:20:09,706 [INFO] EPISODE 330, LOSS 0.2805832624435425
"2023-05-10 00:20:09,964 [INFO] EPISODE 340, LOSS 0.1981489658355713
"2023-05-10 00:20:10,228 [INFO] EPISODE 350, LOSS 0.19299741089344025
"2023-05-10 00:20:10,492 [INFO] EPISODE 360, LOSS 0.37339869141578674
"2023-05-10 00:20:10,754 [INFO] EPISODE 370, LOSS 0.18641705811023712
"2023-05-10 00:20:11,013 [INFO] EPISODE 380, LOSS 0.15424378216266632
"2023-05-10 00:20:11,236 [INFO] ===== ONNX SAVED at ./savemodel/0510_1219AM_MY_PDE/382.onnx
"2023-05-10 00:20:11,330 [INFO] EPISODE 390, LOSS 0.160858616232872
"2023-05-10 00:20:11,591 [INFO] EPISODE 400, LOSS 0.23051714897155762
"2023-05-10 00:20:11,878 [INFO] EPISODE 410, LOSS 0.14370429515838623
"2023-05-10 00:20:12,160 [INFO] EPISODE 420, LOSS 0.21413351595401764
"2023-05-10 00:20:12,432 [INFO] EPISODE 430, LOSS 0.16187772154808044
"2023-05-10 00:20:12,699 [INFO] EPISODE 440, LOSS 0.20630507171154022
"2023-05-10 00:20:13,055 [INFO] EPISODE 450, LOSS 0.2740352153778076
"2023-05-10 00:20:13,308 [INFO] EPISODE 460, LOSS 0.15401048958301544
"2023-05-10 00:20:13,556 [INFO] EPISODE 470, LOSS 0.10770709067583084
"2023-05-10 00:20:13,819 [INFO] EPISODE 480, LOSS 0.20779912173748016
"2023-05-10 00:20:14,072 [INFO] EPISODE 490, LOSS 0.24918270111083984
"2023-05-10 00:20:14,330 [INFO] EPISODE 500, LOSS 0.16340334713459015
"2023-05-10 00:20:14,582 [INFO] EPISODE 510, LOSS 0.2674170732498169
"2023-05-10 00:20:14,846 [INFO] EPISODE 520, LOSS 0.2595059871673584
"2023-05-10 00:20:15,098 [INFO] EPISODE 530, LOSS 0.2037745863199234
"2023-05-10 00:20:15,359 [INFO] EPISODE 540, LOSS 0.1614501029253006
"2023-05-10 00:20:15,623 [INFO] EPISODE 550, LOSS 0.21809422969818115
"2023-05-10 00:20:15,877 [INFO] EPISODE 560, LOSS 0.2989942133426666
"2023-05-10 00:20:16,133 [INFO] EPISODE 570, LOSS 0.06963204592466354
"2023-05-10 00:20:16,384 [INFO] EPISODE 580, LOSS 0.1521858274936676
"2023-05-10 00:20:16,645 [INFO] EPISODE 590, LOSS 0.081511490046978
"2023-05-10 00:20:16,900 [INFO] EPISODE 600, LOSS 0.1188308373093605
"2023-05-10 00:20:17,164 [INFO] EPISODE 610, LOSS 0.09974630922079086
"2023-05-10 00:20:17,429 [INFO] EPISODE 620, LOSS 0.31210723519325256
"2023-05-10 00:20:17,709 [INFO] EPISODE 630, LOSS 0.16164721548557281
"2023-05-10 00:20:17,945 [INFO] ===== ONNX SAVED at ./savemodel/0510_1219AM_MY_PDE/634.onnx
"2023-05-10 00:20:18,024 [INFO] EPISODE 640, LOSS 0.14226672053337097
"2023-05-10 00:20:18,290 [INFO] EPISODE 650, LOSS 0.15164093673229218
"2023-05-10 00:20:18,547 [INFO] EPISODE 660, LOSS 0.13871701061725616
"2023-05-10 00:20:18,811 [INFO] EPISODE 670, LOSS 0.18349188566207886
"2023-05-10 00:20:19,187 [INFO] EPISODE 680, LOSS 0.07491134852170944
"2023-05-10 00:20:19,450 [INFO] EPISODE 690, LOSS 0.14911504089832306
"2023-05-10 00:20:19,716 [INFO] EPISODE 700, LOSS 0.26774901151657104
"2023-05-10 00:20:19,979 [INFO] EPISODE 710, LOSS 0.06549417227506638
"2023-05-10 00:20:20,240 [INFO] EPISODE 720, LOSS 0.3836301267147064
"2023-05-10 00:20:20,504 [INFO] EPISODE 730, LOSS 0.13071759045124054
"2023-05-10 00:20:20,763 [INFO] EPISODE 740, LOSS 0.11820847541093826
"2023-05-10 00:20:21,019 [INFO] EPISODE 750, LOSS 0.1260862797498703
"2023-05-10 00:20:21,286 [INFO] EPISODE 760, LOSS 0.271160751581192
"2023-05-10 00:20:21,545 [INFO] EPISODE 770, LOSS 0.1718485951423645
"2023-05-10 00:20:21,813 [INFO] EPISODE 780, LOSS 0.15966157615184784
"2023-05-10 00:20:22,080 [INFO] EPISODE 790, LOSS 0.15008403360843658
"2023-05-10 00:20:22,348 [INFO] EPISODE 800, LOSS 0.2020692080259323
"2023-05-10 00:20:22,621 [INFO] EPISODE 810, LOSS 0.19696132838726044
"2023-05-10 00:20:22,899 [INFO] EPISODE 820, LOSS 0.27722176909446716
"2023-05-10 00:20:23,160 [INFO] EPISODE 830, LOSS 0.2489193081855774
"2023-05-10 00:20:23,410 [INFO] EPISODE 840, LOSS 0.19139425456523895
"2023-05-10 00:20:23,667 [INFO] EPISODE 850, LOSS 0.09512993693351746
"2023-05-10 00:20:23,917 [INFO] EPISODE 860, LOSS 0.1814565658569336
"2023-05-10 00:20:24,176 [INFO] EPISODE 870, LOSS 0.21044255793094635
"2023-05-10 00:20:24,425 [INFO] EPISODE 880, LOSS 0.152941033244133
"2023-05-10 00:20:24,767 [INFO] EPISODE 890, LOSS 0.17647580802440643
"2023-05-10 00:20:25,018 [INFO] EPISODE 900, LOSS 0.11354442685842514
"2023-05-10 00:20:25,276 [INFO] EPISODE 910, LOSS 0.19875268638134003
"2023-05-10 00:20:25,522 [INFO] EPISODE 920, LOSS 0.13281483948230743
"2023-05-10 00:20:25,778 [INFO] EPISODE 930, LOSS 0.12782470881938934
"2023-05-10 00:20:26,027 [INFO] EPISODE 940, LOSS 0.27827104926109314
"2023-05-10 00:20:26,286 [INFO] EPISODE 950, LOSS 0.11560073494911194
"2023-05-10 00:20:26,537 [INFO] EPISODE 960, LOSS 0.20514684915542603
"2023-05-10 00:20:26,798 [INFO] EPISODE 970, LOSS 0.23488135635852814
"2023-05-10 00:20:27,047 [INFO] EPISODE 980, LOSS 0.26493778824806213
"2023-05-10 00:20:27,304 [INFO] EPISODE 990, LOSS 0.21380919218063354
"2023-05-10 00:20:27,591 [INFO] ===== ONNX SAVED at ./savemodel/0510_1219AM_MY_PDE/1000.onnx
"2023-05-10 00:20:27,591 [INFO] EPISODE 1000, LOSS 0.1650913804769516
"2023-05-10 00:20:27,857 [INFO] EPISODE 1010, LOSS 0.11088622361421585
"2023-05-10 00:20:28,119 [INFO] EPISODE 1020, LOSS 0.121055968105793
"2023-05-10 00:20:28,374 [INFO] EPISODE 1030, LOSS 0.15813055634498596
"2023-05-10 00:20:28,629 [INFO] EPISODE 1040, LOSS 0.08432547003030777
"2023-05-10 00:20:28,887 [INFO] EPISODE 1050, LOSS 0.2906845510005951
"2023-05-10 00:20:29,146 [INFO] EPISODE 1060, LOSS 0.1821610927581787
"2023-05-10 00:20:29,403 [INFO] EPISODE 1070, LOSS 0.3239152729511261
"2023-05-10 00:20:29,662 [INFO] EPISODE 1080, LOSS 0.23263776302337646
"2023-05-10 00:20:29,917 [INFO] EPISODE 1090, LOSS 0.15838830173015594
"2023-05-10 00:20:30,177 [INFO] EPISODE 1100, LOSS 0.1760222464799881
"2023-05-10 00:20:30,434 [INFO] EPISODE 1110, LOSS 0.1900222897529602
"2023-05-10 00:20:30,708 [INFO] EPISODE 1120, LOSS 0.15401044487953186
"2023-05-10 00:20:30,958 [INFO] EPISODE 1130, LOSS 0.178395077586174
"2023-05-10 00:20:31,332 [INFO] EPISODE 1140, LOSS 0.21291299164295197
"2023-05-10 00:20:31,586 [INFO] EPISODE 1150, LOSS 0.3199252188205719
"2023-05-10 00:20:31,847 [INFO] EPISODE 1160, LOSS 0.2136414647102356
"2023-05-10 00:20:32,111 [INFO] EPISODE 1170, LOSS 0.18670451641082764
"2023-05-10 00:20:32,373 [INFO] EPISODE 1180, LOSS 0.16919709742069244
"2023-05-10 00:20:32,648 [INFO] EPISODE 1190, LOSS 0.350401371717453
"2023-05-10 00:20:32,908 [INFO] EPISODE 1200, LOSS 0.07934238761663437
"2023-05-10 00:20:33,181 [INFO] EPISODE 1210, LOSS 0.09370825439691544
"2023-05-10 00:20:33,435 [INFO] EPISODE 1220, LOSS 0.19315801560878754
"2023-05-10 00:20:33,757 [INFO] EPISODE 1230, LOSS 0.10805848985910416
"2023-05-10 00:20:34,020 [INFO] EPISODE 1240, LOSS 0.16005642712116241
"2023-05-10 00:20:34,287 [INFO] EPISODE 1250, LOSS 0.1843688040971756
"2023-05-10 00:20:34,542 [INFO] EPISODE 1260, LOSS 0.11676251143217087
"2023-05-10 00:20:34,804 [INFO] EPISODE 1270, LOSS 0.2623886168003082
"2023-05-10 00:20:35,061 [INFO] EPISODE 1280, LOSS 0.13957981765270233
"2023-05-10 00:20:35,326 [INFO] EPISODE 1290, LOSS 0.18089182674884796
"2023-05-10 00:20:35,579 [INFO] EPISODE 1300, LOSS 0.14477938413619995
"2023-05-10 00:20:35,841 [INFO] EPISODE 1310, LOSS 0.2700282633304596
"2023-05-10 00:20:36,100 [INFO] EPISODE 1320, LOSS 0.1564469188451767
"2023-05-10 00:20:36,359 [INFO] EPISODE 1330, LOSS 0.20634859800338745
"2023-05-10 00:20:36,621 [INFO] EPISODE 1340, LOSS 0.31659170985221863
"2023-05-10 00:20:36,882 [INFO] EPISODE 1350, LOSS 0.17704583704471588
"2023-05-10 00:20:37,235 [INFO] EPISODE 1360, LOSS 0.1777195930480957
"2023-05-10 00:20:37,494 [INFO] EPISODE 1370, LOSS 0.1478491574525833
"2023-05-10 00:20:37,782 [INFO] EPISODE 1380, LOSS 0.15935136377811432
"2023-05-10 00:20:38,052 [INFO] EPISODE 1390, LOSS 0.18221841752529144
"2023-05-10 00:20:38,320 [INFO] EPISODE 1400, LOSS 0.16438065469264984
"2023-05-10 00:20:38,575 [INFO] EPISODE 1410, LOSS 0.09171339869499207
"2023-05-10 00:20:38,836 [INFO] EPISODE 1420, LOSS 0.09159626811742783
"2023-05-10 00:20:39,102 [INFO] EPISODE 1430, LOSS 0.13407954573631287
"2023-05-10 00:20:39,365 [INFO] EPISODE 1440, LOSS 0.14393343031406403
"2023-05-10 00:20:39,632 [INFO] EPISODE 1450, LOSS 0.21191668510437012
"2023-05-10 00:20:39,891 [INFO] EPISODE 1460, LOSS 0.15346573293209076
"2023-05-10 00:20:40,161 [INFO] EPISODE 1470, LOSS 0.11201208829879761
"2023-05-10 00:20:40,423 [INFO] EPISODE 1480, LOSS 0.16381478309631348
"2023-05-10 00:20:40,689 [INFO] EPISODE 1490, LOSS 0.13170970976352692
"2023-05-10 00:20:40,948 [INFO] EPISODE 1500, LOSS 0.13754071295261383
"2023-05-10 00:20:41,216 [INFO] EPISODE 1510, LOSS 0.11951043456792831
"2023-05-10 00:20:41,476 [INFO] EPISODE 1520, LOSS 0.1827601045370102
"2023-05-10 00:20:41,739 [INFO] EPISODE 1530, LOSS 0.17802391946315765
"2023-05-10 00:20:42,002 [INFO] EPISODE 1540, LOSS 0.22511368989944458
"2023-05-10 00:20:42,271 [INFO] EPISODE 1550, LOSS 0.23815099895000458
"2023-05-10 00:20:42,533 [INFO] EPISODE 1560, LOSS 0.10577108711004257
"2023-05-10 00:20:42,924 [INFO] EPISODE 1570, LOSS 0.15281887352466583
"2023-05-10 00:20:43,197 [INFO] EPISODE 1580, LOSS 0.11237853020429611
"2023-05-10 00:20:43,458 [INFO] EPISODE 1590, LOSS 0.18586979806423187
"2023-05-10 00:20:43,725 [INFO] EPISODE 1600, LOSS 0.08405613154172897
"2023-05-10 00:20:43,990 [INFO] EPISODE 1610, LOSS 0.09410593658685684
"2023-05-10 00:20:44,258 [INFO] EPISODE 1620, LOSS 0.1345965713262558
"2023-05-10 00:20:44,521 [INFO] EPISODE 1630, LOSS 0.17570453882217407
"2023-05-10 00:20:44,796 [INFO] EPISODE 1640, LOSS 0.2047949582338333
"2023-05-10 00:20:45,057 [INFO] EPISODE 1650, LOSS 0.17082206904888153
"2023-05-10 00:20:45,325 [INFO] EPISODE 1660, LOSS 0.1495979130268097
"2023-05-10 00:20:45,595 [INFO] EPISODE 1670, LOSS 0.2213536649942398
"2023-05-10 00:20:45,896 [INFO] EPISODE 1680, LOSS 0.10798874497413635
"2023-05-10 00:20:46,165 [INFO] EPISODE 1690, LOSS 0.09359381347894669
"2023-05-10 00:20:46,430 [INFO] EPISODE 1700, LOSS 0.15856952965259552
"2023-05-10 00:20:46,701 [INFO] EPISODE 1710, LOSS 0.24665550887584686
"2023-05-10 00:20:46,961 [INFO] EPISODE 1720, LOSS 0.25080257654190063
"2023-05-10 00:20:47,231 [INFO] EPISODE 1730, LOSS 0.18676604330539703
"2023-05-10 00:20:47,489 [INFO] EPISODE 1740, LOSS 0.1384299248456955
"2023-05-10 00:20:47,767 [INFO] EPISODE 1750, LOSS 0.2693244218826294
"2023-05-10 00:20:48,033 [INFO] EPISODE 1760, LOSS 0.20559974014759064
"2023-05-10 00:20:48,387 [INFO] EPISODE 1770, LOSS 0.18018829822540283
"2023-05-10 00:20:48,648 [INFO] EPISODE 1780, LOSS 0.09898782521486282
"2023-05-10 00:20:48,906 [INFO] EPISODE 1790, LOSS 0.1182795986533165
"2023-05-10 00:20:49,170 [INFO] EPISODE 1800, LOSS 0.18068653345108032
"2023-05-10 00:20:49,429 [INFO] EPISODE 1810, LOSS 0.14797405898571014
"2023-05-10 00:20:49,695 [INFO] EPISODE 1820, LOSS 0.10624092072248459
"2023-05-10 00:20:49,954 [INFO] EPISODE 1830, LOSS 0.1503077745437622
"2023-05-10 00:20:50,279 [INFO] EPISODE 1840, LOSS 0.0484795868396759
"2023-05-10 00:20:50,586 [INFO] EPISODE 1850, LOSS 0.13640792667865753
"2023-05-10 00:20:50,860 [INFO] EPISODE 1860, LOSS 0.0824548676609993
"2023-05-10 00:20:51,128 [INFO] EPISODE 1870, LOSS 0.10476332902908325
"2023-05-10 00:20:51,383 [INFO] EPISODE 1880, LOSS 0.1280660182237625
"2023-05-10 00:20:51,654 [INFO] EPISODE 1890, LOSS 0.14973853528499603
"2023-05-10 00:20:51,914 [INFO] EPISODE 1900, LOSS 0.16400711238384247
"2023-05-10 00:20:52,178 [INFO] EPISODE 1910, LOSS 0.13376952707767487
"2023-05-10 00:20:52,439 [INFO] EPISODE 1920, LOSS 0.1524040848016739
"2023-05-10 00:20:52,723 [INFO] EPISODE 1930, LOSS 0.12232768535614014
"2023-05-10 00:20:52,993 [INFO] EPISODE 1940, LOSS 0.2081749439239502
"2023-05-10 00:20:53,262 [INFO] EPISODE 1950, LOSS 0.1445157676935196
"2023-05-10 00:20:53,526 [INFO] EPISODE 1960, LOSS 0.23991595208644867
"2023-05-10 00:20:53,797 [INFO] EPISODE 1970, LOSS 0.07203719764947891
"2023-05-10 00:20:54,169 [INFO] EPISODE 1980, LOSS 0.18261782824993134
"2023-05-10 00:20:54,437 [INFO] EPISODE 1990, LOSS 0.08523163944482803
"2023-05-10 00:20:54,746 [INFO] ===== ONNX SAVED at ./savemodel/0510_1219AM_MY_PDE/2000.onnx
"2023-05-10 00:20:54,746 [INFO] EPISODE 2000, LOSS 0.2035176157951355
"2023-05-10 00:20:55,008 [INFO] EPISODE 2010, LOSS 0.10122782737016678
"2023-05-10 00:20:55,277 [INFO] EPISODE 2020, LOSS 0.15986979007720947
"2023-05-10 00:20:55,540 [INFO] EPISODE 2030, LOSS 0.1871047466993332
"2023-05-10 00:20:55,810 [INFO] EPISODE 2040, LOSS 0.19816835224628448
"2023-05-10 00:20:56,075 [INFO] EPISODE 2050, LOSS 0.14037005603313446
"2023-05-10 00:20:56,335 [INFO] EPISODE 2060, LOSS 0.0965656265616417
"2023-05-10 00:20:56,589 [INFO] EPISODE 2070, LOSS 0.16901423037052155
"2023-05-10 00:20:56,844 [INFO] EPISODE 2080, LOSS 0.19000087678432465
"2023-05-10 00:20:57,098 [INFO] EPISODE 2090, LOSS 0.1163797602057457
"2023-05-10 00:20:57,368 [INFO] EPISODE 2100, LOSS 0.2123979926109314
"2023-05-10 00:20:57,632 [INFO] EPISODE 2110, LOSS 0.20041464269161224
"2023-05-10 00:20:57,896 [INFO] EPISODE 2120, LOSS 0.10440199822187424
"2023-05-10 00:20:58,307 [INFO] EPISODE 2130, LOSS 0.1389930248260498
"2023-05-10 00:20:58,670 [INFO] EPISODE 2140, LOSS 0.19615699350833893
"2023-05-10 00:20:59,354 [INFO] EPISODE 2150, LOSS 0.1502690613269806
"2023-05-10 00:20:59,764 [INFO] EPISODE 2160, LOSS 0.13704578578472137
"2023-05-10 00:21:00,199 [INFO] EPISODE 2170, LOSS 0.13278217613697052
"2023-05-10 00:21:00,594 [INFO] EPISODE 2180, LOSS 0.11927803605794907
"2023-05-10 00:21:01,176 [INFO] EPISODE 2190, LOSS 0.23247887194156647
"2023-05-10 00:21:01,591 [INFO] EPISODE 2200, LOSS 0.22779101133346558
"2023-05-10 00:21:01,873 [INFO] EPISODE 2210, LOSS 0.20622658729553223
"2023-05-10 00:21:02,120 [INFO] EPISODE 2220, LOSS 0.2747955322265625
"2023-05-10 00:21:02,389 [INFO] EPISODE 2230, LOSS 0.14370061457157135
"2023-05-10 00:21:02,669 [INFO] EPISODE 2240, LOSS 0.12915997207164764
"2023-05-10 00:21:02,932 [INFO] EPISODE 2250, LOSS 0.07486288994550705
"2023-05-10 00:21:03,208 [INFO] EPISODE 2260, LOSS 0.12782509624958038
"2023-05-10 00:21:03,480 [INFO] EPISODE 2270, LOSS 0.09382522851228714
"2023-05-10 00:21:03,734 [INFO] EPISODE 2280, LOSS 0.1844942718744278
"2023-05-10 00:21:03,981 [INFO] EPISODE 2290, LOSS 0.1604905128479004
"2023-05-10 00:21:04,244 [INFO] EPISODE 2300, LOSS 0.2566233277320862
"2023-05-10 00:21:04,513 [INFO] EPISODE 2310, LOSS 0.14664554595947266
"2023-05-10 00:21:04,766 [INFO] EPISODE 2320, LOSS 0.1428089588880539
"2023-05-10 00:21:05,030 [INFO] EPISODE 2330, LOSS 0.12103221565485
"2023-05-10 00:21:05,297 [INFO] EPISODE 2340, LOSS 0.21589171886444092
"2023-05-10 00:21:05,568 [INFO] EPISODE 2350, LOSS 0.09309149533510208
"2023-05-10 00:21:05,891 [INFO] EPISODE 2360, LOSS 0.09040885418653488
"2023-05-10 00:21:06,167 [INFO] EPISODE 2370, LOSS 0.1887984424829483
"2023-05-10 00:21:06,369 [INFO] ===== ONNX SAVED at ./savemodel/0510_1219AM_MY_PDE/2372.onnx
"2023-05-10 00:21:06,455 [INFO] EPISODE 2380, LOSS 0.29292377829551697
"2023-05-10 00:21:06,805 [INFO] ===== ONNX SAVED at ./savemodel/0510_1219AM_MY_PDE/2390.onnx
"2023-05-10 00:21:06,806 [INFO] EPISODE 2390, LOSS 0.045878808945417404
"2023-05-10 00:21:07,181 [INFO] EPISODE 2400, LOSS 0.1363612413406372
"2023-05-10 00:21:07,499 [INFO] EPISODE 2410, LOSS 0.09251036494970322
"2023-05-10 00:21:07,904 [INFO] EPISODE 2420, LOSS 0.16311456263065338
"2023-05-10 00:21:08,164 [INFO] EPISODE 2430, LOSS 0.24380601942539215
"2023-05-10 00:21:08,438 [INFO] EPISODE 2440, LOSS 0.12087171524763107
"2023-05-10 00:21:08,698 [INFO] EPISODE 2450, LOSS 0.1725471019744873
"2023-05-10 00:21:08,987 [INFO] EPISODE 2460, LOSS 0.2590027153491974
"2023-05-10 00:21:09,349 [INFO] EPISODE 2470, LOSS 0.1693943738937378
"2023-05-10 00:21:09,677 [INFO] EPISODE 2480, LOSS 0.1906796544790268
"2023-05-10 00:21:09,987 [INFO] EPISODE 2490, LOSS 0.13072575628757477
"2023-05-10 00:21:10,300 [INFO] EPISODE 2500, LOSS 0.16825740039348602
"2023-05-10 00:21:10,548 [INFO] EPISODE 2510, LOSS 0.23974615335464478
"2023-05-10 00:21:10,829 [INFO] EPISODE 2520, LOSS 0.1414075493812561
"2023-05-10 00:21:11,107 [INFO] EPISODE 2530, LOSS 0.19045031070709229
"2023-05-10 00:21:11,381 [INFO] EPISODE 2540, LOSS 0.1313341110944748
"2023-05-10 00:21:11,652 [INFO] EPISODE 2550, LOSS 0.14961910247802734
"2023-05-10 00:21:11,916 [INFO] EPISODE 2560, LOSS 0.17692232131958008
"2023-05-10 00:21:12,188 [INFO] EPISODE 2570, LOSS 0.1913338452577591
"2023-05-10 00:21:12,440 [INFO] EPISODE 2580, LOSS 0.1190069243311882
"2023-05-10 00:21:12,695 [INFO] EPISODE 2590, LOSS 0.08462028950452805
"2023-05-10 00:21:12,946 [INFO] EPISODE 2600, LOSS 0.12550997734069824
"2023-05-10 00:21:13,202 [INFO] EPISODE 2610, LOSS 0.11410170048475266
"2023-05-10 00:21:13,386 [INFO] ===== ONNX SAVED at ./savemodel/0510_1219AM_MY_PDE/2611.onnx
"2023-05-10 00:21:13,470 [INFO] EPISODE 2620, LOSS 0.12221332639455795
"2023-05-10 00:21:13,716 [INFO] EPISODE 2630, LOSS 0.1277959942817688
"2023-05-10 00:21:13,976 [INFO] EPISODE 2640, LOSS 0.18991319835186005
"2023-05-10 00:21:14,323 [INFO] EPISODE 2650, LOSS 0.17846153676509857
"2023-05-10 00:21:14,602 [INFO] EPISODE 2660, LOSS 0.20213359594345093
"2023-05-10 00:21:14,991 [INFO] EPISODE 2670, LOSS 0.33732330799102783
"2023-05-10 00:21:15,282 [INFO] EPISODE 2680, LOSS 0.11289422959089279
"2023-05-10 00:21:15,528 [INFO] EPISODE 2690, LOSS 0.15613405406475067
"2023-05-10 00:21:15,803 [INFO] EPISODE 2700, LOSS 0.1330537348985672
"2023-05-10 00:21:16,063 [INFO] EPISODE 2710, LOSS 0.14165575802326202
"2023-05-10 00:21:16,323 [INFO] EPISODE 2720, LOSS 0.28433558344841003
"2023-05-10 00:21:16,592 [INFO] EPISODE 2730, LOSS 0.18099123239517212
"2023-05-10 00:21:16,859 [INFO] EPISODE 2740, LOSS 0.19004277884960175
"2023-05-10 00:21:17,108 [INFO] EPISODE 2750, LOSS 0.08853467553853989
"2023-05-10 00:21:17,368 [INFO] EPISODE 2760, LOSS 0.18214106559753418
"2023-05-10 00:21:17,636 [INFO] EPISODE 2770, LOSS 0.1508902758359909
"2023-05-10 00:21:17,887 [INFO] EPISODE 2780, LOSS 0.10012231022119522
"2023-05-10 00:21:18,147 [INFO] EPISODE 2790, LOSS 0.23982413113117218
"2023-05-10 00:21:18,426 [INFO] EPISODE 2800, LOSS 0.30351367592811584
"2023-05-10 00:21:18,687 [INFO] EPISODE 2810, LOSS 0.09612984210252762
"2023-05-10 00:21:18,948 [INFO] EPISODE 2820, LOSS 0.12579475343227386
"2023-05-10 00:21:19,210 [INFO] EPISODE 2830, LOSS 0.13988618552684784
"2023-05-10 00:21:19,472 [INFO] EPISODE 2840, LOSS 0.2555946111679077
"2023-05-10 00:21:19,724 [INFO] EPISODE 2850, LOSS 0.14712995290756226
"2023-05-10 00:21:19,976 [INFO] EPISODE 2860, LOSS 0.14348797500133514
"2023-05-10 00:21:20,359 [INFO] EPISODE 2870, LOSS 0.1379574090242386
"2023-05-10 00:21:20,782 [INFO] EPISODE 2880, LOSS 0.2515793740749359
"2023-05-10 00:21:21,158 [INFO] EPISODE 2890, LOSS 0.32145342230796814
"2023-05-10 00:21:21,448 [INFO] EPISODE 2900, LOSS 0.20679529011249542
"2023-05-10 00:21:21,715 [INFO] EPISODE 2910, LOSS 0.22197575867176056
"2023-05-10 00:21:21,970 [INFO] EPISODE 2920, LOSS 0.11266418546438217
"2023-05-10 00:21:22,243 [INFO] EPISODE 2930, LOSS 0.16110478341579437
"2023-05-10 00:21:22,507 [INFO] EPISODE 2940, LOSS 0.10958358645439148
"2023-05-10 00:21:22,768 [INFO] EPISODE 2950, LOSS 0.13557444512844086
"2023-05-10 00:21:23,018 [INFO] EPISODE 2960, LOSS 0.058090973645448685
"2023-05-10 00:21:23,262 [INFO] EPISODE 2970, LOSS 0.08348715305328369
"2023-05-10 00:21:23,512 [INFO] EPISODE 2980, LOSS 0.23670078814029694
"2023-05-10 00:21:23,752 [INFO] EPISODE 2990, LOSS 0.10738905519247055
"2023-05-10 00:21:24,030 [INFO] ===== ONNX SAVED at ./savemodel/0510_1219AM_MY_PDE/3000.onnx
"2023-05-10 00:21:24,030 [INFO] EPISODE 3000, LOSS 0.12321850657463074
"2023-05-10 00:21:24,269 [INFO] EPISODE 3010, LOSS 0.16329874098300934
"2023-05-10 00:21:24,591 [INFO] EPISODE 3020, LOSS 0.18973760306835175
"2023-05-10 00:21:24,866 [INFO] EPISODE 3030, LOSS 0.10075792670249939
"2023-05-10 00:21:25,173 [INFO] EPISODE 3040, LOSS 0.0566025972366333
"2023-05-10 00:21:25,458 [INFO] EPISODE 3050, LOSS 0.12009984999895096
"2023-05-10 00:21:25,778 [INFO] EPISODE 3060, LOSS 0.1540023684501648
"2023-05-10 00:21:26,063 [INFO] EPISODE 3070, LOSS 0.11341401934623718
"2023-05-10 00:21:26,344 [INFO] EPISODE 3080, LOSS 0.16741442680358887
"2023-05-10 00:21:26,616 [INFO] EPISODE 3090, LOSS 0.13526371121406555
"2023-05-10 00:21:26,988 [INFO] EPISODE 3100, LOSS 0.13159827888011932
"2023-05-10 00:21:27,263 [INFO] EPISODE 3110, LOSS 0.11460452526807785
"2023-05-10 00:21:27,563 [INFO] EPISODE 3120, LOSS 0.08145081251859665
"2023-05-10 00:21:27,854 [INFO] EPISODE 3130, LOSS 0.2237888127565384
"2023-05-10 00:21:28,216 [INFO] EPISODE 3140, LOSS 0.08537431806325912
"2023-05-10 00:21:28,490 [INFO] EPISODE 3150, LOSS 0.15265510976314545
"2023-05-10 00:21:28,754 [INFO] EPISODE 3160, LOSS 0.16692547500133514
"2023-05-10 00:21:29,013 [INFO] EPISODE 3170, LOSS 0.1696903258562088
"2023-05-10 00:21:29,286 [INFO] EPISODE 3180, LOSS 0.24139368534088135
"2023-05-10 00:21:29,564 [INFO] EPISODE 3190, LOSS 0.15435856580734253
"2023-05-10 00:21:29,817 [INFO] EPISODE 3200, LOSS 0.12060094624757767
"2023-05-10 00:21:30,079 [INFO] EPISODE 3210, LOSS 0.1013568863272667
"2023-05-10 00:21:30,344 [INFO] EPISODE 3220, LOSS 0.21467511355876923
"2023-05-10 00:21:30,624 [INFO] EPISODE 3230, LOSS 0.1027262881398201
"2023-05-10 00:21:30,964 [INFO] EPISODE 3240, LOSS 0.21833033859729767
"2023-05-10 00:21:31,232 [INFO] EPISODE 3250, LOSS 0.16634616255760193
"2023-05-10 00:21:31,484 [INFO] EPISODE 3260, LOSS 0.16647930443286896
"2023-05-10 00:21:31,745 [INFO] EPISODE 3270, LOSS 0.09034403413534164
"2023-05-10 00:21:31,998 [INFO] EPISODE 3280, LOSS 0.21670909225940704
"2023-05-10 00:21:32,250 [INFO] EPISODE 3290, LOSS 0.18049903213977814
"2023-05-10 00:21:32,494 [INFO] EPISODE 3300, LOSS 0.07958539575338364
"2023-05-10 00:21:32,845 [INFO] EPISODE 3310, LOSS 0.1918794959783554
"2023-05-10 00:21:33,112 [INFO] EPISODE 3320, LOSS 0.11606483906507492
"2023-05-10 00:21:33,453 [INFO] EPISODE 3330, LOSS 0.09908497333526611
"2023-05-10 00:21:33,905 [INFO] EPISODE 3340, LOSS 0.34196487069129944
"2023-05-10 00:21:34,232 [INFO] EPISODE 3350, LOSS 0.1513519138097763
"2023-05-10 00:21:34,701 [INFO] EPISODE 3360, LOSS 0.15244586765766144
"2023-05-10 00:21:35,369 [INFO] EPISODE 3370, LOSS 0.1556599885225296
"2023-05-10 00:21:35,665 [INFO] EPISODE 3380, LOSS 0.13693523406982422
"2023-05-10 00:21:35,988 [INFO] EPISODE 3390, LOSS 0.08268816024065018
"2023-05-10 00:21:36,373 [INFO] EPISODE 3400, LOSS 0.15268440544605255
"2023-05-10 00:21:36,671 [INFO] EPISODE 3410, LOSS 0.20784813165664673
"2023-05-10 00:21:36,958 [INFO] EPISODE 3420, LOSS 0.14483453333377838
"2023-05-10 00:21:37,209 [INFO] EPISODE 3430, LOSS 0.07400152832269669
"2023-05-10 00:21:37,483 [INFO] EPISODE 3440, LOSS 0.10072658210992813
"2023-05-10 00:21:37,775 [INFO] EPISODE 3450, LOSS 0.09993324428796768
"2023-05-10 00:21:38,083 [INFO] ===== ONNX SAVED at ./savemodel/0510_1219AM_MY_PDE/3458.onnx
"2023-05-10 00:21:38,121 [INFO] EPISODE 3460, LOSS 0.1128506064414978
"2023-05-10 00:21:38,551 [INFO] EPISODE 3470, LOSS 0.1263783872127533
"2023-05-10 00:21:38,865 [INFO] EPISODE 3480, LOSS 0.2395675927400589
"2023-05-10 00:21:39,129 [INFO] EPISODE 3490, LOSS 0.13416315615177155
"2023-05-10 00:21:39,407 [INFO] EPISODE 3500, LOSS 0.08731881529092789
"2023-05-10 00:21:39,831 [INFO] EPISODE 3510, LOSS 0.2002248764038086
"2023-05-10 00:21:40,114 [INFO] EPISODE 3520, LOSS 0.15185151994228363
"2023-05-10 00:21:40,440 [INFO] EPISODE 3530, LOSS 0.10755925625562668
"2023-05-10 00:21:40,751 [INFO] EPISODE 3540, LOSS 0.10950332134962082
"2023-05-10 00:21:41,052 [INFO] EPISODE 3550, LOSS 0.14059075713157654
"2023-05-10 00:21:41,336 [INFO] EPISODE 3560, LOSS 0.16450269520282745
"2023-05-10 00:21:41,609 [INFO] EPISODE 3570, LOSS 0.1623961180448532
"2023-05-10 00:21:41,943 [INFO] EPISODE 3580, LOSS 0.1462136059999466
"2023-05-10 00:21:42,242 [INFO] EPISODE 3590, LOSS 0.07023394852876663
"2023-05-10 00:21:42,523 [INFO] EPISODE 3600, LOSS 0.17935174703598022
"2023-05-10 00:21:42,805 [INFO] EPISODE 3610, LOSS 0.11566699296236038
"2023-05-10 00:21:43,113 [INFO] EPISODE 3620, LOSS 0.10604265332221985
"2023-05-10 00:21:43,554 [INFO] EPISODE 3630, LOSS 0.14915819466114044
"2023-05-10 00:21:43,866 [INFO] EPISODE 3640, LOSS 0.09385586529970169
"2023-05-10 00:21:44,132 [INFO] EPISODE 3650, LOSS 0.2417677789926529
"2023-05-10 00:21:44,392 [INFO] EPISODE 3660, LOSS 0.0634370967745781
"2023-05-10 00:21:44,648 [INFO] EPISODE 3670, LOSS 0.21177244186401367
"2023-05-10 00:21:44,927 [INFO] EPISODE 3680, LOSS 0.1222238838672638
"2023-05-10 00:21:45,218 [INFO] EPISODE 3690, LOSS 0.12148810178041458
"2023-05-10 00:21:45,506 [INFO] EPISODE 3700, LOSS 0.10165014863014221
"2023-05-10 00:21:45,815 [INFO] EPISODE 3710, LOSS 0.10011696815490723
"2023-05-10 00:21:46,214 [INFO] EPISODE 3720, LOSS 0.19719426333904266
"2023-05-10 00:21:46,497 [INFO] EPISODE 3730, LOSS 0.1394738405942917
"2023-05-10 00:21:46,770 [INFO] EPISODE 3740, LOSS 0.20171594619750977
"2023-05-10 00:21:47,081 [INFO] EPISODE 3750, LOSS 0.10179251432418823
"2023-05-10 00:21:47,374 [INFO] EPISODE 3760, LOSS 0.15312086045742035
"2023-05-10 00:21:47,628 [INFO] EPISODE 3770, LOSS 0.1062411367893219
"2023-05-10 00:21:47,894 [INFO] EPISODE 3780, LOSS 0.2964108884334564
"2023-05-10 00:21:48,153 [INFO] EPISODE 3790, LOSS 0.26682427525520325
"2023-05-10 00:21:48,420 [INFO] EPISODE 3800, LOSS 0.0987524464726448
"2023-05-10 00:21:48,713 [INFO] EPISODE 3810, LOSS 0.17213445901870728
"2023-05-10 00:21:49,025 [INFO] EPISODE 3820, LOSS 0.14801229536533356
"2023-05-10 00:21:49,318 [INFO] EPISODE 3830, LOSS 0.23559050261974335
"2023-05-10 00:21:49,615 [INFO] EPISODE 3840, LOSS 0.11662223935127258
"2023-05-10 00:21:49,896 [INFO] EPISODE 3850, LOSS 0.1376347690820694
"2023-05-10 00:21:50,156 [INFO] EPISODE 3860, LOSS 0.10784300416707993
"2023-05-10 00:21:50,421 [INFO] EPISODE 3870, LOSS 0.18623270094394684
"2023-05-10 00:21:50,695 [INFO] EPISODE 3880, LOSS 0.1902087926864624
"2023-05-10 00:21:51,047 [INFO] EPISODE 3890, LOSS 0.17574019730091095
"2023-05-10 00:21:51,336 [INFO] EPISODE 3900, LOSS 0.18393369019031525
"2023-05-10 00:21:51,603 [INFO] EPISODE 3910, LOSS 0.10727541893720627
"2023-05-10 00:21:52,201 [INFO] EPISODE 3920, LOSS 0.18619883060455322
"2023-05-10 00:21:52,757 [INFO] EPISODE 3930, LOSS 0.20651745796203613
"2023-05-10 00:21:53,105 [INFO] EPISODE 3940, LOSS 0.09034319967031479
"2023-05-10 00:21:53,523 [INFO] EPISODE 3950, LOSS 0.09989280253648758
"2023-05-10 00:21:53,931 [INFO] EPISODE 3960, LOSS 0.10442355275154114
"2023-05-10 00:21:54,429 [INFO] EPISODE 3970, LOSS 0.0413174144923687
"2023-05-10 00:21:54,884 [INFO] EPISODE 3980, LOSS 0.0573149211704731
"2023-05-10 00:21:55,364 [INFO] EPISODE 3990, LOSS 0.2177697867155075
"2023-05-10 00:21:55,848 [INFO] ===== ONNX SAVED at ./savemodel/0510_1219AM_MY_PDE/4000.onnx
"2023-05-10 00:21:55,848 [INFO] EPISODE 4000, LOSS 0.09009098261594772
"2023-05-10 00:21:56,248 [INFO] EPISODE 4010, LOSS 0.23633940517902374
"2023-05-10 00:21:56,542 [INFO] EPISODE 4020, LOSS 0.1695536971092224
"2023-05-10 00:21:56,831 [INFO] EPISODE 4030, LOSS 0.15824441611766815
"2023-05-10 00:21:57,108 [INFO] EPISODE 4040, LOSS 0.19414739310741425
"2023-05-10 00:21:57,404 [INFO] EPISODE 4050, LOSS 0.1018432006239891
"2023-05-10 00:21:57,791 [INFO] EPISODE 4060, LOSS 0.23289145529270172
"2023-05-10 00:21:58,196 [INFO] EPISODE 4070, LOSS 0.06151777133345604
"2023-05-10 00:21:58,549 [INFO] EPISODE 4080, LOSS 0.2244795560836792
"2023-05-10 00:21:58,910 [INFO] EPISODE 4090, LOSS 0.14662492275238037
"2023-05-10 00:21:59,246 [INFO] EPISODE 4100, LOSS 0.1285325288772583
"2023-05-10 00:21:59,531 [INFO] EPISODE 4110, LOSS 0.28707650303840637
"2023-05-10 00:21:59,943 [INFO] EPISODE 4120, LOSS 0.11541992425918579
"2023-05-10 00:22:00,369 [INFO] EPISODE 4130, LOSS 0.19393856823444366
"2023-05-10 00:22:00,807 [INFO] EPISODE 4140, LOSS 0.06518867611885071
"2023-05-10 00:22:01,122 [INFO] EPISODE 4150, LOSS 0.08293048292398453
"2023-05-10 00:22:01,386 [INFO] EPISODE 4160, LOSS 0.15551532804965973
"2023-05-10 00:22:01,695 [INFO] EPISODE 4170, LOSS 0.09664861112833023
"2023-05-10 00:22:02,007 [INFO] EPISODE 4180, LOSS 0.10767331719398499
"2023-05-10 00:22:02,352 [INFO] EPISODE 4190, LOSS 0.14844809472560883
"2023-05-10 00:22:02,898 [INFO] EPISODE 4200, LOSS 0.2630878984928131
"2023-05-10 00:22:03,376 [INFO] EPISODE 4210, LOSS 0.41620072722435
"2023-05-10 00:22:03,928 [INFO] EPISODE 4220, LOSS 0.16884474456310272
"2023-05-10 00:22:04,328 [INFO] EPISODE 4230, LOSS 0.10005416721105576
"2023-05-10 00:22:04,651 [INFO] EPISODE 4240, LOSS 0.13453568518161774
"2023-05-10 00:22:04,966 [INFO] EPISODE 4250, LOSS 0.08483334630727768
"2023-05-10 00:22:05,275 [INFO] EPISODE 4260, LOSS 0.12169479578733444
"2023-05-10 00:22:05,768 [INFO] EPISODE 4270, LOSS 0.11387404799461365
"2023-05-10 00:22:06,080 [INFO] EPISODE 4280, LOSS 0.12169713526964188
"2023-05-10 00:22:06,358 [INFO] EPISODE 4290, LOSS 0.138652041554451
"2023-05-10 00:22:06,640 [INFO] EPISODE 4300, LOSS 0.19064933061599731
"2023-05-10 00:22:06,938 [INFO] EPISODE 4310, LOSS 0.12555940449237823
"2023-05-10 00:22:07,221 [INFO] EPISODE 4320, LOSS 0.07264703512191772
"2023-05-10 00:22:07,506 [INFO] EPISODE 4330, LOSS 0.09907209128141403
"2023-05-10 00:22:07,845 [INFO] EPISODE 4340, LOSS 0.10906737297773361
"2023-05-10 00:22:08,187 [INFO] EPISODE 4350, LOSS 0.2747950255870819
"2023-05-10 00:22:09,099 [INFO] EPISODE 4360, LOSS 0.14309771358966827
"2023-05-10 00:22:10,147 [INFO] EPISODE 4370, LOSS 0.20673900842666626
"2023-05-10 00:22:10,618 [INFO] EPISODE 4380, LOSS 0.1691984385251999
"2023-05-10 00:22:11,189 [INFO] EPISODE 4390, LOSS 0.19110643863677979
"2023-05-10 00:22:11,888 [INFO] EPISODE 4400, LOSS 0.19957894086837769
"2023-05-10 00:22:12,225 [INFO] EPISODE 4410, LOSS 0.06795864552259445
"2023-05-10 00:22:12,544 [INFO] EPISODE 4420, LOSS 0.19156663119792938
"2023-05-10 00:22:12,846 [INFO] EPISODE 4430, LOSS 0.15027134120464325
"2023-05-10 00:22:13,141 [INFO] EPISODE 4440, LOSS 0.2248869091272354
"2023-05-10 00:22:13,421 [INFO] EPISODE 4450, LOSS 0.25885841250419617
"2023-05-10 00:22:13,828 [INFO] EPISODE 4460, LOSS 0.17570869624614716
"2023-05-10 00:22:14,197 [INFO] EPISODE 4470, LOSS 0.10355344414710999
"2023-05-10 00:22:14,623 [INFO] EPISODE 4480, LOSS 0.14673835039138794
"2023-05-10 00:22:15,011 [INFO] EPISODE 4490, LOSS 0.07443038374185562
"2023-05-10 00:22:15,270 [INFO] EPISODE 4500, LOSS 0.07497585564851761
"2023-05-10 00:22:15,524 [INFO] EPISODE 4510, LOSS 0.10863766074180603
"2023-05-10 00:22:15,781 [INFO] EPISODE 4520, LOSS 0.14608991146087646
"2023-05-10 00:22:16,038 [INFO] EPISODE 4530, LOSS 0.20579223334789276
"2023-05-10 00:22:16,309 [INFO] EPISODE 4540, LOSS 0.07107644528150558
"2023-05-10 00:22:16,569 [INFO] EPISODE 4550, LOSS 0.18917714059352875
"2023-05-10 00:22:16,828 [INFO] EPISODE 4560, LOSS 0.2889983654022217
"2023-05-10 00:22:17,087 [INFO] EPISODE 4570, LOSS 0.09317085891962051
"2023-05-10 00:22:17,338 [INFO] EPISODE 4580, LOSS 0.20169568061828613
"2023-05-10 00:22:17,718 [INFO] EPISODE 4590, LOSS 0.1277153640985489
"2023-05-10 00:22:17,987 [INFO] EPISODE 4600, LOSS 0.13830780982971191
"2023-05-10 00:22:18,237 [INFO] EPISODE 4610, LOSS 0.12482144683599472
"2023-05-10 00:22:18,482 [INFO] EPISODE 4620, LOSS 0.2441122978925705
"2023-05-10 00:22:18,729 [INFO] EPISODE 4630, LOSS 0.1305006891489029
"2023-05-10 00:22:18,985 [INFO] EPISODE 4640, LOSS 0.22675883769989014
"2023-05-10 00:22:19,233 [INFO] EPISODE 4650, LOSS 0.1306898295879364
"2023-05-10 00:22:19,480 [INFO] EPISODE 4660, LOSS 0.1959269791841507
"2023-05-10 00:22:19,743 [INFO] EPISODE 4670, LOSS 0.17436343431472778
"2023-05-10 00:22:19,994 [INFO] EPISODE 4680, LOSS 0.11999165266752243
"2023-05-10 00:22:20,241 [INFO] EPISODE 4690, LOSS 0.15728797018527985
"2023-05-10 00:22:20,493 [INFO] EPISODE 4700, LOSS 0.08274250477552414
"2023-05-10 00:22:20,746 [INFO] EPISODE 4710, LOSS 0.07855864614248276
"2023-05-10 00:22:20,991 [INFO] EPISODE 4720, LOSS 0.14072008430957794
"2023-05-10 00:22:21,267 [INFO] EPISODE 4730, LOSS 0.09394245594739914
"2023-05-10 00:22:21,570 [INFO] EPISODE 4740, LOSS 0.08518735319375992
"2023-05-10 00:22:21,893 [INFO] EPISODE 4750, LOSS 0.2660665512084961
"2023-05-10 00:22:22,200 [INFO] EPISODE 4760, LOSS 0.09641149640083313
"2023-05-10 00:22:22,482 [INFO] EPISODE 4770, LOSS 0.1797972172498703
"2023-05-10 00:22:22,736 [INFO] ===== ONNX SAVED at ./savemodel/0510_1219AM_MY_PDE/4772.onnx
"2023-05-10 00:22:22,842 [INFO] EPISODE 4780, LOSS 0.13301913440227509
"2023-05-10 00:22:23,130 [INFO] EPISODE 4790, LOSS 0.05008542910218239
"2023-05-10 00:22:23,427 [INFO] EPISODE 4800, LOSS 0.09135276079177856
"2023-05-10 00:22:23,722 [INFO] EPISODE 4810, LOSS 0.17542345821857452
"2023-05-10 00:22:23,989 [INFO] EPISODE 4820, LOSS 0.195418119430542
"2023-05-10 00:22:24,268 [INFO] EPISODE 4830, LOSS 0.1688169687986374
"2023-05-10 00:22:24,534 [INFO] EPISODE 4840, LOSS 0.21602582931518555
"2023-05-10 00:22:24,826 [INFO] EPISODE 4850, LOSS 0.0745161697268486
"2023-05-10 00:22:25,193 [INFO] EPISODE 4860, LOSS 0.1683453768491745
"2023-05-10 00:22:25,456 [INFO] EPISODE 4870, LOSS 0.07651972770690918
"2023-05-10 00:22:25,742 [INFO] EPISODE 4880, LOSS 0.23000556230545044
"2023-05-10 00:22:26,011 [INFO] EPISODE 4890, LOSS 0.15641260147094727
"2023-05-10 00:22:26,266 [INFO] EPISODE 4900, LOSS 0.16848349571228027
"2023-05-10 00:22:26,524 [INFO] EPISODE 4910, LOSS 0.1599903255701065
"2023-05-10 00:22:26,792 [INFO] EPISODE 4920, LOSS 0.07996497303247452
"2023-05-10 00:22:27,058 [INFO] EPISODE 4930, LOSS 0.12333142012357712
"2023-05-10 00:22:27,329 [INFO] EPISODE 4940, LOSS 0.17337125539779663
"2023-05-10 00:22:27,692 [INFO] EPISODE 4950, LOSS 0.1160103902220726
"2023-05-10 00:22:27,955 [INFO] EPISODE 4960, LOSS 0.0671934261918068
"2023-05-10 00:22:28,222 [INFO] EPISODE 4970, LOSS 0.16141964495182037
"2023-05-10 00:22:28,483 [INFO] EPISODE 4980, LOSS 0.10886227339506149
"2023-05-10 00:22:28,753 [INFO] EPISODE 4990, LOSS 0.21455083787441254
"2023-05-10 00:22:29,609 [INFO] ===== ONNX SAVED at ./savemodel/0510_1219AM_MY_PDE/5000.onnx
"2023-05-10 00:22:29,609 [INFO] EPISODE 5000, LOSS 0.20146207511425018
"2023-05-10 00:22:30,479 [INFO] EPISODE 5010, LOSS 0.15891745686531067
"2023-05-10 00:22:30,930 [INFO] EPISODE 5020, LOSS 0.05898508429527283
"2023-05-10 00:22:31,339 [INFO] EPISODE 5030, LOSS 0.3796444237232208
"2023-05-10 00:22:31,852 [INFO] EPISODE 5040, LOSS 0.1446963995695114
"2023-05-10 00:22:32,253 [INFO] EPISODE 5050, LOSS 0.1559114009141922
"2023-05-10 00:22:32,664 [INFO] EPISODE 5060, LOSS 0.1096087098121643
"2023-05-10 00:22:33,154 [INFO] EPISODE 5070, LOSS 0.17057865858078003
"2023-05-10 00:22:33,666 [INFO] EPISODE 5080, LOSS 0.13432438671588898
"2023-05-10 00:22:34,400 [INFO] EPISODE 5090, LOSS 0.27576205134391785
"2023-05-10 00:22:34,759 [INFO] EPISODE 5100, LOSS 0.16343125700950623
"2023-05-10 00:22:35,629 [INFO] EPISODE 5110, LOSS 0.24673877656459808
"2023-05-10 00:22:36,078 [INFO] EPISODE 5120, LOSS 0.13619138300418854
"2023-05-10 00:22:36,580 [INFO] EPISODE 5130, LOSS 0.11521971970796585
"2023-05-10 00:22:36,943 [INFO] EPISODE 5140, LOSS 0.10307370871305466
"2023-05-10 00:22:37,242 [INFO] EPISODE 5150, LOSS 0.14391948282718658
"2023-05-10 00:22:37,557 [INFO] EPISODE 5160, LOSS 0.16916505992412567
"2023-05-10 00:22:37,870 [INFO] EPISODE 5170, LOSS 0.09478192776441574
"2023-05-10 00:22:38,148 [INFO] EPISODE 5180, LOSS 0.111183762550354
"2023-05-10 00:22:38,437 [INFO] EPISODE 5190, LOSS 0.07991207391023636
"2023-05-10 00:22:38,710 [INFO] EPISODE 5200, LOSS 0.08486324548721313
"2023-05-10 00:22:38,995 [INFO] EPISODE 5210, LOSS 0.09367658942937851
"2023-05-10 00:22:39,268 [INFO] EPISODE 5220, LOSS 0.18813307583332062
"2023-05-10 00:22:39,542 [INFO] EPISODE 5230, LOSS 0.16607819497585297
"2023-05-10 00:22:39,807 [INFO] EPISODE 5240, LOSS 0.1047942116856575
"2023-05-10 00:22:40,112 [INFO] EPISODE 5250, LOSS 0.17989802360534668
"2023-05-10 00:22:40,405 [INFO] EPISODE 5260, LOSS 0.25159308314323425
"2023-05-10 00:22:40,707 [INFO] EPISODE 5270, LOSS 0.11979299783706665
"2023-05-10 00:22:40,979 [INFO] EPISODE 5280, LOSS 0.08283650875091553
"2023-05-10 00:22:41,264 [INFO] EPISODE 5290, LOSS 0.11235735565423965
"2023-05-10 00:22:41,750 [INFO] EPISODE 5300, LOSS 0.1275435984134674
"2023-05-10 00:22:42,076 [INFO] EPISODE 5310, LOSS 0.19642502069473267
"2023-05-10 00:22:42,445 [INFO] EPISODE 5320, LOSS 0.26271459460258484
"2023-05-10 00:22:42,735 [INFO] EPISODE 5330, LOSS 0.0968608632683754
"2023-05-10 00:22:43,037 [INFO] EPISODE 5340, LOSS 0.09191122651100159
"2023-05-10 00:22:43,440 [INFO] EPISODE 5350, LOSS 0.16469614207744598
"2023-05-10 00:22:43,983 [INFO] EPISODE 5360, LOSS 0.13521148264408112
"2023-05-10 00:22:44,404 [INFO] EPISODE 5370, LOSS 0.19909833371639252
"2023-05-10 00:22:44,855 [INFO] EPISODE 5380, LOSS 0.18690593540668488
"2023-05-10 00:22:45,358 [INFO] EPISODE 5390, LOSS 0.18045377731323242
"2023-05-10 00:22:45,821 [INFO] EPISODE 5400, LOSS 0.07969453185796738
"2023-05-10 00:22:46,230 [INFO] EPISODE 5410, LOSS 0.10736796259880066
"2023-05-10 00:22:46,659 [INFO] EPISODE 5420, LOSS 0.34913012385368347
"2023-05-10 00:22:47,043 [INFO] EPISODE 5430, LOSS 0.1680455058813095
"2023-05-10 00:22:47,351 [INFO] EPISODE 5440, LOSS 0.07336848229169846
"2023-05-10 00:22:47,677 [INFO] EPISODE 5450, LOSS 0.0931873545050621
"2023-05-10 00:22:48,083 [INFO] EPISODE 5460, LOSS 0.11800723522901535
"2023-05-10 00:22:48,397 [INFO] EPISODE 5470, LOSS 0.20584692060947418
"2023-05-10 00:22:48,744 [INFO] EPISODE 5480, LOSS 0.19675572216510773
"2023-05-10 00:22:49,302 [INFO] EPISODE 5490, LOSS 0.1647893339395523
"2023-05-10 00:22:49,908 [INFO] EPISODE 5500, LOSS 0.21364295482635498
"2023-05-10 00:22:50,431 [INFO] EPISODE 5510, LOSS 0.24941302835941315
"2023-05-10 00:22:50,938 [INFO] EPISODE 5520, LOSS 0.28676512837409973
"2023-05-10 00:22:51,530 [INFO] EPISODE 5530, LOSS 0.09740092605352402
"2023-05-10 00:22:51,928 [INFO] EPISODE 5540, LOSS 0.15027697384357452
"2023-05-10 00:22:52,396 [INFO] EPISODE 5550, LOSS 0.1508806347846985
"2023-05-10 00:22:52,791 [INFO] EPISODE 5560, LOSS 0.14833733439445496
"2023-05-10 00:22:53,131 [INFO] EPISODE 5570, LOSS 0.1592237651348114
"2023-05-10 00:22:53,482 [INFO] EPISODE 5580, LOSS 0.08954539149999619
"2023-05-10 00:22:53,928 [INFO] EPISODE 5590, LOSS 0.17830950021743774
"2023-05-10 00:22:54,338 [INFO] EPISODE 5600, LOSS 0.1917979121208191
"2023-05-10 00:22:55,135 [INFO] EPISODE 5610, LOSS 0.21181313693523407
"2023-05-10 00:22:55,542 [INFO] EPISODE 5620, LOSS 0.12581919133663177
"2023-05-10 00:22:55,967 [INFO] EPISODE 5630, LOSS 0.14227724075317383
"2023-05-10 00:22:56,332 [INFO] EPISODE 5640, LOSS 0.09607841819524765
"2023-05-10 00:22:56,714 [INFO] EPISODE 5650, LOSS 0.13890250027179718
"2023-05-10 00:22:57,075 [INFO] EPISODE 5660, LOSS 0.21657104790210724
"2023-05-10 00:22:57,547 [INFO] EPISODE 5670, LOSS 0.07035575062036514
"2023-05-10 00:22:58,288 [INFO] EPISODE 5680, LOSS 0.18041396141052246
"2023-05-10 00:22:58,598 [INFO] EPISODE 5690, LOSS 0.2437245398759842
"2023-05-10 00:22:59,024 [INFO] EPISODE 5700, LOSS 0.07881633192300797
"2023-05-10 00:22:59,511 [INFO] EPISODE 5710, LOSS 0.2514120936393738
"2023-05-10 00:22:59,876 [INFO] EPISODE 5720, LOSS 0.19571341574192047
"2023-05-10 00:23:00,232 [INFO] EPISODE 5730, LOSS 0.12234460562467575
"2023-05-10 00:23:00,717 [INFO] EPISODE 5740, LOSS 0.1410624384880066
"2023-05-10 00:23:01,658 [INFO] EPISODE 5750, LOSS 0.14201796054840088
"2023-05-10 00:23:03,558 [INFO] EPISODE 5760, LOSS 0.10141734033823013
"2023-05-10 00:23:04,765 [INFO] EPISODE 5770, LOSS 0.13720150291919708
"2023-05-10 00:23:05,396 [INFO] EPISODE 5780, LOSS 0.2036484330892563
"2023-05-10 00:23:05,860 [INFO] EPISODE 5790, LOSS 0.1939203292131424
"2023-05-10 00:23:06,316 [INFO] EPISODE 5800, LOSS 0.31127437949180603
"2023-05-10 00:23:06,828 [INFO] EPISODE 5810, LOSS 0.0987296998500824
"2023-05-10 00:23:07,239 [INFO] EPISODE 5820, LOSS 0.08606085926294327
"2023-05-10 00:23:07,569 [INFO] EPISODE 5830, LOSS 0.12083026766777039
"2023-05-10 00:23:08,302 [INFO] EPISODE 5840, LOSS 0.07197227329015732
"2023-05-10 00:23:08,699 [INFO] EPISODE 5850, LOSS 0.09233223646879196
"2023-05-10 00:23:09,067 [INFO] EPISODE 5860, LOSS 0.25196462869644165
"2023-05-10 00:23:09,457 [INFO] EPISODE 5870, LOSS 0.14547252655029297
"2023-05-10 00:23:09,808 [INFO] EPISODE 5880, LOSS 0.10098139196634293
"2023-05-10 00:23:10,132 [INFO] EPISODE 5890, LOSS 0.0601566918194294
"2023-05-10 00:23:10,499 [INFO] EPISODE 5900, LOSS 0.13403762876987457
"2023-05-10 00:23:10,921 [INFO] EPISODE 5910, LOSS 0.0620146244764328
"2023-05-10 00:23:11,296 [INFO] EPISODE 5920, LOSS 0.07152586430311203
"2023-05-10 00:23:11,568 [INFO] EPISODE 5930, LOSS 0.14138101041316986
"2023-05-10 00:23:11,845 [INFO] EPISODE 5940, LOSS 0.0671563521027565
"2023-05-10 00:23:12,121 [INFO] EPISODE 5950, LOSS 0.11425486952066422
"2023-05-10 00:23:12,420 [INFO] EPISODE 5960, LOSS 0.1342637538909912
"2023-05-10 00:23:12,702 [INFO] EPISODE 5970, LOSS 0.2578725814819336
"2023-05-10 00:23:13,006 [INFO] EPISODE 5980, LOSS 0.31248316168785095
"2023-05-10 00:23:13,388 [INFO] EPISODE 5990, LOSS 0.10936599969863892
"2023-05-10 00:23:13,735 [INFO] ===== ONNX SAVED at ./savemodel/0510_1219AM_MY_PDE/6000.onnx
"2023-05-10 00:23:13,736 [INFO] EPISODE 6000, LOSS 0.1771569699048996
"2023-05-10 00:23:14,032 [INFO] EPISODE 6010, LOSS 0.11600091308355331
"2023-05-10 00:23:14,299 [INFO] EPISODE 6020, LOSS 0.08644464612007141
"2023-05-10 00:23:14,602 [INFO] EPISODE 6030, LOSS 0.24333935976028442
"2023-05-10 00:23:14,869 [INFO] EPISODE 6040, LOSS 0.13656480610370636
"2023-05-10 00:23:15,135 [INFO] EPISODE 6050, LOSS 0.21718059480190277
"2023-05-10 00:23:15,425 [INFO] EPISODE 6060, LOSS 0.18714642524719238
"2023-05-10 00:23:15,805 [INFO] EPISODE 6070, LOSS 0.12838847935199738
"2023-05-10 00:23:16,087 [INFO] EPISODE 6080, LOSS 0.3220650255680084
"2023-05-10 00:23:16,379 [INFO] EPISODE 6090, LOSS 0.06134377419948578
"2023-05-10 00:23:16,680 [INFO] EPISODE 6100, LOSS 0.20041130483150482
"2023-05-10 00:23:16,971 [INFO] EPISODE 6110, LOSS 0.23125363886356354
"2023-05-10 00:23:17,245 [INFO] EPISODE 6120, LOSS 0.1794128268957138
"2023-05-10 00:23:17,569 [INFO] EPISODE 6130, LOSS 0.1380643993616104
"2023-05-10 00:23:17,903 [INFO] EPISODE 6140, LOSS 0.11449193954467773
"2023-05-10 00:23:18,390 [INFO] EPISODE 6150, LOSS 0.10770078748464584
"2023-05-10 00:23:18,666 [INFO] EPISODE 6160, LOSS 0.11059147864580154
"2023-05-10 00:23:18,923 [INFO] EPISODE 6170, LOSS 0.08976397663354874
"2023-05-10 00:23:19,192 [INFO] EPISODE 6180, LOSS 0.09691601246595383
"2023-05-10 00:23:19,626 [INFO] EPISODE 6190, LOSS 0.12930959463119507
"2023-05-10 00:23:20,409 [INFO] EPISODE 6200, LOSS 0.0755762979388237
"2023-05-10 00:23:20,939 [INFO] EPISODE 6210, LOSS 0.14291147887706757
"2023-05-10 00:23:21,247 [INFO] EPISODE 6220, LOSS 0.2433752864599228
"2023-05-10 00:23:21,601 [INFO] EPISODE 6230, LOSS 0.14425012469291687
"2023-05-10 00:23:21,886 [INFO] EPISODE 6240, LOSS 0.09802087396383286
"2023-05-10 00:23:22,135 [INFO] EPISODE 6250, LOSS 0.09769804030656815
"2023-05-10 00:23:22,429 [INFO] EPISODE 6260, LOSS 0.17968802154064178
"2023-05-10 00:23:22,761 [INFO] EPISODE 6270, LOSS 0.2530726492404938
"2023-05-10 00:23:23,148 [INFO] EPISODE 6280, LOSS 0.15871401131153107
"2023-05-10 00:23:23,426 [INFO] EPISODE 6290, LOSS 0.12139517813920975
"2023-05-10 00:23:23,761 [INFO] EPISODE 6300, LOSS 0.1065109595656395
"2023-05-10 00:23:24,130 [INFO] EPISODE 6310, LOSS 0.10140368342399597
"2023-05-10 00:23:24,411 [INFO] EPISODE 6320, LOSS 0.15474407374858856
"2023-05-10 00:23:24,679 [INFO] EPISODE 6330, LOSS 0.1432696282863617
"2023-05-10 00:23:25,006 [INFO] EPISODE 6340, LOSS 0.15305961668491364
"2023-05-10 00:23:25,404 [INFO] EPISODE 6350, LOSS 0.10350493341684341
"2023-05-10 00:23:25,784 [INFO] EPISODE 6360, LOSS 0.1438058614730835
"2023-05-10 00:23:26,110 [INFO] EPISODE 6370, LOSS 0.1136944591999054
"2023-05-10 00:23:26,393 [INFO] EPISODE 6380, LOSS 0.2706737816333771
"2023-05-10 00:23:26,741 [INFO] EPISODE 6390, LOSS 0.09320059418678284
"2023-05-10 00:23:27,074 [INFO] EPISODE 6400, LOSS 0.2697981894016266
"2023-05-10 00:23:27,431 [INFO] EPISODE 6410, LOSS 0.08529087156057358
"2023-05-10 00:23:27,799 [INFO] EPISODE 6420, LOSS 0.18280057609081268
"2023-05-10 00:23:28,140 [INFO] EPISODE 6430, LOSS 0.060341060161590576
"2023-05-10 00:23:28,488 [INFO] EPISODE 6440, LOSS 0.10403796285390854
"2023-05-10 00:23:28,749 [INFO] EPISODE 6450, LOSS 0.07705236226320267
"2023-05-10 00:23:29,118 [INFO] EPISODE 6460, LOSS 0.1273035854101181
"2023-05-10 00:23:29,438 [INFO] EPISODE 6470, LOSS 0.18176425993442535
"2023-05-10 00:23:29,704 [INFO] EPISODE 6480, LOSS 0.12643922865390778
"2023-05-10 00:23:30,047 [INFO] EPISODE 6490, LOSS 0.25949975848197937
"2023-05-10 00:23:30,554 [INFO] EPISODE 6500, LOSS 0.13264131546020508
"2023-05-10 00:23:31,040 [INFO] EPISODE 6510, LOSS 0.0904359519481659
"2023-05-10 00:23:31,543 [INFO] EPISODE 6520, LOSS 0.18649625778198242
"2023-05-10 00:23:31,810 [INFO] EPISODE 6530, LOSS 0.1710786670446396
"2023-05-10 00:23:32,084 [INFO] EPISODE 6540, LOSS 0.13954906165599823
"2023-05-10 00:23:32,338 [INFO] EPISODE 6550, LOSS 0.10921765118837357
"2023-05-10 00:23:32,600 [INFO] EPISODE 6560, LOSS 0.10975313931703568
"2023-05-10 00:23:32,874 [INFO] EPISODE 6570, LOSS 0.1305750161409378
"2023-05-10 00:23:33,198 [INFO] EPISODE 6580, LOSS 0.055405598133802414
"2023-05-10 00:23:33,456 [INFO] EPISODE 6590, LOSS 0.08188022673130035
"2023-05-10 00:23:33,713 [INFO] EPISODE 6600, LOSS 0.06204425171017647
"2023-05-10 00:23:33,969 [INFO] EPISODE 6610, LOSS 0.1470998227596283
"2023-05-10 00:23:34,266 [INFO] EPISODE 6620, LOSS 0.12651020288467407
"2023-05-10 00:23:34,518 [INFO] EPISODE 6630, LOSS 0.12213299423456192
"2023-05-10 00:23:34,810 [INFO] EPISODE 6640, LOSS 0.10465937107801437
"2023-05-10 00:23:35,348 [INFO] EPISODE 6650, LOSS 0.13093802332878113
"2023-05-10 00:23:35,657 [INFO] EPISODE 6660, LOSS 0.23965305089950562
"2023-05-10 00:23:35,991 [INFO] EPISODE 6670, LOSS 0.09651053696870804
"2023-05-10 00:23:36,343 [INFO] EPISODE 6680, LOSS 0.17161302268505096
"2023-05-10 00:23:36,916 [INFO] EPISODE 6690, LOSS 0.14516779780387878
"2023-05-10 00:23:37,329 [INFO] EPISODE 6700, LOSS 0.1540907770395279
"2023-05-10 00:23:37,629 [INFO] EPISODE 6710, LOSS 0.061526820063591
"2023-05-10 00:23:37,953 [INFO] EPISODE 6720, LOSS 0.07238242775201797
"2023-05-10 00:23:38,384 [INFO] EPISODE 6730, LOSS 0.05286383628845215
"2023-05-10 00:23:38,714 [INFO] EPISODE 6740, LOSS 0.24345910549163818
"2023-05-10 00:23:39,059 [INFO] EPISODE 6750, LOSS 0.20092223584651947
"2023-05-10 00:23:39,313 [INFO] EPISODE 6760, LOSS 0.1592952162027359
"2023-05-10 00:23:39,592 [INFO] EPISODE 6770, LOSS 0.12983927130699158
"2023-05-10 00:23:39,917 [INFO] EPISODE 6780, LOSS 0.1510447859764099
"2023-05-10 00:23:40,171 [INFO] EPISODE 6790, LOSS 0.11414804309606552
"2023-05-10 00:23:40,429 [INFO] EPISODE 6800, LOSS 0.12741899490356445
"2023-05-10 00:23:40,778 [INFO] EPISODE 6810, LOSS 0.1370200216770172
"2023-05-10 00:23:41,079 [INFO] EPISODE 6820, LOSS 0.12502913177013397
"2023-05-10 00:23:41,332 [INFO] EPISODE 6830, LOSS 0.24669142067432404
"2023-05-10 00:23:41,814 [INFO] EPISODE 6840, LOSS 0.11939647048711777
"2023-05-10 00:23:42,086 [INFO] EPISODE 6850, LOSS 0.19829626381397247
"2023-05-10 00:23:42,434 [INFO] EPISODE 6860, LOSS 0.1919603943824768
"2023-05-10 00:23:42,742 [INFO] EPISODE 6870, LOSS 0.0727911964058876
"2023-05-10 00:23:43,085 [INFO] EPISODE 6880, LOSS 0.13605445623397827
"2023-05-10 00:23:43,399 [INFO] EPISODE 6890, LOSS 0.21344129741191864
"2023-05-10 00:23:43,836 [INFO] EPISODE 6900, LOSS 0.1547117531299591
"2023-05-10 00:23:44,151 [INFO] EPISODE 6910, LOSS 0.2885623574256897
"2023-05-10 00:23:44,446 [INFO] EPISODE 6920, LOSS 0.09225405007600784
"2023-05-10 00:23:44,757 [INFO] EPISODE 6930, LOSS 0.13302119076251984
"2023-05-10 00:23:45,640 [INFO] EPISODE 6940, LOSS 0.12110976129770279
"2023-05-10 00:23:46,491 [INFO] EPISODE 6950, LOSS 0.29248249530792236
"2023-05-10 00:23:47,170 [INFO] EPISODE 6960, LOSS 0.1957302689552307
"2023-05-10 00:23:47,425 [INFO] EPISODE 6970, LOSS 0.1883041262626648
"2023-05-10 00:23:47,682 [INFO] EPISODE 6980, LOSS 0.12241685390472412
"2023-05-10 00:23:48,125 [INFO] EPISODE 6990, LOSS 0.22660547494888306
"2023-05-10 00:23:48,566 [INFO] ===== ONNX SAVED at ./savemodel/0510_1219AM_MY_PDE/7000.onnx
"2023-05-10 00:23:48,566 [INFO] EPISODE 7000, LOSS 0.11854138970375061
"2023-05-10 00:23:49,001 [INFO] EPISODE 7010, LOSS 0.17518740892410278
"2023-05-10 00:23:49,385 [INFO] EPISODE 7020, LOSS 0.18445976078510284
"2023-05-10 00:23:49,891 [INFO] EPISODE 7030, LOSS 0.09477082639932632
"2023-05-10 00:23:50,370 [INFO] EPISODE 7040, LOSS 0.09585509449243546
"2023-05-10 00:23:50,788 [INFO] EPISODE 7050, LOSS 0.1481270045042038
"2023-05-10 00:23:51,158 [INFO] EPISODE 7060, LOSS 0.12602142989635468
"2023-05-10 00:23:51,573 [INFO] EPISODE 7070, LOSS 0.09235306829214096
"2023-05-10 00:23:51,944 [INFO] EPISODE 7080, LOSS 0.18182848393917084
"2023-05-10 00:23:52,321 [INFO] EPISODE 7090, LOSS 0.09191495925188065
"2023-05-10 00:23:52,706 [INFO] EPISODE 7100, LOSS 0.07927890121936798
"2023-05-10 00:23:53,047 [INFO] EPISODE 7110, LOSS 0.26499757170677185
"2023-05-10 00:23:53,310 [INFO] EPISODE 7120, LOSS 0.1538175791501999
"2023-05-10 00:23:53,684 [INFO] EPISODE 7130, LOSS 0.11008968204259872
"2023-05-10 00:23:54,034 [INFO] EPISODE 7140, LOSS 0.1076589822769165
"2023-05-10 00:23:54,358 [INFO] EPISODE 7150, LOSS 0.09174875169992447
"2023-05-10 00:23:54,854 [INFO] EPISODE 7160, LOSS 0.1180950179696083
"2023-05-10 00:23:55,231 [INFO] EPISODE 7170, LOSS 0.13740067183971405
"2023-05-10 00:23:56,458 [INFO] EPISODE 7180, LOSS 0.1492985635995865
"2023-05-10 00:23:57,168 [INFO] EPISODE 7190, LOSS 0.24866606295108795
"2023-05-10 00:23:57,507 [INFO] EPISODE 7200, LOSS 0.11697220802307129
"2023-05-10 00:23:57,825 [INFO] EPISODE 7210, LOSS 0.12020900100469589
"2023-05-10 00:23:58,256 [INFO] EPISODE 7220, LOSS 0.11798754334449768
"2023-05-10 00:23:58,625 [INFO] EPISODE 7230, LOSS 0.14344504475593567
"2023-05-10 00:23:58,956 [INFO] EPISODE 7240, LOSS 0.06259599328041077
"2023-05-10 00:23:59,294 [INFO] EPISODE 7250, LOSS 0.2686457335948944
"2023-05-10 00:23:59,629 [INFO] EPISODE 7260, LOSS 0.25224897265434265
"2023-05-10 00:23:59,982 [INFO] EPISODE 7270, LOSS 0.2110116332769394
"2023-05-10 00:24:00,564 [INFO] EPISODE 7280, LOSS 0.0722600668668747
"2023-05-10 00:24:00,881 [INFO] EPISODE 7290, LOSS 0.0898110643029213
"2023-05-10 00:24:01,167 [INFO] EPISODE 7300, LOSS 0.1122327670454979
"2023-05-10 00:24:01,538 [INFO] EPISODE 7310, LOSS 0.22862951457500458
"2023-05-10 00:24:01,834 [INFO] EPISODE 7320, LOSS 0.08586180955171585
"2023-05-10 00:24:02,135 [INFO] EPISODE 7330, LOSS 0.14785026013851166
"2023-05-10 00:24:02,404 [INFO] EPISODE 7340, LOSS 0.09145301580429077
"2023-05-10 00:24:02,734 [INFO] EPISODE 7350, LOSS 0.12606997787952423
"2023-05-10 00:24:03,183 [INFO] EPISODE 7360, LOSS 0.16315138339996338
"2023-05-10 00:24:03,533 [INFO] EPISODE 7370, LOSS 0.09790802001953125
"2023-05-10 00:24:03,961 [INFO] EPISODE 7380, LOSS 0.13661910593509674
"2023-05-10 00:24:04,425 [INFO] EPISODE 7390, LOSS 0.13628260791301727
"2023-05-10 00:24:04,680 [INFO] EPISODE 7400, LOSS 0.120433509349823
"2023-05-10 00:24:04,943 [INFO] EPISODE 7410, LOSS 0.10265759378671646
"2023-05-10 00:24:05,222 [INFO] EPISODE 7420, LOSS 0.21348077058792114
"2023-05-10 00:24:05,484 [INFO] EPISODE 7430, LOSS 0.13777123391628265
"2023-05-10 00:24:05,749 [INFO] EPISODE 7440, LOSS 0.12655533850193024
"2023-05-10 00:24:06,100 [INFO] EPISODE 7450, LOSS 0.09714940935373306
"2023-05-10 00:24:06,570 [INFO] EPISODE 7460, LOSS 0.14035843312740326
"2023-05-10 00:24:07,024 [INFO] EPISODE 7470, LOSS 0.1307138353586197
"2023-05-10 00:24:07,390 [INFO] EPISODE 7480, LOSS 0.10404029488563538
"2023-05-10 00:24:07,713 [INFO] EPISODE 7490, LOSS 0.18333721160888672
"2023-05-10 00:24:08,065 [INFO] EPISODE 7500, LOSS 0.12964670360088348
"2023-05-10 00:24:08,551 [INFO] EPISODE 7510, LOSS 0.08678928017616272
"2023-05-10 00:24:08,985 [INFO] EPISODE 7520, LOSS 0.16139473021030426
"2023-05-10 00:24:09,418 [INFO] EPISODE 7530, LOSS 0.1280299872159958
"2023-05-10 00:24:09,725 [INFO] EPISODE 7540, LOSS 0.20405644178390503
"2023-05-10 00:24:09,987 [INFO] EPISODE 7550, LOSS 0.16538609564304352
"2023-05-10 00:24:10,464 [INFO] EPISODE 7560, LOSS 0.09046515077352524
"2023-05-10 00:24:10,782 [INFO] EPISODE 7570, LOSS 0.11489015817642212
"2023-05-10 00:24:11,054 [INFO] EPISODE 7580, LOSS 0.19484692811965942
"2023-05-10 00:24:11,350 [INFO] EPISODE 7590, LOSS 0.2888936400413513
"2023-05-10 00:24:11,609 [INFO] EPISODE 7600, LOSS 0.1585809737443924
"2023-05-10 00:24:11,881 [INFO] EPISODE 7610, LOSS 0.09052518010139465
"2023-05-10 00:24:12,219 [INFO] EPISODE 7620, LOSS 0.09790799021720886
"2023-05-10 00:24:12,560 [INFO] EPISODE 7630, LOSS 0.14084623754024506
"2023-05-10 00:24:12,829 [INFO] EPISODE 7640, LOSS 0.08815450221300125
"2023-05-10 00:24:13,107 [INFO] EPISODE 7650, LOSS 0.23871900141239166
"2023-05-10 00:24:13,398 [INFO] EPISODE 7660, LOSS 0.21834446489810944
"2023-05-10 00:24:13,731 [INFO] EPISODE 7670, LOSS 0.11962459236383438
"2023-05-10 00:24:14,027 [INFO] EPISODE 7680, LOSS 0.1539486199617386
"2023-05-10 00:24:14,311 [INFO] EPISODE 7690, LOSS 0.13685815036296844
"2023-05-10 00:24:14,614 [INFO] EPISODE 7700, LOSS 0.14971335232257843
"2023-05-10 00:24:15,067 [INFO] EPISODE 7710, LOSS 0.12336032837629318
"2023-05-10 00:24:15,485 [INFO] EPISODE 7720, LOSS 0.2476329356431961
"2023-05-10 00:24:15,788 [INFO] EPISODE 7730, LOSS 0.10038956254720688
"2023-05-10 00:24:16,050 [INFO] EPISODE 7740, LOSS 0.1388392150402069
"2023-05-10 00:24:16,337 [INFO] EPISODE 7750, LOSS 0.21197091042995453
"2023-05-10 00:24:16,659 [INFO] EPISODE 7760, LOSS 0.13092416524887085
"2023-05-10 00:24:16,918 [INFO] EPISODE 7770, LOSS 0.13147149980068207
"2023-05-10 00:24:17,186 [INFO] EPISODE 7780, LOSS 0.13292475044727325
"2023-05-10 00:24:17,446 [INFO] EPISODE 7790, LOSS 0.19583147764205933
"2023-05-10 00:24:17,711 [INFO] EPISODE 7800, LOSS 0.2799188196659088
"2023-05-10 00:24:18,042 [INFO] EPISODE 7810, LOSS 0.17095649242401123
"2023-05-10 00:24:18,315 [INFO] EPISODE 7820, LOSS 0.11213851720094681
"2023-05-10 00:24:18,639 [INFO] EPISODE 7830, LOSS 0.19707612693309784
"2023-05-10 00:24:18,961 [INFO] EPISODE 7840, LOSS 0.0934438407421112
"2023-05-10 00:24:19,304 [INFO] EPISODE 7850, LOSS 0.11230030655860901
"2023-05-10 00:24:19,595 [INFO] EPISODE 7860, LOSS 0.2461131364107132
"2023-05-10 00:24:19,931 [INFO] EPISODE 7870, LOSS 0.10429283231496811
"2023-05-10 00:24:20,213 [INFO] EPISODE 7880, LOSS 0.09014656394720078
"2023-05-10 00:24:20,533 [INFO] EPISODE 7890, LOSS 0.15443260967731476
"2023-05-10 00:24:21,002 [INFO] EPISODE 7900, LOSS 0.19823454320430756
"2023-05-10 00:24:21,417 [INFO] EPISODE 7910, LOSS 0.1324283331632614
"2023-05-10 00:24:21,692 [INFO] EPISODE 7920, LOSS 0.11788374930620193
"2023-05-10 00:24:21,953 [INFO] EPISODE 7930, LOSS 0.04779943823814392
"2023-05-10 00:24:22,275 [INFO] EPISODE 7940, LOSS 0.12051128596067429
"2023-05-10 00:24:22,533 [INFO] EPISODE 7950, LOSS 0.11459774523973465
"2023-05-10 00:24:22,811 [INFO] EPISODE 7960, LOSS 0.11629531532526016
"2023-05-10 00:24:23,074 [INFO] EPISODE 7970, LOSS 0.11721226572990417
"2023-05-10 00:24:23,598 [INFO] EPISODE 7980, LOSS 0.17073394358158112
"2023-05-10 00:24:23,867 [INFO] EPISODE 7990, LOSS 0.1819220930337906
"2023-05-10 00:24:24,173 [INFO] ===== ONNX SAVED at ./savemodel/0510_1219AM_MY_PDE/8000.onnx
"2023-05-10 00:24:24,175 [INFO] EPISODE 8000, LOSS 0.19702380895614624
"2023-05-10 00:24:24,846 [INFO] EPISODE 8010, LOSS 0.1270332783460617
"2023-05-10 00:24:25,516 [INFO] EPISODE 8020, LOSS 0.08305572718381882
"2023-05-10 00:24:26,108 [INFO] EPISODE 8030, LOSS 0.06553389877080917
"2023-05-10 00:24:26,376 [INFO] EPISODE 8040, LOSS 0.09502091258764267
"2023-05-10 00:24:26,714 [INFO] EPISODE 8050, LOSS 0.08454445749521255
"2023-05-10 00:24:27,003 [INFO] EPISODE 8060, LOSS 0.08555125445127487
"2023-05-10 00:24:27,277 [INFO] EPISODE 8070, LOSS 0.09108064323663712
"2023-05-10 00:24:27,615 [INFO] EPISODE 8080, LOSS 0.08167342096567154
"2023-05-10 00:24:27,898 [INFO] EPISODE 8090, LOSS 0.2090499848127365
"2023-05-10 00:24:28,295 [INFO] EPISODE 8100, LOSS 0.06877318769693375
"2023-05-10 00:24:28,558 [INFO] EPISODE 8110, LOSS 0.07677030563354492
"2023-05-10 00:24:28,897 [INFO] EPISODE 8120, LOSS 0.08671898394823074
"2023-05-10 00:24:29,172 [INFO] EPISODE 8130, LOSS 0.12241876870393753
"2023-05-10 00:24:29,463 [INFO] EPISODE 8140, LOSS 0.13773712515830994
"2023-05-10 00:24:29,724 [INFO] EPISODE 8150, LOSS 0.24295322597026825
"2023-05-10 00:24:29,989 [INFO] EPISODE 8160, LOSS 0.15603487193584442
"2023-05-10 00:24:30,300 [INFO] EPISODE 8170, LOSS 0.11903146654367447
"2023-05-10 00:24:30,574 [INFO] EPISODE 8180, LOSS 0.09624262899160385
"2023-05-10 00:24:30,880 [INFO] EPISODE 8190, LOSS 0.08408623933792114
"2023-05-10 00:24:31,272 [INFO] EPISODE 8200, LOSS 0.11978280544281006
"2023-05-10 00:24:31,534 [INFO] EPISODE 8210, LOSS 0.17889510095119476
"2023-05-10 00:24:31,784 [INFO] EPISODE 8220, LOSS 0.1296607106924057
"2023-05-10 00:24:32,072 [INFO] EPISODE 8230, LOSS 0.11079257726669312
"2023-05-10 00:24:32,335 [INFO] EPISODE 8240, LOSS 0.07707219570875168
"2023-05-10 00:24:32,630 [INFO] EPISODE 8250, LOSS 0.08102020621299744
"2023-05-10 00:24:33,021 [INFO] EPISODE 8260, LOSS 0.16091234982013702
"2023-05-10 00:24:33,357 [INFO] EPISODE 8270, LOSS 0.1777692288160324
"2023-05-10 00:24:33,702 [INFO] EPISODE 8280, LOSS 0.1495106965303421
"2023-05-10 00:24:34,035 [INFO] EPISODE 8290, LOSS 0.08904654532670975
"2023-05-10 00:24:34,302 [INFO] EPISODE 8300, LOSS 0.15479156374931335
"2023-05-10 00:24:34,727 [INFO] EPISODE 8310, LOSS 0.07770741730928421
"2023-05-10 00:24:35,263 [INFO] EPISODE 8320, LOSS 0.06002424284815788
"2023-05-10 00:24:35,578 [INFO] EPISODE 8330, LOSS 0.0942244902253151
"2023-05-10 00:24:35,934 [INFO] EPISODE 8340, LOSS 0.18681128323078156
"2023-05-10 00:24:36,391 [INFO] EPISODE 8350, LOSS 0.10567160695791245
"2023-05-10 00:24:36,687 [INFO] EPISODE 8360, LOSS 0.1262957900762558
"2023-05-10 00:24:36,946 [INFO] EPISODE 8370, LOSS 0.09244094043970108
"2023-05-10 00:24:37,199 [INFO] EPISODE 8380, LOSS 0.14964228868484497
"2023-05-10 00:24:37,498 [INFO] EPISODE 8390, LOSS 0.147232785820961
"2023-05-10 00:24:37,781 [INFO] EPISODE 8400, LOSS 0.19663949310779572
"2023-05-10 00:24:38,143 [INFO] EPISODE 8410, LOSS 0.15570922195911407
"2023-05-10 00:24:38,435 [INFO] EPISODE 8420, LOSS 0.13181312382221222
"2023-05-10 00:24:38,719 [INFO] EPISODE 8430, LOSS 0.2047339826822281
"2023-05-10 00:24:39,055 [INFO] EPISODE 8440, LOSS 0.14433464407920837
"2023-05-10 00:24:39,336 [INFO] EPISODE 8450, LOSS 0.11880824714899063
"2023-05-10 00:24:39,617 [INFO] EPISODE 8460, LOSS 0.16433218121528625
"2023-05-10 00:24:39,941 [INFO] EPISODE 8470, LOSS 0.157008096575737
"2023-05-10 00:24:40,212 [INFO] EPISODE 8480, LOSS 0.375646710395813
"2023-05-10 00:24:40,568 [INFO] EPISODE 8490, LOSS 0.14340466260910034
"2023-05-10 00:24:41,000 [INFO] EPISODE 8500, LOSS 0.1286557912826538
"2023-05-10 00:24:41,326 [INFO] EPISODE 8510, LOSS 0.12596818804740906
"2023-05-10 00:24:41,727 [INFO] EPISODE 8520, LOSS 0.1304597556591034
"2023-05-10 00:24:42,274 [INFO] EPISODE 8530, LOSS 0.3217954635620117
"2023-05-10 00:24:42,595 [INFO] EPISODE 8540, LOSS 0.13564613461494446
"2023-05-10 00:24:42,885 [INFO] EPISODE 8550, LOSS 0.200150728225708
"2023-05-10 00:24:43,467 [INFO] EPISODE 8560, LOSS 0.1323288083076477
"2023-05-10 00:24:43,790 [INFO] EPISODE 8570, LOSS 0.08456331491470337
"2023-05-10 00:24:44,145 [INFO] EPISODE 8580, LOSS 0.16482017934322357
"2023-05-10 00:24:44,444 [INFO] EPISODE 8590, LOSS 0.16268610954284668
"2023-05-10 00:24:44,761 [INFO] EPISODE 8600, LOSS 0.1664009392261505
"2023-05-10 00:24:45,049 [INFO] EPISODE 8610, LOSS 0.1040424332022667
"2023-05-10 00:24:45,342 [INFO] EPISODE 8620, LOSS 0.1493833065032959
"2023-05-10 00:24:45,596 [INFO] EPISODE 8630, LOSS 0.11397808790206909
"2023-05-10 00:24:45,862 [INFO] EPISODE 8640, LOSS 0.19166654348373413
"2023-05-10 00:24:46,145 [INFO] EPISODE 8650, LOSS 0.1090807393193245
"2023-05-10 00:24:46,545 [INFO] EPISODE 8660, LOSS 0.06884824484586716
"2023-05-10 00:24:46,838 [INFO] EPISODE 8670, LOSS 0.23698502779006958
"2023-05-10 00:24:47,099 [INFO] EPISODE 8680, LOSS 0.14769414067268372
"2023-05-10 00:24:47,405 [INFO] EPISODE 8690, LOSS 0.2704479694366455
"2023-05-10 00:24:47,660 [INFO] EPISODE 8700, LOSS 0.09583572298288345
"2023-05-10 00:24:47,990 [INFO] EPISODE 8710, LOSS 0.13952432572841644
"2023-05-10 00:24:48,328 [INFO] EPISODE 8720, LOSS 0.1171155795454979
"2023-05-10 00:24:48,628 [INFO] EPISODE 8730, LOSS 0.12484859675168991
"2023-05-10 00:24:48,951 [INFO] EPISODE 8740, LOSS 0.13030387461185455
"2023-05-10 00:24:49,293 [INFO] EPISODE 8750, LOSS 0.07607535272836685
"2023-05-10 00:24:49,604 [INFO] EPISODE 8760, LOSS 0.17478793859481812
"2023-05-10 00:24:49,930 [INFO] EPISODE 8770, LOSS 0.1262982338666916
"2023-05-10 00:24:50,358 [INFO] EPISODE 8780, LOSS 0.09240016341209412
"2023-05-10 00:24:50,812 [INFO] EPISODE 8790, LOSS 0.1163703128695488
"2023-05-10 00:24:51,095 [INFO] EPISODE 8800, LOSS 0.2840435802936554
"2023-05-10 00:24:51,376 [INFO] EPISODE 8810, LOSS 0.23346282541751862
"2023-05-10 00:24:51,710 [INFO] EPISODE 8820, LOSS 0.06073537468910217
"2023-05-10 00:24:52,017 [INFO] EPISODE 8830, LOSS 0.11418066173791885
"2023-05-10 00:24:52,301 [INFO] EPISODE 8840, LOSS 0.18418748676776886
"2023-05-10 00:24:52,594 [INFO] EPISODE 8850, LOSS 0.18209196627140045
"2023-05-10 00:24:52,872 [INFO] EPISODE 8860, LOSS 0.23066043853759766
"2023-05-10 00:24:53,320 [INFO] EPISODE 8870, LOSS 0.16792529821395874
"2023-05-10 00:24:53,758 [INFO] EPISODE 8880, LOSS 0.31714603304862976
"2023-05-10 00:24:54,016 [INFO] EPISODE 8890, LOSS 0.1436561942100525
"2023-05-10 00:24:54,299 [INFO] EPISODE 8900, LOSS 0.13517166674137115
"2023-05-10 00:24:54,580 [INFO] ===== ONNX SAVED at ./savemodel/0510_1219AM_MY_PDE/8909.onnx
"2023-05-10 00:24:54,590 [INFO] EPISODE 8910, LOSS 0.2890537977218628
"2023-05-10 00:24:54,845 [INFO] EPISODE 8920, LOSS 0.16471470892429352
"2023-05-10 00:24:55,130 [INFO] EPISODE 8930, LOSS 0.10688182711601257
"2023-05-10 00:24:55,391 [INFO] EPISODE 8940, LOSS 0.05545680597424507
"2023-05-10 00:24:55,716 [INFO] EPISODE 8950, LOSS 0.18950986862182617
"2023-05-10 00:24:55,985 [INFO] EPISODE 8960, LOSS 0.17678676545619965
"2023-05-10 00:24:56,246 [INFO] EPISODE 8970, LOSS 0.08014317601919174
"2023-05-10 00:24:56,615 [INFO] EPISODE 8980, LOSS 0.08782752603292465
"2023-05-10 00:24:56,949 [INFO] EPISODE 8990, LOSS 0.13383930921554565
"2023-05-10 00:24:57,249 [INFO] ===== ONNX SAVED at ./savemodel/0510_1219AM_MY_PDE/9000.onnx
"2023-05-10 00:24:57,249 [INFO] EPISODE 9000, LOSS 0.1365240067243576
"2023-05-10 00:24:57,629 [INFO] EPISODE 9010, LOSS 0.08628764748573303
"2023-05-10 00:24:57,897 [INFO] EPISODE 9020, LOSS 0.10916480422019958
"2023-05-10 00:24:58,213 [INFO] EPISODE 9030, LOSS 0.1682516485452652
"2023-05-10 00:24:58,468 [INFO] EPISODE 9040, LOSS 0.13607527315616608
"2023-05-10 00:24:58,748 [INFO] EPISODE 9050, LOSS 0.14035457372665405
"2023-05-10 00:24:59,163 [INFO] EPISODE 9060, LOSS 0.13875934481620789
"2023-05-10 00:24:59,421 [INFO] EPISODE 9070, LOSS 0.14040499925613403
"2023-05-10 00:24:59,675 [INFO] EPISODE 9080, LOSS 0.15936464071273804
"2023-05-10 00:24:59,923 [INFO] EPISODE 9090, LOSS 0.10844779759645462
"2023-05-10 00:25:00,196 [INFO] EPISODE 9100, LOSS 0.12931345403194427
"2023-05-10 00:25:00,462 [INFO] EPISODE 9110, LOSS 0.09634416550397873
"2023-05-10 00:25:00,763 [INFO] EPISODE 9120, LOSS 0.07914759963750839
"2023-05-10 00:25:01,010 [INFO] EPISODE 9130, LOSS 0.15570081770420074
"2023-05-10 00:25:01,292 [INFO] EPISODE 9140, LOSS 0.06631114333868027
"2023-05-10 00:25:01,626 [INFO] EPISODE 9150, LOSS 0.09247434884309769
"2023-05-10 00:25:02,349 [INFO] EPISODE 9160, LOSS 0.040193285793066025
"2023-05-10 00:25:03,103 [INFO] EPISODE 9170, LOSS 0.24491550028324127
"2023-05-10 00:25:03,435 [INFO] EPISODE 9180, LOSS 0.17549210786819458
"2023-05-10 00:25:03,690 [INFO] EPISODE 9190, LOSS 0.1337396204471588
"2023-05-10 00:25:03,956 [INFO] EPISODE 9200, LOSS 0.19316118955612183
"2023-05-10 00:25:04,270 [INFO] EPISODE 9210, LOSS 0.2420029491186142
"2023-05-10 00:25:04,653 [INFO] EPISODE 9220, LOSS 0.20794594287872314
"2023-05-10 00:25:04,922 [INFO] EPISODE 9230, LOSS 0.15817900002002716
"2023-05-10 00:25:05,271 [INFO] EPISODE 9240, LOSS 0.13962429761886597
"2023-05-10 00:25:05,534 [INFO] EPISODE 9250, LOSS 0.17480921745300293
"2023-05-10 00:25:05,823 [INFO] EPISODE 9260, LOSS 0.17773950099945068
"2023-05-10 00:25:06,199 [INFO] EPISODE 9270, LOSS 0.17232190072536469
"2023-05-10 00:25:06,525 [INFO] EPISODE 9280, LOSS 0.18163423240184784
"2023-05-10 00:25:06,786 [INFO] EPISODE 9290, LOSS 0.10847720503807068
"2023-05-10 00:25:07,043 [INFO] EPISODE 9300, LOSS 0.12636567652225494
"2023-05-10 00:25:07,369 [INFO] EPISODE 9310, LOSS 0.10893542319536209
"2023-05-10 00:25:07,806 [INFO] EPISODE 9320, LOSS 0.09441188722848892
"2023-05-10 00:25:08,380 [INFO] EPISODE 9330, LOSS 0.06978211551904678
"2023-05-10 00:25:08,707 [INFO] EPISODE 9340, LOSS 0.10650929808616638
"2023-05-10 00:25:08,966 [INFO] EPISODE 9350, LOSS 0.11415281891822815
"2023-05-10 00:25:09,244 [INFO] EPISODE 9360, LOSS 0.167649045586586
"2023-05-10 00:25:09,507 [INFO] EPISODE 9370, LOSS 0.1326407492160797
"2023-05-10 00:25:09,766 [INFO] EPISODE 9380, LOSS 0.12530748546123505
"2023-05-10 00:25:10,092 [INFO] EPISODE 9390, LOSS 0.07776127010583878
"2023-05-10 00:25:10,447 [INFO] EPISODE 9400, LOSS 0.18627534806728363
"2023-05-10 00:25:10,702 [INFO] EPISODE 9410, LOSS 0.11533776670694351
"2023-05-10 00:25:10,975 [INFO] EPISODE 9420, LOSS 0.09061936289072037
"2023-05-10 00:25:11,232 [INFO] EPISODE 9430, LOSS 0.07821200042963028
"2023-05-10 00:25:11,551 [INFO] EPISODE 9440, LOSS 0.11955014616250992
"2023-05-10 00:25:11,807 [INFO] EPISODE 9450, LOSS 0.13239562511444092
"2023-05-10 00:25:12,062 [INFO] EPISODE 9460, LOSS 0.05441945791244507
"2023-05-10 00:25:12,352 [INFO] EPISODE 9470, LOSS 0.29015758633613586
"2023-05-10 00:25:12,661 [INFO] EPISODE 9480, LOSS 0.2250232696533203
"2023-05-10 00:25:13,063 [INFO] EPISODE 9490, LOSS 0.10116246342658997
"2023-05-10 00:25:13,400 [INFO] EPISODE 9500, LOSS 0.0717042088508606
"2023-05-10 00:25:13,743 [INFO] EPISODE 9510, LOSS 0.08842592686414719
"2023-05-10 00:25:14,123 [INFO] EPISODE 9520, LOSS 0.2280869036912918
"2023-05-10 00:25:14,499 [INFO] EPISODE 9530, LOSS 0.19848042726516724
"2023-05-10 00:25:14,801 [INFO] EPISODE 9540, LOSS 0.1348748356103897
"2023-05-10 00:25:15,123 [INFO] EPISODE 9550, LOSS 0.12186950445175171
"2023-05-10 00:25:15,392 [INFO] EPISODE 9560, LOSS 0.08574075251817703
"2023-05-10 00:25:15,658 [INFO] EPISODE 9570, LOSS 0.12383335828781128
"2023-05-10 00:25:15,986 [INFO] EPISODE 9580, LOSS 0.18354593217372894
"2023-05-10 00:25:16,247 [INFO] EPISODE 9590, LOSS 0.11364356428384781
"2023-05-10 00:25:16,641 [INFO] EPISODE 9600, LOSS 0.25610658526420593
"2023-05-10 00:25:17,037 [INFO] EPISODE 9610, LOSS 0.08012387901544571
"2023-05-10 00:25:17,382 [INFO] EPISODE 9620, LOSS 0.1646157056093216
"2023-05-10 00:25:17,711 [INFO] EPISODE 9630, LOSS 0.17304496467113495
"2023-05-10 00:25:18,119 [INFO] EPISODE 9640, LOSS 0.16624020040035248
"2023-05-10 00:25:18,495 [INFO] EPISODE 9650, LOSS 0.23842157423496246
"2023-05-10 00:25:18,794 [INFO] EPISODE 9660, LOSS 0.23643271625041962
"2023-05-10 00:25:19,101 [INFO] EPISODE 9670, LOSS 0.11602862924337387
"2023-05-10 00:25:19,481 [INFO] EPISODE 9680, LOSS 0.10559023171663284
"2023-05-10 00:25:19,792 [INFO] EPISODE 9690, LOSS 0.1676580160856247
"2023-05-10 00:25:20,124 [INFO] EPISODE 9700, LOSS 0.053514689207077026
"2023-05-10 00:25:20,515 [INFO] EPISODE 9710, LOSS 0.07795501500368118
"2023-05-10 00:25:20,829 [INFO] EPISODE 9720, LOSS 0.08146358281373978
"2023-05-10 00:25:21,328 [INFO] EPISODE 9730, LOSS 0.08551767468452454
"2023-05-10 00:25:21,633 [INFO] EPISODE 9740, LOSS 0.09431925415992737
"2023-05-10 00:25:21,966 [INFO] EPISODE 9750, LOSS 0.09364790469408035
"2023-05-10 00:25:22,232 [INFO] EPISODE 9760, LOSS 0.1302754133939743
"2023-05-10 00:25:22,492 [INFO] EPISODE 9770, LOSS 0.1293187439441681
"2023-05-10 00:25:22,791 [INFO] EPISODE 9780, LOSS 0.07278013229370117
"2023-05-10 00:25:23,130 [INFO] EPISODE 9790, LOSS 0.1236969530582428
"2023-05-10 00:25:23,394 [INFO] EPISODE 9800, LOSS 0.11251343041658401
"2023-05-10 00:25:23,653 [INFO] EPISODE 9810, LOSS 0.06592825800180435
"2023-05-10 00:25:23,918 [INFO] EPISODE 9820, LOSS 0.11158708482980728
"2023-05-10 00:25:24,189 [INFO] EPISODE 9830, LOSS 0.11075428873300552
"2023-05-10 00:25:24,634 [INFO] EPISODE 9840, LOSS 0.171220064163208
"2023-05-10 00:25:25,108 [INFO] EPISODE 9850, LOSS 0.1412101536989212
"2023-05-10 00:25:25,621 [INFO] EPISODE 9860, LOSS 0.08272413164377213
"2023-05-10 00:25:25,883 [INFO] EPISODE 9870, LOSS 0.07193946093320847
"2023-05-10 00:25:26,206 [INFO] EPISODE 9880, LOSS 0.12182605266571045
"2023-05-10 00:25:26,519 [INFO] EPISODE 9890, LOSS 0.12937206029891968
"2023-05-10 00:25:26,867 [INFO] EPISODE 9900, LOSS 0.09340228885412216
"2023-05-10 00:25:27,148 [INFO] EPISODE 9910, LOSS 0.1488787978887558
"2023-05-10 00:25:27,473 [INFO] EPISODE 9920, LOSS 0.17089276015758514
"2023-05-10 00:25:27,746 [INFO] EPISODE 9930, LOSS 0.08321162313222885
"2023-05-10 00:25:28,038 [INFO] EPISODE 9940, LOSS 0.15556220710277557
"2023-05-10 00:25:28,383 [INFO] EPISODE 9950, LOSS 0.06572022289037704
"2023-05-10 00:25:28,784 [INFO] EPISODE 9960, LOSS 0.10298219323158264
"2023-05-10 00:25:29,068 [INFO] EPISODE 9970, LOSS 0.15917088091373444
"2023-05-10 00:25:29,683 [INFO] EPISODE 9980, LOSS 0.07477810978889465
"2023-05-10 00:25:30,065 [INFO] EPISODE 9990, LOSS 0.08216196298599243
"2023-05-10 00:25:30,360 [INFO] train finished. 
final loss: 0.17253024876117706
"2023-05-10 00:25:30,413 [INFO] ===== ONNX SAVED at ./savemodel/0510_1219AM_MY_PDE/FINAL10000.onnx
