"2023-05-10 19:26:03,940 [INFO] Reporter Initialized!
"2023-05-10 19:26:03,940 [INFO] Reporter LEVEL: info
"2023-05-10 19:26:03,940 [INFO] ***** SPECIAL COMMENT *****
"2023-05-10 19:26:03,940 [INFO]      Trained with myPDE, G, Again with save onnx per 10; 128 nodes
"2023-05-10 19:26:03,940 [INFO] Using random data
"2023-05-10 19:26:05,073 [INFO] None
"2023-05-10 19:26:05,073 [INFO] Device(cuda) is working for train
"2023-05-10 19:26:05,073 [INFO] Train Started
"2023-05-10 19:26:05,089 [INFO] ===== ONNX SAVED at ./savemodel/0510_0726PM_MY_PDE/0.onnx
"2023-05-10 19:26:05,089 [INFO] ===== Saved non-trained network
"2023-05-10 19:26:05,089 [INFO] EPISODE 0, LOSS 3.08724308013916
"2023-05-10 19:26:05,313 [INFO] ===== ONNX SAVED at ./savemodel/0510_0726PM_MY_PDE/2.onnx
"2023-05-10 19:26:05,325 [INFO] ===== ONNX SAVED at ./savemodel/0510_0726PM_MY_PDE/7.onnx
"2023-05-10 19:26:05,334 [INFO] ===== ONNX SAVED at ./savemodel/0510_0726PM_MY_PDE/10.onnx
"2023-05-10 19:26:05,334 [INFO] EPISODE 10, LOSS 4.651381492614746
"2023-05-10 19:26:05,389 [INFO] ===== ONNX SAVED at ./savemodel/0510_0726PM_MY_PDE/13.onnx
"2023-05-10 19:26:05,402 [INFO] ===== ONNX SAVED at ./savemodel/0510_0726PM_MY_PDE/20.onnx
"2023-05-10 19:26:05,402 [INFO] EPISODE 20, LOSS 1.735337257385254
"2023-05-10 19:26:05,463 [INFO] ===== ONNX SAVED at ./savemodel/0510_0726PM_MY_PDE/25.onnx
"2023-05-10 19:26:05,470 [INFO] ===== ONNX SAVED at ./savemodel/0510_0726PM_MY_PDE/27.onnx
"2023-05-10 19:26:05,479 [INFO] ===== ONNX SAVED at ./savemodel/0510_0726PM_MY_PDE/30.onnx
"2023-05-10 19:26:05,479 [INFO] EPISODE 30, LOSS 1.7874149084091187
"2023-05-10 19:26:05,537 [INFO] ===== ONNX SAVED at ./savemodel/0510_0726PM_MY_PDE/33.onnx
"2023-05-10 19:26:05,546 [INFO] ===== ONNX SAVED at ./savemodel/0510_0726PM_MY_PDE/36.onnx
"2023-05-10 19:26:05,552 [INFO] ===== ONNX SAVED at ./savemodel/0510_0726PM_MY_PDE/37.onnx
"2023-05-10 19:26:05,561 [INFO] ===== ONNX SAVED at ./savemodel/0510_0726PM_MY_PDE/40.onnx
"2023-05-10 19:26:05,561 [INFO] EPISODE 40, LOSS 0.816487729549408
"2023-05-10 19:26:05,619 [INFO] ===== ONNX SAVED at ./savemodel/0510_0726PM_MY_PDE/44.onnx
"2023-05-10 19:26:05,628 [INFO] ===== ONNX SAVED at ./savemodel/0510_0726PM_MY_PDE/47.onnx
"2023-05-10 19:26:05,637 [INFO] ===== ONNX SAVED at ./savemodel/0510_0726PM_MY_PDE/50.onnx
"2023-05-10 19:26:05,637 [INFO] EPISODE 50, LOSS 0.712355375289917
"2023-05-10 19:26:05,698 [INFO] ===== ONNX SAVED at ./savemodel/0510_0726PM_MY_PDE/60.onnx
"2023-05-10 19:26:05,698 [INFO] EPISODE 60, LOSS 0.3630756735801697
"2023-05-10 19:26:05,753 [INFO] ===== ONNX SAVED at ./savemodel/0510_0726PM_MY_PDE/61.onnx
"2023-05-10 19:26:05,770 [INFO] ===== ONNX SAVED at ./savemodel/0510_0726PM_MY_PDE/67.onnx
"2023-05-10 19:26:05,779 [INFO] ===== ONNX SAVED at ./savemodel/0510_0726PM_MY_PDE/70.onnx
"2023-05-10 19:26:05,779 [INFO] EPISODE 70, LOSS 0.37572261691093445
"2023-05-10 19:26:05,838 [INFO] ===== ONNX SAVED at ./savemodel/0510_0726PM_MY_PDE/73.onnx
"2023-05-10 19:26:05,850 [INFO] ===== ONNX SAVED at ./savemodel/0510_0726PM_MY_PDE/78.onnx
"2023-05-10 19:26:05,858 [INFO] ===== ONNX SAVED at ./savemodel/0510_0726PM_MY_PDE/80.onnx
"2023-05-10 19:26:05,858 [INFO] EPISODE 80, LOSS 0.3782196044921875
"2023-05-10 19:26:05,912 [INFO] ===== ONNX SAVED at ./savemodel/0510_0726PM_MY_PDE/81.onnx
"2023-05-10 19:26:05,920 [INFO] ===== ONNX SAVED at ./savemodel/0510_0726PM_MY_PDE/83.onnx
"2023-05-10 19:26:05,937 [INFO] ===== ONNX SAVED at ./savemodel/0510_0726PM_MY_PDE/90.onnx
"2023-05-10 19:26:05,937 [INFO] EPISODE 90, LOSS 0.12979823350906372
"2023-05-10 19:26:05,994 [INFO] ===== ONNX SAVED at ./savemodel/0510_0726PM_MY_PDE/96.onnx
"2023-05-10 19:26:06,005 [INFO] ===== ONNX SAVED at ./savemodel/0510_0726PM_MY_PDE/100.onnx
"2023-05-10 19:26:06,005 [INFO] EPISODE 100, LOSS 0.12115542590618134
"2023-05-10 19:26:06,057 [INFO] ===== ONNX SAVED at ./savemodel/0510_0726PM_MY_PDE/101.onnx
"2023-05-10 19:26:06,068 [INFO] ===== ONNX SAVED at ./savemodel/0510_0726PM_MY_PDE/104.onnx
"2023-05-10 19:26:06,080 [INFO] ===== ONNX SAVED at ./savemodel/0510_0726PM_MY_PDE/106.onnx
"2023-05-10 19:26:06,090 [INFO] ===== ONNX SAVED at ./savemodel/0510_0726PM_MY_PDE/110.onnx
"2023-05-10 19:26:06,090 [INFO] EPISODE 110, LOSS 0.06056862324476242
"2023-05-10 19:26:06,152 [INFO] ===== ONNX SAVED at ./savemodel/0510_0726PM_MY_PDE/120.onnx
"2023-05-10 19:26:06,152 [INFO] EPISODE 120, LOSS 0.06925240159034729
"2023-05-10 19:26:06,213 [INFO] ===== ONNX SAVED at ./savemodel/0510_0726PM_MY_PDE/130.onnx
"2023-05-10 19:26:06,213 [INFO] EPISODE 130, LOSS 0.15572485327720642
"2023-05-10 19:26:06,267 [INFO] ===== ONNX SAVED at ./savemodel/0510_0726PM_MY_PDE/132.onnx
"2023-05-10 19:26:06,275 [INFO] ===== ONNX SAVED at ./savemodel/0510_0726PM_MY_PDE/135.onnx
"2023-05-10 19:26:06,285 [INFO] ===== ONNX SAVED at ./savemodel/0510_0726PM_MY_PDE/139.onnx
"2023-05-10 19:26:06,291 [INFO] ===== ONNX SAVED at ./savemodel/0510_0726PM_MY_PDE/140.onnx
"2023-05-10 19:26:06,291 [INFO] EPISODE 140, LOSS 0.09743712842464447
"2023-05-10 19:26:06,353 [INFO] ===== ONNX SAVED at ./savemodel/0510_0726PM_MY_PDE/150.onnx
"2023-05-10 19:26:06,353 [INFO] EPISODE 150, LOSS 0.11298009008169174
"2023-05-10 19:26:06,415 [INFO] ===== ONNX SAVED at ./savemodel/0510_0726PM_MY_PDE/160.onnx
"2023-05-10 19:26:06,415 [INFO] EPISODE 160, LOSS 0.06329303979873657
"2023-05-10 19:26:06,468 [INFO] ===== ONNX SAVED at ./savemodel/0510_0726PM_MY_PDE/162.onnx
"2023-05-10 19:26:06,486 [INFO] ===== ONNX SAVED at ./savemodel/0510_0726PM_MY_PDE/170.onnx
"2023-05-10 19:26:06,486 [INFO] EPISODE 170, LOSS 0.08833383023738861
"2023-05-10 19:26:06,549 [INFO] ===== ONNX SAVED at ./savemodel/0510_0726PM_MY_PDE/180.onnx
"2023-05-10 19:26:06,549 [INFO] EPISODE 180, LOSS 0.07491268217563629
"2023-05-10 19:26:06,662 [INFO] ===== ONNX SAVED at ./savemodel/0510_0726PM_MY_PDE/190.onnx
"2023-05-10 19:26:06,662 [INFO] EPISODE 190, LOSS 0.12580513954162598
"2023-05-10 19:26:06,721 [INFO] ===== ONNX SAVED at ./savemodel/0510_0726PM_MY_PDE/198.onnx
"2023-05-10 19:26:06,728 [INFO] ===== ONNX SAVED at ./savemodel/0510_0726PM_MY_PDE/200.onnx
"2023-05-10 19:26:06,728 [INFO] EPISODE 200, LOSS 0.04724593460559845
"2023-05-10 19:26:06,790 [INFO] ===== ONNX SAVED at ./savemodel/0510_0726PM_MY_PDE/210.onnx
"2023-05-10 19:26:06,790 [INFO] EPISODE 210, LOSS 0.0956815704703331
"2023-05-10 19:26:06,849 [INFO] ===== ONNX SAVED at ./savemodel/0510_0726PM_MY_PDE/220.onnx
"2023-05-10 19:26:06,849 [INFO] EPISODE 220, LOSS 0.04146111384034157
"2023-05-10 19:26:06,906 [INFO] ===== ONNX SAVED at ./savemodel/0510_0726PM_MY_PDE/230.onnx
"2023-05-10 19:26:06,906 [INFO] EPISODE 230, LOSS 0.08363442867994308
"2023-05-10 19:26:06,957 [INFO] ===== ONNX SAVED at ./savemodel/0510_0726PM_MY_PDE/234.onnx
"2023-05-10 19:26:06,969 [INFO] ===== ONNX SAVED at ./savemodel/0510_0726PM_MY_PDE/240.onnx
"2023-05-10 19:26:06,969 [INFO] EPISODE 240, LOSS 0.06513511389493942
"2023-05-10 19:26:07,029 [INFO] ===== ONNX SAVED at ./savemodel/0510_0726PM_MY_PDE/250.onnx
"2023-05-10 19:26:07,029 [INFO] EPISODE 250, LOSS 0.029053790494799614
"2023-05-10 19:26:07,079 [INFO] ===== ONNX SAVED at ./savemodel/0510_0726PM_MY_PDE/252.onnx
"2023-05-10 19:26:07,092 [INFO] ===== ONNX SAVED at ./savemodel/0510_0726PM_MY_PDE/256.onnx
"2023-05-10 19:26:07,102 [INFO] ===== ONNX SAVED at ./savemodel/0510_0726PM_MY_PDE/260.onnx
"2023-05-10 19:26:07,102 [INFO] EPISODE 260, LOSS 0.0458848774433136
"2023-05-10 19:26:07,160 [INFO] ===== ONNX SAVED at ./savemodel/0510_0726PM_MY_PDE/270.onnx
"2023-05-10 19:26:07,160 [INFO] EPISODE 270, LOSS 0.041288841515779495
"2023-05-10 19:26:07,226 [INFO] ===== ONNX SAVED at ./savemodel/0510_0726PM_MY_PDE/280.onnx
"2023-05-10 19:26:07,226 [INFO] EPISODE 280, LOSS 0.04591786116361618
"2023-05-10 19:26:07,279 [INFO] ===== ONNX SAVED at ./savemodel/0510_0726PM_MY_PDE/284.onnx
"2023-05-10 19:26:07,288 [INFO] ===== ONNX SAVED at ./savemodel/0510_0726PM_MY_PDE/287.onnx
"2023-05-10 19:26:07,297 [INFO] ===== ONNX SAVED at ./savemodel/0510_0726PM_MY_PDE/290.onnx
"2023-05-10 19:26:07,297 [INFO] EPISODE 290, LOSS 0.16058588027954102
"2023-05-10 19:26:07,363 [INFO] ===== ONNX SAVED at ./savemodel/0510_0726PM_MY_PDE/300.onnx
"2023-05-10 19:26:07,363 [INFO] EPISODE 300, LOSS 0.08273237198591232
"2023-05-10 19:26:07,427 [INFO] ===== ONNX SAVED at ./savemodel/0510_0726PM_MY_PDE/310.onnx
"2023-05-10 19:26:07,427 [INFO] EPISODE 310, LOSS 0.052125271409749985
"2023-05-10 19:26:07,488 [INFO] ===== ONNX SAVED at ./savemodel/0510_0726PM_MY_PDE/320.onnx
"2023-05-10 19:26:07,489 [INFO] EPISODE 320, LOSS 0.057882100343704224
"2023-05-10 19:26:07,539 [INFO] ===== ONNX SAVED at ./savemodel/0510_0726PM_MY_PDE/321.onnx
"2023-05-10 19:26:07,558 [INFO] ===== ONNX SAVED at ./savemodel/0510_0726PM_MY_PDE/330.onnx
"2023-05-10 19:26:07,558 [INFO] EPISODE 330, LOSS 0.033565450459718704
"2023-05-10 19:26:07,623 [INFO] ===== ONNX SAVED at ./savemodel/0510_0726PM_MY_PDE/340.onnx
"2023-05-10 19:26:07,623 [INFO] EPISODE 340, LOSS 0.03589005023241043
"2023-05-10 19:26:07,689 [INFO] ===== ONNX SAVED at ./savemodel/0510_0726PM_MY_PDE/350.onnx
"2023-05-10 19:26:07,689 [INFO] EPISODE 350, LOSS 0.03410046547651291
"2023-05-10 19:26:07,758 [INFO] ===== ONNX SAVED at ./savemodel/0510_0726PM_MY_PDE/360.onnx
"2023-05-10 19:26:07,758 [INFO] EPISODE 360, LOSS 0.051265083253383636
"2023-05-10 19:26:07,819 [INFO] ===== ONNX SAVED at ./savemodel/0510_0726PM_MY_PDE/370.onnx
"2023-05-10 19:26:07,819 [INFO] EPISODE 370, LOSS 0.059592269361019135
"2023-05-10 19:26:07,878 [INFO] ===== ONNX SAVED at ./savemodel/0510_0726PM_MY_PDE/379.onnx
"2023-05-10 19:26:07,885 [INFO] ===== ONNX SAVED at ./savemodel/0510_0726PM_MY_PDE/380.onnx
"2023-05-10 19:26:07,885 [INFO] EPISODE 380, LOSS 0.03589511662721634
"2023-05-10 19:26:07,945 [INFO] ===== ONNX SAVED at ./savemodel/0510_0726PM_MY_PDE/390.onnx
"2023-05-10 19:26:07,945 [INFO] EPISODE 390, LOSS 0.027554085478186607
"2023-05-10 19:26:08,008 [INFO] ===== ONNX SAVED at ./savemodel/0510_0726PM_MY_PDE/400.onnx
"2023-05-10 19:26:08,008 [INFO] EPISODE 400, LOSS 0.07583187520503998
"2023-05-10 19:26:08,069 [INFO] ===== ONNX SAVED at ./savemodel/0510_0726PM_MY_PDE/410.onnx
"2023-05-10 19:26:08,069 [INFO] EPISODE 410, LOSS 0.014725271612405777
"2023-05-10 19:26:08,127 [INFO] ===== ONNX SAVED at ./savemodel/0510_0726PM_MY_PDE/420.onnx
"2023-05-10 19:26:08,127 [INFO] EPISODE 420, LOSS 0.025641417130827904
"2023-05-10 19:26:08,187 [INFO] ===== ONNX SAVED at ./savemodel/0510_0726PM_MY_PDE/430.onnx
"2023-05-10 19:26:08,187 [INFO] EPISODE 430, LOSS 0.0252662505954504
"2023-05-10 19:26:08,245 [INFO] ===== ONNX SAVED at ./savemodel/0510_0726PM_MY_PDE/440.onnx
"2023-05-10 19:26:08,245 [INFO] EPISODE 440, LOSS 0.031216662377119064
"2023-05-10 19:26:08,354 [INFO] ===== ONNX SAVED at ./savemodel/0510_0726PM_MY_PDE/450.onnx
"2023-05-10 19:26:08,354 [INFO] EPISODE 450, LOSS 0.031002750620245934
"2023-05-10 19:26:08,412 [INFO] ===== ONNX SAVED at ./savemodel/0510_0726PM_MY_PDE/460.onnx
"2023-05-10 19:26:08,412 [INFO] EPISODE 460, LOSS 0.016753491014242172
"2023-05-10 19:26:08,471 [INFO] ===== ONNX SAVED at ./savemodel/0510_0726PM_MY_PDE/470.onnx
"2023-05-10 19:26:08,471 [INFO] EPISODE 470, LOSS 0.02315521240234375
"2023-05-10 19:26:08,524 [INFO] ===== ONNX SAVED at ./savemodel/0510_0726PM_MY_PDE/475.onnx
"2023-05-10 19:26:08,539 [INFO] ===== ONNX SAVED at ./savemodel/0510_0726PM_MY_PDE/480.onnx
"2023-05-10 19:26:08,539 [INFO] EPISODE 480, LOSS 0.01896320842206478
"2023-05-10 19:26:08,592 [INFO] ===== ONNX SAVED at ./savemodel/0510_0726PM_MY_PDE/483.onnx
"2023-05-10 19:26:08,605 [INFO] ===== ONNX SAVED at ./savemodel/0510_0726PM_MY_PDE/490.onnx
"2023-05-10 19:26:08,605 [INFO] EPISODE 490, LOSS 0.01860952191054821
"2023-05-10 19:26:08,670 [INFO] ===== ONNX SAVED at ./savemodel/0510_0726PM_MY_PDE/500.onnx
"2023-05-10 19:26:08,670 [INFO] EPISODE 500, LOSS 0.021054288372397423
"2023-05-10 19:26:08,732 [INFO] ===== ONNX SAVED at ./savemodel/0510_0726PM_MY_PDE/510.onnx
"2023-05-10 19:26:08,732 [INFO] EPISODE 510, LOSS 0.028742101043462753
"2023-05-10 19:26:08,805 [INFO] ===== ONNX SAVED at ./savemodel/0510_0726PM_MY_PDE/520.onnx
"2023-05-10 19:26:08,805 [INFO] EPISODE 520, LOSS 0.020575253292918205
"2023-05-10 19:26:08,871 [INFO] ===== ONNX SAVED at ./savemodel/0510_0726PM_MY_PDE/530.onnx
"2023-05-10 19:26:08,871 [INFO] EPISODE 530, LOSS 0.02931974083185196
"2023-05-10 19:26:08,938 [INFO] ===== ONNX SAVED at ./savemodel/0510_0726PM_MY_PDE/540.onnx
"2023-05-10 19:26:08,938 [INFO] EPISODE 540, LOSS 0.0294770747423172
"2023-05-10 19:26:08,996 [INFO] ===== ONNX SAVED at ./savemodel/0510_0726PM_MY_PDE/544.onnx
"2023-05-10 19:26:09,009 [INFO] ===== ONNX SAVED at ./savemodel/0510_0726PM_MY_PDE/550.onnx
"2023-05-10 19:26:09,009 [INFO] EPISODE 550, LOSS 0.01738883927464485
"2023-05-10 19:26:09,075 [INFO] ===== ONNX SAVED at ./savemodel/0510_0726PM_MY_PDE/560.onnx
"2023-05-10 19:26:09,076 [INFO] EPISODE 560, LOSS 0.016432004049420357
"2023-05-10 19:26:09,140 [INFO] ===== ONNX SAVED at ./savemodel/0510_0726PM_MY_PDE/570.onnx
"2023-05-10 19:26:09,140 [INFO] EPISODE 570, LOSS 0.012660468928515911
"2023-05-10 19:26:09,200 [INFO] ===== ONNX SAVED at ./savemodel/0510_0726PM_MY_PDE/580.onnx
"2023-05-10 19:26:09,201 [INFO] EPISODE 580, LOSS 0.02373131923377514
"2023-05-10 19:26:09,255 [INFO] ===== ONNX SAVED at ./savemodel/0510_0726PM_MY_PDE/582.onnx
"2023-05-10 19:26:09,272 [INFO] ===== ONNX SAVED at ./savemodel/0510_0726PM_MY_PDE/590.onnx
"2023-05-10 19:26:09,272 [INFO] EPISODE 590, LOSS 0.032325152307748795
"2023-05-10 19:26:09,335 [INFO] ===== ONNX SAVED at ./savemodel/0510_0726PM_MY_PDE/600.onnx
"2023-05-10 19:26:09,335 [INFO] EPISODE 600, LOSS 0.015216398052871227
"2023-05-10 19:26:09,398 [INFO] ===== ONNX SAVED at ./savemodel/0510_0726PM_MY_PDE/610.onnx
"2023-05-10 19:26:09,398 [INFO] EPISODE 610, LOSS 0.03497469052672386
"2023-05-10 19:26:09,462 [INFO] ===== ONNX SAVED at ./savemodel/0510_0726PM_MY_PDE/620.onnx
"2023-05-10 19:26:09,462 [INFO] EPISODE 620, LOSS 0.016041269525885582
"2023-05-10 19:26:09,525 [INFO] ===== ONNX SAVED at ./savemodel/0510_0726PM_MY_PDE/630.onnx
"2023-05-10 19:26:09,525 [INFO] EPISODE 630, LOSS 0.034915462136268616
"2023-05-10 19:26:09,588 [INFO] ===== ONNX SAVED at ./savemodel/0510_0726PM_MY_PDE/640.onnx
"2023-05-10 19:26:09,588 [INFO] EPISODE 640, LOSS 0.015419814735651016
"2023-05-10 19:26:09,654 [INFO] ===== ONNX SAVED at ./savemodel/0510_0726PM_MY_PDE/650.onnx
"2023-05-10 19:26:09,654 [INFO] EPISODE 650, LOSS 0.03238092362880707
"2023-05-10 19:26:09,716 [INFO] ===== ONNX SAVED at ./savemodel/0510_0726PM_MY_PDE/660.onnx
"2023-05-10 19:26:09,716 [INFO] EPISODE 660, LOSS 0.012173859402537346
"2023-05-10 19:26:09,784 [INFO] ===== ONNX SAVED at ./savemodel/0510_0726PM_MY_PDE/670.onnx
"2023-05-10 19:26:09,784 [INFO] EPISODE 670, LOSS 0.018055003136396408
"2023-05-10 19:26:09,847 [INFO] ===== ONNX SAVED at ./savemodel/0510_0726PM_MY_PDE/680.onnx
"2023-05-10 19:26:09,847 [INFO] EPISODE 680, LOSS 0.015930360183119774
"2023-05-10 19:26:09,907 [INFO] ===== ONNX SAVED at ./savemodel/0510_0726PM_MY_PDE/690.onnx
"2023-05-10 19:26:09,908 [INFO] EPISODE 690, LOSS 0.023170482367277145
"2023-05-10 19:26:09,968 [INFO] ===== ONNX SAVED at ./savemodel/0510_0726PM_MY_PDE/700.onnx
"2023-05-10 19:26:09,968 [INFO] EPISODE 700, LOSS 0.016819186508655548
"2023-05-10 19:26:10,025 [INFO] ===== ONNX SAVED at ./savemodel/0510_0726PM_MY_PDE/704.onnx
"2023-05-10 19:26:10,038 [INFO] ===== ONNX SAVED at ./savemodel/0510_0726PM_MY_PDE/710.onnx
"2023-05-10 19:26:10,039 [INFO] EPISODE 710, LOSS 0.01818547397851944
"2023-05-10 19:26:10,102 [INFO] ===== ONNX SAVED at ./savemodel/0510_0726PM_MY_PDE/720.onnx
"2023-05-10 19:26:10,102 [INFO] EPISODE 720, LOSS 0.02971944957971573
"2023-05-10 19:26:10,163 [INFO] ===== ONNX SAVED at ./savemodel/0510_0726PM_MY_PDE/730.onnx
"2023-05-10 19:26:10,163 [INFO] EPISODE 730, LOSS 0.016838617622852325
"2023-05-10 19:26:10,224 [INFO] ===== ONNX SAVED at ./savemodel/0510_0726PM_MY_PDE/739.onnx
"2023-05-10 19:26:10,231 [INFO] ===== ONNX SAVED at ./savemodel/0510_0726PM_MY_PDE/740.onnx
"2023-05-10 19:26:10,231 [INFO] EPISODE 740, LOSS 0.015281667932868004
"2023-05-10 19:26:10,297 [INFO] ===== ONNX SAVED at ./savemodel/0510_0726PM_MY_PDE/750.onnx
"2023-05-10 19:26:10,298 [INFO] EPISODE 750, LOSS 0.020932478830218315
"2023-05-10 19:26:10,362 [INFO] ===== ONNX SAVED at ./savemodel/0510_0726PM_MY_PDE/760.onnx
"2023-05-10 19:26:10,362 [INFO] EPISODE 760, LOSS 0.013788541778922081
"2023-05-10 19:26:10,425 [INFO] ===== ONNX SAVED at ./savemodel/0510_0726PM_MY_PDE/770.onnx
"2023-05-10 19:26:10,425 [INFO] EPISODE 770, LOSS 0.012631943449378014
"2023-05-10 19:26:10,489 [INFO] ===== ONNX SAVED at ./savemodel/0510_0726PM_MY_PDE/780.onnx
"2023-05-10 19:26:10,489 [INFO] EPISODE 780, LOSS 0.025665584951639175
"2023-05-10 19:26:10,552 [INFO] ===== ONNX SAVED at ./savemodel/0510_0726PM_MY_PDE/790.onnx
"2023-05-10 19:26:10,552 [INFO] EPISODE 790, LOSS 0.02068397030234337
"2023-05-10 19:26:10,619 [INFO] ===== ONNX SAVED at ./savemodel/0510_0726PM_MY_PDE/800.onnx
"2023-05-10 19:26:10,619 [INFO] EPISODE 800, LOSS 0.017072271555662155
"2023-05-10 19:26:10,688 [INFO] ===== ONNX SAVED at ./savemodel/0510_0726PM_MY_PDE/810.onnx
"2023-05-10 19:26:10,688 [INFO] EPISODE 810, LOSS 0.00918747391551733
"2023-05-10 19:26:10,751 [INFO] ===== ONNX SAVED at ./savemodel/0510_0726PM_MY_PDE/820.onnx
"2023-05-10 19:26:10,751 [INFO] EPISODE 820, LOSS 0.021481353789567947
"2023-05-10 19:26:10,867 [INFO] ===== ONNX SAVED at ./savemodel/0510_0726PM_MY_PDE/830.onnx
"2023-05-10 19:26:10,867 [INFO] EPISODE 830, LOSS 0.01760517805814743
"2023-05-10 19:26:10,918 [INFO] ===== ONNX SAVED at ./savemodel/0510_0726PM_MY_PDE/831.onnx
"2023-05-10 19:26:10,938 [INFO] ===== ONNX SAVED at ./savemodel/0510_0726PM_MY_PDE/840.onnx
"2023-05-10 19:26:10,938 [INFO] EPISODE 840, LOSS 0.011931097134947777
"2023-05-10 19:26:10,998 [INFO] ===== ONNX SAVED at ./savemodel/0510_0726PM_MY_PDE/850.onnx
"2023-05-10 19:26:10,998 [INFO] EPISODE 850, LOSS 0.012599173933267593
"2023-05-10 19:26:11,056 [INFO] ===== ONNX SAVED at ./savemodel/0510_0726PM_MY_PDE/860.onnx
"2023-05-10 19:26:11,056 [INFO] EPISODE 860, LOSS 0.024760503321886063
"2023-05-10 19:26:11,113 [INFO] ===== ONNX SAVED at ./savemodel/0510_0726PM_MY_PDE/870.onnx
"2023-05-10 19:26:11,113 [INFO] EPISODE 870, LOSS 0.011453847400844097
"2023-05-10 19:26:11,170 [INFO] ===== ONNX SAVED at ./savemodel/0510_0726PM_MY_PDE/880.onnx
"2023-05-10 19:26:11,170 [INFO] EPISODE 880, LOSS 0.009763144887983799
"2023-05-10 19:26:11,228 [INFO] ===== ONNX SAVED at ./savemodel/0510_0726PM_MY_PDE/890.onnx
"2023-05-10 19:26:11,228 [INFO] EPISODE 890, LOSS 0.011151062324643135
"2023-05-10 19:26:11,286 [INFO] ===== ONNX SAVED at ./savemodel/0510_0726PM_MY_PDE/900.onnx
"2023-05-10 19:26:11,286 [INFO] EPISODE 900, LOSS 0.013800102286040783
"2023-05-10 19:26:11,344 [INFO] ===== ONNX SAVED at ./savemodel/0510_0726PM_MY_PDE/910.onnx
"2023-05-10 19:26:11,344 [INFO] EPISODE 910, LOSS 0.012456710450351238
"2023-05-10 19:26:11,402 [INFO] ===== ONNX SAVED at ./savemodel/0510_0726PM_MY_PDE/920.onnx
"2023-05-10 19:26:11,402 [INFO] EPISODE 920, LOSS 0.01305311731994152
"2023-05-10 19:26:11,460 [INFO] ===== ONNX SAVED at ./savemodel/0510_0726PM_MY_PDE/930.onnx
"2023-05-10 19:26:11,460 [INFO] EPISODE 930, LOSS 0.014987369999289513
"2023-05-10 19:26:11,517 [INFO] ===== ONNX SAVED at ./savemodel/0510_0726PM_MY_PDE/940.onnx
"2023-05-10 19:26:11,517 [INFO] EPISODE 940, LOSS 0.017755113542079926
"2023-05-10 19:26:11,570 [INFO] ===== ONNX SAVED at ./savemodel/0510_0726PM_MY_PDE/943.onnx
"2023-05-10 19:26:11,586 [INFO] ===== ONNX SAVED at ./savemodel/0510_0726PM_MY_PDE/950.onnx
"2023-05-10 19:26:11,587 [INFO] EPISODE 950, LOSS 0.012091333977878094
"2023-05-10 19:26:11,646 [INFO] ===== ONNX SAVED at ./savemodel/0510_0726PM_MY_PDE/958.onnx
"2023-05-10 19:26:11,654 [INFO] ===== ONNX SAVED at ./savemodel/0510_0726PM_MY_PDE/960.onnx
"2023-05-10 19:26:11,654 [INFO] EPISODE 960, LOSS 0.021294597536325455
"2023-05-10 19:26:11,704 [INFO] ===== ONNX SAVED at ./savemodel/0510_0726PM_MY_PDE/962.onnx
"2023-05-10 19:26:11,715 [INFO] ===== ONNX SAVED at ./savemodel/0510_0726PM_MY_PDE/967.onnx
"2023-05-10 19:26:11,724 [INFO] ===== ONNX SAVED at ./savemodel/0510_0726PM_MY_PDE/970.onnx
"2023-05-10 19:26:11,724 [INFO] EPISODE 970, LOSS 0.01136980950832367
"2023-05-10 19:26:11,784 [INFO] ===== ONNX SAVED at ./savemodel/0510_0726PM_MY_PDE/980.onnx
"2023-05-10 19:26:11,784 [INFO] EPISODE 980, LOSS 0.025342464447021484
"2023-05-10 19:26:11,843 [INFO] ===== ONNX SAVED at ./savemodel/0510_0726PM_MY_PDE/990.onnx
"2023-05-10 19:26:11,843 [INFO] EPISODE 990, LOSS 0.014117005281150341
"2023-05-10 19:26:11,897 [INFO] train finished. 
final loss: 0.018402112647891045
"2023-05-10 19:26:11,903 [INFO] ===== ONNX SAVED at ./savemodel/0510_0726PM_MY_PDE/FINAL1000.onnx
