"2023-04-28 17:38:02,706 [INFO] Reporter Initialized!
"2023-04-28 17:38:02,706 [INFO] Reporter LEVEL: info
"2023-04-28 17:38:02,706 [INFO] Initializing all necessary class instances
"2023-04-28 17:38:02,731 [INFO] Creating and Configuring MAPort...
"2023-04-28 17:38:06,191 [INFO] Adding Start and StopTrigger...
"2023-04-28 17:38:06,191 [INFO] Starting simulation...
"2023-04-28 17:38:07,046 [INFO] Terminating simulation...
"2023-04-28 17:38:32,420 [INFO] Reporter Initialized!
"2023-04-28 17:38:32,426 [INFO] Reporter LEVEL: info
"2023-04-28 17:38:32,426 [INFO] Initializing all necessary class instances
"2023-04-28 17:38:32,448 [INFO] Creating and Configuring MAPort...
"2023-04-28 17:38:35,906 [INFO] Adding Start and StopTrigger...
"2023-04-28 17:38:35,906 [INFO] Starting simulation...
"2023-04-28 17:38:36,761 [INFO] Terminating simulation...
"2023-04-28 17:38:57,535 [INFO] Reporter Initialized!
"2023-04-28 17:38:57,535 [INFO] Reporter LEVEL: info
"2023-04-28 17:38:57,535 [INFO] Initializing all necessary class instances
"2023-04-28 17:38:57,556 [INFO] Creating and Configuring MAPort...
"2023-04-28 17:39:01,016 [INFO] Adding Start and StopTrigger...
"2023-04-28 17:39:01,016 [INFO] Starting simulation...
"2023-04-28 17:39:02,861 [INFO] Terminating simulation...
