"2023-04-28 16:29:09,629 [INFO] Reporter Initialized!
"2023-04-28 16:29:09,630 [INFO] Reporter LEVEL: info
"2023-04-28 16:29:09,630 [INFO] Initializing all necessary class instances
"2023-04-28 16:29:09,654 [INFO] Creating and Configuring MAPort...
"2023-04-28 16:29:13,114 [INFO] Adding Start and StopTrigger...
"2023-04-28 16:29:13,114 [INFO] Starting simulation...
"2023-04-28 16:29:13,964 [INFO] Terminating simulation...
"2023-04-28 16:29:32,750 [INFO] Reporter Initialized!
"2023-04-28 16:29:32,750 [INFO] Reporter LEVEL: info
"2023-04-28 16:29:32,750 [INFO] Initializing all necessary class instances
"2023-04-28 16:29:32,772 [INFO] Creating and Configuring MAPort...
"2023-04-28 16:29:36,230 [INFO] Adding Start and StopTrigger...
"2023-04-28 16:29:36,230 [INFO] Starting simulation...
"2023-04-28 16:29:37,249 [INFO] Terminating simulation...
"2023-04-28 16:29:49,231 [INFO] Reporter Initialized!
"2023-04-28 16:29:49,232 [INFO] Reporter LEVEL: info
"2023-04-28 16:29:49,232 [INFO] Initializing all necessary class instances
"2023-04-28 16:29:49,256 [INFO] Creating and Configuring MAPort...
"2023-04-28 16:29:52,714 [INFO] Adding Start and StopTrigger...
"2023-04-28 16:29:52,714 [INFO] Starting simulation...
