"2023-05-01 13:11:53,072 [INFO] Reporter Initialized!
"2023-05-01 13:11:53,072 [INFO] Reporter LEVEL: info
"2023-05-01 13:11:53,072 [INFO] Initializing all necessary class instances
"2023-05-01 13:11:53,096 [INFO] Creating and Configuring MAPort...
"2023-05-01 13:11:56,576 [INFO] Adding Start and StopTrigger...
"2023-05-01 13:11:56,576 [INFO] Starting simulation...
"2023-05-01 13:11:56,616 [INFO] 0.0002 1.0
"2023-05-01 13:11:57,410 [INFO] 0.0202 101.0
"2023-05-01 13:11:58,424 [INFO] 0.0402 201.0
"2023-05-01 13:11:59,423 [INFO] 0.0602 301.0
"2023-05-01 13:12:00,427 [INFO] 0.0802 401.0
"2023-05-01 13:12:01,423 [INFO] 0.1002 501.0
"2023-05-01 13:12:02,423 [INFO] 0.1202 601.0
"2023-05-01 13:12:03,428 [INFO] 0.1402 701.0
"2023-05-01 13:12:04,440 [INFO] 0.1602 801.0
"2023-05-01 13:12:05,433 [INFO] 0.1802 901.0
"2023-05-01 13:12:06,435 [INFO] 0.2002 1001.0
"2023-05-01 13:12:07,437 [INFO] 0.2202 1101.0
"2023-05-01 13:12:08,429 [INFO] 0.2402 1201.0
"2023-05-01 13:12:09,422 [INFO] 0.2602 1301.0
"2023-05-01 13:12:10,427 [INFO] 0.2802 1401.0
"2023-05-01 13:12:11,431 [INFO] 0.3002 1501.0
"2023-05-01 13:12:12,429 [INFO] 0.3202 1601.0
"2023-05-01 13:12:13,432 [INFO] 0.3402 1701.0
"2023-05-01 13:12:14,430 [INFO] 0.3602 1801.0
"2023-05-01 13:12:15,427 [INFO] 0.3802 1901.0
"2023-05-01 13:12:16,427 [INFO] 0.4002 2001.0
"2023-05-01 13:12:17,429 [INFO] 0.4202 2101.0
"2023-05-01 13:12:18,430 [INFO] 0.4402 2201.0
"2023-05-01 13:12:19,422 [INFO] 0.4602 2301.0
"2023-05-01 13:12:20,426 [INFO] 0.4802 2401.0
"2023-05-01 13:12:21,431 [INFO] 0.5002 2501.0
"2023-05-01 13:12:22,426 [INFO] 0.5202 2601.0
"2023-05-01 13:12:23,435 [INFO] 0.5402 2701.0
"2023-05-01 13:12:24,423 [INFO] 0.5602 2801.0
"2023-05-01 13:12:25,431 [INFO] 0.5802 2901.0
"2023-05-01 13:12:26,425 [INFO] 0.6002 3001.0
"2023-05-01 13:12:27,431 [INFO] 0.6202 3101.0
"2023-05-01 13:12:28,429 [INFO] 0.6402 3201.0
"2023-05-01 13:12:29,433 [INFO] 0.6602 3301.0
"2023-05-01 13:12:30,424 [INFO] 0.6802 3401.0
"2023-05-01 13:12:31,429 [INFO] 0.7002 3501.0
"2023-05-01 13:12:32,427 [INFO] 0.7202 3601.0
"2023-05-01 13:12:33,423 [INFO] 0.7402 3701.0
"2023-05-01 13:12:34,423 [INFO] 0.7602 3801.0
"2023-05-01 13:12:35,432 [INFO] 0.7802 3901.0
"2023-05-01 13:12:36,432 [INFO] 0.8002 4001.0
"2023-05-01 13:12:37,428 [INFO] 0.8202 4101.0
"2023-05-01 13:12:38,424 [INFO] 0.8402 4201.0
"2023-05-01 13:12:39,427 [INFO] 0.8602 4301.0
"2023-05-01 13:12:40,422 [INFO] 0.8802 4401.0
"2023-05-01 13:12:41,426 [INFO] 0.9002 4501.0
"2023-05-01 13:12:42,432 [INFO] 0.9202 4601.0
"2023-05-01 13:12:43,427 [INFO] 0.9402 4701.0
"2023-05-01 13:12:44,434 [INFO] 0.9602 4801.0
"2023-05-01 13:12:45,431 [INFO] 0.9802 4901.0
"2023-05-01 13:12:46,430 [INFO] 1.0002 5001.0
"2023-05-01 13:12:47,425 [INFO] Terminating simulation...
