"2023-05-01 13:33:19,087 [INFO] Reporter Initialized!
"2023-05-01 13:33:19,087 [INFO] Reporter LEVEL: info
"2023-05-01 13:33:19,087 [INFO] Initializing all necessary class instances
"2023-05-01 13:33:19,109 [INFO] Creating and Configuring MAPort...
"2023-05-01 13:33:22,567 [INFO] Adding Start and StopTrigger...
"2023-05-01 13:33:22,567 [INFO] Starting simulation...
"2023-05-01 13:33:22,608 [INFO] 0.0002 1.0
"2023-05-01 13:33:23,404 [INFO] 0.0102 51.0
"2023-05-01 13:33:23,906 [INFO] 0.0202 101.0
"2023-05-01 13:33:24,418 [INFO] 0.0302 151.0
"2023-05-01 13:33:24,923 [INFO] 0.0402 201.0
"2023-05-01 13:33:25,424 [INFO] 0.0502 251.0
"2023-05-01 13:33:25,919 [INFO] 0.0602 301.0
"2023-05-01 13:33:26,424 [INFO] 0.0702 351.0
"2023-05-01 13:33:26,931 [INFO] 0.0802 401.0
"2023-05-01 13:33:27,427 [INFO] 0.0902 451.0
"2023-05-01 13:33:27,917 [INFO] 0.1002 501.0
"2023-05-01 13:33:28,420 [INFO] 0.1102 551.0
"2023-05-01 13:33:28,922 [INFO] 0.1202 601.0
"2023-05-01 13:33:29,421 [INFO] 0.1302 651.0
"2023-05-01 13:33:29,916 [INFO] 0.1402 701.0
"2023-05-01 13:33:30,420 [INFO] 0.1502 751.0
"2023-05-01 13:33:30,925 [INFO] 0.1602 801.0
"2023-05-01 13:33:31,417 [INFO] 0.1702 851.0
"2023-05-01 13:33:31,914 [INFO] 0.1802 901.0
"2023-05-01 13:33:32,421 [INFO] 0.1902 951.0
"2023-05-01 13:33:32,917 [INFO] 0.2002 1001.0
"2023-05-01 13:33:33,425 [INFO] 0.2102 1051.0
"2023-05-01 13:33:33,921 [INFO] 0.2202 1101.0
"2023-05-01 13:33:34,426 [INFO] 0.2302 1151.0
"2023-05-01 13:33:34,925 [INFO] 0.2402 1201.0
"2023-05-01 13:33:35,426 [INFO] 0.2502 1251.0
"2023-05-01 13:33:35,916 [INFO] 0.2602 1301.0
"2023-05-01 13:33:36,422 [INFO] 0.2702 1351.0
"2023-05-01 13:33:36,919 [INFO] 0.2802 1401.0
"2023-05-01 13:33:37,416 [INFO] 0.2902 1451.0
"2023-05-01 13:33:37,914 [INFO] 0.3002 1501.0
"2023-05-01 13:33:38,414 [INFO] 0.3102 1551.0
"2023-05-01 13:33:38,916 [INFO] 0.3202 1601.0
"2023-05-01 13:33:39,414 [INFO] 0.3302 1651.0
"2023-05-01 13:33:39,916 [INFO] 0.3402 1701.0
"2023-05-01 13:33:40,426 [INFO] 0.3502 1751.0
"2023-05-01 13:33:40,917 [INFO] 0.3602 1801.0
"2023-05-01 13:33:41,426 [INFO] 0.3702 1851.0
"2023-05-01 13:33:41,924 [INFO] 0.3802 1901.0
"2023-05-01 13:33:42,421 [INFO] 0.3902 1951.0
"2023-05-01 13:33:42,920 [INFO] 0.4002 2001.0
"2023-05-01 13:33:43,419 [INFO] 0.4102 2051.0
"2023-05-01 13:33:43,916 [INFO] 0.4202 2101.0
"2023-05-01 13:33:44,426 [INFO] 0.4302 2151.0
"2023-05-01 13:33:44,919 [INFO] 0.4402 2201.0
"2023-05-01 13:33:45,424 [INFO] 0.4502 2251.0
"2023-05-01 13:33:45,927 [INFO] 0.4602 2301.0
"2023-05-01 13:33:46,426 [INFO] 0.4702 2351.0
"2023-05-01 13:33:46,917 [INFO] 0.4802 2401.0
"2023-05-01 13:33:47,417 [INFO] 0.4902 2451.0
"2023-05-01 13:33:47,917 [INFO] 0.5002 2501.0
"2023-05-01 13:33:48,421 [INFO] 0.5102 2551.0
"2023-05-01 13:33:48,921 [INFO] 0.5202 2601.0
"2023-05-01 13:33:49,417 [INFO] 0.5302 2651.0
"2023-05-01 13:33:49,924 [INFO] 0.5402 2701.0
"2023-05-01 13:33:50,424 [INFO] 0.5502 2751.0
"2023-05-01 13:33:50,918 [INFO] 0.5602 2801.0
"2023-05-01 13:33:51,413 [INFO] 0.5702 2851.0
"2023-05-01 13:33:51,925 [INFO] 0.5802 2901.0
"2023-05-01 13:33:52,421 [INFO] 0.5902 2951.0
"2023-05-01 13:33:52,919 [INFO] 0.6002 3001.0
"2023-05-01 13:33:53,424 [INFO] 0.6102 3051.0
"2023-05-01 13:33:53,926 [INFO] 0.6202 3101.0
"2023-05-01 13:33:54,418 [INFO] 0.6302 3151.0
"2023-05-01 13:33:54,921 [INFO] 0.6402 3201.0
"2023-05-01 13:33:55,422 [INFO] 0.6502 3251.0
"2023-05-01 13:33:55,914 [INFO] 0.6602 3301.0
"2023-05-01 13:33:56,418 [INFO] 0.6702 3351.0
"2023-05-01 13:33:56,916 [INFO] 0.6802 3401.0
"2023-05-01 13:33:57,427 [INFO] 0.6902 3451.0
"2023-05-01 13:33:57,916 [INFO] 0.7002 3501.0
"2023-05-01 13:33:58,424 [INFO] 0.7102 3551.0
"2023-05-01 13:33:58,921 [INFO] 0.7202 3601.0
"2023-05-01 13:33:59,418 [INFO] 0.7302 3651.0
"2023-05-01 13:33:59,921 [INFO] 0.7402 3701.0
"2023-05-01 13:34:00,417 [INFO] 0.7502 3751.0
"2023-05-01 13:34:00,919 [INFO] 0.7602 3801.0
"2023-05-01 13:34:01,417 [INFO] 0.7702 3851.0
"2023-05-01 13:34:01,927 [INFO] 0.7802 3901.0
"2023-05-01 13:34:02,416 [INFO] 0.7902 3951.0
"2023-05-01 13:34:02,929 [INFO] 0.8002 4001.0
"2023-05-01 13:34:03,416 [INFO] 0.8102 4051.0
"2023-05-01 13:34:03,921 [INFO] 0.8202 4101.0
"2023-05-01 13:34:04,422 [INFO] 0.8302 4151.0
"2023-05-01 13:34:04,915 [INFO] 0.8402 4201.0
"2023-05-01 13:34:05,418 [INFO] 0.8502 4251.0
"2023-05-01 13:34:05,923 [INFO] 0.8602 4301.0
"2023-05-01 13:34:06,415 [INFO] 0.8702 4351.0
"2023-05-01 13:34:06,922 [INFO] 0.8802 4401.0
"2023-05-01 13:34:07,416 [INFO] 0.8902 4451.0
"2023-05-01 13:34:07,924 [INFO] 0.9002 4501.0
"2023-05-01 13:34:08,415 [INFO] 0.9102 4551.0
"2023-05-01 13:34:08,920 [INFO] 0.9202 4601.0
"2023-05-01 13:34:09,421 [INFO] 0.9302 4651.0
"2023-05-01 13:34:09,914 [INFO] 0.9402 4701.0
"2023-05-01 13:34:10,430 [INFO] 0.9502 4751.0
"2023-05-01 13:34:10,928 [INFO] 0.9602 4801.0
"2023-05-01 13:34:11,416 [INFO] 0.9702 4851.0
"2023-05-01 13:34:11,918 [INFO] 0.9802 4901.0
"2023-05-01 13:34:12,428 [INFO] 0.9902 4951.0
"2023-05-01 13:34:12,918 [INFO] 1.0002 5001.0
"2023-05-01 13:34:13,420 [INFO] Terminating simulation...
