"2023-05-01 12:51:39,177 [INFO] Reporter Initialized!
"2023-05-01 12:51:39,178 [INFO] Reporter LEVEL: info
"2023-05-01 12:51:39,180 [INFO] Initializing all necessary class instances
"2023-05-01 12:51:39,203 [INFO] Creating and Configuring MAPort...
"2023-05-01 12:51:42,664 [INFO] Adding Start and StopTrigger...
"2023-05-01 12:51:42,665 [INFO] Starting simulation...
"2023-05-01 12:51:42,705 [INFO] 0.0002 1.0
"2023-05-01 12:51:43,523 [INFO] 0.0004 2.0
"2023-05-01 12:51:43,530 [INFO] 0.0006 3.0
"2023-05-01 12:51:43,540 [INFO] 0.0008 4.0
"2023-05-01 12:51:43,547 [INFO] 0.001 5.0
"2023-05-01 12:51:43,557 [INFO] 0.0012 6.0
"2023-05-01 12:51:43,565 [INFO] 0.0014 7.0
"2023-05-01 12:51:43,573 [INFO] 0.0016 8.0
"2023-05-01 12:51:43,582 [INFO] 0.0018 9.0
"2023-05-01 12:51:43,591 [INFO] 0.002 10.0
"2023-05-01 12:51:43,599 [INFO] 0.0022 11.0
"2023-05-01 12:51:43,609 [INFO] 0.0024 12.0
"2023-05-01 12:51:43,630 [INFO] 0.0026 13.0
"2023-05-01 12:51:43,635 [INFO] 0.0028 14.0
"2023-05-01 12:51:43,644 [INFO] 0.003 15.0
"2023-05-01 12:51:43,653 [INFO] 0.0032 16.0
"2023-05-01 12:51:43,662 [INFO] 0.0034 17.0
"2023-05-01 12:51:43,670 [INFO] 0.0036 18.0
"2023-05-01 12:51:43,679 [INFO] 0.0038 19.0
"2023-05-01 12:51:43,701 [INFO] 0.004 20.0
"2023-05-01 12:51:43,708 [INFO] 0.0042 21.0
"2023-05-01 12:51:43,716 [INFO] 0.0044 22.0
"2023-05-01 12:51:43,724 [INFO] 0.0046 23.0
"2023-05-01 12:51:43,733 [INFO] 0.0048 24.0
"2023-05-01 12:51:43,743 [INFO] 0.005 25.0
"2023-05-01 12:51:43,752 [INFO] 0.0052 26.0
"2023-05-01 12:51:43,777 [INFO] 0.0054 27.0
"2023-05-01 12:51:43,786 [INFO] 0.0056 28.0
"2023-05-01 12:51:43,794 [INFO] 0.0058 29.0
"2023-05-01 12:51:43,802 [INFO] 0.006 30.0
"2023-05-01 12:51:43,811 [INFO] 0.0062 31.0
"2023-05-01 12:51:43,820 [INFO] 0.0064 32.0
"2023-05-01 12:51:43,829 [INFO] 0.0066 33.0
"2023-05-01 12:51:43,838 [INFO] 0.0068 34.0
"2023-05-01 12:51:43,848 [INFO] 0.007 35.0
"2023-05-01 12:51:43,858 [INFO] 0.0072 36.0
"2023-05-01 12:51:43,868 [INFO] 0.0074 37.0
"2023-05-01 12:51:43,884 [INFO] 0.0076 38.0
"2023-05-01 12:51:43,894 [INFO] 0.0078 39.0
"2023-05-01 12:51:43,905 [INFO] 0.008 40.0
"2023-05-01 12:51:43,917 [INFO] 0.0082 41.0
"2023-05-01 12:51:43,928 [INFO] 0.0084 42.0
"2023-05-01 12:51:43,940 [INFO] 0.0086 43.0
"2023-05-01 12:51:43,952 [INFO] 0.0088 44.0
"2023-05-01 12:51:43,964 [INFO] 0.009 45.0
"2023-05-01 12:51:43,977 [INFO] 0.0092 46.0
"2023-05-01 12:51:43,990 [INFO] 0.0094 47.0
"2023-05-01 12:51:44,004 [INFO] 0.0096 48.0
"2023-05-01 12:51:44,018 [INFO] 0.0098 49.0
"2023-05-01 12:51:44,033 [INFO] 0.01 50.0
"2023-05-01 12:51:44,047 [INFO] 0.0102 51.0
"2023-05-01 12:51:44,063 [INFO] 0.0104 52.0
"2023-05-01 12:51:44,078 [INFO] 0.0106 53.0
"2023-05-01 12:51:44,095 [INFO] 0.0108 54.0
"2023-05-01 12:51:44,119 [INFO] 0.011 55.0
"2023-05-01 12:51:44,138 [INFO] 0.0112 56.0
"2023-05-01 12:51:44,155 [INFO] 0.0114 57.0
"2023-05-01 12:51:44,174 [INFO] 0.0116 58.0
"2023-05-01 12:51:44,193 [INFO] 0.0118 59.0
"2023-05-01 12:51:44,213 [INFO] 0.012 60.0
"2023-05-01 12:51:44,232 [INFO] 0.0122 61.0
"2023-05-01 12:51:44,253 [INFO] 0.0124 62.0
"2023-05-01 12:51:44,274 [INFO] 0.0126 63.0
"2023-05-01 12:51:44,296 [INFO] 0.0128 64.0
"2023-05-01 12:51:44,318 [INFO] 0.013 65.0
"2023-05-01 12:51:44,350 [INFO] 0.0132 66.0
"2023-05-01 12:51:44,375 [INFO] 0.0134 67.0
"2023-05-01 12:51:44,399 [INFO] 0.0136 68.0
"2023-05-01 12:51:44,424 [INFO] 0.0138 69.0
"2023-05-01 12:51:44,449 [INFO] 0.014 70.0
"2023-05-01 12:51:44,475 [INFO] 0.0142 71.0
"2023-05-01 12:51:44,502 [INFO] 0.0144 72.0
"2023-05-01 12:51:44,530 [INFO] 0.0146 73.0
"2023-05-01 12:51:44,557 [INFO] 0.0148 74.0
"2023-05-01 12:51:44,584 [INFO] 0.015 75.0
"2023-05-01 12:51:44,612 [INFO] 0.0152 76.0
"2023-05-01 12:51:44,639 [INFO] 0.0154 77.0
"2023-05-01 12:51:44,666 [INFO] 0.0156 78.0
"2023-05-01 12:51:44,693 [INFO] 0.0158 79.0
"2023-05-01 12:51:44,721 [INFO] 0.016 80.0
"2023-05-01 12:51:44,750 [INFO] 0.0162 81.0
"2023-05-01 12:51:44,777 [INFO] 0.0164 82.0
"2023-05-01 12:51:44,805 [INFO] 0.0166 83.0
"2023-05-01 12:51:44,833 [INFO] 0.0168 84.0
"2023-05-01 12:51:44,860 [INFO] 0.017 85.0
"2023-05-01 12:51:44,888 [INFO] 0.0172 86.0
"2023-05-01 12:51:44,916 [INFO] 0.0174 87.0
"2023-05-01 12:51:44,943 [INFO] 0.0176 88.0
"2023-05-01 12:51:44,971 [INFO] 0.0178 89.0
"2023-05-01 12:51:44,999 [INFO] 0.018 90.0
"2023-05-01 12:51:45,027 [INFO] 0.0182 91.0
"2023-05-01 12:51:45,055 [INFO] 0.0184 92.0
"2023-05-01 12:51:45,082 [INFO] 0.0186 93.0
"2023-05-01 12:51:45,110 [INFO] 0.0188 94.0
"2023-05-01 12:51:45,138 [INFO] 0.019 95.0
"2023-05-01 12:51:45,166 [INFO] 0.0192 96.0
"2023-05-01 12:51:45,195 [INFO] 0.0194 97.0
"2023-05-01 12:51:45,223 [INFO] 0.0196 98.0
"2023-05-01 12:51:45,252 [INFO] 0.0198 99.0
"2023-05-01 12:51:45,281 [INFO] 0.02 100.0
"2023-05-01 12:51:45,309 [INFO] 0.0202 101.0
"2023-05-01 12:51:45,337 [INFO] 0.0204 102.0
"2023-05-01 12:51:45,365 [INFO] 0.0206 103.0
"2023-05-01 12:51:45,393 [INFO] 0.0208 104.0
"2023-05-01 12:51:45,420 [INFO] 0.021 105.0
"2023-05-01 12:51:45,448 [INFO] 0.0212 106.0
"2023-05-01 12:51:45,476 [INFO] 0.0214 107.0
"2023-05-01 12:51:45,504 [INFO] 0.0216 108.0
"2023-05-01 12:51:45,532 [INFO] 0.0218 109.0
"2023-05-01 12:51:45,561 [INFO] 0.022 110.0
"2023-05-01 12:51:45,588 [INFO] 0.0222 111.0
"2023-05-01 12:51:45,617 [INFO] 0.0224 112.0
"2023-05-01 12:51:45,644 [INFO] 0.0226 113.0
"2023-05-01 12:51:45,673 [INFO] 0.0228 114.0
"2023-05-01 12:51:45,701 [INFO] 0.023 115.0
"2023-05-01 12:51:45,729 [INFO] 0.0232 116.0
"2023-05-01 12:51:45,757 [INFO] 0.0234 117.0
"2023-05-01 12:51:45,785 [INFO] 0.0236 118.0
"2023-05-01 12:51:45,813 [INFO] 0.0238 119.0
"2023-05-01 12:51:45,841 [INFO] 0.024 120.0
"2023-05-01 12:51:45,869 [INFO] 0.0242 121.0
"2023-05-01 12:51:45,897 [INFO] 0.0244 122.0
"2023-05-01 12:51:45,925 [INFO] 0.0246 123.0
"2023-05-01 12:51:45,953 [INFO] 0.0248 124.0
"2023-05-01 12:51:45,982 [INFO] 0.025 125.0
"2023-05-01 12:51:46,009 [INFO] 0.0252 126.0
"2023-05-01 12:51:46,038 [INFO] 0.0254 127.0
"2023-05-01 12:51:46,066 [INFO] 0.0256 128.0
"2023-05-01 12:51:46,094 [INFO] 0.0258 129.0
"2023-05-01 12:51:46,122 [INFO] 0.026 130.0
"2023-05-01 12:51:46,150 [INFO] 0.0262 131.0
"2023-05-01 12:51:46,180 [INFO] 0.0264 132.0
"2023-05-01 12:51:46,208 [INFO] 0.0266 133.0
"2023-05-01 12:51:46,236 [INFO] 0.0268 134.0
"2023-05-01 12:51:46,264 [INFO] 0.027 135.0
"2023-05-01 12:51:46,292 [INFO] 0.0272 136.0
"2023-05-01 12:51:46,320 [INFO] 0.0274 137.0
"2023-05-01 12:51:46,348 [INFO] 0.0276 138.0
"2023-05-01 12:51:46,377 [INFO] 0.0278 139.0
"2023-05-01 12:51:46,405 [INFO] 0.028 140.0
"2023-05-01 12:51:46,433 [INFO] 0.0282 141.0
"2023-05-01 12:51:46,461 [INFO] 0.0284 142.0
"2023-05-01 12:51:46,489 [INFO] 0.0286 143.0
"2023-05-01 12:51:46,518 [INFO] 0.0288 144.0
"2023-05-01 12:51:46,545 [INFO] 0.029 145.0
"2023-05-01 12:51:46,573 [INFO] 0.0292 146.0
"2023-05-01 12:51:46,601 [INFO] 0.0294 147.0
"2023-05-01 12:51:46,629 [INFO] 0.0296 148.0
"2023-05-01 12:51:46,657 [INFO] 0.0298 149.0
"2023-05-01 12:51:46,685 [INFO] 0.03 150.0
"2023-05-01 12:51:46,713 [INFO] 0.0302 151.0
"2023-05-01 12:51:46,741 [INFO] 0.0304 152.0
"2023-05-01 12:51:46,770 [INFO] 0.0306 153.0
"2023-05-01 12:51:46,798 [INFO] 0.0308 154.0
"2023-05-01 12:51:46,826 [INFO] 0.031 155.0
"2023-05-01 12:51:46,855 [INFO] 0.0312 156.0
"2023-05-01 12:51:46,883 [INFO] 0.0314 157.0
"2023-05-01 12:51:46,911 [INFO] 0.0316 158.0
"2023-05-01 12:51:46,941 [INFO] 0.0318 159.0
"2023-05-01 12:51:46,969 [INFO] 0.032 160.0
"2023-05-01 12:51:46,997 [INFO] 0.0322 161.0
"2023-05-01 12:51:47,025 [INFO] 0.0324 162.0
"2023-05-01 12:51:47,053 [INFO] 0.0326 163.0
"2023-05-01 12:51:47,081 [INFO] 0.0328 164.0
"2023-05-01 12:51:47,109 [INFO] 0.033 165.0
"2023-05-01 12:51:47,137 [INFO] 0.0332 166.0
"2023-05-01 12:51:47,165 [INFO] 0.0334 167.0
"2023-05-01 12:51:47,193 [INFO] 0.0336 168.0
"2023-05-01 12:51:47,221 [INFO] 0.0338 169.0
"2023-05-01 12:51:47,249 [INFO] 0.034 170.0
"2023-05-01 12:51:47,276 [INFO] 0.0342 171.0
"2023-05-01 12:51:47,304 [INFO] 0.0344 172.0
"2023-05-01 12:51:47,332 [INFO] 0.0346 173.0
"2023-05-01 12:51:47,359 [INFO] 0.0348 174.0
"2023-05-01 12:51:47,387 [INFO] 0.035 175.0
"2023-05-01 12:51:47,415 [INFO] 0.0352 176.0
"2023-05-01 12:51:47,445 [INFO] 0.0354 177.0
"2023-05-01 12:51:47,472 [INFO] 0.0356 178.0
"2023-05-01 12:51:47,500 [INFO] 0.0358 179.0
"2023-05-01 12:51:47,528 [INFO] 0.036 180.0
"2023-05-01 12:51:47,556 [INFO] 0.0362 181.0
"2023-05-01 12:51:47,583 [INFO] 0.0364 182.0
"2023-05-01 12:51:47,611 [INFO] 0.0366 183.0
"2023-05-01 12:51:47,639 [INFO] 0.0368 184.0
"2023-05-01 12:51:47,667 [INFO] 0.037 185.0
"2023-05-01 12:51:47,696 [INFO] 0.0372 186.0
"2023-05-01 12:51:47,725 [INFO] 0.0374 187.0
"2023-05-01 12:51:47,753 [INFO] 0.0376 188.0
"2023-05-01 12:51:47,782 [INFO] 0.0378 189.0
"2023-05-01 12:51:47,810 [INFO] 0.038 190.0
"2023-05-01 12:51:47,838 [INFO] 0.0382 191.0
"2023-05-01 12:51:47,866 [INFO] 0.0384 192.0
"2023-05-01 12:51:47,894 [INFO] 0.0386 193.0
"2023-05-01 12:51:47,922 [INFO] 0.0388 194.0
"2023-05-01 12:51:47,951 [INFO] 0.039 195.0
"2023-05-01 12:51:47,978 [INFO] 0.0392 196.0
"2023-05-01 12:51:48,006 [INFO] 0.0394 197.0
"2023-05-01 12:51:48,035 [INFO] 0.0396 198.0
"2023-05-01 12:51:48,063 [INFO] 0.0398 199.0
"2023-05-01 12:51:48,091 [INFO] 0.04 200.0
"2023-05-01 12:51:48,119 [INFO] 0.0402 201.0
"2023-05-01 12:51:48,147 [INFO] 0.0404 202.0
"2023-05-01 12:51:48,175 [INFO] 0.0406 203.0
"2023-05-01 12:51:48,203 [INFO] 0.0408 204.0
"2023-05-01 12:51:48,231 [INFO] 0.041 205.0
"2023-05-01 12:51:48,259 [INFO] 0.0412 206.0
"2023-05-01 12:51:48,287 [INFO] 0.0414 207.0
"2023-05-01 12:51:48,314 [INFO] 0.0416 208.0
"2023-05-01 12:51:48,342 [INFO] 0.0418 209.0
"2023-05-01 12:51:48,370 [INFO] 0.042 210.0
"2023-05-01 12:51:48,399 [INFO] 0.0422 211.0
"2023-05-01 12:51:48,427 [INFO] 0.0424 212.0
"2023-05-01 12:51:48,454 [INFO] 0.0426 213.0
"2023-05-01 12:51:48,483 [INFO] 0.0428 214.0
"2023-05-01 12:51:48,511 [INFO] 0.043 215.0
"2023-05-01 12:51:48,539 [INFO] 0.0432 216.0
"2023-05-01 12:51:48,568 [INFO] 0.0434 217.0
"2023-05-01 12:51:48,596 [INFO] 0.0436 218.0
"2023-05-01 12:51:48,624 [INFO] 0.0438 219.0
"2023-05-01 12:51:48,652 [INFO] 0.044 220.0
"2023-05-01 12:51:48,679 [INFO] 0.0442 221.0
"2023-05-01 12:51:48,708 [INFO] 0.0444 222.0
"2023-05-01 12:51:48,736 [INFO] 0.0446 223.0
"2023-05-01 12:51:48,764 [INFO] 0.0448 224.0
"2023-05-01 12:51:48,792 [INFO] 0.045 225.0
"2023-05-01 12:51:48,820 [INFO] 0.0452 226.0
"2023-05-01 12:51:48,847 [INFO] 0.0454 227.0
"2023-05-01 12:51:48,875 [INFO] 0.0456 228.0
"2023-05-01 12:51:48,903 [INFO] 0.0458 229.0
"2023-05-01 12:51:48,930 [INFO] 0.046 230.0
"2023-05-01 12:51:48,958 [INFO] 0.0462 231.0
"2023-05-01 12:51:48,986 [INFO] 0.0464 232.0
"2023-05-01 12:51:49,015 [INFO] 0.0466 233.0
"2023-05-01 12:51:49,042 [INFO] 0.0468 234.0
"2023-05-01 12:51:49,070 [INFO] 0.047 235.0
"2023-05-01 12:51:49,098 [INFO] 0.0472 236.0
"2023-05-01 12:51:49,126 [INFO] 0.0474 237.0
"2023-05-01 12:51:49,154 [INFO] 0.0476 238.0
"2023-05-01 12:51:49,182 [INFO] 0.0478 239.0
"2023-05-01 12:51:49,210 [INFO] 0.048 240.0
"2023-05-01 12:51:49,238 [INFO] 0.0482 241.0
"2023-05-01 12:51:49,266 [INFO] 0.0484 242.0
"2023-05-01 12:51:49,294 [INFO] 0.0486 243.0
"2023-05-01 12:51:49,322 [INFO] 0.0488 244.0
"2023-05-01 12:51:49,351 [INFO] 0.049 245.0
"2023-05-01 12:51:49,380 [INFO] 0.0492 246.0
"2023-05-01 12:51:49,408 [INFO] 0.0494 247.0
"2023-05-01 12:51:49,436 [INFO] 0.0496 248.0
"2023-05-01 12:51:49,464 [INFO] 0.0498 249.0
"2023-05-01 12:51:49,492 [INFO] 0.05 250.0
"2023-05-01 12:51:49,520 [INFO] 0.0502 251.0
"2023-05-01 12:51:49,548 [INFO] 0.0504 252.0
"2023-05-01 12:51:49,576 [INFO] 0.0506 253.0
"2023-05-01 12:51:49,606 [INFO] 0.0508 254.0
"2023-05-01 12:51:49,635 [INFO] 0.051 255.0
"2023-05-01 12:51:49,663 [INFO] 0.0512 256.0
"2023-05-01 12:51:49,691 [INFO] 0.0514 257.0
"2023-05-01 12:51:49,719 [INFO] 0.0516 258.0
"2023-05-01 12:51:49,747 [INFO] 0.0518 259.0
"2023-05-01 12:51:49,775 [INFO] 0.052 260.0
"2023-05-01 12:51:49,802 [INFO] 0.0522 261.0
"2023-05-01 12:51:49,830 [INFO] 0.0524 262.0
"2023-05-01 12:51:49,858 [INFO] 0.0526 263.0
"2023-05-01 12:51:49,886 [INFO] 0.0528 264.0
"2023-05-01 12:51:49,913 [INFO] 0.053 265.0
"2023-05-01 12:51:49,941 [INFO] 0.0532 266.0
"2023-05-01 12:51:49,969 [INFO] 0.0534 267.0
"2023-05-01 12:51:49,997 [INFO] 0.0536 268.0
"2023-05-01 12:51:50,025 [INFO] 0.0538 269.0
"2023-05-01 12:51:50,052 [INFO] 0.054 270.0
"2023-05-01 12:51:50,081 [INFO] 0.0542 271.0
"2023-05-01 12:51:50,109 [INFO] 0.0544 272.0
"2023-05-01 12:51:50,137 [INFO] 0.0546 273.0
"2023-05-01 12:51:50,165 [INFO] 0.0548 274.0
"2023-05-01 12:51:50,193 [INFO] 0.055 275.0
"2023-05-01 12:51:50,221 [INFO] 0.0552 276.0
"2023-05-01 12:51:50,248 [INFO] 0.0554 277.0
"2023-05-01 12:51:50,276 [INFO] 0.0556 278.0
"2023-05-01 12:51:50,304 [INFO] 0.0558 279.0
"2023-05-01 12:51:50,332 [INFO] 0.056 280.0
"2023-05-01 12:51:50,360 [INFO] 0.0562 281.0
"2023-05-01 12:51:50,388 [INFO] 0.0564 282.0
"2023-05-01 12:51:50,415 [INFO] 0.0566 283.0
"2023-05-01 12:51:50,444 [INFO] 0.0568 284.0
"2023-05-01 12:51:50,472 [INFO] 0.057 285.0
"2023-05-01 12:51:50,499 [INFO] 0.0572 286.0
"2023-05-01 12:51:50,527 [INFO] 0.0574 287.0
"2023-05-01 12:51:50,555 [INFO] 0.0576 288.0
"2023-05-01 12:51:50,583 [INFO] 0.0578 289.0
"2023-05-01 12:51:50,611 [INFO] 0.058 290.0
"2023-05-01 12:51:50,639 [INFO] 0.0582 291.0
"2023-05-01 12:51:50,667 [INFO] 0.0584 292.0
"2023-05-01 12:51:50,694 [INFO] 0.0586 293.0
"2023-05-01 12:51:50,722 [INFO] 0.0588 294.0
"2023-05-01 12:51:50,750 [INFO] 0.059 295.0
"2023-05-01 12:51:50,778 [INFO] 0.0592 296.0
"2023-05-01 12:51:50,806 [INFO] 0.0594 297.0
"2023-05-01 12:51:50,834 [INFO] 0.0596 298.0
"2023-05-01 12:51:50,861 [INFO] 0.0598 299.0
"2023-05-01 12:51:50,889 [INFO] 0.06 300.0
"2023-05-01 12:51:50,917 [INFO] 0.0602 301.0
"2023-05-01 12:51:50,944 [INFO] 0.0604 302.0
"2023-05-01 12:51:50,972 [INFO] 0.0606 303.0
"2023-05-01 12:51:50,999 [INFO] 0.0608 304.0
"2023-05-01 12:51:51,027 [INFO] 0.061 305.0
"2023-05-01 12:51:51,056 [INFO] 0.0612 306.0
"2023-05-01 12:51:51,083 [INFO] 0.0614 307.0
"2023-05-01 12:51:51,111 [INFO] 0.0616 308.0
"2023-05-01 12:51:51,139 [INFO] 0.0618 309.0
"2023-05-01 12:51:51,167 [INFO] 0.062 310.0
"2023-05-01 12:51:51,195 [INFO] 0.0622 311.0
"2023-05-01 12:51:51,222 [INFO] 0.0624 312.0
"2023-05-01 12:51:51,249 [INFO] 0.0626 313.0
"2023-05-01 12:51:51,278 [INFO] 0.0628 314.0
"2023-05-01 12:51:51,306 [INFO] 0.063 315.0
"2023-05-01 12:51:51,333 [INFO] 0.0632 316.0
"2023-05-01 12:51:51,361 [INFO] 0.0634 317.0
"2023-05-01 12:51:51,389 [INFO] 0.0636 318.0
"2023-05-01 12:51:51,417 [INFO] 0.0638 319.0
"2023-05-01 12:51:51,445 [INFO] 0.064 320.0
"2023-05-01 12:51:51,472 [INFO] 0.0642 321.0
"2023-05-01 12:51:51,500 [INFO] 0.0644 322.0
"2023-05-01 12:51:51,528 [INFO] 0.0646 323.0
"2023-05-01 12:51:51,556 [INFO] 0.0648 324.0
"2023-05-01 12:51:51,584 [INFO] 0.065 325.0
"2023-05-01 12:51:51,612 [INFO] 0.0652 326.0
"2023-05-01 12:51:51,640 [INFO] 0.0654 327.0
"2023-05-01 12:51:51,668 [INFO] 0.0656 328.0
"2023-05-01 12:51:51,696 [INFO] 0.0658 329.0
"2023-05-01 12:51:51,724 [INFO] 0.066 330.0
"2023-05-01 12:51:51,753 [INFO] 0.0662 331.0
"2023-05-01 12:51:51,782 [INFO] 0.0664 332.0
"2023-05-01 12:51:51,811 [INFO] 0.0666 333.0
"2023-05-01 12:51:51,839 [INFO] 0.0668 334.0
"2023-05-01 12:51:51,868 [INFO] 0.067 335.0
"2023-05-01 12:51:51,895 [INFO] 0.0672 336.0
"2023-05-01 12:51:51,924 [INFO] 0.0674 337.0
"2023-05-01 12:51:51,952 [INFO] 0.0676 338.0
"2023-05-01 12:51:51,981 [INFO] 0.0678 339.0
"2023-05-01 12:51:52,009 [INFO] 0.068 340.0
"2023-05-01 12:51:52,037 [INFO] 0.0682 341.0
"2023-05-01 12:51:52,065 [INFO] 0.0684 342.0
"2023-05-01 12:51:52,093 [INFO] 0.0686 343.0
"2023-05-01 12:51:52,120 [INFO] 0.0688 344.0
"2023-05-01 12:51:52,150 [INFO] 0.069 345.0
"2023-05-01 12:51:52,178 [INFO] 0.0692 346.0
"2023-05-01 12:51:52,205 [INFO] 0.0694 347.0
"2023-05-01 12:51:52,233 [INFO] 0.0696 348.0
"2023-05-01 12:51:52,261 [INFO] 0.0698 349.0
"2023-05-01 12:51:52,289 [INFO] 0.07 350.0
"2023-05-01 12:51:52,316 [INFO] 0.0702 351.0
"2023-05-01 12:51:52,344 [INFO] 0.0704 352.0
"2023-05-01 12:51:52,372 [INFO] 0.0706 353.0
"2023-05-01 12:51:52,399 [INFO] 0.0708 354.0
"2023-05-01 12:51:52,427 [INFO] 0.071 355.0
"2023-05-01 12:51:52,456 [INFO] 0.0712 356.0
"2023-05-01 12:51:52,484 [INFO] 0.0714 357.0
"2023-05-01 12:51:52,512 [INFO] 0.0716 358.0
"2023-05-01 12:51:52,540 [INFO] 0.0718 359.0
"2023-05-01 12:51:52,568 [INFO] 0.072 360.0
"2023-05-01 12:51:52,595 [INFO] 0.0722 361.0
"2023-05-01 12:51:52,623 [INFO] 0.0724 362.0
"2023-05-01 12:51:52,651 [INFO] 0.0726 363.0
"2023-05-01 12:51:52,679 [INFO] 0.0728 364.0
"2023-05-01 12:51:52,707 [INFO] 0.073 365.0
"2023-05-01 12:51:52,735 [INFO] 0.0732 366.0
"2023-05-01 12:51:52,763 [INFO] 0.0734 367.0
"2023-05-01 12:51:52,791 [INFO] 0.0736 368.0
"2023-05-01 12:51:52,819 [INFO] 0.0738 369.0
"2023-05-01 12:51:52,847 [INFO] 0.074 370.0
"2023-05-01 12:51:52,876 [INFO] 0.0742 371.0
"2023-05-01 12:51:52,904 [INFO] 0.0744 372.0
"2023-05-01 12:51:52,932 [INFO] 0.0746 373.0
"2023-05-01 12:51:52,960 [INFO] 0.0748 374.0
"2023-05-01 12:51:52,988 [INFO] 0.075 375.0
"2023-05-01 12:51:53,016 [INFO] 0.0752 376.0
"2023-05-01 12:51:53,044 [INFO] 0.0754 377.0
"2023-05-01 12:51:53,073 [INFO] 0.0756 378.0
"2023-05-01 12:51:53,100 [INFO] 0.0758 379.0
"2023-05-01 12:51:53,128 [INFO] 0.076 380.0
"2023-05-01 12:51:53,156 [INFO] 0.0762 381.0
"2023-05-01 12:51:53,184 [INFO] 0.0764 382.0
"2023-05-01 12:51:53,212 [INFO] 0.0766 383.0
"2023-05-01 12:51:53,240 [INFO] 0.0768 384.0
"2023-05-01 12:51:53,268 [INFO] 0.077 385.0
"2023-05-01 12:51:53,295 [INFO] 0.0772 386.0
"2023-05-01 12:51:53,323 [INFO] 0.0774 387.0
"2023-05-01 12:51:53,351 [INFO] 0.0776 388.0
"2023-05-01 12:51:53,379 [INFO] 0.0778 389.0
"2023-05-01 12:51:53,407 [INFO] 0.078 390.0
"2023-05-01 12:51:53,435 [INFO] 0.0782 391.0
"2023-05-01 12:51:53,463 [INFO] 0.0784 392.0
"2023-05-01 12:51:53,491 [INFO] 0.0786 393.0
"2023-05-01 12:51:53,518 [INFO] 0.0788 394.0
"2023-05-01 12:51:53,546 [INFO] 0.079 395.0
"2023-05-01 12:51:53,574 [INFO] 0.0792 396.0
"2023-05-01 12:51:53,602 [INFO] 0.0794 397.0
"2023-05-01 12:51:53,630 [INFO] 0.0796 398.0
"2023-05-01 12:51:53,658 [INFO] 0.0798 399.0
"2023-05-01 12:51:53,686 [INFO] 0.08 400.0
"2023-05-01 12:51:53,714 [INFO] 0.0802 401.0
"2023-05-01 12:51:53,742 [INFO] 0.0804 402.0
"2023-05-01 12:51:53,770 [INFO] 0.0806 403.0
"2023-05-01 12:51:53,798 [INFO] 0.0808 404.0
"2023-05-01 12:51:53,825 [INFO] 0.081 405.0
"2023-05-01 12:51:53,853 [INFO] 0.0812 406.0
"2023-05-01 12:51:53,881 [INFO] 0.0814 407.0
"2023-05-01 12:51:53,909 [INFO] 0.0816 408.0
"2023-05-01 12:51:53,937 [INFO] 0.0818 409.0
"2023-05-01 12:51:53,965 [INFO] 0.082 410.0
"2023-05-01 12:51:53,992 [INFO] 0.0822 411.0
"2023-05-01 12:51:54,021 [INFO] 0.0824 412.0
"2023-05-01 12:51:54,049 [INFO] 0.0826 413.0
"2023-05-01 12:51:54,077 [INFO] 0.0828 414.0
"2023-05-01 12:51:54,104 [INFO] 0.083 415.0
"2023-05-01 12:51:54,133 [INFO] 0.0832 416.0
"2023-05-01 12:51:54,161 [INFO] 0.0834 417.0
"2023-05-01 12:51:54,188 [INFO] 0.0836 418.0
"2023-05-01 12:51:54,216 [INFO] 0.0838 419.0
"2023-05-01 12:51:54,244 [INFO] 0.084 420.0
"2023-05-01 12:51:54,272 [INFO] 0.0842 421.0
"2023-05-01 12:51:54,299 [INFO] 0.0844 422.0
"2023-05-01 12:51:54,327 [INFO] 0.0846 423.0
"2023-05-01 12:51:54,355 [INFO] 0.0848 424.0
"2023-05-01 12:51:54,383 [INFO] 0.085 425.0
"2023-05-01 12:51:54,411 [INFO] 0.0852 426.0
"2023-05-01 12:51:54,439 [INFO] 0.0854 427.0
"2023-05-01 12:51:54,467 [INFO] 0.0856 428.0
"2023-05-01 12:51:54,494 [INFO] 0.0858 429.0
"2023-05-01 12:51:54,522 [INFO] 0.086 430.0
"2023-05-01 12:51:54,550 [INFO] 0.0862 431.0
"2023-05-01 12:51:54,579 [INFO] 0.0864 432.0
"2023-05-01 12:51:54,606 [INFO] 0.0866 433.0
"2023-05-01 12:51:54,634 [INFO] 0.0868 434.0
"2023-05-01 12:51:54,662 [INFO] 0.087 435.0
"2023-05-01 12:51:54,690 [INFO] 0.0872 436.0
"2023-05-01 12:51:54,718 [INFO] 0.0874 437.0
"2023-05-01 12:51:54,746 [INFO] 0.0876 438.0
"2023-05-01 12:51:54,776 [INFO] 0.0878 439.0
"2023-05-01 12:51:54,804 [INFO] 0.088 440.0
"2023-05-01 12:51:54,832 [INFO] 0.0882 441.0
"2023-05-01 12:51:54,860 [INFO] 0.0884 442.0
"2023-05-01 12:51:54,888 [INFO] 0.0886 443.0
"2023-05-01 12:51:54,915 [INFO] 0.0888 444.0
"2023-05-01 12:51:54,943 [INFO] 0.089 445.0
"2023-05-01 12:51:54,971 [INFO] 0.0892 446.0
"2023-05-01 12:51:54,999 [INFO] 0.0894 447.0
"2023-05-01 12:51:55,027 [INFO] 0.0896 448.0
"2023-05-01 12:51:55,055 [INFO] 0.0898 449.0
"2023-05-01 12:51:55,082 [INFO] 0.09 450.0
"2023-05-01 12:51:55,110 [INFO] 0.0902 451.0
"2023-05-01 12:51:55,138 [INFO] 0.0904 452.0
"2023-05-01 12:51:55,166 [INFO] 0.0906 453.0
"2023-05-01 12:51:55,194 [INFO] 0.0908 454.0
"2023-05-01 12:51:55,222 [INFO] 0.091 455.0
"2023-05-01 12:51:55,250 [INFO] 0.0912 456.0
"2023-05-01 12:51:55,278 [INFO] 0.0914 457.0
"2023-05-01 12:51:55,306 [INFO] 0.0916 458.0
"2023-05-01 12:51:55,334 [INFO] 0.0918 459.0
"2023-05-01 12:51:55,362 [INFO] 0.092 460.0
"2023-05-01 12:51:55,390 [INFO] 0.0922 461.0
"2023-05-01 12:51:55,419 [INFO] 0.0924 462.0
"2023-05-01 12:51:55,446 [INFO] 0.0926 463.0
"2023-05-01 12:51:55,474 [INFO] 0.0928 464.0
"2023-05-01 12:51:55,503 [INFO] 0.093 465.0
"2023-05-01 12:51:55,531 [INFO] 0.0932 466.0
"2023-05-01 12:51:55,559 [INFO] 0.0934 467.0
"2023-05-01 12:51:55,587 [INFO] 0.0936 468.0
"2023-05-01 12:51:55,614 [INFO] 0.0938 469.0
"2023-05-01 12:51:55,642 [INFO] 0.094 470.0
"2023-05-01 12:51:55,670 [INFO] 0.0942 471.0
"2023-05-01 12:51:55,698 [INFO] 0.0944 472.0
"2023-05-01 12:51:55,726 [INFO] 0.0946 473.0
"2023-05-01 12:51:55,754 [INFO] 0.0948 474.0
"2023-05-01 12:51:55,782 [INFO] 0.095 475.0
"2023-05-01 12:51:55,810 [INFO] 0.0952 476.0
"2023-05-01 12:51:55,838 [INFO] 0.0954 477.0
"2023-05-01 12:51:55,866 [INFO] 0.0956 478.0
"2023-05-01 12:51:55,894 [INFO] 0.0958 479.0
"2023-05-01 12:51:55,922 [INFO] 0.096 480.0
"2023-05-01 12:51:55,950 [INFO] 0.0962 481.0
"2023-05-01 12:51:55,978 [INFO] 0.0964 482.0
"2023-05-01 12:51:56,006 [INFO] 0.0966 483.0
"2023-05-01 12:51:56,034 [INFO] 0.0968 484.0
"2023-05-01 12:51:56,062 [INFO] 0.097 485.0
"2023-05-01 12:51:56,091 [INFO] 0.0972 486.0
"2023-05-01 12:51:56,119 [INFO] 0.0974 487.0
"2023-05-01 12:51:56,146 [INFO] 0.0976 488.0
"2023-05-01 12:51:56,174 [INFO] 0.0978 489.0
"2023-05-01 12:51:56,202 [INFO] 0.098 490.0
"2023-05-01 12:51:56,230 [INFO] 0.0982 491.0
"2023-05-01 12:51:56,258 [INFO] 0.0984 492.0
"2023-05-01 12:51:56,286 [INFO] 0.0986 493.0
"2023-05-01 12:51:56,314 [INFO] 0.0988 494.0
"2023-05-01 12:51:56,341 [INFO] 0.099 495.0
"2023-05-01 12:51:56,369 [INFO] 0.0992 496.0
"2023-05-01 12:51:56,397 [INFO] 0.0994 497.0
"2023-05-01 12:51:56,426 [INFO] 0.0996 498.0
"2023-05-01 12:51:56,453 [INFO] 0.0998 499.0
"2023-05-01 12:51:56,481 [INFO] 0.1 500.0
"2023-05-01 12:51:56,509 [INFO] 0.1002 501.0
"2023-05-01 12:51:56,538 [INFO] 0.1004 502.0
"2023-05-01 12:51:56,566 [INFO] 0.1006 503.0
"2023-05-01 12:51:56,593 [INFO] 0.1008 504.0
"2023-05-01 12:51:56,621 [INFO] 0.101 505.0
"2023-05-01 12:51:56,649 [INFO] 0.1012 506.0
"2023-05-01 12:51:56,678 [INFO] 0.1014 507.0
"2023-05-01 12:51:56,705 [INFO] 0.1016 508.0
"2023-05-01 12:51:56,733 [INFO] 0.1018 509.0
"2023-05-01 12:51:56,762 [INFO] 0.102 510.0
"2023-05-01 12:51:56,790 [INFO] 0.1022 511.0
"2023-05-01 12:51:56,818 [INFO] 0.1024 512.0
"2023-05-01 12:51:56,846 [INFO] 0.1026 513.0
"2023-05-01 12:51:56,875 [INFO] 0.1028 514.0
"2023-05-01 12:51:56,903 [INFO] 0.103 515.0
"2023-05-01 12:51:56,930 [INFO] 0.1032 516.0
"2023-05-01 12:51:56,958 [INFO] 0.1034 517.0
"2023-05-01 12:51:56,986 [INFO] 0.1036 518.0
"2023-05-01 12:51:57,014 [INFO] 0.1038 519.0
"2023-05-01 12:51:57,042 [INFO] 0.104 520.0
"2023-05-01 12:51:57,070 [INFO] 0.1042 521.0
"2023-05-01 12:51:57,099 [INFO] 0.1044 522.0
"2023-05-01 12:51:57,127 [INFO] 0.1046 523.0
"2023-05-01 12:51:57,155 [INFO] 0.1048 524.0
"2023-05-01 12:51:57,183 [INFO] 0.105 525.0
"2023-05-01 12:51:57,211 [INFO] 0.1052 526.0
"2023-05-01 12:51:57,238 [INFO] 0.1054 527.0
"2023-05-01 12:51:57,266 [INFO] 0.1056 528.0
"2023-05-01 12:51:57,296 [INFO] 0.1058 529.0
"2023-05-01 12:51:57,324 [INFO] 0.106 530.0
"2023-05-01 12:51:57,352 [INFO] 0.1062 531.0
"2023-05-01 12:51:57,380 [INFO] 0.1064 532.0
"2023-05-01 12:51:57,408 [INFO] 0.1066 533.0
"2023-05-01 12:51:57,436 [INFO] 0.1068 534.0
"2023-05-01 12:51:57,464 [INFO] 0.107 535.0
"2023-05-01 12:51:57,492 [INFO] 0.1072 536.0
"2023-05-01 12:51:57,520 [INFO] 0.1074 537.0
"2023-05-01 12:51:57,548 [INFO] 0.1076 538.0
"2023-05-01 12:51:57,576 [INFO] 0.1078 539.0
"2023-05-01 12:51:57,604 [INFO] 0.108 540.0
"2023-05-01 12:51:57,632 [INFO] 0.1082 541.0
"2023-05-01 12:51:57,660 [INFO] 0.1084 542.0
"2023-05-01 12:51:57,688 [INFO] 0.1086 543.0
"2023-05-01 12:51:57,716 [INFO] 0.1088 544.0
"2023-05-01 12:51:57,744 [INFO] 0.109 545.0
"2023-05-01 12:51:57,772 [INFO] 0.1092 546.0
"2023-05-01 12:51:57,800 [INFO] 0.1094 547.0
"2023-05-01 12:51:57,828 [INFO] 0.1096 548.0
"2023-05-01 12:51:57,856 [INFO] 0.1098 549.0
"2023-05-01 12:51:57,884 [INFO] 0.11 550.0
"2023-05-01 12:51:57,911 [INFO] 0.1102 551.0
"2023-05-01 12:51:57,940 [INFO] 0.1104 552.0
"2023-05-01 12:51:57,967 [INFO] 0.1106 553.0
"2023-05-01 12:51:57,995 [INFO] 0.1108 554.0
"2023-05-01 12:51:58,023 [INFO] 0.111 555.0
"2023-05-01 12:51:58,051 [INFO] 0.1112 556.0
"2023-05-01 12:51:58,079 [INFO] 0.1114 557.0
"2023-05-01 12:51:58,107 [INFO] 0.1116 558.0
"2023-05-01 12:51:58,135 [INFO] 0.1118 559.0
"2023-05-01 12:51:58,163 [INFO] 0.112 560.0
"2023-05-01 12:51:58,191 [INFO] 0.1122 561.0
"2023-05-01 12:51:58,219 [INFO] 0.1124 562.0
"2023-05-01 12:51:58,248 [INFO] 0.1126 563.0
"2023-05-01 12:51:58,276 [INFO] 0.1128 564.0
"2023-05-01 12:51:58,304 [INFO] 0.113 565.0
"2023-05-01 12:51:58,332 [INFO] 0.1132 566.0
"2023-05-01 12:51:58,359 [INFO] 0.1134 567.0
"2023-05-01 12:51:58,387 [INFO] 0.1136 568.0
"2023-05-01 12:51:58,415 [INFO] 0.1138 569.0
"2023-05-01 12:51:58,443 [INFO] 0.114 570.0
"2023-05-01 12:51:58,471 [INFO] 0.1142 571.0
"2023-05-01 12:51:58,499 [INFO] 0.1144 572.0
"2023-05-01 12:51:58,527 [INFO] 0.1146 573.0
"2023-05-01 12:51:58,556 [INFO] 0.1148 574.0
"2023-05-01 12:51:58,583 [INFO] 0.115 575.0
"2023-05-01 12:51:58,611 [INFO] 0.1152 576.0
"2023-05-01 12:51:58,639 [INFO] 0.1154 577.0
"2023-05-01 12:51:58,667 [INFO] 0.1156 578.0
"2023-05-01 12:51:58,695 [INFO] 0.1158 579.0
"2023-05-01 12:51:58,723 [INFO] 0.116 580.0
"2023-05-01 12:51:58,751 [INFO] 0.1162 581.0
"2023-05-01 12:51:58,779 [INFO] 0.1164 582.0
"2023-05-01 12:51:58,807 [INFO] 0.1166 583.0
"2023-05-01 12:51:58,835 [INFO] 0.1168 584.0
"2023-05-01 12:51:58,864 [INFO] 0.117 585.0
"2023-05-01 12:51:58,892 [INFO] 0.1172 586.0
"2023-05-01 12:51:58,920 [INFO] 0.1174 587.0
"2023-05-01 12:51:58,949 [INFO] 0.1176 588.0
"2023-05-01 12:51:58,977 [INFO] 0.1178 589.0
"2023-05-01 12:51:59,006 [INFO] 0.118 590.0
"2023-05-01 12:51:59,033 [INFO] 0.1182 591.0
"2023-05-01 12:51:59,061 [INFO] 0.1184 592.0
"2023-05-01 12:51:59,090 [INFO] 0.1186 593.0
"2023-05-01 12:51:59,118 [INFO] 0.1188 594.0
"2023-05-01 12:51:59,145 [INFO] 0.119 595.0
"2023-05-01 12:51:59,173 [INFO] 0.1192 596.0
"2023-05-01 12:51:59,201 [INFO] 0.1194 597.0
"2023-05-01 12:51:59,229 [INFO] 0.1196 598.0
"2023-05-01 12:51:59,257 [INFO] 0.1198 599.0
"2023-05-01 12:51:59,285 [INFO] 0.12 600.0
"2023-05-01 12:51:59,313 [INFO] 0.1202 601.0
"2023-05-01 12:51:59,341 [INFO] 0.1204 602.0
"2023-05-01 12:51:59,369 [INFO] 0.1206 603.0
"2023-05-01 12:51:59,397 [INFO] 0.1208 604.0
"2023-05-01 12:51:59,425 [INFO] 0.121 605.0
"2023-05-01 12:51:59,453 [INFO] 0.1212 606.0
"2023-05-01 12:51:59,481 [INFO] 0.1214 607.0
"2023-05-01 12:51:59,511 [INFO] 0.1216 608.0
"2023-05-01 12:51:59,538 [INFO] 0.1218 609.0
"2023-05-01 12:51:59,566 [INFO] 0.122 610.0
"2023-05-01 12:51:59,593 [INFO] 0.1222 611.0
"2023-05-01 12:51:59,621 [INFO] 0.1224 612.0
"2023-05-01 12:51:59,649 [INFO] 0.1226 613.0
"2023-05-01 12:51:59,677 [INFO] 0.1228 614.0
"2023-05-01 12:51:59,705 [INFO] 0.123 615.0
"2023-05-01 12:51:59,733 [INFO] 0.1232 616.0
"2023-05-01 12:51:59,760 [INFO] 0.1234 617.0
"2023-05-01 12:51:59,788 [INFO] 0.1236 618.0
"2023-05-01 12:51:59,816 [INFO] 0.1238 619.0
"2023-05-01 12:51:59,844 [INFO] 0.124 620.0
"2023-05-01 12:51:59,872 [INFO] 0.1242 621.0
"2023-05-01 12:51:59,900 [INFO] 0.1244 622.0
"2023-05-01 12:51:59,930 [INFO] 0.1246 623.0
"2023-05-01 12:51:59,958 [INFO] 0.1248 624.0
"2023-05-01 12:51:59,986 [INFO] 0.125 625.0
"2023-05-01 12:52:00,015 [INFO] 0.1252 626.0
"2023-05-01 12:52:00,042 [INFO] 0.1254 627.0
"2023-05-01 12:52:00,070 [INFO] 0.1256 628.0
"2023-05-01 12:52:00,098 [INFO] 0.1258 629.0
"2023-05-01 12:52:00,126 [INFO] 0.126 630.0
"2023-05-01 12:52:00,154 [INFO] 0.1262 631.0
"2023-05-01 12:52:00,182 [INFO] 0.1264 632.0
"2023-05-01 12:52:00,210 [INFO] 0.1266 633.0
"2023-05-01 12:52:00,238 [INFO] 0.1268 634.0
"2023-05-01 12:52:00,266 [INFO] 0.127 635.0
"2023-05-01 12:52:00,294 [INFO] 0.1272 636.0
"2023-05-01 12:52:00,322 [INFO] 0.1274 637.0
"2023-05-01 12:52:00,350 [INFO] 0.1276 638.0
"2023-05-01 12:52:00,378 [INFO] 0.1278 639.0
"2023-05-01 12:52:00,406 [INFO] 0.128 640.0
"2023-05-01 12:52:00,434 [INFO] 0.1282 641.0
"2023-05-01 12:52:00,462 [INFO] 0.1284 642.0
"2023-05-01 12:52:00,490 [INFO] 0.1286 643.0
"2023-05-01 12:52:00,518 [INFO] 0.1288 644.0
"2023-05-01 12:52:00,546 [INFO] 0.129 645.0
"2023-05-01 12:52:00,574 [INFO] 0.1292 646.0
"2023-05-01 12:52:00,602 [INFO] 0.1294 647.0
"2023-05-01 12:52:00,630 [INFO] 0.1296 648.0
"2023-05-01 12:52:00,658 [INFO] 0.1298 649.0
"2023-05-01 12:52:00,686 [INFO] 0.13 650.0
"2023-05-01 12:52:00,714 [INFO] 0.1302 651.0
"2023-05-01 12:52:00,741 [INFO] 0.1304 652.0
"2023-05-01 12:52:00,770 [INFO] 0.1306 653.0
"2023-05-01 12:52:00,797 [INFO] 0.1308 654.0
"2023-05-01 12:52:00,825 [INFO] 0.131 655.0
"2023-05-01 12:52:00,853 [INFO] 0.1312 656.0
"2023-05-01 12:52:00,881 [INFO] 0.1314 657.0
"2023-05-01 12:52:00,909 [INFO] 0.1316 658.0
"2023-05-01 12:52:00,937 [INFO] 0.1318 659.0
"2023-05-01 12:52:00,965 [INFO] 0.132 660.0
"2023-05-01 12:52:00,995 [INFO] 0.1322 661.0
"2023-05-01 12:52:01,024 [INFO] 0.1324 662.0
"2023-05-01 12:52:01,050 [INFO] 0.1326 663.0
"2023-05-01 12:52:01,077 [INFO] 0.1328 664.0
"2023-05-01 12:52:01,104 [INFO] 0.133 665.0
"2023-05-01 12:52:01,130 [INFO] 0.1332 666.0
"2023-05-01 12:52:01,157 [INFO] 0.1334 667.0
"2023-05-01 12:52:01,185 [INFO] 0.1336 668.0
"2023-05-01 12:52:01,212 [INFO] 0.1338 669.0
"2023-05-01 12:52:01,239 [INFO] 0.134 670.0
"2023-05-01 12:52:01,266 [INFO] 0.1342 671.0
"2023-05-01 12:52:01,293 [INFO] 0.1344 672.0
"2023-05-01 12:52:01,320 [INFO] 0.1346 673.0
"2023-05-01 12:52:01,351 [INFO] 0.1348 674.0
"2023-05-01 12:52:01,378 [INFO] 0.135 675.0
"2023-05-01 12:52:01,405 [INFO] 0.1352 676.0
"2023-05-01 12:52:01,434 [INFO] 0.1354 677.0
"2023-05-01 12:52:01,463 [INFO] 0.1356 678.0
"2023-05-01 12:52:01,490 [INFO] 0.1358 679.0
"2023-05-01 12:52:01,517 [INFO] 0.136 680.0
"2023-05-01 12:52:01,544 [INFO] 0.1362 681.0
"2023-05-01 12:52:01,570 [INFO] 0.1364 682.0
"2023-05-01 12:52:01,597 [INFO] 0.1366 683.0
"2023-05-01 12:52:01,624 [INFO] 0.1368 684.0
"2023-05-01 12:52:01,650 [INFO] 0.137 685.0
"2023-05-01 12:52:01,677 [INFO] 0.1372 686.0
"2023-05-01 12:52:01,704 [INFO] 0.1374 687.0
"2023-05-01 12:52:01,734 [INFO] 0.1376 688.0
"2023-05-01 12:52:01,761 [INFO] 0.1378 689.0
"2023-05-01 12:52:01,788 [INFO] 0.138 690.0
"2023-05-01 12:52:01,814 [INFO] 0.1382 691.0
"2023-05-01 12:52:01,841 [INFO] 0.1384 692.0
"2023-05-01 12:52:01,868 [INFO] 0.1386 693.0
"2023-05-01 12:52:01,895 [INFO] 0.1388 694.0
"2023-05-01 12:52:01,922 [INFO] 0.139 695.0
"2023-05-01 12:52:01,949 [INFO] 0.1392 696.0
"2023-05-01 12:52:01,976 [INFO] 0.1394 697.0
"2023-05-01 12:52:02,003 [INFO] 0.1396 698.0
"2023-05-01 12:52:02,030 [INFO] 0.1398 699.0
"2023-05-01 12:52:02,057 [INFO] 0.14 700.0
"2023-05-01 12:52:02,084 [INFO] 0.1402 701.0
"2023-05-01 12:52:02,110 [INFO] 0.1404 702.0
"2023-05-01 12:52:02,137 [INFO] 0.1406 703.0
"2023-05-01 12:52:02,164 [INFO] 0.1408 704.0
"2023-05-01 12:52:02,190 [INFO] 0.141 705.0
"2023-05-01 12:52:02,218 [INFO] 0.1412 706.0
"2023-05-01 12:52:02,245 [INFO] 0.1414 707.0
"2023-05-01 12:52:02,272 [INFO] 0.1416 708.0
"2023-05-01 12:52:02,299 [INFO] 0.1418 709.0
"2023-05-01 12:52:02,328 [INFO] 0.142 710.0
"2023-05-01 12:52:02,356 [INFO] 0.1422 711.0
"2023-05-01 12:52:02,383 [INFO] 0.1424 712.0
"2023-05-01 12:52:02,412 [INFO] 0.1426 713.0
"2023-05-01 12:52:02,439 [INFO] 0.1428 714.0
"2023-05-01 12:52:02,466 [INFO] 0.143 715.0
"2023-05-01 12:52:02,494 [INFO] 0.1432 716.0
"2023-05-01 12:52:02,522 [INFO] 0.1434 717.0
"2023-05-01 12:52:02,549 [INFO] 0.1436 718.0
"2023-05-01 12:52:02,576 [INFO] 0.1438 719.0
"2023-05-01 12:52:02,603 [INFO] 0.144 720.0
"2023-05-01 12:52:02,630 [INFO] 0.1442 721.0
"2023-05-01 12:52:02,657 [INFO] 0.1444 722.0
"2023-05-01 12:52:02,684 [INFO] 0.1446 723.0
"2023-05-01 12:52:02,711 [INFO] 0.1448 724.0
"2023-05-01 12:52:02,739 [INFO] 0.145 725.0
"2023-05-01 12:52:02,766 [INFO] 0.1452 726.0
"2023-05-01 12:52:02,793 [INFO] 0.1454 727.0
"2023-05-01 12:52:02,820 [INFO] 0.1456 728.0
"2023-05-01 12:52:02,847 [INFO] 0.1458 729.0
"2023-05-01 12:52:02,875 [INFO] 0.146 730.0
"2023-05-01 12:52:02,902 [INFO] 0.1462 731.0
"2023-05-01 12:52:02,930 [INFO] 0.1464 732.0
"2023-05-01 12:52:02,960 [INFO] 0.1466 733.0
"2023-05-01 12:52:02,989 [INFO] 0.1468 734.0
"2023-05-01 12:52:03,015 [INFO] 0.147 735.0
"2023-05-01 12:52:03,042 [INFO] 0.1472 736.0
"2023-05-01 12:52:03,069 [INFO] 0.1474 737.0
"2023-05-01 12:52:03,095 [INFO] 0.1476 738.0
"2023-05-01 12:52:03,123 [INFO] 0.1478 739.0
"2023-05-01 12:52:03,150 [INFO] 0.148 740.0
"2023-05-01 12:52:03,177 [INFO] 0.1482 741.0
"2023-05-01 12:52:03,204 [INFO] 0.1484 742.0
"2023-05-01 12:52:03,231 [INFO] 0.1486 743.0
"2023-05-01 12:52:03,259 [INFO] 0.1488 744.0
"2023-05-01 12:52:03,285 [INFO] 0.149 745.0
"2023-05-01 12:52:03,313 [INFO] 0.1492 746.0
"2023-05-01 12:52:03,340 [INFO] 0.1494 747.0
"2023-05-01 12:52:03,367 [INFO] 0.1496 748.0
"2023-05-01 12:52:03,395 [INFO] 0.1498 749.0
"2023-05-01 12:52:03,422 [INFO] 0.15 750.0
"2023-05-01 12:52:03,450 [INFO] 0.1502 751.0
"2023-05-01 12:52:03,477 [INFO] 0.1504 752.0
"2023-05-01 12:52:03,505 [INFO] 0.1506 753.0
"2023-05-01 12:52:03,532 [INFO] 0.1508 754.0
"2023-05-01 12:52:03,559 [INFO] 0.151 755.0
"2023-05-01 12:52:03,587 [INFO] 0.1512 756.0
"2023-05-01 12:52:03,614 [INFO] 0.1514 757.0
"2023-05-01 12:52:03,641 [INFO] 0.1516 758.0
"2023-05-01 12:52:03,668 [INFO] 0.1518 759.0
"2023-05-01 12:52:03,695 [INFO] 0.152 760.0
"2023-05-01 12:52:03,722 [INFO] 0.1522 761.0
"2023-05-01 12:52:03,749 [INFO] 0.1524 762.0
"2023-05-01 12:52:03,776 [INFO] 0.1526 763.0
"2023-05-01 12:52:03,803 [INFO] 0.1528 764.0
"2023-05-01 12:52:03,830 [INFO] 0.153 765.0
"2023-05-01 12:52:03,858 [INFO] 0.1532 766.0
"2023-05-01 12:52:03,886 [INFO] 0.1534 767.0
"2023-05-01 12:52:03,913 [INFO] 0.1536 768.0
"2023-05-01 12:52:03,940 [INFO] 0.1538 769.0
"2023-05-01 12:52:03,967 [INFO] 0.154 770.0
"2023-05-01 12:52:03,994 [INFO] 0.1542 771.0
"2023-05-01 12:52:04,021 [INFO] 0.1544 772.0
"2023-05-01 12:52:04,048 [INFO] 0.1546 773.0
"2023-05-01 12:52:04,075 [INFO] 0.1548 774.0
"2023-05-01 12:52:04,102 [INFO] 0.155 775.0
"2023-05-01 12:52:04,129 [INFO] 0.1552 776.0
"2023-05-01 12:52:04,156 [INFO] 0.1554 777.0
"2023-05-01 12:52:04,184 [INFO] 0.1556 778.0
"2023-05-01 12:52:04,211 [INFO] 0.1558 779.0
"2023-05-01 12:52:04,238 [INFO] 0.156 780.0
"2023-05-01 12:52:04,265 [INFO] 0.1562 781.0
"2023-05-01 12:52:04,292 [INFO] 0.1564 782.0
"2023-05-01 12:52:04,319 [INFO] 0.1566 783.0
"2023-05-01 12:52:04,346 [INFO] 0.1568 784.0
"2023-05-01 12:52:04,373 [INFO] 0.157 785.0
"2023-05-01 12:52:04,401 [INFO] 0.1572 786.0
"2023-05-01 12:52:04,428 [INFO] 0.1574 787.0
"2023-05-01 12:52:04,456 [INFO] 0.1576 788.0
"2023-05-01 12:52:04,487 [INFO] 0.1578 789.0
"2023-05-01 12:52:04,515 [INFO] 0.158 790.0
"2023-05-01 12:52:04,543 [INFO] 0.1582 791.0
"2023-05-01 12:52:04,571 [INFO] 0.1584 792.0
"2023-05-01 12:52:04,598 [INFO] 0.1586 793.0
"2023-05-01 12:52:04,626 [INFO] 0.1588 794.0
"2023-05-01 12:52:04,653 [INFO] 0.159 795.0
"2023-05-01 12:52:04,681 [INFO] 0.1592 796.0
"2023-05-01 12:52:04,709 [INFO] 0.1594 797.0
"2023-05-01 12:52:04,736 [INFO] 0.1596 798.0
"2023-05-01 12:52:04,764 [INFO] 0.1598 799.0
"2023-05-01 12:52:04,791 [INFO] 0.16 800.0
"2023-05-01 12:52:04,818 [INFO] 0.1602 801.0
"2023-05-01 12:52:04,845 [INFO] 0.1604 802.0
"2023-05-01 12:52:04,873 [INFO] 0.1606 803.0
"2023-05-01 12:52:04,899 [INFO] 0.1608 804.0
"2023-05-01 12:52:04,927 [INFO] 0.161 805.0
"2023-05-01 12:52:04,954 [INFO] 0.1612 806.0
"2023-05-01 12:52:04,981 [INFO] 0.1614 807.0
"2023-05-01 12:52:05,008 [INFO] 0.1616 808.0
"2023-05-01 12:52:05,037 [INFO] 0.1618 809.0
"2023-05-01 12:52:05,063 [INFO] 0.162 810.0
"2023-05-01 12:52:05,091 [INFO] 0.1622 811.0
"2023-05-01 12:52:05,119 [INFO] 0.1624 812.0
"2023-05-01 12:52:05,147 [INFO] 0.1626 813.0
"2023-05-01 12:52:05,174 [INFO] 0.1628 814.0
"2023-05-01 12:52:05,202 [INFO] 0.163 815.0
"2023-05-01 12:52:05,229 [INFO] 0.1632 816.0
"2023-05-01 12:52:05,256 [INFO] 0.1634 817.0
"2023-05-01 12:52:05,283 [INFO] 0.1636 818.0
"2023-05-01 12:52:05,310 [INFO] 0.1638 819.0
"2023-05-01 12:52:05,337 [INFO] 0.164 820.0
"2023-05-01 12:52:05,365 [INFO] 0.1642 821.0
"2023-05-01 12:52:05,392 [INFO] 0.1644 822.0
"2023-05-01 12:52:05,420 [INFO] 0.1646 823.0
"2023-05-01 12:52:05,448 [INFO] 0.1648 824.0
"2023-05-01 12:52:05,475 [INFO] 0.165 825.0
"2023-05-01 12:52:05,502 [INFO] 0.1652 826.0
"2023-05-01 12:52:05,529 [INFO] 0.1654 827.0
"2023-05-01 12:52:05,556 [INFO] 0.1656 828.0
"2023-05-01 12:52:05,583 [INFO] 0.1658 829.0
"2023-05-01 12:52:05,610 [INFO] 0.166 830.0
"2023-05-01 12:52:05,638 [INFO] 0.1662 831.0
"2023-05-01 12:52:05,666 [INFO] 0.1664 832.0
"2023-05-01 12:52:05,697 [INFO] 0.1666 833.0
"2023-05-01 12:52:05,725 [INFO] 0.1668 834.0
"2023-05-01 12:52:05,753 [INFO] 0.167 835.0
"2023-05-01 12:52:05,780 [INFO] 0.1672 836.0
"2023-05-01 12:52:05,807 [INFO] 0.1674 837.0
"2023-05-01 12:52:05,834 [INFO] 0.1676 838.0
"2023-05-01 12:52:05,863 [INFO] 0.1678 839.0
"2023-05-01 12:52:05,891 [INFO] 0.168 840.0
"2023-05-01 12:52:05,920 [INFO] 0.1682 841.0
"2023-05-01 12:52:05,947 [INFO] 0.1684 842.0
"2023-05-01 12:52:05,975 [INFO] 0.1686 843.0
"2023-05-01 12:52:06,005 [INFO] 0.1688 844.0
"2023-05-01 12:52:06,035 [INFO] 0.169 845.0
"2023-05-01 12:52:06,062 [INFO] 0.1692 846.0
"2023-05-01 12:52:06,090 [INFO] 0.1694 847.0
"2023-05-01 12:52:06,117 [INFO] 0.1696 848.0
"2023-05-01 12:52:06,144 [INFO] 0.1698 849.0
"2023-05-01 12:52:06,171 [INFO] 0.17 850.0
"2023-05-01 12:52:06,199 [INFO] 0.1702 851.0
"2023-05-01 12:52:06,227 [INFO] 0.1704 852.0
"2023-05-01 12:52:06,254 [INFO] 0.1706 853.0
"2023-05-01 12:52:06,282 [INFO] 0.1708 854.0
"2023-05-01 12:52:06,310 [INFO] 0.171 855.0
"2023-05-01 12:52:06,337 [INFO] 0.1712 856.0
"2023-05-01 12:52:06,365 [INFO] 0.1714 857.0
"2023-05-01 12:52:06,393 [INFO] 0.1716 858.0
"2023-05-01 12:52:06,420 [INFO] 0.1718 859.0
"2023-05-01 12:52:06,447 [INFO] 0.172 860.0
"2023-05-01 12:52:06,474 [INFO] 0.1722 861.0
"2023-05-01 12:52:06,501 [INFO] 0.1724 862.0
"2023-05-01 12:52:06,528 [INFO] 0.1726 863.0
"2023-05-01 12:52:06,555 [INFO] 0.1728 864.0
"2023-05-01 12:52:06,583 [INFO] 0.173 865.0
"2023-05-01 12:52:06,610 [INFO] 0.1732 866.0
"2023-05-01 12:52:06,637 [INFO] 0.1734 867.0
"2023-05-01 12:52:06,664 [INFO] 0.1736 868.0
"2023-05-01 12:52:06,691 [INFO] 0.1738 869.0
"2023-05-01 12:52:06,719 [INFO] 0.174 870.0
"2023-05-01 12:52:06,746 [INFO] 0.1742 871.0
"2023-05-01 12:52:06,774 [INFO] 0.1744 872.0
"2023-05-01 12:52:06,801 [INFO] 0.1746 873.0
"2023-05-01 12:52:06,828 [INFO] 0.1748 874.0
"2023-05-01 12:52:06,855 [INFO] 0.175 875.0
"2023-05-01 12:52:06,883 [INFO] 0.1752 876.0
"2023-05-01 12:52:06,910 [INFO] 0.1754 877.0
"2023-05-01 12:52:06,938 [INFO] 0.1756 878.0
"2023-05-01 12:52:06,966 [INFO] 0.1758 879.0
"2023-05-01 12:52:06,993 [INFO] 0.176 880.0
"2023-05-01 12:52:07,020 [INFO] 0.1762 881.0
"2023-05-01 12:52:07,047 [INFO] 0.1764 882.0
"2023-05-01 12:52:07,075 [INFO] 0.1766 883.0
"2023-05-01 12:52:07,102 [INFO] 0.1768 884.0
"2023-05-01 12:52:07,129 [INFO] 0.177 885.0
"2023-05-01 12:52:07,157 [INFO] 0.1772 886.0
"2023-05-01 12:52:07,184 [INFO] 0.1774 887.0
"2023-05-01 12:52:07,211 [INFO] 0.1776 888.0
"2023-05-01 12:52:07,238 [INFO] 0.1778 889.0
"2023-05-01 12:52:07,265 [INFO] 0.178 890.0
"2023-05-01 12:52:07,292 [INFO] 0.1782 891.0
"2023-05-01 12:52:07,320 [INFO] 0.1784 892.0
"2023-05-01 12:52:07,349 [INFO] 0.1786 893.0
"2023-05-01 12:52:07,378 [INFO] 0.1788 894.0
"2023-05-01 12:52:07,407 [INFO] 0.179 895.0
"2023-05-01 12:52:07,435 [INFO] 0.1792 896.0
"2023-05-01 12:52:07,463 [INFO] 0.1794 897.0
"2023-05-01 12:52:07,491 [INFO] 0.1796 898.0
"2023-05-01 12:52:07,520 [INFO] 0.1798 899.0
"2023-05-01 12:52:07,548 [INFO] 0.18 900.0
"2023-05-01 12:52:07,576 [INFO] 0.1802 901.0
"2023-05-01 12:52:07,607 [INFO] 0.1804 902.0
"2023-05-01 12:52:07,634 [INFO] 0.1806 903.0
"2023-05-01 12:52:07,662 [INFO] 0.1808 904.0
"2023-05-01 12:52:07,690 [INFO] 0.181 905.0
"2023-05-01 12:52:07,718 [INFO] 0.1812 906.0
"2023-05-01 12:52:07,746 [INFO] 0.1814 907.0
"2023-05-01 12:52:07,774 [INFO] 0.1816 908.0
"2023-05-01 12:52:07,803 [INFO] 0.1818 909.0
"2023-05-01 12:52:07,832 [INFO] 0.182 910.0
"2023-05-01 12:52:07,860 [INFO] 0.1822 911.0
"2023-05-01 12:52:07,888 [INFO] 0.1824 912.0
"2023-05-01 12:52:07,917 [INFO] 0.1826 913.0
"2023-05-01 12:52:07,945 [INFO] 0.1828 914.0
"2023-05-01 12:52:07,974 [INFO] 0.183 915.0
"2023-05-01 12:52:08,002 [INFO] 0.1832 916.0
"2023-05-01 12:52:08,030 [INFO] 0.1834 917.0
"2023-05-01 12:52:08,059 [INFO] 0.1836 918.0
"2023-05-01 12:52:08,087 [INFO] 0.1838 919.0
"2023-05-01 12:52:08,115 [INFO] 0.184 920.0
"2023-05-01 12:52:08,144 [INFO] 0.1842 921.0
"2023-05-01 12:52:08,172 [INFO] 0.1844 922.0
"2023-05-01 12:52:08,200 [INFO] 0.1846 923.0
"2023-05-01 12:52:08,229 [INFO] 0.1848 924.0
"2023-05-01 12:52:08,258 [INFO] 0.185 925.0
"2023-05-01 12:52:08,286 [INFO] 0.1852 926.0
"2023-05-01 12:52:08,314 [INFO] 0.1854 927.0
"2023-05-01 12:52:08,342 [INFO] 0.1856 928.0
"2023-05-01 12:52:08,371 [INFO] 0.1858 929.0
"2023-05-01 12:52:08,399 [INFO] 0.186 930.0
"2023-05-01 12:52:08,428 [INFO] 0.1862 931.0
"2023-05-01 12:52:08,457 [INFO] 0.1864 932.0
"2023-05-01 12:52:08,485 [INFO] 0.1866 933.0
"2023-05-01 12:52:08,513 [INFO] 0.1868 934.0
"2023-05-01 12:52:08,542 [INFO] 0.187 935.0
"2023-05-01 12:52:08,570 [INFO] 0.1872 936.0
"2023-05-01 12:52:08,598 [INFO] 0.1874 937.0
"2023-05-01 12:52:08,627 [INFO] 0.1876 938.0
"2023-05-01 12:52:08,655 [INFO] 0.1878 939.0
"2023-05-01 12:52:08,683 [INFO] 0.188 940.0
"2023-05-01 12:52:08,710 [INFO] 0.1882 941.0
"2023-05-01 12:52:08,738 [INFO] 0.1884 942.0
"2023-05-01 12:52:08,767 [INFO] 0.1886 943.0
"2023-05-01 12:52:08,795 [INFO] 0.1888 944.0
"2023-05-01 12:52:08,823 [INFO] 0.189 945.0
"2023-05-01 12:52:08,851 [INFO] 0.1892 946.0
"2023-05-01 12:52:08,879 [INFO] 0.1894 947.0
"2023-05-01 12:52:08,907 [INFO] 0.1896 948.0
"2023-05-01 12:52:08,935 [INFO] 0.1898 949.0
"2023-05-01 12:52:08,964 [INFO] 0.19 950.0
"2023-05-01 12:52:08,992 [INFO] 0.1902 951.0
"2023-05-01 12:52:09,020 [INFO] 0.1904 952.0
"2023-05-01 12:52:09,048 [INFO] 0.1906 953.0
"2023-05-01 12:52:09,077 [INFO] 0.1908 954.0
"2023-05-01 12:52:09,105 [INFO] 0.191 955.0
"2023-05-01 12:52:09,133 [INFO] 0.1912 956.0
"2023-05-01 12:52:09,161 [INFO] 0.1914 957.0
"2023-05-01 12:52:09,189 [INFO] 0.1916 958.0
"2023-05-01 12:52:09,217 [INFO] 0.1918 959.0
"2023-05-01 12:52:09,247 [INFO] 0.192 960.0
"2023-05-01 12:52:09,276 [INFO] 0.1922 961.0
"2023-05-01 12:52:09,304 [INFO] 0.1924 962.0
"2023-05-01 12:52:09,332 [INFO] 0.1926 963.0
"2023-05-01 12:52:09,361 [INFO] 0.1928 964.0
"2023-05-01 12:52:09,389 [INFO] 0.193 965.0
"2023-05-01 12:52:09,418 [INFO] 0.1932 966.0
"2023-05-01 12:52:09,446 [INFO] 0.1934 967.0
"2023-05-01 12:52:09,474 [INFO] 0.1936 968.0
"2023-05-01 12:52:09,503 [INFO] 0.1938 969.0
"2023-05-01 12:52:09,531 [INFO] 0.194 970.0
"2023-05-01 12:52:09,560 [INFO] 0.1942 971.0
"2023-05-01 12:52:09,588 [INFO] 0.1944 972.0
"2023-05-01 12:52:09,617 [INFO] 0.1946 973.0
"2023-05-01 12:52:09,645 [INFO] 0.1948 974.0
"2023-05-01 12:52:09,673 [INFO] 0.195 975.0
"2023-05-01 12:52:09,701 [INFO] 0.1952 976.0
"2023-05-01 12:52:09,730 [INFO] 0.1954 977.0
"2023-05-01 12:52:09,758 [INFO] 0.1956 978.0
"2023-05-01 12:52:09,786 [INFO] 0.1958 979.0
"2023-05-01 12:52:09,814 [INFO] 0.196 980.0
"2023-05-01 12:52:09,843 [INFO] 0.1962 981.0
"2023-05-01 12:52:09,871 [INFO] 0.1964 982.0
"2023-05-01 12:52:09,900 [INFO] 0.1966 983.0
"2023-05-01 12:52:09,928 [INFO] 0.1968 984.0
"2023-05-01 12:52:09,957 [INFO] 0.197 985.0
"2023-05-01 12:52:09,985 [INFO] 0.1972 986.0
"2023-05-01 12:52:10,013 [INFO] 0.1974 987.0
"2023-05-01 12:52:10,041 [INFO] 0.1976 988.0
"2023-05-01 12:52:10,070 [INFO] 0.1978 989.0
"2023-05-01 12:52:10,099 [INFO] 0.198 990.0
"2023-05-01 12:52:10,129 [INFO] 0.1982 991.0
"2023-05-01 12:52:10,158 [INFO] 0.1984 992.0
"2023-05-01 12:52:10,187 [INFO] 0.1986 993.0
"2023-05-01 12:52:10,216 [INFO] 0.1988 994.0
"2023-05-01 12:52:10,245 [INFO] 0.199 995.0
"2023-05-01 12:52:10,273 [INFO] 0.1992 996.0
"2023-05-01 12:52:10,301 [INFO] 0.1994 997.0
"2023-05-01 12:52:10,330 [INFO] 0.1996 998.0
"2023-05-01 12:52:10,359 [INFO] 0.1998 999.0
"2023-05-01 12:52:10,388 [INFO] 0.2 1000.0
"2023-05-01 12:52:10,416 [INFO] 0.2002 1001.0
"2023-05-01 12:52:10,445 [INFO] 0.2004 1002.0
"2023-05-01 12:52:10,474 [INFO] 0.2006 1003.0
"2023-05-01 12:52:10,502 [INFO] 0.2008 1004.0
"2023-05-01 12:52:10,530 [INFO] 0.201 1005.0
"2023-05-01 12:52:10,559 [INFO] 0.2012 1006.0
"2023-05-01 12:52:10,588 [INFO] 0.2014 1007.0
"2023-05-01 12:52:10,617 [INFO] 0.2016 1008.0
"2023-05-01 12:52:10,645 [INFO] 0.2018 1009.0
"2023-05-01 12:52:10,674 [INFO] 0.202 1010.0
"2023-05-01 12:52:10,703 [INFO] 0.2022 1011.0
"2023-05-01 12:52:10,731 [INFO] 0.2024 1012.0
"2023-05-01 12:52:10,760 [INFO] 0.2026 1013.0
"2023-05-01 12:52:10,789 [INFO] 0.2028 1014.0
"2023-05-01 12:52:10,817 [INFO] 0.203 1015.0
"2023-05-01 12:52:10,846 [INFO] 0.2032 1016.0
"2023-05-01 12:52:10,874 [INFO] 0.2034 1017.0
"2023-05-01 12:52:10,903 [INFO] 0.2036 1018.0
"2023-05-01 12:52:10,932 [INFO] 0.2038 1019.0
"2023-05-01 12:52:10,961 [INFO] 0.204 1020.0
"2023-05-01 12:52:10,989 [INFO] 0.2042 1021.0
"2023-05-01 12:52:11,018 [INFO] 0.2044 1022.0
"2023-05-01 12:52:11,046 [INFO] 0.2046 1023.0
"2023-05-01 12:52:11,075 [INFO] 0.2048 1024.0
"2023-05-01 12:52:11,104 [INFO] 0.205 1025.0
"2023-05-01 12:52:11,132 [INFO] 0.2052 1026.0
"2023-05-01 12:52:11,160 [INFO] 0.2054 1027.0
"2023-05-01 12:52:11,189 [INFO] 0.2056 1028.0
"2023-05-01 12:52:11,217 [INFO] 0.2058 1029.0
"2023-05-01 12:52:11,246 [INFO] 0.206 1030.0
"2023-05-01 12:52:11,274 [INFO] 0.2062 1031.0
"2023-05-01 12:52:11,303 [INFO] 0.2064 1032.0
"2023-05-01 12:52:11,332 [INFO] 0.2066 1033.0
"2023-05-01 12:52:11,361 [INFO] 0.2068 1034.0
"2023-05-01 12:52:11,389 [INFO] 0.207 1035.0
"2023-05-01 12:52:11,418 [INFO] 0.2072 1036.0
"2023-05-01 12:52:11,446 [INFO] 0.2074 1037.0
"2023-05-01 12:52:11,475 [INFO] 0.2076 1038.0
"2023-05-01 12:52:11,504 [INFO] 0.2078 1039.0
"2023-05-01 12:52:11,533 [INFO] 0.208 1040.0
"2023-05-01 12:52:11,561 [INFO] 0.2082 1041.0
"2023-05-01 12:52:11,590 [INFO] 0.2084 1042.0
"2023-05-01 12:52:11,619 [INFO] 0.2086 1043.0
"2023-05-01 12:52:11,648 [INFO] 0.2088 1044.0
"2023-05-01 12:52:11,677 [INFO] 0.209 1045.0
"2023-05-01 12:52:11,706 [INFO] 0.2092 1046.0
"2023-05-01 12:52:11,735 [INFO] 0.2094 1047.0
"2023-05-01 12:52:11,763 [INFO] 0.2096 1048.0
"2023-05-01 12:52:11,792 [INFO] 0.2098 1049.0
"2023-05-01 12:52:11,821 [INFO] 0.21 1050.0
"2023-05-01 12:52:11,850 [INFO] 0.2102 1051.0
"2023-05-01 12:52:11,879 [INFO] 0.2104 1052.0
"2023-05-01 12:52:11,907 [INFO] 0.2106 1053.0
"2023-05-01 12:52:11,936 [INFO] 0.2108 1054.0
"2023-05-01 12:52:11,964 [INFO] 0.211 1055.0
"2023-05-01 12:52:11,993 [INFO] 0.2112 1056.0
"2023-05-01 12:52:12,021 [INFO] 0.2114 1057.0
"2023-05-01 12:52:12,050 [INFO] 0.2116 1058.0
"2023-05-01 12:52:12,078 [INFO] 0.2118 1059.0
"2023-05-01 12:52:12,107 [INFO] 0.212 1060.0
"2023-05-01 12:52:12,135 [INFO] 0.2122 1061.0
"2023-05-01 12:52:12,163 [INFO] 0.2124 1062.0
"2023-05-01 12:52:12,192 [INFO] 0.2126 1063.0
"2023-05-01 12:52:12,220 [INFO] 0.2128 1064.0
"2023-05-01 12:52:12,249 [INFO] 0.213 1065.0
"2023-05-01 12:52:12,277 [INFO] 0.2132 1066.0
"2023-05-01 12:52:12,306 [INFO] 0.2134 1067.0
"2023-05-01 12:52:12,335 [INFO] 0.2136 1068.0
"2023-05-01 12:52:12,363 [INFO] 0.2138 1069.0
"2023-05-01 12:52:12,392 [INFO] 0.214 1070.0
"2023-05-01 12:52:12,420 [INFO] 0.2142 1071.0
"2023-05-01 12:52:12,449 [INFO] 0.2144 1072.0
"2023-05-01 12:52:12,478 [INFO] 0.2146 1073.0
"2023-05-01 12:52:12,506 [INFO] 0.2148 1074.0
"2023-05-01 12:52:12,536 [INFO] 0.215 1075.0
"2023-05-01 12:52:12,564 [INFO] 0.2152 1076.0
"2023-05-01 12:52:12,593 [INFO] 0.2154 1077.0
"2023-05-01 12:52:12,621 [INFO] 0.2156 1078.0
"2023-05-01 12:52:12,650 [INFO] 0.2158 1079.0
"2023-05-01 12:52:12,679 [INFO] 0.216 1080.0
"2023-05-01 12:52:12,708 [INFO] 0.2162 1081.0
"2023-05-01 12:52:12,736 [INFO] 0.2164 1082.0
"2023-05-01 12:52:12,767 [INFO] 0.2166 1083.0
"2023-05-01 12:52:12,796 [INFO] 0.2168 1084.0
"2023-05-01 12:52:12,825 [INFO] 0.217 1085.0
"2023-05-01 12:52:12,853 [INFO] 0.2172 1086.0
"2023-05-01 12:52:12,881 [INFO] 0.2174 1087.0
"2023-05-01 12:52:12,911 [INFO] 0.2176 1088.0
"2023-05-01 12:52:12,940 [INFO] 0.2178 1089.0
"2023-05-01 12:52:12,969 [INFO] 0.218 1090.0
"2023-05-01 12:52:13,043 [INFO] 0.2182 1091.0
"2023-05-01 12:52:13,072 [INFO] 0.2184 1092.0
"2023-05-01 12:52:13,101 [INFO] 0.2186 1093.0
"2023-05-01 12:52:13,130 [INFO] 0.2188 1094.0
"2023-05-01 12:52:13,159 [INFO] 0.219 1095.0
"2023-05-01 12:52:13,188 [INFO] 0.2192 1096.0
"2023-05-01 12:52:13,217 [INFO] 0.2194 1097.0
"2023-05-01 12:52:13,246 [INFO] 0.2196 1098.0
"2023-05-01 12:52:13,276 [INFO] 0.2198 1099.0
"2023-05-01 12:52:13,305 [INFO] 0.22 1100.0
"2023-05-01 12:52:13,334 [INFO] 0.2202 1101.0
"2023-05-01 12:52:13,364 [INFO] 0.2204 1102.0
"2023-05-01 12:52:13,392 [INFO] 0.2206 1103.0
"2023-05-01 12:52:13,422 [INFO] 0.2208 1104.0
"2023-05-01 12:52:13,451 [INFO] 0.221 1105.0
"2023-05-01 12:52:13,480 [INFO] 0.2212 1106.0
"2023-05-01 12:52:13,509 [INFO] 0.2214 1107.0
"2023-05-01 12:52:13,538 [INFO] 0.2216 1108.0
"2023-05-01 12:52:13,568 [INFO] 0.2218 1109.0
"2023-05-01 12:52:13,597 [INFO] 0.222 1110.0
"2023-05-01 12:52:13,626 [INFO] 0.2222 1111.0
"2023-05-01 12:52:13,655 [INFO] 0.2224 1112.0
"2023-05-01 12:52:13,684 [INFO] 0.2226 1113.0
"2023-05-01 12:52:13,713 [INFO] 0.2228 1114.0
"2023-05-01 12:52:13,742 [INFO] 0.223 1115.0
"2023-05-01 12:52:13,772 [INFO] 0.2232 1116.0
"2023-05-01 12:52:13,801 [INFO] 0.2234 1117.0
"2023-05-01 12:52:13,831 [INFO] 0.2236 1118.0
"2023-05-01 12:52:13,860 [INFO] 0.2238 1119.0
"2023-05-01 12:52:13,890 [INFO] 0.224 1120.0
"2023-05-01 12:52:13,919 [INFO] 0.2242 1121.0
"2023-05-01 12:52:13,949 [INFO] 0.2244 1122.0
"2023-05-01 12:52:13,977 [INFO] 0.2246 1123.0
"2023-05-01 12:52:14,007 [INFO] 0.2248 1124.0
"2023-05-01 12:52:14,036 [INFO] 0.225 1125.0
"2023-05-01 12:52:14,065 [INFO] 0.2252 1126.0
"2023-05-01 12:52:14,094 [INFO] 0.2254 1127.0
"2023-05-01 12:52:14,123 [INFO] 0.2256 1128.0
"2023-05-01 12:52:14,152 [INFO] 0.2258 1129.0
"2023-05-01 12:52:14,182 [INFO] 0.226 1130.0
"2023-05-01 12:52:14,210 [INFO] 0.2262 1131.0
"2023-05-01 12:52:14,239 [INFO] 0.2264 1132.0
"2023-05-01 12:52:14,269 [INFO] 0.2266 1133.0
"2023-05-01 12:52:14,297 [INFO] 0.2268 1134.0
"2023-05-01 12:52:14,326 [INFO] 0.227 1135.0
"2023-05-01 12:52:14,355 [INFO] 0.2272 1136.0
"2023-05-01 12:52:14,383 [INFO] 0.2274 1137.0
"2023-05-01 12:52:14,413 [INFO] 0.2276 1138.0
"2023-05-01 12:52:14,441 [INFO] 0.2278 1139.0
"2023-05-01 12:52:14,470 [INFO] 0.228 1140.0
"2023-05-01 12:52:14,499 [INFO] 0.2282 1141.0
"2023-05-01 12:52:14,528 [INFO] 0.2284 1142.0
"2023-05-01 12:52:14,557 [INFO] 0.2286 1143.0
"2023-05-01 12:52:14,586 [INFO] 0.2288 1144.0
"2023-05-01 12:52:14,616 [INFO] 0.229 1145.0
"2023-05-01 12:52:14,645 [INFO] 0.2292 1146.0
"2023-05-01 12:52:14,673 [INFO] 0.2294 1147.0
"2023-05-01 12:52:14,703 [INFO] 0.2296 1148.0
"2023-05-01 12:52:14,732 [INFO] 0.2298 1149.0
"2023-05-01 12:52:14,761 [INFO] 0.23 1150.0
"2023-05-01 12:52:14,790 [INFO] 0.2302 1151.0
"2023-05-01 12:52:14,818 [INFO] 0.2304 1152.0
"2023-05-01 12:52:14,849 [INFO] 0.2306 1153.0
"2023-05-01 12:52:14,879 [INFO] 0.2308 1154.0
"2023-05-01 12:52:14,908 [INFO] 0.231 1155.0
"2023-05-01 12:52:14,937 [INFO] 0.2312 1156.0
"2023-05-01 12:52:14,966 [INFO] 0.2314 1157.0
"2023-05-01 12:52:14,995 [INFO] 0.2316 1158.0
"2023-05-01 12:52:15,024 [INFO] 0.2318 1159.0
"2023-05-01 12:52:15,053 [INFO] 0.232 1160.0
"2023-05-01 12:52:15,082 [INFO] 0.2322 1161.0
"2023-05-01 12:52:15,111 [INFO] 0.2324 1162.0
"2023-05-01 12:52:15,140 [INFO] 0.2326 1163.0
"2023-05-01 12:52:15,168 [INFO] 0.2328 1164.0
"2023-05-01 12:52:15,197 [INFO] 0.233 1165.0
"2023-05-01 12:52:15,226 [INFO] 0.2332 1166.0
"2023-05-01 12:52:15,255 [INFO] 0.2334 1167.0
"2023-05-01 12:52:15,284 [INFO] 0.2336 1168.0
"2023-05-01 12:52:15,313 [INFO] 0.2338 1169.0
"2023-05-01 12:52:15,341 [INFO] 0.234 1170.0
"2023-05-01 12:52:15,370 [INFO] 0.2342 1171.0
"2023-05-01 12:52:15,398 [INFO] 0.2344 1172.0
"2023-05-01 12:52:15,427 [INFO] 0.2346 1173.0
"2023-05-01 12:52:15,456 [INFO] 0.2348 1174.0
"2023-05-01 12:52:15,485 [INFO] 0.235 1175.0
"2023-05-01 12:52:15,514 [INFO] 0.2352 1176.0
"2023-05-01 12:52:15,543 [INFO] 0.2354 1177.0
"2023-05-01 12:52:15,571 [INFO] 0.2356 1178.0
"2023-05-01 12:52:15,600 [INFO] 0.2358 1179.0
"2023-05-01 12:52:15,628 [INFO] 0.236 1180.0
"2023-05-01 12:52:15,659 [INFO] 0.2362 1181.0
"2023-05-01 12:52:15,688 [INFO] 0.2364 1182.0
"2023-05-01 12:52:15,717 [INFO] 0.2366 1183.0
"2023-05-01 12:52:15,746 [INFO] 0.2368 1184.0
"2023-05-01 12:52:15,775 [INFO] 0.237 1185.0
"2023-05-01 12:52:15,804 [INFO] 0.2372 1186.0
"2023-05-01 12:52:15,833 [INFO] 0.2374 1187.0
"2023-05-01 12:52:15,862 [INFO] 0.2376 1188.0
"2023-05-01 12:52:15,891 [INFO] 0.2378 1189.0
"2023-05-01 12:52:15,920 [INFO] 0.238 1190.0
"2023-05-01 12:52:15,949 [INFO] 0.2382 1191.0
"2023-05-01 12:52:15,978 [INFO] 0.2384 1192.0
"2023-05-01 12:52:16,007 [INFO] 0.2386 1193.0
"2023-05-01 12:52:16,036 [INFO] 0.2388 1194.0
"2023-05-01 12:52:16,065 [INFO] 0.239 1195.0
"2023-05-01 12:52:16,095 [INFO] 0.2392 1196.0
"2023-05-01 12:52:16,124 [INFO] 0.2394 1197.0
"2023-05-01 12:52:16,153 [INFO] 0.2396 1198.0
"2023-05-01 12:52:16,182 [INFO] 0.2398 1199.0
"2023-05-01 12:52:16,212 [INFO] 0.24 1200.0
"2023-05-01 12:52:16,241 [INFO] 0.2402 1201.0
"2023-05-01 12:52:16,270 [INFO] 0.2404 1202.0
"2023-05-01 12:52:16,299 [INFO] 0.2406 1203.0
"2023-05-01 12:52:16,329 [INFO] 0.2408 1204.0
"2023-05-01 12:52:16,358 [INFO] 0.241 1205.0
"2023-05-01 12:52:16,388 [INFO] 0.2412 1206.0
"2023-05-01 12:52:16,417 [INFO] 0.2414 1207.0
"2023-05-01 12:52:16,446 [INFO] 0.2416 1208.0
"2023-05-01 12:52:16,475 [INFO] 0.2418 1209.0
"2023-05-01 12:52:16,505 [INFO] 0.242 1210.0
"2023-05-01 12:52:16,534 [INFO] 0.2422 1211.0
"2023-05-01 12:52:16,563 [INFO] 0.2424 1212.0
"2023-05-01 12:52:16,592 [INFO] 0.2426 1213.0
"2023-05-01 12:52:16,622 [INFO] 0.2428 1214.0
"2023-05-01 12:52:16,651 [INFO] 0.243 1215.0
"2023-05-01 12:52:16,681 [INFO] 0.2432 1216.0
"2023-05-01 12:52:16,710 [INFO] 0.2434 1217.0
"2023-05-01 12:52:16,740 [INFO] 0.2436 1218.0
"2023-05-01 12:52:16,769 [INFO] 0.2438 1219.0
"2023-05-01 12:52:16,798 [INFO] 0.244 1220.0
"2023-05-01 12:52:16,827 [INFO] 0.2442 1221.0
"2023-05-01 12:52:16,857 [INFO] 0.2444 1222.0
"2023-05-01 12:52:16,887 [INFO] 0.2446 1223.0
"2023-05-01 12:52:16,915 [INFO] 0.2448 1224.0
"2023-05-01 12:52:16,945 [INFO] 0.245 1225.0
"2023-05-01 12:52:16,974 [INFO] 0.2452 1226.0
"2023-05-01 12:52:17,004 [INFO] 0.2454 1227.0
"2023-05-01 12:52:17,034 [INFO] 0.2456 1228.0
"2023-05-01 12:52:17,063 [INFO] 0.2458 1229.0
"2023-05-01 12:52:17,093 [INFO] 0.246 1230.0
"2023-05-01 12:52:17,122 [INFO] 0.2462 1231.0
"2023-05-01 12:52:17,151 [INFO] 0.2464 1232.0
"2023-05-01 12:52:17,180 [INFO] 0.2466 1233.0
"2023-05-01 12:52:17,209 [INFO] 0.2468 1234.0
"2023-05-01 12:52:17,239 [INFO] 0.247 1235.0
"2023-05-01 12:52:17,268 [INFO] 0.2472 1236.0
"2023-05-01 12:52:17,297 [INFO] 0.2474 1237.0
"2023-05-01 12:52:17,326 [INFO] 0.2476 1238.0
"2023-05-01 12:52:17,354 [INFO] 0.2478 1239.0
"2023-05-01 12:52:17,383 [INFO] 0.248 1240.0
"2023-05-01 12:52:17,411 [INFO] 0.2482 1241.0
"2023-05-01 12:52:17,440 [INFO] 0.2484 1242.0
"2023-05-01 12:52:17,467 [INFO] 0.2486 1243.0
"2023-05-01 12:52:17,496 [INFO] 0.2488 1244.0
"2023-05-01 12:52:17,524 [INFO] 0.249 1245.0
"2023-05-01 12:52:17,552 [INFO] 0.2492 1246.0
"2023-05-01 12:52:17,580 [INFO] 0.2494 1247.0
"2023-05-01 12:52:17,610 [INFO] 0.2496 1248.0
"2023-05-01 12:52:17,638 [INFO] 0.2498 1249.0
"2023-05-01 12:52:17,666 [INFO] 0.25 1250.0
"2023-05-01 12:52:17,694 [INFO] 0.2502 1251.0
"2023-05-01 12:52:17,723 [INFO] 0.2504 1252.0
"2023-05-01 12:52:17,753 [INFO] 0.2506 1253.0
"2023-05-01 12:52:17,783 [INFO] 0.2508 1254.0
"2023-05-01 12:52:17,812 [INFO] 0.251 1255.0
"2023-05-01 12:52:17,841 [INFO] 0.2512 1256.0
"2023-05-01 12:52:17,870 [INFO] 0.2514 1257.0
"2023-05-01 12:52:17,898 [INFO] 0.2516 1258.0
"2023-05-01 12:52:17,929 [INFO] 0.2518 1259.0
"2023-05-01 12:52:17,958 [INFO] 0.252 1260.0
"2023-05-01 12:52:17,987 [INFO] 0.2522 1261.0
"2023-05-01 12:52:18,016 [INFO] 0.2524 1262.0
"2023-05-01 12:52:18,044 [INFO] 0.2526 1263.0
"2023-05-01 12:52:18,073 [INFO] 0.2528 1264.0
"2023-05-01 12:52:18,102 [INFO] 0.253 1265.0
"2023-05-01 12:52:18,130 [INFO] 0.2532 1266.0
"2023-05-01 12:52:18,159 [INFO] 0.2534 1267.0
"2023-05-01 12:52:18,187 [INFO] 0.2536 1268.0
"2023-05-01 12:52:18,216 [INFO] 0.2538 1269.0
"2023-05-01 12:52:18,245 [INFO] 0.254 1270.0
"2023-05-01 12:52:18,274 [INFO] 0.2542 1271.0
"2023-05-01 12:52:18,305 [INFO] 0.2544 1272.0
"2023-05-01 12:52:18,334 [INFO] 0.2546 1273.0
"2023-05-01 12:52:18,363 [INFO] 0.2548 1274.0
"2023-05-01 12:52:18,391 [INFO] 0.255 1275.0
"2023-05-01 12:52:18,420 [INFO] 0.2552 1276.0
"2023-05-01 12:52:18,449 [INFO] 0.2554 1277.0
"2023-05-01 12:52:18,478 [INFO] 0.2556 1278.0
"2023-05-01 12:52:18,507 [INFO] 0.2558 1279.0
"2023-05-01 12:52:18,536 [INFO] 0.256 1280.0
"2023-05-01 12:52:18,564 [INFO] 0.2562 1281.0
"2023-05-01 12:52:18,593 [INFO] 0.2564 1282.0
"2023-05-01 12:52:18,621 [INFO] 0.2566 1283.0
"2023-05-01 12:52:18,650 [INFO] 0.2568 1284.0
"2023-05-01 12:52:18,679 [INFO] 0.257 1285.0
"2023-05-01 12:52:18,708 [INFO] 0.2572 1286.0
"2023-05-01 12:52:18,736 [INFO] 0.2574 1287.0
"2023-05-01 12:52:18,765 [INFO] 0.2576 1288.0
"2023-05-01 12:52:18,794 [INFO] 0.2578 1289.0
"2023-05-01 12:52:18,823 [INFO] 0.258 1290.0
"2023-05-01 12:52:18,852 [INFO] 0.2582 1291.0
"2023-05-01 12:52:18,881 [INFO] 0.2584 1292.0
"2023-05-01 12:52:18,910 [INFO] 0.2586 1293.0
"2023-05-01 12:52:18,939 [INFO] 0.2588 1294.0
"2023-05-01 12:52:18,969 [INFO] 0.259 1295.0
"2023-05-01 12:52:18,998 [INFO] 0.2592 1296.0
"2023-05-01 12:52:19,026 [INFO] 0.2594 1297.0
"2023-05-01 12:52:19,055 [INFO] 0.2596 1298.0
"2023-05-01 12:52:19,085 [INFO] 0.2598 1299.0
"2023-05-01 12:52:19,114 [INFO] 0.26 1300.0
"2023-05-01 12:52:19,143 [INFO] 0.2602 1301.0
"2023-05-01 12:52:19,172 [INFO] 0.2604 1302.0
"2023-05-01 12:52:19,201 [INFO] 0.2606 1303.0
"2023-05-01 12:52:19,230 [INFO] 0.2608 1304.0
"2023-05-01 12:52:19,260 [INFO] 0.261 1305.0
"2023-05-01 12:52:19,289 [INFO] 0.2612 1306.0
"2023-05-01 12:52:19,318 [INFO] 0.2614 1307.0
"2023-05-01 12:52:19,347 [INFO] 0.2616 1308.0
"2023-05-01 12:52:19,376 [INFO] 0.2618 1309.0
"2023-05-01 12:52:19,405 [INFO] 0.262 1310.0
"2023-05-01 12:52:19,434 [INFO] 0.2622 1311.0
"2023-05-01 12:52:19,463 [INFO] 0.2624 1312.0
"2023-05-01 12:52:19,492 [INFO] 0.2626 1313.0
"2023-05-01 12:52:19,521 [INFO] 0.2628 1314.0
"2023-05-01 12:52:19,550 [INFO] 0.263 1315.0
"2023-05-01 12:52:19,579 [INFO] 0.2632 1316.0
"2023-05-01 12:52:19,607 [INFO] 0.2634 1317.0
"2023-05-01 12:52:19,636 [INFO] 0.2636 1318.0
"2023-05-01 12:52:19,665 [INFO] 0.2638 1319.0
"2023-05-01 12:52:19,694 [INFO] 0.264 1320.0
"2023-05-01 12:52:19,723 [INFO] 0.2642 1321.0
"2023-05-01 12:52:19,752 [INFO] 0.2644 1322.0
"2023-05-01 12:52:19,781 [INFO] 0.2646 1323.0
"2023-05-01 12:52:19,810 [INFO] 0.2648 1324.0
"2023-05-01 12:52:19,839 [INFO] 0.265 1325.0
"2023-05-01 12:52:19,867 [INFO] 0.2652 1326.0
"2023-05-01 12:52:19,896 [INFO] 0.2654 1327.0
"2023-05-01 12:52:19,926 [INFO] 0.2656 1328.0
"2023-05-01 12:52:19,954 [INFO] 0.2658 1329.0
"2023-05-01 12:52:19,983 [INFO] 0.266 1330.0
"2023-05-01 12:52:20,012 [INFO] 0.2662 1331.0
"2023-05-01 12:52:20,041 [INFO] 0.2664 1332.0
"2023-05-01 12:52:20,070 [INFO] 0.2666 1333.0
"2023-05-01 12:52:20,100 [INFO] 0.2668 1334.0
"2023-05-01 12:52:20,129 [INFO] 0.267 1335.0
"2023-05-01 12:52:20,158 [INFO] 0.2672 1336.0
"2023-05-01 12:52:20,187 [INFO] 0.2674 1337.0
"2023-05-01 12:52:20,216 [INFO] 0.2676 1338.0
"2023-05-01 12:52:20,245 [INFO] 0.2678 1339.0
"2023-05-01 12:52:20,274 [INFO] 0.268 1340.0
"2023-05-01 12:52:20,303 [INFO] 0.2682 1341.0
"2023-05-01 12:52:20,332 [INFO] 0.2684 1342.0
"2023-05-01 12:52:20,362 [INFO] 0.2686 1343.0
"2023-05-01 12:52:20,390 [INFO] 0.2688 1344.0
"2023-05-01 12:52:20,419 [INFO] 0.269 1345.0
"2023-05-01 12:52:20,448 [INFO] 0.2692 1346.0
"2023-05-01 12:52:20,478 [INFO] 0.2694 1347.0
"2023-05-01 12:52:20,506 [INFO] 0.2696 1348.0
"2023-05-01 12:52:20,535 [INFO] 0.2698 1349.0
"2023-05-01 12:52:20,564 [INFO] 0.27 1350.0
"2023-05-01 12:52:20,593 [INFO] 0.2702 1351.0
"2023-05-01 12:52:20,622 [INFO] 0.2704 1352.0
"2023-05-01 12:52:20,651 [INFO] 0.2706 1353.0
"2023-05-01 12:52:20,680 [INFO] 0.2708 1354.0
"2023-05-01 12:52:20,709 [INFO] 0.271 1355.0
"2023-05-01 12:52:20,738 [INFO] 0.2712 1356.0
"2023-05-01 12:52:20,766 [INFO] 0.2714 1357.0
"2023-05-01 12:52:20,795 [INFO] 0.2716 1358.0
"2023-05-01 12:52:20,823 [INFO] 0.2718 1359.0
"2023-05-01 12:52:20,852 [INFO] 0.272 1360.0
"2023-05-01 12:52:20,881 [INFO] 0.2722 1361.0
"2023-05-01 12:52:20,912 [INFO] 0.2724 1362.0
"2023-05-01 12:52:20,941 [INFO] 0.2726 1363.0
"2023-05-01 12:52:20,970 [INFO] 0.2728 1364.0
"2023-05-01 12:52:20,999 [INFO] 0.273 1365.0
"2023-05-01 12:52:21,028 [INFO] 0.2732 1366.0
"2023-05-01 12:52:21,057 [INFO] 0.2734 1367.0
"2023-05-01 12:52:21,085 [INFO] 0.2736 1368.0
"2023-05-01 12:52:21,115 [INFO] 0.2738 1369.0
"2023-05-01 12:52:21,144 [INFO] 0.274 1370.0
"2023-05-01 12:52:21,172 [INFO] 0.2742 1371.0
"2023-05-01 12:52:21,202 [INFO] 0.2744 1372.0
"2023-05-01 12:52:21,231 [INFO] 0.2746 1373.0
"2023-05-01 12:52:21,260 [INFO] 0.2748 1374.0
"2023-05-01 12:52:21,288 [INFO] 0.275 1375.0
"2023-05-01 12:52:21,318 [INFO] 0.2752 1376.0
"2023-05-01 12:52:21,346 [INFO] 0.2754 1377.0
"2023-05-01 12:52:21,375 [INFO] 0.2756 1378.0
"2023-05-01 12:52:21,404 [INFO] 0.2758 1379.0
"2023-05-01 12:52:21,433 [INFO] 0.276 1380.0
"2023-05-01 12:52:21,462 [INFO] 0.2762 1381.0
"2023-05-01 12:52:21,492 [INFO] 0.2764 1382.0
"2023-05-01 12:52:21,521 [INFO] 0.2766 1383.0
"2023-05-01 12:52:21,550 [INFO] 0.2768 1384.0
"2023-05-01 12:52:21,579 [INFO] 0.277 1385.0
"2023-05-01 12:52:21,608 [INFO] 0.2772 1386.0
"2023-05-01 12:52:21,637 [INFO] 0.2774 1387.0
"2023-05-01 12:52:21,666 [INFO] 0.2776 1388.0
"2023-05-01 12:52:21,695 [INFO] 0.2778 1389.0
"2023-05-01 12:52:21,724 [INFO] 0.278 1390.0
"2023-05-01 12:52:21,753 [INFO] 0.2782 1391.0
"2023-05-01 12:52:21,782 [INFO] 0.2784 1392.0
"2023-05-01 12:52:21,811 [INFO] 0.2786 1393.0
"2023-05-01 12:52:21,840 [INFO] 0.2788 1394.0
"2023-05-01 12:52:21,868 [INFO] 0.279 1395.0
"2023-05-01 12:52:21,897 [INFO] 0.2792 1396.0
"2023-05-01 12:52:21,926 [INFO] 0.2794 1397.0
"2023-05-01 12:52:21,955 [INFO] 0.2796 1398.0
"2023-05-01 12:52:21,984 [INFO] 0.2798 1399.0
"2023-05-01 12:52:22,013 [INFO] 0.28 1400.0
"2023-05-01 12:52:22,042 [INFO] 0.2802 1401.0
"2023-05-01 12:52:22,071 [INFO] 0.2804 1402.0
"2023-05-01 12:52:22,100 [INFO] 0.2806 1403.0
"2023-05-01 12:52:22,128 [INFO] 0.2808 1404.0
"2023-05-01 12:52:22,156 [INFO] 0.281 1405.0
"2023-05-01 12:52:22,184 [INFO] 0.2812 1406.0
"2023-05-01 12:52:22,212 [INFO] 0.2814 1407.0
"2023-05-01 12:52:22,240 [INFO] 0.2816 1408.0
"2023-05-01 12:52:22,268 [INFO] 0.2818 1409.0
"2023-05-01 12:52:22,296 [INFO] 0.282 1410.0
"2023-05-01 12:52:22,324 [INFO] 0.2822 1411.0
"2023-05-01 12:52:22,352 [INFO] 0.2824 1412.0
"2023-05-01 12:52:22,380 [INFO] 0.2826 1413.0
"2023-05-01 12:52:22,408 [INFO] 0.2828 1414.0
"2023-05-01 12:52:22,436 [INFO] 0.283 1415.0
"2023-05-01 12:52:22,465 [INFO] 0.2832 1416.0
"2023-05-01 12:52:22,493 [INFO] 0.2834 1417.0
"2023-05-01 12:52:22,521 [INFO] 0.2836 1418.0
"2023-05-01 12:52:22,550 [INFO] 0.2838 1419.0
"2023-05-01 12:52:22,578 [INFO] 0.284 1420.0
"2023-05-01 12:52:22,606 [INFO] 0.2842 1421.0
"2023-05-01 12:52:22,635 [INFO] 0.2844 1422.0
"2023-05-01 12:52:22,663 [INFO] 0.2846 1423.0
"2023-05-01 12:52:22,692 [INFO] 0.2848 1424.0
"2023-05-01 12:52:22,720 [INFO] 0.285 1425.0
"2023-05-01 12:52:22,749 [INFO] 0.2852 1426.0
"2023-05-01 12:52:22,777 [INFO] 0.2854 1427.0
"2023-05-01 12:52:22,805 [INFO] 0.2856 1428.0
"2023-05-01 12:52:22,834 [INFO] 0.2858 1429.0
"2023-05-01 12:52:22,861 [INFO] 0.286 1430.0
"2023-05-01 12:52:22,889 [INFO] 0.2862 1431.0
"2023-05-01 12:52:22,917 [INFO] 0.2864 1432.0
"2023-05-01 12:52:22,945 [INFO] 0.2866 1433.0
"2023-05-01 12:52:22,973 [INFO] 0.2868 1434.0
"2023-05-01 12:52:23,001 [INFO] 0.287 1435.0
"2023-05-01 12:52:23,029 [INFO] 0.2872 1436.0
"2023-05-01 12:52:23,057 [INFO] 0.2874 1437.0
"2023-05-01 12:52:23,085 [INFO] 0.2876 1438.0
"2023-05-01 12:52:23,113 [INFO] 0.2878 1439.0
"2023-05-01 12:52:23,141 [INFO] 0.288 1440.0
"2023-05-01 12:52:23,169 [INFO] 0.2882 1441.0
"2023-05-01 12:52:23,197 [INFO] 0.2884 1442.0
"2023-05-01 12:52:23,225 [INFO] 0.2886 1443.0
"2023-05-01 12:52:23,253 [INFO] 0.2888 1444.0
"2023-05-01 12:52:23,281 [INFO] 0.289 1445.0
"2023-05-01 12:52:23,309 [INFO] 0.2892 1446.0
"2023-05-01 12:52:23,337 [INFO] 0.2894 1447.0
"2023-05-01 12:52:23,366 [INFO] 0.2896 1448.0
"2023-05-01 12:52:23,396 [INFO] 0.2898 1449.0
"2023-05-01 12:52:23,426 [INFO] 0.29 1450.0
"2023-05-01 12:52:23,455 [INFO] 0.2902 1451.0
"2023-05-01 12:52:23,483 [INFO] 0.2904 1452.0
"2023-05-01 12:52:23,511 [INFO] 0.2906 1453.0
"2023-05-01 12:52:23,541 [INFO] 0.2908 1454.0
"2023-05-01 12:52:23,569 [INFO] 0.291 1455.0
"2023-05-01 12:52:23,598 [INFO] 0.2912 1456.0
"2023-05-01 12:52:23,625 [INFO] 0.2914 1457.0
"2023-05-01 12:52:23,653 [INFO] 0.2916 1458.0
"2023-05-01 12:52:23,681 [INFO] 0.2918 1459.0
"2023-05-01 12:52:23,709 [INFO] 0.292 1460.0
"2023-05-01 12:52:23,737 [INFO] 0.2922 1461.0
"2023-05-01 12:52:23,765 [INFO] 0.2924 1462.0
"2023-05-01 12:52:23,793 [INFO] 0.2926 1463.0
"2023-05-01 12:52:23,821 [INFO] 0.2928 1464.0
"2023-05-01 12:52:23,849 [INFO] 0.293 1465.0
"2023-05-01 12:52:23,877 [INFO] 0.2932 1466.0
"2023-05-01 12:52:23,905 [INFO] 0.2934 1467.0
"2023-05-01 12:52:23,932 [INFO] 0.2936 1468.0
"2023-05-01 12:52:23,960 [INFO] 0.2938 1469.0
"2023-05-01 12:52:23,988 [INFO] 0.294 1470.0
"2023-05-01 12:52:24,015 [INFO] 0.2942 1471.0
"2023-05-01 12:52:24,043 [INFO] 0.2944 1472.0
"2023-05-01 12:52:24,073 [INFO] 0.2946 1473.0
"2023-05-01 12:52:24,101 [INFO] 0.2948 1474.0
"2023-05-01 12:52:24,129 [INFO] 0.295 1475.0
"2023-05-01 12:52:24,157 [INFO] 0.2952 1476.0
"2023-05-01 12:52:24,185 [INFO] 0.2954 1477.0
"2023-05-01 12:52:24,213 [INFO] 0.2956 1478.0
"2023-05-01 12:52:24,241 [INFO] 0.2958 1479.0
"2023-05-01 12:52:24,268 [INFO] 0.296 1480.0
"2023-05-01 12:52:24,296 [INFO] 0.2962 1481.0
"2023-05-01 12:52:24,324 [INFO] 0.2964 1482.0
"2023-05-01 12:52:24,352 [INFO] 0.2966 1483.0
"2023-05-01 12:52:24,380 [INFO] 0.2968 1484.0
"2023-05-01 12:52:24,408 [INFO] 0.297 1485.0
"2023-05-01 12:52:24,436 [INFO] 0.2972 1486.0
"2023-05-01 12:52:24,464 [INFO] 0.2974 1487.0
"2023-05-01 12:52:24,492 [INFO] 0.2976 1488.0
"2023-05-01 12:52:24,520 [INFO] 0.2978 1489.0
"2023-05-01 12:52:24,548 [INFO] 0.298 1490.0
"2023-05-01 12:52:24,577 [INFO] 0.2982 1491.0
"2023-05-01 12:52:24,605 [INFO] 0.2984 1492.0
"2023-05-01 12:52:24,633 [INFO] 0.2986 1493.0
"2023-05-01 12:52:24,661 [INFO] 0.2988 1494.0
"2023-05-01 12:52:24,689 [INFO] 0.299 1495.0
"2023-05-01 12:52:24,717 [INFO] 0.2992 1496.0
"2023-05-01 12:52:24,745 [INFO] 0.2994 1497.0
"2023-05-01 12:52:24,774 [INFO] 0.2996 1498.0
"2023-05-01 12:52:24,802 [INFO] 0.2998 1499.0
"2023-05-01 12:52:24,831 [INFO] 0.3 1500.0
"2023-05-01 12:52:24,859 [INFO] 0.3002 1501.0
"2023-05-01 12:52:24,888 [INFO] 0.3004 1502.0
"2023-05-01 12:52:24,917 [INFO] 0.3006 1503.0
"2023-05-01 12:52:24,946 [INFO] 0.3008 1504.0
"2023-05-01 12:52:24,974 [INFO] 0.301 1505.0
"2023-05-01 12:52:25,002 [INFO] 0.3012 1506.0
"2023-05-01 12:52:25,031 [INFO] 0.3014 1507.0
"2023-05-01 12:52:25,060 [INFO] 0.3016 1508.0
"2023-05-01 12:52:25,088 [INFO] 0.3018 1509.0
"2023-05-01 12:52:25,117 [INFO] 0.302 1510.0
"2023-05-01 12:52:25,145 [INFO] 0.3022 1511.0
"2023-05-01 12:52:25,174 [INFO] 0.3024 1512.0
"2023-05-01 12:52:25,202 [INFO] 0.3026 1513.0
"2023-05-01 12:52:25,231 [INFO] 0.3028 1514.0
"2023-05-01 12:52:25,259 [INFO] 0.303 1515.0
"2023-05-01 12:52:25,287 [INFO] 0.3032 1516.0
"2023-05-01 12:52:25,315 [INFO] 0.3034 1517.0
"2023-05-01 12:52:25,343 [INFO] 0.3036 1518.0
"2023-05-01 12:52:25,371 [INFO] 0.3038 1519.0
"2023-05-01 12:52:25,400 [INFO] 0.304 1520.0
"2023-05-01 12:52:25,428 [INFO] 0.3042 1521.0
"2023-05-01 12:52:25,456 [INFO] 0.3044 1522.0
"2023-05-01 12:52:25,485 [INFO] 0.3046 1523.0
"2023-05-01 12:52:25,513 [INFO] 0.3048 1524.0
"2023-05-01 12:52:25,542 [INFO] 0.305 1525.0
"2023-05-01 12:52:25,572 [INFO] 0.3052 1526.0
"2023-05-01 12:52:25,602 [INFO] 0.3054 1527.0
"2023-05-01 12:52:25,630 [INFO] 0.3056 1528.0
"2023-05-01 12:52:25,659 [INFO] 0.3058 1529.0
"2023-05-01 12:52:25,689 [INFO] 0.306 1530.0
"2023-05-01 12:52:25,719 [INFO] 0.3062 1531.0
"2023-05-01 12:52:25,748 [INFO] 0.3064 1532.0
"2023-05-01 12:52:25,777 [INFO] 0.3066 1533.0
"2023-05-01 12:52:25,806 [INFO] 0.3068 1534.0
"2023-05-01 12:52:25,836 [INFO] 0.307 1535.0
"2023-05-01 12:52:25,865 [INFO] 0.3072 1536.0
"2023-05-01 12:52:25,894 [INFO] 0.3074 1537.0
"2023-05-01 12:52:25,924 [INFO] 0.3076 1538.0
"2023-05-01 12:52:25,953 [INFO] 0.3078 1539.0
"2023-05-01 12:52:25,982 [INFO] 0.308 1540.0
"2023-05-01 12:52:26,011 [INFO] 0.3082 1541.0
"2023-05-01 12:52:26,040 [INFO] 0.3084 1542.0
"2023-05-01 12:52:26,070 [INFO] 0.3086 1543.0
"2023-05-01 12:52:26,099 [INFO] 0.3088 1544.0
"2023-05-01 12:52:26,129 [INFO] 0.309 1545.0
"2023-05-01 12:52:26,160 [INFO] 0.3092 1546.0
"2023-05-01 12:52:26,190 [INFO] 0.3094 1547.0
"2023-05-01 12:52:26,219 [INFO] 0.3096 1548.0
"2023-05-01 12:52:26,248 [INFO] 0.3098 1549.0
"2023-05-01 12:52:26,278 [INFO] 0.31 1550.0
"2023-05-01 12:52:26,307 [INFO] 0.3102 1551.0
"2023-05-01 12:52:26,336 [INFO] 0.3104 1552.0
"2023-05-01 12:52:26,364 [INFO] 0.3106 1553.0
"2023-05-01 12:52:26,393 [INFO] 0.3108 1554.0
"2023-05-01 12:52:26,423 [INFO] 0.311 1555.0
"2023-05-01 12:52:26,452 [INFO] 0.3112 1556.0
"2023-05-01 12:52:26,482 [INFO] 0.3114 1557.0
"2023-05-01 12:52:26,511 [INFO] 0.3116 1558.0
"2023-05-01 12:52:26,540 [INFO] 0.3118 1559.0
"2023-05-01 12:52:26,569 [INFO] 0.312 1560.0
"2023-05-01 12:52:26,599 [INFO] 0.3122 1561.0
"2023-05-01 12:52:26,628 [INFO] 0.3124 1562.0
"2023-05-01 12:52:26,658 [INFO] 0.3126 1563.0
"2023-05-01 12:52:26,687 [INFO] 0.3128 1564.0
"2023-05-01 12:52:26,716 [INFO] 0.313 1565.0
"2023-05-01 12:52:26,746 [INFO] 0.3132 1566.0
"2023-05-01 12:52:26,775 [INFO] 0.3134 1567.0
"2023-05-01 12:52:26,804 [INFO] 0.3136 1568.0
"2023-05-01 12:52:26,834 [INFO] 0.3138 1569.0
"2023-05-01 12:52:26,863 [INFO] 0.314 1570.0
"2023-05-01 12:52:26,893 [INFO] 0.3142 1571.0
"2023-05-01 12:52:26,922 [INFO] 0.3144 1572.0
"2023-05-01 12:52:26,952 [INFO] 0.3146 1573.0
"2023-05-01 12:52:26,981 [INFO] 0.3148 1574.0
"2023-05-01 12:52:27,011 [INFO] 0.315 1575.0
"2023-05-01 12:52:27,040 [INFO] 0.3152 1576.0
"2023-05-01 12:52:27,069 [INFO] 0.3154 1577.0
"2023-05-01 12:52:27,099 [INFO] 0.3156 1578.0
"2023-05-01 12:52:27,128 [INFO] 0.3158 1579.0
"2023-05-01 12:52:27,158 [INFO] 0.316 1580.0
"2023-05-01 12:52:27,187 [INFO] 0.3162 1581.0
"2023-05-01 12:52:27,216 [INFO] 0.3164 1582.0
"2023-05-01 12:52:27,246 [INFO] 0.3166 1583.0
"2023-05-01 12:52:27,274 [INFO] 0.3168 1584.0
"2023-05-01 12:52:27,304 [INFO] 0.317 1585.0
"2023-05-01 12:52:27,332 [INFO] 0.3172 1586.0
"2023-05-01 12:52:27,362 [INFO] 0.3174 1587.0
"2023-05-01 12:52:27,391 [INFO] 0.3176 1588.0
"2023-05-01 12:52:27,420 [INFO] 0.3178 1589.0
"2023-05-01 12:52:27,450 [INFO] 0.318 1590.0
"2023-05-01 12:52:27,479 [INFO] 0.3182 1591.0
"2023-05-01 12:52:27,508 [INFO] 0.3184 1592.0
"2023-05-01 12:52:27,537 [INFO] 0.3186 1593.0
"2023-05-01 12:52:27,566 [INFO] 0.3188 1594.0
"2023-05-01 12:52:27,596 [INFO] 0.319 1595.0
"2023-05-01 12:52:27,625 [INFO] 0.3192 1596.0
"2023-05-01 12:52:27,655 [INFO] 0.3194 1597.0
"2023-05-01 12:52:27,684 [INFO] 0.3196 1598.0
"2023-05-01 12:52:27,713 [INFO] 0.3198 1599.0
"2023-05-01 12:52:27,742 [INFO] 0.32 1600.0
"2023-05-01 12:52:27,771 [INFO] 0.3202 1601.0
"2023-05-01 12:52:27,801 [INFO] 0.3204 1602.0
"2023-05-01 12:52:27,830 [INFO] 0.3206 1603.0
"2023-05-01 12:52:27,859 [INFO] 0.3208 1604.0
"2023-05-01 12:52:27,888 [INFO] 0.321 1605.0
"2023-05-01 12:52:27,917 [INFO] 0.3212 1606.0
"2023-05-01 12:52:27,946 [INFO] 0.3214 1607.0
"2023-05-01 12:52:27,975 [INFO] 0.3216 1608.0
"2023-05-01 12:52:28,004 [INFO] 0.3218 1609.0
"2023-05-01 12:52:28,033 [INFO] 0.322 1610.0
"2023-05-01 12:52:28,062 [INFO] 0.3222 1611.0
"2023-05-01 12:52:28,091 [INFO] 0.3224 1612.0
"2023-05-01 12:52:28,120 [INFO] 0.3226 1613.0
"2023-05-01 12:52:28,149 [INFO] 0.3228 1614.0
"2023-05-01 12:52:28,178 [INFO] 0.323 1615.0
"2023-05-01 12:52:28,208 [INFO] 0.3232 1616.0
"2023-05-01 12:52:28,237 [INFO] 0.3234 1617.0
"2023-05-01 12:52:28,266 [INFO] 0.3236 1618.0
"2023-05-01 12:52:28,295 [INFO] 0.3238 1619.0
"2023-05-01 12:52:28,325 [INFO] 0.324 1620.0
"2023-05-01 12:52:28,353 [INFO] 0.3242 1621.0
"2023-05-01 12:52:28,383 [INFO] 0.3244 1622.0
"2023-05-01 12:52:28,412 [INFO] 0.3246 1623.0
"2023-05-01 12:52:28,441 [INFO] 0.3248 1624.0
"2023-05-01 12:52:28,470 [INFO] 0.325 1625.0
"2023-05-01 12:52:28,500 [INFO] 0.3252 1626.0
"2023-05-01 12:52:28,528 [INFO] 0.3254 1627.0
"2023-05-01 12:52:28,557 [INFO] 0.3256 1628.0
"2023-05-01 12:52:28,586 [INFO] 0.3258 1629.0
"2023-05-01 12:52:28,615 [INFO] 0.326 1630.0
"2023-05-01 12:52:28,644 [INFO] 0.3262 1631.0
"2023-05-01 12:52:28,673 [INFO] 0.3264 1632.0
"2023-05-01 12:52:28,704 [INFO] 0.3266 1633.0
"2023-05-01 12:52:28,733 [INFO] 0.3268 1634.0
"2023-05-01 12:52:28,761 [INFO] 0.327 1635.0
"2023-05-01 12:52:28,791 [INFO] 0.3272 1636.0
"2023-05-01 12:52:28,820 [INFO] 0.3274 1637.0
"2023-05-01 12:52:28,849 [INFO] 0.3276 1638.0
"2023-05-01 12:52:28,878 [INFO] 0.3278 1639.0
"2023-05-01 12:52:28,907 [INFO] 0.328 1640.0
"2023-05-01 12:52:28,936 [INFO] 0.3282 1641.0
"2023-05-01 12:52:28,965 [INFO] 0.3284 1642.0
"2023-05-01 12:52:28,994 [INFO] 0.3286 1643.0
"2023-05-01 12:52:29,023 [INFO] 0.3288 1644.0
"2023-05-01 12:52:29,052 [INFO] 0.329 1645.0
"2023-05-01 12:52:29,081 [INFO] 0.3292 1646.0
"2023-05-01 12:52:29,110 [INFO] 0.3294 1647.0
"2023-05-01 12:52:29,139 [INFO] 0.3296 1648.0
"2023-05-01 12:52:29,169 [INFO] 0.3298 1649.0
"2023-05-01 12:52:29,198 [INFO] 0.33 1650.0
"2023-05-01 12:52:29,227 [INFO] 0.3302 1651.0
"2023-05-01 12:52:29,256 [INFO] 0.3304 1652.0
"2023-05-01 12:52:29,285 [INFO] 0.3306 1653.0
"2023-05-01 12:52:29,314 [INFO] 0.3308 1654.0
"2023-05-01 12:52:29,343 [INFO] 0.331 1655.0
"2023-05-01 12:52:29,373 [INFO] 0.3312 1656.0
"2023-05-01 12:52:29,402 [INFO] 0.3314 1657.0
"2023-05-01 12:52:29,431 [INFO] 0.3316 1658.0
"2023-05-01 12:52:29,460 [INFO] 0.3318 1659.0
"2023-05-01 12:52:29,489 [INFO] 0.332 1660.0
"2023-05-01 12:52:29,518 [INFO] 0.3322 1661.0
"2023-05-01 12:52:29,547 [INFO] 0.3324 1662.0
"2023-05-01 12:52:29,577 [INFO] 0.3326 1663.0
"2023-05-01 12:52:29,606 [INFO] 0.3328 1664.0
"2023-05-01 12:52:29,635 [INFO] 0.333 1665.0
"2023-05-01 12:52:29,664 [INFO] 0.3332 1666.0
"2023-05-01 12:52:29,692 [INFO] 0.3334 1667.0
"2023-05-01 12:52:29,721 [INFO] 0.3336 1668.0
"2023-05-01 12:52:29,751 [INFO] 0.3338 1669.0
"2023-05-01 12:52:29,780 [INFO] 0.334 1670.0
"2023-05-01 12:52:29,810 [INFO] 0.3342 1671.0
"2023-05-01 12:52:29,839 [INFO] 0.3344 1672.0
"2023-05-01 12:52:29,869 [INFO] 0.3346 1673.0
"2023-05-01 12:52:29,899 [INFO] 0.3348 1674.0
"2023-05-01 12:52:29,928 [INFO] 0.335 1675.0
"2023-05-01 12:52:29,957 [INFO] 0.3352 1676.0
"2023-05-01 12:52:29,987 [INFO] 0.3354 1677.0
"2023-05-01 12:52:30,016 [INFO] 0.3356 1678.0
"2023-05-01 12:52:30,046 [INFO] 0.3358 1679.0
"2023-05-01 12:52:30,075 [INFO] 0.336 1680.0
"2023-05-01 12:52:30,105 [INFO] 0.3362 1681.0
"2023-05-01 12:52:30,134 [INFO] 0.3364 1682.0
"2023-05-01 12:52:30,163 [INFO] 0.3366 1683.0
"2023-05-01 12:52:30,193 [INFO] 0.3368 1684.0
"2023-05-01 12:52:30,222 [INFO] 0.337 1685.0
"2023-05-01 12:52:30,252 [INFO] 0.3372 1686.0
"2023-05-01 12:52:30,281 [INFO] 0.3374 1687.0
"2023-05-01 12:52:30,311 [INFO] 0.3376 1688.0
"2023-05-01 12:52:30,340 [INFO] 0.3378 1689.0
"2023-05-01 12:52:30,369 [INFO] 0.338 1690.0
"2023-05-01 12:52:30,399 [INFO] 0.3382 1691.0
"2023-05-01 12:52:30,428 [INFO] 0.3384 1692.0
"2023-05-01 12:52:30,457 [INFO] 0.3386 1693.0
"2023-05-01 12:52:30,489 [INFO] 0.3388 1694.0
"2023-05-01 12:52:30,519 [INFO] 0.339 1695.0
"2023-05-01 12:52:30,549 [INFO] 0.3392 1696.0
"2023-05-01 12:52:30,578 [INFO] 0.3394 1697.0
"2023-05-01 12:52:30,608 [INFO] 0.3396 1698.0
"2023-05-01 12:52:30,637 [INFO] 0.3398 1699.0
"2023-05-01 12:52:30,667 [INFO] 0.34 1700.0
"2023-05-01 12:52:30,696 [INFO] 0.3402 1701.0
"2023-05-01 12:52:30,725 [INFO] 0.3404 1702.0
"2023-05-01 12:52:30,754 [INFO] 0.3406 1703.0
"2023-05-01 12:52:30,784 [INFO] 0.3408 1704.0
"2023-05-01 12:52:30,813 [INFO] 0.341 1705.0
"2023-05-01 12:52:30,844 [INFO] 0.3412 1706.0
"2023-05-01 12:52:30,873 [INFO] 0.3414 1707.0
"2023-05-01 12:52:30,903 [INFO] 0.3416 1708.0
"2023-05-01 12:52:30,932 [INFO] 0.3418 1709.0
"2023-05-01 12:52:30,961 [INFO] 0.342 1710.0
"2023-05-01 12:52:30,990 [INFO] 0.3422 1711.0
"2023-05-01 12:52:31,019 [INFO] 0.3424 1712.0
"2023-05-01 12:52:31,048 [INFO] 0.3426 1713.0
"2023-05-01 12:52:31,077 [INFO] 0.3428 1714.0
"2023-05-01 12:52:31,106 [INFO] 0.343 1715.0
"2023-05-01 12:52:31,136 [INFO] 0.3432 1716.0
"2023-05-01 12:52:31,166 [INFO] 0.3434 1717.0
"2023-05-01 12:52:31,194 [INFO] 0.3436 1718.0
"2023-05-01 12:52:31,223 [INFO] 0.3438 1719.0
"2023-05-01 12:52:31,251 [INFO] 0.344 1720.0
"2023-05-01 12:52:31,281 [INFO] 0.3442 1721.0
"2023-05-01 12:52:31,310 [INFO] 0.3444 1722.0
"2023-05-01 12:52:31,339 [INFO] 0.3446 1723.0
"2023-05-01 12:52:31,370 [INFO] 0.3448 1724.0
"2023-05-01 12:52:31,398 [INFO] 0.345 1725.0
"2023-05-01 12:52:31,427 [INFO] 0.3452 1726.0
"2023-05-01 12:52:31,455 [INFO] 0.3454 1727.0
"2023-05-01 12:52:31,484 [INFO] 0.3456 1728.0
"2023-05-01 12:52:31,512 [INFO] 0.3458 1729.0
"2023-05-01 12:52:31,540 [INFO] 0.346 1730.0
"2023-05-01 12:52:31,569 [INFO] 0.3462 1731.0
"2023-05-01 12:52:31,597 [INFO] 0.3464 1732.0
"2023-05-01 12:52:31,625 [INFO] 0.3466 1733.0
"2023-05-01 12:52:31,653 [INFO] 0.3468 1734.0
"2023-05-01 12:52:31,682 [INFO] 0.347 1735.0
"2023-05-01 12:52:31,710 [INFO] 0.3472 1736.0
"2023-05-01 12:52:31,739 [INFO] 0.3474 1737.0
"2023-05-01 12:52:31,767 [INFO] 0.3476 1738.0
"2023-05-01 12:52:31,796 [INFO] 0.3478 1739.0
"2023-05-01 12:52:31,824 [INFO] 0.348 1740.0
"2023-05-01 12:52:31,852 [INFO] 0.3482 1741.0
"2023-05-01 12:52:31,881 [INFO] 0.3484 1742.0
"2023-05-01 12:52:31,909 [INFO] 0.3486 1743.0
"2023-05-01 12:52:31,937 [INFO] 0.3488 1744.0
"2023-05-01 12:52:31,965 [INFO] 0.349 1745.0
"2023-05-01 12:52:31,993 [INFO] 0.3492 1746.0
"2023-05-01 12:52:32,022 [INFO] 0.3494 1747.0
"2023-05-01 12:52:32,050 [INFO] 0.3496 1748.0
"2023-05-01 12:52:32,078 [INFO] 0.3498 1749.0
"2023-05-01 12:52:32,106 [INFO] 0.35 1750.0
"2023-05-01 12:52:32,134 [INFO] 0.3502 1751.0
"2023-05-01 12:52:32,163 [INFO] 0.3504 1752.0
"2023-05-01 12:52:32,191 [INFO] 0.3506 1753.0
"2023-05-01 12:52:32,219 [INFO] 0.3508 1754.0
"2023-05-01 12:52:32,248 [INFO] 0.351 1755.0
"2023-05-01 12:52:32,277 [INFO] 0.3512 1756.0
"2023-05-01 12:52:32,306 [INFO] 0.3514 1757.0
"2023-05-01 12:52:32,335 [INFO] 0.3516 1758.0
"2023-05-01 12:52:32,363 [INFO] 0.3518 1759.0
"2023-05-01 12:52:32,392 [INFO] 0.352 1760.0
"2023-05-01 12:52:32,421 [INFO] 0.3522 1761.0
"2023-05-01 12:52:32,449 [INFO] 0.3524 1762.0
"2023-05-01 12:52:32,478 [INFO] 0.3526 1763.0
"2023-05-01 12:52:32,507 [INFO] 0.3528 1764.0
"2023-05-01 12:52:32,535 [INFO] 0.353 1765.0
"2023-05-01 12:52:32,564 [INFO] 0.3532 1766.0
"2023-05-01 12:52:32,592 [INFO] 0.3534 1767.0
"2023-05-01 12:52:32,621 [INFO] 0.3536 1768.0
"2023-05-01 12:52:32,650 [INFO] 0.3538 1769.0
"2023-05-01 12:52:32,678 [INFO] 0.354 1770.0
"2023-05-01 12:52:32,707 [INFO] 0.3542 1771.0
"2023-05-01 12:52:32,735 [INFO] 0.3544 1772.0
"2023-05-01 12:52:32,764 [INFO] 0.3546 1773.0
"2023-05-01 12:52:32,792 [INFO] 0.3548 1774.0
"2023-05-01 12:52:32,821 [INFO] 0.355 1775.0
"2023-05-01 12:52:32,850 [INFO] 0.3552 1776.0
"2023-05-01 12:52:32,879 [INFO] 0.3554 1777.0
"2023-05-01 12:52:32,907 [INFO] 0.3556 1778.0
"2023-05-01 12:52:32,937 [INFO] 0.3558 1779.0
"2023-05-01 12:52:32,965 [INFO] 0.356 1780.0
"2023-05-01 12:52:32,994 [INFO] 0.3562 1781.0
"2023-05-01 12:52:33,022 [INFO] 0.3564 1782.0
"2023-05-01 12:52:33,051 [INFO] 0.3566 1783.0
"2023-05-01 12:52:33,080 [INFO] 0.3568 1784.0
"2023-05-01 12:52:33,108 [INFO] 0.357 1785.0
"2023-05-01 12:52:33,137 [INFO] 0.3572 1786.0
"2023-05-01 12:52:33,167 [INFO] 0.3574 1787.0
"2023-05-01 12:52:33,195 [INFO] 0.3576 1788.0
"2023-05-01 12:52:33,224 [INFO] 0.3578 1789.0
"2023-05-01 12:52:33,253 [INFO] 0.358 1790.0
"2023-05-01 12:52:33,282 [INFO] 0.3582 1791.0
"2023-05-01 12:52:33,311 [INFO] 0.3584 1792.0
"2023-05-01 12:52:33,340 [INFO] 0.3586 1793.0
"2023-05-01 12:52:33,370 [INFO] 0.3588 1794.0
"2023-05-01 12:52:33,398 [INFO] 0.359 1795.0
"2023-05-01 12:52:33,428 [INFO] 0.3592 1796.0
"2023-05-01 12:52:33,457 [INFO] 0.3594 1797.0
"2023-05-01 12:52:33,486 [INFO] 0.3596 1798.0
"2023-05-01 12:52:33,515 [INFO] 0.3598 1799.0
"2023-05-01 12:52:33,546 [INFO] Terminating simulation...
