"2023-05-03 18:49:22,753 [INFO] Reporter Initialized!
"2023-05-03 18:49:22,754 [INFO] Reporter LEVEL: info
"2023-05-03 18:49:22,754 [INFO] Initializing all necessary class instances
"2023-05-03 18:49:22,777 [INFO] Creating and Configuring MAPort...
"2023-05-03 18:49:26,248 [INFO] Adding Start and StopTrigger...
"2023-05-03 18:49:26,248 [INFO] Starting simulation...
"2023-05-03 18:49:26,288 [INFO] capturing... (variable) capture_start: 1.0
"2023-05-03 18:49:27,085 [INFO] capturing... (variable) capture_start: 51.0
"2023-05-03 18:49:27,597 [INFO] capturing... (variable) capture_start: 101.0
"2023-05-03 18:49:28,097 [INFO] capturing... (variable) capture_start: 151.0
"2023-05-03 18:49:28,605 [INFO] capturing... (variable) capture_start: 201.0
"2023-05-03 18:49:29,099 [INFO] capturing... (variable) capture_start: 251.0
"2023-05-03 18:49:29,597 [INFO] capturing... (variable) capture_start: 301.0
"2023-05-03 18:49:30,106 [INFO] capturing... (variable) capture_start: 351.0
"2023-05-03 18:49:30,604 [INFO] capturing... (variable) capture_start: 401.0
"2023-05-03 18:49:31,102 [INFO] capturing... (variable) capture_start: 451.0
"2023-05-03 18:49:31,605 [INFO] capturing... (variable) capture_start: 501.0
"2023-05-03 18:49:32,107 [INFO] capturing... (variable) capture_start: 551.0
"2023-05-03 18:49:32,608 [INFO] capturing... (variable) capture_start: 601.0
"2023-05-03 18:49:33,105 [INFO] capturing... (variable) capture_start: 651.0
"2023-05-03 18:49:33,601 [INFO] capturing... (variable) capture_start: 701.0
"2023-05-03 18:49:34,108 [INFO] capturing... (variable) capture_start: 751.0
"2023-05-03 18:49:34,601 [INFO] capturing... (variable) capture_start: 801.0
"2023-05-03 18:49:35,101 [INFO] capturing... (variable) capture_start: 851.0
"2023-05-03 18:49:35,610 [INFO] capturing... (variable) capture_start: 901.0
"2023-05-03 18:49:36,096 [INFO] capturing... (variable) capture_start: 951.0
"2023-05-03 18:49:36,601 [INFO] capturing... (variable) capture_start: 1001.0
"2023-05-03 18:49:37,095 [INFO] capturing... (variable) capture_start: 1051.0
"2023-05-03 18:49:37,596 [INFO] capturing... (variable) capture_start: 1101.0
"2023-05-03 18:49:38,093 [INFO] capturing... (variable) capture_start: 1151.0
"2023-05-03 18:49:38,604 [INFO] capturing... (variable) capture_start: 1201.0
"2023-05-03 18:49:39,109 [INFO] capturing... (variable) capture_start: 1251.0
"2023-05-03 18:49:39,602 [INFO] capturing... (variable) capture_start: 1301.0
"2023-05-03 18:49:40,097 [INFO] capturing... (variable) capture_start: 1351.0
"2023-05-03 18:49:40,605 [INFO] capturing... (variable) capture_start: 1401.0
"2023-05-03 18:49:41,095 [INFO] capturing... (variable) capture_start: 1451.0
"2023-05-03 18:49:41,601 [INFO] capturing... (variable) capture_start: 1501.0
"2023-05-03 18:49:42,098 [INFO] capturing... (variable) capture_start: 1551.0
"2023-05-03 18:49:42,597 [INFO] capturing... (variable) capture_start: 1601.0
"2023-05-03 18:49:43,101 [INFO] capturing... (variable) capture_start: 1651.0
"2023-05-03 18:49:43,602 [INFO] capturing... (variable) capture_start: 1701.0
"2023-05-03 18:49:44,098 [INFO] capturing... (variable) capture_start: 1751.0
"2023-05-03 18:49:44,604 [INFO] capturing... (variable) capture_start: 1801.0
"2023-05-03 18:49:45,105 [INFO] capturing... (variable) capture_start: 1851.0
"2023-05-03 18:49:45,593 [INFO] capturing... (variable) capture_start: 1901.0
"2023-05-03 18:49:46,106 [INFO] capturing... (variable) capture_start: 1951.0
"2023-05-03 18:49:46,603 [INFO] capturing... (variable) capture_start: 2001.0
"2023-05-03 18:49:47,102 [INFO] capturing... (variable) capture_start: 2051.0
"2023-05-03 18:49:47,606 [INFO] capturing... (variable) capture_start: 2101.0
"2023-05-03 18:49:48,097 [INFO] capturing... (variable) capture_start: 2151.0
"2023-05-03 18:49:48,610 [INFO] capturing... (variable) capture_start: 2201.0
"2023-05-03 18:49:49,099 [INFO] capturing... (variable) capture_start: 2251.0
"2023-05-03 18:49:49,607 [INFO] capturing... (variable) capture_start: 2301.0
"2023-05-03 18:49:50,095 [INFO] capturing... (variable) capture_start: 2351.0
"2023-05-03 18:49:50,602 [INFO] capturing... (variable) capture_start: 2401.0
"2023-05-03 18:49:51,109 [INFO] capturing... (variable) capture_start: 2451.0
"2023-05-03 18:49:51,605 [INFO] capturing... (variable) capture_start: 2501.0
"2023-05-03 18:49:52,107 [INFO] capturing... (variable) capture_start: 2551.0
"2023-05-03 18:49:52,601 [INFO] capturing... (variable) capture_start: 2601.0
"2023-05-03 18:49:53,103 [INFO] capturing... (variable) capture_start: 2651.0
"2023-05-03 18:49:53,609 [INFO] capturing... (variable) capture_start: 2701.0
"2023-05-03 18:49:54,102 [INFO] capturing... (variable) capture_start: 2751.0
"2023-05-03 18:49:54,608 [INFO] capturing... (variable) capture_start: 2801.0
"2023-05-03 18:49:55,102 [INFO] capturing... (variable) capture_start: 2851.0
"2023-05-03 18:49:55,600 [INFO] capturing... (variable) capture_start: 2901.0
"2023-05-03 18:49:56,109 [INFO] capturing... (variable) capture_start: 2951.0
"2023-05-03 18:49:56,597 [INFO] capturing... (variable) capture_start: 3001.0
"2023-05-03 18:49:57,100 [INFO] capturing... (variable) capture_start: 3051.0
"2023-05-03 18:49:57,603 [INFO] capturing... (variable) capture_start: 3101.0
"2023-05-03 18:49:58,101 [INFO] capturing... (variable) capture_start: 3151.0
"2023-05-03 18:49:58,606 [INFO] capturing... (variable) capture_start: 3201.0
"2023-05-03 18:49:59,107 [INFO] capturing... (variable) capture_start: 3251.0
"2023-05-03 18:49:59,606 [INFO] capturing... (variable) capture_start: 3301.0
"2023-05-03 18:50:00,106 [INFO] capturing... (variable) capture_start: 3351.0
"2023-05-03 18:50:00,607 [INFO] capturing... (variable) capture_start: 3401.0
"2023-05-03 18:50:01,100 [INFO] capturing... (variable) capture_start: 3451.0
"2023-05-03 18:50:01,602 [INFO] capturing... (variable) capture_start: 3501.0
"2023-05-03 18:50:02,108 [INFO] capturing... (variable) capture_start: 3551.0
"2023-05-03 18:50:02,603 [INFO] capturing... (variable) capture_start: 3601.0
"2023-05-03 18:50:03,097 [INFO] capturing... (variable) capture_start: 3651.0
"2023-05-03 18:50:03,609 [INFO] capturing... (variable) capture_start: 3701.0
"2023-05-03 18:50:04,107 [INFO] capturing... (variable) capture_start: 3751.0
"2023-05-03 18:50:04,607 [INFO] capturing... (variable) capture_start: 3801.0
"2023-05-03 18:50:05,109 [INFO] capturing... (variable) capture_start: 3851.0
"2023-05-03 18:50:05,607 [INFO] capturing... (variable) capture_start: 3901.0
"2023-05-03 18:50:06,107 [INFO] capturing... (variable) capture_start: 3951.0
"2023-05-03 18:50:06,607 [INFO] capturing... (variable) capture_start: 4001.0
"2023-05-03 18:50:07,098 [INFO] capturing... (variable) capture_start: 4051.0
"2023-05-03 18:50:07,597 [INFO] capturing... (variable) capture_start: 4101.0
"2023-05-03 18:50:08,101 [INFO] capturing... (variable) capture_start: 4151.0
"2023-05-03 18:50:08,595 [INFO] capturing... (variable) capture_start: 4201.0
"2023-05-03 18:50:09,103 [INFO] capturing... (variable) capture_start: 4251.0
"2023-05-03 18:50:09,605 [INFO] capturing... (variable) capture_start: 4301.0
"2023-05-03 18:50:10,102 [INFO] capturing... (variable) capture_start: 4351.0
"2023-05-03 18:50:10,594 [INFO] capturing... (variable) capture_start: 4401.0
"2023-05-03 18:50:11,107 [INFO] capturing... (variable) capture_start: 4451.0
"2023-05-03 18:50:11,609 [INFO] capturing... (variable) capture_start: 4501.0
"2023-05-03 18:50:12,102 [INFO] capturing... (variable) capture_start: 4551.0
"2023-05-03 18:50:12,600 [INFO] capturing... (variable) capture_start: 4601.0
"2023-05-03 18:50:13,097 [INFO] capturing... (variable) capture_start: 4651.0
"2023-05-03 18:50:13,601 [INFO] capturing... (variable) capture_start: 4701.0
"2023-05-03 18:50:14,107 [INFO] capturing... (variable) capture_start: 4751.0
"2023-05-03 18:50:14,596 [INFO] capturing... (variable) capture_start: 4801.0
"2023-05-03 18:50:15,104 [INFO] capturing... (variable) capture_start: 4851.0
"2023-05-03 18:50:15,606 [INFO] capturing... (variable) capture_start: 4901.0
"2023-05-03 18:50:16,107 [INFO] capturing... (variable) capture_start: 4951.0
"2023-05-03 18:50:16,598 [INFO] capturing... (variable) capture_start: 5001.0
"2023-05-03 18:50:17,093 [INFO] Terminating simulation...
"2023-05-03 18:50:17,093 [INFO] data post processing...
