"2023-05-04 14:55:37,501 [INFO] Reporter Initialized!
"2023-05-04 14:55:37,501 [INFO] Reporter LEVEL: info
"2023-05-04 14:55:37,501 [INFO] Initializing all necessary class instances
"2023-05-04 14:55:37,532 [INFO] Creating and Configuring MAPort...
"2023-05-04 14:55:40,995 [INFO] Adding Start and StopTrigger...
"2023-05-04 14:55:40,995 [INFO] Starting simulation...
"2023-05-04 14:55:41,036 [INFO] capturing... (variable) capture_start: 1.0
"2023-05-04 14:55:41,838 [INFO] capturing... (variable) capture_start: 51.0
"2023-05-04 14:55:42,342 [INFO] capturing... (variable) capture_start: 101.0
"2023-05-04 14:55:42,860 [INFO] capturing... (variable) capture_start: 151.0
"2023-05-04 14:55:43,366 [INFO] capturing... (variable) capture_start: 201.0
"2023-05-04 14:55:43,869 [INFO] capturing... (variable) capture_start: 251.0
"2023-05-04 14:55:44,366 [INFO] capturing... (variable) capture_start: 301.0
"2023-05-04 14:55:44,866 [INFO] capturing... (variable) capture_start: 351.0
"2023-05-04 14:55:45,360 [INFO] capturing... (variable) capture_start: 401.0
"2023-05-04 14:55:45,864 [INFO] capturing... (variable) capture_start: 451.0
"2023-05-04 14:55:46,356 [INFO] capturing... (variable) capture_start: 501.0
"2023-05-04 14:55:46,860 [INFO] capturing... (variable) capture_start: 551.0
"2023-05-04 14:55:47,361 [INFO] capturing... (variable) capture_start: 601.0
"2023-05-04 14:55:47,869 [INFO] capturing... (variable) capture_start: 651.0
"2023-05-04 14:55:48,363 [INFO] capturing... (variable) capture_start: 701.0
"2023-05-04 14:55:48,858 [INFO] capturing... (variable) capture_start: 751.0
"2023-05-04 14:55:49,362 [INFO] capturing... (variable) capture_start: 801.0
"2023-05-04 14:55:49,860 [INFO] capturing... (variable) capture_start: 851.0
"2023-05-04 14:55:50,362 [INFO] capturing... (variable) capture_start: 901.0
"2023-05-04 14:55:50,866 [INFO] capturing... (variable) capture_start: 951.0
"2023-05-04 14:55:51,366 [INFO] capturing... (variable) capture_start: 1001.0
"2023-05-04 14:55:51,863 [INFO] capturing... (variable) capture_start: 1051.0
"2023-05-04 14:55:52,359 [INFO] capturing... (variable) capture_start: 1101.0
"2023-05-04 14:55:52,867 [INFO] capturing... (variable) capture_start: 1151.0
"2023-05-04 14:55:53,360 [INFO] capturing... (variable) capture_start: 1201.0
"2023-05-04 14:55:53,858 [INFO] capturing... (variable) capture_start: 1251.0
"2023-05-04 14:55:54,363 [INFO] capturing... (variable) capture_start: 1301.0
"2023-05-04 14:55:54,860 [INFO] capturing... (variable) capture_start: 1351.0
"2023-05-04 14:55:55,364 [INFO] capturing... (variable) capture_start: 1401.0
"2023-05-04 14:55:55,862 [INFO] capturing... (variable) capture_start: 1451.0
"2023-05-04 14:55:56,368 [INFO] capturing... (variable) capture_start: 1501.0
"2023-05-04 14:55:56,860 [INFO] capturing... (variable) capture_start: 1551.0
"2023-05-04 14:55:57,356 [INFO] capturing... (variable) capture_start: 1601.0
"2023-05-04 14:55:57,866 [INFO] capturing... (variable) capture_start: 1651.0
"2023-05-04 14:55:58,365 [INFO] capturing... (variable) capture_start: 1701.0
"2023-05-04 14:55:58,863 [INFO] capturing... (variable) capture_start: 1751.0
"2023-05-04 14:55:59,360 [INFO] capturing... (variable) capture_start: 1801.0
"2023-05-04 14:55:59,861 [INFO] capturing... (variable) capture_start: 1851.0
"2023-05-04 14:56:00,360 [INFO] capturing... (variable) capture_start: 1901.0
"2023-05-04 14:56:00,865 [INFO] capturing... (variable) capture_start: 1951.0
"2023-05-04 14:56:01,360 [INFO] capturing... (variable) capture_start: 2001.0
"2023-05-04 14:56:01,866 [INFO] capturing... (variable) capture_start: 2051.0
"2023-05-04 14:56:02,358 [INFO] capturing... (variable) capture_start: 2101.0
"2023-05-04 14:56:02,864 [INFO] capturing... (variable) capture_start: 2151.0
"2023-05-04 14:56:03,358 [INFO] capturing... (variable) capture_start: 2201.0
"2023-05-04 14:56:03,869 [INFO] capturing... (variable) capture_start: 2251.0
"2023-05-04 14:56:04,364 [INFO] capturing... (variable) capture_start: 2301.0
"2023-05-04 14:56:04,866 [INFO] capturing... (variable) capture_start: 2351.0
"2023-05-04 14:56:05,370 [INFO] capturing... (variable) capture_start: 2401.0
"2023-05-04 14:56:05,863 [INFO] capturing... (variable) capture_start: 2451.0
"2023-05-04 14:56:06,368 [INFO] capturing... (variable) capture_start: 2501.0
"2023-05-04 14:56:06,864 [INFO] capturing... (variable) capture_start: 2551.0
"2023-05-04 14:56:07,366 [INFO] capturing... (variable) capture_start: 2601.0
"2023-05-04 14:56:07,860 [INFO] capturing... (variable) capture_start: 2651.0
"2023-05-04 14:56:08,355 [INFO] capturing... (variable) capture_start: 2701.0
"2023-05-04 14:56:08,856 [INFO] capturing... (variable) capture_start: 2751.0
"2023-05-04 14:56:09,358 [INFO] capturing... (variable) capture_start: 2801.0
"2023-05-04 14:56:09,857 [INFO] capturing... (variable) capture_start: 2851.0
"2023-05-04 14:56:10,360 [INFO] capturing... (variable) capture_start: 2901.0
"2023-05-04 14:56:10,864 [INFO] capturing... (variable) capture_start: 2951.0
"2023-05-04 14:56:11,366 [INFO] capturing... (variable) capture_start: 3001.0
"2023-05-04 14:56:11,859 [INFO] capturing... (variable) capture_start: 3051.0
"2023-05-04 14:56:12,363 [INFO] capturing... (variable) capture_start: 3101.0
"2023-05-04 14:56:12,863 [INFO] capturing... (variable) capture_start: 3151.0
"2023-05-04 14:56:13,361 [INFO] capturing... (variable) capture_start: 3201.0
"2023-05-04 14:56:13,856 [INFO] capturing... (variable) capture_start: 3251.0
"2023-05-04 14:56:14,360 [INFO] capturing... (variable) capture_start: 3301.0
"2023-05-04 14:56:14,864 [INFO] capturing... (variable) capture_start: 3351.0
"2023-05-04 14:56:15,360 [INFO] capturing... (variable) capture_start: 3401.0
"2023-05-04 14:56:15,855 [INFO] capturing... (variable) capture_start: 3451.0
"2023-05-04 14:56:16,366 [INFO] capturing... (variable) capture_start: 3501.0
"2023-05-04 14:56:16,862 [INFO] capturing... (variable) capture_start: 3551.0
"2023-05-04 14:56:17,354 [INFO] capturing... (variable) capture_start: 3601.0
"2023-05-04 14:56:17,854 [INFO] capturing... (variable) capture_start: 3651.0
"2023-05-04 14:56:18,356 [INFO] capturing... (variable) capture_start: 3701.0
"2023-05-04 14:56:18,863 [INFO] capturing... (variable) capture_start: 3751.0
"2023-05-04 14:56:19,356 [INFO] capturing... (variable) capture_start: 3801.0
"2023-05-04 14:56:19,856 [INFO] capturing... (variable) capture_start: 3851.0
"2023-05-04 14:56:20,359 [INFO] capturing... (variable) capture_start: 3901.0
"2023-05-04 14:56:20,864 [INFO] capturing... (variable) capture_start: 3951.0
"2023-05-04 14:56:21,364 [INFO] capturing... (variable) capture_start: 4001.0
"2023-05-04 14:56:21,861 [INFO] capturing... (variable) capture_start: 4051.0
"2023-05-04 14:56:22,365 [INFO] capturing... (variable) capture_start: 4101.0
"2023-05-04 14:56:22,864 [INFO] capturing... (variable) capture_start: 4151.0
"2023-05-04 14:56:23,360 [INFO] capturing... (variable) capture_start: 4201.0
"2023-05-04 14:56:23,858 [INFO] capturing... (variable) capture_start: 4251.0
"2023-05-04 14:56:24,367 [INFO] capturing... (variable) capture_start: 4301.0
"2023-05-04 14:56:24,861 [INFO] capturing... (variable) capture_start: 4351.0
"2023-05-04 14:56:25,357 [INFO] capturing... (variable) capture_start: 4401.0
"2023-05-04 14:56:25,864 [INFO] capturing... (variable) capture_start: 4451.0
"2023-05-04 14:56:26,367 [INFO] capturing... (variable) capture_start: 4501.0
"2023-05-04 14:56:26,859 [INFO] capturing... (variable) capture_start: 4551.0
"2023-05-04 14:56:27,359 [INFO] capturing... (variable) capture_start: 4601.0
"2023-05-04 14:56:27,867 [INFO] capturing... (variable) capture_start: 4651.0
"2023-05-04 14:56:28,360 [INFO] capturing... (variable) capture_start: 4701.0
"2023-05-04 14:56:28,860 [INFO] capturing... (variable) capture_start: 4751.0
"2023-05-04 14:56:29,356 [INFO] capturing... (variable) capture_start: 4801.0
"2023-05-04 14:56:29,860 [INFO] capturing... (variable) capture_start: 4851.0
"2023-05-04 14:56:30,358 [INFO] capturing... (variable) capture_start: 4901.0
"2023-05-04 14:56:30,855 [INFO] capturing... (variable) capture_start: 4951.0
"2023-05-04 14:56:31,358 [INFO] capturing... (variable) capture_start: 5001.0
"2023-05-04 14:56:31,858 [INFO] Terminating simulation...
"2023-05-04 14:56:31,858 [INFO] data post processing...
