"2023-05-04 15:00:18,426 [INFO] Reporter Initialized!
"2023-05-04 15:00:18,426 [INFO] Reporter LEVEL: info
"2023-05-04 15:00:18,426 [INFO] Initializing all necessary class instances
"2023-05-04 15:00:18,447 [INFO] Creating and Configuring MAPort...
"2023-05-04 15:00:21,909 [INFO] Adding Start and StopTrigger...
"2023-05-04 15:00:21,910 [INFO] Starting simulation...
"2023-05-04 15:00:21,929 [INFO] capturing... (variable) capture_start: 1.0
"2023-05-04 15:00:22,726 [INFO] capturing... (variable) capture_start: 51.0
"2023-05-04 15:00:23,232 [INFO] capturing... (variable) capture_start: 101.0
"2023-05-04 15:00:23,757 [INFO] capturing... (variable) capture_start: 151.0
"2023-05-04 15:00:24,250 [INFO] capturing... (variable) capture_start: 201.0
"2023-05-04 15:00:24,759 [INFO] capturing... (variable) capture_start: 251.0
"2023-05-04 15:00:25,262 [INFO] capturing... (variable) capture_start: 301.0
"2023-05-04 15:00:25,753 [INFO] capturing... (variable) capture_start: 351.0
"2023-05-04 15:00:26,256 [INFO] capturing... (variable) capture_start: 401.0
"2023-05-04 15:00:26,753 [INFO] capturing... (variable) capture_start: 451.0
"2023-05-04 15:00:27,249 [INFO] capturing... (variable) capture_start: 501.0
"2023-05-04 15:00:27,748 [INFO] capturing... (variable) capture_start: 551.0
"2023-05-04 15:00:28,260 [INFO] capturing... (variable) capture_start: 601.0
"2023-05-04 15:00:28,749 [INFO] capturing... (variable) capture_start: 651.0
"2023-05-04 15:00:29,249 [INFO] capturing... (variable) capture_start: 701.0
"2023-05-04 15:00:29,760 [INFO] capturing... (variable) capture_start: 751.0
"2023-05-04 15:00:30,262 [INFO] capturing... (variable) capture_start: 801.0
"2023-05-04 15:00:30,751 [INFO] capturing... (variable) capture_start: 851.0
"2023-05-04 15:00:31,249 [INFO] capturing... (variable) capture_start: 901.0
"2023-05-04 15:00:31,754 [INFO] capturing... (variable) capture_start: 951.0
"2023-05-04 15:00:32,253 [INFO] capturing... (variable) capture_start: 1001.0
"2023-05-04 15:00:32,760 [INFO] capturing... (variable) capture_start: 1051.0
"2023-05-04 15:00:33,255 [INFO] capturing... (variable) capture_start: 1101.0
"2023-05-04 15:00:33,755 [INFO] capturing... (variable) capture_start: 1151.0
"2023-05-04 15:00:34,257 [INFO] capturing... (variable) capture_start: 1201.0
"2023-05-04 15:00:34,751 [INFO] capturing... (variable) capture_start: 1251.0
"2023-05-04 15:00:35,255 [INFO] capturing... (variable) capture_start: 1301.0
"2023-05-04 15:00:35,753 [INFO] capturing... (variable) capture_start: 1351.0
"2023-05-04 15:00:36,254 [INFO] capturing... (variable) capture_start: 1401.0
"2023-05-04 15:00:36,763 [INFO] capturing... (variable) capture_start: 1451.0
"2023-05-04 15:00:37,255 [INFO] capturing... (variable) capture_start: 1501.0
"2023-05-04 15:00:37,751 [INFO] capturing... (variable) capture_start: 1551.0
"2023-05-04 15:00:38,251 [INFO] capturing... (variable) capture_start: 1601.0
"2023-05-04 15:00:38,762 [INFO] capturing... (variable) capture_start: 1651.0
"2023-05-04 15:00:39,256 [INFO] capturing... (variable) capture_start: 1701.0
"2023-05-04 15:00:39,756 [INFO] capturing... (variable) capture_start: 1751.0
"2023-05-04 15:00:40,252 [INFO] capturing... (variable) capture_start: 1801.0
"2023-05-04 15:00:40,760 [INFO] capturing... (variable) capture_start: 1851.0
"2023-05-04 15:00:41,252 [INFO] capturing... (variable) capture_start: 1901.0
"2023-05-04 15:00:41,759 [INFO] capturing... (variable) capture_start: 1951.0
"2023-05-04 15:00:42,252 [INFO] capturing... (variable) capture_start: 2001.0
"2023-05-04 15:00:42,761 [INFO] capturing... (variable) capture_start: 2051.0
"2023-05-04 15:00:43,255 [INFO] capturing... (variable) capture_start: 2101.0
"2023-05-04 15:00:43,760 [INFO] capturing... (variable) capture_start: 2151.0
"2023-05-04 15:00:44,259 [INFO] capturing... (variable) capture_start: 2201.0
"2023-05-04 15:00:44,759 [INFO] capturing... (variable) capture_start: 2251.0
"2023-05-04 15:00:45,266 [INFO] capturing... (variable) capture_start: 2301.0
"2023-05-04 15:00:45,762 [INFO] capturing... (variable) capture_start: 2351.0
"2023-05-04 15:00:46,255 [INFO] capturing... (variable) capture_start: 2401.0
"2023-05-04 15:00:46,755 [INFO] capturing... (variable) capture_start: 2451.0
"2023-05-04 15:00:47,260 [INFO] capturing... (variable) capture_start: 2501.0
"2023-05-04 15:00:47,754 [INFO] capturing... (variable) capture_start: 2551.0
"2023-05-04 15:00:48,259 [INFO] capturing... (variable) capture_start: 2601.0
"2023-05-04 15:00:48,762 [INFO] capturing... (variable) capture_start: 2651.0
"2023-05-04 15:00:49,251 [INFO] capturing... (variable) capture_start: 2701.0
"2023-05-04 15:00:49,753 [INFO] capturing... (variable) capture_start: 2751.0
"2023-05-04 15:00:50,254 [INFO] capturing... (variable) capture_start: 2801.0
"2023-05-04 15:00:50,755 [INFO] capturing... (variable) capture_start: 2851.0
"2023-05-04 15:00:51,255 [INFO] capturing... (variable) capture_start: 2901.0
"2023-05-04 15:00:51,757 [INFO] capturing... (variable) capture_start: 2951.0
"2023-05-04 15:00:52,253 [INFO] capturing... (variable) capture_start: 3001.0
"2023-05-04 15:00:52,760 [INFO] capturing... (variable) capture_start: 3051.0
"2023-05-04 15:00:53,253 [INFO] capturing... (variable) capture_start: 3101.0
"2023-05-04 15:00:53,756 [INFO] capturing... (variable) capture_start: 3151.0
"2023-05-04 15:00:54,258 [INFO] capturing... (variable) capture_start: 3201.0
"2023-05-04 15:00:54,760 [INFO] capturing... (variable) capture_start: 3251.0
"2023-05-04 15:00:55,258 [INFO] capturing... (variable) capture_start: 3301.0
"2023-05-04 15:00:55,760 [INFO] capturing... (variable) capture_start: 3351.0
"2023-05-04 15:00:56,255 [INFO] capturing... (variable) capture_start: 3401.0
"2023-05-04 15:00:56,755 [INFO] capturing... (variable) capture_start: 3451.0
"2023-05-04 15:00:57,259 [INFO] capturing... (variable) capture_start: 3501.0
"2023-05-04 15:00:57,754 [INFO] capturing... (variable) capture_start: 3551.0
"2023-05-04 15:00:58,261 [INFO] capturing... (variable) capture_start: 3601.0
"2023-05-04 15:00:58,754 [INFO] capturing... (variable) capture_start: 3651.0
"2023-05-04 15:00:59,254 [INFO] capturing... (variable) capture_start: 3701.0
"2023-05-04 15:00:59,758 [INFO] capturing... (variable) capture_start: 3751.0
"2023-05-04 15:01:00,265 [INFO] capturing... (variable) capture_start: 3801.0
"2023-05-04 15:01:00,757 [INFO] capturing... (variable) capture_start: 3851.0
"2023-05-04 15:01:01,251 [INFO] capturing... (variable) capture_start: 3901.0
"2023-05-04 15:01:01,756 [INFO] capturing... (variable) capture_start: 3951.0
"2023-05-04 15:01:02,254 [INFO] capturing... (variable) capture_start: 4001.0
"2023-05-04 15:01:02,757 [INFO] capturing... (variable) capture_start: 4051.0
"2023-05-04 15:01:03,250 [INFO] capturing... (variable) capture_start: 4101.0
"2023-05-04 15:01:03,753 [INFO] capturing... (variable) capture_start: 4151.0
"2023-05-04 15:01:04,261 [INFO] capturing... (variable) capture_start: 4201.0
"2023-05-04 15:01:04,757 [INFO] capturing... (variable) capture_start: 4251.0
"2023-05-04 15:01:05,256 [INFO] capturing... (variable) capture_start: 4301.0
"2023-05-04 15:01:05,750 [INFO] capturing... (variable) capture_start: 4351.0
"2023-05-04 15:01:06,253 [INFO] capturing... (variable) capture_start: 4401.0
"2023-05-04 15:01:06,757 [INFO] capturing... (variable) capture_start: 4451.0
"2023-05-04 15:01:07,250 [INFO] capturing... (variable) capture_start: 4501.0
"2023-05-04 15:01:07,755 [INFO] capturing... (variable) capture_start: 4551.0
"2023-05-04 15:01:08,260 [INFO] capturing... (variable) capture_start: 4601.0
"2023-05-04 15:01:08,760 [INFO] capturing... (variable) capture_start: 4651.0
"2023-05-04 15:01:09,249 [INFO] capturing... (variable) capture_start: 4701.0
"2023-05-04 15:01:09,751 [INFO] capturing... (variable) capture_start: 4751.0
"2023-05-04 15:01:10,249 [INFO] capturing... (variable) capture_start: 4801.0
"2023-05-04 15:01:10,756 [INFO] capturing... (variable) capture_start: 4851.0
"2023-05-04 15:01:11,255 [INFO] capturing... (variable) capture_start: 4901.0
"2023-05-04 15:01:11,755 [INFO] capturing... (variable) capture_start: 4951.0
"2023-05-04 15:01:12,251 [INFO] capturing... (variable) capture_start: 5001.0
"2023-05-04 15:01:12,757 [INFO] Terminating simulation...
"2023-05-04 15:01:12,757 [INFO] data post processing...
