"2023-05-07 17:02:02,801 [INFO] Reporter Initialized!
"2023-05-07 17:02:02,801 [INFO] Reporter LEVEL: info
"2023-05-07 17:02:04,803 [INFO] Initializing all necessary class instances
"2023-05-07 17:02:04,830 [INFO] Creating and Configuring MAPort...
"2023-05-07 17:02:08,291 [INFO] Adding Start and StopTrigger...
"2023-05-07 17:02:08,292 [INFO] Starting simulation...
"2023-05-07 17:02:08,311 [INFO] capturing... (variable) capture_start: 1.0
"2023-05-07 17:02:09,130 [INFO] capturing... (variable) capture_start: 51.0
"2023-05-07 17:02:09,646 [INFO] capturing... (variable) capture_start: 101.0
"2023-05-07 17:02:10,152 [INFO] capturing... (variable) capture_start: 151.0
"2023-05-07 17:02:10,667 [INFO] capturing... (variable) capture_start: 201.0
"2023-05-07 17:02:11,161 [INFO] capturing... (variable) capture_start: 251.0
"2023-05-07 17:02:11,654 [INFO] capturing... (variable) capture_start: 301.0
"2023-05-07 17:02:12,155 [INFO] capturing... (variable) capture_start: 351.0
"2023-05-07 17:02:12,660 [INFO] capturing... (variable) capture_start: 401.0
"2023-05-07 17:02:13,157 [INFO] capturing... (variable) capture_start: 451.0
"2023-05-07 17:02:13,655 [INFO] capturing... (variable) capture_start: 501.0
"2023-05-07 17:02:14,158 [INFO] capturing... (variable) capture_start: 551.0
"2023-05-07 17:02:14,653 [INFO] Terminating simulation...
"2023-05-07 17:02:14,654 [INFO] data post processing...
"2023-05-07 17:02:14,691 [INFO] Saved at /home/mic/Git_Projects/ms/dynamics_uncertainty_learning/CM_data_collector/results/0507_0502PM/demo1/1.csv
"2023-05-07 17:02:14,724 [INFO] Saved at /home/mic/Git_Projects/ms/dynamics_uncertainty_learning/CM_data_collector/results/0507_0502PM/demo1/2.csv
"2023-05-07 17:02:14,756 [INFO] Saved at /home/mic/Git_Projects/ms/dynamics_uncertainty_learning/CM_data_collector/results/0507_0502PM/demo1/3.csv
"2023-05-07 17:02:14,788 [INFO] Saved at /home/mic/Git_Projects/ms/dynamics_uncertainty_learning/CM_data_collector/results/0507_0502PM/demo1/4.csv
"2023-05-07 17:02:14,819 [INFO] Saved at /home/mic/Git_Projects/ms/dynamics_uncertainty_learning/CM_data_collector/results/0507_0502PM/demo1/5.csv
"2023-05-07 17:02:14,851 [INFO] Saved at /home/mic/Git_Projects/ms/dynamics_uncertainty_learning/CM_data_collector/results/0507_0502PM/demo1/6.csv
"2023-05-07 17:02:14,883 [INFO] Saved at /home/mic/Git_Projects/ms/dynamics_uncertainty_learning/CM_data_collector/results/0507_0502PM/demo1/7.csv
"2023-05-07 17:02:14,915 [INFO] Saved at /home/mic/Git_Projects/ms/dynamics_uncertainty_learning/CM_data_collector/results/0507_0502PM/demo1/8.csv
"2023-05-07 17:02:14,947 [INFO] Saved at /home/mic/Git_Projects/ms/dynamics_uncertainty_learning/CM_data_collector/results/0507_0502PM/demo1/9.csv
"2023-05-07 17:02:14,978 [INFO] Saved at /home/mic/Git_Projects/ms/dynamics_uncertainty_learning/CM_data_collector/results/0507_0502PM/demo1/10.csv
"2023-05-07 17:02:15,042 [INFO] Saved at /home/mic/Git_Projects/ms/dynamics_uncertainty_learning/CM_data_collector/results/0507_0502PM/demo1/11.csv
"2023-05-07 17:02:17,658 [INFO] Initializing all necessary class instances
"2023-05-07 17:02:17,658 [WARNING] TestbenchPortException occured:
"2023-05-07 17:02:17,658 [WARNING] VendorCodeDescription: Could not find Testbench Implementation in Manifestfolder
