"2023-05-07 18:19:30,024 [INFO] Reporter Initialized!
"2023-05-07 18:19:30,025 [INFO] Reporter LEVEL: info
"2023-05-07 18:19:32,027 [INFO] Initializing all necessary class instances
"2023-05-07 18:19:32,052 [INFO] Creating and Configuring MAPort...
"2023-05-07 18:19:35,491 [INFO] Adding Start and StopTrigger...
"2023-05-07 18:19:35,491 [INFO] Starting simulation...
"2023-05-07 18:19:35,531 [INFO] capturing... (variable) capture_start: 1.0
"2023-05-07 18:19:36,286 [INFO] capturing... (variable) capture_start: 51.0
"2023-05-07 18:19:36,800 [INFO] capturing... (variable) capture_start: 101.0
"2023-05-07 18:19:37,328 [INFO] capturing... (variable) capture_start: 151.0
"2023-05-07 18:19:37,830 [INFO] capturing... (variable) capture_start: 201.0
"2023-05-07 18:19:38,332 [INFO] capturing... (variable) capture_start: 251.0
"2023-05-07 18:19:38,822 [INFO] capturing... (variable) capture_start: 301.0
"2023-05-07 18:19:39,322 [INFO] capturing... (variable) capture_start: 351.0
"2023-05-07 18:19:39,838 [INFO] capturing... (variable) capture_start: 401.0
"2023-05-07 18:19:40,325 [INFO] capturing... (variable) capture_start: 451.0
"2023-05-07 18:19:40,825 [INFO] capturing... (variable) capture_start: 501.0
"2023-05-07 18:19:41,324 [INFO] Terminating simulation...
"2023-05-07 18:19:41,325 [INFO] data post processing...
"2023-05-07 18:19:41,358 [INFO] Saved at /home/mic/Git_Projects/ms/dynamics_uncertainty_learning/CM_data_collector/results/0507_0619PM/FreeSpace/1.csv
"2023-05-07 18:19:41,390 [INFO] Saved at /home/mic/Git_Projects/ms/dynamics_uncertainty_learning/CM_data_collector/results/0507_0619PM/FreeSpace/2.csv
"2023-05-07 18:19:41,419 [INFO] Saved at /home/mic/Git_Projects/ms/dynamics_uncertainty_learning/CM_data_collector/results/0507_0619PM/FreeSpace/3.csv
"2023-05-07 18:19:41,449 [INFO] Saved at /home/mic/Git_Projects/ms/dynamics_uncertainty_learning/CM_data_collector/results/0507_0619PM/FreeSpace/4.csv
"2023-05-07 18:19:41,477 [INFO] Saved at /home/mic/Git_Projects/ms/dynamics_uncertainty_learning/CM_data_collector/results/0507_0619PM/FreeSpace/5.csv
"2023-05-07 18:19:41,508 [INFO] Saved at /home/mic/Git_Projects/ms/dynamics_uncertainty_learning/CM_data_collector/results/0507_0619PM/FreeSpace/6.csv
"2023-05-07 18:19:41,538 [INFO] Saved at /home/mic/Git_Projects/ms/dynamics_uncertainty_learning/CM_data_collector/results/0507_0619PM/FreeSpace/7.csv
"2023-05-07 18:19:41,566 [INFO] Saved at /home/mic/Git_Projects/ms/dynamics_uncertainty_learning/CM_data_collector/results/0507_0619PM/FreeSpace/8.csv
"2023-05-07 18:19:41,596 [INFO] Saved at /home/mic/Git_Projects/ms/dynamics_uncertainty_learning/CM_data_collector/results/0507_0619PM/FreeSpace/9.csv
"2023-05-07 18:19:41,657 [INFO] Saved at /home/mic/Git_Projects/ms/dynamics_uncertainty_learning/CM_data_collector/results/0507_0619PM/FreeSpace/10.csv
"2023-05-07 18:19:41,747 [INFO] Adding Start and StopTrigger...
"2023-05-07 18:19:41,747 [INFO] Starting simulation...
"2023-05-07 18:19:41,786 [INFO] capturing... (variable) capture_start: 1.0
"2023-05-07 18:19:42,585 [INFO] capturing... (variable) capture_start: 51.0
"2023-05-07 18:19:43,095 [INFO] capturing... (variable) capture_start: 101.0
"2023-05-07 18:19:43,608 [INFO] capturing... (variable) capture_start: 151.0
"2023-05-07 18:19:44,111 [INFO] capturing... (variable) capture_start: 201.0
"2023-05-07 18:19:44,611 [INFO] capturing... (variable) capture_start: 251.0
"2023-05-07 18:19:45,113 [INFO] capturing... (variable) capture_start: 301.0
"2023-05-07 18:19:45,622 [INFO] capturing... (variable) capture_start: 351.0
"2023-05-07 18:19:46,111 [INFO] capturing... (variable) capture_start: 401.0
"2023-05-07 18:19:46,612 [INFO] capturing... (variable) capture_start: 451.0
"2023-05-07 18:19:47,115 [INFO] capturing... (variable) capture_start: 501.0
"2023-05-07 18:19:47,611 [INFO] capturing... (variable) capture_start: 551.0
"2023-05-07 18:19:48,105 [INFO] Terminating simulation...
"2023-05-07 18:19:48,105 [INFO] data post processing...
"2023-05-07 18:19:48,140 [INFO] Saved at /home/mic/Git_Projects/ms/dynamics_uncertainty_learning/CM_data_collector/results/0507_0619PM/demo1/1.csv
"2023-05-07 18:19:48,172 [INFO] Saved at /home/mic/Git_Projects/ms/dynamics_uncertainty_learning/CM_data_collector/results/0507_0619PM/demo1/2.csv
"2023-05-07 18:19:48,204 [INFO] Saved at /home/mic/Git_Projects/ms/dynamics_uncertainty_learning/CM_data_collector/results/0507_0619PM/demo1/3.csv
"2023-05-07 18:19:48,236 [INFO] Saved at /home/mic/Git_Projects/ms/dynamics_uncertainty_learning/CM_data_collector/results/0507_0619PM/demo1/4.csv
"2023-05-07 18:19:48,267 [INFO] Saved at /home/mic/Git_Projects/ms/dynamics_uncertainty_learning/CM_data_collector/results/0507_0619PM/demo1/5.csv
"2023-05-07 18:19:48,298 [INFO] Saved at /home/mic/Git_Projects/ms/dynamics_uncertainty_learning/CM_data_collector/results/0507_0619PM/demo1/6.csv
"2023-05-07 18:19:48,330 [INFO] Saved at /home/mic/Git_Projects/ms/dynamics_uncertainty_learning/CM_data_collector/results/0507_0619PM/demo1/7.csv
"2023-05-07 18:19:48,361 [INFO] Saved at /home/mic/Git_Projects/ms/dynamics_uncertainty_learning/CM_data_collector/results/0507_0619PM/demo1/8.csv
"2023-05-07 18:19:48,394 [INFO] Saved at /home/mic/Git_Projects/ms/dynamics_uncertainty_learning/CM_data_collector/results/0507_0619PM/demo1/9.csv
"2023-05-07 18:19:48,425 [INFO] Saved at /home/mic/Git_Projects/ms/dynamics_uncertainty_learning/CM_data_collector/results/0507_0619PM/demo1/10.csv
"2023-05-07 18:19:48,491 [INFO] Saved at /home/mic/Git_Projects/ms/dynamics_uncertainty_learning/CM_data_collector/results/0507_0619PM/demo1/11.csv
"2023-05-07 18:19:48,568 [INFO] Adding Start and StopTrigger...
"2023-05-07 18:19:48,569 [INFO] Starting simulation...
"2023-05-07 18:19:48,607 [INFO] capturing... (variable) capture_start: 1.0
"2023-05-07 18:19:49,366 [INFO] capturing... (variable) capture_start: 51.0
"2023-05-07 18:19:49,876 [INFO] capturing... (variable) capture_start: 101.0
"2023-05-07 18:19:50,389 [INFO] capturing... (variable) capture_start: 151.0
