"2023-05-07 17:15:00,804 [INFO] Reporter Initialized!
"2023-05-07 17:15:00,804 [INFO] Reporter LEVEL: info
"2023-05-07 17:15:02,805 [INFO] Initializing all necessary class instances
"2023-05-07 17:15:02,829 [INFO] Creating and Configuring MAPort...
"2023-05-07 17:15:06,293 [INFO] Adding Start and StopTrigger...
"2023-05-07 17:15:06,293 [INFO] Starting simulation...
"2023-05-07 17:15:06,313 [INFO] capturing... (variable) capture_start: 1.0
"2023-05-07 17:15:07,130 [INFO] capturing... (variable) capture_start: 51.0
"2023-05-07 17:15:07,643 [INFO] capturing... (variable) capture_start: 101.0
"2023-05-07 17:15:08,160 [INFO] capturing... (variable) capture_start: 151.0
"2023-05-07 17:15:08,670 [INFO] capturing... (variable) capture_start: 201.0
"2023-05-07 17:15:09,156 [INFO] capturing... (variable) capture_start: 251.0
"2023-05-07 17:15:09,656 [INFO] capturing... (variable) capture_start: 301.0
"2023-05-07 17:15:10,159 [INFO] capturing... (variable) capture_start: 351.0
"2023-05-07 17:15:10,663 [INFO] capturing... (variable) capture_start: 401.0
"2023-05-07 17:15:11,155 [INFO] capturing... (variable) capture_start: 451.0
"2023-05-07 17:15:11,657 [INFO] capturing... (variable) capture_start: 501.0
"2023-05-07 17:15:12,157 [INFO] capturing... (variable) capture_start: 551.0
"2023-05-07 17:15:12,658 [INFO] Terminating simulation...
"2023-05-07 17:15:12,658 [INFO] data post processing...
"2023-05-07 17:15:12,696 [INFO] Saved at /home/mic/Git_Projects/ms/dynamics_uncertainty_learning/CM_data_collector/results/0507_0515PM/demo1/1.csv
"2023-05-07 17:15:12,727 [INFO] Saved at /home/mic/Git_Projects/ms/dynamics_uncertainty_learning/CM_data_collector/results/0507_0515PM/demo1/2.csv
"2023-05-07 17:15:12,757 [INFO] Saved at /home/mic/Git_Projects/ms/dynamics_uncertainty_learning/CM_data_collector/results/0507_0515PM/demo1/3.csv
"2023-05-07 17:15:12,787 [INFO] Saved at /home/mic/Git_Projects/ms/dynamics_uncertainty_learning/CM_data_collector/results/0507_0515PM/demo1/4.csv
"2023-05-07 17:15:12,817 [INFO] Saved at /home/mic/Git_Projects/ms/dynamics_uncertainty_learning/CM_data_collector/results/0507_0515PM/demo1/5.csv
"2023-05-07 17:15:12,848 [INFO] Saved at /home/mic/Git_Projects/ms/dynamics_uncertainty_learning/CM_data_collector/results/0507_0515PM/demo1/6.csv
"2023-05-07 17:15:12,878 [INFO] Saved at /home/mic/Git_Projects/ms/dynamics_uncertainty_learning/CM_data_collector/results/0507_0515PM/demo1/7.csv
"2023-05-07 17:15:12,908 [INFO] Saved at /home/mic/Git_Projects/ms/dynamics_uncertainty_learning/CM_data_collector/results/0507_0515PM/demo1/8.csv
"2023-05-07 17:15:12,939 [INFO] Saved at /home/mic/Git_Projects/ms/dynamics_uncertainty_learning/CM_data_collector/results/0507_0515PM/demo1/9.csv
"2023-05-07 17:15:12,970 [INFO] Saved at /home/mic/Git_Projects/ms/dynamics_uncertainty_learning/CM_data_collector/results/0507_0515PM/demo1/10.csv
"2023-05-07 17:15:13,033 [INFO] Saved at /home/mic/Git_Projects/ms/dynamics_uncertainty_learning/CM_data_collector/results/0507_0515PM/demo1/11.csv
"2023-05-07 17:15:13,078 [INFO] Adding Start and StopTrigger...
"2023-05-07 17:15:13,078 [INFO] Starting simulation...
"2023-05-07 17:15:13,118 [INFO] capturing... (variable) capture_start: 1.0
"2023-05-07 17:15:13,874 [INFO] capturing... (variable) capture_start: 51.0
"2023-05-07 17:15:14,386 [INFO] capturing... (variable) capture_start: 101.0
"2023-05-07 17:15:14,907 [INFO] capturing... (variable) capture_start: 151.0
"2023-05-07 17:15:15,401 [INFO] capturing... (variable) capture_start: 201.0
