"2023-05-07 17:14:19,931 [INFO] Reporter Initialized!
"2023-05-07 17:14:19,931 [INFO] Reporter LEVEL: info
"2023-05-07 17:14:21,933 [INFO] Initializing all necessary class instances
"2023-05-07 17:14:21,958 [INFO] Creating and Configuring MAPort...
"2023-05-07 17:14:25,421 [INFO] Adding Start and StopTrigger...
"2023-05-07 17:14:25,421 [INFO] Starting simulation...
"2023-05-07 17:14:25,441 [INFO] capturing... (variable) capture_start: 1.0
"2023-05-07 17:14:26,237 [INFO] capturing... (variable) capture_start: 51.0
"2023-05-07 17:14:26,758 [INFO] capturing... (variable) capture_start: 101.0
"2023-05-07 17:14:27,267 [INFO] capturing... (variable) capture_start: 151.0
"2023-05-07 17:14:27,773 [INFO] capturing... (variable) capture_start: 201.0
"2023-05-07 17:14:28,270 [INFO] capturing... (variable) capture_start: 251.0
"2023-05-07 17:14:28,767 [INFO] capturing... (variable) capture_start: 301.0
"2023-05-07 17:14:29,267 [INFO] capturing... (variable) capture_start: 351.0
"2023-05-07 17:14:29,774 [INFO] capturing... (variable) capture_start: 401.0
"2023-05-07 17:14:30,267 [INFO] capturing... (variable) capture_start: 451.0
"2023-05-07 17:14:30,767 [INFO] capturing... (variable) capture_start: 501.0
"2023-05-07 17:14:31,272 [INFO] capturing... (variable) capture_start: 551.0
"2023-05-07 17:14:31,754 [INFO] Terminating simulation...
"2023-05-07 17:14:31,754 [INFO] data post processing...
"2023-05-07 17:14:31,790 [INFO] Saved at /home/mic/Git_Projects/ms/dynamics_uncertainty_learning/CM_data_collector/results/0507_0514PM/demo1/1.csv
"2023-05-07 17:14:31,821 [INFO] Saved at /home/mic/Git_Projects/ms/dynamics_uncertainty_learning/CM_data_collector/results/0507_0514PM/demo1/2.csv
"2023-05-07 17:14:31,852 [INFO] Saved at /home/mic/Git_Projects/ms/dynamics_uncertainty_learning/CM_data_collector/results/0507_0514PM/demo1/3.csv
"2023-05-07 17:14:31,881 [INFO] Saved at /home/mic/Git_Projects/ms/dynamics_uncertainty_learning/CM_data_collector/results/0507_0514PM/demo1/4.csv
"2023-05-07 17:14:31,911 [INFO] Saved at /home/mic/Git_Projects/ms/dynamics_uncertainty_learning/CM_data_collector/results/0507_0514PM/demo1/5.csv
"2023-05-07 17:14:31,940 [INFO] Saved at /home/mic/Git_Projects/ms/dynamics_uncertainty_learning/CM_data_collector/results/0507_0514PM/demo1/6.csv
"2023-05-07 17:14:31,970 [INFO] Saved at /home/mic/Git_Projects/ms/dynamics_uncertainty_learning/CM_data_collector/results/0507_0514PM/demo1/7.csv
"2023-05-07 17:14:31,999 [INFO] Saved at /home/mic/Git_Projects/ms/dynamics_uncertainty_learning/CM_data_collector/results/0507_0514PM/demo1/8.csv
"2023-05-07 17:14:32,028 [INFO] Saved at /home/mic/Git_Projects/ms/dynamics_uncertainty_learning/CM_data_collector/results/0507_0514PM/demo1/9.csv
"2023-05-07 17:14:32,058 [INFO] Saved at /home/mic/Git_Projects/ms/dynamics_uncertainty_learning/CM_data_collector/results/0507_0514PM/demo1/10.csv
"2023-05-07 17:14:32,118 [INFO] Saved at /home/mic/Git_Projects/ms/dynamics_uncertainty_learning/CM_data_collector/results/0507_0514PM/demo1/11.csv
"2023-05-07 17:14:32,190 [INFO] Adding Start and StopTrigger...
"2023-05-07 17:14:32,190 [INFO] Starting simulation...
"2023-05-07 17:14:32,230 [INFO] capturing... (variable) capture_start: 1.0
"2023-05-07 17:14:32,986 [INFO] capturing... (variable) capture_start: 51.0
"2023-05-07 17:14:33,500 [INFO] capturing... (variable) capture_start: 101.0
"2023-05-07 17:14:34,021 [INFO] capturing... (variable) capture_start: 151.0
"2023-05-07 17:14:34,523 [INFO] capturing... (variable) capture_start: 201.0
