"2023-05-07 18:18:33,953 [INFO] Reporter Initialized!
"2023-05-07 18:18:33,953 [INFO] Reporter LEVEL: info
"2023-05-07 18:18:35,955 [INFO] Initializing all necessary class instances
"2023-05-07 18:18:35,980 [INFO] Creating and Configuring MAPort...
"2023-05-07 18:18:39,438 [INFO] Adding Start and StopTrigger...
"2023-05-07 18:18:39,439 [INFO] Starting simulation...
"2023-05-07 18:18:39,458 [INFO] capturing... (variable) capture_start: 1.0
"2023-05-07 18:18:40,216 [INFO] capturing... (variable) capture_start: 51.0
"2023-05-07 18:18:40,728 [INFO] capturing... (variable) capture_start: 101.0
"2023-05-07 18:18:41,243 [INFO] capturing... (variable) capture_start: 151.0
"2023-05-07 18:18:41,743 [INFO] capturing... (variable) capture_start: 201.0
"2023-05-07 18:18:42,251 [INFO] capturing... (variable) capture_start: 251.0
"2023-05-07 18:18:42,752 [INFO] capturing... (variable) capture_start: 301.0
"2023-05-07 18:18:43,244 [INFO] capturing... (variable) capture_start: 351.0
"2023-05-07 18:18:43,747 [INFO] capturing... (variable) capture_start: 401.0
"2023-05-07 18:18:44,255 [INFO] capturing... (variable) capture_start: 451.0
"2023-05-07 18:18:44,745 [INFO] capturing... (variable) capture_start: 501.0
"2023-05-07 18:18:45,244 [INFO] Terminating simulation...
"2023-05-07 18:18:45,244 [INFO] data post processing...
"2023-05-07 18:18:45,281 [INFO] Saved at /home/mic/Git_Projects/ms/dynamics_uncertainty_learning/CM_data_collector/results/0507_0618PM/FreeSpace/1.csv
"2023-05-07 18:18:45,314 [INFO] Saved at /home/mic/Git_Projects/ms/dynamics_uncertainty_learning/CM_data_collector/results/0507_0618PM/FreeSpace/2.csv
"2023-05-07 18:18:45,346 [INFO] Saved at /home/mic/Git_Projects/ms/dynamics_uncertainty_learning/CM_data_collector/results/0507_0618PM/FreeSpace/3.csv
"2023-05-07 18:18:45,378 [INFO] Saved at /home/mic/Git_Projects/ms/dynamics_uncertainty_learning/CM_data_collector/results/0507_0618PM/FreeSpace/4.csv
"2023-05-07 18:18:45,409 [INFO] Saved at /home/mic/Git_Projects/ms/dynamics_uncertainty_learning/CM_data_collector/results/0507_0618PM/FreeSpace/5.csv
"2023-05-07 18:18:45,439 [INFO] Saved at /home/mic/Git_Projects/ms/dynamics_uncertainty_learning/CM_data_collector/results/0507_0618PM/FreeSpace/6.csv
"2023-05-07 18:18:45,471 [INFO] Saved at /home/mic/Git_Projects/ms/dynamics_uncertainty_learning/CM_data_collector/results/0507_0618PM/FreeSpace/7.csv
"2023-05-07 18:18:45,502 [INFO] Saved at /home/mic/Git_Projects/ms/dynamics_uncertainty_learning/CM_data_collector/results/0507_0618PM/FreeSpace/8.csv
"2023-05-07 18:18:45,533 [INFO] Saved at /home/mic/Git_Projects/ms/dynamics_uncertainty_learning/CM_data_collector/results/0507_0618PM/FreeSpace/9.csv
"2023-05-07 18:18:45,598 [INFO] Saved at /home/mic/Git_Projects/ms/dynamics_uncertainty_learning/CM_data_collector/results/0507_0618PM/FreeSpace/10.csv
"2023-05-07 18:18:45,642 [INFO] Adding Start and StopTrigger...
"2023-05-07 18:18:45,643 [INFO] Starting simulation...
"2023-05-07 18:18:45,682 [INFO] capturing... (variable) capture_start: 1.0
"2023-05-07 18:18:46,480 [INFO] capturing... (variable) capture_start: 51.0
"2023-05-07 18:18:46,994 [INFO] capturing... (variable) capture_start: 101.0
"2023-05-07 18:18:47,516 [INFO] capturing... (variable) capture_start: 151.0
"2023-05-07 18:18:48,005 [INFO] capturing... (variable) capture_start: 201.0
"2023-05-07 18:18:48,513 [INFO] capturing... (variable) capture_start: 251.0
"2023-05-07 18:18:49,006 [INFO] capturing... (variable) capture_start: 301.0
"2023-05-07 18:18:49,516 [INFO] capturing... (variable) capture_start: 351.0
"2023-05-07 18:18:50,008 [INFO] capturing... (variable) capture_start: 401.0
"2023-05-07 18:18:50,509 [INFO] capturing... (variable) capture_start: 451.0
"2023-05-07 18:18:51,017 [INFO] capturing... (variable) capture_start: 501.0
"2023-05-07 18:18:51,509 [INFO] capturing... (variable) capture_start: 551.0
"2023-05-07 18:18:52,010 [INFO] Terminating simulation...
"2023-05-07 18:18:52,010 [INFO] data post processing...
"2023-05-07 18:18:52,050 [INFO] Saved at /home/mic/Git_Projects/ms/dynamics_uncertainty_learning/CM_data_collector/results/0507_0618PM/demo1/1.csv
"2023-05-07 18:18:52,084 [INFO] Saved at /home/mic/Git_Projects/ms/dynamics_uncertainty_learning/CM_data_collector/results/0507_0618PM/demo1/2.csv
"2023-05-07 18:18:52,118 [INFO] Saved at /home/mic/Git_Projects/ms/dynamics_uncertainty_learning/CM_data_collector/results/0507_0618PM/demo1/3.csv
"2023-05-07 18:18:52,151 [INFO] Saved at /home/mic/Git_Projects/ms/dynamics_uncertainty_learning/CM_data_collector/results/0507_0618PM/demo1/4.csv
"2023-05-07 18:18:52,186 [INFO] Saved at /home/mic/Git_Projects/ms/dynamics_uncertainty_learning/CM_data_collector/results/0507_0618PM/demo1/5.csv
"2023-05-07 18:18:52,220 [INFO] Saved at /home/mic/Git_Projects/ms/dynamics_uncertainty_learning/CM_data_collector/results/0507_0618PM/demo1/6.csv
"2023-05-07 18:18:52,254 [INFO] Saved at /home/mic/Git_Projects/ms/dynamics_uncertainty_learning/CM_data_collector/results/0507_0618PM/demo1/7.csv
"2023-05-07 18:18:52,288 [INFO] Saved at /home/mic/Git_Projects/ms/dynamics_uncertainty_learning/CM_data_collector/results/0507_0618PM/demo1/8.csv
"2023-05-07 18:18:52,321 [INFO] Saved at /home/mic/Git_Projects/ms/dynamics_uncertainty_learning/CM_data_collector/results/0507_0618PM/demo1/9.csv
"2023-05-07 18:18:52,355 [INFO] Saved at /home/mic/Git_Projects/ms/dynamics_uncertainty_learning/CM_data_collector/results/0507_0618PM/demo1/10.csv
"2023-05-07 18:18:52,423 [INFO] Saved at /home/mic/Git_Projects/ms/dynamics_uncertainty_learning/CM_data_collector/results/0507_0618PM/demo1/11.csv
"2023-05-07 18:18:52,491 [INFO] Adding Start and StopTrigger...
"2023-05-07 18:18:52,492 [INFO] Starting simulation...
"2023-05-07 18:18:52,529 [INFO] capturing... (variable) capture_start: 1.0
"2023-05-07 18:18:53,287 [INFO] capturing... (variable) capture_start: 51.0
"2023-05-07 18:18:53,807 [INFO] capturing... (variable) capture_start: 101.0
"2023-05-07 18:18:54,324 [INFO] capturing... (variable) capture_start: 151.0
