"2023-05-07 16:56:20,606 [INFO] Reporter Initialized!
"2023-05-07 16:56:20,607 [INFO] Reporter LEVEL: info
"2023-05-07 16:56:21,608 [INFO] Initializing all necessary class instances
"2023-05-07 16:56:21,631 [INFO] Creating and Configuring MAPort...
"2023-05-07 16:56:25,089 [INFO] Adding Start and StopTrigger...
"2023-05-07 16:56:25,089 [INFO] Starting simulation...
"2023-05-07 16:56:25,130 [INFO] capturing... (variable) capture_start: 1.0
"2023-05-07 16:56:25,885 [INFO] capturing... (variable) capture_start: 51.0
"2023-05-07 16:56:26,396 [INFO] capturing... (variable) capture_start: 101.0
"2023-05-07 16:56:26,916 [INFO] Terminating simulation...
"2023-05-07 16:56:26,916 [INFO] data post processing...
"2023-05-07 16:56:42,965 [INFO] Reporter Initialized!
"2023-05-07 16:56:42,965 [INFO] Reporter LEVEL: info
"2023-05-07 16:56:43,966 [INFO] Initializing all necessary class instances
"2023-05-07 16:56:43,990 [INFO] Creating and Configuring MAPort...
"2023-05-07 16:56:47,449 [INFO] Adding Start and StopTrigger...
"2023-05-07 16:56:47,449 [INFO] Starting simulation...
"2023-05-07 16:56:47,469 [INFO] capturing... (variable) capture_start: 1.0
"2023-05-07 16:56:48,226 [INFO] capturing... (variable) capture_start: 51.0
"2023-05-07 16:56:48,733 [INFO] capturing... (variable) capture_start: 101.0
"2023-05-07 16:56:49,250 [INFO] Terminating simulation...
"2023-05-07 16:56:49,251 [INFO] data post processing...
"2023-05-07 16:56:49,282 [INFO] Saved at /home/mic/Git_Projects/ms/dynamics_uncertainty_learning/CM_data_collector/results/0507_0456PM/FreeSpace/1.csv
"2023-05-07 16:56:49,344 [INFO] Saved at /home/mic/Git_Projects/ms/dynamics_uncertainty_learning/CM_data_collector/results/0507_0456PM/FreeSpace/2.csv
"2023-05-07 16:56:50,950 [INFO] Initializing all necessary class instances
"2023-05-07 16:56:50,950 [WARNING] TestbenchPortException occured:
"2023-05-07 16:56:50,950 [WARNING] VendorCodeDescription: Could not find Testbench Implementation in Manifestfolder
