"2023-05-07 16:47:45,441 [INFO] Reporter Initialized!
"2023-05-07 16:47:45,441 [INFO] Reporter LEVEL: info
"2023-05-07 16:47:45,441 [INFO] Initializing all necessary class instances
"2023-05-07 16:47:45,462 [INFO] Creating and Configuring MAPort...
"2023-05-07 16:47:48,921 [INFO] Adding Start and StopTrigger...
"2023-05-07 16:47:48,921 [INFO] Starting simulation...
"2023-05-07 16:47:48,940 [INFO] capturing... (variable) capture_start: 1.0
"2023-05-07 16:47:49,698 [INFO] capturing... (variable) capture_start: 51.0
"2023-05-07 16:47:50,210 [INFO] capturing... (variable) capture_start: 101.0
"2023-05-07 16:47:50,728 [INFO] Terminating simulation...
"2023-05-07 16:47:50,728 [INFO] data post processing...
"2023-05-07 16:47:50,761 [INFO] Saved at /home/mic/Git_Projects/ms/dynamics_uncertainty_learning/CM_data_collector/results/0507_0447PM/FreeSpace/1.csv
"2023-05-07 16:47:57,525 [INFO] Reporter Initialized!
"2023-05-07 16:47:57,526 [INFO] Reporter LEVEL: info
"2023-05-07 16:47:57,526 [INFO] Initializing all necessary class instances
"2023-05-07 16:47:57,547 [INFO] Creating and Configuring MAPort...
"2023-05-07 16:48:01,003 [INFO] Adding Start and StopTrigger...
"2023-05-07 16:48:01,003 [INFO] Starting simulation...
"2023-05-07 16:48:01,043 [INFO] capturing... (variable) capture_start: 1.0
"2023-05-07 16:48:01,801 [INFO] capturing... (variable) capture_start: 51.0
"2023-05-07 16:48:02,306 [INFO] capturing... (variable) capture_start: 101.0
"2023-05-07 16:48:02,829 [INFO] Terminating simulation...
"2023-05-07 16:48:02,829 [INFO] data post processing...
"2023-05-07 16:48:02,861 [INFO] Saved at /home/mic/Git_Projects/ms/dynamics_uncertainty_learning/CM_data_collector/results/0507_0447PM/FreeSpace/1.csv
