"2023-05-07 17:13:55,788 [INFO] Reporter Initialized!
"2023-05-07 17:13:55,788 [INFO] Reporter LEVEL: info
"2023-05-07 17:13:57,789 [INFO] Initializing all necessary class instances
"2023-05-07 17:13:57,814 [INFO] Creating and Configuring MAPort...
"2023-05-07 17:14:01,274 [INFO] Adding Start and StopTrigger...
"2023-05-07 17:14:01,274 [INFO] Starting simulation...
"2023-05-07 17:14:01,293 [INFO] capturing... (variable) capture_start: 1.0
"2023-05-07 17:14:02,092 [INFO] capturing... (variable) capture_start: 51.0
"2023-05-07 17:14:02,603 [INFO] capturing... (variable) capture_start: 101.0
"2023-05-07 17:14:03,129 [INFO] capturing... (variable) capture_start: 151.0
"2023-05-07 17:14:03,629 [INFO] capturing... (variable) capture_start: 201.0
"2023-05-07 17:14:04,118 [INFO] capturing... (variable) capture_start: 251.0
"2023-05-07 17:14:04,615 [INFO] capturing... (variable) capture_start: 301.0
"2023-05-07 17:14:05,122 [INFO] capturing... (variable) capture_start: 351.0
"2023-05-07 17:14:05,626 [INFO] capturing... (variable) capture_start: 401.0
"2023-05-07 17:14:06,116 [INFO] capturing... (variable) capture_start: 451.0
"2023-05-07 17:14:06,622 [INFO] capturing... (variable) capture_start: 501.0
"2023-05-07 17:14:07,123 [INFO] capturing... (variable) capture_start: 551.0
"2023-05-07 17:14:07,617 [INFO] Terminating simulation...
"2023-05-07 17:14:07,617 [INFO] data post processing...
"2023-05-07 17:14:07,653 [INFO] Saved at /home/mic/Git_Projects/ms/dynamics_uncertainty_learning/CM_data_collector/results/0507_0513PM/demo1/1.csv
"2023-05-07 17:14:07,685 [INFO] Saved at /home/mic/Git_Projects/ms/dynamics_uncertainty_learning/CM_data_collector/results/0507_0513PM/demo1/2.csv
"2023-05-07 17:14:07,715 [INFO] Saved at /home/mic/Git_Projects/ms/dynamics_uncertainty_learning/CM_data_collector/results/0507_0513PM/demo1/3.csv
"2023-05-07 17:14:07,746 [INFO] Saved at /home/mic/Git_Projects/ms/dynamics_uncertainty_learning/CM_data_collector/results/0507_0513PM/demo1/4.csv
"2023-05-07 17:14:07,777 [INFO] Saved at /home/mic/Git_Projects/ms/dynamics_uncertainty_learning/CM_data_collector/results/0507_0513PM/demo1/5.csv
"2023-05-07 17:14:07,808 [INFO] Saved at /home/mic/Git_Projects/ms/dynamics_uncertainty_learning/CM_data_collector/results/0507_0513PM/demo1/6.csv
"2023-05-07 17:14:07,839 [INFO] Saved at /home/mic/Git_Projects/ms/dynamics_uncertainty_learning/CM_data_collector/results/0507_0513PM/demo1/7.csv
"2023-05-07 17:14:07,869 [INFO] Saved at /home/mic/Git_Projects/ms/dynamics_uncertainty_learning/CM_data_collector/results/0507_0513PM/demo1/8.csv
"2023-05-07 17:14:07,900 [INFO] Saved at /home/mic/Git_Projects/ms/dynamics_uncertainty_learning/CM_data_collector/results/0507_0513PM/demo1/9.csv
"2023-05-07 17:14:07,930 [INFO] Saved at /home/mic/Git_Projects/ms/dynamics_uncertainty_learning/CM_data_collector/results/0507_0513PM/demo1/10.csv
"2023-05-07 17:14:07,993 [INFO] Saved at /home/mic/Git_Projects/ms/dynamics_uncertainty_learning/CM_data_collector/results/0507_0513PM/demo1/11.csv
"2023-05-07 17:14:08,059 [INFO] Adding Start and StopTrigger...
"2023-05-07 17:14:08,059 [INFO] Starting simulation...
"2023-05-07 17:14:08,099 [INFO] capturing... (variable) capture_start: 1.0
"2023-05-07 17:14:08,856 [INFO] capturing... (variable) capture_start: 51.0
"2023-05-07 17:14:09,365 [INFO] capturing... (variable) capture_start: 101.0
"2023-05-07 17:14:09,885 [INFO] Terminating simulation...
"2023-05-07 17:14:09,885 [INFO] data post processing...
"2023-05-07 17:14:09,919 [INFO] Saved at /home/mic/Git_Projects/ms/dynamics_uncertainty_learning/CM_data_collector/results/0507_0513PM/FreeSpace/1.csv
"2023-05-07 17:14:09,983 [INFO] Saved at /home/mic/Git_Projects/ms/dynamics_uncertainty_learning/CM_data_collector/results/0507_0513PM/FreeSpace/2.csv
