"2023-05-07 16:58:17,460 [INFO] Reporter Initialized!
"2023-05-07 16:58:17,460 [INFO] Reporter LEVEL: info
"2023-05-07 16:58:18,461 [INFO] Initializing all necessary class instances
"2023-05-07 16:58:18,483 [INFO] Creating and Configuring MAPort...
"2023-05-07 16:58:21,904 [INFO] Adding Start and StopTrigger...
"2023-05-07 16:58:21,904 [INFO] Starting simulation...
"2023-05-07 16:58:21,924 [INFO] capturing... (variable) capture_start: 1.0
"2023-05-07 16:58:22,681 [INFO] capturing... (variable) capture_start: 51.0
"2023-05-07 16:58:23,193 [INFO] capturing... (variable) capture_start: 101.0
"2023-05-07 16:58:23,696 [INFO] Terminating simulation...
"2023-05-07 16:58:23,696 [INFO] data post processing...
"2023-05-07 16:58:23,728 [INFO] Saved at /home/mic/Git_Projects/ms/dynamics_uncertainty_learning/CM_data_collector/results/0507_0458PM/FreeSpace/1.csv
"2023-05-07 16:58:23,789 [INFO] Saved at /home/mic/Git_Projects/ms/dynamics_uncertainty_learning/CM_data_collector/results/0507_0458PM/FreeSpace/2.csv
"2023-05-07 16:58:25,394 [INFO] Initializing all necessary class instances
"2023-05-07 16:58:25,394 [WARNING] TestbenchPortException occured:
"2023-05-07 16:58:25,395 [WARNING] VendorCodeDescription: Could not find Testbench Implementation in Manifestfolder
"2023-05-07 16:58:45,749 [INFO] Reporter Initialized!
"2023-05-07 16:58:45,750 [INFO] Reporter LEVEL: info
"2023-05-07 16:58:46,750 [INFO] Initializing all necessary class instances
"2023-05-07 16:58:46,775 [INFO] Creating and Configuring MAPort...
"2023-05-07 16:58:50,232 [INFO] Adding Start and StopTrigger...
"2023-05-07 16:58:50,232 [INFO] Starting simulation...
"2023-05-07 16:58:50,253 [INFO] capturing... (variable) capture_start: 1.0
"2023-05-07 16:58:51,049 [INFO] capturing... (variable) capture_start: 51.0
"2023-05-07 16:58:51,562 [INFO] capturing... (variable) capture_start: 101.0
"2023-05-07 16:58:52,073 [INFO] Terminating simulation...
"2023-05-07 16:58:52,073 [INFO] data post processing...
"2023-05-07 16:58:52,105 [INFO] Saved at /home/mic/Git_Projects/ms/dynamics_uncertainty_learning/CM_data_collector/results/0507_0458PM/demo1/1.csv
"2023-05-07 16:58:52,168 [INFO] Saved at /home/mic/Git_Projects/ms/dynamics_uncertainty_learning/CM_data_collector/results/0507_0458PM/demo1/2.csv
"2023-05-07 16:58:53,775 [INFO] Initializing all necessary class instances
"2023-05-07 16:58:53,775 [WARNING] TestbenchPortException occured:
"2023-05-07 16:58:53,775 [WARNING] VendorCodeDescription: Could not find Testbench Implementation in Manifestfolder
