"2023-05-07 17:12:19,218 [INFO] Reporter Initialized!
"2023-05-07 17:12:19,219 [INFO] Reporter LEVEL: info
"2023-05-07 17:12:39,166 [INFO] Reporter Initialized!
"2023-05-07 17:12:39,167 [INFO] Reporter LEVEL: info
"2023-05-07 17:12:41,169 [INFO] Initializing all necessary class instances
"2023-05-07 17:12:41,194 [INFO] Creating and Configuring MAPort...
"2023-05-07 17:12:44,651 [INFO] Adding Start and StopTrigger...
"2023-05-07 17:12:44,652 [INFO] Starting simulation...
"2023-05-07 17:12:44,692 [INFO] capturing... (variable) capture_start: 1.0
"2023-05-07 17:12:45,491 [INFO] capturing... (variable) capture_start: 51.0
"2023-05-07 17:12:46,005 [INFO] capturing... (variable) capture_start: 101.0
"2023-05-07 17:12:46,513 [INFO] capturing... (variable) capture_start: 151.0
"2023-05-07 17:12:47,014 [INFO] capturing... (variable) capture_start: 201.0
"2023-05-07 17:12:47,517 [INFO] capturing... (variable) capture_start: 251.0
"2023-05-07 17:12:48,022 [INFO] capturing... (variable) capture_start: 301.0
"2023-05-07 17:12:48,515 [INFO] capturing... (variable) capture_start: 351.0
"2023-05-07 17:12:49,016 [INFO] capturing... (variable) capture_start: 401.0
"2023-05-07 17:12:49,514 [INFO] capturing... (variable) capture_start: 451.0
"2023-05-07 17:12:50,017 [INFO] capturing... (variable) capture_start: 501.0
"2023-05-07 17:12:50,519 [INFO] capturing... (variable) capture_start: 551.0
"2023-05-07 17:12:51,008 [INFO] Terminating simulation...
"2023-05-07 17:12:52,092 [INFO] Adding Start and StopTrigger...
"2023-05-07 17:12:52,092 [INFO] Starting simulation...
"2023-05-07 17:12:52,163 [INFO] capturing... (variable) capture_start: 601.0
"2023-05-07 17:12:58,269 [INFO] data post processing...
