"2023-05-07 17:42:03,316 [INFO] Reporter Initialized!
"2023-05-07 17:42:03,316 [INFO] Reporter LEVEL: info
"2023-05-07 17:42:05,318 [INFO] Initializing all necessary class instances
"2023-05-07 17:42:05,343 [INFO] Creating and Configuring MAPort...
"2023-05-07 17:42:08,804 [INFO] Adding Start and StopTrigger...
"2023-05-07 17:42:08,804 [INFO] Starting simulation...
"2023-05-07 17:42:08,844 [INFO] capturing... (variable) capture_start: 1.0
"2023-05-07 17:42:09,602 [INFO] capturing... (variable) capture_start: 51.0
"2023-05-07 17:42:10,119 [INFO] capturing... (variable) capture_start: 101.0
"2023-05-07 17:42:10,631 [INFO] capturing... (variable) capture_start: 151.0
"2023-05-07 17:42:11,137 [INFO] capturing... (variable) capture_start: 201.0
"2023-05-07 17:42:11,649 [INFO] capturing... (variable) capture_start: 251.0
"2023-05-07 17:42:12,133 [INFO] capturing... (variable) capture_start: 301.0
"2023-05-07 17:42:12,628 [INFO] capturing... (variable) capture_start: 351.0
"2023-05-07 17:42:13,135 [INFO] capturing... (variable) capture_start: 401.0
"2023-05-07 17:42:13,626 [INFO] capturing... (variable) capture_start: 451.0
"2023-05-07 17:42:14,127 [INFO] capturing... (variable) capture_start: 501.0
"2023-05-07 17:42:14,639 [INFO] Terminating simulation...
"2023-05-07 17:42:14,639 [INFO] data post processing...
"2023-05-07 17:42:14,673 [INFO] Saved at /home/mic/Git_Projects/ms/dynamics_uncertainty_learning/CM_data_collector/results/0507_0542PM/FreeSpace/1.csv
"2023-05-07 17:42:14,704 [INFO] Saved at /home/mic/Git_Projects/ms/dynamics_uncertainty_learning/CM_data_collector/results/0507_0542PM/FreeSpace/2.csv
"2023-05-07 17:42:14,735 [INFO] Saved at /home/mic/Git_Projects/ms/dynamics_uncertainty_learning/CM_data_collector/results/0507_0542PM/FreeSpace/3.csv
"2023-05-07 17:42:14,764 [INFO] Saved at /home/mic/Git_Projects/ms/dynamics_uncertainty_learning/CM_data_collector/results/0507_0542PM/FreeSpace/4.csv
"2023-05-07 17:42:14,793 [INFO] Saved at /home/mic/Git_Projects/ms/dynamics_uncertainty_learning/CM_data_collector/results/0507_0542PM/FreeSpace/5.csv
"2023-05-07 17:42:14,822 [INFO] Saved at /home/mic/Git_Projects/ms/dynamics_uncertainty_learning/CM_data_collector/results/0507_0542PM/FreeSpace/6.csv
"2023-05-07 17:42:14,853 [INFO] Saved at /home/mic/Git_Projects/ms/dynamics_uncertainty_learning/CM_data_collector/results/0507_0542PM/FreeSpace/7.csv
"2023-05-07 17:42:14,883 [INFO] Saved at /home/mic/Git_Projects/ms/dynamics_uncertainty_learning/CM_data_collector/results/0507_0542PM/FreeSpace/8.csv
"2023-05-07 17:42:14,913 [INFO] Saved at /home/mic/Git_Projects/ms/dynamics_uncertainty_learning/CM_data_collector/results/0507_0542PM/FreeSpace/9.csv
"2023-05-07 17:42:14,974 [INFO] Saved at /home/mic/Git_Projects/ms/dynamics_uncertainty_learning/CM_data_collector/results/0507_0542PM/FreeSpace/10.csv
