"2023-05-07 17:16:38,281 [INFO] Reporter Initialized!
"2023-05-07 17:16:38,281 [INFO] Reporter LEVEL: info
"2023-05-07 17:16:40,283 [INFO] Initializing all necessary class instances
"2023-05-07 17:16:40,310 [INFO] Creating and Configuring MAPort...
"2023-05-07 17:16:43,772 [INFO] Adding Start and StopTrigger...
"2023-05-07 17:16:43,772 [INFO] Starting simulation...
"2023-05-07 17:16:43,813 [INFO] capturing... (variable) capture_start: 1.0
"2023-05-07 17:16:44,612 [INFO] capturing... (variable) capture_start: 51.0
"2023-05-07 17:16:45,123 [INFO] capturing... (variable) capture_start: 101.0
"2023-05-07 17:16:45,637 [INFO] capturing... (variable) capture_start: 151.0
"2023-05-07 17:16:46,141 [INFO] capturing... (variable) capture_start: 201.0
"2023-05-07 17:16:46,640 [INFO] capturing... (variable) capture_start: 251.0
"2023-05-07 17:16:47,147 [INFO] capturing... (variable) capture_start: 301.0
"2023-05-07 17:16:47,644 [INFO] capturing... (variable) capture_start: 351.0
"2023-05-07 17:16:48,133 [INFO] capturing... (variable) capture_start: 401.0
"2023-05-07 17:16:48,640 [INFO] capturing... (variable) capture_start: 451.0
"2023-05-07 17:16:49,149 [INFO] capturing... (variable) capture_start: 501.0
"2023-05-07 17:16:49,642 [INFO] capturing... (variable) capture_start: 551.0
"2023-05-07 17:16:50,131 [INFO] Terminating simulation...
"2023-05-07 17:16:50,131 [INFO] data post processing...
"2023-05-07 17:16:50,168 [INFO] Saved at /home/mic/Git_Projects/ms/dynamics_uncertainty_learning/CM_data_collector/results/0507_0516PM/demo1/1.csv
"2023-05-07 17:16:50,200 [INFO] Saved at /home/mic/Git_Projects/ms/dynamics_uncertainty_learning/CM_data_collector/results/0507_0516PM/demo1/2.csv
"2023-05-07 17:16:50,232 [INFO] Saved at /home/mic/Git_Projects/ms/dynamics_uncertainty_learning/CM_data_collector/results/0507_0516PM/demo1/3.csv
"2023-05-07 17:16:50,262 [INFO] Saved at /home/mic/Git_Projects/ms/dynamics_uncertainty_learning/CM_data_collector/results/0507_0516PM/demo1/4.csv
"2023-05-07 17:16:50,292 [INFO] Saved at /home/mic/Git_Projects/ms/dynamics_uncertainty_learning/CM_data_collector/results/0507_0516PM/demo1/5.csv
"2023-05-07 17:16:50,322 [INFO] Saved at /home/mic/Git_Projects/ms/dynamics_uncertainty_learning/CM_data_collector/results/0507_0516PM/demo1/6.csv
"2023-05-07 17:16:50,352 [INFO] Saved at /home/mic/Git_Projects/ms/dynamics_uncertainty_learning/CM_data_collector/results/0507_0516PM/demo1/7.csv
"2023-05-07 17:16:50,383 [INFO] Saved at /home/mic/Git_Projects/ms/dynamics_uncertainty_learning/CM_data_collector/results/0507_0516PM/demo1/8.csv
"2023-05-07 17:16:50,414 [INFO] Saved at /home/mic/Git_Projects/ms/dynamics_uncertainty_learning/CM_data_collector/results/0507_0516PM/demo1/9.csv
"2023-05-07 17:16:50,444 [INFO] Saved at /home/mic/Git_Projects/ms/dynamics_uncertainty_learning/CM_data_collector/results/0507_0516PM/demo1/10.csv
"2023-05-07 17:16:50,506 [INFO] Saved at /home/mic/Git_Projects/ms/dynamics_uncertainty_learning/CM_data_collector/results/0507_0516PM/demo1/11.csv
"2023-05-07 17:16:50,572 [INFO] Adding Start and StopTrigger...
"2023-05-07 17:16:50,572 [INFO] Starting simulation...
"2023-05-07 17:16:50,612 [INFO] capturing... (variable) capture_start: 1.0
"2023-05-07 17:16:51,366 [INFO] capturing... (variable) capture_start: 51.0
"2023-05-07 17:16:51,876 [INFO] capturing... (variable) capture_start: 101.0
"2023-05-07 17:16:52,392 [INFO] capturing... (variable) capture_start: 151.0
"2023-05-07 17:16:52,895 [INFO] capturing... (variable) capture_start: 201.0
"2023-05-07 17:16:53,395 [INFO] Terminating simulation...
"2023-05-07 17:16:53,395 [INFO] data post processing...
"2023-05-07 17:16:53,430 [INFO] Saved at /home/mic/Git_Projects/ms/dynamics_uncertainty_learning/CM_data_collector/results/0507_0516PM/FreeSpace/1.csv
"2023-05-07 17:16:53,462 [INFO] Saved at /home/mic/Git_Projects/ms/dynamics_uncertainty_learning/CM_data_collector/results/0507_0516PM/FreeSpace/2.csv
"2023-05-07 17:16:53,494 [INFO] Saved at /home/mic/Git_Projects/ms/dynamics_uncertainty_learning/CM_data_collector/results/0507_0516PM/FreeSpace/3.csv
"2023-05-07 17:16:53,557 [INFO] Saved at /home/mic/Git_Projects/ms/dynamics_uncertainty_learning/CM_data_collector/results/0507_0516PM/FreeSpace/4.csv
