"2023-05-07 18:20:45,062 [INFO] Reporter Initialized!
"2023-05-07 18:20:45,062 [INFO] Reporter LEVEL: info
"2023-05-07 18:20:47,065 [INFO] Initializing all necessary class instances
"2023-05-07 18:20:47,090 [INFO] Creating and Configuring MAPort...
"2023-05-07 18:20:50,528 [INFO] Adding Start and StopTrigger...
"2023-05-07 18:20:50,528 [INFO] Starting simulation...
"2023-05-07 18:20:50,548 [INFO] capturing... (variable) capture_start: 1.0
"2023-05-07 18:20:51,307 [INFO] capturing... (variable) capture_start: 51.0
"2023-05-07 18:20:51,825 [INFO] capturing... (variable) capture_start: 101.0
"2023-05-07 18:20:52,339 [INFO] capturing... (variable) capture_start: 151.0
"2023-05-07 18:20:52,836 [INFO] capturing... (variable) capture_start: 201.0
"2023-05-07 18:20:53,341 [INFO] capturing... (variable) capture_start: 251.0
"2023-05-07 18:20:53,836 [INFO] capturing... (variable) capture_start: 301.0
"2023-05-07 18:20:54,338 [INFO] capturing... (variable) capture_start: 351.0
"2023-05-07 18:20:54,832 [INFO] capturing... (variable) capture_start: 401.0
"2023-05-07 18:20:55,331 [INFO] capturing... (variable) capture_start: 451.0
"2023-05-07 18:20:55,842 [INFO] capturing... (variable) capture_start: 501.0
"2023-05-07 18:20:56,323 [INFO] Terminating simulation...
"2023-05-07 18:20:56,323 [INFO] data post processing...
"2023-05-07 18:20:56,356 [INFO] Saved at /home/mic/Git_Projects/ms/dynamics_uncertainty_learning/CM_data_collector/results/0507_0620PM/FreeSpace/1.csv
"2023-05-07 18:20:56,387 [INFO] Saved at /home/mic/Git_Projects/ms/dynamics_uncertainty_learning/CM_data_collector/results/0507_0620PM/FreeSpace/2.csv
"2023-05-07 18:20:56,418 [INFO] Saved at /home/mic/Git_Projects/ms/dynamics_uncertainty_learning/CM_data_collector/results/0507_0620PM/FreeSpace/3.csv
"2023-05-07 18:20:56,446 [INFO] Saved at /home/mic/Git_Projects/ms/dynamics_uncertainty_learning/CM_data_collector/results/0507_0620PM/FreeSpace/4.csv
"2023-05-07 18:20:56,475 [INFO] Saved at /home/mic/Git_Projects/ms/dynamics_uncertainty_learning/CM_data_collector/results/0507_0620PM/FreeSpace/5.csv
"2023-05-07 18:20:56,504 [INFO] Saved at /home/mic/Git_Projects/ms/dynamics_uncertainty_learning/CM_data_collector/results/0507_0620PM/FreeSpace/6.csv
"2023-05-07 18:20:56,533 [INFO] Saved at /home/mic/Git_Projects/ms/dynamics_uncertainty_learning/CM_data_collector/results/0507_0620PM/FreeSpace/7.csv
"2023-05-07 18:20:56,563 [INFO] Saved at /home/mic/Git_Projects/ms/dynamics_uncertainty_learning/CM_data_collector/results/0507_0620PM/FreeSpace/8.csv
"2023-05-07 18:20:56,593 [INFO] Saved at /home/mic/Git_Projects/ms/dynamics_uncertainty_learning/CM_data_collector/results/0507_0620PM/FreeSpace/9.csv
"2023-05-07 18:20:56,654 [INFO] Saved at /home/mic/Git_Projects/ms/dynamics_uncertainty_learning/CM_data_collector/results/0507_0620PM/FreeSpace/10.csv
"2023-05-07 18:20:56,743 [INFO] Adding Start and StopTrigger...
"2023-05-07 18:20:56,743 [INFO] Starting simulation...
"2023-05-07 18:20:56,781 [INFO] capturing... (variable) capture_start: 1.0
"2023-05-07 18:20:57,598 [INFO] capturing... (variable) capture_start: 51.0
"2023-05-07 18:20:58,111 [INFO] capturing... (variable) capture_start: 101.0
"2023-05-07 18:20:58,639 [INFO] capturing... (variable) capture_start: 151.0
"2023-05-07 18:20:59,121 [INFO] capturing... (variable) capture_start: 201.0
"2023-05-07 18:20:59,630 [INFO] capturing... (variable) capture_start: 251.0
"2023-05-07 18:21:00,125 [INFO] capturing... (variable) capture_start: 301.0
"2023-05-07 18:21:00,627 [INFO] capturing... (variable) capture_start: 351.0
"2023-05-07 18:21:01,136 [INFO] capturing... (variable) capture_start: 401.0
"2023-05-07 18:21:01,624 [INFO] capturing... (variable) capture_start: 451.0
"2023-05-07 18:21:02,121 [INFO] capturing... (variable) capture_start: 501.0
"2023-05-07 18:21:02,628 [INFO] capturing... (variable) capture_start: 551.0
"2023-05-07 18:21:03,130 [INFO] Terminating simulation...
"2023-05-07 18:21:03,130 [INFO] data post processing...
"2023-05-07 18:21:03,166 [INFO] Saved at /home/mic/Git_Projects/ms/dynamics_uncertainty_learning/CM_data_collector/results/0507_0620PM/demo1/1.csv
"2023-05-07 18:21:03,198 [INFO] Saved at /home/mic/Git_Projects/ms/dynamics_uncertainty_learning/CM_data_collector/results/0507_0620PM/demo1/2.csv
"2023-05-07 18:21:03,228 [INFO] Saved at /home/mic/Git_Projects/ms/dynamics_uncertainty_learning/CM_data_collector/results/0507_0620PM/demo1/3.csv
"2023-05-07 18:21:03,259 [INFO] Saved at /home/mic/Git_Projects/ms/dynamics_uncertainty_learning/CM_data_collector/results/0507_0620PM/demo1/4.csv
"2023-05-07 18:21:03,290 [INFO] Saved at /home/mic/Git_Projects/ms/dynamics_uncertainty_learning/CM_data_collector/results/0507_0620PM/demo1/5.csv
"2023-05-07 18:21:03,321 [INFO] Saved at /home/mic/Git_Projects/ms/dynamics_uncertainty_learning/CM_data_collector/results/0507_0620PM/demo1/6.csv
"2023-05-07 18:21:03,352 [INFO] Saved at /home/mic/Git_Projects/ms/dynamics_uncertainty_learning/CM_data_collector/results/0507_0620PM/demo1/7.csv
"2023-05-07 18:21:03,382 [INFO] Saved at /home/mic/Git_Projects/ms/dynamics_uncertainty_learning/CM_data_collector/results/0507_0620PM/demo1/8.csv
"2023-05-07 18:21:03,413 [INFO] Saved at /home/mic/Git_Projects/ms/dynamics_uncertainty_learning/CM_data_collector/results/0507_0620PM/demo1/9.csv
"2023-05-07 18:21:03,444 [INFO] Saved at /home/mic/Git_Projects/ms/dynamics_uncertainty_learning/CM_data_collector/results/0507_0620PM/demo1/10.csv
"2023-05-07 18:21:03,505 [INFO] Saved at /home/mic/Git_Projects/ms/dynamics_uncertainty_learning/CM_data_collector/results/0507_0620PM/demo1/11.csv
"2023-05-07 18:21:03,547 [INFO] Adding Start and StopTrigger...
"2023-05-07 18:21:03,547 [INFO] Starting simulation...
"2023-05-07 18:21:03,585 [INFO] capturing... (variable) capture_start: 1.0
"2023-05-07 18:21:04,342 [INFO] capturing... (variable) capture_start: 51.0
"2023-05-07 18:21:04,859 [INFO] capturing... (variable) capture_start: 101.0
"2023-05-07 18:21:05,370 [INFO] capturing... (variable) capture_start: 151.0
