"2023-05-07 16:24:18,660 [INFO] Reporter Initialized!
"2023-05-07 16:24:18,660 [INFO] Reporter LEVEL: info
"2023-05-07 16:24:18,661 [INFO] Initializing all necessary class instances
"2023-05-07 16:24:18,681 [INFO] Creating and Configuring MAPort...
"2023-05-07 16:24:22,148 [INFO] Adding Start and StopTrigger...
"2023-05-07 16:24:22,148 [INFO] Starting simulation...
"2023-05-07 16:24:22,168 [INFO] capturing... (variable) capture_start: 1.0
"2023-05-07 16:24:22,963 [INFO] capturing... (variable) capture_start: 51.0
"2023-05-07 16:24:23,456 [INFO] Terminating simulation...
"2023-05-07 16:24:23,456 [INFO] data post processing...
"2023-05-07 16:24:31,190 [INFO] Reporter Initialized!
"2023-05-07 16:24:31,190 [INFO] Reporter LEVEL: info
"2023-05-07 16:24:35,556 [INFO] Reporter Initialized!
"2023-05-07 16:24:35,557 [INFO] Reporter LEVEL: info
"2023-05-07 16:24:36,798 [INFO] Reporter Initialized!
"2023-05-07 16:24:36,798 [INFO] Reporter LEVEL: info
"2023-05-07 16:24:40,349 [INFO] Reporter Initialized!
"2023-05-07 16:24:40,350 [INFO] Reporter LEVEL: info
"2023-05-07 16:24:40,350 [INFO] Initializing all necessary class instances
"2023-05-07 16:24:40,371 [INFO] Creating and Configuring MAPort...
"2023-05-07 16:24:43,860 [INFO] Adding Start and StopTrigger...
"2023-05-07 16:24:43,861 [INFO] Starting simulation...
"2023-05-07 16:24:43,880 [INFO] capturing... (variable) capture_start: 1.0
"2023-05-07 16:24:44,698 [INFO] capturing... (variable) capture_start: 51.0
"2023-05-07 16:24:45,181 [INFO] Terminating simulation...
"2023-05-07 16:24:45,182 [INFO] data post processing...
"2023-05-07 16:24:45,194 [INFO] Saved at /home/mic/Git_Projects/ms/dynamics_uncertainty_learning/CM_data_collector/results/0507_0424PM/1.csv
