"2023-05-07 16:43:23,737 [INFO] Reporter Initialized!
"2023-05-07 16:43:23,737 [INFO] Reporter LEVEL: info
"2023-05-07 16:43:23,737 [INFO] Initializing all necessary class instances
"2023-05-07 16:43:23,758 [INFO] Creating and Configuring MAPort...
"2023-05-07 16:43:27,219 [INFO] Adding Start and StopTrigger...
"2023-05-07 16:43:27,219 [INFO] Starting simulation...
"2023-05-07 16:43:27,238 [INFO] capturing... (variable) capture_start: 1.0
"2023-05-07 16:43:28,036 [INFO] capturing... (variable) capture_start: 51.0
"2023-05-07 16:43:28,549 [INFO] capturing... (variable) capture_start: 101.0
"2023-05-07 16:43:29,064 [INFO] capturing... (variable) capture_start: 151.0
"2023-05-07 16:43:29,563 [INFO] capturing... (variable) capture_start: 201.0
"2023-05-07 16:43:30,070 [INFO] capturing... (variable) capture_start: 251.0
"2023-05-07 16:43:30,569 [INFO] capturing... (variable) capture_start: 301.0
"2023-05-07 16:43:31,073 [INFO] capturing... (variable) capture_start: 351.0
"2023-05-07 16:43:31,564 [INFO] capturing... (variable) capture_start: 401.0
"2023-05-07 16:43:32,063 [INFO] capturing... (variable) capture_start: 451.0
"2023-05-07 16:43:32,571 [INFO] capturing... (variable) capture_start: 501.0
"2023-05-07 16:43:33,065 [INFO] capturing... (variable) capture_start: 551.0
"2023-05-07 16:43:33,564 [INFO] Terminating simulation...
"2023-05-07 16:43:33,564 [INFO] data post processing...
"2023-05-07 16:43:33,600 [INFO] Saved at /home/mic/Git_Projects/ms/dynamics_uncertainty_learning/CM_data_collector/results/0507_0443PM/demo1/1.csv
