"2023-04-24 12:41:13,300 [INFO] Reporter Initialized!
"2023-04-24 12:41:13,300 [INFO] Reporter LEVEL: info
"2023-04-24 12:41:13,366 [INFO] Loaded csv data is 0421_0641PM0
"2023-04-24 12:41:14,048 [INFO] Device(cuda) is working for train
"2023-04-24 12:41:14,048 [INFO] Train Started
"2023-04-24 12:41:14,425 [INFO] Saved non-trained network
"2023-04-24 12:41:14,425 [INFO] EPISODE 0, LOSS 85.55257415771484
"2023-04-24 12:41:14,585 [INFO] LOSS FUNCTION PLOTTED at ./fig/0424_1241PMloss.png
"2023-04-24 12:41:15,257 [INFO] EPISODE 1, LOSS 51.219459533691406
"2023-04-24 12:41:15,287 [INFO] LOSS FUNCTION PLOTTED at ./fig/0424_1241PMloss.png
"2023-04-24 12:41:16,011 [INFO] EPISODE 2, LOSS 57.492916107177734
"2023-04-24 12:41:16,043 [INFO] LOSS FUNCTION PLOTTED at ./fig/0424_1241PMloss.png
"2023-04-24 12:41:16,587 [INFO] EPISODE 3, LOSS 38.33641052246094
"2023-04-24 12:41:16,616 [INFO] LOSS FUNCTION PLOTTED at ./fig/0424_1241PMloss.png
"2023-04-24 12:41:17,121 [INFO] EPISODE 4, LOSS 32.408912658691406
"2023-04-24 12:41:17,151 [INFO] LOSS FUNCTION PLOTTED at ./fig/0424_1241PMloss.png
"2023-04-24 12:41:17,697 [INFO] EPISODE 5, LOSS 24.65594482421875
"2023-04-24 12:41:17,765 [INFO] LOSS FUNCTION PLOTTED at ./fig/0424_1241PMloss.png
"2023-04-24 12:41:18,301 [INFO] EPISODE 6, LOSS 44.51130676269531
"2023-04-24 12:41:18,330 [INFO] LOSS FUNCTION PLOTTED at ./fig/0424_1241PMloss.png
"2023-04-24 12:41:18,920 [INFO] EPISODE 7, LOSS 33.65351867675781
"2023-04-24 12:41:18,949 [INFO] LOSS FUNCTION PLOTTED at ./fig/0424_1241PMloss.png
"2023-04-24 12:41:19,535 [INFO] EPISODE 8, LOSS 50.42267990112305
"2023-04-24 12:41:19,565 [INFO] LOSS FUNCTION PLOTTED at ./fig/0424_1241PMloss.png
"2023-04-24 12:41:20,085 [INFO] EPISODE 9, LOSS 45.95664978027344
"2023-04-24 12:41:20,112 [INFO] LOSS FUNCTION PLOTTED at ./fig/0424_1241PMloss.png
"2023-04-24 12:41:20,651 [INFO] EPISODE 10, LOSS 30.566423416137695
"2023-04-24 12:41:20,679 [INFO] LOSS FUNCTION PLOTTED at ./fig/0424_1241PMloss.png
"2023-04-24 12:41:21,183 [INFO] EPISODE 11, LOSS 28.75955581665039
"2023-04-24 12:41:21,211 [INFO] LOSS FUNCTION PLOTTED at ./fig/0424_1241PMloss.png
"2023-04-24 12:41:21,767 [INFO] EPISODE 12, LOSS 32.716793060302734
"2023-04-24 12:41:21,795 [INFO] LOSS FUNCTION PLOTTED at ./fig/0424_1241PMloss.png
"2023-04-24 12:41:22,297 [INFO] EPISODE 13, LOSS 25.813037872314453
"2023-04-24 12:41:22,325 [INFO] LOSS FUNCTION PLOTTED at ./fig/0424_1241PMloss.png
"2023-04-24 12:41:22,880 [INFO] EPISODE 14, LOSS 24.55974578857422
"2023-04-24 12:41:22,909 [INFO] LOSS FUNCTION PLOTTED at ./fig/0424_1241PMloss.png
"2023-04-24 12:41:23,420 [INFO] EPISODE 15, LOSS 11.331700325012207
"2023-04-24 12:41:23,450 [INFO] LOSS FUNCTION PLOTTED at ./fig/0424_1241PMloss.png
"2023-04-24 12:41:24,007 [INFO] EPISODE 16, LOSS 39.38010787963867
"2023-04-24 12:41:24,038 [INFO] LOSS FUNCTION PLOTTED at ./fig/0424_1241PMloss.png
"2023-04-24 12:41:24,537 [INFO] EPISODE 17, LOSS 32.81512451171875
"2023-04-24 12:41:24,568 [INFO] LOSS FUNCTION PLOTTED at ./fig/0424_1241PMloss.png
"2023-04-24 12:41:25,113 [INFO] EPISODE 18, LOSS 39.291812896728516
"2023-04-24 12:41:25,143 [INFO] LOSS FUNCTION PLOTTED at ./fig/0424_1241PMloss.png
"2023-04-24 12:41:25,644 [INFO] EPISODE 19, LOSS 29.75087547302246
"2023-04-24 12:41:25,673 [INFO] LOSS FUNCTION PLOTTED at ./fig/0424_1241PMloss.png
"2023-04-24 12:41:26,221 [INFO] EPISODE 20, LOSS 25.189992904663086
"2023-04-24 12:41:26,251 [INFO] LOSS FUNCTION PLOTTED at ./fig/0424_1241PMloss.png
"2023-04-24 12:41:26,847 [INFO] EPISODE 21, LOSS 30.27294921875
"2023-04-24 12:41:26,876 [INFO] LOSS FUNCTION PLOTTED at ./fig/0424_1241PMloss.png
"2023-04-24 12:41:27,429 [INFO] EPISODE 22, LOSS 37.995216369628906
"2023-04-24 12:41:27,457 [INFO] LOSS FUNCTION PLOTTED at ./fig/0424_1241PMloss.png
"2023-04-24 12:41:28,024 [INFO] EPISODE 23, LOSS 26.96906089782715
"2023-04-24 12:41:28,052 [INFO] LOSS FUNCTION PLOTTED at ./fig/0424_1241PMloss.png
"2023-04-24 12:41:28,560 [INFO] EPISODE 24, LOSS 20.881803512573242
"2023-04-24 12:41:28,589 [INFO] LOSS FUNCTION PLOTTED at ./fig/0424_1241PMloss.png
"2023-04-24 12:41:29,220 [INFO] EPISODE 25, LOSS 31.43834114074707
"2023-04-24 12:41:29,297 [INFO] LOSS FUNCTION PLOTTED at ./fig/0424_1241PMloss.png
"2023-04-24 12:41:29,834 [INFO] EPISODE 26, LOSS 29.67316436767578
"2023-04-24 12:41:29,863 [INFO] LOSS FUNCTION PLOTTED at ./fig/0424_1241PMloss.png
"2023-04-24 12:41:30,409 [INFO] EPISODE 27, LOSS 19.2807674407959
"2023-04-24 12:41:30,438 [INFO] LOSS FUNCTION PLOTTED at ./fig/0424_1241PMloss.png
"2023-04-24 12:41:30,935 [INFO] EPISODE 28, LOSS 45.94209289550781
"2023-04-24 12:41:30,964 [INFO] LOSS FUNCTION PLOTTED at ./fig/0424_1241PMloss.png
"2023-04-24 12:41:31,513 [INFO] EPISODE 29, LOSS 24.66554069519043
"2023-04-24 12:41:31,542 [INFO] LOSS FUNCTION PLOTTED at ./fig/0424_1241PMloss.png
"2023-04-24 12:41:32,047 [INFO] EPISODE 30, LOSS 34.99364471435547
"2023-04-24 12:41:32,076 [INFO] LOSS FUNCTION PLOTTED at ./fig/0424_1241PMloss.png
"2023-04-24 12:41:32,635 [INFO] EPISODE 31, LOSS 20.635799407958984
"2023-04-24 12:41:32,665 [INFO] LOSS FUNCTION PLOTTED at ./fig/0424_1241PMloss.png
"2023-04-24 12:41:33,277 [INFO] EPISODE 32, LOSS 23.156278610229492
"2023-04-24 12:41:33,307 [INFO] LOSS FUNCTION PLOTTED at ./fig/0424_1241PMloss.png
"2023-04-24 12:41:33,809 [INFO] EPISODE 33, LOSS 17.36667823791504
"2023-04-24 12:41:33,838 [INFO] LOSS FUNCTION PLOTTED at ./fig/0424_1241PMloss.png
"2023-04-24 12:41:34,397 [INFO] EPISODE 34, LOSS 31.94730567932129
"2023-04-24 12:41:34,431 [INFO] LOSS FUNCTION PLOTTED at ./fig/0424_1241PMloss.png
"2023-04-24 12:41:35,034 [INFO] EPISODE 35, LOSS 23.36078643798828
"2023-04-24 12:41:35,066 [INFO] LOSS FUNCTION PLOTTED at ./fig/0424_1241PMloss.png
"2023-04-24 12:41:35,633 [INFO] EPISODE 36, LOSS 28.35365867614746
"2023-04-24 12:41:35,663 [INFO] LOSS FUNCTION PLOTTED at ./fig/0424_1241PMloss.png
"2023-04-24 12:41:36,178 [INFO] EPISODE 37, LOSS 20.826332092285156
"2023-04-24 12:41:36,209 [INFO] LOSS FUNCTION PLOTTED at ./fig/0424_1241PMloss.png
"2023-04-24 12:41:36,779 [INFO] EPISODE 38, LOSS 22.158666610717773
"2023-04-24 12:41:36,810 [INFO] LOSS FUNCTION PLOTTED at ./fig/0424_1241PMloss.png
"2023-04-24 12:41:37,354 [INFO] EPISODE 39, LOSS 18.214048385620117
"2023-04-24 12:41:37,386 [INFO] LOSS FUNCTION PLOTTED at ./fig/0424_1241PMloss.png
"2023-04-24 12:41:37,943 [INFO] EPISODE 40, LOSS 28.269145965576172
"2023-04-24 12:41:37,975 [INFO] LOSS FUNCTION PLOTTED at ./fig/0424_1241PMloss.png
"2023-04-24 12:41:38,581 [INFO] EPISODE 41, LOSS 5.137598991394043
"2023-04-24 12:41:38,610 [INFO] LOSS FUNCTION PLOTTED at ./fig/0424_1241PMloss.png
"2023-04-24 12:41:39,146 [INFO] EPISODE 42, LOSS 23.390575408935547
"2023-04-24 12:41:39,176 [INFO] LOSS FUNCTION PLOTTED at ./fig/0424_1241PMloss.png
"2023-04-24 12:41:39,777 [INFO] EPISODE 43, LOSS 40.481693267822266
"2023-04-24 12:41:39,807 [INFO] LOSS FUNCTION PLOTTED at ./fig/0424_1241PMloss.png
"2023-04-24 12:41:40,353 [INFO] EPISODE 44, LOSS 19.92932891845703
"2023-04-24 12:41:40,430 [INFO] LOSS FUNCTION PLOTTED at ./fig/0424_1241PMloss.png
"2023-04-24 12:41:41,023 [INFO] EPISODE 45, LOSS 9.713736534118652
"2023-04-24 12:41:41,052 [INFO] LOSS FUNCTION PLOTTED at ./fig/0424_1241PMloss.png
"2023-04-24 12:41:41,572 [INFO] EPISODE 46, LOSS 21.195470809936523
"2023-04-24 12:41:41,601 [INFO] LOSS FUNCTION PLOTTED at ./fig/0424_1241PMloss.png
"2023-04-24 12:41:42,165 [INFO] EPISODE 47, LOSS 35.508480072021484
"2023-04-24 12:41:42,194 [INFO] LOSS FUNCTION PLOTTED at ./fig/0424_1241PMloss.png
"2023-04-24 12:41:42,676 [INFO] EPISODE 48, LOSS 18.4298038482666
"2023-04-24 12:41:42,705 [INFO] LOSS FUNCTION PLOTTED at ./fig/0424_1241PMloss.png
"2023-04-24 12:41:43,272 [INFO] EPISODE 49, LOSS 27.380130767822266
"2023-04-24 12:41:43,301 [INFO] LOSS FUNCTION PLOTTED at ./fig/0424_1241PMloss.png
"2023-04-24 12:41:43,873 [INFO] EPISODE 50, LOSS 16.977052688598633
"2023-04-24 12:41:43,902 [INFO] LOSS FUNCTION PLOTTED at ./fig/0424_1241PMloss.png
"2023-04-24 12:41:44,430 [INFO] EPISODE 51, LOSS 12.187836647033691
"2023-04-24 12:41:44,459 [INFO] LOSS FUNCTION PLOTTED at ./fig/0424_1241PMloss.png
"2023-04-24 12:41:45,056 [INFO] EPISODE 52, LOSS 28.006759643554688
"2023-04-24 12:41:45,085 [INFO] LOSS FUNCTION PLOTTED at ./fig/0424_1241PMloss.png
"2023-04-24 12:41:45,660 [INFO] EPISODE 53, LOSS 23.49949836730957
"2023-04-24 12:41:45,690 [INFO] LOSS FUNCTION PLOTTED at ./fig/0424_1241PMloss.png
"2023-04-24 12:41:46,366 [INFO] EPISODE 54, LOSS 12.893050193786621
"2023-04-24 12:41:46,397 [INFO] LOSS FUNCTION PLOTTED at ./fig/0424_1241PMloss.png
"2023-04-24 12:41:46,923 [INFO] EPISODE 55, LOSS 25.634708404541016
"2023-04-24 12:41:46,955 [INFO] LOSS FUNCTION PLOTTED at ./fig/0424_1241PMloss.png
"2023-04-24 12:41:47,550 [INFO] EPISODE 56, LOSS 18.70113754272461
"2023-04-24 12:41:47,580 [INFO] LOSS FUNCTION PLOTTED at ./fig/0424_1241PMloss.png
"2023-04-24 12:41:48,234 [INFO] EPISODE 57, LOSS 24.0567684173584
"2023-04-24 12:41:48,264 [INFO] LOSS FUNCTION PLOTTED at ./fig/0424_1241PMloss.png
"2023-04-24 12:41:48,758 [INFO] EPISODE 58, LOSS 32.10628890991211
"2023-04-24 12:41:48,788 [INFO] LOSS FUNCTION PLOTTED at ./fig/0424_1241PMloss.png
"2023-04-24 12:41:49,436 [INFO] EPISODE 59, LOSS 29.469436645507812
"2023-04-24 12:41:49,467 [INFO] LOSS FUNCTION PLOTTED at ./fig/0424_1241PMloss.png
"2023-04-24 12:41:50,036 [INFO] EPISODE 60, LOSS 18.057952880859375
"2023-04-24 12:41:50,066 [INFO] LOSS FUNCTION PLOTTED at ./fig/0424_1241PMloss.png
"2023-04-24 12:41:50,613 [INFO] EPISODE 61, LOSS 23.31326675415039
"2023-04-24 12:41:50,643 [INFO] LOSS FUNCTION PLOTTED at ./fig/0424_1241PMloss.png
"2023-04-24 12:41:51,143 [INFO] EPISODE 62, LOSS 18.67351531982422
"2023-04-24 12:41:51,173 [INFO] LOSS FUNCTION PLOTTED at ./fig/0424_1241PMloss.png
"2023-04-24 12:41:51,722 [INFO] EPISODE 63, LOSS 26.33071517944336
"2023-04-24 12:41:51,801 [INFO] LOSS FUNCTION PLOTTED at ./fig/0424_1241PMloss.png
"2023-04-24 12:41:52,434 [INFO] EPISODE 64, LOSS 16.714679718017578
"2023-04-24 12:41:52,465 [INFO] LOSS FUNCTION PLOTTED at ./fig/0424_1241PMloss.png
"2023-04-24 12:41:53,063 [INFO] EPISODE 65, LOSS 35.99424743652344
"2023-04-24 12:41:53,094 [INFO] LOSS FUNCTION PLOTTED at ./fig/0424_1241PMloss.png
"2023-04-24 12:41:53,760 [INFO] EPISODE 66, LOSS 22.875211715698242
"2023-04-24 12:41:53,792 [INFO] LOSS FUNCTION PLOTTED at ./fig/0424_1241PMloss.png
"2023-04-24 12:41:54,300 [INFO] EPISODE 67, LOSS 24.98636817932129
"2023-04-24 12:41:54,331 [INFO] LOSS FUNCTION PLOTTED at ./fig/0424_1241PMloss.png
"2023-04-24 12:41:54,884 [INFO] EPISODE 68, LOSS 46.35279083251953
"2023-04-24 12:41:54,915 [INFO] LOSS FUNCTION PLOTTED at ./fig/0424_1241PMloss.png
"2023-04-24 12:41:55,424 [INFO] EPISODE 69, LOSS 19.81406593322754
"2023-04-24 12:41:55,456 [INFO] LOSS FUNCTION PLOTTED at ./fig/0424_1241PMloss.png
"2023-04-24 12:41:56,066 [INFO] EPISODE 70, LOSS 25.232559204101562
"2023-04-24 12:41:56,097 [INFO] LOSS FUNCTION PLOTTED at ./fig/0424_1241PMloss.png
"2023-04-24 12:41:56,681 [INFO] EPISODE 71, LOSS 17.909664154052734
"2023-04-24 12:41:56,713 [INFO] LOSS FUNCTION PLOTTED at ./fig/0424_1241PMloss.png
"2023-04-24 12:41:57,277 [INFO] EPISODE 72, LOSS 19.611204147338867
"2023-04-24 12:41:57,309 [INFO] LOSS FUNCTION PLOTTED at ./fig/0424_1241PMloss.png
"2023-04-24 12:41:57,918 [INFO] EPISODE 73, LOSS 24.665315628051758
"2023-04-24 12:41:57,949 [INFO] LOSS FUNCTION PLOTTED at ./fig/0424_1241PMloss.png
"2023-04-24 12:41:58,492 [INFO] EPISODE 74, LOSS 39.752628326416016
"2023-04-24 12:41:58,523 [INFO] LOSS FUNCTION PLOTTED at ./fig/0424_1241PMloss.png
"2023-04-24 12:41:59,112 [INFO] EPISODE 75, LOSS 13.236454963684082
"2023-04-24 12:41:59,143 [INFO] LOSS FUNCTION PLOTTED at ./fig/0424_1241PMloss.png
"2023-04-24 12:41:59,816 [INFO] EPISODE 76, LOSS 19.953514099121094
"2023-04-24 12:41:59,848 [INFO] LOSS FUNCTION PLOTTED at ./fig/0424_1241PMloss.png
"2023-04-24 12:42:00,402 [INFO] EPISODE 77, LOSS 18.654943466186523
"2023-04-24 12:42:00,434 [INFO] LOSS FUNCTION PLOTTED at ./fig/0424_1241PMloss.png
"2023-04-24 12:42:01,086 [INFO] EPISODE 78, LOSS 23.654394149780273
"2023-04-24 12:42:01,119 [INFO] LOSS FUNCTION PLOTTED at ./fig/0424_1241PMloss.png
"2023-04-24 12:42:01,716 [INFO] EPISODE 79, LOSS 29.88901710510254
"2023-04-24 12:42:01,749 [INFO] LOSS FUNCTION PLOTTED at ./fig/0424_1241PMloss.png
"2023-04-24 12:42:02,423 [INFO] EPISODE 80, LOSS 28.299034118652344
"2023-04-24 12:42:02,456 [INFO] LOSS FUNCTION PLOTTED at ./fig/0424_1241PMloss.png
"2023-04-24 12:42:03,085 [INFO] EPISODE 81, LOSS 25.77350425720215
"2023-04-24 12:42:03,164 [INFO] LOSS FUNCTION PLOTTED at ./fig/0424_1241PMloss.png
"2023-04-24 12:42:03,754 [INFO] EPISODE 82, LOSS 16.604333877563477
"2023-04-24 12:42:03,783 [INFO] LOSS FUNCTION PLOTTED at ./fig/0424_1241PMloss.png
"2023-04-24 12:42:04,429 [INFO] EPISODE 83, LOSS 6.711724281311035
"2023-04-24 12:42:04,459 [INFO] LOSS FUNCTION PLOTTED at ./fig/0424_1241PMloss.png
"2023-04-24 12:42:05,098 [INFO] EPISODE 84, LOSS 24.257579803466797
"2023-04-24 12:42:05,128 [INFO] LOSS FUNCTION PLOTTED at ./fig/0424_1241PMloss.png
"2023-04-24 12:42:05,704 [INFO] EPISODE 85, LOSS 28.21808624267578
"2023-04-24 12:42:05,734 [INFO] LOSS FUNCTION PLOTTED at ./fig/0424_1241PMloss.png
"2023-04-24 12:42:06,365 [INFO] EPISODE 86, LOSS 26.582319259643555
"2023-04-24 12:42:06,394 [INFO] LOSS FUNCTION PLOTTED at ./fig/0424_1241PMloss.png
"2023-04-24 12:42:06,981 [INFO] EPISODE 87, LOSS 21.43976593017578
"2023-04-24 12:42:07,010 [INFO] LOSS FUNCTION PLOTTED at ./fig/0424_1241PMloss.png
"2023-04-24 12:42:07,664 [INFO] EPISODE 88, LOSS 13.527006149291992
"2023-04-24 12:42:07,693 [INFO] LOSS FUNCTION PLOTTED at ./fig/0424_1241PMloss.png
"2023-04-24 12:42:08,345 [INFO] EPISODE 89, LOSS 31.20267677307129
"2023-04-24 12:42:08,374 [INFO] LOSS FUNCTION PLOTTED at ./fig/0424_1241PMloss.png
"2023-04-24 12:42:08,968 [INFO] EPISODE 90, LOSS 16.929441452026367
"2023-04-24 12:42:08,997 [INFO] LOSS FUNCTION PLOTTED at ./fig/0424_1241PMloss.png
"2023-04-24 12:42:09,672 [INFO] EPISODE 91, LOSS 21.644920349121094
"2023-04-24 12:42:09,702 [INFO] LOSS FUNCTION PLOTTED at ./fig/0424_1241PMloss.png
"2023-04-24 12:42:10,308 [INFO] EPISODE 92, LOSS 26.135709762573242
"2023-04-24 12:42:10,338 [INFO] LOSS FUNCTION PLOTTED at ./fig/0424_1241PMloss.png
"2023-04-24 12:42:10,978 [INFO] EPISODE 93, LOSS 24.788358688354492
"2023-04-24 12:42:11,009 [INFO] LOSS FUNCTION PLOTTED at ./fig/0424_1241PMloss.png
"2023-04-24 12:42:11,634 [INFO] EPISODE 94, LOSS 15.799371719360352
"2023-04-24 12:42:11,665 [INFO] LOSS FUNCTION PLOTTED at ./fig/0424_1241PMloss.png
"2023-04-24 12:42:12,274 [INFO] EPISODE 95, LOSS 31.146638870239258
"2023-04-24 12:42:12,304 [INFO] LOSS FUNCTION PLOTTED at ./fig/0424_1241PMloss.png
"2023-04-24 12:42:12,975 [INFO] EPISODE 96, LOSS 15.879462242126465
"2023-04-24 12:42:13,006 [INFO] LOSS FUNCTION PLOTTED at ./fig/0424_1241PMloss.png
"2023-04-24 12:42:13,625 [INFO] EPISODE 97, LOSS 31.275753021240234
"2023-04-24 12:42:13,656 [INFO] LOSS FUNCTION PLOTTED at ./fig/0424_1241PMloss.png
"2023-04-24 12:42:14,204 [INFO] EPISODE 98, LOSS 31.32537841796875
"2023-04-24 12:42:14,234 [INFO] LOSS FUNCTION PLOTTED at ./fig/0424_1241PMloss.png
"2023-04-24 12:42:14,835 [INFO] EPISODE 99, LOSS 33.69561004638672
"2023-04-24 12:42:14,867 [INFO] LOSS FUNCTION PLOTTED at ./fig/0424_1241PMloss.png
"2023-04-24 12:42:15,429 [INFO] EPISODE 100, LOSS 17.133853912353516
"2023-04-24 12:42:15,460 [INFO] LOSS FUNCTION PLOTTED at ./fig/0424_1241PMloss.png
"2023-04-24 12:42:16,075 [INFO] EPISODE 101, LOSS 15.234859466552734
"2023-04-24 12:42:16,107 [INFO] LOSS FUNCTION PLOTTED at ./fig/0424_1241PMloss.png
"2023-04-24 12:42:16,747 [INFO] EPISODE 102, LOSS 29.740324020385742
"2023-04-24 12:42:16,827 [INFO] LOSS FUNCTION PLOTTED at ./fig/0424_1241PMloss.png
"2023-04-24 12:42:17,384 [INFO] EPISODE 103, LOSS 39.419918060302734
"2023-04-24 12:42:17,415 [INFO] LOSS FUNCTION PLOTTED at ./fig/0424_1241PMloss.png
"2023-04-24 12:42:18,029 [INFO] EPISODE 104, LOSS 6.064142227172852
"2023-04-24 12:42:18,060 [INFO] LOSS FUNCTION PLOTTED at ./fig/0424_1241PMloss.png
"2023-04-24 12:42:18,610 [INFO] EPISODE 105, LOSS 13.448174476623535
"2023-04-24 12:42:18,643 [INFO] LOSS FUNCTION PLOTTED at ./fig/0424_1241PMloss.png
"2023-04-24 12:42:19,263 [INFO] EPISODE 106, LOSS 20.786354064941406
"2023-04-24 12:42:19,294 [INFO] LOSS FUNCTION PLOTTED at ./fig/0424_1241PMloss.png
"2023-04-24 12:42:19,928 [INFO] EPISODE 107, LOSS 26.99949836730957
"2023-04-24 12:42:19,959 [INFO] LOSS FUNCTION PLOTTED at ./fig/0424_1241PMloss.png
"2023-04-24 12:42:20,517 [INFO] EPISODE 108, LOSS 22.83692169189453
"2023-04-24 12:42:20,547 [INFO] LOSS FUNCTION PLOTTED at ./fig/0424_1241PMloss.png
"2023-04-24 12:42:21,167 [INFO] EPISODE 109, LOSS 12.919118881225586
"2023-04-24 12:42:21,197 [INFO] LOSS FUNCTION PLOTTED at ./fig/0424_1241PMloss.png
"2023-04-24 12:42:21,742 [INFO] EPISODE 110, LOSS 30.459444046020508
"2023-04-24 12:42:21,772 [INFO] LOSS FUNCTION PLOTTED at ./fig/0424_1241PMloss.png
"2023-04-24 12:42:22,372 [INFO] EPISODE 111, LOSS 13.804718017578125
"2023-04-24 12:42:22,402 [INFO] LOSS FUNCTION PLOTTED at ./fig/0424_1241PMloss.png
"2023-04-24 12:42:23,027 [INFO] EPISODE 112, LOSS 3.4173502922058105
"2023-04-24 12:42:23,057 [INFO] LOSS FUNCTION PLOTTED at ./fig/0424_1241PMloss.png
"2023-04-24 12:42:23,669 [INFO] EPISODE 113, LOSS 26.294137954711914
"2023-04-24 12:42:23,698 [INFO] LOSS FUNCTION PLOTTED at ./fig/0424_1241PMloss.png
"2023-04-24 12:42:24,302 [INFO] EPISODE 114, LOSS 25.23092269897461
"2023-04-24 12:42:24,330 [INFO] LOSS FUNCTION PLOTTED at ./fig/0424_1241PMloss.png
"2023-04-24 12:42:24,890 [INFO] EPISODE 115, LOSS 14.225945472717285
"2023-04-24 12:42:24,919 [INFO] LOSS FUNCTION PLOTTED at ./fig/0424_1241PMloss.png
"2023-04-24 12:42:25,534 [INFO] EPISODE 116, LOSS 15.67861557006836
"2023-04-24 12:42:25,564 [INFO] LOSS FUNCTION PLOTTED at ./fig/0424_1241PMloss.png
"2023-04-24 12:42:26,184 [INFO] EPISODE 117, LOSS 30.10005760192871
"2023-04-24 12:42:26,214 [INFO] LOSS FUNCTION PLOTTED at ./fig/0424_1241PMloss.png
"2023-04-24 12:42:26,848 [INFO] EPISODE 118, LOSS 41.38081359863281
"2023-04-24 12:42:26,877 [INFO] LOSS FUNCTION PLOTTED at ./fig/0424_1241PMloss.png
"2023-04-24 12:42:27,490 [INFO] EPISODE 119, LOSS 18.79096221923828
"2023-04-24 12:42:27,518 [INFO] LOSS FUNCTION PLOTTED at ./fig/0424_1241PMloss.png
"2023-04-24 12:42:28,077 [INFO] EPISODE 120, LOSS 26.384580612182617
"2023-04-24 12:42:28,106 [INFO] LOSS FUNCTION PLOTTED at ./fig/0424_1241PMloss.png
"2023-04-24 12:42:28,725 [INFO] EPISODE 121, LOSS 26.06578826904297
"2023-04-24 12:42:28,753 [INFO] LOSS FUNCTION PLOTTED at ./fig/0424_1241PMloss.png
"2023-04-24 12:42:29,309 [INFO] EPISODE 122, LOSS 31.435792922973633
"2023-04-24 12:42:29,338 [INFO] LOSS FUNCTION PLOTTED at ./fig/0424_1241PMloss.png
"2023-04-24 12:42:29,950 [INFO] EPISODE 123, LOSS 32.13615417480469
"2023-04-24 12:42:29,978 [INFO] LOSS FUNCTION PLOTTED at ./fig/0424_1241PMloss.png
"2023-04-24 12:42:30,605 [INFO] EPISODE 124, LOSS 26.003952026367188
"2023-04-24 12:42:30,634 [INFO] LOSS FUNCTION PLOTTED at ./fig/0424_1241PMloss.png
"2023-04-24 12:42:31,195 [INFO] EPISODE 125, LOSS 5.6330976486206055
"2023-04-24 12:42:31,273 [INFO] LOSS FUNCTION PLOTTED at ./fig/0424_1241PMloss.png
"2023-04-24 12:42:31,910 [INFO] EPISODE 126, LOSS 27.97167205810547
"2023-04-24 12:42:31,940 [INFO] LOSS FUNCTION PLOTTED at ./fig/0424_1241PMloss.png
"2023-04-24 12:42:32,499 [INFO] EPISODE 127, LOSS 18.564146041870117
"2023-04-24 12:42:32,528 [INFO] LOSS FUNCTION PLOTTED at ./fig/0424_1241PMloss.png
"2023-04-24 12:42:33,079 [INFO] EPISODE 128, LOSS 18.13836669921875
"2023-04-24 12:42:33,109 [INFO] LOSS FUNCTION PLOTTED at ./fig/0424_1241PMloss.png
"2023-04-24 12:42:33,726 [INFO] EPISODE 129, LOSS 32.6884880065918
"2023-04-24 12:42:33,756 [INFO] LOSS FUNCTION PLOTTED at ./fig/0424_1241PMloss.png
"2023-04-24 12:42:34,319 [INFO] EPISODE 130, LOSS 24.455760955810547
"2023-04-24 12:42:34,347 [INFO] LOSS FUNCTION PLOTTED at ./fig/0424_1241PMloss.png
"2023-04-24 12:42:34,905 [INFO] EPISODE 131, LOSS 17.6517333984375
"2023-04-24 12:42:34,935 [INFO] LOSS FUNCTION PLOTTED at ./fig/0424_1241PMloss.png
"2023-04-24 12:42:35,489 [INFO] EPISODE 132, LOSS 10.485249519348145
"2023-04-24 12:42:35,518 [INFO] LOSS FUNCTION PLOTTED at ./fig/0424_1241PMloss.png
"2023-04-24 12:42:36,079 [INFO] EPISODE 133, LOSS 18.56256103515625
"2023-04-24 12:42:36,108 [INFO] LOSS FUNCTION PLOTTED at ./fig/0424_1241PMloss.png
"2023-04-24 12:42:36,672 [INFO] EPISODE 134, LOSS 24.627904891967773
"2023-04-24 12:42:36,702 [INFO] LOSS FUNCTION PLOTTED at ./fig/0424_1241PMloss.png
"2023-04-24 12:42:37,331 [INFO] EPISODE 135, LOSS 23.337488174438477
"2023-04-24 12:42:37,361 [INFO] LOSS FUNCTION PLOTTED at ./fig/0424_1241PMloss.png
"2023-04-24 12:42:37,914 [INFO] EPISODE 136, LOSS 17.730005264282227
"2023-04-24 12:42:37,944 [INFO] LOSS FUNCTION PLOTTED at ./fig/0424_1241PMloss.png
"2023-04-24 12:42:38,513 [INFO] EPISODE 137, LOSS 28.53193473815918
"2023-04-24 12:42:38,543 [INFO] LOSS FUNCTION PLOTTED at ./fig/0424_1241PMloss.png
"2023-04-24 12:42:39,171 [INFO] EPISODE 138, LOSS 41.64894485473633
"2023-04-24 12:42:39,202 [INFO] LOSS FUNCTION PLOTTED at ./fig/0424_1241PMloss.png
"2023-04-24 12:42:39,860 [INFO] EPISODE 139, LOSS 18.07085609436035
"2023-04-24 12:42:39,891 [INFO] LOSS FUNCTION PLOTTED at ./fig/0424_1241PMloss.png
"2023-04-24 12:42:40,479 [INFO] EPISODE 140, LOSS 31.436904907226562
"2023-04-24 12:42:40,509 [INFO] LOSS FUNCTION PLOTTED at ./fig/0424_1241PMloss.png
"2023-04-24 12:42:41,135 [INFO] EPISODE 141, LOSS 18.66120719909668
"2023-04-24 12:42:41,165 [INFO] LOSS FUNCTION PLOTTED at ./fig/0424_1241PMloss.png
"2023-04-24 12:42:41,721 [INFO] EPISODE 142, LOSS 10.129744529724121
"2023-04-24 12:42:41,752 [INFO] LOSS FUNCTION PLOTTED at ./fig/0424_1241PMloss.png
"2023-04-24 12:42:42,310 [INFO] EPISODE 143, LOSS 38.677921295166016
"2023-04-24 12:42:42,341 [INFO] LOSS FUNCTION PLOTTED at ./fig/0424_1241PMloss.png
"2023-04-24 12:42:42,902 [INFO] EPISODE 144, LOSS 31.268178939819336
"2023-04-24 12:42:42,932 [INFO] LOSS FUNCTION PLOTTED at ./fig/0424_1241PMloss.png
"2023-04-24 12:42:43,516 [INFO] EPISODE 145, LOSS 24.55807876586914
"2023-04-24 12:42:43,547 [INFO] LOSS FUNCTION PLOTTED at ./fig/0424_1241PMloss.png
"2023-04-24 12:42:44,098 [INFO] EPISODE 146, LOSS 22.973846435546875
"2023-04-24 12:42:44,177 [INFO] LOSS FUNCTION PLOTTED at ./fig/0424_1241PMloss.png
"2023-04-24 12:42:44,739 [INFO] EPISODE 147, LOSS 27.49842071533203
"2023-04-24 12:42:44,769 [INFO] LOSS FUNCTION PLOTTED at ./fig/0424_1241PMloss.png
"2023-04-24 12:42:45,322 [INFO] EPISODE 148, LOSS 33.059410095214844
"2023-04-24 12:42:45,353 [INFO] LOSS FUNCTION PLOTTED at ./fig/0424_1241PMloss.png
"2023-04-24 12:42:45,916 [INFO] EPISODE 149, LOSS 19.05239486694336
"2023-04-24 12:42:45,947 [INFO] LOSS FUNCTION PLOTTED at ./fig/0424_1241PMloss.png
"2023-04-24 12:42:46,509 [INFO] EPISODE 150, LOSS 16.77115249633789
"2023-04-24 12:42:46,539 [INFO] LOSS FUNCTION PLOTTED at ./fig/0424_1241PMloss.png
"2023-04-24 12:42:47,140 [INFO] EPISODE 151, LOSS 11.521814346313477
"2023-04-24 12:42:47,171 [INFO] LOSS FUNCTION PLOTTED at ./fig/0424_1241PMloss.png
"2023-04-24 12:42:47,744 [INFO] EPISODE 152, LOSS 23.25749969482422
"2023-04-24 12:42:47,776 [INFO] LOSS FUNCTION PLOTTED at ./fig/0424_1241PMloss.png
"2023-04-24 12:42:48,334 [INFO] EPISODE 153, LOSS 29.818370819091797
"2023-04-24 12:42:48,365 [INFO] LOSS FUNCTION PLOTTED at ./fig/0424_1241PMloss.png
"2023-04-24 12:42:48,939 [INFO] EPISODE 154, LOSS 23.869558334350586
"2023-04-24 12:42:48,970 [INFO] LOSS FUNCTION PLOTTED at ./fig/0424_1241PMloss.png
"2023-04-24 12:42:49,531 [INFO] EPISODE 155, LOSS 26.996240615844727
"2023-04-24 12:42:49,561 [INFO] LOSS FUNCTION PLOTTED at ./fig/0424_1241PMloss.png
"2023-04-24 12:42:50,159 [INFO] EPISODE 156, LOSS 32.360809326171875
"2023-04-24 12:42:50,189 [INFO] LOSS FUNCTION PLOTTED at ./fig/0424_1241PMloss.png
"2023-04-24 12:42:50,751 [INFO] EPISODE 157, LOSS 10.303539276123047
"2023-04-24 12:42:50,783 [INFO] LOSS FUNCTION PLOTTED at ./fig/0424_1241PMloss.png
"2023-04-24 12:42:51,340 [INFO] EPISODE 158, LOSS 25.51333999633789
"2023-04-24 12:42:51,370 [INFO] LOSS FUNCTION PLOTTED at ./fig/0424_1241PMloss.png
"2023-04-24 12:42:51,940 [INFO] EPISODE 159, LOSS 20.440866470336914
"2023-04-24 12:42:51,970 [INFO] LOSS FUNCTION PLOTTED at ./fig/0424_1241PMloss.png
"2023-04-24 12:42:52,528 [INFO] EPISODE 160, LOSS 14.146483421325684
"2023-04-24 12:42:52,559 [INFO] LOSS FUNCTION PLOTTED at ./fig/0424_1241PMloss.png
"2023-04-24 12:42:53,150 [INFO] EPISODE 161, LOSS 27.373886108398438
"2023-04-24 12:42:53,181 [INFO] LOSS FUNCTION PLOTTED at ./fig/0424_1241PMloss.png
"2023-04-24 12:42:53,741 [INFO] EPISODE 162, LOSS 22.614473342895508
"2023-04-24 12:42:53,772 [INFO] LOSS FUNCTION PLOTTED at ./fig/0424_1241PMloss.png
"2023-04-24 12:42:54,333 [INFO] EPISODE 163, LOSS 20.221778869628906
"2023-04-24 12:42:54,364 [INFO] LOSS FUNCTION PLOTTED at ./fig/0424_1241PMloss.png
"2023-04-24 12:42:54,929 [INFO] EPISODE 164, LOSS 16.985944747924805
"2023-04-24 12:42:54,960 [INFO] LOSS FUNCTION PLOTTED at ./fig/0424_1241PMloss.png
"2023-04-24 12:42:55,518 [INFO] EPISODE 165, LOSS 4.975916385650635
"2023-04-24 12:42:55,548 [INFO] LOSS FUNCTION PLOTTED at ./fig/0424_1241PMloss.png
"2023-04-24 12:42:56,133 [INFO] EPISODE 166, LOSS 29.031166076660156
"2023-04-24 12:42:56,213 [INFO] LOSS FUNCTION PLOTTED at ./fig/0424_1241PMloss.png
"2023-04-24 12:42:56,778 [INFO] EPISODE 167, LOSS 33.99348831176758
"2023-04-24 12:42:56,809 [INFO] LOSS FUNCTION PLOTTED at ./fig/0424_1241PMloss.png
"2023-04-24 12:42:57,464 [INFO] EPISODE 168, LOSS 18.407777786254883
"2023-04-24 12:42:57,495 [INFO] LOSS FUNCTION PLOTTED at ./fig/0424_1241PMloss.png
"2023-04-24 12:42:58,056 [INFO] EPISODE 169, LOSS 18.01873016357422
"2023-04-24 12:42:58,087 [INFO] LOSS FUNCTION PLOTTED at ./fig/0424_1241PMloss.png
"2023-04-24 12:42:58,650 [INFO] EPISODE 170, LOSS 24.741689682006836
"2023-04-24 12:42:58,681 [INFO] LOSS FUNCTION PLOTTED at ./fig/0424_1241PMloss.png
"2023-04-24 12:42:59,316 [INFO] EPISODE 171, LOSS 12.692400932312012
"2023-04-24 12:42:59,347 [INFO] LOSS FUNCTION PLOTTED at ./fig/0424_1241PMloss.png
"2023-04-24 12:42:59,968 [INFO] EPISODE 172, LOSS 37.89472579956055
"2023-04-24 12:42:59,998 [INFO] LOSS FUNCTION PLOTTED at ./fig/0424_1241PMloss.png
"2023-04-24 12:43:00,619 [INFO] EPISODE 173, LOSS 27.58893585205078
"2023-04-24 12:43:00,649 [INFO] LOSS FUNCTION PLOTTED at ./fig/0424_1241PMloss.png
"2023-04-24 12:43:01,339 [INFO] EPISODE 174, LOSS 20.026588439941406
"2023-04-24 12:43:01,370 [INFO] LOSS FUNCTION PLOTTED at ./fig/0424_1241PMloss.png
"2023-04-24 12:43:01,998 [INFO] EPISODE 175, LOSS 33.605289459228516
"2023-04-24 12:43:02,029 [INFO] LOSS FUNCTION PLOTTED at ./fig/0424_1241PMloss.png
"2023-04-24 12:43:02,674 [INFO] EPISODE 176, LOSS 23.912914276123047
"2023-04-24 12:43:02,705 [INFO] LOSS FUNCTION PLOTTED at ./fig/0424_1241PMloss.png
"2023-04-24 12:43:03,321 [INFO] EPISODE 177, LOSS 21.400049209594727
"2023-04-24 12:43:03,352 [INFO] LOSS FUNCTION PLOTTED at ./fig/0424_1241PMloss.png
"2023-04-24 12:43:04,002 [INFO] EPISODE 178, LOSS 17.469186782836914
"2023-04-24 12:43:04,033 [INFO] LOSS FUNCTION PLOTTED at ./fig/0424_1241PMloss.png
"2023-04-24 12:43:04,730 [INFO] EPISODE 179, LOSS 16.547401428222656
"2023-04-24 12:43:04,761 [INFO] LOSS FUNCTION PLOTTED at ./fig/0424_1241PMloss.png
"2023-04-24 12:43:05,391 [INFO] EPISODE 180, LOSS 30.81052589416504
"2023-04-24 12:43:05,422 [INFO] LOSS FUNCTION PLOTTED at ./fig/0424_1241PMloss.png
"2023-04-24 12:43:06,039 [INFO] EPISODE 181, LOSS 23.287412643432617
"2023-04-24 12:43:06,070 [INFO] LOSS FUNCTION PLOTTED at ./fig/0424_1241PMloss.png
"2023-04-24 12:43:06,689 [INFO] EPISODE 182, LOSS 4.763646125793457
"2023-04-24 12:43:06,721 [INFO] LOSS FUNCTION PLOTTED at ./fig/0424_1241PMloss.png
"2023-04-24 12:43:07,347 [INFO] EPISODE 183, LOSS 23.90581512451172
"2023-04-24 12:43:07,378 [INFO] LOSS FUNCTION PLOTTED at ./fig/0424_1241PMloss.png
"2023-04-24 12:43:08,040 [INFO] EPISODE 184, LOSS 28.00596046447754
"2023-04-24 12:43:08,072 [INFO] LOSS FUNCTION PLOTTED at ./fig/0424_1241PMloss.png
"2023-04-24 12:43:08,733 [INFO] EPISODE 185, LOSS 20.106679916381836
"2023-04-24 12:43:08,815 [INFO] LOSS FUNCTION PLOTTED at ./fig/0424_1241PMloss.png
"2023-04-24 12:43:09,485 [INFO] EPISODE 186, LOSS 9.611504554748535
"2023-04-24 12:43:09,516 [INFO] LOSS FUNCTION PLOTTED at ./fig/0424_1241PMloss.png
"2023-04-24 12:43:10,276 [INFO] EPISODE 187, LOSS 26.415342330932617
"2023-04-24 12:43:10,307 [INFO] LOSS FUNCTION PLOTTED at ./fig/0424_1241PMloss.png
"2023-04-24 12:43:11,045 [INFO] EPISODE 188, LOSS 36.09194564819336
"2023-04-24 12:43:11,077 [INFO] LOSS FUNCTION PLOTTED at ./fig/0424_1241PMloss.png
"2023-04-24 12:43:11,980 [INFO] EPISODE 189, LOSS 11.651544570922852
"2023-04-24 12:43:12,012 [INFO] LOSS FUNCTION PLOTTED at ./fig/0424_1241PMloss.png
"2023-04-24 12:43:12,637 [INFO] EPISODE 190, LOSS 35.9969596862793
"2023-04-24 12:43:12,668 [INFO] LOSS FUNCTION PLOTTED at ./fig/0424_1241PMloss.png
"2023-04-24 12:43:13,367 [INFO] EPISODE 191, LOSS 29.524517059326172
"2023-04-24 12:43:13,398 [INFO] LOSS FUNCTION PLOTTED at ./fig/0424_1241PMloss.png
"2023-04-24 12:43:14,075 [INFO] EPISODE 192, LOSS 16.566787719726562
"2023-04-24 12:43:14,108 [INFO] LOSS FUNCTION PLOTTED at ./fig/0424_1241PMloss.png
"2023-04-24 12:43:14,783 [INFO] EPISODE 193, LOSS 19.366870880126953
"2023-04-24 12:43:14,815 [INFO] LOSS FUNCTION PLOTTED at ./fig/0424_1241PMloss.png
"2023-04-24 12:43:15,456 [INFO] EPISODE 194, LOSS 19.78618812561035
"2023-04-24 12:43:15,488 [INFO] LOSS FUNCTION PLOTTED at ./fig/0424_1241PMloss.png
"2023-04-24 12:43:16,118 [INFO] EPISODE 195, LOSS 21.089481353759766
"2023-04-24 12:43:16,150 [INFO] LOSS FUNCTION PLOTTED at ./fig/0424_1241PMloss.png
"2023-04-24 12:43:16,780 [INFO] EPISODE 196, LOSS 27.947290420532227
"2023-04-24 12:43:16,812 [INFO] LOSS FUNCTION PLOTTED at ./fig/0424_1241PMloss.png
"2023-04-24 12:43:17,497 [INFO] EPISODE 197, LOSS 33.734344482421875
"2023-04-24 12:43:17,529 [INFO] LOSS FUNCTION PLOTTED at ./fig/0424_1241PMloss.png
"2023-04-24 12:43:18,157 [INFO] EPISODE 198, LOSS 21.109962463378906
"2023-04-24 12:43:18,188 [INFO] LOSS FUNCTION PLOTTED at ./fig/0424_1241PMloss.png
"2023-04-24 12:43:18,828 [INFO] EPISODE 199, LOSS 15.541242599487305
"2023-04-24 12:43:18,860 [INFO] LOSS FUNCTION PLOTTED at ./fig/0424_1241PMloss.png
"2023-04-24 12:43:19,485 [INFO] EPISODE 200, LOSS 5.72275972366333
"2023-04-24 12:43:19,517 [INFO] LOSS FUNCTION PLOTTED at ./fig/0424_1241PMloss.png
"2023-04-24 12:43:20,208 [INFO] EPISODE 201, LOSS 23.953622817993164
"2023-04-24 12:43:20,240 [INFO] LOSS FUNCTION PLOTTED at ./fig/0424_1241PMloss.png
"2023-04-24 12:43:20,865 [INFO] EPISODE 202, LOSS 13.48341178894043
"2023-04-24 12:43:20,895 [INFO] LOSS FUNCTION PLOTTED at ./fig/0424_1241PMloss.png
"2023-04-24 12:43:21,524 [INFO] EPISODE 203, LOSS 23.46795082092285
"2023-04-24 12:43:21,555 [INFO] LOSS FUNCTION PLOTTED at ./fig/0424_1241PMloss.png
"2023-04-24 12:43:22,191 [INFO] EPISODE 204, LOSS 17.859874725341797
"2023-04-24 12:43:22,271 [INFO] LOSS FUNCTION PLOTTED at ./fig/0424_1241PMloss.png
"2023-04-24 12:43:23,050 [INFO] EPISODE 205, LOSS 33.98207473754883
"2023-04-24 12:43:23,079 [INFO] LOSS FUNCTION PLOTTED at ./fig/0424_1241PMloss.png
"2023-04-24 12:43:23,769 [INFO] EPISODE 206, LOSS 19.548452377319336
"2023-04-24 12:43:23,799 [INFO] LOSS FUNCTION PLOTTED at ./fig/0424_1241PMloss.png
"2023-04-24 12:43:24,430 [INFO] EPISODE 207, LOSS 25.717708587646484
"2023-04-24 12:43:24,459 [INFO] LOSS FUNCTION PLOTTED at ./fig/0424_1241PMloss.png
"2023-04-24 12:43:25,083 [INFO] EPISODE 208, LOSS 25.817371368408203
"2023-04-24 12:43:25,112 [INFO] LOSS FUNCTION PLOTTED at ./fig/0424_1241PMloss.png
"2023-04-24 12:43:25,770 [INFO] EPISODE 209, LOSS 22.4580078125
"2023-04-24 12:43:25,800 [INFO] LOSS FUNCTION PLOTTED at ./fig/0424_1241PMloss.png
"2023-04-24 12:43:26,431 [INFO] EPISODE 210, LOSS 22.955249786376953
"2023-04-24 12:43:26,460 [INFO] LOSS FUNCTION PLOTTED at ./fig/0424_1241PMloss.png
"2023-04-24 12:43:27,085 [INFO] EPISODE 211, LOSS 15.395415306091309
"2023-04-24 12:43:27,114 [INFO] LOSS FUNCTION PLOTTED at ./fig/0424_1241PMloss.png
"2023-04-24 12:43:27,732 [INFO] EPISODE 212, LOSS 22.955747604370117
"2023-04-24 12:43:27,761 [INFO] LOSS FUNCTION PLOTTED at ./fig/0424_1241PMloss.png
"2023-04-24 12:43:28,406 [INFO] EPISODE 213, LOSS 3.836341381072998
"2023-04-24 12:43:28,436 [INFO] LOSS FUNCTION PLOTTED at ./fig/0424_1241PMloss.png
"2023-04-24 12:43:29,059 [INFO] EPISODE 214, LOSS 16.336217880249023
"2023-04-24 12:43:29,088 [INFO] LOSS FUNCTION PLOTTED at ./fig/0424_1241PMloss.png
"2023-04-24 12:43:29,783 [INFO] EPISODE 215, LOSS 35.97969055175781
"2023-04-24 12:43:29,813 [INFO] LOSS FUNCTION PLOTTED at ./fig/0424_1241PMloss.png
"2023-04-24 12:43:30,410 [INFO] EPISODE 216, LOSS 27.259361267089844
"2023-04-24 12:43:30,440 [INFO] LOSS FUNCTION PLOTTED at ./fig/0424_1241PMloss.png
"2023-04-24 12:43:31,001 [INFO] EPISODE 217, LOSS 21.797245025634766
"2023-04-24 12:43:31,030 [INFO] LOSS FUNCTION PLOTTED at ./fig/0424_1241PMloss.png
"2023-04-24 12:43:31,589 [INFO] EPISODE 218, LOSS 26.609182357788086
"2023-04-24 12:43:31,618 [INFO] LOSS FUNCTION PLOTTED at ./fig/0424_1241PMloss.png
"2023-04-24 12:43:32,184 [INFO] EPISODE 219, LOSS 29.410411834716797
"2023-04-24 12:43:32,214 [INFO] LOSS FUNCTION PLOTTED at ./fig/0424_1241PMloss.png
"2023-04-24 12:43:32,774 [INFO] EPISODE 220, LOSS 29.591718673706055
"2023-04-24 12:43:32,802 [INFO] LOSS FUNCTION PLOTTED at ./fig/0424_1241PMloss.png
"2023-04-24 12:43:33,444 [INFO] EPISODE 221, LOSS 18.1566104888916
"2023-04-24 12:43:33,474 [INFO] LOSS FUNCTION PLOTTED at ./fig/0424_1241PMloss.png
"2023-04-24 12:43:34,042 [INFO] EPISODE 222, LOSS 18.11233139038086
"2023-04-24 12:43:34,072 [INFO] LOSS FUNCTION PLOTTED at ./fig/0424_1241PMloss.png
"2023-04-24 12:43:34,629 [INFO] EPISODE 223, LOSS 14.778017044067383
"2023-04-24 12:43:34,658 [INFO] LOSS FUNCTION PLOTTED at ./fig/0424_1241PMloss.png
"2023-04-24 12:43:35,217 [INFO] EPISODE 224, LOSS 30.77823257446289
"2023-04-24 12:43:35,246 [INFO] LOSS FUNCTION PLOTTED at ./fig/0424_1241PMloss.png
"2023-04-24 12:43:35,819 [INFO] EPISODE 225, LOSS 17.369321823120117
"2023-04-24 12:43:35,895 [INFO] LOSS FUNCTION PLOTTED at ./fig/0424_1241PMloss.png
"2023-04-24 12:43:36,628 [INFO] EPISODE 226, LOSS 16.74433708190918
"2023-04-24 12:43:36,657 [INFO] LOSS FUNCTION PLOTTED at ./fig/0424_1241PMloss.png
"2023-04-24 12:43:37,229 [INFO] EPISODE 227, LOSS 38.40495300292969
"2023-04-24 12:43:37,258 [INFO] LOSS FUNCTION PLOTTED at ./fig/0424_1241PMloss.png
"2023-04-24 12:43:37,863 [INFO] EPISODE 228, LOSS 24.84404182434082
"2023-04-24 12:43:37,893 [INFO] LOSS FUNCTION PLOTTED at ./fig/0424_1241PMloss.png
"2023-04-24 12:43:38,497 [INFO] EPISODE 229, LOSS 25.433691024780273
"2023-04-24 12:43:38,525 [INFO] LOSS FUNCTION PLOTTED at ./fig/0424_1241PMloss.png
"2023-04-24 12:43:39,080 [INFO] EPISODE 230, LOSS 19.316364288330078
"2023-04-24 12:43:39,110 [INFO] LOSS FUNCTION PLOTTED at ./fig/0424_1241PMloss.png
"2023-04-24 12:43:39,718 [INFO] EPISODE 231, LOSS 23.637725830078125
"2023-04-24 12:43:39,747 [INFO] LOSS FUNCTION PLOTTED at ./fig/0424_1241PMloss.png
"2023-04-24 12:43:40,308 [INFO] EPISODE 232, LOSS 36.48446273803711
"2023-04-24 12:43:40,337 [INFO] LOSS FUNCTION PLOTTED at ./fig/0424_1241PMloss.png
"2023-04-24 12:43:40,979 [INFO] EPISODE 233, LOSS 19.575611114501953
"2023-04-24 12:43:41,009 [INFO] LOSS FUNCTION PLOTTED at ./fig/0424_1241PMloss.png
"2023-04-24 12:43:41,628 [INFO] EPISODE 234, LOSS 25.604328155517578
"2023-04-24 12:43:41,657 [INFO] LOSS FUNCTION PLOTTED at ./fig/0424_1241PMloss.png
"2023-04-24 12:43:42,214 [INFO] EPISODE 235, LOSS 28.670934677124023
"2023-04-24 12:43:42,243 [INFO] LOSS FUNCTION PLOTTED at ./fig/0424_1241PMloss.png
"2023-04-24 12:43:42,869 [INFO] EPISODE 236, LOSS 23.340442657470703
"2023-04-24 12:43:42,898 [INFO] LOSS FUNCTION PLOTTED at ./fig/0424_1241PMloss.png
"2023-04-24 12:43:43,489 [INFO] EPISODE 237, LOSS 18.97898292541504
"2023-04-24 12:43:43,519 [INFO] LOSS FUNCTION PLOTTED at ./fig/0424_1241PMloss.png
"2023-04-24 12:43:44,249 [INFO] EPISODE 238, LOSS 34.47710418701172
"2023-04-24 12:43:44,279 [INFO] LOSS FUNCTION PLOTTED at ./fig/0424_1241PMloss.png
"2023-04-24 12:43:44,985 [INFO] EPISODE 239, LOSS 8.005948066711426
"2023-04-24 12:43:45,016 [INFO] LOSS FUNCTION PLOTTED at ./fig/0424_1241PMloss.png
"2023-04-24 12:43:45,614 [INFO] EPISODE 240, LOSS 18.476207733154297
"2023-04-24 12:43:45,645 [INFO] LOSS FUNCTION PLOTTED at ./fig/0424_1241PMloss.png
"2023-04-24 12:43:46,275 [INFO] EPISODE 241, LOSS 36.35549545288086
"2023-04-24 12:43:46,305 [INFO] LOSS FUNCTION PLOTTED at ./fig/0424_1241PMloss.png
"2023-04-24 12:43:46,927 [INFO] EPISODE 242, LOSS 21.167726516723633
"2023-04-24 12:43:46,958 [INFO] LOSS FUNCTION PLOTTED at ./fig/0424_1241PMloss.png
"2023-04-24 12:43:47,518 [INFO] EPISODE 243, LOSS 23.229570388793945
"2023-04-24 12:43:47,549 [INFO] LOSS FUNCTION PLOTTED at ./fig/0424_1241PMloss.png
"2023-04-24 12:43:48,190 [INFO] EPISODE 244, LOSS 6.754255294799805
"2023-04-24 12:43:48,220 [INFO] LOSS FUNCTION PLOTTED at ./fig/0424_1241PMloss.png
"2023-04-24 12:43:48,773 [INFO] EPISODE 245, LOSS 21.282766342163086
"2023-04-24 12:43:48,804 [INFO] LOSS FUNCTION PLOTTED at ./fig/0424_1241PMloss.png
"2023-04-24 12:43:49,421 [INFO] EPISODE 246, LOSS 24.88794708251953
"2023-04-24 12:43:49,451 [INFO] LOSS FUNCTION PLOTTED at ./fig/0424_1241PMloss.png
"2023-04-24 12:43:50,066 [INFO] EPISODE 247, LOSS 22.517343521118164
"2023-04-24 12:43:50,096 [INFO] LOSS FUNCTION PLOTTED at ./fig/0424_1241PMloss.png
"2023-04-24 12:43:50,657 [INFO] EPISODE 248, LOSS 24.346132278442383
"2023-04-24 12:43:50,739 [INFO] LOSS FUNCTION PLOTTED at ./fig/0424_1241PMloss.png
"2023-04-24 12:43:51,307 [INFO] EPISODE 249, LOSS 16.896007537841797
"2023-04-24 12:43:51,338 [INFO] LOSS FUNCTION PLOTTED at ./fig/0424_1241PMloss.png
"2023-04-24 12:43:52,009 [INFO] EPISODE 250, LOSS 12.330894470214844
"2023-04-24 12:43:52,041 [INFO] LOSS FUNCTION PLOTTED at ./fig/0424_1241PMloss.png
"2023-04-24 12:43:52,817 [INFO] EPISODE 251, LOSS 12.330122947692871
"2023-04-24 12:43:52,850 [INFO] LOSS FUNCTION PLOTTED at ./fig/0424_1241PMloss.png
"2023-04-24 12:43:53,565 [INFO] EPISODE 252, LOSS 26.317380905151367
"2023-04-24 12:43:53,596 [INFO] LOSS FUNCTION PLOTTED at ./fig/0424_1241PMloss.png
"2023-04-24 12:43:54,300 [INFO] EPISODE 253, LOSS 10.056537628173828
"2023-04-24 12:43:54,330 [INFO] LOSS FUNCTION PLOTTED at ./fig/0424_1241PMloss.png
"2023-04-24 12:43:54,937 [INFO] EPISODE 254, LOSS 21.848651885986328
"2023-04-24 12:43:54,968 [INFO] LOSS FUNCTION PLOTTED at ./fig/0424_1241PMloss.png
"2023-04-24 12:43:55,653 [INFO] EPISODE 255, LOSS 16.28635025024414
"2023-04-24 12:43:55,683 [INFO] LOSS FUNCTION PLOTTED at ./fig/0424_1241PMloss.png
"2023-04-24 12:43:56,400 [INFO] EPISODE 256, LOSS 12.165719985961914
"2023-04-24 12:43:56,431 [INFO] LOSS FUNCTION PLOTTED at ./fig/0424_1241PMloss.png
"2023-04-24 12:43:57,069 [INFO] EPISODE 257, LOSS 17.41541862487793
"2023-04-24 12:43:57,100 [INFO] LOSS FUNCTION PLOTTED at ./fig/0424_1241PMloss.png
"2023-04-24 12:43:57,782 [INFO] EPISODE 258, LOSS 16.247488021850586
"2023-04-24 12:43:57,813 [INFO] LOSS FUNCTION PLOTTED at ./fig/0424_1241PMloss.png
"2023-04-24 12:43:58,418 [INFO] EPISODE 259, LOSS 25.91293716430664
"2023-04-24 12:43:58,448 [INFO] LOSS FUNCTION PLOTTED at ./fig/0424_1241PMloss.png
"2023-04-24 12:43:59,094 [INFO] EPISODE 260, LOSS 22.304630279541016
"2023-04-24 12:43:59,125 [INFO] LOSS FUNCTION PLOTTED at ./fig/0424_1241PMloss.png
"2023-04-24 12:43:59,777 [INFO] EPISODE 261, LOSS 22.343582153320312
"2023-04-24 12:43:59,807 [INFO] LOSS FUNCTION PLOTTED at ./fig/0424_1241PMloss.png
"2023-04-24 12:44:00,428 [INFO] EPISODE 262, LOSS 14.8667573928833
"2023-04-24 12:44:00,458 [INFO] LOSS FUNCTION PLOTTED at ./fig/0424_1241PMloss.png
"2023-04-24 12:44:01,105 [INFO] EPISODE 263, LOSS 20.499418258666992
"2023-04-24 12:44:01,135 [INFO] LOSS FUNCTION PLOTTED at ./fig/0424_1241PMloss.png
"2023-04-24 12:44:01,800 [INFO] EPISODE 264, LOSS 29.5849609375
"2023-04-24 12:44:01,831 [INFO] LOSS FUNCTION PLOTTED at ./fig/0424_1241PMloss.png
"2023-04-24 12:44:02,461 [INFO] EPISODE 265, LOSS 19.580991744995117
"2023-04-24 12:44:02,491 [INFO] LOSS FUNCTION PLOTTED at ./fig/0424_1241PMloss.png
"2023-04-24 12:44:03,195 [INFO] EPISODE 266, LOSS 18.685056686401367
"2023-04-24 12:44:03,226 [INFO] LOSS FUNCTION PLOTTED at ./fig/0424_1241PMloss.png
"2023-04-24 12:44:03,930 [INFO] EPISODE 267, LOSS 21.708072662353516
"2023-04-24 12:44:03,961 [INFO] LOSS FUNCTION PLOTTED at ./fig/0424_1241PMloss.png
"2023-04-24 12:44:04,564 [INFO] EPISODE 268, LOSS 19.490745544433594
"2023-04-24 12:44:04,593 [INFO] LOSS FUNCTION PLOTTED at ./fig/0424_1241PMloss.png
"2023-04-24 12:44:05,292 [INFO] EPISODE 269, LOSS 27.146860122680664
"2023-04-24 12:44:05,322 [INFO] LOSS FUNCTION PLOTTED at ./fig/0424_1241PMloss.png
"2023-04-24 12:44:05,984 [INFO] EPISODE 270, LOSS 25.678930282592773
"2023-04-24 12:44:06,014 [INFO] LOSS FUNCTION PLOTTED at ./fig/0424_1241PMloss.png
"2023-04-24 12:44:06,638 [INFO] EPISODE 271, LOSS 22.833492279052734
"2023-04-24 12:44:06,719 [INFO] LOSS FUNCTION PLOTTED at ./fig/0424_1241PMloss.png
"2023-04-24 12:44:07,460 [INFO] EPISODE 272, LOSS 22.08608627319336
"2023-04-24 12:44:07,492 [INFO] LOSS FUNCTION PLOTTED at ./fig/0424_1241PMloss.png
"2023-04-24 12:44:08,129 [INFO] EPISODE 273, LOSS 31.08805274963379
"2023-04-24 12:44:08,159 [INFO] LOSS FUNCTION PLOTTED at ./fig/0424_1241PMloss.png
"2023-04-24 12:44:08,763 [INFO] EPISODE 274, LOSS 22.37678337097168
"2023-04-24 12:44:08,793 [INFO] LOSS FUNCTION PLOTTED at ./fig/0424_1241PMloss.png
"2023-04-24 12:44:09,434 [INFO] EPISODE 275, LOSS 32.26374816894531
"2023-04-24 12:44:09,465 [INFO] LOSS FUNCTION PLOTTED at ./fig/0424_1241PMloss.png
"2023-04-24 12:44:10,001 [INFO] EPISODE 276, LOSS 21.095855712890625
"2023-04-24 12:44:10,031 [INFO] LOSS FUNCTION PLOTTED at ./fig/0424_1241PMloss.png
"2023-04-24 12:44:10,570 [INFO] EPISODE 277, LOSS 19.042020797729492
"2023-04-24 12:44:10,599 [INFO] LOSS FUNCTION PLOTTED at ./fig/0424_1241PMloss.png
"2023-04-24 12:44:11,130 [INFO] EPISODE 278, LOSS 23.97913932800293
"2023-04-24 12:44:11,159 [INFO] LOSS FUNCTION PLOTTED at ./fig/0424_1241PMloss.png
"2023-04-24 12:44:11,692 [INFO] EPISODE 279, LOSS 22.123573303222656
"2023-04-24 12:44:11,722 [INFO] LOSS FUNCTION PLOTTED at ./fig/0424_1241PMloss.png
"2023-04-24 12:44:12,257 [INFO] EPISODE 280, LOSS 19.92143440246582
"2023-04-24 12:44:12,286 [INFO] LOSS FUNCTION PLOTTED at ./fig/0424_1241PMloss.png
"2023-04-24 12:44:12,818 [INFO] EPISODE 281, LOSS 7.346128463745117
"2023-04-24 12:44:12,847 [INFO] LOSS FUNCTION PLOTTED at ./fig/0424_1241PMloss.png
"2023-04-24 12:44:13,381 [INFO] EPISODE 282, LOSS 12.483084678649902
"2023-04-24 12:44:13,411 [INFO] LOSS FUNCTION PLOTTED at ./fig/0424_1241PMloss.png
"2023-04-24 12:44:13,949 [INFO] EPISODE 283, LOSS 19.017480850219727
"2023-04-24 12:44:13,978 [INFO] LOSS FUNCTION PLOTTED at ./fig/0424_1241PMloss.png
"2023-04-24 12:44:14,510 [INFO] EPISODE 284, LOSS 18.420310974121094
"2023-04-24 12:44:14,540 [INFO] LOSS FUNCTION PLOTTED at ./fig/0424_1241PMloss.png
"2023-04-24 12:44:15,043 [INFO] EPISODE 285, LOSS 14.74785041809082
"2023-04-24 12:44:15,073 [INFO] LOSS FUNCTION PLOTTED at ./fig/0424_1241PMloss.png
"2023-04-24 12:44:15,581 [INFO] EPISODE 286, LOSS 16.323219299316406
"2023-04-24 12:44:15,611 [INFO] LOSS FUNCTION PLOTTED at ./fig/0424_1241PMloss.png
"2023-04-24 12:44:16,142 [INFO] EPISODE 287, LOSS 25.70258331298828
"2023-04-24 12:44:16,172 [INFO] LOSS FUNCTION PLOTTED at ./fig/0424_1241PMloss.png
"2023-04-24 12:44:16,723 [INFO] EPISODE 288, LOSS 15.979019165039062
"2023-04-24 12:44:16,754 [INFO] LOSS FUNCTION PLOTTED at ./fig/0424_1241PMloss.png
"2023-04-24 12:44:17,303 [INFO] EPISODE 289, LOSS 37.23396301269531
"2023-04-24 12:44:17,333 [INFO] LOSS FUNCTION PLOTTED at ./fig/0424_1241PMloss.png
"2023-04-24 12:44:17,880 [INFO] EPISODE 290, LOSS 34.00886154174805
"2023-04-24 12:44:17,911 [INFO] LOSS FUNCTION PLOTTED at ./fig/0424_1241PMloss.png
"2023-04-24 12:44:18,448 [INFO] EPISODE 291, LOSS 26.7348575592041
"2023-04-24 12:44:18,479 [INFO] LOSS FUNCTION PLOTTED at ./fig/0424_1241PMloss.png
"2023-04-24 12:44:19,026 [INFO] EPISODE 292, LOSS 23.17611312866211
"2023-04-24 12:44:19,100 [INFO] LOSS FUNCTION PLOTTED at ./fig/0424_1241PMloss.png
"2023-04-24 12:44:19,646 [INFO] EPISODE 293, LOSS 24.30339241027832
"2023-04-24 12:44:19,676 [INFO] LOSS FUNCTION PLOTTED at ./fig/0424_1241PMloss.png
"2023-04-24 12:44:20,212 [INFO] EPISODE 294, LOSS 28.431188583374023
"2023-04-24 12:44:20,242 [INFO] LOSS FUNCTION PLOTTED at ./fig/0424_1241PMloss.png
"2023-04-24 12:44:20,841 [INFO] EPISODE 295, LOSS 24.67155647277832
"2023-04-24 12:44:20,871 [INFO] LOSS FUNCTION PLOTTED at ./fig/0424_1241PMloss.png
"2023-04-24 12:44:21,410 [INFO] EPISODE 296, LOSS 20.487506866455078
"2023-04-24 12:44:21,441 [INFO] LOSS FUNCTION PLOTTED at ./fig/0424_1241PMloss.png
"2023-04-24 12:44:21,975 [INFO] EPISODE 297, LOSS 26.273067474365234
"2023-04-24 12:44:22,006 [INFO] LOSS FUNCTION PLOTTED at ./fig/0424_1241PMloss.png
"2023-04-24 12:44:22,546 [INFO] EPISODE 298, LOSS 13.566692352294922
"2023-04-24 12:44:22,577 [INFO] LOSS FUNCTION PLOTTED at ./fig/0424_1241PMloss.png
"2023-04-24 12:44:23,110 [INFO] EPISODE 299, LOSS 20.00798988342285
"2023-04-24 12:44:23,141 [INFO] LOSS FUNCTION PLOTTED at ./fig/0424_1241PMloss.png
"2023-04-24 12:44:23,677 [INFO] EPISODE 300, LOSS 24.604812622070312
"2023-04-24 12:44:23,707 [INFO] LOSS FUNCTION PLOTTED at ./fig/0424_1241PMloss.png
"2023-04-24 12:44:24,252 [INFO] EPISODE 301, LOSS 12.225775718688965
"2023-04-24 12:44:24,282 [INFO] LOSS FUNCTION PLOTTED at ./fig/0424_1241PMloss.png
"2023-04-24 12:44:24,822 [INFO] EPISODE 302, LOSS 28.175355911254883
"2023-04-24 12:44:24,852 [INFO] LOSS FUNCTION PLOTTED at ./fig/0424_1241PMloss.png
"2023-04-24 12:44:25,393 [INFO] EPISODE 303, LOSS 26.459552764892578
"2023-04-24 12:44:25,423 [INFO] LOSS FUNCTION PLOTTED at ./fig/0424_1241PMloss.png
"2023-04-24 12:44:25,956 [INFO] EPISODE 304, LOSS 21.749258041381836
"2023-04-24 12:44:25,986 [INFO] LOSS FUNCTION PLOTTED at ./fig/0424_1241PMloss.png
"2023-04-24 12:44:26,525 [INFO] EPISODE 305, LOSS 32.264503479003906
"2023-04-24 12:44:26,555 [INFO] LOSS FUNCTION PLOTTED at ./fig/0424_1241PMloss.png
"2023-04-24 12:44:27,104 [INFO] EPISODE 306, LOSS 18.276174545288086
"2023-04-24 12:44:27,134 [INFO] LOSS FUNCTION PLOTTED at ./fig/0424_1241PMloss.png
"2023-04-24 12:44:27,672 [INFO] EPISODE 307, LOSS 19.003585815429688
"2023-04-24 12:44:27,702 [INFO] LOSS FUNCTION PLOTTED at ./fig/0424_1241PMloss.png
"2023-04-24 12:44:28,240 [INFO] EPISODE 308, LOSS 19.977487564086914
"2023-04-24 12:44:28,270 [INFO] LOSS FUNCTION PLOTTED at ./fig/0424_1241PMloss.png
"2023-04-24 12:44:28,804 [INFO] EPISODE 309, LOSS 24.030349731445312
"2023-04-24 12:44:28,834 [INFO] LOSS FUNCTION PLOTTED at ./fig/0424_1241PMloss.png
"2023-04-24 12:44:29,371 [INFO] EPISODE 310, LOSS 29.29883575439453
"2023-04-24 12:44:29,401 [INFO] LOSS FUNCTION PLOTTED at ./fig/0424_1241PMloss.png
"2023-04-24 12:44:29,954 [INFO] EPISODE 311, LOSS 24.414356231689453
"2023-04-24 12:44:29,984 [INFO] LOSS FUNCTION PLOTTED at ./fig/0424_1241PMloss.png
"2023-04-24 12:44:30,525 [INFO] EPISODE 312, LOSS 27.158117294311523
"2023-04-24 12:44:30,555 [INFO] LOSS FUNCTION PLOTTED at ./fig/0424_1241PMloss.png
"2023-04-24 12:44:31,088 [INFO] EPISODE 313, LOSS 33.58913040161133
"2023-04-24 12:44:31,161 [INFO] LOSS FUNCTION PLOTTED at ./fig/0424_1241PMloss.png
"2023-04-24 12:44:31,700 [INFO] EPISODE 314, LOSS 34.443355560302734
"2023-04-24 12:44:31,731 [INFO] LOSS FUNCTION PLOTTED at ./fig/0424_1241PMloss.png
"2023-04-24 12:44:32,270 [INFO] EPISODE 315, LOSS 21.74526596069336
"2023-04-24 12:44:32,301 [INFO] LOSS FUNCTION PLOTTED at ./fig/0424_1241PMloss.png
"2023-04-24 12:44:32,834 [INFO] EPISODE 316, LOSS 3.4699456691741943
"2023-04-24 12:44:32,864 [INFO] LOSS FUNCTION PLOTTED at ./fig/0424_1241PMloss.png
"2023-04-24 12:44:33,406 [INFO] EPISODE 317, LOSS 23.778301239013672
"2023-04-24 12:44:33,436 [INFO] LOSS FUNCTION PLOTTED at ./fig/0424_1241PMloss.png
"2023-04-24 12:44:33,976 [INFO] EPISODE 318, LOSS 22.01580810546875
"2023-04-24 12:44:34,006 [INFO] LOSS FUNCTION PLOTTED at ./fig/0424_1241PMloss.png
"2023-04-24 12:44:34,603 [INFO] EPISODE 319, LOSS 26.643423080444336
"2023-04-24 12:44:34,633 [INFO] LOSS FUNCTION PLOTTED at ./fig/0424_1241PMloss.png
"2023-04-24 12:44:35,195 [INFO] EPISODE 320, LOSS 2.866093635559082
"2023-04-24 12:44:35,225 [INFO] LOSS FUNCTION PLOTTED at ./fig/0424_1241PMloss.png
"2023-04-24 12:44:35,761 [INFO] EPISODE 321, LOSS 19.124216079711914
"2023-04-24 12:44:35,797 [INFO] LOSS FUNCTION PLOTTED at ./fig/0424_1241PMloss.png
"2023-04-24 12:44:36,333 [INFO] EPISODE 322, LOSS 40.70386505126953
"2023-04-24 12:44:36,364 [INFO] LOSS FUNCTION PLOTTED at ./fig/0424_1241PMloss.png
"2023-04-24 12:44:36,900 [INFO] EPISODE 323, LOSS 31.760766983032227
"2023-04-24 12:44:36,930 [INFO] LOSS FUNCTION PLOTTED at ./fig/0424_1241PMloss.png
"2023-04-24 12:44:37,467 [INFO] EPISODE 324, LOSS 19.49692726135254
"2023-04-24 12:44:37,497 [INFO] LOSS FUNCTION PLOTTED at ./fig/0424_1241PMloss.png
"2023-04-24 12:44:38,048 [INFO] EPISODE 325, LOSS 22.52479362487793
"2023-04-24 12:44:38,079 [INFO] LOSS FUNCTION PLOTTED at ./fig/0424_1241PMloss.png
"2023-04-24 12:44:38,611 [INFO] EPISODE 326, LOSS 20.93731689453125
"2023-04-24 12:44:38,641 [INFO] LOSS FUNCTION PLOTTED at ./fig/0424_1241PMloss.png
"2023-04-24 12:44:39,178 [INFO] EPISODE 327, LOSS 26.755451202392578
"2023-04-24 12:44:39,208 [INFO] LOSS FUNCTION PLOTTED at ./fig/0424_1241PMloss.png
"2023-04-24 12:44:39,747 [INFO] EPISODE 328, LOSS 21.52113914489746
"2023-04-24 12:44:39,777 [INFO] LOSS FUNCTION PLOTTED at ./fig/0424_1241PMloss.png
"2023-04-24 12:44:40,310 [INFO] EPISODE 329, LOSS 23.087085723876953
"2023-04-24 12:44:40,340 [INFO] LOSS FUNCTION PLOTTED at ./fig/0424_1241PMloss.png
"2023-04-24 12:44:40,883 [INFO] EPISODE 330, LOSS 21.9321346282959
"2023-04-24 12:44:40,913 [INFO] LOSS FUNCTION PLOTTED at ./fig/0424_1241PMloss.png
"2023-04-24 12:44:41,447 [INFO] EPISODE 331, LOSS 21.489912033081055
"2023-04-24 12:44:41,477 [INFO] LOSS FUNCTION PLOTTED at ./fig/0424_1241PMloss.png
"2023-04-24 12:44:42,011 [INFO] EPISODE 332, LOSS 16.82929039001465
"2023-04-24 12:44:42,041 [INFO] LOSS FUNCTION PLOTTED at ./fig/0424_1241PMloss.png
"2023-04-24 12:44:42,579 [INFO] EPISODE 333, LOSS 22.831527709960938
"2023-04-24 12:44:42,609 [INFO] LOSS FUNCTION PLOTTED at ./fig/0424_1241PMloss.png
"2023-04-24 12:44:43,152 [INFO] EPISODE 334, LOSS 19.787715911865234
"2023-04-24 12:44:43,184 [INFO] LOSS FUNCTION PLOTTED at ./fig/0424_1241PMloss.png
"2023-04-24 12:44:43,723 [INFO] EPISODE 335, LOSS 20.4528751373291
"2023-04-24 12:44:43,801 [INFO] LOSS FUNCTION PLOTTED at ./fig/0424_1241PMloss.png
"2023-04-24 12:44:44,346 [INFO] EPISODE 336, LOSS 20.794921875
"2023-04-24 12:44:44,377 [INFO] LOSS FUNCTION PLOTTED at ./fig/0424_1241PMloss.png
"2023-04-24 12:44:44,920 [INFO] EPISODE 337, LOSS 16.093826293945312
"2023-04-24 12:44:44,950 [INFO] LOSS FUNCTION PLOTTED at ./fig/0424_1241PMloss.png
"2023-04-24 12:44:45,547 [INFO] EPISODE 338, LOSS 30.671205520629883
"2023-04-24 12:44:45,578 [INFO] LOSS FUNCTION PLOTTED at ./fig/0424_1241PMloss.png
"2023-04-24 12:44:46,117 [INFO] EPISODE 339, LOSS 18.890804290771484
"2023-04-24 12:44:46,147 [INFO] LOSS FUNCTION PLOTTED at ./fig/0424_1241PMloss.png
"2023-04-24 12:44:46,682 [INFO] EPISODE 340, LOSS 16.486459732055664
"2023-04-24 12:44:46,712 [INFO] LOSS FUNCTION PLOTTED at ./fig/0424_1241PMloss.png
"2023-04-24 12:44:47,312 [INFO] EPISODE 341, LOSS 24.824665069580078
"2023-04-24 12:44:47,342 [INFO] LOSS FUNCTION PLOTTED at ./fig/0424_1241PMloss.png
"2023-04-24 12:44:47,887 [INFO] EPISODE 342, LOSS 21.647573471069336
"2023-04-24 12:44:47,918 [INFO] LOSS FUNCTION PLOTTED at ./fig/0424_1241PMloss.png
"2023-04-24 12:44:48,463 [INFO] EPISODE 343, LOSS 22.47602081298828
"2023-04-24 12:44:48,494 [INFO] LOSS FUNCTION PLOTTED at ./fig/0424_1241PMloss.png
"2023-04-24 12:44:49,028 [INFO] EPISODE 344, LOSS 5.805418014526367
"2023-04-24 12:44:49,058 [INFO] LOSS FUNCTION PLOTTED at ./fig/0424_1241PMloss.png
"2023-04-24 12:44:49,602 [INFO] EPISODE 345, LOSS 24.056640625
"2023-04-24 12:44:49,633 [INFO] LOSS FUNCTION PLOTTED at ./fig/0424_1241PMloss.png
"2023-04-24 12:44:50,169 [INFO] EPISODE 346, LOSS 26.937074661254883
"2023-04-24 12:44:50,199 [INFO] LOSS FUNCTION PLOTTED at ./fig/0424_1241PMloss.png
"2023-04-24 12:44:50,735 [INFO] EPISODE 347, LOSS 29.060646057128906
"2023-04-24 12:44:50,765 [INFO] LOSS FUNCTION PLOTTED at ./fig/0424_1241PMloss.png
"2023-04-24 12:44:51,300 [INFO] EPISODE 348, LOSS 13.163535118103027
"2023-04-24 12:44:51,335 [INFO] LOSS FUNCTION PLOTTED at ./fig/0424_1241PMloss.png
"2023-04-24 12:44:51,880 [INFO] EPISODE 349, LOSS 4.218864917755127
"2023-04-24 12:44:51,910 [INFO] LOSS FUNCTION PLOTTED at ./fig/0424_1241PMloss.png
"2023-04-24 12:44:52,448 [INFO] EPISODE 350, LOSS 15.802736282348633
"2023-04-24 12:44:52,478 [INFO] LOSS FUNCTION PLOTTED at ./fig/0424_1241PMloss.png
"2023-04-24 12:44:53,012 [INFO] EPISODE 351, LOSS 19.276731491088867
"2023-04-24 12:44:53,043 [INFO] LOSS FUNCTION PLOTTED at ./fig/0424_1241PMloss.png
"2023-04-24 12:44:53,562 [INFO] EPISODE 352, LOSS 32.856929779052734
"2023-04-24 12:44:53,593 [INFO] LOSS FUNCTION PLOTTED at ./fig/0424_1241PMloss.png
"2023-04-24 12:44:54,122 [INFO] EPISODE 353, LOSS 18.879901885986328
"2023-04-24 12:44:54,153 [INFO] LOSS FUNCTION PLOTTED at ./fig/0424_1241PMloss.png
"2023-04-24 12:44:54,758 [INFO] EPISODE 354, LOSS 19.509258270263672
"2023-04-24 12:44:54,789 [INFO] LOSS FUNCTION PLOTTED at ./fig/0424_1241PMloss.png
"2023-04-24 12:44:55,320 [INFO] EPISODE 355, LOSS 24.007116317749023
"2023-04-24 12:44:55,351 [INFO] LOSS FUNCTION PLOTTED at ./fig/0424_1241PMloss.png
"2023-04-24 12:44:55,889 [INFO] EPISODE 356, LOSS 13.475881576538086
"2023-04-24 12:44:55,967 [INFO] LOSS FUNCTION PLOTTED at ./fig/0424_1241PMloss.png
"2023-04-24 12:44:56,481 [INFO] EPISODE 357, LOSS 20.23117446899414
"2023-04-24 12:44:56,512 [INFO] LOSS FUNCTION PLOTTED at ./fig/0424_1241PMloss.png
"2023-04-24 12:44:57,051 [INFO] EPISODE 358, LOSS 19.107059478759766
"2023-04-24 12:44:57,082 [INFO] LOSS FUNCTION PLOTTED at ./fig/0424_1241PMloss.png
"2023-04-24 12:44:57,619 [INFO] EPISODE 359, LOSS 6.302751541137695
"2023-04-24 12:44:57,651 [INFO] LOSS FUNCTION PLOTTED at ./fig/0424_1241PMloss.png
"2023-04-24 12:44:58,244 [INFO] EPISODE 360, LOSS 23.499740600585938
"2023-04-24 12:44:58,275 [INFO] LOSS FUNCTION PLOTTED at ./fig/0424_1241PMloss.png
"2023-04-24 12:44:58,806 [INFO] EPISODE 361, LOSS 10.36141300201416
"2023-04-24 12:44:58,836 [INFO] LOSS FUNCTION PLOTTED at ./fig/0424_1241PMloss.png
"2023-04-24 12:44:59,377 [INFO] EPISODE 362, LOSS 14.603795051574707
"2023-04-24 12:44:59,408 [INFO] LOSS FUNCTION PLOTTED at ./fig/0424_1241PMloss.png
"2023-04-24 12:44:59,942 [INFO] EPISODE 363, LOSS 17.148990631103516
"2023-04-24 12:44:59,973 [INFO] LOSS FUNCTION PLOTTED at ./fig/0424_1241PMloss.png
"2023-04-24 12:45:00,530 [INFO] EPISODE 364, LOSS 6.303951263427734
"2023-04-24 12:45:00,561 [INFO] LOSS FUNCTION PLOTTED at ./fig/0424_1241PMloss.png
"2023-04-24 12:45:01,094 [INFO] EPISODE 365, LOSS 23.49999237060547
"2023-04-24 12:45:01,125 [INFO] LOSS FUNCTION PLOTTED at ./fig/0424_1241PMloss.png
"2023-04-24 12:45:01,889 [INFO] EPISODE 366, LOSS 16.561676025390625
"2023-04-24 12:45:01,920 [INFO] LOSS FUNCTION PLOTTED at ./fig/0424_1241PMloss.png
"2023-04-24 12:45:02,529 [INFO] EPISODE 367, LOSS 16.11432647705078
"2023-04-24 12:45:02,559 [INFO] LOSS FUNCTION PLOTTED at ./fig/0424_1241PMloss.png
"2023-04-24 12:45:03,096 [INFO] EPISODE 368, LOSS 16.78801727294922
"2023-04-24 12:45:03,126 [INFO] LOSS FUNCTION PLOTTED at ./fig/0424_1241PMloss.png
"2023-04-24 12:45:03,726 [INFO] EPISODE 369, LOSS 14.411698341369629
"2023-04-24 12:45:03,756 [INFO] LOSS FUNCTION PLOTTED at ./fig/0424_1241PMloss.png
"2023-04-24 12:45:04,403 [INFO] EPISODE 370, LOSS 20.489877700805664
"2023-04-24 12:45:04,433 [INFO] LOSS FUNCTION PLOTTED at ./fig/0424_1241PMloss.png
"2023-04-24 12:45:05,010 [INFO] EPISODE 371, LOSS 16.356552124023438
"2023-04-24 12:45:05,040 [INFO] LOSS FUNCTION PLOTTED at ./fig/0424_1241PMloss.png
"2023-04-24 12:45:05,577 [INFO] EPISODE 372, LOSS 19.2384090423584
"2023-04-24 12:45:05,607 [INFO] LOSS FUNCTION PLOTTED at ./fig/0424_1241PMloss.png
"2023-04-24 12:45:06,134 [INFO] EPISODE 373, LOSS 8.316960334777832
"2023-04-24 12:45:06,164 [INFO] LOSS FUNCTION PLOTTED at ./fig/0424_1241PMloss.png
"2023-04-24 12:45:06,791 [INFO] EPISODE 374, LOSS 25.040021896362305
"2023-04-24 12:45:06,821 [INFO] LOSS FUNCTION PLOTTED at ./fig/0424_1241PMloss.png
"2023-04-24 12:45:07,347 [INFO] EPISODE 375, LOSS 20.062753677368164
"2023-04-24 12:45:07,377 [INFO] LOSS FUNCTION PLOTTED at ./fig/0424_1241PMloss.png
"2023-04-24 12:45:07,968 [INFO] EPISODE 376, LOSS 6.72739315032959
"2023-04-24 12:45:07,999 [INFO] LOSS FUNCTION PLOTTED at ./fig/0424_1241PMloss.png
"2023-04-24 12:45:08,533 [INFO] EPISODE 377, LOSS 30.869243621826172
"2023-04-24 12:45:08,610 [INFO] LOSS FUNCTION PLOTTED at ./fig/0424_1241PMloss.png
"2023-04-24 12:45:09,195 [INFO] EPISODE 378, LOSS 16.333477020263672
"2023-04-24 12:45:09,227 [INFO] LOSS FUNCTION PLOTTED at ./fig/0424_1241PMloss.png
"2023-04-24 12:45:09,819 [INFO] EPISODE 379, LOSS 32.570396423339844
"2023-04-24 12:45:09,850 [INFO] LOSS FUNCTION PLOTTED at ./fig/0424_1241PMloss.png
"2023-04-24 12:45:10,377 [INFO] EPISODE 380, LOSS 24.370424270629883
"2023-04-24 12:45:10,409 [INFO] LOSS FUNCTION PLOTTED at ./fig/0424_1241PMloss.png
"2023-04-24 12:45:11,044 [INFO] EPISODE 381, LOSS 31.46554946899414
"2023-04-24 12:45:11,076 [INFO] LOSS FUNCTION PLOTTED at ./fig/0424_1241PMloss.png
"2023-04-24 12:45:11,622 [INFO] EPISODE 382, LOSS 18.63237762451172
"2023-04-24 12:45:11,654 [INFO] LOSS FUNCTION PLOTTED at ./fig/0424_1241PMloss.png
"2023-04-24 12:45:12,302 [INFO] EPISODE 383, LOSS 27.90471839904785
"2023-04-24 12:45:12,334 [INFO] LOSS FUNCTION PLOTTED at ./fig/0424_1241PMloss.png
"2023-04-24 12:45:12,982 [INFO] EPISODE 384, LOSS 9.216729164123535
"2023-04-24 12:45:13,014 [INFO] LOSS FUNCTION PLOTTED at ./fig/0424_1241PMloss.png
"2023-04-24 12:45:13,546 [INFO] EPISODE 385, LOSS 24.532299041748047
"2023-04-24 12:45:13,578 [INFO] LOSS FUNCTION PLOTTED at ./fig/0424_1241PMloss.png
"2023-04-24 12:45:14,175 [INFO] EPISODE 386, LOSS 34.33723449707031
"2023-04-24 12:45:14,207 [INFO] LOSS FUNCTION PLOTTED at ./fig/0424_1241PMloss.png
"2023-04-24 12:45:14,744 [INFO] EPISODE 387, LOSS 26.731416702270508
"2023-04-24 12:45:14,775 [INFO] LOSS FUNCTION PLOTTED at ./fig/0424_1241PMloss.png
"2023-04-24 12:45:15,370 [INFO] EPISODE 388, LOSS 6.9908318519592285
"2023-04-24 12:45:15,401 [INFO] LOSS FUNCTION PLOTTED at ./fig/0424_1241PMloss.png
"2023-04-24 12:45:15,989 [INFO] EPISODE 389, LOSS 20.667638778686523
"2023-04-24 12:45:16,021 [INFO] LOSS FUNCTION PLOTTED at ./fig/0424_1241PMloss.png
"2023-04-24 12:45:16,560 [INFO] EPISODE 390, LOSS 19.05103302001953
"2023-04-24 12:45:16,592 [INFO] LOSS FUNCTION PLOTTED at ./fig/0424_1241PMloss.png
"2023-04-24 12:45:17,204 [INFO] EPISODE 391, LOSS 22.04392433166504
"2023-04-24 12:45:17,236 [INFO] LOSS FUNCTION PLOTTED at ./fig/0424_1241PMloss.png
"2023-04-24 12:45:17,897 [INFO] EPISODE 392, LOSS 20.642642974853516
"2023-04-24 12:45:17,928 [INFO] LOSS FUNCTION PLOTTED at ./fig/0424_1241PMloss.png
"2023-04-24 12:45:18,516 [INFO] EPISODE 393, LOSS 22.88865089416504
"2023-04-24 12:45:18,548 [INFO] LOSS FUNCTION PLOTTED at ./fig/0424_1241PMloss.png
"2023-04-24 12:45:19,383 [INFO] EPISODE 394, LOSS 23.928422927856445
"2023-04-24 12:45:19,416 [INFO] LOSS FUNCTION PLOTTED at ./fig/0424_1241PMloss.png
"2023-04-24 12:45:19,845 [INFO] train finished. 
final loss: 1.2565304040908813
