"2023-04-24 12:22:07,285 [INFO] Reporter Initialized!
"2023-04-24 12:22:07,285 [INFO] Reporter LEVEL: info
"2023-04-24 12:22:07,352 [INFO] Loaded csv data is 0421_0641PM0
"2023-04-24 12:22:08,065 [INFO] Device(cuda) is working for train
"2023-04-24 12:22:08,065 [INFO] Train Started
"2023-04-24 12:22:08,455 [INFO] Saved non-trained network
"2023-04-24 12:22:08,455 [INFO] [INFO] EPISODE 0, LOSS 69.82917022705078
"2023-04-24 12:22:08,615 [INFO] [INFO] LOSS FUNCTION PLOTTED at ./fig/0424_1222PMloss.png
"2023-04-24 12:22:09,150 [INFO] [INFO] EPISODE 1, LOSS 46.94847869873047
"2023-04-24 12:22:09,178 [INFO] [INFO] LOSS FUNCTION PLOTTED at ./fig/0424_1222PMloss.png
"2023-04-24 12:22:09,704 [INFO] [INFO] EPISODE 2, LOSS 37.93329620361328
"2023-04-24 12:22:09,735 [INFO] [INFO] LOSS FUNCTION PLOTTED at ./fig/0424_1222PMloss.png
"2023-04-24 12:22:10,312 [INFO] [INFO] EPISODE 3, LOSS 42.275970458984375
"2023-04-24 12:22:10,344 [INFO] [INFO] LOSS FUNCTION PLOTTED at ./fig/0424_1222PMloss.png
"2023-04-24 12:22:11,007 [INFO] [INFO] EPISODE 4, LOSS 57.648956298828125
"2023-04-24 12:22:11,039 [INFO] [INFO] LOSS FUNCTION PLOTTED at ./fig/0424_1222PMloss.png
"2023-04-24 12:22:11,703 [INFO] [INFO] EPISODE 5, LOSS 63.18461227416992
"2023-04-24 12:22:11,772 [INFO] [INFO] LOSS FUNCTION PLOTTED at ./fig/0424_1222PMloss.png
"2023-04-24 12:22:12,303 [INFO] [INFO] EPISODE 6, LOSS 28.503326416015625
"2023-04-24 12:22:12,331 [INFO] [INFO] LOSS FUNCTION PLOTTED at ./fig/0424_1222PMloss.png
"2023-04-24 12:22:12,905 [INFO] [INFO] EPISODE 7, LOSS 29.57025909423828
"2023-04-24 12:22:12,934 [INFO] [INFO] LOSS FUNCTION PLOTTED at ./fig/0424_1222PMloss.png
"2023-04-24 12:22:13,475 [INFO] [INFO] EPISODE 8, LOSS 29.93163299560547
"2023-04-24 12:22:13,505 [INFO] [INFO] LOSS FUNCTION PLOTTED at ./fig/0424_1222PMloss.png
"2023-04-24 12:22:14,091 [INFO] [INFO] EPISODE 9, LOSS 28.674489974975586
"2023-04-24 12:22:14,120 [INFO] [INFO] LOSS FUNCTION PLOTTED at ./fig/0424_1222PMloss.png
"2023-04-24 12:22:14,649 [INFO] [INFO] EPISODE 10, LOSS 32.90961837768555
"2023-04-24 12:22:14,678 [INFO] [INFO] LOSS FUNCTION PLOTTED at ./fig/0424_1222PMloss.png
"2023-04-24 12:22:15,210 [INFO] [INFO] EPISODE 11, LOSS 28.822147369384766
"2023-04-24 12:22:15,237 [INFO] [INFO] LOSS FUNCTION PLOTTED at ./fig/0424_1222PMloss.png
"2023-04-24 12:22:15,766 [INFO] [INFO] EPISODE 12, LOSS 32.83998107910156
"2023-04-24 12:22:15,794 [INFO] [INFO] LOSS FUNCTION PLOTTED at ./fig/0424_1222PMloss.png
"2023-04-24 12:22:16,322 [INFO] [INFO] EPISODE 13, LOSS 28.777915954589844
"2023-04-24 12:22:16,351 [INFO] [INFO] LOSS FUNCTION PLOTTED at ./fig/0424_1222PMloss.png
"2023-04-24 12:22:16,874 [INFO] [INFO] EPISODE 14, LOSS 32.100555419921875
"2023-04-24 12:22:16,903 [INFO] [INFO] LOSS FUNCTION PLOTTED at ./fig/0424_1222PMloss.png
"2023-04-24 12:22:17,428 [INFO] [INFO] EPISODE 15, LOSS 26.31300163269043
"2023-04-24 12:22:17,457 [INFO] [INFO] LOSS FUNCTION PLOTTED at ./fig/0424_1222PMloss.png
"2023-04-24 12:22:17,979 [INFO] [INFO] EPISODE 16, LOSS 33.26131820678711
"2023-04-24 12:22:18,009 [INFO] [INFO] LOSS FUNCTION PLOTTED at ./fig/0424_1222PMloss.png
"2023-04-24 12:22:18,531 [INFO] [INFO] EPISODE 17, LOSS 30.496212005615234
"2023-04-24 12:22:18,560 [INFO] [INFO] LOSS FUNCTION PLOTTED at ./fig/0424_1222PMloss.png
"2023-04-24 12:22:19,084 [INFO] [INFO] EPISODE 18, LOSS 27.236465454101562
"2023-04-24 12:22:19,113 [INFO] [INFO] LOSS FUNCTION PLOTTED at ./fig/0424_1222PMloss.png
"2023-04-24 12:22:19,641 [INFO] [INFO] EPISODE 19, LOSS 18.292133331298828
"2023-04-24 12:22:19,671 [INFO] [INFO] LOSS FUNCTION PLOTTED at ./fig/0424_1222PMloss.png
"2023-04-24 12:22:20,195 [INFO] [INFO] EPISODE 20, LOSS 18.96953582763672
"2023-04-24 12:22:20,226 [INFO] [INFO] LOSS FUNCTION PLOTTED at ./fig/0424_1222PMloss.png
"2023-04-24 12:22:20,749 [INFO] [INFO] EPISODE 21, LOSS 7.771032333374023
"2023-04-24 12:22:20,777 [INFO] [INFO] LOSS FUNCTION PLOTTED at ./fig/0424_1222PMloss.png
"2023-04-24 12:22:21,301 [INFO] [INFO] EPISODE 22, LOSS 20.21263885498047
"2023-04-24 12:22:21,329 [INFO] [INFO] LOSS FUNCTION PLOTTED at ./fig/0424_1222PMloss.png
"2023-04-24 12:22:21,863 [INFO] [INFO] EPISODE 23, LOSS 16.49106788635254
"2023-04-24 12:22:21,892 [INFO] [INFO] LOSS FUNCTION PLOTTED at ./fig/0424_1222PMloss.png
"2023-04-24 12:22:22,415 [INFO] [INFO] EPISODE 24, LOSS 23.56386947631836
"2023-04-24 12:22:22,444 [INFO] [INFO] LOSS FUNCTION PLOTTED at ./fig/0424_1222PMloss.png
"2023-04-24 12:22:22,970 [INFO] [INFO] EPISODE 25, LOSS 14.896591186523438
"2023-04-24 12:22:23,044 [INFO] [INFO] LOSS FUNCTION PLOTTED at ./fig/0424_1222PMloss.png
"2023-04-24 12:22:23,578 [INFO] [INFO] EPISODE 26, LOSS 22.819913864135742
"2023-04-24 12:22:23,607 [INFO] [INFO] LOSS FUNCTION PLOTTED at ./fig/0424_1222PMloss.png
"2023-04-24 12:22:24,293 [INFO] [INFO] EPISODE 27, LOSS 19.870534896850586
"2023-04-24 12:22:24,323 [INFO] [INFO] LOSS FUNCTION PLOTTED at ./fig/0424_1222PMloss.png
"2023-04-24 12:22:24,935 [INFO] [INFO] EPISODE 28, LOSS 31.932941436767578
"2023-04-24 12:22:24,965 [INFO] [INFO] LOSS FUNCTION PLOTTED at ./fig/0424_1222PMloss.png
"2023-04-24 12:22:25,601 [INFO] [INFO] EPISODE 29, LOSS 29.470937728881836
"2023-04-24 12:22:25,632 [INFO] [INFO] LOSS FUNCTION PLOTTED at ./fig/0424_1222PMloss.png
"2023-04-24 12:22:26,187 [INFO] [INFO] EPISODE 30, LOSS 28.036746978759766
"2023-04-24 12:22:26,216 [INFO] [INFO] LOSS FUNCTION PLOTTED at ./fig/0424_1222PMloss.png
"2023-04-24 12:22:26,841 [INFO] [INFO] EPISODE 31, LOSS 17.17530632019043
"2023-04-24 12:22:26,872 [INFO] [INFO] LOSS FUNCTION PLOTTED at ./fig/0424_1222PMloss.png
"2023-04-24 12:22:27,455 [INFO] [INFO] EPISODE 32, LOSS 14.235578536987305
"2023-04-24 12:22:27,486 [INFO] [INFO] LOSS FUNCTION PLOTTED at ./fig/0424_1222PMloss.png
"2023-04-24 12:22:28,182 [INFO] [INFO] EPISODE 33, LOSS 17.983028411865234
"2023-04-24 12:22:28,212 [INFO] [INFO] LOSS FUNCTION PLOTTED at ./fig/0424_1222PMloss.png
"2023-04-24 12:22:28,859 [INFO] [INFO] EPISODE 34, LOSS 23.906824111938477
"2023-04-24 12:22:28,890 [INFO] [INFO] LOSS FUNCTION PLOTTED at ./fig/0424_1222PMloss.png
"2023-04-24 12:22:29,505 [INFO] [INFO] EPISODE 35, LOSS 19.07814598083496
"2023-04-24 12:22:29,536 [INFO] [INFO] LOSS FUNCTION PLOTTED at ./fig/0424_1222PMloss.png
"2023-04-24 12:22:30,082 [INFO] [INFO] EPISODE 36, LOSS 6.592195510864258
"2023-04-24 12:22:30,113 [INFO] [INFO] LOSS FUNCTION PLOTTED at ./fig/0424_1222PMloss.png
"2023-04-24 12:22:30,733 [INFO] [INFO] EPISODE 37, LOSS 37.98766326904297
"2023-04-24 12:22:30,765 [INFO] [INFO] LOSS FUNCTION PLOTTED at ./fig/0424_1222PMloss.png
"2023-04-24 12:22:31,470 [INFO] [INFO] EPISODE 38, LOSS 27.317283630371094
"2023-04-24 12:22:31,502 [INFO] [INFO] LOSS FUNCTION PLOTTED at ./fig/0424_1222PMloss.png
"2023-04-24 12:22:32,105 [INFO] [INFO] EPISODE 39, LOSS 39.175296783447266
"2023-04-24 12:22:32,137 [INFO] [INFO] LOSS FUNCTION PLOTTED at ./fig/0424_1222PMloss.png
"2023-04-24 12:22:32,701 [INFO] [INFO] EPISODE 40, LOSS 18.9385986328125
"2023-04-24 12:22:32,733 [INFO] [INFO] LOSS FUNCTION PLOTTED at ./fig/0424_1222PMloss.png
"2023-04-24 12:22:33,286 [INFO] [INFO] EPISODE 41, LOSS 25.625595092773438
"2023-04-24 12:22:33,316 [INFO] [INFO] LOSS FUNCTION PLOTTED at ./fig/0424_1222PMloss.png
"2023-04-24 12:22:33,865 [INFO] [INFO] EPISODE 42, LOSS 19.69709587097168
"2023-04-24 12:22:33,894 [INFO] [INFO] LOSS FUNCTION PLOTTED at ./fig/0424_1222PMloss.png
"2023-04-24 12:22:34,438 [INFO] [INFO] EPISODE 43, LOSS 21.342844009399414
"2023-04-24 12:22:34,467 [INFO] [INFO] LOSS FUNCTION PLOTTED at ./fig/0424_1222PMloss.png
"2023-04-24 12:22:35,062 [INFO] [INFO] EPISODE 44, LOSS 30.93659782409668
"2023-04-24 12:22:35,138 [INFO] [INFO] LOSS FUNCTION PLOTTED at ./fig/0424_1222PMloss.png
"2023-04-24 12:22:35,712 [INFO] [INFO] EPISODE 45, LOSS 13.461959838867188
"2023-04-24 12:22:35,742 [INFO] [INFO] LOSS FUNCTION PLOTTED at ./fig/0424_1222PMloss.png
"2023-04-24 12:22:36,398 [INFO] [INFO] EPISODE 46, LOSS 27.723194122314453
"2023-04-24 12:22:36,427 [INFO] [INFO] LOSS FUNCTION PLOTTED at ./fig/0424_1222PMloss.png
"2023-04-24 12:22:37,198 [INFO] [INFO] EPISODE 47, LOSS 25.3404483795166
"2023-04-24 12:22:37,227 [INFO] [INFO] LOSS FUNCTION PLOTTED at ./fig/0424_1222PMloss.png
"2023-04-24 12:22:37,800 [INFO] [INFO] EPISODE 48, LOSS 35.34832763671875
"2023-04-24 12:22:37,830 [INFO] [INFO] LOSS FUNCTION PLOTTED at ./fig/0424_1222PMloss.png
"2023-04-24 12:22:38,488 [INFO] [INFO] EPISODE 49, LOSS 21.62417221069336
"2023-04-24 12:22:38,519 [INFO] [INFO] LOSS FUNCTION PLOTTED at ./fig/0424_1222PMloss.png
"2023-04-24 12:22:39,059 [INFO] [INFO] EPISODE 50, LOSS 22.550561904907227
"2023-04-24 12:22:39,090 [INFO] [INFO] LOSS FUNCTION PLOTTED at ./fig/0424_1222PMloss.png
"2023-04-24 12:22:39,618 [INFO] [INFO] EPISODE 51, LOSS 11.651759147644043
"2023-04-24 12:22:39,649 [INFO] [INFO] LOSS FUNCTION PLOTTED at ./fig/0424_1222PMloss.png
"2023-04-24 12:22:40,172 [INFO] [INFO] EPISODE 52, LOSS 4.265038967132568
"2023-04-24 12:22:40,203 [INFO] [INFO] LOSS FUNCTION PLOTTED at ./fig/0424_1222PMloss.png
"2023-04-24 12:22:40,720 [INFO] [INFO] EPISODE 53, LOSS 19.204143524169922
"2023-04-24 12:22:40,751 [INFO] [INFO] LOSS FUNCTION PLOTTED at ./fig/0424_1222PMloss.png
"2023-04-24 12:22:41,293 [INFO] [INFO] EPISODE 54, LOSS 27.04709243774414
"2023-04-24 12:22:41,324 [INFO] [INFO] LOSS FUNCTION PLOTTED at ./fig/0424_1222PMloss.png
"2023-04-24 12:22:41,846 [INFO] [INFO] EPISODE 55, LOSS 21.492443084716797
"2023-04-24 12:22:41,877 [INFO] [INFO] LOSS FUNCTION PLOTTED at ./fig/0424_1222PMloss.png
"2023-04-24 12:22:42,461 [INFO] [INFO] EPISODE 56, LOSS 24.95524024963379
"2023-04-24 12:22:42,492 [INFO] [INFO] LOSS FUNCTION PLOTTED at ./fig/0424_1222PMloss.png
"2023-04-24 12:22:43,018 [INFO] [INFO] EPISODE 57, LOSS 15.564589500427246
"2023-04-24 12:22:43,049 [INFO] [INFO] LOSS FUNCTION PLOTTED at ./fig/0424_1222PMloss.png
"2023-04-24 12:22:43,677 [INFO] [INFO] EPISODE 58, LOSS 34.82039260864258
"2023-04-24 12:22:43,708 [INFO] [INFO] LOSS FUNCTION PLOTTED at ./fig/0424_1222PMloss.png
"2023-04-24 12:22:44,302 [INFO] [INFO] EPISODE 59, LOSS 21.913007736206055
"2023-04-24 12:22:44,333 [INFO] [INFO] LOSS FUNCTION PLOTTED at ./fig/0424_1222PMloss.png
"2023-04-24 12:22:44,904 [INFO] [INFO] EPISODE 60, LOSS 23.71741485595703
"2023-04-24 12:22:44,936 [INFO] [INFO] LOSS FUNCTION PLOTTED at ./fig/0424_1222PMloss.png
"2023-04-24 12:22:45,561 [INFO] [INFO] EPISODE 61, LOSS 27.976110458374023
"2023-04-24 12:22:45,593 [INFO] [INFO] LOSS FUNCTION PLOTTED at ./fig/0424_1222PMloss.png
"2023-04-24 12:22:46,146 [INFO] [INFO] EPISODE 62, LOSS 30.80500030517578
"2023-04-24 12:22:46,177 [INFO] [INFO] LOSS FUNCTION PLOTTED at ./fig/0424_1222PMloss.png
"2023-04-24 12:22:46,787 [INFO] [INFO] EPISODE 63, LOSS 15.213813781738281
"2023-04-24 12:22:46,867 [INFO] [INFO] LOSS FUNCTION PLOTTED at ./fig/0424_1222PMloss.png
"2023-04-24 12:22:47,459 [INFO] [INFO] EPISODE 64, LOSS 3.597531318664551
"2023-04-24 12:22:47,491 [INFO] [INFO] LOSS FUNCTION PLOTTED at ./fig/0424_1222PMloss.png
"2023-04-24 12:22:48,070 [INFO] [INFO] EPISODE 65, LOSS 5.866244792938232
"2023-04-24 12:22:48,102 [INFO] [INFO] LOSS FUNCTION PLOTTED at ./fig/0424_1222PMloss.png
"2023-04-24 12:22:48,853 [INFO] [INFO] EPISODE 66, LOSS 24.127307891845703
"2023-04-24 12:22:48,887 [INFO] [INFO] LOSS FUNCTION PLOTTED at ./fig/0424_1222PMloss.png
"2023-04-24 12:22:49,495 [INFO] [INFO] EPISODE 67, LOSS 24.589866638183594
"2023-04-24 12:22:49,528 [INFO] [INFO] LOSS FUNCTION PLOTTED at ./fig/0424_1222PMloss.png
"2023-04-24 12:22:50,122 [INFO] [INFO] EPISODE 68, LOSS 21.10017967224121
"2023-04-24 12:22:50,154 [INFO] [INFO] LOSS FUNCTION PLOTTED at ./fig/0424_1222PMloss.png
"2023-04-24 12:22:50,808 [INFO] [INFO] EPISODE 69, LOSS 18.942045211791992
"2023-04-24 12:22:50,841 [INFO] [INFO] LOSS FUNCTION PLOTTED at ./fig/0424_1222PMloss.png
"2023-04-24 12:22:51,401 [INFO] [INFO] EPISODE 70, LOSS 22.312026977539062
"2023-04-24 12:22:51,433 [INFO] [INFO] LOSS FUNCTION PLOTTED at ./fig/0424_1222PMloss.png
"2023-04-24 12:22:52,015 [INFO] [INFO] EPISODE 71, LOSS 32.101043701171875
"2023-04-24 12:22:52,047 [INFO] [INFO] LOSS FUNCTION PLOTTED at ./fig/0424_1222PMloss.png
"2023-04-24 12:22:52,582 [INFO] [INFO] EPISODE 72, LOSS 17.36009407043457
"2023-04-24 12:22:52,614 [INFO] [INFO] LOSS FUNCTION PLOTTED at ./fig/0424_1222PMloss.png
"2023-04-24 12:22:53,207 [INFO] [INFO] EPISODE 73, LOSS 22.566091537475586
"2023-04-24 12:22:53,240 [INFO] [INFO] LOSS FUNCTION PLOTTED at ./fig/0424_1222PMloss.png
"2023-04-24 12:22:53,918 [INFO] [INFO] EPISODE 74, LOSS 31.603443145751953
"2023-04-24 12:22:53,950 [INFO] [INFO] LOSS FUNCTION PLOTTED at ./fig/0424_1222PMloss.png
"2023-04-24 12:22:54,556 [INFO] [INFO] EPISODE 75, LOSS 28.75758171081543
"2023-04-24 12:22:54,589 [INFO] [INFO] LOSS FUNCTION PLOTTED at ./fig/0424_1222PMloss.png
"2023-04-24 12:22:55,229 [INFO] [INFO] EPISODE 76, LOSS 16.74461555480957
"2023-04-24 12:22:55,262 [INFO] [INFO] LOSS FUNCTION PLOTTED at ./fig/0424_1222PMloss.png
"2023-04-24 12:22:56,087 [INFO] [INFO] EPISODE 77, LOSS 28.08616065979004
"2023-04-24 12:22:56,120 [INFO] [INFO] LOSS FUNCTION PLOTTED at ./fig/0424_1222PMloss.png
"2023-04-24 12:22:56,867 [INFO] [INFO] EPISODE 78, LOSS 23.743776321411133
"2023-04-24 12:22:56,901 [INFO] [INFO] LOSS FUNCTION PLOTTED at ./fig/0424_1222PMloss.png
"2023-04-24 12:22:57,738 [INFO] [INFO] EPISODE 79, LOSS 15.709336280822754
"2023-04-24 12:22:57,772 [INFO] [INFO] LOSS FUNCTION PLOTTED at ./fig/0424_1222PMloss.png
"2023-04-24 12:22:58,489 [INFO] [INFO] EPISODE 80, LOSS 23.914306640625
"2023-04-24 12:22:58,571 [INFO] [INFO] LOSS FUNCTION PLOTTED at ./fig/0424_1222PMloss.png
"2023-04-24 12:22:59,146 [INFO] [INFO] EPISODE 81, LOSS 21.022056579589844
"2023-04-24 12:22:59,179 [INFO] [INFO] LOSS FUNCTION PLOTTED at ./fig/0424_1222PMloss.png
"2023-04-24 12:22:59,753 [INFO] [INFO] EPISODE 82, LOSS 37.27507781982422
"2023-04-24 12:22:59,784 [INFO] [INFO] LOSS FUNCTION PLOTTED at ./fig/0424_1222PMloss.png
"2023-04-24 12:23:00,359 [INFO] [INFO] EPISODE 83, LOSS 14.444927215576172
"2023-04-24 12:23:00,391 [INFO] [INFO] LOSS FUNCTION PLOTTED at ./fig/0424_1222PMloss.png
"2023-04-24 12:23:00,980 [INFO] [INFO] EPISODE 84, LOSS 15.796601295471191
"2023-04-24 12:23:01,011 [INFO] [INFO] LOSS FUNCTION PLOTTED at ./fig/0424_1222PMloss.png
"2023-04-24 12:23:01,638 [INFO] [INFO] EPISODE 85, LOSS 28.366933822631836
"2023-04-24 12:23:01,669 [INFO] [INFO] LOSS FUNCTION PLOTTED at ./fig/0424_1222PMloss.png
"2023-04-24 12:23:02,243 [INFO] [INFO] EPISODE 86, LOSS 22.856204986572266
"2023-04-24 12:23:02,275 [INFO] [INFO] LOSS FUNCTION PLOTTED at ./fig/0424_1222PMloss.png
"2023-04-24 12:23:02,853 [INFO] [INFO] EPISODE 87, LOSS 29.263154983520508
"2023-04-24 12:23:02,884 [INFO] [INFO] LOSS FUNCTION PLOTTED at ./fig/0424_1222PMloss.png
"2023-04-24 12:23:03,459 [INFO] [INFO] EPISODE 88, LOSS 21.80779457092285
"2023-04-24 12:23:03,490 [INFO] [INFO] LOSS FUNCTION PLOTTED at ./fig/0424_1222PMloss.png
"2023-04-24 12:23:04,069 [INFO] [INFO] EPISODE 89, LOSS 24.91324806213379
"2023-04-24 12:23:04,101 [INFO] [INFO] LOSS FUNCTION PLOTTED at ./fig/0424_1222PMloss.png
"2023-04-24 12:23:04,729 [INFO] [INFO] EPISODE 90, LOSS 25.101131439208984
"2023-04-24 12:23:04,761 [INFO] [INFO] LOSS FUNCTION PLOTTED at ./fig/0424_1222PMloss.png
"2023-04-24 12:23:05,419 [INFO] [INFO] EPISODE 91, LOSS 14.660484313964844
"2023-04-24 12:23:05,450 [INFO] [INFO] LOSS FUNCTION PLOTTED at ./fig/0424_1222PMloss.png
"2023-04-24 12:23:06,100 [INFO] [INFO] EPISODE 92, LOSS 35.378265380859375
"2023-04-24 12:23:06,131 [INFO] [INFO] LOSS FUNCTION PLOTTED at ./fig/0424_1222PMloss.png
"2023-04-24 12:23:06,908 [INFO] [INFO] EPISODE 93, LOSS 15.625212669372559
"2023-04-24 12:23:06,939 [INFO] [INFO] LOSS FUNCTION PLOTTED at ./fig/0424_1222PMloss.png
"2023-04-24 12:23:07,683 [INFO] [INFO] EPISODE 94, LOSS 33.96763229370117
"2023-04-24 12:23:07,715 [INFO] [INFO] LOSS FUNCTION PLOTTED at ./fig/0424_1222PMloss.png
"2023-04-24 12:23:08,358 [INFO] [INFO] EPISODE 95, LOSS 35.04152297973633
"2023-04-24 12:23:08,388 [INFO] [INFO] LOSS FUNCTION PLOTTED at ./fig/0424_1222PMloss.png
"2023-04-24 12:23:08,896 [INFO] [INFO] EPISODE 96, LOSS 19.511770248413086
"2023-04-24 12:23:08,927 [INFO] [INFO] LOSS FUNCTION PLOTTED at ./fig/0424_1222PMloss.png
"2023-04-24 12:23:09,465 [INFO] [INFO] EPISODE 97, LOSS 23.54289436340332
"2023-04-24 12:23:09,496 [INFO] [INFO] LOSS FUNCTION PLOTTED at ./fig/0424_1222PMloss.png
"2023-04-24 12:23:10,148 [INFO] [INFO] EPISODE 98, LOSS 19.385883331298828
"2023-04-24 12:23:10,179 [INFO] [INFO] LOSS FUNCTION PLOTTED at ./fig/0424_1222PMloss.png
"2023-04-24 12:23:10,926 [INFO] [INFO] EPISODE 99, LOSS 16.671770095825195
"2023-04-24 12:23:10,956 [INFO] [INFO] LOSS FUNCTION PLOTTED at ./fig/0424_1222PMloss.png
"2023-04-24 12:23:11,555 [INFO] [INFO] EPISODE 100, LOSS 23.404035568237305
"2023-04-24 12:23:11,585 [INFO] [INFO] LOSS FUNCTION PLOTTED at ./fig/0424_1222PMloss.png
"2023-04-24 12:23:12,176 [INFO] [INFO] EPISODE 101, LOSS 30.396499633789062
"2023-04-24 12:23:12,207 [INFO] [INFO] LOSS FUNCTION PLOTTED at ./fig/0424_1222PMloss.png
"2023-04-24 12:23:12,732 [INFO] [INFO] EPISODE 102, LOSS 29.15201759338379
"2023-04-24 12:23:12,811 [INFO] [INFO] LOSS FUNCTION PLOTTED at ./fig/0424_1222PMloss.png
"2023-04-24 12:23:13,319 [INFO] [INFO] EPISODE 103, LOSS 33.77247619628906
"2023-04-24 12:23:13,350 [INFO] [INFO] LOSS FUNCTION PLOTTED at ./fig/0424_1222PMloss.png
"2023-04-24 12:23:13,913 [INFO] [INFO] EPISODE 104, LOSS 36.97173309326172
"2023-04-24 12:23:13,944 [INFO] [INFO] LOSS FUNCTION PLOTTED at ./fig/0424_1222PMloss.png
"2023-04-24 12:23:14,457 [INFO] [INFO] EPISODE 105, LOSS 22.74184226989746
"2023-04-24 12:23:14,488 [INFO] [INFO] LOSS FUNCTION PLOTTED at ./fig/0424_1222PMloss.png
"2023-04-24 12:23:15,116 [INFO] [INFO] EPISODE 106, LOSS 28.194679260253906
"2023-04-24 12:23:15,147 [INFO] [INFO] LOSS FUNCTION PLOTTED at ./fig/0424_1222PMloss.png
"2023-04-24 12:23:15,795 [INFO] [INFO] EPISODE 107, LOSS 33.08851623535156
"2023-04-24 12:23:15,826 [INFO] [INFO] LOSS FUNCTION PLOTTED at ./fig/0424_1222PMloss.png
"2023-04-24 12:23:16,395 [INFO] [INFO] EPISODE 108, LOSS 8.611039161682129
"2023-04-24 12:23:16,426 [INFO] [INFO] LOSS FUNCTION PLOTTED at ./fig/0424_1222PMloss.png
"2023-04-24 12:23:16,931 [INFO] [INFO] EPISODE 109, LOSS 23.83936882019043
"2023-04-24 12:23:16,961 [INFO] [INFO] LOSS FUNCTION PLOTTED at ./fig/0424_1222PMloss.png
"2023-04-24 12:23:17,573 [INFO] [INFO] EPISODE 110, LOSS 26.854223251342773
"2023-04-24 12:23:17,604 [INFO] [INFO] LOSS FUNCTION PLOTTED at ./fig/0424_1222PMloss.png
"2023-04-24 12:23:18,229 [INFO] [INFO] EPISODE 111, LOSS 35.10704040527344
"2023-04-24 12:23:18,260 [INFO] [INFO] LOSS FUNCTION PLOTTED at ./fig/0424_1222PMloss.png
"2023-04-24 12:23:18,782 [INFO] [INFO] EPISODE 112, LOSS 32.6259765625
"2023-04-24 12:23:18,814 [INFO] [INFO] LOSS FUNCTION PLOTTED at ./fig/0424_1222PMloss.png
"2023-04-24 12:23:19,378 [INFO] [INFO] EPISODE 113, LOSS 26.791101455688477
"2023-04-24 12:23:19,409 [INFO] [INFO] LOSS FUNCTION PLOTTED at ./fig/0424_1222PMloss.png
"2023-04-24 12:23:19,933 [INFO] [INFO] EPISODE 114, LOSS 15.60274600982666
"2023-04-24 12:23:19,965 [INFO] [INFO] LOSS FUNCTION PLOTTED at ./fig/0424_1222PMloss.png
"2023-04-24 12:23:20,516 [INFO] [INFO] EPISODE 115, LOSS 36.32918167114258
"2023-04-24 12:23:20,548 [INFO] [INFO] LOSS FUNCTION PLOTTED at ./fig/0424_1222PMloss.png
"2023-04-24 12:23:21,123 [INFO] [INFO] EPISODE 116, LOSS 26.371112823486328
"2023-04-24 12:23:21,154 [INFO] [INFO] LOSS FUNCTION PLOTTED at ./fig/0424_1222PMloss.png
"2023-04-24 12:23:21,723 [INFO] [INFO] EPISODE 117, LOSS 26.263105392456055
"2023-04-24 12:23:21,754 [INFO] [INFO] LOSS FUNCTION PLOTTED at ./fig/0424_1222PMloss.png
"2023-04-24 12:23:22,260 [INFO] [INFO] EPISODE 118, LOSS 20.130416870117188
"2023-04-24 12:23:22,291 [INFO] [INFO] LOSS FUNCTION PLOTTED at ./fig/0424_1222PMloss.png
"2023-04-24 12:23:22,894 [INFO] [INFO] EPISODE 119, LOSS 24.418760299682617
"2023-04-24 12:23:22,925 [INFO] [INFO] LOSS FUNCTION PLOTTED at ./fig/0424_1222PMloss.png
"2023-04-24 12:23:23,495 [INFO] [INFO] EPISODE 120, LOSS 31.16908836364746
"2023-04-24 12:23:23,526 [INFO] [INFO] LOSS FUNCTION PLOTTED at ./fig/0424_1222PMloss.png
"2023-04-24 12:23:24,048 [INFO] [INFO] EPISODE 121, LOSS 6.778688430786133
"2023-04-24 12:23:24,127 [INFO] [INFO] LOSS FUNCTION PLOTTED at ./fig/0424_1222PMloss.png
"2023-04-24 12:23:24,703 [INFO] [INFO] EPISODE 122, LOSS 6.105315208435059
"2023-04-24 12:23:24,734 [INFO] [INFO] LOSS FUNCTION PLOTTED at ./fig/0424_1222PMloss.png
"2023-04-24 12:23:25,335 [INFO] [INFO] EPISODE 123, LOSS 30.116464614868164
"2023-04-24 12:23:25,366 [INFO] [INFO] LOSS FUNCTION PLOTTED at ./fig/0424_1222PMloss.png
"2023-04-24 12:23:25,968 [INFO] [INFO] EPISODE 124, LOSS 26.711822509765625
"2023-04-24 12:23:26,000 [INFO] [INFO] LOSS FUNCTION PLOTTED at ./fig/0424_1222PMloss.png
"2023-04-24 12:23:26,647 [INFO] [INFO] EPISODE 125, LOSS 21.11696434020996
"2023-04-24 12:23:26,679 [INFO] [INFO] LOSS FUNCTION PLOTTED at ./fig/0424_1222PMloss.png
"2023-04-24 12:23:27,319 [INFO] [INFO] EPISODE 126, LOSS 17.966636657714844
"2023-04-24 12:23:27,351 [INFO] [INFO] LOSS FUNCTION PLOTTED at ./fig/0424_1222PMloss.png
"2023-04-24 12:23:28,103 [INFO] [INFO] EPISODE 127, LOSS 28.52688980102539
"2023-04-24 12:23:28,136 [INFO] [INFO] LOSS FUNCTION PLOTTED at ./fig/0424_1222PMloss.png
"2023-04-24 12:23:28,739 [INFO] [INFO] EPISODE 128, LOSS 29.15505599975586
"2023-04-24 12:23:28,771 [INFO] [INFO] LOSS FUNCTION PLOTTED at ./fig/0424_1222PMloss.png
"2023-04-24 12:23:29,312 [INFO] [INFO] EPISODE 129, LOSS 41.26963424682617
"2023-04-24 12:23:29,345 [INFO] [INFO] LOSS FUNCTION PLOTTED at ./fig/0424_1222PMloss.png
"2023-04-24 12:23:29,875 [INFO] [INFO] EPISODE 130, LOSS 28.99547576904297
"2023-04-24 12:23:29,908 [INFO] [INFO] LOSS FUNCTION PLOTTED at ./fig/0424_1222PMloss.png
"2023-04-24 12:23:30,407 [INFO] [INFO] EPISODE 131, LOSS 11.56458854675293
"2023-04-24 12:23:30,439 [INFO] [INFO] LOSS FUNCTION PLOTTED at ./fig/0424_1222PMloss.png
"2023-04-24 12:23:31,141 [INFO] [INFO] EPISODE 132, LOSS 27.588743209838867
"2023-04-24 12:23:31,175 [INFO] [INFO] LOSS FUNCTION PLOTTED at ./fig/0424_1222PMloss.png
"2023-04-24 12:23:31,795 [INFO] [INFO] EPISODE 133, LOSS 18.806764602661133
"2023-04-24 12:23:31,828 [INFO] [INFO] LOSS FUNCTION PLOTTED at ./fig/0424_1222PMloss.png
"2023-04-24 12:23:32,397 [INFO] [INFO] EPISODE 134, LOSS 35.37126922607422
"2023-04-24 12:23:32,431 [INFO] [INFO] LOSS FUNCTION PLOTTED at ./fig/0424_1222PMloss.png
"2023-04-24 12:23:33,212 [INFO] [INFO] EPISODE 135, LOSS 27.61861801147461
"2023-04-24 12:23:33,246 [INFO] [INFO] LOSS FUNCTION PLOTTED at ./fig/0424_1222PMloss.png
"2023-04-24 12:23:33,889 [INFO] [INFO] EPISODE 136, LOSS 19.751113891601562
"2023-04-24 12:23:33,927 [INFO] [INFO] LOSS FUNCTION PLOTTED at ./fig/0424_1222PMloss.png
"2023-04-24 12:23:34,444 [INFO] [INFO] EPISODE 137, LOSS 22.901506423950195
"2023-04-24 12:23:34,477 [INFO] [INFO] LOSS FUNCTION PLOTTED at ./fig/0424_1222PMloss.png
"2023-04-24 12:23:35,038 [INFO] [INFO] EPISODE 138, LOSS 40.06898498535156
"2023-04-24 12:23:35,071 [INFO] [INFO] LOSS FUNCTION PLOTTED at ./fig/0424_1222PMloss.png
"2023-04-24 12:23:35,607 [INFO] [INFO] EPISODE 139, LOSS 21.50617218017578
"2023-04-24 12:23:35,640 [INFO] [INFO] LOSS FUNCTION PLOTTED at ./fig/0424_1222PMloss.png
"2023-04-24 12:23:36,164 [INFO] [INFO] EPISODE 140, LOSS 19.869186401367188
"2023-04-24 12:23:36,245 [INFO] [INFO] LOSS FUNCTION PLOTTED at ./fig/0424_1222PMloss.png
"2023-04-24 12:23:36,777 [INFO] [INFO] EPISODE 141, LOSS 20.891321182250977
"2023-04-24 12:23:36,810 [INFO] [INFO] LOSS FUNCTION PLOTTED at ./fig/0424_1222PMloss.png
"2023-04-24 12:23:37,333 [INFO] [INFO] EPISODE 142, LOSS 33.849117279052734
"2023-04-24 12:23:37,366 [INFO] [INFO] LOSS FUNCTION PLOTTED at ./fig/0424_1222PMloss.png
"2023-04-24 12:23:37,892 [INFO] [INFO] EPISODE 143, LOSS 15.869660377502441
"2023-04-24 12:23:37,925 [INFO] [INFO] LOSS FUNCTION PLOTTED at ./fig/0424_1222PMloss.png
"2023-04-24 12:23:38,463 [INFO] [INFO] EPISODE 144, LOSS 21.376842498779297
"2023-04-24 12:23:38,496 [INFO] [INFO] LOSS FUNCTION PLOTTED at ./fig/0424_1222PMloss.png
"2023-04-24 12:23:38,989 [INFO] [INFO] EPISODE 145, LOSS 31.514577865600586
"2023-04-24 12:23:39,023 [INFO] [INFO] LOSS FUNCTION PLOTTED at ./fig/0424_1222PMloss.png
"2023-04-24 12:23:39,540 [INFO] [INFO] EPISODE 146, LOSS 17.000930786132812
"2023-04-24 12:23:39,574 [INFO] [INFO] LOSS FUNCTION PLOTTED at ./fig/0424_1222PMloss.png
"2023-04-24 12:23:40,096 [INFO] [INFO] EPISODE 147, LOSS 29.046926498413086
"2023-04-24 12:23:40,129 [INFO] [INFO] LOSS FUNCTION PLOTTED at ./fig/0424_1222PMloss.png
"2023-04-24 12:23:40,667 [INFO] [INFO] EPISODE 148, LOSS 15.096925735473633
"2023-04-24 12:23:40,701 [INFO] [INFO] LOSS FUNCTION PLOTTED at ./fig/0424_1222PMloss.png
"2023-04-24 12:23:41,346 [INFO] [INFO] EPISODE 149, LOSS 15.115026473999023
"2023-04-24 12:23:41,380 [INFO] [INFO] LOSS FUNCTION PLOTTED at ./fig/0424_1222PMloss.png
"2023-04-24 12:23:41,998 [INFO] [INFO] EPISODE 150, LOSS 22.073787689208984
"2023-04-24 12:23:42,033 [INFO] [INFO] LOSS FUNCTION PLOTTED at ./fig/0424_1222PMloss.png
"2023-04-24 12:23:42,633 [INFO] [INFO] EPISODE 151, LOSS 33.40220260620117
"2023-04-24 12:23:42,673 [INFO] [INFO] LOSS FUNCTION PLOTTED at ./fig/0424_1222PMloss.png
"2023-04-24 12:23:43,215 [INFO] [INFO] EPISODE 152, LOSS 26.370365142822266
"2023-04-24 12:23:43,249 [INFO] [INFO] LOSS FUNCTION PLOTTED at ./fig/0424_1222PMloss.png
"2023-04-24 12:23:43,845 [INFO] [INFO] EPISODE 153, LOSS 33.79694747924805
"2023-04-24 12:23:43,880 [INFO] [INFO] LOSS FUNCTION PLOTTED at ./fig/0424_1222PMloss.png
"2023-04-24 12:23:44,587 [INFO] [INFO] EPISODE 154, LOSS 37.098995208740234
"2023-04-24 12:23:44,622 [INFO] [INFO] LOSS FUNCTION PLOTTED at ./fig/0424_1222PMloss.png
"2023-04-24 12:23:45,167 [INFO] [INFO] EPISODE 155, LOSS 32.62299728393555
"2023-04-24 12:23:45,202 [INFO] [INFO] LOSS FUNCTION PLOTTED at ./fig/0424_1222PMloss.png
"2023-04-24 12:23:45,732 [INFO] [INFO] EPISODE 156, LOSS 37.62322998046875
"2023-04-24 12:23:45,766 [INFO] [INFO] LOSS FUNCTION PLOTTED at ./fig/0424_1222PMloss.png
"2023-04-24 12:23:46,405 [INFO] [INFO] EPISODE 157, LOSS 19.818347930908203
"2023-04-24 12:23:46,441 [INFO] [INFO] LOSS FUNCTION PLOTTED at ./fig/0424_1222PMloss.png
"2023-04-24 12:23:47,042 [INFO] [INFO] EPISODE 158, LOSS 36.84946823120117
"2023-04-24 12:23:47,135 [INFO] [INFO] LOSS FUNCTION PLOTTED at ./fig/0424_1222PMloss.png
"2023-04-24 12:23:47,740 [INFO] [INFO] EPISODE 159, LOSS 17.16184425354004
"2023-04-24 12:23:47,775 [INFO] [INFO] LOSS FUNCTION PLOTTED at ./fig/0424_1222PMloss.png
"2023-04-24 12:23:48,416 [INFO] [INFO] EPISODE 160, LOSS 10.922636032104492
"2023-04-24 12:23:48,451 [INFO] [INFO] LOSS FUNCTION PLOTTED at ./fig/0424_1222PMloss.png
"2023-04-24 12:23:49,136 [INFO] [INFO] EPISODE 161, LOSS 27.352867126464844
"2023-04-24 12:23:49,170 [INFO] [INFO] LOSS FUNCTION PLOTTED at ./fig/0424_1222PMloss.png
"2023-04-24 12:23:49,757 [INFO] [INFO] EPISODE 162, LOSS 22.986705780029297
"2023-04-24 12:23:49,792 [INFO] [INFO] LOSS FUNCTION PLOTTED at ./fig/0424_1222PMloss.png
"2023-04-24 12:23:50,323 [INFO] [INFO] EPISODE 163, LOSS 18.832508087158203
"2023-04-24 12:23:50,358 [INFO] [INFO] LOSS FUNCTION PLOTTED at ./fig/0424_1222PMloss.png
"2023-04-24 12:23:50,883 [INFO] [INFO] EPISODE 164, LOSS 21.32862091064453
"2023-04-24 12:23:50,916 [INFO] [INFO] LOSS FUNCTION PLOTTED at ./fig/0424_1222PMloss.png
"2023-04-24 12:23:51,456 [INFO] [INFO] EPISODE 165, LOSS 3.6390233039855957
"2023-04-24 12:23:51,490 [INFO] [INFO] LOSS FUNCTION PLOTTED at ./fig/0424_1222PMloss.png
"2023-04-24 12:23:52,019 [INFO] [INFO] EPISODE 166, LOSS 27.742219924926758
"2023-04-24 12:23:52,052 [INFO] [INFO] LOSS FUNCTION PLOTTED at ./fig/0424_1222PMloss.png
"2023-04-24 12:23:52,588 [INFO] [INFO] EPISODE 167, LOSS 16.471698760986328
"2023-04-24 12:23:52,623 [INFO] [INFO] LOSS FUNCTION PLOTTED at ./fig/0424_1222PMloss.png
"2023-04-24 12:23:53,225 [INFO] [INFO] EPISODE 168, LOSS 29.756956100463867
"2023-04-24 12:23:53,260 [INFO] [INFO] LOSS FUNCTION PLOTTED at ./fig/0424_1222PMloss.png
"2023-04-24 12:23:53,855 [INFO] [INFO] EPISODE 169, LOSS 22.15111541748047
"2023-04-24 12:23:53,889 [INFO] [INFO] LOSS FUNCTION PLOTTED at ./fig/0424_1222PMloss.png
"2023-04-24 12:23:54,459 [INFO] [INFO] EPISODE 170, LOSS 29.29745864868164
"2023-04-24 12:23:54,493 [INFO] [INFO] LOSS FUNCTION PLOTTED at ./fig/0424_1222PMloss.png
"2023-04-24 12:23:55,068 [INFO] [INFO] EPISODE 171, LOSS 15.049118995666504
"2023-04-24 12:23:55,102 [INFO] [INFO] LOSS FUNCTION PLOTTED at ./fig/0424_1222PMloss.png
"2023-04-24 12:23:55,685 [INFO] [INFO] EPISODE 172, LOSS 23.32958984375
"2023-04-24 12:23:55,720 [INFO] [INFO] LOSS FUNCTION PLOTTED at ./fig/0424_1222PMloss.png
"2023-04-24 12:23:56,314 [INFO] [INFO] EPISODE 173, LOSS 22.450204849243164
"2023-04-24 12:23:56,349 [INFO] [INFO] LOSS FUNCTION PLOTTED at ./fig/0424_1222PMloss.png
"2023-04-24 12:23:56,953 [INFO] [INFO] EPISODE 174, LOSS 21.054847717285156
"2023-04-24 12:23:56,987 [INFO] [INFO] LOSS FUNCTION PLOTTED at ./fig/0424_1222PMloss.png
"2023-04-24 12:23:57,565 [INFO] [INFO] EPISODE 175, LOSS 28.628040313720703
"2023-04-24 12:23:57,599 [INFO] [INFO] LOSS FUNCTION PLOTTED at ./fig/0424_1222PMloss.png
"2023-04-24 12:23:58,182 [INFO] [INFO] EPISODE 176, LOSS 11.633317947387695
"2023-04-24 12:23:58,217 [INFO] [INFO] LOSS FUNCTION PLOTTED at ./fig/0424_1222PMloss.png
"2023-04-24 12:23:58,825 [INFO] [INFO] EPISODE 177, LOSS 23.396804809570312
"2023-04-24 12:23:58,910 [INFO] [INFO] LOSS FUNCTION PLOTTED at ./fig/0424_1222PMloss.png
"2023-04-24 12:23:59,545 [INFO] [INFO] EPISODE 178, LOSS 15.164583206176758
"2023-04-24 12:23:59,580 [INFO] [INFO] LOSS FUNCTION PLOTTED at ./fig/0424_1222PMloss.png
"2023-04-24 12:24:00,156 [INFO] [INFO] EPISODE 179, LOSS 17.609195709228516
"2023-04-24 12:24:00,190 [INFO] [INFO] LOSS FUNCTION PLOTTED at ./fig/0424_1222PMloss.png
"2023-04-24 12:24:00,769 [INFO] [INFO] EPISODE 180, LOSS 23.11212921142578
"2023-04-24 12:24:00,803 [INFO] [INFO] LOSS FUNCTION PLOTTED at ./fig/0424_1222PMloss.png
"2023-04-24 12:24:01,467 [INFO] [INFO] EPISODE 181, LOSS 17.485483169555664
"2023-04-24 12:24:01,503 [INFO] [INFO] LOSS FUNCTION PLOTTED at ./fig/0424_1222PMloss.png
"2023-04-24 12:24:02,300 [INFO] [INFO] EPISODE 182, LOSS 35.02606201171875
"2023-04-24 12:24:02,334 [INFO] [INFO] LOSS FUNCTION PLOTTED at ./fig/0424_1222PMloss.png
"2023-04-24 12:24:03,043 [INFO] [INFO] EPISODE 183, LOSS 38.7092170715332
"2023-04-24 12:24:03,077 [INFO] [INFO] LOSS FUNCTION PLOTTED at ./fig/0424_1222PMloss.png
"2023-04-24 12:24:03,615 [INFO] [INFO] EPISODE 184, LOSS 26.229795455932617
"2023-04-24 12:24:03,649 [INFO] [INFO] LOSS FUNCTION PLOTTED at ./fig/0424_1222PMloss.png
"2023-04-24 12:24:04,176 [INFO] [INFO] EPISODE 185, LOSS 25.344017028808594
"2023-04-24 12:24:04,210 [INFO] [INFO] LOSS FUNCTION PLOTTED at ./fig/0424_1222PMloss.png
"2023-04-24 12:24:04,735 [INFO] [INFO] EPISODE 186, LOSS 25.926830291748047
"2023-04-24 12:24:04,769 [INFO] [INFO] LOSS FUNCTION PLOTTED at ./fig/0424_1222PMloss.png
"2023-04-24 12:24:05,293 [INFO] [INFO] EPISODE 187, LOSS 20.378129959106445
"2023-04-24 12:24:05,327 [INFO] [INFO] LOSS FUNCTION PLOTTED at ./fig/0424_1222PMloss.png
"2023-04-24 12:24:05,849 [INFO] [INFO] EPISODE 188, LOSS 29.649873733520508
"2023-04-24 12:24:05,883 [INFO] [INFO] LOSS FUNCTION PLOTTED at ./fig/0424_1222PMloss.png
"2023-04-24 12:24:06,402 [INFO] [INFO] EPISODE 189, LOSS 18.469993591308594
"2023-04-24 12:24:06,437 [INFO] [INFO] LOSS FUNCTION PLOTTED at ./fig/0424_1222PMloss.png
"2023-04-24 12:24:06,975 [INFO] [INFO] EPISODE 190, LOSS 39.13412857055664
"2023-04-24 12:24:07,009 [INFO] [INFO] LOSS FUNCTION PLOTTED at ./fig/0424_1222PMloss.png
"2023-04-24 12:24:07,538 [INFO] [INFO] EPISODE 191, LOSS 29.689556121826172
"2023-04-24 12:24:07,573 [INFO] [INFO] LOSS FUNCTION PLOTTED at ./fig/0424_1222PMloss.png
"2023-04-24 12:24:08,098 [INFO] [INFO] EPISODE 192, LOSS 38.99134826660156
"2023-04-24 12:24:08,133 [INFO] [INFO] LOSS FUNCTION PLOTTED at ./fig/0424_1222PMloss.png
"2023-04-24 12:24:08,657 [INFO] [INFO] EPISODE 193, LOSS 40.5847282409668
"2023-04-24 12:24:08,692 [INFO] [INFO] LOSS FUNCTION PLOTTED at ./fig/0424_1222PMloss.png
"2023-04-24 12:24:09,218 [INFO] [INFO] EPISODE 194, LOSS 41.6305046081543
"2023-04-24 12:24:09,252 [INFO] [INFO] LOSS FUNCTION PLOTTED at ./fig/0424_1222PMloss.png
"2023-04-24 12:24:09,808 [INFO] [INFO] EPISODE 195, LOSS 24.974456787109375
"2023-04-24 12:24:09,842 [INFO] [INFO] LOSS FUNCTION PLOTTED at ./fig/0424_1222PMloss.png
"2023-04-24 12:24:10,416 [INFO] [INFO] EPISODE 196, LOSS 14.33267879486084
"2023-04-24 12:24:10,452 [INFO] [INFO] LOSS FUNCTION PLOTTED at ./fig/0424_1222PMloss.png
"2023-04-24 12:24:11,070 [INFO] [INFO] EPISODE 197, LOSS 26.049047470092773
"2023-04-24 12:24:11,155 [INFO] [INFO] LOSS FUNCTION PLOTTED at ./fig/0424_1222PMloss.png
"2023-04-24 12:24:11,692 [INFO] [INFO] EPISODE 198, LOSS 26.490310668945312
"2023-04-24 12:24:11,727 [INFO] [INFO] LOSS FUNCTION PLOTTED at ./fig/0424_1222PMloss.png
"2023-04-24 12:24:12,326 [INFO] [INFO] EPISODE 199, LOSS 18.233732223510742
"2023-04-24 12:24:12,361 [INFO] [INFO] LOSS FUNCTION PLOTTED at ./fig/0424_1222PMloss.png
"2023-04-24 12:24:12,920 [INFO] [INFO] EPISODE 200, LOSS 30.566650390625
"2023-04-24 12:24:12,956 [INFO] [INFO] LOSS FUNCTION PLOTTED at ./fig/0424_1222PMloss.png
"2023-04-24 12:24:13,515 [INFO] [INFO] EPISODE 201, LOSS 28.574745178222656
"2023-04-24 12:24:13,551 [INFO] [INFO] LOSS FUNCTION PLOTTED at ./fig/0424_1222PMloss.png
"2023-04-24 12:24:14,082 [INFO] [INFO] EPISODE 202, LOSS 41.71778869628906
"2023-04-24 12:24:14,117 [INFO] [INFO] LOSS FUNCTION PLOTTED at ./fig/0424_1222PMloss.png
"2023-04-24 12:24:14,646 [INFO] [INFO] EPISODE 203, LOSS 29.69879913330078
"2023-04-24 12:24:14,681 [INFO] [INFO] LOSS FUNCTION PLOTTED at ./fig/0424_1222PMloss.png
"2023-04-24 12:24:15,209 [INFO] [INFO] EPISODE 204, LOSS 31.209856033325195
"2023-04-24 12:24:15,244 [INFO] [INFO] LOSS FUNCTION PLOTTED at ./fig/0424_1222PMloss.png
"2023-04-24 12:24:15,772 [INFO] [INFO] EPISODE 205, LOSS 38.898406982421875
"2023-04-24 12:24:15,805 [INFO] [INFO] LOSS FUNCTION PLOTTED at ./fig/0424_1222PMloss.png
"2023-04-24 12:24:16,331 [INFO] [INFO] EPISODE 206, LOSS 40.26934814453125
"2023-04-24 12:24:16,364 [INFO] [INFO] LOSS FUNCTION PLOTTED at ./fig/0424_1222PMloss.png
"2023-04-24 12:24:16,892 [INFO] [INFO] EPISODE 207, LOSS 23.852659225463867
"2023-04-24 12:24:16,925 [INFO] [INFO] LOSS FUNCTION PLOTTED at ./fig/0424_1222PMloss.png
"2023-04-24 12:24:17,465 [INFO] [INFO] EPISODE 208, LOSS 5.923329830169678
"2023-04-24 12:24:17,498 [INFO] [INFO] LOSS FUNCTION PLOTTED at ./fig/0424_1222PMloss.png
"2023-04-24 12:24:18,045 [INFO] [INFO] EPISODE 209, LOSS 22.31528091430664
"2023-04-24 12:24:18,078 [INFO] [INFO] LOSS FUNCTION PLOTTED at ./fig/0424_1222PMloss.png
"2023-04-24 12:24:18,607 [INFO] [INFO] EPISODE 210, LOSS 15.87192153930664
"2023-04-24 12:24:18,641 [INFO] [INFO] LOSS FUNCTION PLOTTED at ./fig/0424_1222PMloss.png
"2023-04-24 12:24:19,209 [INFO] [INFO] EPISODE 211, LOSS 28.21324348449707
"2023-04-24 12:24:19,242 [INFO] [INFO] LOSS FUNCTION PLOTTED at ./fig/0424_1222PMloss.png
"2023-04-24 12:24:19,798 [INFO] [INFO] EPISODE 212, LOSS 31.58116912841797
"2023-04-24 12:24:19,831 [INFO] [INFO] LOSS FUNCTION PLOTTED at ./fig/0424_1222PMloss.png
"2023-04-24 12:24:20,435 [INFO] [INFO] EPISODE 213, LOSS 15.116372108459473
"2023-04-24 12:24:20,468 [INFO] [INFO] LOSS FUNCTION PLOTTED at ./fig/0424_1222PMloss.png
"2023-04-24 12:24:21,045 [INFO] [INFO] EPISODE 214, LOSS 11.067296028137207
"2023-04-24 12:24:21,078 [INFO] [INFO] LOSS FUNCTION PLOTTED at ./fig/0424_1222PMloss.png
"2023-04-24 12:24:21,625 [INFO] [INFO] EPISODE 215, LOSS 26.769790649414062
"2023-04-24 12:24:21,658 [INFO] [INFO] LOSS FUNCTION PLOTTED at ./fig/0424_1222PMloss.png
"2023-04-24 12:24:22,313 [INFO] [INFO] EPISODE 216, LOSS 26.521541595458984
"2023-04-24 12:24:22,346 [INFO] [INFO] LOSS FUNCTION PLOTTED at ./fig/0424_1222PMloss.png
"2023-04-24 12:24:22,974 [INFO] [INFO] EPISODE 217, LOSS 32.88063049316406
"2023-04-24 12:24:23,051 [INFO] [INFO] LOSS FUNCTION PLOTTED at ./fig/0424_1222PMloss.png
"2023-04-24 12:24:23,668 [INFO] [INFO] EPISODE 218, LOSS 27.628145217895508
"2023-04-24 12:24:23,701 [INFO] [INFO] LOSS FUNCTION PLOTTED at ./fig/0424_1222PMloss.png
"2023-04-24 12:24:24,438 [INFO] [INFO] EPISODE 219, LOSS 20.315214157104492
"2023-04-24 12:24:24,471 [INFO] [INFO] LOSS FUNCTION PLOTTED at ./fig/0424_1222PMloss.png
"2023-04-24 12:24:25,076 [INFO] [INFO] EPISODE 220, LOSS 29.58368682861328
"2023-04-24 12:24:25,109 [INFO] [INFO] LOSS FUNCTION PLOTTED at ./fig/0424_1222PMloss.png
"2023-04-24 12:24:25,908 [INFO] [INFO] EPISODE 221, LOSS 29.587913513183594
"2023-04-24 12:24:25,944 [INFO] [INFO] LOSS FUNCTION PLOTTED at ./fig/0424_1222PMloss.png
"2023-04-24 12:24:26,593 [INFO] [INFO] EPISODE 222, LOSS 20.754487991333008
"2023-04-24 12:24:26,625 [INFO] [INFO] LOSS FUNCTION PLOTTED at ./fig/0424_1222PMloss.png
"2023-04-24 12:24:27,149 [INFO] [INFO] EPISODE 223, LOSS 28.71830177307129
"2023-04-24 12:24:27,181 [INFO] [INFO] LOSS FUNCTION PLOTTED at ./fig/0424_1222PMloss.png
"2023-04-24 12:24:27,791 [INFO] [INFO] EPISODE 224, LOSS 22.149015426635742
"2023-04-24 12:24:27,824 [INFO] [INFO] LOSS FUNCTION PLOTTED at ./fig/0424_1222PMloss.png
"2023-04-24 12:24:28,461 [INFO] [INFO] EPISODE 225, LOSS 35.189308166503906
"2023-04-24 12:24:28,493 [INFO] [INFO] LOSS FUNCTION PLOTTED at ./fig/0424_1222PMloss.png
"2023-04-24 12:24:29,082 [INFO] [INFO] EPISODE 226, LOSS 34.484619140625
"2023-04-24 12:24:29,113 [INFO] [INFO] LOSS FUNCTION PLOTTED at ./fig/0424_1222PMloss.png
"2023-04-24 12:24:29,676 [INFO] [INFO] EPISODE 227, LOSS 2.699141502380371
"2023-04-24 12:24:29,708 [INFO] [INFO] LOSS FUNCTION PLOTTED at ./fig/0424_1222PMloss.png
"2023-04-24 12:24:30,291 [INFO] [INFO] EPISODE 228, LOSS 4.060295581817627
"2023-04-24 12:24:30,324 [INFO] [INFO] LOSS FUNCTION PLOTTED at ./fig/0424_1222PMloss.png
"2023-04-24 12:24:30,848 [INFO] [INFO] EPISODE 229, LOSS 22.547487258911133
"2023-04-24 12:24:30,880 [INFO] [INFO] LOSS FUNCTION PLOTTED at ./fig/0424_1222PMloss.png
"2023-04-24 12:24:31,453 [INFO] [INFO] EPISODE 230, LOSS 33.19180679321289
"2023-04-24 12:24:31,485 [INFO] [INFO] LOSS FUNCTION PLOTTED at ./fig/0424_1222PMloss.png
"2023-04-24 12:24:32,003 [INFO] [INFO] EPISODE 231, LOSS 31.29383087158203
"2023-04-24 12:24:32,035 [INFO] [INFO] LOSS FUNCTION PLOTTED at ./fig/0424_1222PMloss.png
"2023-04-24 12:24:32,612 [INFO] [INFO] EPISODE 232, LOSS 36.30155944824219
"2023-04-24 12:24:32,644 [INFO] [INFO] LOSS FUNCTION PLOTTED at ./fig/0424_1222PMloss.png
"2023-04-24 12:24:33,199 [INFO] [INFO] EPISODE 233, LOSS 34.467002868652344
"2023-04-24 12:24:33,232 [INFO] [INFO] LOSS FUNCTION PLOTTED at ./fig/0424_1222PMloss.png
"2023-04-24 12:24:33,859 [INFO] [INFO] EPISODE 234, LOSS 27.253381729125977
"2023-04-24 12:24:33,892 [INFO] [INFO] LOSS FUNCTION PLOTTED at ./fig/0424_1222PMloss.png
"2023-04-24 12:24:34,536 [INFO] [INFO] EPISODE 235, LOSS 31.442779541015625
"2023-04-24 12:24:34,568 [INFO] [INFO] LOSS FUNCTION PLOTTED at ./fig/0424_1222PMloss.png
"2023-04-24 12:24:35,305 [INFO] [INFO] EPISODE 236, LOSS 17.320327758789062
"2023-04-24 12:24:35,337 [INFO] [INFO] LOSS FUNCTION PLOTTED at ./fig/0424_1222PMloss.png
"2023-04-24 12:24:35,980 [INFO] [INFO] EPISODE 237, LOSS 19.618976593017578
"2023-04-24 12:24:36,014 [INFO] [INFO] LOSS FUNCTION PLOTTED at ./fig/0424_1222PMloss.png
"2023-04-24 12:24:36,658 [INFO] [INFO] EPISODE 238, LOSS 25.323984146118164
"2023-04-24 12:24:36,744 [INFO] [INFO] LOSS FUNCTION PLOTTED at ./fig/0424_1222PMloss.png
"2023-04-24 12:24:37,528 [INFO] [INFO] EPISODE 239, LOSS 16.419965744018555
"2023-04-24 12:24:37,560 [INFO] [INFO] LOSS FUNCTION PLOTTED at ./fig/0424_1222PMloss.png
"2023-04-24 12:24:38,227 [INFO] [INFO] EPISODE 240, LOSS 28.557329177856445
"2023-04-24 12:24:38,260 [INFO] [INFO] LOSS FUNCTION PLOTTED at ./fig/0424_1222PMloss.png
"2023-04-24 12:24:38,855 [INFO] [INFO] EPISODE 241, LOSS 23.888275146484375
"2023-04-24 12:24:38,888 [INFO] [INFO] LOSS FUNCTION PLOTTED at ./fig/0424_1222PMloss.png
"2023-04-24 12:24:39,411 [INFO] [INFO] EPISODE 242, LOSS 27.575729370117188
"2023-04-24 12:24:39,444 [INFO] [INFO] LOSS FUNCTION PLOTTED at ./fig/0424_1222PMloss.png
"2023-04-24 12:24:40,021 [INFO] [INFO] EPISODE 243, LOSS 34.61936569213867
"2023-04-24 12:24:40,054 [INFO] [INFO] LOSS FUNCTION PLOTTED at ./fig/0424_1222PMloss.png
"2023-04-24 12:24:40,581 [INFO] [INFO] EPISODE 244, LOSS 27.544902801513672
"2023-04-24 12:24:40,614 [INFO] [INFO] LOSS FUNCTION PLOTTED at ./fig/0424_1222PMloss.png
"2023-04-24 12:24:41,195 [INFO] [INFO] EPISODE 245, LOSS 28.02480125427246
"2023-04-24 12:24:41,228 [INFO] [INFO] LOSS FUNCTION PLOTTED at ./fig/0424_1222PMloss.png
"2023-04-24 12:24:41,738 [INFO] [INFO] EPISODE 246, LOSS 36.673919677734375
"2023-04-24 12:24:41,771 [INFO] [INFO] LOSS FUNCTION PLOTTED at ./fig/0424_1222PMloss.png
"2023-04-24 12:24:42,360 [INFO] [INFO] EPISODE 247, LOSS 27.328689575195312
"2023-04-24 12:24:42,393 [INFO] [INFO] LOSS FUNCTION PLOTTED at ./fig/0424_1222PMloss.png
"2023-04-24 12:24:42,957 [INFO] [INFO] EPISODE 248, LOSS 25.736602783203125
"2023-04-24 12:24:42,990 [INFO] [INFO] LOSS FUNCTION PLOTTED at ./fig/0424_1222PMloss.png
"2023-04-24 12:24:43,512 [INFO] [INFO] EPISODE 249, LOSS 17.766632080078125
"2023-04-24 12:24:43,545 [INFO] [INFO] LOSS FUNCTION PLOTTED at ./fig/0424_1222PMloss.png
"2023-04-24 12:24:44,100 [INFO] [INFO] EPISODE 250, LOSS 26.880420684814453
"2023-04-24 12:24:44,133 [INFO] [INFO] LOSS FUNCTION PLOTTED at ./fig/0424_1222PMloss.png
"2023-04-24 12:24:44,658 [INFO] [INFO] EPISODE 251, LOSS 28.40727424621582
"2023-04-24 12:24:44,691 [INFO] [INFO] LOSS FUNCTION PLOTTED at ./fig/0424_1222PMloss.png
"2023-04-24 12:24:45,273 [INFO] [INFO] EPISODE 252, LOSS 17.6876220703125
"2023-04-24 12:24:45,306 [INFO] [INFO] LOSS FUNCTION PLOTTED at ./fig/0424_1222PMloss.png
"2023-04-24 12:24:45,836 [INFO] [INFO] EPISODE 253, LOSS 24.10032844543457
"2023-04-24 12:24:45,869 [INFO] [INFO] LOSS FUNCTION PLOTTED at ./fig/0424_1222PMloss.png
"2023-04-24 12:24:46,446 [INFO] [INFO] EPISODE 254, LOSS 29.946714401245117
"2023-04-24 12:24:46,479 [INFO] [INFO] LOSS FUNCTION PLOTTED at ./fig/0424_1222PMloss.png
"2023-04-24 12:24:47,077 [INFO] [INFO] EPISODE 255, LOSS 28.82438850402832
"2023-04-24 12:24:47,110 [INFO] [INFO] LOSS FUNCTION PLOTTED at ./fig/0424_1222PMloss.png
"2023-04-24 12:24:47,803 [INFO] [INFO] EPISODE 256, LOSS 18.471881866455078
"2023-04-24 12:24:47,836 [INFO] [INFO] LOSS FUNCTION PLOTTED at ./fig/0424_1222PMloss.png
"2023-04-24 12:24:48,507 [INFO] [INFO] EPISODE 257, LOSS 25.98569107055664
"2023-04-24 12:24:48,591 [INFO] [INFO] LOSS FUNCTION PLOTTED at ./fig/0424_1222PMloss.png
"2023-04-24 12:24:49,322 [INFO] [INFO] EPISODE 258, LOSS 26.278135299682617
"2023-04-24 12:24:49,356 [INFO] [INFO] LOSS FUNCTION PLOTTED at ./fig/0424_1222PMloss.png
"2023-04-24 12:24:50,105 [INFO] [INFO] EPISODE 259, LOSS 44.0079460144043
"2023-04-24 12:24:50,140 [INFO] [INFO] LOSS FUNCTION PLOTTED at ./fig/0424_1222PMloss.png
"2023-04-24 12:24:50,874 [INFO] [INFO] EPISODE 260, LOSS 19.120126724243164
"2023-04-24 12:24:50,908 [INFO] [INFO] LOSS FUNCTION PLOTTED at ./fig/0424_1222PMloss.png
"2023-04-24 12:24:51,698 [INFO] [INFO] EPISODE 261, LOSS 33.29621505737305
"2023-04-24 12:24:51,733 [INFO] [INFO] LOSS FUNCTION PLOTTED at ./fig/0424_1222PMloss.png
"2023-04-24 12:24:52,400 [INFO] [INFO] EPISODE 262, LOSS 25.972026824951172
"2023-04-24 12:24:52,433 [INFO] [INFO] LOSS FUNCTION PLOTTED at ./fig/0424_1222PMloss.png
"2023-04-24 12:24:53,051 [INFO] [INFO] EPISODE 263, LOSS 29.17757225036621
"2023-04-24 12:24:53,084 [INFO] [INFO] LOSS FUNCTION PLOTTED at ./fig/0424_1222PMloss.png
"2023-04-24 12:24:53,774 [INFO] [INFO] EPISODE 264, LOSS 45.026275634765625
"2023-04-24 12:24:53,808 [INFO] [INFO] LOSS FUNCTION PLOTTED at ./fig/0424_1222PMloss.png
"2023-04-24 12:24:54,462 [INFO] [INFO] EPISODE 265, LOSS 28.97491455078125
"2023-04-24 12:24:54,495 [INFO] [INFO] LOSS FUNCTION PLOTTED at ./fig/0424_1222PMloss.png
"2023-04-24 12:24:55,173 [INFO] [INFO] EPISODE 266, LOSS 23.47974967956543
"2023-04-24 12:24:55,206 [INFO] [INFO] LOSS FUNCTION PLOTTED at ./fig/0424_1222PMloss.png
"2023-04-24 12:24:55,895 [INFO] [INFO] EPISODE 267, LOSS 16.165075302124023
"2023-04-24 12:24:55,929 [INFO] [INFO] LOSS FUNCTION PLOTTED at ./fig/0424_1222PMloss.png
"2023-04-24 12:24:56,540 [INFO] [INFO] EPISODE 268, LOSS 31.563383102416992
"2023-04-24 12:24:56,574 [INFO] [INFO] LOSS FUNCTION PLOTTED at ./fig/0424_1222PMloss.png
"2023-04-24 12:24:57,254 [INFO] [INFO] EPISODE 269, LOSS 28.52848243713379
"2023-04-24 12:24:57,288 [INFO] [INFO] LOSS FUNCTION PLOTTED at ./fig/0424_1222PMloss.png
"2023-04-24 12:24:57,969 [INFO] [INFO] EPISODE 270, LOSS 28.712697982788086
"2023-04-24 12:24:58,003 [INFO] [INFO] LOSS FUNCTION PLOTTED at ./fig/0424_1222PMloss.png
"2023-04-24 12:24:58,628 [INFO] [INFO] EPISODE 271, LOSS 23.873449325561523
"2023-04-24 12:24:58,662 [INFO] [INFO] LOSS FUNCTION PLOTTED at ./fig/0424_1222PMloss.png
"2023-04-24 12:24:59,280 [INFO] [INFO] EPISODE 272, LOSS 30.038761138916016
"2023-04-24 12:24:59,314 [INFO] [INFO] LOSS FUNCTION PLOTTED at ./fig/0424_1222PMloss.png
"2023-04-24 12:25:00,002 [INFO] [INFO] EPISODE 273, LOSS 21.389366149902344
"2023-04-24 12:25:00,035 [INFO] [INFO] LOSS FUNCTION PLOTTED at ./fig/0424_1222PMloss.png
"2023-04-24 12:25:00,659 [INFO] [INFO] EPISODE 274, LOSS 31.616567611694336
"2023-04-24 12:25:00,692 [INFO] [INFO] LOSS FUNCTION PLOTTED at ./fig/0424_1222PMloss.png
"2023-04-24 12:25:01,380 [INFO] [INFO] EPISODE 275, LOSS 23.965761184692383
"2023-04-24 12:25:01,413 [INFO] [INFO] LOSS FUNCTION PLOTTED at ./fig/0424_1222PMloss.png
"2023-04-24 12:25:02,103 [INFO] [INFO] EPISODE 276, LOSS 22.079282760620117
"2023-04-24 12:25:02,187 [INFO] [INFO] LOSS FUNCTION PLOTTED at ./fig/0424_1222PMloss.png
"2023-04-24 12:25:02,817 [INFO] [INFO] EPISODE 277, LOSS 20.566267013549805
"2023-04-24 12:25:02,850 [INFO] [INFO] LOSS FUNCTION PLOTTED at ./fig/0424_1222PMloss.png
"2023-04-24 12:25:03,531 [INFO] [INFO] EPISODE 278, LOSS 19.248714447021484
"2023-04-24 12:25:03,565 [INFO] [INFO] LOSS FUNCTION PLOTTED at ./fig/0424_1222PMloss.png
"2023-04-24 12:25:04,247 [INFO] [INFO] EPISODE 279, LOSS 24.774608612060547
"2023-04-24 12:25:04,280 [INFO] [INFO] LOSS FUNCTION PLOTTED at ./fig/0424_1222PMloss.png
"2023-04-24 12:25:04,908 [INFO] [INFO] EPISODE 280, LOSS 32.82952117919922
"2023-04-24 12:25:04,942 [INFO] [INFO] LOSS FUNCTION PLOTTED at ./fig/0424_1222PMloss.png
"2023-04-24 12:25:05,627 [INFO] [INFO] EPISODE 281, LOSS 13.830575942993164
"2023-04-24 12:25:05,660 [INFO] [INFO] LOSS FUNCTION PLOTTED at ./fig/0424_1222PMloss.png
"2023-04-24 12:25:06,340 [INFO] [INFO] EPISODE 282, LOSS 20.5955753326416
"2023-04-24 12:25:06,374 [INFO] [INFO] LOSS FUNCTION PLOTTED at ./fig/0424_1222PMloss.png
"2023-04-24 12:25:06,998 [INFO] [INFO] EPISODE 283, LOSS 48.58673095703125
"2023-04-24 12:25:07,032 [INFO] [INFO] LOSS FUNCTION PLOTTED at ./fig/0424_1222PMloss.png
"2023-04-24 12:25:07,739 [INFO] [INFO] EPISODE 284, LOSS 29.768842697143555
"2023-04-24 12:25:07,773 [INFO] [INFO] LOSS FUNCTION PLOTTED at ./fig/0424_1222PMloss.png
"2023-04-24 12:25:08,460 [INFO] [INFO] EPISODE 285, LOSS 23.597265243530273
"2023-04-24 12:25:08,493 [INFO] [INFO] LOSS FUNCTION PLOTTED at ./fig/0424_1222PMloss.png
"2023-04-24 12:25:09,134 [INFO] [INFO] EPISODE 286, LOSS 30.543136596679688
"2023-04-24 12:25:09,169 [INFO] [INFO] LOSS FUNCTION PLOTTED at ./fig/0424_1222PMloss.png
"2023-04-24 12:25:09,863 [INFO] [INFO] EPISODE 287, LOSS 27.836299896240234
"2023-04-24 12:25:09,897 [INFO] [INFO] LOSS FUNCTION PLOTTED at ./fig/0424_1222PMloss.png
"2023-04-24 12:25:10,604 [INFO] [INFO] EPISODE 288, LOSS 31.626863479614258
"2023-04-24 12:25:10,639 [INFO] [INFO] LOSS FUNCTION PLOTTED at ./fig/0424_1222PMloss.png
"2023-04-24 12:25:11,276 [INFO] [INFO] EPISODE 289, LOSS 14.814445495605469
"2023-04-24 12:25:11,311 [INFO] [INFO] LOSS FUNCTION PLOTTED at ./fig/0424_1222PMloss.png
"2023-04-24 12:25:12,020 [INFO] [INFO] EPISODE 290, LOSS 37.058204650878906
"2023-04-24 12:25:12,054 [INFO] [INFO] LOSS FUNCTION PLOTTED at ./fig/0424_1222PMloss.png
"2023-04-24 12:25:12,745 [INFO] [INFO] EPISODE 291, LOSS 29.14021873474121
"2023-04-24 12:25:12,779 [INFO] [INFO] LOSS FUNCTION PLOTTED at ./fig/0424_1222PMloss.png
"2023-04-24 12:25:13,427 [INFO] [INFO] EPISODE 292, LOSS 37.315887451171875
"2023-04-24 12:25:13,460 [INFO] [INFO] LOSS FUNCTION PLOTTED at ./fig/0424_1222PMloss.png
"2023-04-24 12:25:14,076 [INFO] [INFO] EPISODE 293, LOSS 36.8687629699707
"2023-04-24 12:25:14,109 [INFO] [INFO] LOSS FUNCTION PLOTTED at ./fig/0424_1222PMloss.png
"2023-04-24 12:25:14,810 [INFO] [INFO] EPISODE 294, LOSS 27.253021240234375
"2023-04-24 12:25:14,844 [INFO] [INFO] LOSS FUNCTION PLOTTED at ./fig/0424_1222PMloss.png
"2023-04-24 12:25:15,495 [INFO] [INFO] EPISODE 295, LOSS 20.810808181762695
"2023-04-24 12:25:15,577 [INFO] [INFO] LOSS FUNCTION PLOTTED at ./fig/0424_1222PMloss.png
"2023-04-24 12:25:16,280 [INFO] [INFO] EPISODE 296, LOSS 29.93548011779785
"2023-04-24 12:25:16,314 [INFO] [INFO] LOSS FUNCTION PLOTTED at ./fig/0424_1222PMloss.png
"2023-04-24 12:25:16,988 [INFO] [INFO] EPISODE 297, LOSS 26.624067306518555
"2023-04-24 12:25:17,023 [INFO] [INFO] LOSS FUNCTION PLOTTED at ./fig/0424_1222PMloss.png
"2023-04-24 12:25:17,642 [INFO] [INFO] EPISODE 298, LOSS 19.411556243896484
"2023-04-24 12:25:17,679 [INFO] [INFO] LOSS FUNCTION PLOTTED at ./fig/0424_1222PMloss.png
"2023-04-24 12:25:18,294 [INFO] [INFO] EPISODE 299, LOSS 27.500703811645508
"2023-04-24 12:25:18,328 [INFO] [INFO] LOSS FUNCTION PLOTTED at ./fig/0424_1222PMloss.png
"2023-04-24 12:25:19,074 [INFO] [INFO] EPISODE 300, LOSS 13.339158058166504
"2023-04-24 12:25:19,108 [INFO] [INFO] LOSS FUNCTION PLOTTED at ./fig/0424_1222PMloss.png
"2023-04-24 12:25:19,808 [INFO] [INFO] EPISODE 301, LOSS 35.768348693847656
"2023-04-24 12:25:19,842 [INFO] [INFO] LOSS FUNCTION PLOTTED at ./fig/0424_1222PMloss.png
"2023-04-24 12:25:20,582 [INFO] [INFO] EPISODE 302, LOSS 5.084214687347412
"2023-04-24 12:25:20,618 [INFO] [INFO] LOSS FUNCTION PLOTTED at ./fig/0424_1222PMloss.png
"2023-04-24 12:25:21,325 [INFO] [INFO] EPISODE 303, LOSS 27.604106903076172
"2023-04-24 12:25:21,360 [INFO] [INFO] LOSS FUNCTION PLOTTED at ./fig/0424_1222PMloss.png
"2023-04-24 12:25:22,010 [INFO] [INFO] EPISODE 304, LOSS 36.67757797241211
"2023-04-24 12:25:22,045 [INFO] [INFO] LOSS FUNCTION PLOTTED at ./fig/0424_1222PMloss.png
"2023-04-24 12:25:22,768 [INFO] [INFO] EPISODE 305, LOSS 31.076826095581055
"2023-04-24 12:25:22,803 [INFO] [INFO] LOSS FUNCTION PLOTTED at ./fig/0424_1222PMloss.png
"2023-04-24 12:25:23,503 [INFO] [INFO] EPISODE 306, LOSS 24.85762596130371
"2023-04-24 12:25:23,539 [INFO] [INFO] LOSS FUNCTION PLOTTED at ./fig/0424_1222PMloss.png
"2023-04-24 12:25:24,140 [INFO] [INFO] EPISODE 307, LOSS 23.076393127441406
"2023-04-24 12:25:24,176 [INFO] [INFO] LOSS FUNCTION PLOTTED at ./fig/0424_1222PMloss.png
"2023-04-24 12:25:24,836 [INFO] [INFO] EPISODE 308, LOSS 23.682035446166992
"2023-04-24 12:25:24,872 [INFO] [INFO] LOSS FUNCTION PLOTTED at ./fig/0424_1222PMloss.png
"2023-04-24 12:25:25,679 [INFO] [INFO] EPISODE 309, LOSS 36.792755126953125
"2023-04-24 12:25:25,714 [INFO] [INFO] LOSS FUNCTION PLOTTED at ./fig/0424_1222PMloss.png
"2023-04-24 12:25:26,373 [INFO] [INFO] EPISODE 310, LOSS 20.780487060546875
"2023-04-24 12:25:26,409 [INFO] [INFO] LOSS FUNCTION PLOTTED at ./fig/0424_1222PMloss.png
"2023-04-24 12:25:26,951 [INFO] [INFO] EPISODE 311, LOSS 29.585512161254883
"2023-04-24 12:25:26,987 [INFO] [INFO] LOSS FUNCTION PLOTTED at ./fig/0424_1222PMloss.png
"2023-04-24 12:25:27,574 [INFO] [INFO] EPISODE 312, LOSS 15.015852928161621
"2023-04-24 12:25:27,609 [INFO] [INFO] LOSS FUNCTION PLOTTED at ./fig/0424_1222PMloss.png
"2023-04-24 12:25:28,348 [INFO] [INFO] EPISODE 313, LOSS 24.472816467285156
"2023-04-24 12:25:28,383 [INFO] [INFO] LOSS FUNCTION PLOTTED at ./fig/0424_1222PMloss.png
"2023-04-24 12:25:28,996 [INFO] [INFO] EPISODE 314, LOSS 20.636789321899414
"2023-04-24 12:25:29,031 [INFO] [INFO] LOSS FUNCTION PLOTTED at ./fig/0424_1222PMloss.png
"2023-04-24 12:25:29,663 [INFO] [INFO] EPISODE 315, LOSS 4.344225883483887
"2023-04-24 12:25:29,745 [INFO] [INFO] LOSS FUNCTION PLOTTED at ./fig/0424_1222PMloss.png
"2023-04-24 12:25:30,315 [INFO] [INFO] EPISODE 316, LOSS 24.69883155822754
"2023-04-24 12:25:30,350 [INFO] [INFO] LOSS FUNCTION PLOTTED at ./fig/0424_1222PMloss.png
"2023-04-24 12:25:31,040 [INFO] [INFO] EPISODE 317, LOSS 32.45991516113281
"2023-04-24 12:25:31,075 [INFO] [INFO] LOSS FUNCTION PLOTTED at ./fig/0424_1222PMloss.png
"2023-04-24 12:25:31,775 [INFO] [INFO] EPISODE 318, LOSS 36.87946701049805
"2023-04-24 12:25:31,818 [INFO] [INFO] LOSS FUNCTION PLOTTED at ./fig/0424_1222PMloss.png
"2023-04-24 12:25:32,391 [INFO] [INFO] EPISODE 319, LOSS 31.77111053466797
"2023-04-24 12:25:32,427 [INFO] [INFO] LOSS FUNCTION PLOTTED at ./fig/0424_1222PMloss.png
"2023-04-24 12:25:33,093 [INFO] [INFO] EPISODE 320, LOSS 48.661231994628906
"2023-04-24 12:25:33,129 [INFO] [INFO] LOSS FUNCTION PLOTTED at ./fig/0424_1222PMloss.png
"2023-04-24 12:25:33,836 [INFO] [INFO] EPISODE 321, LOSS 18.68698501586914
"2023-04-24 12:25:33,871 [INFO] [INFO] LOSS FUNCTION PLOTTED at ./fig/0424_1222PMloss.png
"2023-04-24 12:25:34,574 [INFO] [INFO] EPISODE 322, LOSS 23.135433197021484
"2023-04-24 12:25:34,610 [INFO] [INFO] LOSS FUNCTION PLOTTED at ./fig/0424_1222PMloss.png
"2023-04-24 12:25:35,214 [INFO] [INFO] EPISODE 323, LOSS 47.70772171020508
"2023-04-24 12:25:35,250 [INFO] [INFO] LOSS FUNCTION PLOTTED at ./fig/0424_1222PMloss.png
"2023-04-24 12:25:35,785 [INFO] [INFO] EPISODE 324, LOSS 24.52947998046875
"2023-04-24 12:25:35,821 [INFO] [INFO] LOSS FUNCTION PLOTTED at ./fig/0424_1222PMloss.png
"2023-04-24 12:25:36,349 [INFO] [INFO] EPISODE 325, LOSS 4.160304069519043
"2023-04-24 12:25:36,384 [INFO] [INFO] LOSS FUNCTION PLOTTED at ./fig/0424_1222PMloss.png
"2023-04-24 12:25:36,934 [INFO] [INFO] EPISODE 326, LOSS 21.201030731201172
"2023-04-24 12:25:36,969 [INFO] [INFO] LOSS FUNCTION PLOTTED at ./fig/0424_1222PMloss.png
"2023-04-24 12:25:37,543 [INFO] [INFO] EPISODE 327, LOSS 19.227664947509766
"2023-04-24 12:25:37,579 [INFO] [INFO] LOSS FUNCTION PLOTTED at ./fig/0424_1222PMloss.png
"2023-04-24 12:25:38,113 [INFO] [INFO] EPISODE 328, LOSS 15.456116676330566
"2023-04-24 12:25:38,149 [INFO] [INFO] LOSS FUNCTION PLOTTED at ./fig/0424_1222PMloss.png
"2023-04-24 12:25:38,679 [INFO] [INFO] EPISODE 329, LOSS 34.41482162475586
"2023-04-24 12:25:38,715 [INFO] [INFO] LOSS FUNCTION PLOTTED at ./fig/0424_1222PMloss.png
"2023-04-24 12:25:39,253 [INFO] [INFO] EPISODE 330, LOSS 4.135977268218994
"2023-04-24 12:25:39,290 [INFO] [INFO] LOSS FUNCTION PLOTTED at ./fig/0424_1222PMloss.png
"2023-04-24 12:25:39,907 [INFO] [INFO] EPISODE 331, LOSS 38.527862548828125
"2023-04-24 12:25:39,943 [INFO] [INFO] LOSS FUNCTION PLOTTED at ./fig/0424_1222PMloss.png
"2023-04-24 12:25:40,533 [INFO] [INFO] EPISODE 332, LOSS 26.85548210144043
"2023-04-24 12:25:40,569 [INFO] [INFO] LOSS FUNCTION PLOTTED at ./fig/0424_1222PMloss.png
"2023-04-24 12:25:41,105 [INFO] [INFO] EPISODE 333, LOSS 27.608427047729492
"2023-04-24 12:25:41,142 [INFO] [INFO] LOSS FUNCTION PLOTTED at ./fig/0424_1222PMloss.png
"2023-04-24 12:25:41,719 [INFO] [INFO] EPISODE 334, LOSS 30.611467361450195
"2023-04-24 12:25:41,808 [INFO] [INFO] LOSS FUNCTION PLOTTED at ./fig/0424_1222PMloss.png
"2023-04-24 12:25:42,561 [INFO] [INFO] EPISODE 335, LOSS 24.563642501831055
"2023-04-24 12:25:42,600 [INFO] [INFO] LOSS FUNCTION PLOTTED at ./fig/0424_1222PMloss.png
"2023-04-24 12:25:43,171 [INFO] [INFO] EPISODE 336, LOSS 25.623504638671875
"2023-04-24 12:25:43,208 [INFO] [INFO] LOSS FUNCTION PLOTTED at ./fig/0424_1222PMloss.png
"2023-04-24 12:25:43,860 [INFO] [INFO] EPISODE 337, LOSS 14.97187614440918
"2023-04-24 12:25:43,897 [INFO] [INFO] LOSS FUNCTION PLOTTED at ./fig/0424_1222PMloss.png
"2023-04-24 12:25:44,513 [INFO] [INFO] EPISODE 338, LOSS 35.76911926269531
"2023-04-24 12:25:44,550 [INFO] [INFO] LOSS FUNCTION PLOTTED at ./fig/0424_1222PMloss.png
"2023-04-24 12:25:45,091 [INFO] [INFO] EPISODE 339, LOSS 38.052391052246094
"2023-04-24 12:25:45,127 [INFO] [INFO] LOSS FUNCTION PLOTTED at ./fig/0424_1222PMloss.png
"2023-04-24 12:25:45,698 [INFO] [INFO] EPISODE 340, LOSS 31.266759872436523
"2023-04-24 12:25:45,735 [INFO] [INFO] LOSS FUNCTION PLOTTED at ./fig/0424_1222PMloss.png
"2023-04-24 12:25:46,284 [INFO] [INFO] EPISODE 341, LOSS 30.773561477661133
"2023-04-24 12:25:46,320 [INFO] [INFO] LOSS FUNCTION PLOTTED at ./fig/0424_1222PMloss.png
"2023-04-24 12:25:46,881 [INFO] [INFO] EPISODE 342, LOSS 21.585569381713867
"2023-04-24 12:25:46,918 [INFO] [INFO] LOSS FUNCTION PLOTTED at ./fig/0424_1222PMloss.png
"2023-04-24 12:25:47,463 [INFO] [INFO] EPISODE 343, LOSS 30.77306365966797
"2023-04-24 12:25:47,501 [INFO] [INFO] LOSS FUNCTION PLOTTED at ./fig/0424_1222PMloss.png
"2023-04-24 12:25:48,105 [INFO] [INFO] EPISODE 344, LOSS 29.4652042388916
"2023-04-24 12:25:48,140 [INFO] [INFO] LOSS FUNCTION PLOTTED at ./fig/0424_1222PMloss.png
"2023-04-24 12:25:48,728 [INFO] [INFO] EPISODE 345, LOSS 25.9964542388916
"2023-04-24 12:25:48,763 [INFO] [INFO] LOSS FUNCTION PLOTTED at ./fig/0424_1222PMloss.png
"2023-04-24 12:25:49,312 [INFO] [INFO] EPISODE 346, LOSS 34.59633255004883
"2023-04-24 12:25:49,348 [INFO] [INFO] LOSS FUNCTION PLOTTED at ./fig/0424_1222PMloss.png
"2023-04-24 12:25:49,917 [INFO] [INFO] EPISODE 347, LOSS 21.678627014160156
"2023-04-24 12:25:49,953 [INFO] [INFO] LOSS FUNCTION PLOTTED at ./fig/0424_1222PMloss.png
"2023-04-24 12:25:50,480 [INFO] [INFO] EPISODE 348, LOSS 26.753084182739258
"2023-04-24 12:25:50,515 [INFO] [INFO] LOSS FUNCTION PLOTTED at ./fig/0424_1222PMloss.png
"2023-04-24 12:25:51,090 [INFO] [INFO] EPISODE 349, LOSS 11.763237953186035
"2023-04-24 12:25:51,126 [INFO] [INFO] LOSS FUNCTION PLOTTED at ./fig/0424_1222PMloss.png
"2023-04-24 12:25:51,657 [INFO] [INFO] EPISODE 350, LOSS 30.635217666625977
"2023-04-24 12:25:51,693 [INFO] [INFO] LOSS FUNCTION PLOTTED at ./fig/0424_1222PMloss.png
"2023-04-24 12:25:52,267 [INFO] [INFO] EPISODE 351, LOSS 28.643718719482422
"2023-04-24 12:25:52,351 [INFO] [INFO] LOSS FUNCTION PLOTTED at ./fig/0424_1222PMloss.png
"2023-04-24 12:25:52,935 [INFO] [INFO] EPISODE 352, LOSS 23.607158660888672
"2023-04-24 12:25:52,971 [INFO] [INFO] LOSS FUNCTION PLOTTED at ./fig/0424_1222PMloss.png
"2023-04-24 12:25:53,500 [INFO] [INFO] EPISODE 353, LOSS 29.56275749206543
"2023-04-24 12:25:53,536 [INFO] [INFO] LOSS FUNCTION PLOTTED at ./fig/0424_1222PMloss.png
"2023-04-24 12:25:54,108 [INFO] [INFO] EPISODE 354, LOSS 30.318084716796875
"2023-04-24 12:25:54,144 [INFO] [INFO] LOSS FUNCTION PLOTTED at ./fig/0424_1222PMloss.png
"2023-04-24 12:25:54,674 [INFO] [INFO] EPISODE 355, LOSS 14.74867057800293
"2023-04-24 12:25:54,710 [INFO] [INFO] LOSS FUNCTION PLOTTED at ./fig/0424_1222PMloss.png
"2023-04-24 12:25:55,291 [INFO] [INFO] EPISODE 356, LOSS 41.42927169799805
"2023-04-24 12:25:55,327 [INFO] [INFO] LOSS FUNCTION PLOTTED at ./fig/0424_1222PMloss.png
"2023-04-24 12:25:55,853 [INFO] [INFO] EPISODE 357, LOSS 29.188465118408203
"2023-04-24 12:25:55,889 [INFO] [INFO] LOSS FUNCTION PLOTTED at ./fig/0424_1222PMloss.png
"2023-04-24 12:25:56,456 [INFO] [INFO] EPISODE 358, LOSS 24.992345809936523
"2023-04-24 12:25:56,493 [INFO] [INFO] LOSS FUNCTION PLOTTED at ./fig/0424_1222PMloss.png
"2023-04-24 12:25:57,022 [INFO] [INFO] EPISODE 359, LOSS 23.94377326965332
"2023-04-24 12:25:57,058 [INFO] [INFO] LOSS FUNCTION PLOTTED at ./fig/0424_1222PMloss.png
"2023-04-24 12:25:57,621 [INFO] [INFO] EPISODE 360, LOSS 29.426130294799805
"2023-04-24 12:25:57,657 [INFO] [INFO] LOSS FUNCTION PLOTTED at ./fig/0424_1222PMloss.png
"2023-04-24 12:25:58,258 [INFO] [INFO] EPISODE 361, LOSS 31.054807662963867
"2023-04-24 12:25:58,294 [INFO] [INFO] LOSS FUNCTION PLOTTED at ./fig/0424_1222PMloss.png
"2023-04-24 12:25:58,843 [INFO] [INFO] EPISODE 362, LOSS 12.819988250732422
"2023-04-24 12:25:58,880 [INFO] [INFO] LOSS FUNCTION PLOTTED at ./fig/0424_1222PMloss.png
"2023-04-24 12:25:59,453 [INFO] [INFO] EPISODE 363, LOSS 32.85073471069336
"2023-04-24 12:25:59,489 [INFO] [INFO] LOSS FUNCTION PLOTTED at ./fig/0424_1222PMloss.png
"2023-04-24 12:26:00,028 [INFO] [INFO] EPISODE 364, LOSS 29.457942962646484
"2023-04-24 12:26:00,064 [INFO] [INFO] LOSS FUNCTION PLOTTED at ./fig/0424_1222PMloss.png
"2023-04-24 12:26:00,673 [INFO] [INFO] EPISODE 365, LOSS 36.07024383544922
"2023-04-24 12:26:00,710 [INFO] [INFO] LOSS FUNCTION PLOTTED at ./fig/0424_1222PMloss.png
"2023-04-24 12:26:01,332 [INFO] [INFO] EPISODE 366, LOSS 34.24774932861328
"2023-04-24 12:26:01,368 [INFO] [INFO] LOSS FUNCTION PLOTTED at ./fig/0424_1222PMloss.png
"2023-04-24 12:26:02,036 [INFO] [INFO] EPISODE 367, LOSS 29.718036651611328
"2023-04-24 12:26:02,073 [INFO] [INFO] LOSS FUNCTION PLOTTED at ./fig/0424_1222PMloss.png
"2023-04-24 12:26:02,689 [INFO] [INFO] EPISODE 368, LOSS 26.254575729370117
"2023-04-24 12:26:02,725 [INFO] [INFO] LOSS FUNCTION PLOTTED at ./fig/0424_1222PMloss.png
"2023-04-24 12:26:03,274 [INFO] [INFO] EPISODE 369, LOSS 29.642606735229492
"2023-04-24 12:26:03,310 [INFO] [INFO] LOSS FUNCTION PLOTTED at ./fig/0424_1222PMloss.png
"2023-04-24 12:26:03,901 [INFO] [INFO] EPISODE 370, LOSS 27.94534683227539
"2023-04-24 12:26:03,989 [INFO] [INFO] LOSS FUNCTION PLOTTED at ./fig/0424_1222PMloss.png
"2023-04-24 12:26:04,631 [INFO] [INFO] EPISODE 371, LOSS 25.657958984375
"2023-04-24 12:26:04,668 [INFO] [INFO] LOSS FUNCTION PLOTTED at ./fig/0424_1222PMloss.png
"2023-04-24 12:26:05,228 [INFO] [INFO] EPISODE 372, LOSS 34.08646011352539
"2023-04-24 12:26:05,264 [INFO] [INFO] LOSS FUNCTION PLOTTED at ./fig/0424_1222PMloss.png
"2023-04-24 12:26:05,851 [INFO] [INFO] EPISODE 373, LOSS 27.285350799560547
"2023-04-24 12:26:05,887 [INFO] [INFO] LOSS FUNCTION PLOTTED at ./fig/0424_1222PMloss.png
"2023-04-24 12:26:06,420 [INFO] [INFO] EPISODE 374, LOSS 32.22945022583008
"2023-04-24 12:26:06,457 [INFO] [INFO] LOSS FUNCTION PLOTTED at ./fig/0424_1222PMloss.png
"2023-04-24 12:26:07,040 [INFO] [INFO] EPISODE 375, LOSS 23.126544952392578
"2023-04-24 12:26:07,076 [INFO] [INFO] LOSS FUNCTION PLOTTED at ./fig/0424_1222PMloss.png
"2023-04-24 12:26:07,607 [INFO] [INFO] EPISODE 376, LOSS 22.43195915222168
"2023-04-24 12:26:07,643 [INFO] [INFO] LOSS FUNCTION PLOTTED at ./fig/0424_1222PMloss.png
"2023-04-24 12:26:08,269 [INFO] [INFO] EPISODE 377, LOSS 18.679916381835938
"2023-04-24 12:26:08,306 [INFO] [INFO] LOSS FUNCTION PLOTTED at ./fig/0424_1222PMloss.png
"2023-04-24 12:26:08,881 [INFO] [INFO] EPISODE 378, LOSS 10.614086151123047
"2023-04-24 12:26:08,918 [INFO] [INFO] LOSS FUNCTION PLOTTED at ./fig/0424_1222PMloss.png
"2023-04-24 12:26:09,495 [INFO] [INFO] EPISODE 379, LOSS 24.19859504699707
"2023-04-24 12:26:09,531 [INFO] [INFO] LOSS FUNCTION PLOTTED at ./fig/0424_1222PMloss.png
"2023-04-24 12:26:10,332 [INFO] [INFO] EPISODE 380, LOSS 20.183130264282227
"2023-04-24 12:26:10,369 [INFO] [INFO] LOSS FUNCTION PLOTTED at ./fig/0424_1222PMloss.png
"2023-04-24 12:26:10,981 [INFO] [INFO] EPISODE 381, LOSS 32.008811950683594
"2023-04-24 12:26:11,019 [INFO] [INFO] LOSS FUNCTION PLOTTED at ./fig/0424_1222PMloss.png
"2023-04-24 12:26:11,550 [INFO] [INFO] EPISODE 382, LOSS 19.23564338684082
"2023-04-24 12:26:11,587 [INFO] [INFO] LOSS FUNCTION PLOTTED at ./fig/0424_1222PMloss.png
"2023-04-24 12:26:12,114 [INFO] [INFO] EPISODE 383, LOSS 26.404766082763672
"2023-04-24 12:26:12,151 [INFO] [INFO] LOSS FUNCTION PLOTTED at ./fig/0424_1222PMloss.png
"2023-04-24 12:26:12,685 [INFO] [INFO] EPISODE 384, LOSS 35.38776779174805
"2023-04-24 12:26:12,722 [INFO] [INFO] LOSS FUNCTION PLOTTED at ./fig/0424_1222PMloss.png
"2023-04-24 12:26:13,265 [INFO] [INFO] EPISODE 385, LOSS 24.68671417236328
"2023-04-24 12:26:13,302 [INFO] [INFO] LOSS FUNCTION PLOTTED at ./fig/0424_1222PMloss.png
"2023-04-24 12:26:13,824 [INFO] [INFO] EPISODE 386, LOSS 27.330078125
"2023-04-24 12:26:13,860 [INFO] [INFO] LOSS FUNCTION PLOTTED at ./fig/0424_1222PMloss.png
"2023-04-24 12:26:14,384 [INFO] [INFO] EPISODE 387, LOSS 27.275312423706055
"2023-04-24 12:26:14,419 [INFO] [INFO] LOSS FUNCTION PLOTTED at ./fig/0424_1222PMloss.png
"2023-04-24 12:26:14,943 [INFO] [INFO] EPISODE 388, LOSS 24.36143684387207
"2023-04-24 12:26:15,027 [INFO] [INFO] LOSS FUNCTION PLOTTED at ./fig/0424_1222PMloss.png
"2023-04-24 12:26:15,555 [INFO] [INFO] EPISODE 389, LOSS 21.556509017944336
"2023-04-24 12:26:15,591 [INFO] [INFO] LOSS FUNCTION PLOTTED at ./fig/0424_1222PMloss.png
"2023-04-24 12:26:16,134 [INFO] [INFO] EPISODE 390, LOSS 33.38813400268555
"2023-04-24 12:26:16,175 [INFO] [INFO] LOSS FUNCTION PLOTTED at ./fig/0424_1222PMloss.png
"2023-04-24 12:26:16,730 [INFO] [INFO] EPISODE 391, LOSS 37.96821594238281
"2023-04-24 12:26:16,767 [INFO] [INFO] LOSS FUNCTION PLOTTED at ./fig/0424_1222PMloss.png
"2023-04-24 12:26:17,337 [INFO] [INFO] EPISODE 392, LOSS 21.07225799560547
"2023-04-24 12:26:17,375 [INFO] [INFO] LOSS FUNCTION PLOTTED at ./fig/0424_1222PMloss.png
"2023-04-24 12:26:17,929 [INFO] [INFO] EPISODE 393, LOSS 25.30548858642578
"2023-04-24 12:26:17,967 [INFO] [INFO] LOSS FUNCTION PLOTTED at ./fig/0424_1222PMloss.png
"2023-04-24 12:26:18,529 [INFO] [INFO] EPISODE 394, LOSS 35.85316467285156
"2023-04-24 12:26:18,566 [INFO] [INFO] LOSS FUNCTION PLOTTED at ./fig/0424_1222PMloss.png
"2023-04-24 12:26:19,115 [INFO] [INFO] EPISODE 395, LOSS 23.204652786254883
"2023-04-24 12:26:19,152 [INFO] [INFO] LOSS FUNCTION PLOTTED at ./fig/0424_1222PMloss.png
"2023-04-24 12:26:19,677 [INFO] [INFO] EPISODE 396, LOSS 21.494956970214844
"2023-04-24 12:26:19,714 [INFO] [INFO] LOSS FUNCTION PLOTTED at ./fig/0424_1222PMloss.png
"2023-04-24 12:26:20,245 [INFO] [INFO] EPISODE 397, LOSS 29.469482421875
"2023-04-24 12:26:20,283 [INFO] [INFO] LOSS FUNCTION PLOTTED at ./fig/0424_1222PMloss.png
"2023-04-24 12:26:20,835 [INFO] [INFO] EPISODE 398, LOSS 26.440448760986328
"2023-04-24 12:26:20,872 [INFO] [INFO] LOSS FUNCTION PLOTTED at ./fig/0424_1222PMloss.png
"2023-04-24 12:26:21,431 [INFO] [INFO] EPISODE 399, LOSS 27.601163864135742
"2023-04-24 12:26:21,470 [INFO] [INFO] LOSS FUNCTION PLOTTED at ./fig/0424_1222PMloss.png
"2023-04-24 12:26:22,031 [INFO] [INFO] EPISODE 400, LOSS 26.540939331054688
"2023-04-24 12:26:22,068 [INFO] [INFO] LOSS FUNCTION PLOTTED at ./fig/0424_1222PMloss.png
"2023-04-24 12:26:22,612 [INFO] [INFO] EPISODE 401, LOSS 41.962364196777344
"2023-04-24 12:26:22,649 [INFO] [INFO] LOSS FUNCTION PLOTTED at ./fig/0424_1222PMloss.png
"2023-04-24 12:26:23,177 [INFO] [INFO] EPISODE 402, LOSS 12.546438217163086
"2023-04-24 12:26:23,215 [INFO] [INFO] LOSS FUNCTION PLOTTED at ./fig/0424_1222PMloss.png
"2023-04-24 12:26:23,739 [INFO] [INFO] EPISODE 403, LOSS 11.003398895263672
"2023-04-24 12:26:23,776 [INFO] [INFO] LOSS FUNCTION PLOTTED at ./fig/0424_1222PMloss.png
"2023-04-24 12:26:24,313 [INFO] [INFO] EPISODE 404, LOSS 31.05338478088379
"2023-04-24 12:26:24,350 [INFO] [INFO] LOSS FUNCTION PLOTTED at ./fig/0424_1222PMloss.png
"2023-04-24 12:26:24,892 [INFO] [INFO] EPISODE 405, LOSS 30.934358596801758
"2023-04-24 12:26:24,977 [INFO] [INFO] LOSS FUNCTION PLOTTED at ./fig/0424_1222PMloss.png
"2023-04-24 12:26:25,526 [INFO] [INFO] EPISODE 406, LOSS 20.337175369262695
"2023-04-24 12:26:25,563 [INFO] [INFO] LOSS FUNCTION PLOTTED at ./fig/0424_1222PMloss.png
"2023-04-24 12:26:26,099 [INFO] [INFO] EPISODE 407, LOSS 32.25849533081055
"2023-04-24 12:26:26,136 [INFO] [INFO] LOSS FUNCTION PLOTTED at ./fig/0424_1222PMloss.png
"2023-04-24 12:26:26,657 [INFO] [INFO] EPISODE 408, LOSS 7.97506046295166
"2023-04-24 12:26:26,694 [INFO] [INFO] LOSS FUNCTION PLOTTED at ./fig/0424_1222PMloss.png
"2023-04-24 12:26:27,282 [INFO] [INFO] EPISODE 409, LOSS 33.03784942626953
"2023-04-24 12:26:27,319 [INFO] [INFO] LOSS FUNCTION PLOTTED at ./fig/0424_1222PMloss.png
"2023-04-24 12:26:27,856 [INFO] [INFO] EPISODE 410, LOSS 27.619104385375977
"2023-04-24 12:26:27,890 [INFO] [INFO] LOSS FUNCTION PLOTTED at ./fig/0424_1222PMloss.png
"2023-04-24 12:26:28,483 [INFO] [INFO] EPISODE 411, LOSS 7.248300075531006
"2023-04-24 12:26:28,518 [INFO] [INFO] LOSS FUNCTION PLOTTED at ./fig/0424_1222PMloss.png
"2023-04-24 12:26:29,168 [INFO] [INFO] EPISODE 412, LOSS 21.235822677612305
"2023-04-24 12:26:29,203 [INFO] [INFO] LOSS FUNCTION PLOTTED at ./fig/0424_1222PMloss.png
"2023-04-24 12:26:29,744 [INFO] [INFO] EPISODE 413, LOSS 15.034470558166504
"2023-04-24 12:26:29,779 [INFO] [INFO] LOSS FUNCTION PLOTTED at ./fig/0424_1222PMloss.png
"2023-04-24 12:26:30,354 [INFO] [INFO] EPISODE 414, LOSS 22.96906852722168
"2023-04-24 12:26:30,389 [INFO] [INFO] LOSS FUNCTION PLOTTED at ./fig/0424_1222PMloss.png
"2023-04-24 12:26:30,919 [INFO] [INFO] EPISODE 415, LOSS 25.861120223999023
"2023-04-24 12:26:30,953 [INFO] [INFO] LOSS FUNCTION PLOTTED at ./fig/0424_1222PMloss.png
"2023-04-24 12:26:31,552 [INFO] [INFO] EPISODE 416, LOSS 20.260086059570312
"2023-04-24 12:26:31,587 [INFO] [INFO] LOSS FUNCTION PLOTTED at ./fig/0424_1222PMloss.png
"2023-04-24 12:26:32,125 [INFO] [INFO] EPISODE 417, LOSS 23.837936401367188
"2023-04-24 12:26:32,159 [INFO] [INFO] LOSS FUNCTION PLOTTED at ./fig/0424_1222PMloss.png
"2023-04-24 12:26:32,707 [INFO] [INFO] EPISODE 418, LOSS 9.744827270507812
"2023-04-24 12:26:32,742 [INFO] [INFO] LOSS FUNCTION PLOTTED at ./fig/0424_1222PMloss.png
"2023-04-24 12:26:33,334 [INFO] [INFO] EPISODE 419, LOSS 22.292232513427734
"2023-04-24 12:26:33,369 [INFO] [INFO] LOSS FUNCTION PLOTTED at ./fig/0424_1222PMloss.png
"2023-04-24 12:26:33,902 [INFO] [INFO] EPISODE 420, LOSS 9.292000770568848
"2023-04-24 12:26:33,936 [INFO] [INFO] LOSS FUNCTION PLOTTED at ./fig/0424_1222PMloss.png
"2023-04-24 12:26:34,574 [INFO] [INFO] EPISODE 421, LOSS 20.138057708740234
"2023-04-24 12:26:34,609 [INFO] [INFO] LOSS FUNCTION PLOTTED at ./fig/0424_1222PMloss.png
"2023-04-24 12:26:35,141 [INFO] [INFO] EPISODE 422, LOSS 17.912137985229492
"2023-04-24 12:26:35,176 [INFO] [INFO] LOSS FUNCTION PLOTTED at ./fig/0424_1222PMloss.png
"2023-04-24 12:26:35,759 [INFO] [INFO] EPISODE 423, LOSS 23.300451278686523
"2023-04-24 12:26:35,842 [INFO] [INFO] LOSS FUNCTION PLOTTED at ./fig/0424_1222PMloss.png
"2023-04-24 12:26:36,371 [INFO] [INFO] EPISODE 424, LOSS 20.862545013427734
"2023-04-24 12:26:36,405 [INFO] [INFO] LOSS FUNCTION PLOTTED at ./fig/0424_1222PMloss.png
"2023-04-24 12:26:37,056 [INFO] [INFO] EPISODE 425, LOSS 20.493202209472656
"2023-04-24 12:26:37,091 [INFO] [INFO] LOSS FUNCTION PLOTTED at ./fig/0424_1222PMloss.png
"2023-04-24 12:26:37,709 [INFO] [INFO] EPISODE 426, LOSS 8.353643417358398
"2023-04-24 12:26:37,744 [INFO] [INFO] LOSS FUNCTION PLOTTED at ./fig/0424_1222PMloss.png
"2023-04-24 12:26:38,304 [INFO] [INFO] EPISODE 427, LOSS 17.731311798095703
"2023-04-24 12:26:38,339 [INFO] [INFO] LOSS FUNCTION PLOTTED at ./fig/0424_1222PMloss.png
"2023-04-24 12:26:39,075 [INFO] [INFO] EPISODE 428, LOSS 24.87208366394043
"2023-04-24 12:26:39,110 [INFO] [INFO] LOSS FUNCTION PLOTTED at ./fig/0424_1222PMloss.png
"2023-04-24 12:26:39,732 [INFO] [INFO] EPISODE 429, LOSS 30.815162658691406
"2023-04-24 12:26:39,767 [INFO] [INFO] LOSS FUNCTION PLOTTED at ./fig/0424_1222PMloss.png
"2023-04-24 12:26:40,305 [INFO] [INFO] EPISODE 430, LOSS 10.192480087280273
"2023-04-24 12:26:40,340 [INFO] [INFO] LOSS FUNCTION PLOTTED at ./fig/0424_1222PMloss.png
"2023-04-24 12:26:40,893 [INFO] [INFO] EPISODE 431, LOSS 29.95384979248047
"2023-04-24 12:26:40,927 [INFO] [INFO] LOSS FUNCTION PLOTTED at ./fig/0424_1222PMloss.png
"2023-04-24 12:26:41,461 [INFO] [INFO] EPISODE 432, LOSS 35.06303787231445
"2023-04-24 12:26:41,496 [INFO] [INFO] LOSS FUNCTION PLOTTED at ./fig/0424_1222PMloss.png
"2023-04-24 12:26:42,214 [INFO] [INFO] EPISODE 433, LOSS 31.797588348388672
"2023-04-24 12:26:42,248 [INFO] [INFO] LOSS FUNCTION PLOTTED at ./fig/0424_1222PMloss.png
"2023-04-24 12:26:42,795 [INFO] [INFO] EPISODE 434, LOSS 26.42437171936035
"2023-04-24 12:26:42,830 [INFO] [INFO] LOSS FUNCTION PLOTTED at ./fig/0424_1222PMloss.png
"2023-04-24 12:26:43,358 [INFO] [INFO] EPISODE 435, LOSS 33.851409912109375
"2023-04-24 12:26:43,392 [INFO] [INFO] LOSS FUNCTION PLOTTED at ./fig/0424_1222PMloss.png
"2023-04-24 12:26:43,904 [INFO] [INFO] EPISODE 436, LOSS 19.437028884887695
"2023-04-24 12:26:43,938 [INFO] [INFO] LOSS FUNCTION PLOTTED at ./fig/0424_1222PMloss.png
"2023-04-24 12:26:44,446 [INFO] [INFO] EPISODE 437, LOSS 7.242928981781006
"2023-04-24 12:26:44,481 [INFO] [INFO] LOSS FUNCTION PLOTTED at ./fig/0424_1222PMloss.png
"2023-04-24 12:26:45,141 [INFO] [INFO] EPISODE 438, LOSS 18.984390258789062
"2023-04-24 12:26:45,177 [INFO] [INFO] LOSS FUNCTION PLOTTED at ./fig/0424_1222PMloss.png
"2023-04-24 12:26:45,756 [INFO] [INFO] EPISODE 439, LOSS 17.562475204467773
"2023-04-24 12:26:45,794 [INFO] [INFO] LOSS FUNCTION PLOTTED at ./fig/0424_1222PMloss.png
"2023-04-24 12:26:46,376 [INFO] [INFO] EPISODE 440, LOSS 46.3416633605957
"2023-04-24 12:26:46,413 [INFO] [INFO] LOSS FUNCTION PLOTTED at ./fig/0424_1222PMloss.png
"2023-04-24 12:26:47,022 [INFO] [INFO] EPISODE 441, LOSS 16.562667846679688
"2023-04-24 12:26:47,060 [INFO] [INFO] LOSS FUNCTION PLOTTED at ./fig/0424_1222PMloss.png
"2023-04-24 12:26:47,645 [INFO] [INFO] EPISODE 442, LOSS 22.263996124267578
"2023-04-24 12:26:47,681 [INFO] [INFO] LOSS FUNCTION PLOTTED at ./fig/0424_1222PMloss.png
"2023-04-24 12:26:48,318 [INFO] [INFO] EPISODE 443, LOSS 41.700435638427734
"2023-04-24 12:26:48,353 [INFO] [INFO] LOSS FUNCTION PLOTTED at ./fig/0424_1222PMloss.png
"2023-04-24 12:26:48,939 [INFO] [INFO] EPISODE 444, LOSS 9.56254768371582
"2023-04-24 12:26:49,022 [INFO] [INFO] LOSS FUNCTION PLOTTED at ./fig/0424_1222PMloss.png
"2023-04-24 12:26:49,662 [INFO] [INFO] EPISODE 445, LOSS 22.499277114868164
"2023-04-24 12:26:49,698 [INFO] [INFO] LOSS FUNCTION PLOTTED at ./fig/0424_1222PMloss.png
"2023-04-24 12:26:50,297 [INFO] [INFO] EPISODE 446, LOSS 29.19852066040039
"2023-04-24 12:26:50,332 [INFO] [INFO] LOSS FUNCTION PLOTTED at ./fig/0424_1222PMloss.png
"2023-04-24 12:26:50,914 [INFO] [INFO] EPISODE 447, LOSS 22.768476486206055
"2023-04-24 12:26:50,950 [INFO] [INFO] LOSS FUNCTION PLOTTED at ./fig/0424_1222PMloss.png
"2023-04-24 12:26:51,512 [INFO] [INFO] EPISODE 448, LOSS 18.279020309448242
"2023-04-24 12:26:51,547 [INFO] [INFO] LOSS FUNCTION PLOTTED at ./fig/0424_1222PMloss.png
"2023-04-24 12:26:52,110 [INFO] [INFO] EPISODE 449, LOSS 15.364391326904297
"2023-04-24 12:26:52,145 [INFO] [INFO] LOSS FUNCTION PLOTTED at ./fig/0424_1222PMloss.png
"2023-04-24 12:26:52,726 [INFO] [INFO] EPISODE 450, LOSS 16.49565887451172
"2023-04-24 12:26:52,761 [INFO] [INFO] LOSS FUNCTION PLOTTED at ./fig/0424_1222PMloss.png
"2023-04-24 12:26:53,341 [INFO] [INFO] EPISODE 451, LOSS 28.495376586914062
"2023-04-24 12:26:53,376 [INFO] [INFO] LOSS FUNCTION PLOTTED at ./fig/0424_1222PMloss.png
"2023-04-24 12:26:53,907 [INFO] [INFO] EPISODE 452, LOSS 33.901268005371094
"2023-04-24 12:26:53,942 [INFO] [INFO] LOSS FUNCTION PLOTTED at ./fig/0424_1222PMloss.png
"2023-04-24 12:26:54,507 [INFO] [INFO] EPISODE 453, LOSS 23.183156967163086
"2023-04-24 12:26:54,542 [INFO] [INFO] LOSS FUNCTION PLOTTED at ./fig/0424_1222PMloss.png
"2023-04-24 12:26:55,106 [INFO] [INFO] EPISODE 454, LOSS 16.998641967773438
"2023-04-24 12:26:55,141 [INFO] [INFO] LOSS FUNCTION PLOTTED at ./fig/0424_1222PMloss.png
"2023-04-24 12:26:55,757 [INFO] [INFO] EPISODE 455, LOSS 22.7549991607666
"2023-04-24 12:26:55,792 [INFO] [INFO] LOSS FUNCTION PLOTTED at ./fig/0424_1222PMloss.png
"2023-04-24 12:26:56,350 [INFO] [INFO] EPISODE 456, LOSS 30.64000701904297
"2023-04-24 12:26:56,385 [INFO] [INFO] LOSS FUNCTION PLOTTED at ./fig/0424_1222PMloss.png
"2023-04-24 12:26:56,910 [INFO] [INFO] EPISODE 457, LOSS 29.05667495727539
"2023-04-24 12:26:56,944 [INFO] [INFO] LOSS FUNCTION PLOTTED at ./fig/0424_1222PMloss.png
"2023-04-24 12:26:57,461 [INFO] [INFO] EPISODE 458, LOSS 24.713485717773438
"2023-04-24 12:26:57,495 [INFO] [INFO] LOSS FUNCTION PLOTTED at ./fig/0424_1222PMloss.png
"2023-04-24 12:26:58,040 [INFO] [INFO] EPISODE 459, LOSS 20.759984970092773
"2023-04-24 12:26:58,074 [INFO] [INFO] LOSS FUNCTION PLOTTED at ./fig/0424_1222PMloss.png
"2023-04-24 12:26:58,616 [INFO] [INFO] EPISODE 460, LOSS 32.641578674316406
"2023-04-24 12:26:58,651 [INFO] [INFO] LOSS FUNCTION PLOTTED at ./fig/0424_1222PMloss.png
"2023-04-24 12:26:59,172 [INFO] [INFO] EPISODE 461, LOSS 30.38319206237793
"2023-04-24 12:26:59,207 [INFO] [INFO] LOSS FUNCTION PLOTTED at ./fig/0424_1222PMloss.png
"2023-04-24 12:26:59,725 [INFO] [INFO] EPISODE 462, LOSS 24.595590591430664
"2023-04-24 12:26:59,759 [INFO] [INFO] LOSS FUNCTION PLOTTED at ./fig/0424_1222PMloss.png
"2023-04-24 12:27:00,324 [INFO] [INFO] EPISODE 463, LOSS 33.927040100097656
"2023-04-24 12:27:00,359 [INFO] [INFO] LOSS FUNCTION PLOTTED at ./fig/0424_1222PMloss.png
"2023-04-24 12:27:00,923 [INFO] [INFO] EPISODE 464, LOSS 29.417762756347656
"2023-04-24 12:27:00,958 [INFO] [INFO] LOSS FUNCTION PLOTTED at ./fig/0424_1222PMloss.png
"2023-04-24 12:27:01,543 [INFO] [INFO] EPISODE 465, LOSS 22.1058349609375
"2023-04-24 12:27:01,627 [INFO] [INFO] LOSS FUNCTION PLOTTED at ./fig/0424_1222PMloss.png
"2023-04-24 12:27:02,190 [INFO] [INFO] EPISODE 466, LOSS 35.97925567626953
"2023-04-24 12:27:02,225 [INFO] [INFO] LOSS FUNCTION PLOTTED at ./fig/0424_1222PMloss.png
"2023-04-24 12:27:03,010 [INFO] [INFO] EPISODE 467, LOSS 25.381500244140625
"2023-04-24 12:27:03,045 [INFO] [INFO] LOSS FUNCTION PLOTTED at ./fig/0424_1222PMloss.png
"2023-04-24 12:27:03,666 [INFO] [INFO] EPISODE 468, LOSS 19.97504234313965
"2023-04-24 12:27:03,701 [INFO] [INFO] LOSS FUNCTION PLOTTED at ./fig/0424_1222PMloss.png
"2023-04-24 12:27:04,310 [INFO] [INFO] EPISODE 469, LOSS 29.68788719177246
"2023-04-24 12:27:04,344 [INFO] [INFO] LOSS FUNCTION PLOTTED at ./fig/0424_1222PMloss.png
"2023-04-24 12:27:04,883 [INFO] [INFO] EPISODE 470, LOSS 28.32554054260254
"2023-04-24 12:27:04,917 [INFO] [INFO] LOSS FUNCTION PLOTTED at ./fig/0424_1222PMloss.png
"2023-04-24 12:27:05,443 [INFO] [INFO] EPISODE 471, LOSS 9.319997787475586
"2023-04-24 12:27:05,478 [INFO] [INFO] LOSS FUNCTION PLOTTED at ./fig/0424_1222PMloss.png
"2023-04-24 12:27:06,000 [INFO] [INFO] EPISODE 472, LOSS 20.89080238342285
"2023-04-24 12:27:06,036 [INFO] [INFO] LOSS FUNCTION PLOTTED at ./fig/0424_1222PMloss.png
"2023-04-24 12:27:06,583 [INFO] [INFO] EPISODE 473, LOSS 24.121017456054688
"2023-04-24 12:27:06,618 [INFO] [INFO] LOSS FUNCTION PLOTTED at ./fig/0424_1222PMloss.png
"2023-04-24 12:27:07,154 [INFO] [INFO] EPISODE 474, LOSS 28.652742385864258
"2023-04-24 12:27:07,189 [INFO] [INFO] LOSS FUNCTION PLOTTED at ./fig/0424_1222PMloss.png
"2023-04-24 12:27:07,788 [INFO] [INFO] EPISODE 475, LOSS 29.07973289489746
"2023-04-24 12:27:07,823 [INFO] [INFO] LOSS FUNCTION PLOTTED at ./fig/0424_1222PMloss.png
"2023-04-24 12:27:08,395 [INFO] [INFO] EPISODE 476, LOSS 34.314022064208984
"2023-04-24 12:27:08,430 [INFO] [INFO] LOSS FUNCTION PLOTTED at ./fig/0424_1222PMloss.png
"2023-04-24 12:27:08,963 [INFO] [INFO] EPISODE 477, LOSS 25.48149299621582
"2023-04-24 12:27:09,001 [INFO] [INFO] LOSS FUNCTION PLOTTED at ./fig/0424_1222PMloss.png
"2023-04-24 12:27:09,538 [INFO] [INFO] EPISODE 478, LOSS 24.070091247558594
"2023-04-24 12:27:09,574 [INFO] [INFO] LOSS FUNCTION PLOTTED at ./fig/0424_1222PMloss.png
"2023-04-24 12:27:10,139 [INFO] [INFO] EPISODE 479, LOSS 27.31261444091797
"2023-04-24 12:27:10,174 [INFO] [INFO] LOSS FUNCTION PLOTTED at ./fig/0424_1222PMloss.png
"2023-04-24 12:27:10,849 [INFO] [INFO] EPISODE 480, LOSS 22.145803451538086
"2023-04-24 12:27:10,883 [INFO] [INFO] LOSS FUNCTION PLOTTED at ./fig/0424_1222PMloss.png
"2023-04-24 12:27:11,445 [INFO] [INFO] EPISODE 481, LOSS 27.15925407409668
"2023-04-24 12:27:11,479 [INFO] [INFO] LOSS FUNCTION PLOTTED at ./fig/0424_1222PMloss.png
"2023-04-24 12:27:12,008 [INFO] [INFO] EPISODE 482, LOSS 21.24039649963379
"2023-04-24 12:27:12,044 [INFO] [INFO] LOSS FUNCTION PLOTTED at ./fig/0424_1222PMloss.png
"2023-04-24 12:27:12,593 [INFO] [INFO] EPISODE 483, LOSS 36.01288604736328
"2023-04-24 12:27:12,628 [INFO] [INFO] LOSS FUNCTION PLOTTED at ./fig/0424_1222PMloss.png
"2023-04-24 12:27:13,223 [INFO] [INFO] EPISODE 484, LOSS 34.23638916015625
"2023-04-24 12:27:13,258 [INFO] [INFO] LOSS FUNCTION PLOTTED at ./fig/0424_1222PMloss.png
"2023-04-24 12:27:13,822 [INFO] [INFO] EPISODE 485, LOSS 32.69474792480469
"2023-04-24 12:27:13,909 [INFO] [INFO] LOSS FUNCTION PLOTTED at ./fig/0424_1222PMloss.png
"2023-04-24 12:27:14,471 [INFO] [INFO] EPISODE 486, LOSS 17.764015197753906
"2023-04-24 12:27:14,506 [INFO] [INFO] LOSS FUNCTION PLOTTED at ./fig/0424_1222PMloss.png
"2023-04-24 12:27:15,174 [INFO] [INFO] EPISODE 487, LOSS 28.172046661376953
"2023-04-24 12:27:15,210 [INFO] [INFO] LOSS FUNCTION PLOTTED at ./fig/0424_1222PMloss.png
"2023-04-24 12:27:15,837 [INFO] [INFO] EPISODE 488, LOSS 27.651203155517578
"2023-04-24 12:27:15,872 [INFO] [INFO] LOSS FUNCTION PLOTTED at ./fig/0424_1222PMloss.png
"2023-04-24 12:27:16,456 [INFO] [INFO] EPISODE 489, LOSS 35.12916946411133
"2023-04-24 12:27:16,492 [INFO] [INFO] LOSS FUNCTION PLOTTED at ./fig/0424_1222PMloss.png
"2023-04-24 12:27:17,068 [INFO] [INFO] EPISODE 490, LOSS 25.03272247314453
"2023-04-24 12:27:17,104 [INFO] [INFO] LOSS FUNCTION PLOTTED at ./fig/0424_1222PMloss.png
"2023-04-24 12:27:17,843 [INFO] [INFO] EPISODE 491, LOSS 25.61350440979004
"2023-04-24 12:27:17,878 [INFO] [INFO] LOSS FUNCTION PLOTTED at ./fig/0424_1222PMloss.png
"2023-04-24 12:27:18,438 [INFO] [INFO] EPISODE 492, LOSS 17.564170837402344
"2023-04-24 12:27:18,473 [INFO] [INFO] LOSS FUNCTION PLOTTED at ./fig/0424_1222PMloss.png
"2023-04-24 12:27:19,006 [INFO] [INFO] EPISODE 493, LOSS 21.651309967041016
"2023-04-24 12:27:19,041 [INFO] [INFO] LOSS FUNCTION PLOTTED at ./fig/0424_1222PMloss.png
"2023-04-24 12:27:19,591 [INFO] [INFO] EPISODE 494, LOSS 26.339733123779297
"2023-04-24 12:27:19,627 [INFO] [INFO] LOSS FUNCTION PLOTTED at ./fig/0424_1222PMloss.png
"2023-04-24 12:27:20,157 [INFO] [INFO] EPISODE 495, LOSS 21.23870086669922
"2023-04-24 12:27:20,192 [INFO] [INFO] LOSS FUNCTION PLOTTED at ./fig/0424_1222PMloss.png
"2023-04-24 12:27:20,720 [INFO] [INFO] EPISODE 496, LOSS 40.77078628540039
"2023-04-24 12:27:20,755 [INFO] [INFO] LOSS FUNCTION PLOTTED at ./fig/0424_1222PMloss.png
"2023-04-24 12:27:21,429 [INFO] [INFO] EPISODE 497, LOSS 13.531664848327637
"2023-04-24 12:27:21,465 [INFO] [INFO] LOSS FUNCTION PLOTTED at ./fig/0424_1222PMloss.png
"2023-04-24 12:27:22,094 [INFO] [INFO] EPISODE 498, LOSS 34.17560577392578
"2023-04-24 12:27:22,135 [INFO] [INFO] LOSS FUNCTION PLOTTED at ./fig/0424_1222PMloss.png
"2023-04-24 12:27:22,856 [INFO] [INFO] EPISODE 499, LOSS 25.661771774291992
"2023-04-24 12:27:22,893 [INFO] [INFO] LOSS FUNCTION PLOTTED at ./fig/0424_1222PMloss.png
"2023-04-24 12:27:23,567 [INFO] [INFO] EPISODE 500, LOSS 7.962086200714111
"2023-04-24 12:27:23,603 [INFO] [INFO] LOSS FUNCTION PLOTTED at ./fig/0424_1222PMloss.png
"2023-04-24 12:27:24,313 [INFO] [INFO] EPISODE 501, LOSS 43.253543853759766
"2023-04-24 12:27:24,349 [INFO] [INFO] LOSS FUNCTION PLOTTED at ./fig/0424_1222PMloss.png
"2023-04-24 12:27:24,878 [INFO] [INFO] EPISODE 502, LOSS 21.236051559448242
"2023-04-24 12:27:24,913 [INFO] [INFO] LOSS FUNCTION PLOTTED at ./fig/0424_1222PMloss.png
"2023-04-24 12:27:25,437 [INFO] [INFO] EPISODE 503, LOSS 35.63965606689453
"2023-04-24 12:27:25,472 [INFO] [INFO] LOSS FUNCTION PLOTTED at ./fig/0424_1222PMloss.png
"2023-04-24 12:27:26,134 [INFO] [INFO] EPISODE 504, LOSS 35.10352325439453
"2023-04-24 12:27:26,217 [INFO] [INFO] LOSS FUNCTION PLOTTED at ./fig/0424_1222PMloss.png
"2023-04-24 12:27:26,810 [INFO] [INFO] EPISODE 505, LOSS 25.992870330810547
"2023-04-24 12:27:26,845 [INFO] [INFO] LOSS FUNCTION PLOTTED at ./fig/0424_1222PMloss.png
"2023-04-24 12:27:27,427 [INFO] [INFO] EPISODE 506, LOSS 18.817138671875
"2023-04-24 12:27:27,462 [INFO] [INFO] LOSS FUNCTION PLOTTED at ./fig/0424_1222PMloss.png
"2023-04-24 12:27:28,027 [INFO] [INFO] EPISODE 507, LOSS 38.36775588989258
"2023-04-24 12:27:28,061 [INFO] [INFO] LOSS FUNCTION PLOTTED at ./fig/0424_1222PMloss.png
"2023-04-24 12:27:28,791 [INFO] [INFO] EPISODE 508, LOSS 9.773270606994629
"2023-04-24 12:27:28,827 [INFO] [INFO] LOSS FUNCTION PLOTTED at ./fig/0424_1222PMloss.png
"2023-04-24 12:27:29,368 [INFO] [INFO] EPISODE 509, LOSS 26.967073440551758
"2023-04-24 12:27:29,404 [INFO] [INFO] LOSS FUNCTION PLOTTED at ./fig/0424_1222PMloss.png
"2023-04-24 12:27:30,027 [INFO] [INFO] EPISODE 510, LOSS 26.33383560180664
"2023-04-24 12:27:30,063 [INFO] [INFO] LOSS FUNCTION PLOTTED at ./fig/0424_1222PMloss.png
"2023-04-24 12:27:30,652 [INFO] [INFO] EPISODE 511, LOSS 22.648670196533203
"2023-04-24 12:27:30,688 [INFO] [INFO] LOSS FUNCTION PLOTTED at ./fig/0424_1222PMloss.png
"2023-04-24 12:27:31,300 [INFO] [INFO] EPISODE 512, LOSS 27.23403549194336
"2023-04-24 12:27:31,336 [INFO] [INFO] LOSS FUNCTION PLOTTED at ./fig/0424_1222PMloss.png
"2023-04-24 12:27:31,922 [INFO] [INFO] EPISODE 513, LOSS 20.023866653442383
"2023-04-24 12:27:31,957 [INFO] [INFO] LOSS FUNCTION PLOTTED at ./fig/0424_1222PMloss.png
"2023-04-24 12:27:32,512 [INFO] [INFO] EPISODE 514, LOSS 26.2973575592041
"2023-04-24 12:27:32,548 [INFO] [INFO] LOSS FUNCTION PLOTTED at ./fig/0424_1222PMloss.png
"2023-04-24 12:27:33,092 [INFO] [INFO] EPISODE 515, LOSS 20.315834045410156
"2023-04-24 12:27:33,127 [INFO] [INFO] LOSS FUNCTION PLOTTED at ./fig/0424_1222PMloss.png
"2023-04-24 12:27:33,741 [INFO] [INFO] EPISODE 516, LOSS 30.557832717895508
"2023-04-24 12:27:33,777 [INFO] [INFO] LOSS FUNCTION PLOTTED at ./fig/0424_1222PMloss.png
"2023-04-24 12:27:34,562 [INFO] [INFO] EPISODE 517, LOSS 28.752723693847656
"2023-04-24 12:27:34,598 [INFO] [INFO] LOSS FUNCTION PLOTTED at ./fig/0424_1222PMloss.png
"2023-04-24 12:27:34,984 [INFO] [INFO] train finished. 
final loss: 2.0290725231170654
