"2023-04-26 14:43:29,866 [INFO] Reporter Initialized!
"2023-04-26 14:43:29,866 [INFO] Reporter LEVEL: info
"2023-04-26 14:43:29,972 [INFO] Loaded csv data is 0421_0641PM0
"2023-04-26 14:43:30,807 [INFO] Device(cuda) is working for train
"2023-04-26 14:43:30,808 [INFO] Train Started
"2023-04-26 14:43:31,108 [INFO] Saved non-trained network
"2023-04-26 14:43:31,108 [INFO] EPISODE 0, LOSS 14193.1015625
"2023-04-26 14:43:31,355 [INFO] LOSS FUNCTION PLOTTED at ./fig/0426_0243PMloss.png
"2023-04-26 14:44:58,526 [INFO] EPISODE 1, LOSS 2.326767683029175
"2023-04-26 14:44:58,577 [INFO] LOSS FUNCTION PLOTTED at ./fig/0426_0243PMloss.png
"2023-04-26 14:46:27,126 [INFO] EPISODE 2, LOSS 2.817351818084717
"2023-04-26 14:46:27,178 [INFO] LOSS FUNCTION PLOTTED at ./fig/0426_0243PMloss.png
"2023-04-26 14:47:54,382 [INFO] EPISODE 3, LOSS 1.2709006071090698
"2023-04-26 14:47:54,432 [INFO] LOSS FUNCTION PLOTTED at ./fig/0426_0243PMloss.png
"2023-04-26 14:49:21,676 [INFO] EPISODE 4, LOSS 0.9959268569946289
"2023-04-26 14:49:21,766 [INFO] LOSS FUNCTION PLOTTED at ./fig/0426_0243PMloss.png
"2023-04-26 14:50:49,121 [INFO] EPISODE 5, LOSS 6.18075704574585
"2023-04-26 14:50:49,169 [INFO] LOSS FUNCTION PLOTTED at ./fig/0426_0243PMloss.png
"2023-04-26 14:52:17,291 [INFO] EPISODE 6, LOSS 1.4864037036895752
"2023-04-26 14:52:17,343 [INFO] LOSS FUNCTION PLOTTED at ./fig/0426_0243PMloss.png
"2023-04-26 14:53:45,782 [INFO] EPISODE 7, LOSS 4.332394599914551
"2023-04-26 14:53:45,833 [INFO] LOSS FUNCTION PLOTTED at ./fig/0426_0243PMloss.png
"2023-04-26 14:55:13,746 [INFO] EPISODE 8, LOSS 1.7936437129974365
"2023-04-26 14:55:13,804 [INFO] LOSS FUNCTION PLOTTED at ./fig/0426_0243PMloss.png
"2023-04-26 14:56:41,092 [INFO] EPISODE 9, LOSS 4.281099319458008
"2023-04-26 14:56:41,141 [INFO] LOSS FUNCTION PLOTTED at ./fig/0426_0243PMloss.png
"2023-04-26 14:58:08,814 [INFO] EPISODE 10, LOSS 2.8269765377044678
"2023-04-26 14:58:08,863 [INFO] LOSS FUNCTION PLOTTED at ./fig/0426_0243PMloss.png
"2023-04-26 14:59:36,181 [INFO] EPISODE 11, LOSS 1.2522906064987183
"2023-04-26 14:59:36,232 [INFO] LOSS FUNCTION PLOTTED at ./fig/0426_0243PMloss.png
"2023-04-26 15:01:04,791 [INFO] EPISODE 12, LOSS 2.6403965950012207
"2023-04-26 15:01:04,843 [INFO] LOSS FUNCTION PLOTTED at ./fig/0426_0243PMloss.png
"2023-04-26 15:02:33,104 [INFO] EPISODE 13, LOSS 0.3115156292915344
"2023-04-26 15:02:33,155 [INFO] LOSS FUNCTION PLOTTED at ./fig/0426_0243PMloss.png
"2023-04-26 15:04:00,332 [INFO] EPISODE 14, LOSS 0.525846004486084
"2023-04-26 15:04:00,382 [INFO] LOSS FUNCTION PLOTTED at ./fig/0426_0243PMloss.png
"2023-04-26 15:05:28,233 [INFO] EPISODE 15, LOSS 1.1437400579452515
"2023-04-26 15:05:28,283 [INFO] LOSS FUNCTION PLOTTED at ./fig/0426_0243PMloss.png
"2023-04-26 15:06:55,825 [INFO] EPISODE 16, LOSS 3.272611618041992
"2023-04-26 15:06:55,876 [INFO] LOSS FUNCTION PLOTTED at ./fig/0426_0243PMloss.png
"2023-04-26 15:08:23,987 [INFO] EPISODE 17, LOSS 0.6076849699020386
"2023-04-26 15:08:24,037 [INFO] LOSS FUNCTION PLOTTED at ./fig/0426_0243PMloss.png
"2023-04-26 15:09:51,372 [INFO] EPISODE 18, LOSS 0.5400083065032959
"2023-04-26 15:09:51,421 [INFO] LOSS FUNCTION PLOTTED at ./fig/0426_0243PMloss.png
"2023-04-26 15:11:19,374 [INFO] EPISODE 19, LOSS 1.8427553176879883
"2023-04-26 15:11:19,426 [INFO] LOSS FUNCTION PLOTTED at ./fig/0426_0243PMloss.png
"2023-04-26 15:12:47,191 [INFO] EPISODE 20, LOSS 0.08455301821231842
"2023-04-26 15:12:47,242 [INFO] LOSS FUNCTION PLOTTED at ./fig/0426_0243PMloss.png
"2023-04-26 15:14:15,539 [INFO] EPISODE 21, LOSS 1.8180664777755737
"2023-04-26 15:14:15,588 [INFO] LOSS FUNCTION PLOTTED at ./fig/0426_0243PMloss.png
"2023-04-26 15:15:43,398 [INFO] EPISODE 22, LOSS 0.6983243823051453
"2023-04-26 15:15:43,490 [INFO] LOSS FUNCTION PLOTTED at ./fig/0426_0243PMloss.png
"2023-04-26 15:17:10,701 [INFO] EPISODE 23, LOSS 0.2503051161766052
"2023-04-26 15:17:10,747 [INFO] LOSS FUNCTION PLOTTED at ./fig/0426_0243PMloss.png
"2023-04-26 15:18:38,230 [INFO] EPISODE 24, LOSS 0.5524365305900574
"2023-04-26 15:18:38,279 [INFO] LOSS FUNCTION PLOTTED at ./fig/0426_0243PMloss.png
"2023-04-26 15:20:06,325 [INFO] EPISODE 25, LOSS 1.1923861503601074
"2023-04-26 15:20:06,376 [INFO] LOSS FUNCTION PLOTTED at ./fig/0426_0243PMloss.png
"2023-04-26 15:21:34,099 [INFO] EPISODE 26, LOSS 0.37494179606437683
"2023-04-26 15:21:34,148 [INFO] LOSS FUNCTION PLOTTED at ./fig/0426_0243PMloss.png
"2023-04-26 15:23:02,646 [INFO] EPISODE 27, LOSS 1.1263519525527954
"2023-04-26 15:23:02,697 [INFO] LOSS FUNCTION PLOTTED at ./fig/0426_0243PMloss.png
"2023-04-26 15:24:30,863 [INFO] EPISODE 28, LOSS 0.3527142405509949
"2023-04-26 15:24:30,911 [INFO] LOSS FUNCTION PLOTTED at ./fig/0426_0243PMloss.png
"2023-04-26 15:25:58,281 [INFO] EPISODE 29, LOSS 2.0490832328796387
"2023-04-26 15:25:58,330 [INFO] LOSS FUNCTION PLOTTED at ./fig/0426_0243PMloss.png
"2023-04-26 15:27:25,874 [INFO] EPISODE 30, LOSS 0.8379656672477722
"2023-04-26 15:27:25,923 [INFO] LOSS FUNCTION PLOTTED at ./fig/0426_0243PMloss.png
"2023-04-26 15:28:53,479 [INFO] EPISODE 31, LOSS 1.0693120956420898
"2023-04-26 15:28:53,528 [INFO] LOSS FUNCTION PLOTTED at ./fig/0426_0243PMloss.png
"2023-04-26 15:30:21,344 [INFO] EPISODE 32, LOSS 0.244459331035614
"2023-04-26 15:30:21,392 [INFO] LOSS FUNCTION PLOTTED at ./fig/0426_0243PMloss.png
"2023-04-26 15:31:49,166 [INFO] EPISODE 33, LOSS 0.2794341444969177
"2023-04-26 15:31:49,218 [INFO] LOSS FUNCTION PLOTTED at ./fig/0426_0243PMloss.png
"2023-04-26 15:33:16,991 [INFO] EPISODE 34, LOSS 0.1918957680463791
"2023-04-26 15:33:17,040 [INFO] LOSS FUNCTION PLOTTED at ./fig/0426_0243PMloss.png
"2023-04-26 15:34:45,108 [INFO] EPISODE 35, LOSS 0.17052136361598969
"2023-04-26 15:34:45,159 [INFO] LOSS FUNCTION PLOTTED at ./fig/0426_0243PMloss.png
"2023-04-26 15:36:12,890 [INFO] EPISODE 36, LOSS 0.41766107082366943
"2023-04-26 15:36:12,940 [INFO] LOSS FUNCTION PLOTTED at ./fig/0426_0243PMloss.png
"2023-04-26 15:37:39,617 [INFO] EPISODE 37, LOSS 0.1122877225279808
"2023-04-26 15:37:39,665 [INFO] LOSS FUNCTION PLOTTED at ./fig/0426_0243PMloss.png
"2023-04-26 15:39:06,312 [INFO] EPISODE 38, LOSS 3.0048558712005615
"2023-04-26 15:39:06,364 [INFO] LOSS FUNCTION PLOTTED at ./fig/0426_0243PMloss.png
"2023-04-26 15:40:34,188 [INFO] EPISODE 39, LOSS 0.8628880381584167
"2023-04-26 15:40:34,239 [INFO] LOSS FUNCTION PLOTTED at ./fig/0426_0243PMloss.png
"2023-04-26 15:42:02,298 [INFO] EPISODE 40, LOSS 0.13556265830993652
"2023-04-26 15:42:02,392 [INFO] LOSS FUNCTION PLOTTED at ./fig/0426_0243PMloss.png
"2023-04-26 15:43:30,222 [INFO] EPISODE 41, LOSS 1.3127353191375732
"2023-04-26 15:43:30,274 [INFO] LOSS FUNCTION PLOTTED at ./fig/0426_0243PMloss.png
"2023-04-26 15:44:58,170 [INFO] EPISODE 42, LOSS 0.45769447088241577
"2023-04-26 15:44:58,218 [INFO] LOSS FUNCTION PLOTTED at ./fig/0426_0243PMloss.png
"2023-04-26 15:46:25,357 [INFO] EPISODE 43, LOSS 4.8900909423828125
"2023-04-26 15:46:25,403 [INFO] LOSS FUNCTION PLOTTED at ./fig/0426_0243PMloss.png
"2023-04-26 15:47:52,685 [INFO] EPISODE 44, LOSS 115.07787322998047
"2023-04-26 15:47:52,732 [INFO] LOSS FUNCTION PLOTTED at ./fig/0426_0243PMloss.png
"2023-04-26 15:49:19,838 [INFO] EPISODE 45, LOSS 2.194699287414551
"2023-04-26 15:49:19,886 [INFO] LOSS FUNCTION PLOTTED at ./fig/0426_0243PMloss.png
"2023-04-26 15:50:45,532 [INFO] EPISODE 46, LOSS 0.34818601608276367
"2023-04-26 15:50:45,579 [INFO] LOSS FUNCTION PLOTTED at ./fig/0426_0243PMloss.png
"2023-04-26 15:52:12,278 [INFO] EPISODE 47, LOSS 1.2912495136260986
"2023-04-26 15:52:12,325 [INFO] LOSS FUNCTION PLOTTED at ./fig/0426_0243PMloss.png
"2023-04-26 15:53:39,603 [INFO] EPISODE 48, LOSS 0.26975566148757935
"2023-04-26 15:53:39,649 [INFO] LOSS FUNCTION PLOTTED at ./fig/0426_0243PMloss.png
"2023-04-26 15:55:06,143 [INFO] EPISODE 49, LOSS 2.0312492847442627
"2023-04-26 15:55:06,194 [INFO] LOSS FUNCTION PLOTTED at ./fig/0426_0243PMloss.png
