"2023-04-27 19:02:59,828 [INFO] Reporter Initialized!
"2023-04-27 19:02:59,828 [INFO] Reporter LEVEL: info
"2023-04-27 19:02:59,910 [INFO] Loaded csv data is 0421_0641PM0
"2023-04-27 19:03:00,630 [INFO] Device(cuda) is working for train
"2023-04-27 19:03:00,631 [INFO] Train Started
"2023-04-27 19:03:01,050 [INFO] Saved non-trained network
"2023-04-27 19:03:01,050 [INFO] EPISODE 0, LOSS 225725.109375
"2023-04-27 19:03:01,206 [INFO] LOSS FUNCTION PLOTTED at ./fig/0427_0702PMloss.png
"2023-04-27 19:04:23,568 [INFO] EPISODE 1, LOSS 3439.25146484375
"2023-04-27 19:04:23,599 [INFO] LOSS FUNCTION PLOTTED at ./fig/0427_0702PMloss.png
"2023-04-27 19:05:44,265 [INFO] EPISODE 2, LOSS 1141.185546875
"2023-04-27 19:05:44,299 [INFO] LOSS FUNCTION PLOTTED at ./fig/0427_0702PMloss.png
"2023-04-27 19:07:15,094 [INFO] EPISODE 3, LOSS 2825.029052734375
"2023-04-27 19:07:15,125 [INFO] LOSS FUNCTION PLOTTED at ./fig/0427_0702PMloss.png
"2023-04-27 19:08:41,054 [INFO] EPISODE 4, LOSS 853.9168701171875
"2023-04-27 19:08:41,092 [INFO] LOSS FUNCTION PLOTTED at ./fig/0427_0702PMloss.png
"2023-04-27 19:10:00,681 [INFO] EPISODE 5, LOSS 2488.35400390625
"2023-04-27 19:10:00,755 [INFO] LOSS FUNCTION PLOTTED at ./fig/0427_0702PMloss.png
"2023-04-27 19:11:20,932 [INFO] EPISODE 6, LOSS 2365.2197265625
"2023-04-27 19:11:20,975 [INFO] LOSS FUNCTION PLOTTED at ./fig/0427_0702PMloss.png
"2023-04-27 19:12:38,922 [INFO] EPISODE 7, LOSS 565.68408203125
"2023-04-27 19:12:38,960 [INFO] LOSS FUNCTION PLOTTED at ./fig/0427_0702PMloss.png
"2023-04-27 19:13:56,216 [INFO] EPISODE 8, LOSS 1161.591064453125
"2023-04-27 19:13:56,253 [INFO] LOSS FUNCTION PLOTTED at ./fig/0427_0702PMloss.png
"2023-04-27 19:15:13,378 [INFO] EPISODE 9, LOSS 319.74560546875
"2023-04-27 19:15:13,414 [INFO] LOSS FUNCTION PLOTTED at ./fig/0427_0702PMloss.png
"2023-04-27 19:16:12,333 [INFO] EPISODE 10, LOSS 214.7538299560547
"2023-04-27 19:16:12,366 [INFO] LOSS FUNCTION PLOTTED at ./fig/0427_0702PMloss.png
"2023-04-27 19:17:23,868 [INFO] EPISODE 11, LOSS 238.0787811279297
"2023-04-27 19:17:23,900 [INFO] LOSS FUNCTION PLOTTED at ./fig/0427_0702PMloss.png
"2023-04-27 19:18:43,413 [INFO] EPISODE 12, LOSS 357.9482116699219
"2023-04-27 19:18:43,446 [INFO] LOSS FUNCTION PLOTTED at ./fig/0427_0702PMloss.png
"2023-04-27 19:20:02,226 [INFO] EPISODE 13, LOSS 1423.6005859375
"2023-04-27 19:20:02,262 [INFO] LOSS FUNCTION PLOTTED at ./fig/0427_0702PMloss.png
"2023-04-27 19:21:19,485 [INFO] EPISODE 14, LOSS 164.804931640625
"2023-04-27 19:21:19,523 [INFO] LOSS FUNCTION PLOTTED at ./fig/0427_0702PMloss.png
"2023-04-27 19:22:41,587 [INFO] EPISODE 15, LOSS 304.75543212890625
"2023-04-27 19:22:41,623 [INFO] LOSS FUNCTION PLOTTED at ./fig/0427_0702PMloss.png
"2023-04-27 19:24:00,100 [INFO] EPISODE 16, LOSS 570.1356201171875
"2023-04-27 19:24:00,139 [INFO] LOSS FUNCTION PLOTTED at ./fig/0427_0702PMloss.png
"2023-04-27 19:25:23,953 [INFO] EPISODE 17, LOSS 263.33148193359375
"2023-04-27 19:25:23,989 [INFO] LOSS FUNCTION PLOTTED at ./fig/0427_0702PMloss.png
"2023-04-27 19:26:42,418 [INFO] EPISODE 18, LOSS 65.43961334228516
"2023-04-27 19:26:42,454 [INFO] LOSS FUNCTION PLOTTED at ./fig/0427_0702PMloss.png
"2023-04-27 19:28:00,702 [INFO] EPISODE 19, LOSS 156.14437866210938
"2023-04-27 19:28:00,736 [INFO] LOSS FUNCTION PLOTTED at ./fig/0427_0702PMloss.png
"2023-04-27 19:29:18,285 [INFO] EPISODE 20, LOSS 114.77623748779297
"2023-04-27 19:29:18,321 [INFO] LOSS FUNCTION PLOTTED at ./fig/0427_0702PMloss.png
"2023-04-27 19:30:38,501 [INFO] EPISODE 21, LOSS 450.2919921875
"2023-04-27 19:30:38,536 [INFO] LOSS FUNCTION PLOTTED at ./fig/0427_0702PMloss.png
"2023-04-27 19:31:56,554 [INFO] EPISODE 22, LOSS 106.99581909179688
"2023-04-27 19:31:56,588 [INFO] LOSS FUNCTION PLOTTED at ./fig/0427_0702PMloss.png
"2023-04-27 19:33:14,032 [INFO] EPISODE 23, LOSS 88.99591064453125
"2023-04-27 19:33:14,061 [INFO] LOSS FUNCTION PLOTTED at ./fig/0427_0702PMloss.png
"2023-04-27 19:34:34,555 [INFO] EPISODE 24, LOSS 524.0213012695312
"2023-04-27 19:34:34,594 [INFO] LOSS FUNCTION PLOTTED at ./fig/0427_0702PMloss.png
"2023-04-27 19:35:54,317 [INFO] EPISODE 25, LOSS 838.3136596679688
"2023-04-27 19:35:54,394 [INFO] LOSS FUNCTION PLOTTED at ./fig/0427_0702PMloss.png
"2023-04-27 19:37:11,765 [INFO] EPISODE 26, LOSS 143.7034454345703
"2023-04-27 19:37:11,797 [INFO] LOSS FUNCTION PLOTTED at ./fig/0427_0702PMloss.png
"2023-04-27 19:38:32,990 [INFO] EPISODE 27, LOSS 152.57806396484375
"2023-04-27 19:38:33,028 [INFO] LOSS FUNCTION PLOTTED at ./fig/0427_0702PMloss.png
"2023-04-27 19:39:58,143 [INFO] EPISODE 28, LOSS 3967.53369140625
"2023-04-27 19:39:58,172 [INFO] LOSS FUNCTION PLOTTED at ./fig/0427_0702PMloss.png
"2023-04-27 19:41:18,146 [INFO] EPISODE 29, LOSS 473.30657958984375
"2023-04-27 19:41:18,184 [INFO] LOSS FUNCTION PLOTTED at ./fig/0427_0702PMloss.png
"2023-04-27 19:42:41,456 [INFO] EPISODE 30, LOSS 857.1810302734375
"2023-04-27 19:42:41,490 [INFO] LOSS FUNCTION PLOTTED at ./fig/0427_0702PMloss.png
"2023-04-27 19:44:00,947 [INFO] EPISODE 31, LOSS 191.73818969726562
"2023-04-27 19:44:01,006 [INFO] LOSS FUNCTION PLOTTED at ./fig/0427_0702PMloss.png
"2023-04-27 19:45:22,453 [INFO] EPISODE 32, LOSS 2039.3729248046875
"2023-04-27 19:45:22,488 [INFO] LOSS FUNCTION PLOTTED at ./fig/0427_0702PMloss.png
"2023-04-27 19:46:43,447 [INFO] EPISODE 33, LOSS 1876.946044921875
"2023-04-27 19:46:43,480 [INFO] LOSS FUNCTION PLOTTED at ./fig/0427_0702PMloss.png
"2023-04-27 19:48:02,806 [INFO] EPISODE 34, LOSS 1574.2537841796875
"2023-04-27 19:48:02,839 [INFO] LOSS FUNCTION PLOTTED at ./fig/0427_0702PMloss.png
"2023-04-27 19:49:22,542 [INFO] EPISODE 35, LOSS 398.1358337402344
"2023-04-27 19:49:22,573 [INFO] LOSS FUNCTION PLOTTED at ./fig/0427_0702PMloss.png
"2023-04-27 19:50:44,717 [INFO] EPISODE 36, LOSS 135.8465576171875
"2023-04-27 19:50:44,749 [INFO] LOSS FUNCTION PLOTTED at ./fig/0427_0702PMloss.png
"2023-04-27 19:52:09,882 [INFO] EPISODE 37, LOSS 111.23873901367188
"2023-04-27 19:52:09,920 [INFO] LOSS FUNCTION PLOTTED at ./fig/0427_0702PMloss.png
"2023-04-27 19:53:32,509 [INFO] EPISODE 38, LOSS 969.3736572265625
"2023-04-27 19:53:32,545 [INFO] LOSS FUNCTION PLOTTED at ./fig/0427_0702PMloss.png
"2023-04-27 19:54:57,281 [INFO] EPISODE 39, LOSS 67.1350326538086
"2023-04-27 19:54:57,317 [INFO] LOSS FUNCTION PLOTTED at ./fig/0427_0702PMloss.png
"2023-04-27 19:56:17,936 [INFO] EPISODE 40, LOSS 712.911865234375
"2023-04-27 19:56:17,971 [INFO] LOSS FUNCTION PLOTTED at ./fig/0427_0702PMloss.png
"2023-04-27 19:57:38,329 [INFO] EPISODE 41, LOSS 310.53497314453125
"2023-04-27 19:57:38,364 [INFO] LOSS FUNCTION PLOTTED at ./fig/0427_0702PMloss.png
"2023-04-27 19:58:58,929 [INFO] EPISODE 42, LOSS 139.80502319335938
"2023-04-27 19:58:58,958 [INFO] LOSS FUNCTION PLOTTED at ./fig/0427_0702PMloss.png
"2023-04-27 20:00:20,485 [INFO] EPISODE 43, LOSS 487.57452392578125
"2023-04-27 20:00:20,519 [INFO] LOSS FUNCTION PLOTTED at ./fig/0427_0702PMloss.png
"2023-04-27 20:01:43,438 [INFO] EPISODE 44, LOSS 152.65858459472656
"2023-04-27 20:01:43,469 [INFO] LOSS FUNCTION PLOTTED at ./fig/0427_0702PMloss.png
"2023-04-27 20:02:25,146 [INFO] train finished. 
final loss: 8.765811920166016
