"2023-05-01 22:40:22,524 [INFO] Reporter Initialized!
"2023-05-01 22:40:22,524 [INFO] Reporter LEVEL: info
"2023-05-01 22:40:23,981 [INFO] Loaded csv data is 0501_0133PM
"2023-05-01 22:40:24,037 [INFO] Device(cpu) is working for train
"2023-05-01 22:40:24,037 [INFO] Train Started
"2023-05-01 22:40:24,059 [INFO] Saved non-trained network
"2023-05-01 22:40:24,059 [INFO] EPISODE 0, LOSS 28692.384765625
"2023-05-01 22:40:24,211 [INFO] LOSS FUNCTION PLOTTED at ./fig/0501_1040PMloss.png
"2023-05-01 22:41:45,609 [INFO] EPISODE 1, LOSS 415.6770935058594
"2023-05-01 22:41:45,669 [INFO] LOSS FUNCTION PLOTTED at ./fig/0501_1040PMloss.png
"2023-05-01 22:43:10,553 [INFO] EPISODE 2, LOSS 167.6741485595703
"2023-05-01 22:43:10,594 [INFO] LOSS FUNCTION PLOTTED at ./fig/0501_1040PMloss.png
"2023-05-01 22:44:36,764 [INFO] EPISODE 3, LOSS 18.827007293701172
"2023-05-01 22:44:36,807 [INFO] LOSS FUNCTION PLOTTED at ./fig/0501_1040PMloss.png
"2023-05-01 22:46:03,522 [INFO] EPISODE 4, LOSS 14.076504707336426
"2023-05-01 22:46:03,574 [INFO] LOSS FUNCTION PLOTTED at ./fig/0501_1040PMloss.png
"2023-05-01 22:47:31,874 [INFO] EPISODE 5, LOSS 1.8565562963485718
"2023-05-01 22:47:31,966 [INFO] LOSS FUNCTION PLOTTED at ./fig/0501_1040PMloss.png
"2023-05-01 22:49:02,120 [INFO] EPISODE 6, LOSS 71.0672378540039
"2023-05-01 22:49:02,173 [INFO] LOSS FUNCTION PLOTTED at ./fig/0501_1040PMloss.png
"2023-05-01 22:50:32,224 [INFO] EPISODE 7, LOSS 28.50444221496582
"2023-05-01 22:50:32,272 [INFO] LOSS FUNCTION PLOTTED at ./fig/0501_1040PMloss.png
"2023-05-01 22:52:01,721 [INFO] EPISODE 8, LOSS 12.754951477050781
"2023-05-01 22:52:01,758 [INFO] LOSS FUNCTION PLOTTED at ./fig/0501_1040PMloss.png
"2023-05-01 22:53:30,082 [INFO] EPISODE 9, LOSS 3.0049381256103516
"2023-05-01 22:53:30,114 [INFO] LOSS FUNCTION PLOTTED at ./fig/0501_1040PMloss.png
"2023-05-01 22:55:01,146 [INFO] EPISODE 10, LOSS 21.581266403198242
"2023-05-01 22:55:01,183 [INFO] LOSS FUNCTION PLOTTED at ./fig/0501_1040PMloss.png
"2023-05-01 22:56:33,208 [INFO] EPISODE 11, LOSS 85.71324920654297
"2023-05-01 22:56:33,263 [INFO] LOSS FUNCTION PLOTTED at ./fig/0501_1040PMloss.png
"2023-05-01 22:58:02,608 [INFO] EPISODE 12, LOSS 6.057631015777588
"2023-05-01 22:58:02,670 [INFO] LOSS FUNCTION PLOTTED at ./fig/0501_1040PMloss.png
"2023-05-01 22:59:31,354 [INFO] EPISODE 13, LOSS 1.7212753295898438
"2023-05-01 22:59:31,394 [INFO] LOSS FUNCTION PLOTTED at ./fig/0501_1040PMloss.png
"2023-05-01 23:01:01,137 [INFO] EPISODE 14, LOSS 129.43003845214844
"2023-05-01 23:01:01,175 [INFO] LOSS FUNCTION PLOTTED at ./fig/0501_1040PMloss.png
"2023-05-01 23:02:31,293 [INFO] EPISODE 15, LOSS 13.225418090820312
"2023-05-01 23:02:31,340 [INFO] LOSS FUNCTION PLOTTED at ./fig/0501_1040PMloss.png
"2023-05-01 23:04:02,776 [INFO] EPISODE 16, LOSS 12.519126892089844
"2023-05-01 23:04:02,817 [INFO] LOSS FUNCTION PLOTTED at ./fig/0501_1040PMloss.png
"2023-05-01 23:05:33,311 [INFO] EPISODE 17, LOSS 447.25634765625
"2023-05-01 23:05:33,349 [INFO] LOSS FUNCTION PLOTTED at ./fig/0501_1040PMloss.png
"2023-05-01 23:07:02,569 [INFO] EPISODE 18, LOSS 23.182493209838867
"2023-05-01 23:07:02,618 [INFO] LOSS FUNCTION PLOTTED at ./fig/0501_1040PMloss.png
"2023-05-01 23:08:32,617 [INFO] EPISODE 19, LOSS 4.751025676727295
"2023-05-01 23:08:32,657 [INFO] LOSS FUNCTION PLOTTED at ./fig/0501_1040PMloss.png
"2023-05-01 23:10:01,057 [INFO] EPISODE 20, LOSS 130.0222625732422
"2023-05-01 23:10:01,095 [INFO] LOSS FUNCTION PLOTTED at ./fig/0501_1040PMloss.png
"2023-05-01 23:11:32,235 [INFO] EPISODE 21, LOSS 15.166373252868652
"2023-05-01 23:11:32,272 [INFO] LOSS FUNCTION PLOTTED at ./fig/0501_1040PMloss.png
"2023-05-01 23:13:01,674 [INFO] EPISODE 22, LOSS 1.9617279767990112
"2023-05-01 23:13:01,706 [INFO] LOSS FUNCTION PLOTTED at ./fig/0501_1040PMloss.png
"2023-05-01 23:14:30,443 [INFO] EPISODE 23, LOSS 2.115509271621704
"2023-05-01 23:14:30,477 [INFO] LOSS FUNCTION PLOTTED at ./fig/0501_1040PMloss.png
"2023-05-01 23:16:01,817 [INFO] EPISODE 24, LOSS 15.770167350769043
"2023-05-01 23:16:01,917 [INFO] LOSS FUNCTION PLOTTED at ./fig/0501_1040PMloss.png
"2023-05-01 23:17:31,888 [INFO] EPISODE 25, LOSS 2.7476108074188232
"2023-05-01 23:17:31,930 [INFO] LOSS FUNCTION PLOTTED at ./fig/0501_1040PMloss.png
"2023-05-01 23:19:03,994 [INFO] EPISODE 26, LOSS 3.3339202404022217
"2023-05-01 23:19:04,039 [INFO] LOSS FUNCTION PLOTTED at ./fig/0501_1040PMloss.png
"2023-05-01 23:20:33,813 [INFO] EPISODE 27, LOSS 42.47567367553711
"2023-05-01 23:20:33,849 [INFO] LOSS FUNCTION PLOTTED at ./fig/0501_1040PMloss.png
"2023-05-01 23:22:02,114 [INFO] EPISODE 28, LOSS 23.539777755737305
"2023-05-01 23:22:02,165 [INFO] LOSS FUNCTION PLOTTED at ./fig/0501_1040PMloss.png
"2023-05-01 23:23:31,243 [INFO] EPISODE 29, LOSS 1.5803509950637817
"2023-05-01 23:23:31,298 [INFO] LOSS FUNCTION PLOTTED at ./fig/0501_1040PMloss.png
"2023-05-01 23:25:01,472 [INFO] EPISODE 30, LOSS 0.8983137607574463
"2023-05-01 23:25:01,515 [INFO] LOSS FUNCTION PLOTTED at ./fig/0501_1040PMloss.png
"2023-05-01 23:26:30,559 [INFO] EPISODE 31, LOSS 4.078589916229248
"2023-05-01 23:26:30,598 [INFO] LOSS FUNCTION PLOTTED at ./fig/0501_1040PMloss.png
"2023-05-01 23:28:01,588 [INFO] EPISODE 32, LOSS 7.732889652252197
"2023-05-01 23:28:01,631 [INFO] LOSS FUNCTION PLOTTED at ./fig/0501_1040PMloss.png
"2023-05-01 23:29:32,264 [INFO] EPISODE 33, LOSS 31.191932678222656
"2023-05-01 23:29:32,307 [INFO] LOSS FUNCTION PLOTTED at ./fig/0501_1040PMloss.png
"2023-05-01 23:31:01,373 [INFO] EPISODE 34, LOSS 182.67958068847656
"2023-05-01 23:31:01,410 [INFO] LOSS FUNCTION PLOTTED at ./fig/0501_1040PMloss.png
"2023-05-01 23:32:32,160 [INFO] EPISODE 35, LOSS 13.19327449798584
"2023-05-01 23:32:32,198 [INFO] LOSS FUNCTION PLOTTED at ./fig/0501_1040PMloss.png
"2023-05-01 23:34:07,205 [INFO] EPISODE 36, LOSS 4.811422824859619
"2023-05-01 23:34:07,250 [INFO] LOSS FUNCTION PLOTTED at ./fig/0501_1040PMloss.png
"2023-05-01 23:35:38,770 [INFO] EPISODE 37, LOSS 7.143438816070557
"2023-05-01 23:35:38,805 [INFO] LOSS FUNCTION PLOTTED at ./fig/0501_1040PMloss.png
"2023-05-01 23:37:08,287 [INFO] EPISODE 38, LOSS 9.126294136047363
"2023-05-01 23:37:08,348 [INFO] LOSS FUNCTION PLOTTED at ./fig/0501_1040PMloss.png
"2023-05-01 23:38:37,583 [INFO] EPISODE 39, LOSS 1.3551019430160522
"2023-05-01 23:38:37,623 [INFO] LOSS FUNCTION PLOTTED at ./fig/0501_1040PMloss.png
"2023-05-01 23:40:09,939 [INFO] EPISODE 40, LOSS 1.5036259889602661
"2023-05-01 23:40:10,006 [INFO] LOSS FUNCTION PLOTTED at ./fig/0501_1040PMloss.png
"2023-05-01 23:41:39,501 [INFO] EPISODE 41, LOSS 21.422073364257812
"2023-05-01 23:41:39,551 [INFO] LOSS FUNCTION PLOTTED at ./fig/0501_1040PMloss.png
"2023-05-01 23:43:09,945 [INFO] EPISODE 42, LOSS 1.7772541046142578
"2023-05-01 23:43:09,979 [INFO] LOSS FUNCTION PLOTTED at ./fig/0501_1040PMloss.png
"2023-05-01 23:44:40,158 [INFO] EPISODE 43, LOSS 4.877622604370117
"2023-05-01 23:44:40,236 [INFO] LOSS FUNCTION PLOTTED at ./fig/0501_1040PMloss.png
"2023-05-01 23:46:10,511 [INFO] EPISODE 44, LOSS 6.4734625816345215
"2023-05-01 23:46:10,560 [INFO] LOSS FUNCTION PLOTTED at ./fig/0501_1040PMloss.png
"2023-05-01 23:47:43,550 [INFO] EPISODE 45, LOSS 5.577316761016846
"2023-05-01 23:47:43,601 [INFO] LOSS FUNCTION PLOTTED at ./fig/0501_1040PMloss.png
"2023-05-01 23:49:15,107 [INFO] EPISODE 46, LOSS 3.27386474609375
"2023-05-01 23:49:15,163 [INFO] LOSS FUNCTION PLOTTED at ./fig/0501_1040PMloss.png
"2023-05-01 23:50:45,670 [INFO] EPISODE 47, LOSS 27.05096435546875
"2023-05-01 23:50:45,715 [INFO] LOSS FUNCTION PLOTTED at ./fig/0501_1040PMloss.png
"2023-05-01 23:52:16,892 [INFO] EPISODE 48, LOSS 11.495662689208984
"2023-05-01 23:52:16,958 [INFO] LOSS FUNCTION PLOTTED at ./fig/0501_1040PMloss.png
"2023-05-01 23:53:50,394 [INFO] EPISODE 49, LOSS 35.519134521484375
"2023-05-01 23:53:50,448 [INFO] LOSS FUNCTION PLOTTED at ./fig/0501_1040PMloss.png
"2023-05-01 23:55:21,868 [INFO] EPISODE 50, LOSS 71.43205261230469
"2023-05-01 23:55:21,900 [INFO] LOSS FUNCTION PLOTTED at ./fig/0501_1040PMloss.png
"2023-05-01 23:56:51,653 [INFO] EPISODE 51, LOSS 4.652803897857666
"2023-05-01 23:56:51,700 [INFO] LOSS FUNCTION PLOTTED at ./fig/0501_1040PMloss.png
"2023-05-01 23:58:23,270 [INFO] EPISODE 52, LOSS 0.9212583899497986
"2023-05-01 23:58:23,315 [INFO] LOSS FUNCTION PLOTTED at ./fig/0501_1040PMloss.png
"2023-05-01 23:59:54,781 [INFO] EPISODE 53, LOSS 3.8619680404663086
"2023-05-01 23:59:54,813 [INFO] LOSS FUNCTION PLOTTED at ./fig/0501_1040PMloss.png
"2023-05-02 00:01:26,983 [INFO] EPISODE 54, LOSS 1.041019320487976
"2023-05-02 00:01:27,038 [INFO] LOSS FUNCTION PLOTTED at ./fig/0501_1040PMloss.png
"2023-05-02 00:03:00,177 [INFO] EPISODE 55, LOSS 14.678604125976562
"2023-05-02 00:03:00,234 [INFO] LOSS FUNCTION PLOTTED at ./fig/0501_1040PMloss.png
"2023-05-02 00:04:36,219 [INFO] EPISODE 56, LOSS 25.270586013793945
"2023-05-02 00:04:36,301 [INFO] LOSS FUNCTION PLOTTED at ./fig/0501_1040PMloss.png
"2023-05-02 00:06:08,877 [INFO] EPISODE 57, LOSS 22.46337890625
"2023-05-02 00:06:08,920 [INFO] LOSS FUNCTION PLOTTED at ./fig/0501_1040PMloss.png
"2023-05-02 00:07:38,341 [INFO] EPISODE 58, LOSS 36.2420768737793
"2023-05-02 00:07:38,420 [INFO] LOSS FUNCTION PLOTTED at ./fig/0501_1040PMloss.png
"2023-05-02 00:09:08,959 [INFO] EPISODE 59, LOSS 22.813703536987305
"2023-05-02 00:09:09,005 [INFO] LOSS FUNCTION PLOTTED at ./fig/0501_1040PMloss.png
"2023-05-02 00:10:41,146 [INFO] EPISODE 60, LOSS 139.00904846191406
"2023-05-02 00:10:41,188 [INFO] LOSS FUNCTION PLOTTED at ./fig/0501_1040PMloss.png
"2023-05-02 00:12:10,956 [INFO] EPISODE 61, LOSS 5.066563129425049
"2023-05-02 00:12:10,995 [INFO] LOSS FUNCTION PLOTTED at ./fig/0501_1040PMloss.png
"2023-05-02 00:13:41,792 [INFO] EPISODE 62, LOSS 0.614557683467865
"2023-05-02 00:13:41,850 [INFO] LOSS FUNCTION PLOTTED at ./fig/0501_1040PMloss.png
"2023-05-02 00:15:14,602 [INFO] EPISODE 63, LOSS 2.092938184738159
"2023-05-02 00:15:14,656 [INFO] LOSS FUNCTION PLOTTED at ./fig/0501_1040PMloss.png
"2023-05-02 00:16:45,028 [INFO] EPISODE 64, LOSS 1.080680012702942
"2023-05-02 00:16:45,120 [INFO] LOSS FUNCTION PLOTTED at ./fig/0501_1040PMloss.png
"2023-05-02 00:18:18,800 [INFO] EPISODE 65, LOSS 5.086881160736084
"2023-05-02 00:18:18,844 [INFO] LOSS FUNCTION PLOTTED at ./fig/0501_1040PMloss.png
"2023-05-02 00:19:49,741 [INFO] EPISODE 66, LOSS 9.27358341217041
"2023-05-02 00:19:49,780 [INFO] LOSS FUNCTION PLOTTED at ./fig/0501_1040PMloss.png
"2023-05-02 00:21:20,692 [INFO] EPISODE 67, LOSS 2.3707706928253174
"2023-05-02 00:21:20,744 [INFO] LOSS FUNCTION PLOTTED at ./fig/0501_1040PMloss.png
"2023-05-02 00:22:52,016 [INFO] EPISODE 68, LOSS 11.628772735595703
"2023-05-02 00:22:52,065 [INFO] LOSS FUNCTION PLOTTED at ./fig/0501_1040PMloss.png
"2023-05-02 00:24:23,261 [INFO] EPISODE 69, LOSS 19.039857864379883
"2023-05-02 00:24:23,323 [INFO] LOSS FUNCTION PLOTTED at ./fig/0501_1040PMloss.png
"2023-05-02 00:25:54,357 [INFO] EPISODE 70, LOSS 19.283771514892578
"2023-05-02 00:25:54,390 [INFO] LOSS FUNCTION PLOTTED at ./fig/0501_1040PMloss.png
"2023-05-02 00:27:24,745 [INFO] EPISODE 71, LOSS 3.9913110733032227
"2023-05-02 00:27:24,797 [INFO] LOSS FUNCTION PLOTTED at ./fig/0501_1040PMloss.png
"2023-05-02 00:28:57,303 [INFO] EPISODE 72, LOSS 0.3315386176109314
"2023-05-02 00:28:57,354 [INFO] LOSS FUNCTION PLOTTED at ./fig/0501_1040PMloss.png
"2023-05-02 00:30:30,992 [INFO] EPISODE 73, LOSS 50.81904220581055
"2023-05-02 00:30:31,027 [INFO] LOSS FUNCTION PLOTTED at ./fig/0501_1040PMloss.png
"2023-05-02 00:32:01,608 [INFO] EPISODE 74, LOSS 4.070620059967041
"2023-05-02 00:32:01,659 [INFO] LOSS FUNCTION PLOTTED at ./fig/0501_1040PMloss.png
"2023-05-02 00:33:32,762 [INFO] EPISODE 75, LOSS 5.334908962249756
"2023-05-02 00:33:32,801 [INFO] LOSS FUNCTION PLOTTED at ./fig/0501_1040PMloss.png
"2023-05-02 00:35:04,461 [INFO] EPISODE 76, LOSS 3.7246310710906982
"2023-05-02 00:35:04,495 [INFO] LOSS FUNCTION PLOTTED at ./fig/0501_1040PMloss.png
"2023-05-02 00:36:35,782 [INFO] EPISODE 77, LOSS 4.282073974609375
"2023-05-02 00:36:35,821 [INFO] LOSS FUNCTION PLOTTED at ./fig/0501_1040PMloss.png
"2023-05-02 00:38:05,163 [INFO] EPISODE 78, LOSS 11.383578300476074
"2023-05-02 00:38:05,207 [INFO] LOSS FUNCTION PLOTTED at ./fig/0501_1040PMloss.png
"2023-05-02 00:39:35,882 [INFO] EPISODE 79, LOSS 22.487581253051758
"2023-05-02 00:39:35,978 [INFO] LOSS FUNCTION PLOTTED at ./fig/0501_1040PMloss.png
"2023-05-02 00:41:06,431 [INFO] EPISODE 80, LOSS 18.033823013305664
"2023-05-02 00:41:06,503 [INFO] LOSS FUNCTION PLOTTED at ./fig/0501_1040PMloss.png
"2023-05-02 00:42:39,169 [INFO] EPISODE 81, LOSS 4.940727710723877
"2023-05-02 00:42:39,256 [INFO] LOSS FUNCTION PLOTTED at ./fig/0501_1040PMloss.png
"2023-05-02 00:44:10,420 [INFO] EPISODE 82, LOSS 3.1441214084625244
"2023-05-02 00:44:10,457 [INFO] LOSS FUNCTION PLOTTED at ./fig/0501_1040PMloss.png
"2023-05-02 00:45:38,858 [INFO] EPISODE 83, LOSS 37.26712417602539
"2023-05-02 00:45:38,905 [INFO] LOSS FUNCTION PLOTTED at ./fig/0501_1040PMloss.png
"2023-05-02 00:47:09,709 [INFO] EPISODE 84, LOSS 0.5003596544265747
"2023-05-02 00:47:09,761 [INFO] LOSS FUNCTION PLOTTED at ./fig/0501_1040PMloss.png
"2023-05-02 00:48:46,144 [INFO] EPISODE 85, LOSS 14.98489761352539
"2023-05-02 00:48:46,190 [INFO] LOSS FUNCTION PLOTTED at ./fig/0501_1040PMloss.png
"2023-05-02 00:50:19,127 [INFO] EPISODE 86, LOSS 10.081748008728027
"2023-05-02 00:50:19,164 [INFO] LOSS FUNCTION PLOTTED at ./fig/0501_1040PMloss.png
"2023-05-02 00:51:52,040 [INFO] EPISODE 87, LOSS 1.3852521181106567
"2023-05-02 00:51:52,074 [INFO] LOSS FUNCTION PLOTTED at ./fig/0501_1040PMloss.png
"2023-05-02 00:53:23,313 [INFO] EPISODE 88, LOSS 8.248661994934082
"2023-05-02 00:53:23,357 [INFO] LOSS FUNCTION PLOTTED at ./fig/0501_1040PMloss.png
"2023-05-02 00:54:55,388 [INFO] EPISODE 89, LOSS 1.2158082723617554
"2023-05-02 00:54:55,429 [INFO] LOSS FUNCTION PLOTTED at ./fig/0501_1040PMloss.png
"2023-05-02 00:56:27,890 [INFO] EPISODE 90, LOSS 1.1623412370681763
"2023-05-02 00:56:27,955 [INFO] LOSS FUNCTION PLOTTED at ./fig/0501_1040PMloss.png
"2023-05-02 00:58:00,029 [INFO] EPISODE 91, LOSS 103.6847152709961
"2023-05-02 00:58:00,066 [INFO] LOSS FUNCTION PLOTTED at ./fig/0501_1040PMloss.png
"2023-05-02 00:59:31,666 [INFO] EPISODE 92, LOSS 4.596228122711182
"2023-05-02 00:59:31,699 [INFO] LOSS FUNCTION PLOTTED at ./fig/0501_1040PMloss.png
"2023-05-02 01:01:03,431 [INFO] EPISODE 93, LOSS 6.700255870819092
"2023-05-02 01:01:03,474 [INFO] LOSS FUNCTION PLOTTED at ./fig/0501_1040PMloss.png
"2023-05-02 01:02:34,668 [INFO] EPISODE 94, LOSS 4.0287909507751465
"2023-05-02 01:02:34,709 [INFO] LOSS FUNCTION PLOTTED at ./fig/0501_1040PMloss.png
"2023-05-02 01:04:05,520 [INFO] EPISODE 95, LOSS 24.374740600585938
"2023-05-02 01:04:05,565 [INFO] LOSS FUNCTION PLOTTED at ./fig/0501_1040PMloss.png
"2023-05-02 01:05:36,793 [INFO] EPISODE 96, LOSS 22.157028198242188
"2023-05-02 01:05:36,845 [INFO] LOSS FUNCTION PLOTTED at ./fig/0501_1040PMloss.png
"2023-05-02 01:07:09,886 [INFO] EPISODE 97, LOSS 0.4022427797317505
"2023-05-02 01:07:09,942 [INFO] LOSS FUNCTION PLOTTED at ./fig/0501_1040PMloss.png
"2023-05-02 01:08:41,321 [INFO] EPISODE 98, LOSS 16.448348999023438
"2023-05-02 01:08:41,370 [INFO] LOSS FUNCTION PLOTTED at ./fig/0501_1040PMloss.png
"2023-05-02 01:10:13,587 [INFO] EPISODE 99, LOSS 16.496217727661133
"2023-05-02 01:10:13,626 [INFO] LOSS FUNCTION PLOTTED at ./fig/0501_1040PMloss.png
"2023-05-02 01:11:46,949 [INFO] EPISODE 100, LOSS 2.759733200073242
"2023-05-02 01:11:46,986 [INFO] LOSS FUNCTION PLOTTED at ./fig/0501_1040PMloss.png
"2023-05-02 01:13:21,056 [INFO] EPISODE 101, LOSS 90.0753173828125
"2023-05-02 01:13:21,097 [INFO] LOSS FUNCTION PLOTTED at ./fig/0501_1040PMloss.png
"2023-05-02 01:14:52,705 [INFO] EPISODE 102, LOSS 2.097805976867676
"2023-05-02 01:14:52,760 [INFO] LOSS FUNCTION PLOTTED at ./fig/0501_1040PMloss.png
"2023-05-02 01:16:25,493 [INFO] EPISODE 103, LOSS 0.4577227830886841
"2023-05-02 01:16:25,585 [INFO] LOSS FUNCTION PLOTTED at ./fig/0501_1040PMloss.png
"2023-05-02 01:17:55,152 [INFO] EPISODE 104, LOSS 3.233964681625366
"2023-05-02 01:17:55,200 [INFO] LOSS FUNCTION PLOTTED at ./fig/0501_1040PMloss.png
"2023-05-02 01:19:25,181 [INFO] EPISODE 105, LOSS 1.2401971817016602
"2023-05-02 01:19:25,237 [INFO] LOSS FUNCTION PLOTTED at ./fig/0501_1040PMloss.png
"2023-05-02 01:20:55,859 [INFO] EPISODE 106, LOSS 13.237190246582031
"2023-05-02 01:20:55,899 [INFO] LOSS FUNCTION PLOTTED at ./fig/0501_1040PMloss.png
"2023-05-02 01:22:27,080 [INFO] EPISODE 107, LOSS 107.839111328125
"2023-05-02 01:22:27,124 [INFO] LOSS FUNCTION PLOTTED at ./fig/0501_1040PMloss.png
"2023-05-02 01:23:58,643 [INFO] EPISODE 108, LOSS 1.6818829774856567
"2023-05-02 01:23:58,705 [INFO] LOSS FUNCTION PLOTTED at ./fig/0501_1040PMloss.png
"2023-05-02 01:25:30,049 [INFO] EPISODE 109, LOSS 17.58383560180664
"2023-05-02 01:25:30,102 [INFO] LOSS FUNCTION PLOTTED at ./fig/0501_1040PMloss.png
"2023-05-02 01:27:00,175 [INFO] EPISODE 110, LOSS 25.114652633666992
"2023-05-02 01:27:00,217 [INFO] LOSS FUNCTION PLOTTED at ./fig/0501_1040PMloss.png
"2023-05-02 01:28:30,737 [INFO] EPISODE 111, LOSS 1.8812036514282227
"2023-05-02 01:28:30,776 [INFO] LOSS FUNCTION PLOTTED at ./fig/0501_1040PMloss.png
"2023-05-02 01:30:00,965 [INFO] EPISODE 112, LOSS 4.187136173248291
"2023-05-02 01:30:00,998 [INFO] LOSS FUNCTION PLOTTED at ./fig/0501_1040PMloss.png
"2023-05-02 01:31:32,066 [INFO] EPISODE 113, LOSS 0.32210463285446167
"2023-05-02 01:31:32,105 [INFO] LOSS FUNCTION PLOTTED at ./fig/0501_1040PMloss.png
"2023-05-02 01:33:03,454 [INFO] EPISODE 114, LOSS 1.1795978546142578
"2023-05-02 01:33:03,508 [INFO] LOSS FUNCTION PLOTTED at ./fig/0501_1040PMloss.png
"2023-05-02 01:34:36,001 [INFO] EPISODE 115, LOSS 1.7407336235046387
"2023-05-02 01:34:36,111 [INFO] LOSS FUNCTION PLOTTED at ./fig/0501_1040PMloss.png
"2023-05-02 01:36:06,805 [INFO] EPISODE 116, LOSS 18.49348258972168
"2023-05-02 01:36:06,850 [INFO] LOSS FUNCTION PLOTTED at ./fig/0501_1040PMloss.png
"2023-05-02 01:37:38,550 [INFO] EPISODE 117, LOSS 4.485205173492432
"2023-05-02 01:37:38,588 [INFO] LOSS FUNCTION PLOTTED at ./fig/0501_1040PMloss.png
"2023-05-02 01:39:09,150 [INFO] EPISODE 118, LOSS 10.7449312210083
"2023-05-02 01:39:09,196 [INFO] LOSS FUNCTION PLOTTED at ./fig/0501_1040PMloss.png
"2023-05-02 01:40:41,050 [INFO] EPISODE 119, LOSS 17.75495719909668
"2023-05-02 01:40:41,087 [INFO] LOSS FUNCTION PLOTTED at ./fig/0501_1040PMloss.png
"2023-05-02 01:42:15,011 [INFO] EPISODE 120, LOSS 7.122867584228516
"2023-05-02 01:42:15,056 [INFO] LOSS FUNCTION PLOTTED at ./fig/0501_1040PMloss.png
"2023-05-02 01:43:48,518 [INFO] EPISODE 121, LOSS 1.230190634727478
"2023-05-02 01:43:48,566 [INFO] LOSS FUNCTION PLOTTED at ./fig/0501_1040PMloss.png
"2023-05-02 01:45:18,903 [INFO] EPISODE 122, LOSS 0.5559914708137512
"2023-05-02 01:45:19,008 [INFO] LOSS FUNCTION PLOTTED at ./fig/0501_1040PMloss.png
"2023-05-02 01:46:51,617 [INFO] EPISODE 123, LOSS 2.726778268814087
"2023-05-02 01:46:51,662 [INFO] LOSS FUNCTION PLOTTED at ./fig/0501_1040PMloss.png
"2023-05-02 01:48:24,561 [INFO] EPISODE 124, LOSS 58.59275817871094
"2023-05-02 01:48:24,606 [INFO] LOSS FUNCTION PLOTTED at ./fig/0501_1040PMloss.png
"2023-05-02 01:49:55,766 [INFO] EPISODE 125, LOSS 48.09808349609375
"2023-05-02 01:49:55,810 [INFO] LOSS FUNCTION PLOTTED at ./fig/0501_1040PMloss.png
"2023-05-02 01:51:26,413 [INFO] EPISODE 126, LOSS 10.976981163024902
"2023-05-02 01:51:26,462 [INFO] LOSS FUNCTION PLOTTED at ./fig/0501_1040PMloss.png
"2023-05-02 01:52:57,193 [INFO] EPISODE 127, LOSS 10.21899700164795
"2023-05-02 01:52:57,244 [INFO] LOSS FUNCTION PLOTTED at ./fig/0501_1040PMloss.png
"2023-05-02 01:54:29,927 [INFO] EPISODE 128, LOSS 3.657160758972168
"2023-05-02 01:54:29,966 [INFO] LOSS FUNCTION PLOTTED at ./fig/0501_1040PMloss.png
"2023-05-02 01:56:01,119 [INFO] EPISODE 129, LOSS 50.187015533447266
"2023-05-02 01:56:01,158 [INFO] LOSS FUNCTION PLOTTED at ./fig/0501_1040PMloss.png
"2023-05-02 01:57:34,299 [INFO] EPISODE 130, LOSS 25.950361251831055
"2023-05-02 01:57:34,342 [INFO] LOSS FUNCTION PLOTTED at ./fig/0501_1040PMloss.png
"2023-05-02 01:59:04,808 [INFO] EPISODE 131, LOSS 0.8060164451599121
"2023-05-02 01:59:04,856 [INFO] LOSS FUNCTION PLOTTED at ./fig/0501_1040PMloss.png
"2023-05-02 02:00:36,818 [INFO] EPISODE 132, LOSS 1.5192421674728394
"2023-05-02 02:00:36,850 [INFO] LOSS FUNCTION PLOTTED at ./fig/0501_1040PMloss.png
"2023-05-02 02:02:13,013 [INFO] EPISODE 133, LOSS 9.233294486999512
"2023-05-02 02:02:13,067 [INFO] LOSS FUNCTION PLOTTED at ./fig/0501_1040PMloss.png
"2023-05-02 02:03:47,005 [INFO] EPISODE 134, LOSS 12.214676856994629
"2023-05-02 02:03:47,062 [INFO] LOSS FUNCTION PLOTTED at ./fig/0501_1040PMloss.png
"2023-05-02 02:05:19,556 [INFO] EPISODE 135, LOSS 5.754744052886963
"2023-05-02 02:05:19,590 [INFO] LOSS FUNCTION PLOTTED at ./fig/0501_1040PMloss.png
"2023-05-02 02:06:50,796 [INFO] EPISODE 136, LOSS 3.2818803787231445
"2023-05-02 02:06:50,855 [INFO] LOSS FUNCTION PLOTTED at ./fig/0501_1040PMloss.png
"2023-05-02 02:08:23,632 [INFO] EPISODE 137, LOSS 2.0078821182250977
"2023-05-02 02:08:23,677 [INFO] LOSS FUNCTION PLOTTED at ./fig/0501_1040PMloss.png
"2023-05-02 02:09:54,961 [INFO] EPISODE 138, LOSS 5.51893424987793
"2023-05-02 02:09:55,001 [INFO] LOSS FUNCTION PLOTTED at ./fig/0501_1040PMloss.png
"2023-05-02 02:11:27,134 [INFO] EPISODE 139, LOSS 2.5469820499420166
"2023-05-02 02:11:27,188 [INFO] LOSS FUNCTION PLOTTED at ./fig/0501_1040PMloss.png
"2023-05-02 02:12:58,676 [INFO] EPISODE 140, LOSS 11.029257774353027
"2023-05-02 02:12:58,721 [INFO] LOSS FUNCTION PLOTTED at ./fig/0501_1040PMloss.png
"2023-05-02 02:14:29,700 [INFO] EPISODE 141, LOSS 2.5554065704345703
"2023-05-02 02:14:29,754 [INFO] LOSS FUNCTION PLOTTED at ./fig/0501_1040PMloss.png
"2023-05-02 02:16:01,204 [INFO] EPISODE 142, LOSS 1.824501872062683
"2023-05-02 02:16:01,300 [INFO] LOSS FUNCTION PLOTTED at ./fig/0501_1040PMloss.png
"2023-05-02 02:17:32,114 [INFO] EPISODE 143, LOSS 30.800825119018555
"2023-05-02 02:17:32,159 [INFO] LOSS FUNCTION PLOTTED at ./fig/0501_1040PMloss.png
"2023-05-02 02:19:09,155 [INFO] EPISODE 144, LOSS 2.1371471881866455
"2023-05-02 02:19:09,194 [INFO] LOSS FUNCTION PLOTTED at ./fig/0501_1040PMloss.png
"2023-05-02 02:20:41,226 [INFO] EPISODE 145, LOSS 143.7665252685547
"2023-05-02 02:20:41,278 [INFO] LOSS FUNCTION PLOTTED at ./fig/0501_1040PMloss.png
"2023-05-02 02:22:12,989 [INFO] EPISODE 146, LOSS 1.1626278162002563
"2023-05-02 02:22:13,042 [INFO] LOSS FUNCTION PLOTTED at ./fig/0501_1040PMloss.png
"2023-05-02 02:23:45,338 [INFO] EPISODE 147, LOSS 1.450667381286621
"2023-05-02 02:23:45,383 [INFO] LOSS FUNCTION PLOTTED at ./fig/0501_1040PMloss.png
"2023-05-02 02:25:15,911 [INFO] EPISODE 148, LOSS 4.5017876625061035
"2023-05-02 02:25:15,960 [INFO] LOSS FUNCTION PLOTTED at ./fig/0501_1040PMloss.png
"2023-05-02 02:26:47,641 [INFO] EPISODE 149, LOSS 2.0090553760528564
"2023-05-02 02:26:47,690 [INFO] LOSS FUNCTION PLOTTED at ./fig/0501_1040PMloss.png
"2023-05-02 02:28:20,700 [INFO] EPISODE 150, LOSS 25.899803161621094
"2023-05-02 02:28:20,749 [INFO] LOSS FUNCTION PLOTTED at ./fig/0501_1040PMloss.png
"2023-05-02 02:29:51,284 [INFO] EPISODE 151, LOSS 4.738019943237305
"2023-05-02 02:29:51,327 [INFO] LOSS FUNCTION PLOTTED at ./fig/0501_1040PMloss.png
"2023-05-02 02:31:26,227 [INFO] EPISODE 152, LOSS 30.47234535217285
"2023-05-02 02:31:26,274 [INFO] LOSS FUNCTION PLOTTED at ./fig/0501_1040PMloss.png
"2023-05-02 02:32:58,387 [INFO] EPISODE 153, LOSS 2.47217059135437
"2023-05-02 02:32:58,421 [INFO] LOSS FUNCTION PLOTTED at ./fig/0501_1040PMloss.png
"2023-05-02 02:34:30,213 [INFO] EPISODE 154, LOSS 0.3769584894180298
"2023-05-02 02:34:30,266 [INFO] LOSS FUNCTION PLOTTED at ./fig/0501_1040PMloss.png
"2023-05-02 02:36:02,626 [INFO] EPISODE 155, LOSS 2.978029251098633
"2023-05-02 02:36:02,680 [INFO] LOSS FUNCTION PLOTTED at ./fig/0501_1040PMloss.png
"2023-05-02 02:37:33,922 [INFO] EPISODE 156, LOSS 5.0897440910339355
"2023-05-02 02:37:33,966 [INFO] LOSS FUNCTION PLOTTED at ./fig/0501_1040PMloss.png
"2023-05-02 02:39:03,868 [INFO] EPISODE 157, LOSS 155.47010803222656
"2023-05-02 02:39:03,910 [INFO] LOSS FUNCTION PLOTTED at ./fig/0501_1040PMloss.png
"2023-05-02 02:40:34,228 [INFO] EPISODE 158, LOSS 6.220427989959717
"2023-05-02 02:40:34,275 [INFO] LOSS FUNCTION PLOTTED at ./fig/0501_1040PMloss.png
"2023-05-02 02:42:05,684 [INFO] EPISODE 159, LOSS 0.9734658598899841
"2023-05-02 02:42:05,747 [INFO] LOSS FUNCTION PLOTTED at ./fig/0501_1040PMloss.png
"2023-05-02 02:43:38,022 [INFO] EPISODE 160, LOSS 3.352201223373413
"2023-05-02 02:43:38,077 [INFO] LOSS FUNCTION PLOTTED at ./fig/0501_1040PMloss.png
"2023-05-02 02:45:08,621 [INFO] EPISODE 161, LOSS 2.6640360355377197
"2023-05-02 02:45:08,721 [INFO] LOSS FUNCTION PLOTTED at ./fig/0501_1040PMloss.png
"2023-05-02 02:46:40,807 [INFO] EPISODE 162, LOSS 2.376523733139038
"2023-05-02 02:46:40,858 [INFO] LOSS FUNCTION PLOTTED at ./fig/0501_1040PMloss.png
"2023-05-02 02:48:10,793 [INFO] EPISODE 163, LOSS 6.1311421394348145
"2023-05-02 02:48:10,845 [INFO] LOSS FUNCTION PLOTTED at ./fig/0501_1040PMloss.png
"2023-05-02 02:49:40,511 [INFO] EPISODE 164, LOSS 10.263230323791504
"2023-05-02 02:49:40,560 [INFO] LOSS FUNCTION PLOTTED at ./fig/0501_1040PMloss.png
"2023-05-02 02:51:12,108 [INFO] EPISODE 165, LOSS 5.943835735321045
"2023-05-02 02:51:12,147 [INFO] LOSS FUNCTION PLOTTED at ./fig/0501_1040PMloss.png
"2023-05-02 02:52:45,097 [INFO] EPISODE 166, LOSS 2.48420786857605
"2023-05-02 02:52:45,145 [INFO] LOSS FUNCTION PLOTTED at ./fig/0501_1040PMloss.png
"2023-05-02 02:54:20,853 [INFO] EPISODE 167, LOSS 3.155055284500122
"2023-05-02 02:54:20,897 [INFO] LOSS FUNCTION PLOTTED at ./fig/0501_1040PMloss.png
"2023-05-02 02:55:52,601 [INFO] EPISODE 168, LOSS 2.3257243633270264
"2023-05-02 02:55:52,652 [INFO] LOSS FUNCTION PLOTTED at ./fig/0501_1040PMloss.png
"2023-05-02 02:57:23,832 [INFO] EPISODE 169, LOSS 8.518475532531738
"2023-05-02 02:57:23,874 [INFO] LOSS FUNCTION PLOTTED at ./fig/0501_1040PMloss.png
"2023-05-02 02:58:56,039 [INFO] EPISODE 170, LOSS 4.5821757316589355
"2023-05-02 02:58:56,071 [INFO] LOSS FUNCTION PLOTTED at ./fig/0501_1040PMloss.png
"2023-05-02 03:00:26,683 [INFO] EPISODE 171, LOSS 12.702239036560059
"2023-05-02 03:00:26,739 [INFO] LOSS FUNCTION PLOTTED at ./fig/0501_1040PMloss.png
"2023-05-02 03:01:58,089 [INFO] EPISODE 172, LOSS 134.22361755371094
"2023-05-02 03:01:58,142 [INFO] LOSS FUNCTION PLOTTED at ./fig/0501_1040PMloss.png
"2023-05-02 03:03:29,997 [INFO] EPISODE 173, LOSS 1.6487048864364624
"2023-05-02 03:03:30,051 [INFO] LOSS FUNCTION PLOTTED at ./fig/0501_1040PMloss.png
"2023-05-02 03:05:02,274 [INFO] EPISODE 174, LOSS 12.806747436523438
"2023-05-02 03:05:02,313 [INFO] LOSS FUNCTION PLOTTED at ./fig/0501_1040PMloss.png
"2023-05-02 03:06:33,951 [INFO] EPISODE 175, LOSS 2.2376773357391357
"2023-05-02 03:06:34,020 [INFO] LOSS FUNCTION PLOTTED at ./fig/0501_1040PMloss.png
"2023-05-02 03:08:06,546 [INFO] EPISODE 176, LOSS 1.3002806901931763
"2023-05-02 03:08:06,608 [INFO] LOSS FUNCTION PLOTTED at ./fig/0501_1040PMloss.png
"2023-05-02 03:09:37,531 [INFO] EPISODE 177, LOSS 2.0419604778289795
"2023-05-02 03:09:37,570 [INFO] LOSS FUNCTION PLOTTED at ./fig/0501_1040PMloss.png
"2023-05-02 03:11:09,150 [INFO] EPISODE 178, LOSS 29.343902587890625
"2023-05-02 03:11:09,191 [INFO] LOSS FUNCTION PLOTTED at ./fig/0501_1040PMloss.png
"2023-05-02 03:12:39,649 [INFO] EPISODE 179, LOSS 3.3996212482452393
"2023-05-02 03:12:39,694 [INFO] LOSS FUNCTION PLOTTED at ./fig/0501_1040PMloss.png
"2023-05-02 03:14:11,385 [INFO] EPISODE 180, LOSS 1.6137819290161133
"2023-05-02 03:14:11,487 [INFO] LOSS FUNCTION PLOTTED at ./fig/0501_1040PMloss.png
"2023-05-02 03:15:43,866 [INFO] EPISODE 181, LOSS 1.8452094793319702
"2023-05-02 03:15:43,901 [INFO] LOSS FUNCTION PLOTTED at ./fig/0501_1040PMloss.png
"2023-05-02 03:17:19,694 [INFO] EPISODE 182, LOSS 5.230250835418701
"2023-05-02 03:17:19,753 [INFO] LOSS FUNCTION PLOTTED at ./fig/0501_1040PMloss.png
"2023-05-02 03:18:52,045 [INFO] EPISODE 183, LOSS 26.958051681518555
"2023-05-02 03:18:52,088 [INFO] LOSS FUNCTION PLOTTED at ./fig/0501_1040PMloss.png
"2023-05-02 03:20:23,592 [INFO] EPISODE 184, LOSS 51.94894790649414
"2023-05-02 03:20:23,660 [INFO] LOSS FUNCTION PLOTTED at ./fig/0501_1040PMloss.png
"2023-05-02 03:21:55,046 [INFO] EPISODE 185, LOSS 0.4997314512729645
"2023-05-02 03:21:55,122 [INFO] LOSS FUNCTION PLOTTED at ./fig/0501_1040PMloss.png
"2023-05-02 03:23:26,234 [INFO] EPISODE 186, LOSS 9.508102416992188
"2023-05-02 03:23:26,273 [INFO] LOSS FUNCTION PLOTTED at ./fig/0501_1040PMloss.png
"2023-05-02 03:24:58,275 [INFO] EPISODE 187, LOSS 6.618473052978516
"2023-05-02 03:24:58,309 [INFO] LOSS FUNCTION PLOTTED at ./fig/0501_1040PMloss.png
"2023-05-02 03:26:29,192 [INFO] EPISODE 188, LOSS 0.7001263499259949
"2023-05-02 03:26:29,240 [INFO] LOSS FUNCTION PLOTTED at ./fig/0501_1040PMloss.png
"2023-05-02 03:28:00,398 [INFO] EPISODE 189, LOSS 0.6111449599266052
"2023-05-02 03:28:00,450 [INFO] LOSS FUNCTION PLOTTED at ./fig/0501_1040PMloss.png
"2023-05-02 03:29:30,393 [INFO] EPISODE 190, LOSS 1.2606903314590454
"2023-05-02 03:29:30,444 [INFO] LOSS FUNCTION PLOTTED at ./fig/0501_1040PMloss.png
"2023-05-02 03:31:03,118 [INFO] EPISODE 191, LOSS 0.23791392147541046
"2023-05-02 03:31:03,157 [INFO] LOSS FUNCTION PLOTTED at ./fig/0501_1040PMloss.png
"2023-05-02 03:32:36,905 [INFO] EPISODE 192, LOSS 0.699951708316803
"2023-05-02 03:32:36,954 [INFO] LOSS FUNCTION PLOTTED at ./fig/0501_1040PMloss.png
"2023-05-02 03:34:08,524 [INFO] EPISODE 193, LOSS 0.18364620208740234
"2023-05-02 03:34:08,568 [INFO] LOSS FUNCTION PLOTTED at ./fig/0501_1040PMloss.png
"2023-05-02 03:35:40,457 [INFO] EPISODE 194, LOSS 5.305185317993164
"2023-05-02 03:35:40,505 [INFO] LOSS FUNCTION PLOTTED at ./fig/0501_1040PMloss.png
"2023-05-02 03:37:11,456 [INFO] EPISODE 195, LOSS 0.29532960057258606
"2023-05-02 03:37:11,503 [INFO] LOSS FUNCTION PLOTTED at ./fig/0501_1040PMloss.png
"2023-05-02 03:38:44,632 [INFO] EPISODE 196, LOSS 0.7181692123413086
"2023-05-02 03:38:44,683 [INFO] LOSS FUNCTION PLOTTED at ./fig/0501_1040PMloss.png
"2023-05-02 03:40:17,606 [INFO] EPISODE 197, LOSS 3.498297929763794
"2023-05-02 03:40:17,657 [INFO] LOSS FUNCTION PLOTTED at ./fig/0501_1040PMloss.png
"2023-05-02 03:41:49,402 [INFO] EPISODE 198, LOSS 67.9032974243164
"2023-05-02 03:41:49,453 [INFO] LOSS FUNCTION PLOTTED at ./fig/0501_1040PMloss.png
"2023-05-02 03:43:20,717 [INFO] EPISODE 199, LOSS 0.15651066601276398
"2023-05-02 03:43:20,765 [INFO] LOSS FUNCTION PLOTTED at ./fig/0501_1040PMloss.png
"2023-05-02 03:44:55,909 [INFO] EPISODE 200, LOSS 6.742602825164795
"2023-05-02 03:44:56,002 [INFO] LOSS FUNCTION PLOTTED at ./fig/0501_1040PMloss.png
"2023-05-02 03:46:29,164 [INFO] EPISODE 201, LOSS 0.21251988410949707
"2023-05-02 03:46:29,217 [INFO] LOSS FUNCTION PLOTTED at ./fig/0501_1040PMloss.png
"2023-05-02 03:48:00,002 [INFO] EPISODE 202, LOSS 0.37783703207969666
"2023-05-02 03:48:00,063 [INFO] LOSS FUNCTION PLOTTED at ./fig/0501_1040PMloss.png
"2023-05-02 03:49:31,300 [INFO] EPISODE 203, LOSS 17.889638900756836
"2023-05-02 03:49:31,351 [INFO] LOSS FUNCTION PLOTTED at ./fig/0501_1040PMloss.png
"2023-05-02 03:51:02,659 [INFO] EPISODE 204, LOSS 8.536521911621094
"2023-05-02 03:51:02,697 [INFO] LOSS FUNCTION PLOTTED at ./fig/0501_1040PMloss.png
"2023-05-02 03:52:34,076 [INFO] EPISODE 205, LOSS 9.190056800842285
"2023-05-02 03:52:34,120 [INFO] LOSS FUNCTION PLOTTED at ./fig/0501_1040PMloss.png
"2023-05-02 03:54:05,598 [INFO] EPISODE 206, LOSS 1.5470142364501953
"2023-05-02 03:54:05,653 [INFO] LOSS FUNCTION PLOTTED at ./fig/0501_1040PMloss.png
"2023-05-02 03:55:38,174 [INFO] EPISODE 207, LOSS 0.3021502196788788
"2023-05-02 03:55:38,208 [INFO] LOSS FUNCTION PLOTTED at ./fig/0501_1040PMloss.png
"2023-05-02 03:57:10,769 [INFO] EPISODE 208, LOSS 2.7276484966278076
"2023-05-02 03:57:10,805 [INFO] LOSS FUNCTION PLOTTED at ./fig/0501_1040PMloss.png
"2023-05-02 03:58:44,752 [INFO] EPISODE 209, LOSS 11.386197090148926
"2023-05-02 03:58:44,806 [INFO] LOSS FUNCTION PLOTTED at ./fig/0501_1040PMloss.png
"2023-05-02 04:00:15,747 [INFO] EPISODE 210, LOSS 7.552952289581299
"2023-05-02 04:00:15,786 [INFO] LOSS FUNCTION PLOTTED at ./fig/0501_1040PMloss.png
"2023-05-02 04:01:51,291 [INFO] EPISODE 211, LOSS 3.0415334701538086
"2023-05-02 04:01:51,350 [INFO] LOSS FUNCTION PLOTTED at ./fig/0501_1040PMloss.png
"2023-05-02 04:03:22,328 [INFO] EPISODE 212, LOSS 8.511268615722656
"2023-05-02 04:03:22,371 [INFO] LOSS FUNCTION PLOTTED at ./fig/0501_1040PMloss.png
"2023-05-02 04:04:52,812 [INFO] EPISODE 213, LOSS 1.016420841217041
"2023-05-02 04:04:52,869 [INFO] LOSS FUNCTION PLOTTED at ./fig/0501_1040PMloss.png
"2023-05-02 04:06:24,541 [INFO] EPISODE 214, LOSS 31.8239688873291
"2023-05-02 04:06:24,587 [INFO] LOSS FUNCTION PLOTTED at ./fig/0501_1040PMloss.png
"2023-05-02 04:07:56,056 [INFO] EPISODE 215, LOSS 15.583146095275879
"2023-05-02 04:07:56,096 [INFO] LOSS FUNCTION PLOTTED at ./fig/0501_1040PMloss.png
"2023-05-02 04:09:29,309 [INFO] EPISODE 216, LOSS 5.801918029785156
"2023-05-02 04:09:29,355 [INFO] LOSS FUNCTION PLOTTED at ./fig/0501_1040PMloss.png
"2023-05-02 04:11:02,256 [INFO] EPISODE 217, LOSS 1.4681123495101929
"2023-05-02 04:11:02,309 [INFO] LOSS FUNCTION PLOTTED at ./fig/0501_1040PMloss.png
"2023-05-02 04:12:35,223 [INFO] EPISODE 218, LOSS 42.545860290527344
"2023-05-02 04:12:35,269 [INFO] LOSS FUNCTION PLOTTED at ./fig/0501_1040PMloss.png
"2023-05-02 04:14:06,573 [INFO] EPISODE 219, LOSS 0.8841227889060974
"2023-05-02 04:14:06,607 [INFO] LOSS FUNCTION PLOTTED at ./fig/0501_1040PMloss.png
"2023-05-02 04:15:39,678 [INFO] EPISODE 220, LOSS 3.9704675674438477
"2023-05-02 04:15:39,711 [INFO] LOSS FUNCTION PLOTTED at ./fig/0501_1040PMloss.png
"2023-05-02 04:17:11,485 [INFO] EPISODE 221, LOSS 8.66197681427002
"2023-05-02 04:17:11,523 [INFO] LOSS FUNCTION PLOTTED at ./fig/0501_1040PMloss.png
"2023-05-02 04:18:43,706 [INFO] EPISODE 222, LOSS 28.617149353027344
"2023-05-02 04:18:43,794 [INFO] LOSS FUNCTION PLOTTED at ./fig/0501_1040PMloss.png
"2023-05-02 04:20:14,488 [INFO] EPISODE 223, LOSS 17.76984977722168
"2023-05-02 04:20:14,530 [INFO] LOSS FUNCTION PLOTTED at ./fig/0501_1040PMloss.png
"2023-05-02 04:21:46,721 [INFO] EPISODE 224, LOSS 0.20510022342205048
"2023-05-02 04:21:46,763 [INFO] LOSS FUNCTION PLOTTED at ./fig/0501_1040PMloss.png
"2023-05-02 04:23:17,225 [INFO] EPISODE 225, LOSS 258.3700866699219
"2023-05-02 04:23:17,259 [INFO] LOSS FUNCTION PLOTTED at ./fig/0501_1040PMloss.png
"2023-05-02 04:24:48,242 [INFO] EPISODE 226, LOSS 4.956223487854004
"2023-05-02 04:24:48,288 [INFO] LOSS FUNCTION PLOTTED at ./fig/0501_1040PMloss.png
"2023-05-02 04:26:20,138 [INFO] EPISODE 227, LOSS 0.8059619069099426
"2023-05-02 04:26:20,182 [INFO] LOSS FUNCTION PLOTTED at ./fig/0501_1040PMloss.png
"2023-05-02 04:27:51,709 [INFO] EPISODE 228, LOSS 7.308282375335693
"2023-05-02 04:27:51,753 [INFO] LOSS FUNCTION PLOTTED at ./fig/0501_1040PMloss.png
"2023-05-02 04:29:22,926 [INFO] EPISODE 229, LOSS 1.7610268592834473
"2023-05-02 04:29:22,973 [INFO] LOSS FUNCTION PLOTTED at ./fig/0501_1040PMloss.png
"2023-05-02 04:30:54,720 [INFO] EPISODE 230, LOSS 2.9699814319610596
"2023-05-02 04:30:54,757 [INFO] LOSS FUNCTION PLOTTED at ./fig/0501_1040PMloss.png
"2023-05-02 04:32:27,240 [INFO] EPISODE 231, LOSS 6.425290584564209
"2023-05-02 04:32:27,292 [INFO] LOSS FUNCTION PLOTTED at ./fig/0501_1040PMloss.png
"2023-05-02 04:34:00,111 [INFO] EPISODE 232, LOSS 1.3506509065628052
"2023-05-02 04:34:00,157 [INFO] LOSS FUNCTION PLOTTED at ./fig/0501_1040PMloss.png
"2023-05-02 04:35:29,339 [INFO] EPISODE 233, LOSS 0.34360185265541077
"2023-05-02 04:35:29,387 [INFO] LOSS FUNCTION PLOTTED at ./fig/0501_1040PMloss.png
"2023-05-02 04:37:01,548 [INFO] EPISODE 234, LOSS 0.4207371175289154
"2023-05-02 04:37:01,599 [INFO] LOSS FUNCTION PLOTTED at ./fig/0501_1040PMloss.png
"2023-05-02 04:38:33,341 [INFO] EPISODE 235, LOSS 5.516211032867432
"2023-05-02 04:38:33,385 [INFO] LOSS FUNCTION PLOTTED at ./fig/0501_1040PMloss.png
"2023-05-02 04:40:04,137 [INFO] EPISODE 236, LOSS 0.39199694991111755
"2023-05-02 04:40:04,168 [INFO] LOSS FUNCTION PLOTTED at ./fig/0501_1040PMloss.png
"2023-05-02 04:41:36,360 [INFO] EPISODE 237, LOSS 33.04225540161133
"2023-05-02 04:41:36,401 [INFO] LOSS FUNCTION PLOTTED at ./fig/0501_1040PMloss.png
"2023-05-02 04:43:09,282 [INFO] EPISODE 238, LOSS 36.46164321899414
"2023-05-02 04:43:09,330 [INFO] LOSS FUNCTION PLOTTED at ./fig/0501_1040PMloss.png
"2023-05-02 04:44:41,762 [INFO] EPISODE 239, LOSS 5.71748161315918
"2023-05-02 04:44:41,806 [INFO] LOSS FUNCTION PLOTTED at ./fig/0501_1040PMloss.png
"2023-05-02 04:46:16,259 [INFO] EPISODE 240, LOSS 17.18102264404297
"2023-05-02 04:46:16,308 [INFO] LOSS FUNCTION PLOTTED at ./fig/0501_1040PMloss.png
"2023-05-02 04:47:49,599 [INFO] EPISODE 241, LOSS 8.100886344909668
"2023-05-02 04:47:49,657 [INFO] LOSS FUNCTION PLOTTED at ./fig/0501_1040PMloss.png
"2023-05-02 04:49:21,259 [INFO] EPISODE 242, LOSS 0.24787724018096924
"2023-05-02 04:49:21,300 [INFO] LOSS FUNCTION PLOTTED at ./fig/0501_1040PMloss.png
"2023-05-02 04:50:53,869 [INFO] EPISODE 243, LOSS 7.542238712310791
"2023-05-02 04:50:53,918 [INFO] LOSS FUNCTION PLOTTED at ./fig/0501_1040PMloss.png
"2023-05-02 04:52:24,845 [INFO] EPISODE 244, LOSS 0.20800472795963287
"2023-05-02 04:52:24,935 [INFO] LOSS FUNCTION PLOTTED at ./fig/0501_1040PMloss.png
"2023-05-02 04:53:56,506 [INFO] EPISODE 245, LOSS 0.9515743255615234
"2023-05-02 04:53:56,552 [INFO] LOSS FUNCTION PLOTTED at ./fig/0501_1040PMloss.png
"2023-05-02 04:55:32,046 [INFO] EPISODE 246, LOSS 1.9402135610580444
"2023-05-02 04:55:32,082 [INFO] LOSS FUNCTION PLOTTED at ./fig/0501_1040PMloss.png
"2023-05-02 04:57:04,835 [INFO] EPISODE 247, LOSS 2.24253249168396
"2023-05-02 04:57:04,882 [INFO] LOSS FUNCTION PLOTTED at ./fig/0501_1040PMloss.png
"2023-05-02 04:58:40,774 [INFO] EPISODE 248, LOSS 0.09111718088388443
"2023-05-02 04:58:40,814 [INFO] LOSS FUNCTION PLOTTED at ./fig/0501_1040PMloss.png
"2023-05-02 05:00:16,204 [INFO] EPISODE 249, LOSS 5.255014896392822
"2023-05-02 05:00:16,247 [INFO] LOSS FUNCTION PLOTTED at ./fig/0501_1040PMloss.png
"2023-05-02 05:01:50,764 [INFO] EPISODE 250, LOSS 1.5921039581298828
"2023-05-02 05:01:50,803 [INFO] LOSS FUNCTION PLOTTED at ./fig/0501_1040PMloss.png
"2023-05-02 05:03:20,166 [INFO] EPISODE 251, LOSS 30.986913681030273
"2023-05-02 05:03:20,204 [INFO] LOSS FUNCTION PLOTTED at ./fig/0501_1040PMloss.png
"2023-05-02 05:04:54,210 [INFO] EPISODE 252, LOSS 0.5524103045463562
"2023-05-02 05:04:54,256 [INFO] LOSS FUNCTION PLOTTED at ./fig/0501_1040PMloss.png
"2023-05-02 05:06:26,308 [INFO] EPISODE 253, LOSS 30.87896728515625
"2023-05-02 05:06:26,349 [INFO] LOSS FUNCTION PLOTTED at ./fig/0501_1040PMloss.png
"2023-05-02 05:07:58,072 [INFO] EPISODE 254, LOSS 0.6984748840332031
"2023-05-02 05:07:58,112 [INFO] LOSS FUNCTION PLOTTED at ./fig/0501_1040PMloss.png
"2023-05-02 05:09:29,046 [INFO] EPISODE 255, LOSS 0.7771682739257812
"2023-05-02 05:09:29,088 [INFO] LOSS FUNCTION PLOTTED at ./fig/0501_1040PMloss.png
"2023-05-02 05:10:58,816 [INFO] EPISODE 256, LOSS 0.587634801864624
"2023-05-02 05:10:58,863 [INFO] LOSS FUNCTION PLOTTED at ./fig/0501_1040PMloss.png
"2023-05-02 05:12:31,296 [INFO] EPISODE 257, LOSS 14.024291038513184
"2023-05-02 05:12:31,346 [INFO] LOSS FUNCTION PLOTTED at ./fig/0501_1040PMloss.png
"2023-05-02 05:14:04,366 [INFO] EPISODE 258, LOSS 0.23969954252243042
"2023-05-02 05:14:04,401 [INFO] LOSS FUNCTION PLOTTED at ./fig/0501_1040PMloss.png
"2023-05-02 05:15:39,380 [INFO] EPISODE 259, LOSS 3.9799463748931885
"2023-05-02 05:15:39,424 [INFO] LOSS FUNCTION PLOTTED at ./fig/0501_1040PMloss.png
"2023-05-02 05:17:13,064 [INFO] EPISODE 260, LOSS 0.2958046495914459
"2023-05-02 05:17:13,109 [INFO] LOSS FUNCTION PLOTTED at ./fig/0501_1040PMloss.png
"2023-05-02 05:18:44,125 [INFO] EPISODE 261, LOSS 2.6213252544403076
"2023-05-02 05:18:44,167 [INFO] LOSS FUNCTION PLOTTED at ./fig/0501_1040PMloss.png
"2023-05-02 05:20:14,259 [INFO] EPISODE 262, LOSS 5.527563095092773
"2023-05-02 05:20:14,293 [INFO] LOSS FUNCTION PLOTTED at ./fig/0501_1040PMloss.png
"2023-05-02 05:21:43,958 [INFO] EPISODE 263, LOSS 14.23804759979248
"2023-05-02 05:21:44,002 [INFO] LOSS FUNCTION PLOTTED at ./fig/0501_1040PMloss.png
"2023-05-02 05:23:18,520 [INFO] EPISODE 264, LOSS 0.24669532477855682
"2023-05-02 05:23:18,626 [INFO] LOSS FUNCTION PLOTTED at ./fig/0501_1040PMloss.png
"2023-05-02 05:24:50,374 [INFO] EPISODE 265, LOSS 0.3819708824157715
"2023-05-02 05:24:50,418 [INFO] LOSS FUNCTION PLOTTED at ./fig/0501_1040PMloss.png
"2023-05-02 05:26:22,688 [INFO] EPISODE 266, LOSS 3.4475231170654297
"2023-05-02 05:26:22,724 [INFO] LOSS FUNCTION PLOTTED at ./fig/0501_1040PMloss.png
"2023-05-02 05:27:55,294 [INFO] EPISODE 267, LOSS 18.2393741607666
"2023-05-02 05:27:55,355 [INFO] LOSS FUNCTION PLOTTED at ./fig/0501_1040PMloss.png
"2023-05-02 05:29:25,324 [INFO] EPISODE 268, LOSS 20.744977951049805
"2023-05-02 05:29:25,369 [INFO] LOSS FUNCTION PLOTTED at ./fig/0501_1040PMloss.png
"2023-05-02 05:30:57,842 [INFO] EPISODE 269, LOSS 0.17724162340164185
"2023-05-02 05:30:57,878 [INFO] LOSS FUNCTION PLOTTED at ./fig/0501_1040PMloss.png
"2023-05-02 05:32:33,908 [INFO] EPISODE 270, LOSS 54.10945510864258
"2023-05-02 05:32:33,951 [INFO] LOSS FUNCTION PLOTTED at ./fig/0501_1040PMloss.png
"2023-05-02 05:34:06,646 [INFO] EPISODE 271, LOSS 0.9192491173744202
"2023-05-02 05:34:06,685 [INFO] LOSS FUNCTION PLOTTED at ./fig/0501_1040PMloss.png
"2023-05-02 05:35:39,570 [INFO] EPISODE 272, LOSS 1.1049405336380005
"2023-05-02 05:35:39,608 [INFO] LOSS FUNCTION PLOTTED at ./fig/0501_1040PMloss.png
"2023-05-02 05:37:14,205 [INFO] EPISODE 273, LOSS 269.89849853515625
"2023-05-02 05:37:14,240 [INFO] LOSS FUNCTION PLOTTED at ./fig/0501_1040PMloss.png
"2023-05-02 05:38:46,758 [INFO] EPISODE 274, LOSS 1.7173795700073242
"2023-05-02 05:38:46,806 [INFO] LOSS FUNCTION PLOTTED at ./fig/0501_1040PMloss.png
"2023-05-02 05:40:18,346 [INFO] EPISODE 275, LOSS 7.059317111968994
"2023-05-02 05:40:18,380 [INFO] LOSS FUNCTION PLOTTED at ./fig/0501_1040PMloss.png
"2023-05-02 05:41:51,637 [INFO] EPISODE 276, LOSS 8.275912284851074
"2023-05-02 05:41:51,676 [INFO] LOSS FUNCTION PLOTTED at ./fig/0501_1040PMloss.png
"2023-05-02 05:43:23,102 [INFO] EPISODE 277, LOSS 20.653783798217773
"2023-05-02 05:43:23,161 [INFO] LOSS FUNCTION PLOTTED at ./fig/0501_1040PMloss.png
"2023-05-02 05:44:54,482 [INFO] EPISODE 278, LOSS 0.29650041460990906
"2023-05-02 05:44:54,538 [INFO] LOSS FUNCTION PLOTTED at ./fig/0501_1040PMloss.png
"2023-05-02 05:46:24,984 [INFO] EPISODE 279, LOSS 0.296003133058548
"2023-05-02 05:46:25,017 [INFO] LOSS FUNCTION PLOTTED at ./fig/0501_1040PMloss.png
"2023-05-02 05:47:55,534 [INFO] EPISODE 280, LOSS 9.39525318145752
"2023-05-02 05:47:55,573 [INFO] LOSS FUNCTION PLOTTED at ./fig/0501_1040PMloss.png
"2023-05-02 05:49:27,705 [INFO] EPISODE 281, LOSS 4.349137783050537
"2023-05-02 05:49:27,759 [INFO] LOSS FUNCTION PLOTTED at ./fig/0501_1040PMloss.png
"2023-05-02 05:51:00,218 [INFO] EPISODE 282, LOSS 1.2975741624832153
"2023-05-02 05:51:00,261 [INFO] LOSS FUNCTION PLOTTED at ./fig/0501_1040PMloss.png
"2023-05-02 05:52:33,698 [INFO] EPISODE 283, LOSS 13.590302467346191
"2023-05-02 05:52:33,748 [INFO] LOSS FUNCTION PLOTTED at ./fig/0501_1040PMloss.png
"2023-05-02 05:54:07,025 [INFO] EPISODE 284, LOSS 0.9344426989555359
"2023-05-02 05:54:07,064 [INFO] LOSS FUNCTION PLOTTED at ./fig/0501_1040PMloss.png
"2023-05-02 05:55:39,117 [INFO] EPISODE 285, LOSS 0.7419471740722656
"2023-05-02 05:55:39,219 [INFO] LOSS FUNCTION PLOTTED at ./fig/0501_1040PMloss.png
"2023-05-02 05:57:09,929 [INFO] EPISODE 286, LOSS 0.9553719162940979
"2023-05-02 05:57:09,976 [INFO] LOSS FUNCTION PLOTTED at ./fig/0501_1040PMloss.png
"2023-05-02 05:58:42,980 [INFO] EPISODE 287, LOSS 16.661317825317383
"2023-05-02 05:58:43,039 [INFO] LOSS FUNCTION PLOTTED at ./fig/0501_1040PMloss.png
"2023-05-02 06:00:15,504 [INFO] EPISODE 288, LOSS 4.912181377410889
"2023-05-02 06:00:15,555 [INFO] LOSS FUNCTION PLOTTED at ./fig/0501_1040PMloss.png
"2023-05-02 06:01:47,872 [INFO] EPISODE 289, LOSS 0.9060555100440979
"2023-05-02 06:01:47,912 [INFO] LOSS FUNCTION PLOTTED at ./fig/0501_1040PMloss.png
"2023-05-02 06:03:20,890 [INFO] EPISODE 290, LOSS 3.3242664337158203
"2023-05-02 06:03:20,924 [INFO] LOSS FUNCTION PLOTTED at ./fig/0501_1040PMloss.png
"2023-05-02 06:04:52,710 [INFO] EPISODE 291, LOSS 2.13360333442688
"2023-05-02 06:04:52,759 [INFO] LOSS FUNCTION PLOTTED at ./fig/0501_1040PMloss.png
"2023-05-02 06:06:24,623 [INFO] EPISODE 292, LOSS 73.35204315185547
"2023-05-02 06:06:24,709 [INFO] LOSS FUNCTION PLOTTED at ./fig/0501_1040PMloss.png
"2023-05-02 06:07:57,545 [INFO] EPISODE 293, LOSS 0.3389963209629059
"2023-05-02 06:07:57,589 [INFO] LOSS FUNCTION PLOTTED at ./fig/0501_1040PMloss.png
"2023-05-02 06:09:30,767 [INFO] EPISODE 294, LOSS 6.304248809814453
"2023-05-02 06:09:30,813 [INFO] LOSS FUNCTION PLOTTED at ./fig/0501_1040PMloss.png
"2023-05-02 06:11:02,056 [INFO] EPISODE 295, LOSS 3.0863144397735596
"2023-05-02 06:11:02,106 [INFO] LOSS FUNCTION PLOTTED at ./fig/0501_1040PMloss.png
"2023-05-02 06:12:33,569 [INFO] EPISODE 296, LOSS 4.585017681121826
"2023-05-02 06:12:33,614 [INFO] LOSS FUNCTION PLOTTED at ./fig/0501_1040PMloss.png
"2023-05-02 06:14:10,174 [INFO] EPISODE 297, LOSS 0.4633711874485016
"2023-05-02 06:14:10,210 [INFO] LOSS FUNCTION PLOTTED at ./fig/0501_1040PMloss.png
"2023-05-02 06:15:43,319 [INFO] EPISODE 298, LOSS 64.28495025634766
"2023-05-02 06:15:43,392 [INFO] LOSS FUNCTION PLOTTED at ./fig/0501_1040PMloss.png
"2023-05-02 06:17:14,548 [INFO] EPISODE 299, LOSS 0.4233222007751465
"2023-05-02 06:17:14,581 [INFO] LOSS FUNCTION PLOTTED at ./fig/0501_1040PMloss.png
"2023-05-02 06:18:45,229 [INFO] EPISODE 300, LOSS 1.412200927734375
"2023-05-02 06:18:45,271 [INFO] LOSS FUNCTION PLOTTED at ./fig/0501_1040PMloss.png
"2023-05-02 06:20:16,064 [INFO] EPISODE 301, LOSS 2.633127450942993
"2023-05-02 06:20:16,109 [INFO] LOSS FUNCTION PLOTTED at ./fig/0501_1040PMloss.png
"2023-05-02 06:21:47,373 [INFO] EPISODE 302, LOSS 0.9212827682495117
"2023-05-02 06:21:47,410 [INFO] LOSS FUNCTION PLOTTED at ./fig/0501_1040PMloss.png
"2023-05-02 06:23:19,013 [INFO] EPISODE 303, LOSS 2.6401431560516357
"2023-05-02 06:23:19,057 [INFO] LOSS FUNCTION PLOTTED at ./fig/0501_1040PMloss.png
"2023-05-02 06:24:56,045 [INFO] EPISODE 304, LOSS 396.8128356933594
"2023-05-02 06:24:56,137 [INFO] LOSS FUNCTION PLOTTED at ./fig/0501_1040PMloss.png
"2023-05-02 06:26:28,006 [INFO] EPISODE 305, LOSS 0.42889440059661865
"2023-05-02 06:26:28,050 [INFO] LOSS FUNCTION PLOTTED at ./fig/0501_1040PMloss.png
"2023-05-02 06:28:01,568 [INFO] EPISODE 306, LOSS 0.22565478086471558
"2023-05-02 06:28:01,602 [INFO] LOSS FUNCTION PLOTTED at ./fig/0501_1040PMloss.png
"2023-05-02 06:29:34,933 [INFO] EPISODE 307, LOSS 40.538516998291016
"2023-05-02 06:29:34,979 [INFO] LOSS FUNCTION PLOTTED at ./fig/0501_1040PMloss.png
"2023-05-02 06:31:08,493 [INFO] EPISODE 308, LOSS 34.908016204833984
"2023-05-02 06:31:08,554 [INFO] LOSS FUNCTION PLOTTED at ./fig/0501_1040PMloss.png
"2023-05-02 06:32:40,625 [INFO] EPISODE 309, LOSS 0.31573486328125
"2023-05-02 06:32:40,670 [INFO] LOSS FUNCTION PLOTTED at ./fig/0501_1040PMloss.png
"2023-05-02 06:34:13,704 [INFO] EPISODE 310, LOSS 1.1100581884384155
"2023-05-02 06:34:13,754 [INFO] LOSS FUNCTION PLOTTED at ./fig/0501_1040PMloss.png
"2023-05-02 06:35:47,227 [INFO] EPISODE 311, LOSS 0.40527692437171936
"2023-05-02 06:35:47,270 [INFO] LOSS FUNCTION PLOTTED at ./fig/0501_1040PMloss.png
"2023-05-02 06:37:18,813 [INFO] EPISODE 312, LOSS 5.919226169586182
"2023-05-02 06:37:18,850 [INFO] LOSS FUNCTION PLOTTED at ./fig/0501_1040PMloss.png
"2023-05-02 06:38:51,055 [INFO] EPISODE 313, LOSS 2.1096770763397217
"2023-05-02 06:38:51,093 [INFO] LOSS FUNCTION PLOTTED at ./fig/0501_1040PMloss.png
"2023-05-02 06:40:23,914 [INFO] EPISODE 314, LOSS 5.4255547523498535
"2023-05-02 06:40:23,952 [INFO] LOSS FUNCTION PLOTTED at ./fig/0501_1040PMloss.png
"2023-05-02 06:41:57,978 [INFO] EPISODE 315, LOSS 8.372529983520508
"2023-05-02 06:41:58,017 [INFO] LOSS FUNCTION PLOTTED at ./fig/0501_1040PMloss.png
"2023-05-02 06:43:32,885 [INFO] EPISODE 316, LOSS 0.5790480971336365
"2023-05-02 06:43:32,921 [INFO] LOSS FUNCTION PLOTTED at ./fig/0501_1040PMloss.png
"2023-05-02 06:45:04,611 [INFO] EPISODE 317, LOSS 31.29776954650879
"2023-05-02 06:45:04,659 [INFO] LOSS FUNCTION PLOTTED at ./fig/0501_1040PMloss.png
"2023-05-02 06:46:34,233 [INFO] EPISODE 318, LOSS 5.790097713470459
"2023-05-02 06:46:34,278 [INFO] LOSS FUNCTION PLOTTED at ./fig/0501_1040PMloss.png
"2023-05-02 06:48:08,653 [INFO] EPISODE 319, LOSS 2.203296661376953
"2023-05-02 06:48:08,691 [INFO] LOSS FUNCTION PLOTTED at ./fig/0501_1040PMloss.png
"2023-05-02 06:49:42,789 [INFO] EPISODE 320, LOSS 2.7133734226226807
"2023-05-02 06:49:42,845 [INFO] LOSS FUNCTION PLOTTED at ./fig/0501_1040PMloss.png
"2023-05-02 06:51:14,641 [INFO] EPISODE 321, LOSS 0.9145275950431824
"2023-05-02 06:51:14,690 [INFO] LOSS FUNCTION PLOTTED at ./fig/0501_1040PMloss.png
"2023-05-02 06:52:47,709 [INFO] EPISODE 322, LOSS 0.5690101981163025
"2023-05-02 06:52:47,746 [INFO] LOSS FUNCTION PLOTTED at ./fig/0501_1040PMloss.png
"2023-05-02 06:54:20,302 [INFO] EPISODE 323, LOSS 1.0867290496826172
"2023-05-02 06:54:20,413 [INFO] LOSS FUNCTION PLOTTED at ./fig/0501_1040PMloss.png
"2023-05-02 06:55:51,638 [INFO] EPISODE 324, LOSS 8.018271446228027
"2023-05-02 06:55:51,682 [INFO] LOSS FUNCTION PLOTTED at ./fig/0501_1040PMloss.png
"2023-05-02 06:57:23,955 [INFO] EPISODE 325, LOSS 1.8342634439468384
"2023-05-02 06:57:24,001 [INFO] LOSS FUNCTION PLOTTED at ./fig/0501_1040PMloss.png
"2023-05-02 06:58:55,251 [INFO] EPISODE 326, LOSS 3.9449455738067627
"2023-05-02 06:58:55,298 [INFO] LOSS FUNCTION PLOTTED at ./fig/0501_1040PMloss.png
"2023-05-02 07:00:29,404 [INFO] EPISODE 327, LOSS 0.867414653301239
"2023-05-02 07:00:29,449 [INFO] LOSS FUNCTION PLOTTED at ./fig/0501_1040PMloss.png
"2023-05-02 07:02:03,738 [INFO] EPISODE 328, LOSS 0.547278642654419
"2023-05-02 07:02:03,776 [INFO] LOSS FUNCTION PLOTTED at ./fig/0501_1040PMloss.png
"2023-05-02 07:03:41,679 [INFO] EPISODE 329, LOSS 0.48969602584838867
"2023-05-02 07:03:41,721 [INFO] LOSS FUNCTION PLOTTED at ./fig/0501_1040PMloss.png
"2023-05-02 07:05:14,884 [INFO] EPISODE 330, LOSS 0.2705829441547394
"2023-05-02 07:05:14,929 [INFO] LOSS FUNCTION PLOTTED at ./fig/0501_1040PMloss.png
"2023-05-02 07:06:45,985 [INFO] EPISODE 331, LOSS 1.6307910680770874
"2023-05-02 07:06:46,039 [INFO] LOSS FUNCTION PLOTTED at ./fig/0501_1040PMloss.png
"2023-05-02 07:08:16,879 [INFO] EPISODE 332, LOSS 11.470898628234863
"2023-05-02 07:08:16,932 [INFO] LOSS FUNCTION PLOTTED at ./fig/0501_1040PMloss.png
"2023-05-02 07:09:50,223 [INFO] EPISODE 333, LOSS 7.716976642608643
"2023-05-02 07:09:50,318 [INFO] LOSS FUNCTION PLOTTED at ./fig/0501_1040PMloss.png
"2023-05-02 07:11:23,691 [INFO] EPISODE 334, LOSS 1.5513553619384766
"2023-05-02 07:11:23,744 [INFO] LOSS FUNCTION PLOTTED at ./fig/0501_1040PMloss.png
"2023-05-02 07:12:56,077 [INFO] EPISODE 335, LOSS 3.2066688537597656
"2023-05-02 07:12:56,116 [INFO] LOSS FUNCTION PLOTTED at ./fig/0501_1040PMloss.png
"2023-05-02 07:14:29,474 [INFO] EPISODE 336, LOSS 1.0459847450256348
"2023-05-02 07:14:29,521 [INFO] LOSS FUNCTION PLOTTED at ./fig/0501_1040PMloss.png
"2023-05-02 07:16:02,380 [INFO] EPISODE 337, LOSS 0.38913246989250183
"2023-05-02 07:16:02,416 [INFO] LOSS FUNCTION PLOTTED at ./fig/0501_1040PMloss.png
"2023-05-02 07:17:33,275 [INFO] EPISODE 338, LOSS 33.44355392456055
"2023-05-02 07:17:33,314 [INFO] LOSS FUNCTION PLOTTED at ./fig/0501_1040PMloss.png
"2023-05-02 07:19:05,616 [INFO] EPISODE 339, LOSS 0.6317669749259949
"2023-05-02 07:19:05,655 [INFO] LOSS FUNCTION PLOTTED at ./fig/0501_1040PMloss.png
"2023-05-02 07:20:37,621 [INFO] EPISODE 340, LOSS 22.535232543945312
"2023-05-02 07:20:37,676 [INFO] LOSS FUNCTION PLOTTED at ./fig/0501_1040PMloss.png
"2023-05-02 07:22:09,555 [INFO] EPISODE 341, LOSS 0.4629002809524536
"2023-05-02 07:22:09,600 [INFO] LOSS FUNCTION PLOTTED at ./fig/0501_1040PMloss.png
"2023-05-02 07:23:42,172 [INFO] EPISODE 342, LOSS 2.7283432483673096
"2023-05-02 07:23:42,212 [INFO] LOSS FUNCTION PLOTTED at ./fig/0501_1040PMloss.png
"2023-05-02 07:25:15,684 [INFO] EPISODE 343, LOSS 1.7986154556274414
"2023-05-02 07:25:15,790 [INFO] LOSS FUNCTION PLOTTED at ./fig/0501_1040PMloss.png
"2023-05-02 07:26:48,613 [INFO] EPISODE 344, LOSS 2.5472347736358643
"2023-05-02 07:26:48,659 [INFO] LOSS FUNCTION PLOTTED at ./fig/0501_1040PMloss.png
"2023-05-02 07:28:20,882 [INFO] EPISODE 345, LOSS 1.0099951028823853
"2023-05-02 07:28:20,929 [INFO] LOSS FUNCTION PLOTTED at ./fig/0501_1040PMloss.png
"2023-05-02 07:29:54,008 [INFO] EPISODE 346, LOSS 1.8953622579574585
"2023-05-02 07:29:54,061 [INFO] LOSS FUNCTION PLOTTED at ./fig/0501_1040PMloss.png
"2023-05-02 07:31:26,591 [INFO] EPISODE 347, LOSS 3.6049840450286865
"2023-05-02 07:31:26,628 [INFO] LOSS FUNCTION PLOTTED at ./fig/0501_1040PMloss.png
"2023-05-02 07:32:57,609 [INFO] EPISODE 348, LOSS 1.102030634880066
"2023-05-02 07:32:57,661 [INFO] LOSS FUNCTION PLOTTED at ./fig/0501_1040PMloss.png
"2023-05-02 07:34:27,801 [INFO] EPISODE 349, LOSS 0.4186434745788574
"2023-05-02 07:34:27,852 [INFO] LOSS FUNCTION PLOTTED at ./fig/0501_1040PMloss.png
"2023-05-02 07:36:00,235 [INFO] EPISODE 350, LOSS 0.5417191982269287
"2023-05-02 07:36:00,281 [INFO] LOSS FUNCTION PLOTTED at ./fig/0501_1040PMloss.png
"2023-05-02 07:37:38,036 [INFO] EPISODE 351, LOSS 0.14894022047519684
"2023-05-02 07:37:38,071 [INFO] LOSS FUNCTION PLOTTED at ./fig/0501_1040PMloss.png
"2023-05-02 07:39:10,124 [INFO] EPISODE 352, LOSS 26.96775245666504
"2023-05-02 07:39:10,178 [INFO] LOSS FUNCTION PLOTTED at ./fig/0501_1040PMloss.png
"2023-05-02 07:40:41,897 [INFO] EPISODE 353, LOSS 4.289150238037109
"2023-05-02 07:40:41,933 [INFO] LOSS FUNCTION PLOTTED at ./fig/0501_1040PMloss.png
"2023-05-02 07:42:14,665 [INFO] EPISODE 354, LOSS 2.608513593673706
"2023-05-02 07:42:14,705 [INFO] LOSS FUNCTION PLOTTED at ./fig/0501_1040PMloss.png
"2023-05-02 07:43:46,232 [INFO] EPISODE 355, LOSS 1.6103811264038086
"2023-05-02 07:43:46,292 [INFO] LOSS FUNCTION PLOTTED at ./fig/0501_1040PMloss.png
"2023-05-02 07:45:16,905 [INFO] EPISODE 356, LOSS 1.242376685142517
"2023-05-02 07:45:16,983 [INFO] LOSS FUNCTION PLOTTED at ./fig/0501_1040PMloss.png
"2023-05-02 07:46:49,688 [INFO] EPISODE 357, LOSS 0.3356287181377411
"2023-05-02 07:46:49,744 [INFO] LOSS FUNCTION PLOTTED at ./fig/0501_1040PMloss.png
"2023-05-02 07:48:21,605 [INFO] EPISODE 358, LOSS 0.7156691551208496
"2023-05-02 07:48:21,657 [INFO] LOSS FUNCTION PLOTTED at ./fig/0501_1040PMloss.png
"2023-05-02 07:49:54,146 [INFO] EPISODE 359, LOSS 46.62771224975586
"2023-05-02 07:49:54,195 [INFO] LOSS FUNCTION PLOTTED at ./fig/0501_1040PMloss.png
"2023-05-02 07:51:24,862 [INFO] EPISODE 360, LOSS 3.8512933254241943
"2023-05-02 07:51:24,909 [INFO] LOSS FUNCTION PLOTTED at ./fig/0501_1040PMloss.png
"2023-05-02 07:52:59,136 [INFO] EPISODE 361, LOSS 9.72050952911377
"2023-05-02 07:52:59,172 [INFO] LOSS FUNCTION PLOTTED at ./fig/0501_1040PMloss.png
"2023-05-02 07:54:33,181 [INFO] EPISODE 362, LOSS 5.277260780334473
"2023-05-02 07:54:33,279 [INFO] LOSS FUNCTION PLOTTED at ./fig/0501_1040PMloss.png
"2023-05-02 07:56:12,625 [INFO] EPISODE 363, LOSS 1.0137923955917358
"2023-05-02 07:56:12,665 [INFO] LOSS FUNCTION PLOTTED at ./fig/0501_1040PMloss.png
"2023-05-02 07:57:44,426 [INFO] EPISODE 364, LOSS 54.07502746582031
"2023-05-02 07:57:44,458 [INFO] LOSS FUNCTION PLOTTED at ./fig/0501_1040PMloss.png
"2023-05-02 07:59:18,046 [INFO] EPISODE 365, LOSS 1.102483868598938
"2023-05-02 07:59:18,092 [INFO] LOSS FUNCTION PLOTTED at ./fig/0501_1040PMloss.png
"2023-05-02 08:00:51,467 [INFO] EPISODE 366, LOSS 10.573441505432129
"2023-05-02 08:00:51,513 [INFO] LOSS FUNCTION PLOTTED at ./fig/0501_1040PMloss.png
"2023-05-02 08:02:24,176 [INFO] EPISODE 367, LOSS 0.446379154920578
"2023-05-02 08:02:24,215 [INFO] LOSS FUNCTION PLOTTED at ./fig/0501_1040PMloss.png
"2023-05-02 08:03:56,722 [INFO] EPISODE 368, LOSS 45.13911819458008
"2023-05-02 08:03:56,762 [INFO] LOSS FUNCTION PLOTTED at ./fig/0501_1040PMloss.png
"2023-05-02 08:05:29,339 [INFO] EPISODE 369, LOSS 0.19527459144592285
"2023-05-02 08:05:29,387 [INFO] LOSS FUNCTION PLOTTED at ./fig/0501_1040PMloss.png
"2023-05-02 08:07:01,912 [INFO] EPISODE 370, LOSS 11.259861946105957
"2023-05-02 08:07:01,957 [INFO] LOSS FUNCTION PLOTTED at ./fig/0501_1040PMloss.png
"2023-05-02 08:08:35,438 [INFO] EPISODE 371, LOSS 2.0950710773468018
"2023-05-02 08:08:35,474 [INFO] LOSS FUNCTION PLOTTED at ./fig/0501_1040PMloss.png
"2023-05-02 08:10:09,584 [INFO] EPISODE 372, LOSS 1.4586457014083862
"2023-05-02 08:10:09,636 [INFO] LOSS FUNCTION PLOTTED at ./fig/0501_1040PMloss.png
"2023-05-02 08:11:41,273 [INFO] EPISODE 373, LOSS 0.27937036752700806
"2023-05-02 08:11:41,313 [INFO] LOSS FUNCTION PLOTTED at ./fig/0501_1040PMloss.png
"2023-05-02 08:13:13,833 [INFO] EPISODE 374, LOSS 0.37100693583488464
"2023-05-02 08:13:13,881 [INFO] LOSS FUNCTION PLOTTED at ./fig/0501_1040PMloss.png
"2023-05-02 08:14:54,384 [INFO] EPISODE 375, LOSS 1.3526827096939087
"2023-05-02 08:14:54,417 [INFO] LOSS FUNCTION PLOTTED at ./fig/0501_1040PMloss.png
"2023-05-02 08:16:27,001 [INFO] EPISODE 376, LOSS 1.146807074546814
"2023-05-02 08:16:27,044 [INFO] LOSS FUNCTION PLOTTED at ./fig/0501_1040PMloss.png
"2023-05-02 08:18:00,105 [INFO] EPISODE 377, LOSS 25.636795043945312
"2023-05-02 08:18:00,154 [INFO] LOSS FUNCTION PLOTTED at ./fig/0501_1040PMloss.png
"2023-05-02 08:19:30,449 [INFO] EPISODE 378, LOSS 0.48031795024871826
"2023-05-02 08:19:30,494 [INFO] LOSS FUNCTION PLOTTED at ./fig/0501_1040PMloss.png
"2023-05-02 08:21:05,700 [INFO] EPISODE 379, LOSS 7.889102458953857
"2023-05-02 08:21:05,754 [INFO] LOSS FUNCTION PLOTTED at ./fig/0501_1040PMloss.png
"2023-05-02 08:22:39,066 [INFO] EPISODE 380, LOSS 1.0770083665847778
"2023-05-02 08:22:39,102 [INFO] LOSS FUNCTION PLOTTED at ./fig/0501_1040PMloss.png
"2023-05-02 08:24:12,212 [INFO] EPISODE 381, LOSS 0.22603201866149902
"2023-05-02 08:24:12,315 [INFO] LOSS FUNCTION PLOTTED at ./fig/0501_1040PMloss.png
"2023-05-02 08:25:45,834 [INFO] EPISODE 382, LOSS 0.08266773074865341
"2023-05-02 08:25:45,876 [INFO] LOSS FUNCTION PLOTTED at ./fig/0501_1040PMloss.png
"2023-05-02 08:27:18,015 [INFO] EPISODE 383, LOSS 0.47000932693481445
"2023-05-02 08:27:18,054 [INFO] LOSS FUNCTION PLOTTED at ./fig/0501_1040PMloss.png
"2023-05-02 08:28:53,189 [INFO] EPISODE 384, LOSS 1.2829134464263916
"2023-05-02 08:28:53,226 [INFO] LOSS FUNCTION PLOTTED at ./fig/0501_1040PMloss.png
"2023-05-02 08:30:25,604 [INFO] EPISODE 385, LOSS 0.9144997000694275
"2023-05-02 08:30:25,652 [INFO] LOSS FUNCTION PLOTTED at ./fig/0501_1040PMloss.png
"2023-05-02 08:32:07,722 [INFO] EPISODE 386, LOSS 3.2610976696014404
"2023-05-02 08:32:07,758 [INFO] LOSS FUNCTION PLOTTED at ./fig/0501_1040PMloss.png
"2023-05-02 08:33:40,946 [INFO] EPISODE 387, LOSS 1.483397126197815
"2023-05-02 08:33:40,984 [INFO] LOSS FUNCTION PLOTTED at ./fig/0501_1040PMloss.png
"2023-05-02 08:35:14,247 [INFO] EPISODE 388, LOSS 0.21768420934677124
"2023-05-02 08:35:14,281 [INFO] LOSS FUNCTION PLOTTED at ./fig/0501_1040PMloss.png
"2023-05-02 08:36:45,846 [INFO] EPISODE 389, LOSS 2.2749454975128174
"2023-05-02 08:36:45,927 [INFO] LOSS FUNCTION PLOTTED at ./fig/0501_1040PMloss.png
"2023-05-02 08:38:19,512 [INFO] EPISODE 390, LOSS 1.4275392293930054
"2023-05-02 08:38:19,617 [INFO] LOSS FUNCTION PLOTTED at ./fig/0501_1040PMloss.png
"2023-05-02 08:39:50,300 [INFO] EPISODE 391, LOSS 6.412254333496094
"2023-05-02 08:39:50,352 [INFO] LOSS FUNCTION PLOTTED at ./fig/0501_1040PMloss.png
"2023-05-02 08:41:22,158 [INFO] EPISODE 392, LOSS 1.0026417970657349
"2023-05-02 08:41:22,199 [INFO] LOSS FUNCTION PLOTTED at ./fig/0501_1040PMloss.png
"2023-05-02 08:42:56,486 [INFO] EPISODE 393, LOSS 0.5825763940811157
"2023-05-02 08:42:56,544 [INFO] LOSS FUNCTION PLOTTED at ./fig/0501_1040PMloss.png
"2023-05-02 08:44:28,495 [INFO] EPISODE 394, LOSS 2.400024175643921
"2023-05-02 08:44:28,545 [INFO] LOSS FUNCTION PLOTTED at ./fig/0501_1040PMloss.png
"2023-05-02 08:45:59,194 [INFO] EPISODE 395, LOSS 0.8352046012878418
"2023-05-02 08:45:59,261 [INFO] LOSS FUNCTION PLOTTED at ./fig/0501_1040PMloss.png
"2023-05-02 08:47:31,669 [INFO] EPISODE 396, LOSS 0.8366351127624512
"2023-05-02 08:47:31,706 [INFO] LOSS FUNCTION PLOTTED at ./fig/0501_1040PMloss.png
"2023-05-02 08:49:04,344 [INFO] EPISODE 397, LOSS 0.8779053688049316
"2023-05-02 08:49:04,429 [INFO] LOSS FUNCTION PLOTTED at ./fig/0501_1040PMloss.png
"2023-05-02 08:50:36,823 [INFO] EPISODE 398, LOSS 1.5847282409667969
"2023-05-02 08:50:36,895 [INFO] LOSS FUNCTION PLOTTED at ./fig/0501_1040PMloss.png
"2023-05-02 08:52:08,719 [INFO] EPISODE 399, LOSS 0.5234077572822571
"2023-05-02 08:52:08,766 [INFO] LOSS FUNCTION PLOTTED at ./fig/0501_1040PMloss.png
"2023-05-02 08:53:41,782 [INFO] EPISODE 400, LOSS 4.964540958404541
"2023-05-02 08:53:41,824 [INFO] LOSS FUNCTION PLOTTED at ./fig/0501_1040PMloss.png
"2023-05-02 08:55:14,141 [INFO] EPISODE 401, LOSS 2.2720000743865967
"2023-05-02 08:55:14,231 [INFO] LOSS FUNCTION PLOTTED at ./fig/0501_1040PMloss.png
"2023-05-02 08:56:46,642 [INFO] EPISODE 402, LOSS 0.24150951206684113
"2023-05-02 08:56:46,694 [INFO] LOSS FUNCTION PLOTTED at ./fig/0501_1040PMloss.png
"2023-05-02 08:58:17,209 [INFO] EPISODE 403, LOSS 5.098904132843018
"2023-05-02 08:58:17,265 [INFO] LOSS FUNCTION PLOTTED at ./fig/0501_1040PMloss.png
"2023-05-02 08:59:52,041 [INFO] EPISODE 404, LOSS 10.332552909851074
"2023-05-02 08:59:52,077 [INFO] LOSS FUNCTION PLOTTED at ./fig/0501_1040PMloss.png
"2023-05-02 09:01:25,662 [INFO] EPISODE 405, LOSS 0.6412495970726013
"2023-05-02 09:01:25,712 [INFO] LOSS FUNCTION PLOTTED at ./fig/0501_1040PMloss.png
"2023-05-02 09:02:57,973 [INFO] EPISODE 406, LOSS 2.0942814350128174
"2023-05-02 09:02:58,032 [INFO] LOSS FUNCTION PLOTTED at ./fig/0501_1040PMloss.png
"2023-05-02 09:04:30,403 [INFO] EPISODE 407, LOSS 4.845058441162109
"2023-05-02 09:04:30,451 [INFO] LOSS FUNCTION PLOTTED at ./fig/0501_1040PMloss.png
"2023-05-02 09:06:01,587 [INFO] EPISODE 408, LOSS 1.3085036277770996
"2023-05-02 09:06:01,624 [INFO] LOSS FUNCTION PLOTTED at ./fig/0501_1040PMloss.png
"2023-05-02 09:07:32,063 [INFO] EPISODE 409, LOSS 1.8645291328430176
"2023-05-02 09:07:32,109 [INFO] LOSS FUNCTION PLOTTED at ./fig/0501_1040PMloss.png
"2023-05-02 09:09:06,424 [INFO] EPISODE 410, LOSS 0.4512135684490204
"2023-05-02 09:09:06,472 [INFO] LOSS FUNCTION PLOTTED at ./fig/0501_1040PMloss.png
"2023-05-02 09:10:38,716 [INFO] EPISODE 411, LOSS 0.21599112451076508
"2023-05-02 09:10:38,757 [INFO] LOSS FUNCTION PLOTTED at ./fig/0501_1040PMloss.png
"2023-05-02 09:12:10,166 [INFO] EPISODE 412, LOSS 3.7132084369659424
"2023-05-02 09:12:10,209 [INFO] LOSS FUNCTION PLOTTED at ./fig/0501_1040PMloss.png
"2023-05-02 09:13:44,147 [INFO] EPISODE 413, LOSS 1.6996707916259766
"2023-05-02 09:13:44,215 [INFO] LOSS FUNCTION PLOTTED at ./fig/0501_1040PMloss.png
"2023-05-02 09:15:15,317 [INFO] EPISODE 414, LOSS 10.920336723327637
"2023-05-02 09:15:15,360 [INFO] LOSS FUNCTION PLOTTED at ./fig/0501_1040PMloss.png
"2023-05-02 09:16:46,305 [INFO] EPISODE 415, LOSS 0.40642890334129333
"2023-05-02 09:16:46,360 [INFO] LOSS FUNCTION PLOTTED at ./fig/0501_1040PMloss.png
"2023-05-02 09:18:19,459 [INFO] EPISODE 416, LOSS 4.765693187713623
"2023-05-02 09:18:19,497 [INFO] LOSS FUNCTION PLOTTED at ./fig/0501_1040PMloss.png
"2023-05-02 09:19:51,597 [INFO] EPISODE 417, LOSS 0.33311641216278076
"2023-05-02 09:19:51,657 [INFO] LOSS FUNCTION PLOTTED at ./fig/0501_1040PMloss.png
"2023-05-02 09:21:26,076 [INFO] EPISODE 418, LOSS 0.23864047229290009
"2023-05-02 09:21:26,117 [INFO] LOSS FUNCTION PLOTTED at ./fig/0501_1040PMloss.png
"2023-05-02 09:22:58,343 [INFO] EPISODE 419, LOSS 1.0914634466171265
"2023-05-02 09:22:58,400 [INFO] LOSS FUNCTION PLOTTED at ./fig/0501_1040PMloss.png
"2023-05-02 09:24:30,084 [INFO] EPISODE 420, LOSS 9.187480926513672
"2023-05-02 09:24:30,141 [INFO] LOSS FUNCTION PLOTTED at ./fig/0501_1040PMloss.png
"2023-05-02 09:26:07,503 [INFO] EPISODE 421, LOSS 1.6083177328109741
"2023-05-02 09:26:07,560 [INFO] LOSS FUNCTION PLOTTED at ./fig/0501_1040PMloss.png
"2023-05-02 09:27:41,195 [INFO] EPISODE 422, LOSS 0.800520658493042
"2023-05-02 09:27:41,247 [INFO] LOSS FUNCTION PLOTTED at ./fig/0501_1040PMloss.png
"2023-05-02 09:29:12,125 [INFO] EPISODE 423, LOSS 2.558929443359375
"2023-05-02 09:29:12,175 [INFO] LOSS FUNCTION PLOTTED at ./fig/0501_1040PMloss.png
"2023-05-02 09:30:43,770 [INFO] EPISODE 424, LOSS 8.251118659973145
"2023-05-02 09:30:43,866 [INFO] LOSS FUNCTION PLOTTED at ./fig/0501_1040PMloss.png
"2023-05-02 09:32:15,480 [INFO] EPISODE 425, LOSS 7.419556140899658
"2023-05-02 09:32:15,515 [INFO] LOSS FUNCTION PLOTTED at ./fig/0501_1040PMloss.png
"2023-05-02 09:33:47,752 [INFO] EPISODE 426, LOSS 0.5130690932273865
"2023-05-02 09:33:47,785 [INFO] LOSS FUNCTION PLOTTED at ./fig/0501_1040PMloss.png
"2023-05-02 09:35:21,808 [INFO] EPISODE 427, LOSS 0.41694414615631104
"2023-05-02 09:35:21,855 [INFO] LOSS FUNCTION PLOTTED at ./fig/0501_1040PMloss.png
"2023-05-02 09:36:53,624 [INFO] EPISODE 428, LOSS 1.485674262046814
"2023-05-02 09:36:53,666 [INFO] LOSS FUNCTION PLOTTED at ./fig/0501_1040PMloss.png
"2023-05-02 09:38:26,624 [INFO] EPISODE 429, LOSS 0.6569857597351074
"2023-05-02 09:38:26,665 [INFO] LOSS FUNCTION PLOTTED at ./fig/0501_1040PMloss.png
"2023-05-02 09:39:59,724 [INFO] EPISODE 430, LOSS 6.691922664642334
"2023-05-02 09:39:59,759 [INFO] LOSS FUNCTION PLOTTED at ./fig/0501_1040PMloss.png
"2023-05-02 09:41:31,270 [INFO] EPISODE 431, LOSS 1.6817301511764526
"2023-05-02 09:41:31,312 [INFO] LOSS FUNCTION PLOTTED at ./fig/0501_1040PMloss.png
"2023-05-02 09:43:02,754 [INFO] EPISODE 432, LOSS 1.3059804439544678
"2023-05-02 09:43:02,801 [INFO] LOSS FUNCTION PLOTTED at ./fig/0501_1040PMloss.png
"2023-05-02 09:44:40,203 [INFO] EPISODE 433, LOSS 1.461823582649231
"2023-05-02 09:44:40,253 [INFO] LOSS FUNCTION PLOTTED at ./fig/0501_1040PMloss.png
"2023-05-02 09:46:13,904 [INFO] EPISODE 434, LOSS 1.5778865814208984
"2023-05-02 09:46:13,953 [INFO] LOSS FUNCTION PLOTTED at ./fig/0501_1040PMloss.png
"2023-05-02 09:47:45,696 [INFO] EPISODE 435, LOSS 7.318843841552734
"2023-05-02 09:47:45,743 [INFO] LOSS FUNCTION PLOTTED at ./fig/0501_1040PMloss.png
"2023-05-02 09:49:19,800 [INFO] EPISODE 436, LOSS 1.2167458534240723
"2023-05-02 09:49:19,853 [INFO] LOSS FUNCTION PLOTTED at ./fig/0501_1040PMloss.png
"2023-05-02 09:50:51,699 [INFO] EPISODE 437, LOSS 1.1064884662628174
"2023-05-02 09:50:51,746 [INFO] LOSS FUNCTION PLOTTED at ./fig/0501_1040PMloss.png
"2023-05-02 09:52:23,038 [INFO] EPISODE 438, LOSS 1.8088492155075073
"2023-05-02 09:52:23,084 [INFO] LOSS FUNCTION PLOTTED at ./fig/0501_1040PMloss.png
"2023-05-02 09:53:54,148 [INFO] EPISODE 439, LOSS 4.970988750457764
"2023-05-02 09:53:54,195 [INFO] LOSS FUNCTION PLOTTED at ./fig/0501_1040PMloss.png
"2023-05-02 09:55:25,880 [INFO] EPISODE 440, LOSS 2.909501314163208
"2023-05-02 09:55:25,929 [INFO] LOSS FUNCTION PLOTTED at ./fig/0501_1040PMloss.png
"2023-05-02 09:56:59,682 [INFO] EPISODE 441, LOSS 1.0910271406173706
"2023-05-02 09:56:59,731 [INFO] LOSS FUNCTION PLOTTED at ./fig/0501_1040PMloss.png
"2023-05-02 09:58:33,477 [INFO] EPISODE 442, LOSS 2.7279958724975586
"2023-05-02 09:58:33,512 [INFO] LOSS FUNCTION PLOTTED at ./fig/0501_1040PMloss.png
"2023-05-02 10:00:13,221 [INFO] EPISODE 443, LOSS 1.0554711818695068
"2023-05-02 10:00:13,257 [INFO] LOSS FUNCTION PLOTTED at ./fig/0501_1040PMloss.png
"2023-05-02 10:01:45,431 [INFO] EPISODE 444, LOSS 5.845262050628662
"2023-05-02 10:01:45,469 [INFO] LOSS FUNCTION PLOTTED at ./fig/0501_1040PMloss.png
"2023-05-02 10:03:17,385 [INFO] EPISODE 445, LOSS 1.4293346405029297
"2023-05-02 10:03:17,436 [INFO] LOSS FUNCTION PLOTTED at ./fig/0501_1040PMloss.png
"2023-05-02 10:04:51,035 [INFO] EPISODE 446, LOSS 0.43841123580932617
"2023-05-02 10:04:51,126 [INFO] LOSS FUNCTION PLOTTED at ./fig/0501_1040PMloss.png
"2023-05-02 10:06:23,084 [INFO] EPISODE 447, LOSS 11.731038093566895
"2023-05-02 10:06:23,120 [INFO] LOSS FUNCTION PLOTTED at ./fig/0501_1040PMloss.png
"2023-05-02 10:07:54,578 [INFO] EPISODE 448, LOSS 1.2393611669540405
"2023-05-02 10:07:54,618 [INFO] LOSS FUNCTION PLOTTED at ./fig/0501_1040PMloss.png
"2023-05-02 10:09:25,766 [INFO] EPISODE 449, LOSS 0.18814460933208466
"2023-05-02 10:09:25,803 [INFO] LOSS FUNCTION PLOTTED at ./fig/0501_1040PMloss.png
"2023-05-02 10:10:57,898 [INFO] EPISODE 450, LOSS 8.635890007019043
"2023-05-02 10:10:57,949 [INFO] LOSS FUNCTION PLOTTED at ./fig/0501_1040PMloss.png
"2023-05-02 10:12:32,983 [INFO] EPISODE 451, LOSS 4.349410533905029
"2023-05-02 10:12:33,027 [INFO] LOSS FUNCTION PLOTTED at ./fig/0501_1040PMloss.png
"2023-05-02 10:14:05,687 [INFO] EPISODE 452, LOSS 3.0930964946746826
"2023-05-02 10:14:05,733 [INFO] LOSS FUNCTION PLOTTED at ./fig/0501_1040PMloss.png
"2023-05-02 10:15:37,096 [INFO] EPISODE 453, LOSS 3.553440809249878
"2023-05-02 10:15:37,136 [INFO] LOSS FUNCTION PLOTTED at ./fig/0501_1040PMloss.png
"2023-05-02 10:17:10,556 [INFO] EPISODE 454, LOSS 0.5336959958076477
"2023-05-02 10:17:10,591 [INFO] LOSS FUNCTION PLOTTED at ./fig/0501_1040PMloss.png
"2023-05-02 10:18:42,743 [INFO] EPISODE 455, LOSS 0.4758032262325287
"2023-05-02 10:18:42,779 [INFO] LOSS FUNCTION PLOTTED at ./fig/0501_1040PMloss.png
"2023-05-02 10:20:15,168 [INFO] EPISODE 456, LOSS 4.966924667358398
"2023-05-02 10:20:15,202 [INFO] LOSS FUNCTION PLOTTED at ./fig/0501_1040PMloss.png
"2023-05-02 10:21:49,012 [INFO] EPISODE 457, LOSS 0.4933406412601471
"2023-05-02 10:21:49,057 [INFO] LOSS FUNCTION PLOTTED at ./fig/0501_1040PMloss.png
"2023-05-02 10:23:20,741 [INFO] EPISODE 458, LOSS 3.16703200340271
"2023-05-02 10:23:20,781 [INFO] LOSS FUNCTION PLOTTED at ./fig/0501_1040PMloss.png
"2023-05-02 10:24:54,328 [INFO] EPISODE 459, LOSS 0.3486616611480713
"2023-05-02 10:24:54,368 [INFO] LOSS FUNCTION PLOTTED at ./fig/0501_1040PMloss.png
"2023-05-02 10:26:26,391 [INFO] EPISODE 460, LOSS 1.839469313621521
"2023-05-02 10:26:26,450 [INFO] LOSS FUNCTION PLOTTED at ./fig/0501_1040PMloss.png
"2023-05-02 10:27:59,677 [INFO] EPISODE 461, LOSS 45.0477409362793
"2023-05-02 10:27:59,709 [INFO] LOSS FUNCTION PLOTTED at ./fig/0501_1040PMloss.png
"2023-05-02 10:29:31,292 [INFO] EPISODE 462, LOSS 5.790782928466797
"2023-05-02 10:29:31,341 [INFO] LOSS FUNCTION PLOTTED at ./fig/0501_1040PMloss.png
"2023-05-02 10:31:02,060 [INFO] EPISODE 463, LOSS 27.346817016601562
"2023-05-02 10:31:02,106 [INFO] LOSS FUNCTION PLOTTED at ./fig/0501_1040PMloss.png
"2023-05-02 10:32:33,957 [INFO] EPISODE 464, LOSS 1.5879011154174805
"2023-05-02 10:32:33,997 [INFO] LOSS FUNCTION PLOTTED at ./fig/0501_1040PMloss.png
"2023-05-02 10:34:06,339 [INFO] EPISODE 465, LOSS 2.9283103942871094
"2023-05-02 10:34:06,376 [INFO] LOSS FUNCTION PLOTTED at ./fig/0501_1040PMloss.png
"2023-05-02 10:35:39,346 [INFO] EPISODE 466, LOSS 0.2107945680618286
"2023-05-02 10:35:39,508 [INFO] LOSS FUNCTION PLOTTED at ./fig/0501_1040PMloss.png
"2023-05-02 10:37:15,079 [INFO] EPISODE 467, LOSS 0.3175826370716095
"2023-05-02 10:37:15,114 [INFO] LOSS FUNCTION PLOTTED at ./fig/0501_1040PMloss.png
"2023-05-02 10:38:46,333 [INFO] EPISODE 468, LOSS 10.015639305114746
"2023-05-02 10:38:46,374 [INFO] LOSS FUNCTION PLOTTED at ./fig/0501_1040PMloss.png
"2023-05-02 10:40:19,160 [INFO] EPISODE 469, LOSS 0.3518052399158478
"2023-05-02 10:40:19,204 [INFO] LOSS FUNCTION PLOTTED at ./fig/0501_1040PMloss.png
"2023-05-02 10:41:53,834 [INFO] EPISODE 470, LOSS 9.394256591796875
"2023-05-02 10:41:53,871 [INFO] LOSS FUNCTION PLOTTED at ./fig/0501_1040PMloss.png
"2023-05-02 10:43:26,200 [INFO] EPISODE 471, LOSS 0.35230734944343567
"2023-05-02 10:43:26,239 [INFO] LOSS FUNCTION PLOTTED at ./fig/0501_1040PMloss.png
"2023-05-02 10:44:59,927 [INFO] EPISODE 472, LOSS 3.8578920364379883
"2023-05-02 10:44:59,972 [INFO] LOSS FUNCTION PLOTTED at ./fig/0501_1040PMloss.png
"2023-05-02 10:46:31,450 [INFO] EPISODE 473, LOSS 2.396751880645752
"2023-05-02 10:46:31,483 [INFO] LOSS FUNCTION PLOTTED at ./fig/0501_1040PMloss.png
"2023-05-02 10:48:02,992 [INFO] EPISODE 474, LOSS 0.15358252823352814
"2023-05-02 10:48:03,040 [INFO] LOSS FUNCTION PLOTTED at ./fig/0501_1040PMloss.png
"2023-05-02 10:49:35,055 [INFO] EPISODE 475, LOSS 0.20807087421417236
"2023-05-02 10:49:35,091 [INFO] LOSS FUNCTION PLOTTED at ./fig/0501_1040PMloss.png
"2023-05-02 10:51:08,042 [INFO] EPISODE 476, LOSS 4.429314136505127
"2023-05-02 10:51:08,081 [INFO] LOSS FUNCTION PLOTTED at ./fig/0501_1040PMloss.png
"2023-05-02 10:52:41,646 [INFO] EPISODE 477, LOSS 0.2795005142688751
"2023-05-02 10:52:41,681 [INFO] LOSS FUNCTION PLOTTED at ./fig/0501_1040PMloss.png
"2023-05-02 10:54:14,635 [INFO] EPISODE 478, LOSS 6.633677005767822
"2023-05-02 10:54:14,669 [INFO] LOSS FUNCTION PLOTTED at ./fig/0501_1040PMloss.png
"2023-05-02 10:55:47,442 [INFO] EPISODE 479, LOSS 2.196258544921875
"2023-05-02 10:55:47,479 [INFO] LOSS FUNCTION PLOTTED at ./fig/0501_1040PMloss.png
"2023-05-02 10:57:18,937 [INFO] EPISODE 480, LOSS 24.061264038085938
"2023-05-02 10:57:18,976 [INFO] LOSS FUNCTION PLOTTED at ./fig/0501_1040PMloss.png
"2023-05-02 10:58:49,301 [INFO] EPISODE 481, LOSS 0.1213277280330658
"2023-05-02 10:58:49,350 [INFO] LOSS FUNCTION PLOTTED at ./fig/0501_1040PMloss.png
"2023-05-02 11:00:21,767 [INFO] EPISODE 482, LOSS 19.230764389038086
"2023-05-02 11:00:21,801 [INFO] LOSS FUNCTION PLOTTED at ./fig/0501_1040PMloss.png
"2023-05-02 11:01:55,689 [INFO] EPISODE 483, LOSS 0.39908578991889954
"2023-05-02 11:01:55,735 [INFO] LOSS FUNCTION PLOTTED at ./fig/0501_1040PMloss.png
"2023-05-02 11:03:30,304 [INFO] EPISODE 484, LOSS 1.1918927431106567
"2023-05-02 11:03:30,352 [INFO] LOSS FUNCTION PLOTTED at ./fig/0501_1040PMloss.png
"2023-05-02 11:05:07,926 [INFO] EPISODE 485, LOSS 4.5928120613098145
"2023-05-02 11:05:07,969 [INFO] LOSS FUNCTION PLOTTED at ./fig/0501_1040PMloss.png
"2023-05-02 11:06:39,754 [INFO] EPISODE 486, LOSS 4.996926307678223
"2023-05-02 11:06:39,792 [INFO] LOSS FUNCTION PLOTTED at ./fig/0501_1040PMloss.png
"2023-05-02 11:08:12,624 [INFO] EPISODE 487, LOSS 0.34549030661582947
"2023-05-02 11:08:12,664 [INFO] LOSS FUNCTION PLOTTED at ./fig/0501_1040PMloss.png
"2023-05-02 11:09:44,825 [INFO] EPISODE 488, LOSS 107.22976684570312
"2023-05-02 11:09:44,909 [INFO] LOSS FUNCTION PLOTTED at ./fig/0501_1040PMloss.png
"2023-05-02 11:11:16,882 [INFO] EPISODE 489, LOSS 12.073455810546875
"2023-05-02 11:11:16,938 [INFO] LOSS FUNCTION PLOTTED at ./fig/0501_1040PMloss.png
"2023-05-02 11:12:51,750 [INFO] EPISODE 490, LOSS 4.3824286460876465
"2023-05-02 11:12:51,800 [INFO] LOSS FUNCTION PLOTTED at ./fig/0501_1040PMloss.png
"2023-05-02 11:14:23,851 [INFO] EPISODE 491, LOSS 0.44501781463623047
"2023-05-02 11:14:23,898 [INFO] LOSS FUNCTION PLOTTED at ./fig/0501_1040PMloss.png
"2023-05-02 11:15:56,745 [INFO] EPISODE 492, LOSS 0.37700220942497253
"2023-05-02 11:15:56,788 [INFO] LOSS FUNCTION PLOTTED at ./fig/0501_1040PMloss.png
"2023-05-02 11:17:29,143 [INFO] EPISODE 493, LOSS 5.912548065185547
"2023-05-02 11:17:29,184 [INFO] LOSS FUNCTION PLOTTED at ./fig/0501_1040PMloss.png
"2023-05-02 11:19:05,116 [INFO] EPISODE 494, LOSS 0.9748633503913879
"2023-05-02 11:19:05,160 [INFO] LOSS FUNCTION PLOTTED at ./fig/0501_1040PMloss.png
"2023-05-02 11:20:36,589 [INFO] EPISODE 495, LOSS 18.541311264038086
"2023-05-02 11:20:36,635 [INFO] LOSS FUNCTION PLOTTED at ./fig/0501_1040PMloss.png
"2023-05-02 11:22:08,889 [INFO] EPISODE 496, LOSS 3.910937547683716
"2023-05-02 11:22:08,929 [INFO] LOSS FUNCTION PLOTTED at ./fig/0501_1040PMloss.png
"2023-05-02 11:23:40,751 [INFO] EPISODE 497, LOSS 1.552902340888977
"2023-05-02 11:23:40,788 [INFO] LOSS FUNCTION PLOTTED at ./fig/0501_1040PMloss.png
"2023-05-02 11:25:13,185 [INFO] EPISODE 498, LOSS 25.713125228881836
"2023-05-02 11:25:13,221 [INFO] LOSS FUNCTION PLOTTED at ./fig/0501_1040PMloss.png
"2023-05-02 11:26:45,121 [INFO] EPISODE 499, LOSS 1.7536735534667969
"2023-05-02 11:26:45,159 [INFO] LOSS FUNCTION PLOTTED at ./fig/0501_1040PMloss.png
"2023-05-02 11:28:18,000 [INFO] EPISODE 500, LOSS 1.0176645517349243
"2023-05-02 11:28:18,057 [INFO] LOSS FUNCTION PLOTTED at ./fig/0501_1040PMloss.png
"2023-05-02 11:29:52,304 [INFO] EPISODE 501, LOSS 2.1503562927246094
"2023-05-02 11:29:52,354 [INFO] LOSS FUNCTION PLOTTED at ./fig/0501_1040PMloss.png
"2023-05-02 11:31:24,259 [INFO] EPISODE 502, LOSS 8.74959945678711
"2023-05-02 11:31:24,295 [INFO] LOSS FUNCTION PLOTTED at ./fig/0501_1040PMloss.png
"2023-05-02 11:32:56,162 [INFO] EPISODE 503, LOSS 7.962453842163086
"2023-05-02 11:32:56,209 [INFO] LOSS FUNCTION PLOTTED at ./fig/0501_1040PMloss.png
"2023-05-02 11:34:27,754 [INFO] EPISODE 504, LOSS 1.5822092294692993
"2023-05-02 11:34:27,800 [INFO] LOSS FUNCTION PLOTTED at ./fig/0501_1040PMloss.png
"2023-05-02 11:35:59,519 [INFO] EPISODE 505, LOSS 0.12289881706237793
"2023-05-02 11:35:59,554 [INFO] LOSS FUNCTION PLOTTED at ./fig/0501_1040PMloss.png
"2023-05-02 11:37:35,393 [INFO] EPISODE 506, LOSS 0.17221780121326447
"2023-05-02 11:37:35,442 [INFO] LOSS FUNCTION PLOTTED at ./fig/0501_1040PMloss.png
"2023-05-02 11:39:10,018 [INFO] EPISODE 507, LOSS 0.5648654103279114
"2023-05-02 11:39:10,152 [INFO] LOSS FUNCTION PLOTTED at ./fig/0501_1040PMloss.png
"2023-05-02 11:40:42,935 [INFO] EPISODE 508, LOSS 2.660409688949585
"2023-05-02 11:40:42,966 [INFO] LOSS FUNCTION PLOTTED at ./fig/0501_1040PMloss.png
"2023-05-02 11:42:16,163 [INFO] EPISODE 509, LOSS 0.13871528208255768
"2023-05-02 11:42:16,207 [INFO] LOSS FUNCTION PLOTTED at ./fig/0501_1040PMloss.png
"2023-05-02 11:43:48,438 [INFO] EPISODE 510, LOSS 0.6180536150932312
"2023-05-02 11:43:48,488 [INFO] LOSS FUNCTION PLOTTED at ./fig/0501_1040PMloss.png
"2023-05-02 11:45:20,852 [INFO] EPISODE 511, LOSS 201.0087432861328
"2023-05-02 11:45:20,888 [INFO] LOSS FUNCTION PLOTTED at ./fig/0501_1040PMloss.png
"2023-05-02 11:46:56,926 [INFO] EPISODE 512, LOSS 17.64317512512207
"2023-05-02 11:46:56,982 [INFO] LOSS FUNCTION PLOTTED at ./fig/0501_1040PMloss.png
"2023-05-02 11:48:29,782 [INFO] EPISODE 513, LOSS 1.2832494974136353
"2023-05-02 11:48:29,819 [INFO] LOSS FUNCTION PLOTTED at ./fig/0501_1040PMloss.png
"2023-05-02 11:50:03,509 [INFO] EPISODE 514, LOSS 1.3818988800048828
"2023-05-02 11:50:03,552 [INFO] LOSS FUNCTION PLOTTED at ./fig/0501_1040PMloss.png
"2023-05-02 11:51:35,131 [INFO] EPISODE 515, LOSS 153.4170379638672
"2023-05-02 11:51:35,179 [INFO] LOSS FUNCTION PLOTTED at ./fig/0501_1040PMloss.png
"2023-05-02 11:53:10,160 [INFO] EPISODE 516, LOSS 2.9312307834625244
"2023-05-02 11:53:10,205 [INFO] LOSS FUNCTION PLOTTED at ./fig/0501_1040PMloss.png
"2023-05-02 11:54:43,156 [INFO] EPISODE 517, LOSS 0.859214723110199
"2023-05-02 11:54:43,190 [INFO] LOSS FUNCTION PLOTTED at ./fig/0501_1040PMloss.png
"2023-05-02 11:56:16,627 [INFO] EPISODE 518, LOSS 0.8418744206428528
"2023-05-02 11:56:16,707 [INFO] LOSS FUNCTION PLOTTED at ./fig/0501_1040PMloss.png
"2023-05-02 11:57:48,989 [INFO] EPISODE 519, LOSS 0.19038653373718262
"2023-05-02 11:57:49,038 [INFO] LOSS FUNCTION PLOTTED at ./fig/0501_1040PMloss.png
"2023-05-02 11:59:21,042 [INFO] EPISODE 520, LOSS 8.690728187561035
"2023-05-02 11:59:21,077 [INFO] LOSS FUNCTION PLOTTED at ./fig/0501_1040PMloss.png
"2023-05-02 12:00:54,669 [INFO] EPISODE 521, LOSS 0.7347090244293213
"2023-05-02 12:00:54,714 [INFO] LOSS FUNCTION PLOTTED at ./fig/0501_1040PMloss.png
"2023-05-02 12:02:31,927 [INFO] EPISODE 522, LOSS 7.573984622955322
"2023-05-02 12:02:31,977 [INFO] LOSS FUNCTION PLOTTED at ./fig/0501_1040PMloss.png
"2023-05-02 12:04:04,951 [INFO] EPISODE 523, LOSS 26.857633590698242
"2023-05-02 12:04:04,992 [INFO] LOSS FUNCTION PLOTTED at ./fig/0501_1040PMloss.png
"2023-05-02 12:05:37,514 [INFO] EPISODE 524, LOSS 0.5065091252326965
"2023-05-02 12:05:37,567 [INFO] LOSS FUNCTION PLOTTED at ./fig/0501_1040PMloss.png
"2023-05-02 12:07:09,235 [INFO] EPISODE 525, LOSS 116.2601547241211
"2023-05-02 12:07:09,271 [INFO] LOSS FUNCTION PLOTTED at ./fig/0501_1040PMloss.png
"2023-05-02 12:08:40,009 [INFO] EPISODE 526, LOSS 2.866079568862915
"2023-05-02 12:08:40,048 [INFO] LOSS FUNCTION PLOTTED at ./fig/0501_1040PMloss.png
"2023-05-02 12:10:10,973 [INFO] EPISODE 527, LOSS 18.029970169067383
"2023-05-02 12:10:11,027 [INFO] LOSS FUNCTION PLOTTED at ./fig/0501_1040PMloss.png
"2023-05-02 12:11:44,338 [INFO] EPISODE 528, LOSS 2.087294101715088
"2023-05-02 12:11:44,433 [INFO] LOSS FUNCTION PLOTTED at ./fig/0501_1040PMloss.png
"2023-05-02 12:13:15,276 [INFO] EPISODE 529, LOSS 0.5702389478683472
"2023-05-02 12:13:15,311 [INFO] LOSS FUNCTION PLOTTED at ./fig/0501_1040PMloss.png
"2023-05-02 12:14:49,051 [INFO] EPISODE 530, LOSS 0.33154651522636414
"2023-05-02 12:14:49,091 [INFO] LOSS FUNCTION PLOTTED at ./fig/0501_1040PMloss.png
"2023-05-02 12:16:21,078 [INFO] EPISODE 531, LOSS 0.3582155406475067
"2023-05-02 12:16:21,125 [INFO] LOSS FUNCTION PLOTTED at ./fig/0501_1040PMloss.png
"2023-05-02 12:17:54,218 [INFO] EPISODE 532, LOSS 0.05601820349693298
"2023-05-02 12:17:54,257 [INFO] LOSS FUNCTION PLOTTED at ./fig/0501_1040PMloss.png
"2023-05-02 12:19:31,666 [INFO] EPISODE 533, LOSS 8.237643241882324
"2023-05-02 12:19:31,712 [INFO] LOSS FUNCTION PLOTTED at ./fig/0501_1040PMloss.png
"2023-05-02 12:21:02,603 [INFO] EPISODE 534, LOSS 2.8083999156951904
"2023-05-02 12:21:02,652 [INFO] LOSS FUNCTION PLOTTED at ./fig/0501_1040PMloss.png
"2023-05-02 12:22:34,074 [INFO] EPISODE 535, LOSS 9.036502838134766
"2023-05-02 12:22:34,111 [INFO] LOSS FUNCTION PLOTTED at ./fig/0501_1040PMloss.png
"2023-05-02 12:24:07,037 [INFO] EPISODE 536, LOSS 0.2443355917930603
"2023-05-02 12:24:07,075 [INFO] LOSS FUNCTION PLOTTED at ./fig/0501_1040PMloss.png
"2023-05-02 12:25:41,408 [INFO] EPISODE 537, LOSS 7.256730556488037
"2023-05-02 12:25:41,464 [INFO] LOSS FUNCTION PLOTTED at ./fig/0501_1040PMloss.png
"2023-05-02 12:27:13,705 [INFO] EPISODE 538, LOSS 2.6975505352020264
"2023-05-02 12:27:13,753 [INFO] LOSS FUNCTION PLOTTED at ./fig/0501_1040PMloss.png
"2023-05-02 12:28:45,420 [INFO] EPISODE 539, LOSS 1.097977876663208
"2023-05-02 12:28:45,459 [INFO] LOSS FUNCTION PLOTTED at ./fig/0501_1040PMloss.png
"2023-05-02 12:30:16,712 [INFO] EPISODE 540, LOSS 5.539005279541016
"2023-05-02 12:30:16,762 [INFO] LOSS FUNCTION PLOTTED at ./fig/0501_1040PMloss.png
"2023-05-02 12:31:50,636 [INFO] EPISODE 541, LOSS 1.2888466119766235
"2023-05-02 12:31:50,674 [INFO] LOSS FUNCTION PLOTTED at ./fig/0501_1040PMloss.png
"2023-05-02 12:33:23,181 [INFO] EPISODE 542, LOSS 3.1757051944732666
"2023-05-02 12:33:23,228 [INFO] LOSS FUNCTION PLOTTED at ./fig/0501_1040PMloss.png
"2023-05-02 12:34:55,131 [INFO] EPISODE 543, LOSS 0.31295618414878845
"2023-05-02 12:34:55,168 [INFO] LOSS FUNCTION PLOTTED at ./fig/0501_1040PMloss.png
"2023-05-02 12:36:28,276 [INFO] EPISODE 544, LOSS 3.953282117843628
"2023-05-02 12:36:28,331 [INFO] LOSS FUNCTION PLOTTED at ./fig/0501_1040PMloss.png
"2023-05-02 12:38:03,021 [INFO] EPISODE 545, LOSS 1.406114935874939
"2023-05-02 12:38:03,061 [INFO] LOSS FUNCTION PLOTTED at ./fig/0501_1040PMloss.png
"2023-05-02 12:39:36,658 [INFO] EPISODE 546, LOSS 11.47352123260498
"2023-05-02 12:39:36,694 [INFO] LOSS FUNCTION PLOTTED at ./fig/0501_1040PMloss.png
"2023-05-02 12:41:10,127 [INFO] EPISODE 547, LOSS 0.4552071988582611
"2023-05-02 12:41:10,176 [INFO] LOSS FUNCTION PLOTTED at ./fig/0501_1040PMloss.png
"2023-05-02 12:42:42,500 [INFO] EPISODE 548, LOSS 7.090104579925537
"2023-05-02 12:42:42,596 [INFO] LOSS FUNCTION PLOTTED at ./fig/0501_1040PMloss.png
"2023-05-02 12:44:13,656 [INFO] EPISODE 549, LOSS 1.2626725435256958
"2023-05-02 12:44:13,703 [INFO] LOSS FUNCTION PLOTTED at ./fig/0501_1040PMloss.png
"2023-05-02 12:45:45,811 [INFO] train finished. 
final loss: 1.1972131729125977
