"2023-05-01 13:37:22,307 [INFO] Reporter Initialized!
"2023-05-01 13:37:22,307 [INFO] Reporter LEVEL: info
"2023-05-01 13:37:23,623 [INFO] Loaded csv data is 0501_0133PM
"2023-05-01 13:37:24,725 [INFO] Device(cuda) is working for train
"2023-05-01 13:37:24,726 [INFO] Train Started
"2023-05-01 13:37:25,540 [INFO] Saved non-trained network
"2023-05-01 13:37:25,540 [INFO] EPISODE 0, LOSS 21763.369140625
"2023-05-01 13:37:25,715 [INFO] LOSS FUNCTION PLOTTED at ./fig/0501_0137PMloss.png
"2023-05-01 13:39:03,707 [INFO] EPISODE 1, LOSS 51.00483322143555
"2023-05-01 13:39:03,741 [INFO] LOSS FUNCTION PLOTTED at ./fig/0501_0137PMloss.png
"2023-05-01 13:40:47,811 [INFO] EPISODE 2, LOSS 66.01255798339844
"2023-05-01 13:40:47,844 [INFO] LOSS FUNCTION PLOTTED at ./fig/0501_0137PMloss.png
"2023-05-01 13:42:30,210 [INFO] EPISODE 3, LOSS 55.44330596923828
"2023-05-01 13:42:30,246 [INFO] LOSS FUNCTION PLOTTED at ./fig/0501_0137PMloss.png
"2023-05-01 13:44:07,090 [INFO] EPISODE 4, LOSS 37.41273498535156
"2023-05-01 13:44:07,122 [INFO] LOSS FUNCTION PLOTTED at ./fig/0501_0137PMloss.png
"2023-05-01 13:45:27,464 [INFO] EPISODE 5, LOSS 14.320270538330078
"2023-05-01 13:45:27,532 [INFO] LOSS FUNCTION PLOTTED at ./fig/0501_0137PMloss.png
"2023-05-01 13:46:51,920 [INFO] EPISODE 6, LOSS 77.27601623535156
"2023-05-01 13:46:51,958 [INFO] LOSS FUNCTION PLOTTED at ./fig/0501_0137PMloss.png
"2023-05-01 13:48:12,319 [INFO] EPISODE 7, LOSS 193.79295349121094
"2023-05-01 13:48:12,360 [INFO] LOSS FUNCTION PLOTTED at ./fig/0501_0137PMloss.png
"2023-05-01 13:49:33,085 [INFO] EPISODE 8, LOSS 3.386425018310547
"2023-05-01 13:49:33,117 [INFO] LOSS FUNCTION PLOTTED at ./fig/0501_0137PMloss.png
"2023-05-01 13:50:48,188 [INFO] EPISODE 9, LOSS 171.52684020996094
"2023-05-01 13:50:48,224 [INFO] LOSS FUNCTION PLOTTED at ./fig/0501_0137PMloss.png
"2023-05-01 13:52:08,943 [INFO] EPISODE 10, LOSS 7.9682745933532715
"2023-05-01 13:52:08,978 [INFO] LOSS FUNCTION PLOTTED at ./fig/0501_0137PMloss.png
"2023-05-01 13:53:32,865 [INFO] EPISODE 11, LOSS 292.09637451171875
"2023-05-01 13:53:32,900 [INFO] LOSS FUNCTION PLOTTED at ./fig/0501_0137PMloss.png
"2023-05-01 13:54:48,871 [INFO] EPISODE 12, LOSS 11.134779930114746
"2023-05-01 13:54:48,901 [INFO] LOSS FUNCTION PLOTTED at ./fig/0501_0137PMloss.png
"2023-05-01 13:56:05,394 [INFO] EPISODE 13, LOSS 3.4144046306610107
"2023-05-01 13:56:05,425 [INFO] LOSS FUNCTION PLOTTED at ./fig/0501_0137PMloss.png
"2023-05-01 13:57:24,943 [INFO] EPISODE 14, LOSS 19.33115005493164
"2023-05-01 13:57:24,976 [INFO] LOSS FUNCTION PLOTTED at ./fig/0501_0137PMloss.png
"2023-05-01 13:58:42,054 [INFO] EPISODE 15, LOSS 255.31991577148438
"2023-05-01 13:58:42,088 [INFO] LOSS FUNCTION PLOTTED at ./fig/0501_0137PMloss.png
"2023-05-01 14:00:02,994 [INFO] EPISODE 16, LOSS 7.942226409912109
"2023-05-01 14:00:03,029 [INFO] LOSS FUNCTION PLOTTED at ./fig/0501_0137PMloss.png
