"2023-05-02 15:51:52,628 [INFO] Reporter Initialized!
"2023-05-02 15:51:52,628 [INFO] Reporter LEVEL: info
"2023-05-02 15:51:54,055 [INFO] Loaded csv data is 0501_0133PM
"2023-05-02 15:51:54,083 [INFO] Device(cpu) is working for train
"2023-05-02 15:51:54,083 [INFO] Train Started
"2023-05-02 15:51:54,099 [INFO] Saved non-trained network
"2023-05-02 15:51:54,099 [INFO] EPISODE 0, LOSS 15853.8603515625
"2023-05-02 15:51:54,274 [INFO] LOSS FUNCTION PLOTTED at ./fig/0502_0351PMloss.png
"2023-05-02 15:52:48,504 [INFO] EPISODE 1, LOSS 434.2929382324219
"2023-05-02 15:52:48,550 [INFO] LOSS FUNCTION PLOTTED at ./fig/0502_0351PMloss.png
"2023-05-02 15:53:43,058 [INFO] EPISODE 2, LOSS 60.379058837890625
"2023-05-02 15:53:43,096 [INFO] LOSS FUNCTION PLOTTED at ./fig/0502_0351PMloss.png
"2023-05-02 15:54:37,474 [INFO] EPISODE 3, LOSS 284.809326171875
"2023-05-02 15:54:37,512 [INFO] LOSS FUNCTION PLOTTED at ./fig/0502_0351PMloss.png
"2023-05-02 15:55:32,678 [INFO] EPISODE 4, LOSS 39.67645263671875
"2023-05-02 15:55:32,747 [INFO] LOSS FUNCTION PLOTTED at ./fig/0502_0351PMloss.png
"2023-05-02 15:56:26,732 [INFO] EPISODE 5, LOSS 38.13957977294922
"2023-05-02 15:56:26,765 [INFO] LOSS FUNCTION PLOTTED at ./fig/0502_0351PMloss.png
"2023-05-02 15:57:24,327 [INFO] EPISODE 6, LOSS 56.300785064697266
"2023-05-02 15:57:24,363 [INFO] LOSS FUNCTION PLOTTED at ./fig/0502_0351PMloss.png
"2023-05-02 15:58:23,512 [INFO] EPISODE 7, LOSS 10.257452964782715
"2023-05-02 15:58:23,551 [INFO] LOSS FUNCTION PLOTTED at ./fig/0502_0351PMloss.png
"2023-05-02 15:59:18,190 [INFO] EPISODE 8, LOSS 25.768667221069336
"2023-05-02 15:59:18,241 [INFO] LOSS FUNCTION PLOTTED at ./fig/0502_0351PMloss.png
"2023-05-02 16:00:14,279 [INFO] EPISODE 9, LOSS 203.9485626220703
"2023-05-02 16:00:14,328 [INFO] LOSS FUNCTION PLOTTED at ./fig/0502_0351PMloss.png
"2023-05-02 16:01:10,993 [INFO] EPISODE 10, LOSS 41.2954216003418
"2023-05-02 16:01:11,031 [INFO] LOSS FUNCTION PLOTTED at ./fig/0502_0351PMloss.png
"2023-05-02 16:02:06,517 [INFO] EPISODE 11, LOSS 203.53843688964844
"2023-05-02 16:02:06,550 [INFO] LOSS FUNCTION PLOTTED at ./fig/0502_0351PMloss.png
"2023-05-02 16:03:01,678 [INFO] EPISODE 12, LOSS 106.1930160522461
"2023-05-02 16:03:01,714 [INFO] LOSS FUNCTION PLOTTED at ./fig/0502_0351PMloss.png
"2023-05-02 16:03:56,556 [INFO] EPISODE 13, LOSS 45.874664306640625
"2023-05-02 16:03:56,589 [INFO] LOSS FUNCTION PLOTTED at ./fig/0502_0351PMloss.png
"2023-05-02 16:04:51,590 [INFO] EPISODE 14, LOSS 32.681640625
"2023-05-02 16:04:51,624 [INFO] LOSS FUNCTION PLOTTED at ./fig/0502_0351PMloss.png
"2023-05-02 16:05:47,566 [INFO] EPISODE 15, LOSS 29.28926658630371
"2023-05-02 16:05:47,601 [INFO] LOSS FUNCTION PLOTTED at ./fig/0502_0351PMloss.png
"2023-05-02 16:06:43,702 [INFO] EPISODE 16, LOSS 9.515433311462402
"2023-05-02 16:06:43,745 [INFO] LOSS FUNCTION PLOTTED at ./fig/0502_0351PMloss.png
"2023-05-02 16:07:38,613 [INFO] EPISODE 17, LOSS 22.33152198791504
"2023-05-02 16:07:38,651 [INFO] LOSS FUNCTION PLOTTED at ./fig/0502_0351PMloss.png
"2023-05-02 16:08:35,928 [INFO] EPISODE 18, LOSS 29.13426399230957
"2023-05-02 16:08:35,968 [INFO] LOSS FUNCTION PLOTTED at ./fig/0502_0351PMloss.png
"2023-05-02 16:09:32,208 [INFO] EPISODE 19, LOSS 86.66327667236328
"2023-05-02 16:09:32,243 [INFO] LOSS FUNCTION PLOTTED at ./fig/0502_0351PMloss.png
"2023-05-02 16:10:28,643 [INFO] EPISODE 20, LOSS 7.5581512451171875
"2023-05-02 16:10:28,677 [INFO] LOSS FUNCTION PLOTTED at ./fig/0502_0351PMloss.png
"2023-05-02 16:11:24,581 [INFO] EPISODE 21, LOSS 5.956600666046143
"2023-05-02 16:11:24,632 [INFO] LOSS FUNCTION PLOTTED at ./fig/0502_0351PMloss.png
"2023-05-02 16:12:20,340 [INFO] EPISODE 22, LOSS 9.440812110900879
"2023-05-02 16:12:20,373 [INFO] LOSS FUNCTION PLOTTED at ./fig/0502_0351PMloss.png
"2023-05-02 16:13:16,342 [INFO] EPISODE 23, LOSS 34.24418640136719
"2023-05-02 16:13:16,422 [INFO] LOSS FUNCTION PLOTTED at ./fig/0502_0351PMloss.png
"2023-05-02 16:14:12,396 [INFO] EPISODE 24, LOSS 8.75416374206543
"2023-05-02 16:14:12,429 [INFO] LOSS FUNCTION PLOTTED at ./fig/0502_0351PMloss.png
"2023-05-02 16:15:09,846 [INFO] EPISODE 25, LOSS 2.8667004108428955
"2023-05-02 16:15:09,879 [INFO] LOSS FUNCTION PLOTTED at ./fig/0502_0351PMloss.png
"2023-05-02 16:16:06,464 [INFO] EPISODE 26, LOSS 3.923133134841919
"2023-05-02 16:16:06,497 [INFO] LOSS FUNCTION PLOTTED at ./fig/0502_0351PMloss.png
"2023-05-02 16:17:02,631 [INFO] EPISODE 27, LOSS 10.389982223510742
"2023-05-02 16:17:02,663 [INFO] LOSS FUNCTION PLOTTED at ./fig/0502_0351PMloss.png
"2023-05-02 16:17:58,395 [INFO] EPISODE 28, LOSS 4.459161281585693
"2023-05-02 16:17:58,430 [INFO] LOSS FUNCTION PLOTTED at ./fig/0502_0351PMloss.png
"2023-05-02 16:18:54,477 [INFO] EPISODE 29, LOSS 69.20755767822266
"2023-05-02 16:18:54,509 [INFO] LOSS FUNCTION PLOTTED at ./fig/0502_0351PMloss.png
"2023-05-02 16:19:52,987 [INFO] EPISODE 30, LOSS 4.6037068367004395
"2023-05-02 16:19:53,024 [INFO] LOSS FUNCTION PLOTTED at ./fig/0502_0351PMloss.png
"2023-05-02 16:20:51,166 [INFO] EPISODE 31, LOSS 55.528987884521484
"2023-05-02 16:20:51,200 [INFO] LOSS FUNCTION PLOTTED at ./fig/0502_0351PMloss.png
"2023-05-02 16:21:49,731 [INFO] EPISODE 32, LOSS 14.23779010772705
"2023-05-02 16:21:49,765 [INFO] LOSS FUNCTION PLOTTED at ./fig/0502_0351PMloss.png
"2023-05-02 16:22:44,798 [INFO] EPISODE 33, LOSS 8.160035133361816
"2023-05-02 16:22:44,834 [INFO] LOSS FUNCTION PLOTTED at ./fig/0502_0351PMloss.png
"2023-05-02 16:23:38,994 [INFO] EPISODE 34, LOSS 48.09634017944336
"2023-05-02 16:23:39,042 [INFO] LOSS FUNCTION PLOTTED at ./fig/0502_0351PMloss.png
"2023-05-02 16:24:33,599 [INFO] EPISODE 35, LOSS 14.604793548583984
"2023-05-02 16:24:33,635 [INFO] LOSS FUNCTION PLOTTED at ./fig/0502_0351PMloss.png
"2023-05-02 16:25:28,602 [INFO] EPISODE 36, LOSS 31.446447372436523
"2023-05-02 16:25:28,640 [INFO] LOSS FUNCTION PLOTTED at ./fig/0502_0351PMloss.png
"2023-05-02 16:26:23,844 [INFO] EPISODE 37, LOSS 11.878863334655762
"2023-05-02 16:26:23,880 [INFO] LOSS FUNCTION PLOTTED at ./fig/0502_0351PMloss.png
"2023-05-02 16:27:19,506 [INFO] EPISODE 38, LOSS 7.981454849243164
"2023-05-02 16:27:19,544 [INFO] LOSS FUNCTION PLOTTED at ./fig/0502_0351PMloss.png
"2023-05-02 16:28:15,543 [INFO] EPISODE 39, LOSS 4.617754936218262
"2023-05-02 16:28:15,578 [INFO] LOSS FUNCTION PLOTTED at ./fig/0502_0351PMloss.png
"2023-05-02 16:29:10,305 [INFO] EPISODE 40, LOSS 24.54486846923828
"2023-05-02 16:29:10,385 [INFO] LOSS FUNCTION PLOTTED at ./fig/0502_0351PMloss.png
"2023-05-02 16:30:05,385 [INFO] EPISODE 41, LOSS 5.046407222747803
"2023-05-02 16:30:05,416 [INFO] LOSS FUNCTION PLOTTED at ./fig/0502_0351PMloss.png
"2023-05-02 16:30:59,753 [INFO] EPISODE 42, LOSS 21.971399307250977
"2023-05-02 16:30:59,784 [INFO] LOSS FUNCTION PLOTTED at ./fig/0502_0351PMloss.png
"2023-05-02 16:31:58,107 [INFO] EPISODE 43, LOSS 3.583573341369629
"2023-05-02 16:31:58,140 [INFO] LOSS FUNCTION PLOTTED at ./fig/0502_0351PMloss.png
"2023-05-02 16:32:53,697 [INFO] EPISODE 44, LOSS 1.6359177827835083
"2023-05-02 16:32:53,744 [INFO] LOSS FUNCTION PLOTTED at ./fig/0502_0351PMloss.png
"2023-05-02 16:33:50,224 [INFO] EPISODE 45, LOSS 14.491578102111816
"2023-05-02 16:33:50,257 [INFO] LOSS FUNCTION PLOTTED at ./fig/0502_0351PMloss.png
"2023-05-02 16:34:52,833 [INFO] EPISODE 46, LOSS 74.42273712158203
"2023-05-02 16:34:52,866 [INFO] LOSS FUNCTION PLOTTED at ./fig/0502_0351PMloss.png
"2023-05-02 16:35:48,142 [INFO] EPISODE 47, LOSS 12.576498985290527
"2023-05-02 16:35:48,176 [INFO] LOSS FUNCTION PLOTTED at ./fig/0502_0351PMloss.png
"2023-05-02 16:36:48,301 [INFO] EPISODE 48, LOSS 19.3801212310791
"2023-05-02 16:36:48,335 [INFO] LOSS FUNCTION PLOTTED at ./fig/0502_0351PMloss.png
"2023-05-02 16:37:47,447 [INFO] EPISODE 49, LOSS 46.4442138671875
"2023-05-02 16:37:47,480 [INFO] LOSS FUNCTION PLOTTED at ./fig/0502_0351PMloss.png
"2023-05-02 16:38:44,776 [INFO] EPISODE 50, LOSS 8.406123161315918
"2023-05-02 16:38:44,808 [INFO] LOSS FUNCTION PLOTTED at ./fig/0502_0351PMloss.png
"2023-05-02 16:39:40,187 [INFO] EPISODE 51, LOSS 11.223175048828125
"2023-05-02 16:39:40,232 [INFO] LOSS FUNCTION PLOTTED at ./fig/0502_0351PMloss.png
"2023-05-02 16:40:35,160 [INFO] EPISODE 52, LOSS 12.786847114562988
"2023-05-02 16:40:35,193 [INFO] LOSS FUNCTION PLOTTED at ./fig/0502_0351PMloss.png
"2023-05-02 16:41:31,051 [INFO] EPISODE 53, LOSS 16.48399543762207
"2023-05-02 16:41:31,091 [INFO] LOSS FUNCTION PLOTTED at ./fig/0502_0351PMloss.png
"2023-05-02 16:42:26,521 [INFO] EPISODE 54, LOSS 5.079044818878174
"2023-05-02 16:42:26,556 [INFO] LOSS FUNCTION PLOTTED at ./fig/0502_0351PMloss.png
"2023-05-02 16:43:21,383 [INFO] EPISODE 55, LOSS 5.996011257171631
"2023-05-02 16:43:21,416 [INFO] LOSS FUNCTION PLOTTED at ./fig/0502_0351PMloss.png
"2023-05-02 16:44:16,996 [INFO] EPISODE 56, LOSS 1.8941413164138794
"2023-05-02 16:44:17,029 [INFO] LOSS FUNCTION PLOTTED at ./fig/0502_0351PMloss.png
"2023-05-02 16:45:12,571 [INFO] EPISODE 57, LOSS 16.72612953186035
"2023-05-02 16:45:12,609 [INFO] LOSS FUNCTION PLOTTED at ./fig/0502_0351PMloss.png
"2023-05-02 16:46:08,941 [INFO] EPISODE 58, LOSS 17.38664436340332
"2023-05-02 16:46:08,977 [INFO] LOSS FUNCTION PLOTTED at ./fig/0502_0351PMloss.png
"2023-05-02 16:47:04,897 [INFO] EPISODE 59, LOSS 33.48065948486328
"2023-05-02 16:47:04,985 [INFO] LOSS FUNCTION PLOTTED at ./fig/0502_0351PMloss.png
"2023-05-02 16:48:00,768 [INFO] EPISODE 60, LOSS 7.484399795532227
"2023-05-02 16:48:00,801 [INFO] LOSS FUNCTION PLOTTED at ./fig/0502_0351PMloss.png
"2023-05-02 16:48:56,928 [INFO] EPISODE 61, LOSS 1.8549047708511353
"2023-05-02 16:48:56,962 [INFO] LOSS FUNCTION PLOTTED at ./fig/0502_0351PMloss.png
"2023-05-02 16:49:54,329 [INFO] EPISODE 62, LOSS 2.338966131210327
"2023-05-02 16:49:54,362 [INFO] LOSS FUNCTION PLOTTED at ./fig/0502_0351PMloss.png
"2023-05-02 16:50:50,107 [INFO] EPISODE 63, LOSS 2.168191909790039
"2023-05-02 16:50:50,141 [INFO] LOSS FUNCTION PLOTTED at ./fig/0502_0351PMloss.png
"2023-05-02 16:51:45,987 [INFO] EPISODE 64, LOSS 12.874862670898438
"2023-05-02 16:51:46,022 [INFO] LOSS FUNCTION PLOTTED at ./fig/0502_0351PMloss.png
"2023-05-02 16:52:43,723 [INFO] EPISODE 65, LOSS 14.576985359191895
"2023-05-02 16:52:43,756 [INFO] LOSS FUNCTION PLOTTED at ./fig/0502_0351PMloss.png
"2023-05-02 16:53:39,403 [INFO] EPISODE 66, LOSS 3.0473833084106445
"2023-05-02 16:53:39,437 [INFO] LOSS FUNCTION PLOTTED at ./fig/0502_0351PMloss.png
"2023-05-02 16:54:35,281 [INFO] EPISODE 67, LOSS 405.1058654785156
"2023-05-02 16:54:35,316 [INFO] LOSS FUNCTION PLOTTED at ./fig/0502_0351PMloss.png
"2023-05-02 16:55:31,570 [INFO] EPISODE 68, LOSS 10.32697582244873
"2023-05-02 16:55:31,603 [INFO] LOSS FUNCTION PLOTTED at ./fig/0502_0351PMloss.png
"2023-05-02 16:56:27,593 [INFO] EPISODE 69, LOSS 99.19844818115234
"2023-05-02 16:56:27,634 [INFO] LOSS FUNCTION PLOTTED at ./fig/0502_0351PMloss.png
"2023-05-02 16:57:23,017 [INFO] EPISODE 70, LOSS 293.5200500488281
"2023-05-02 16:57:23,050 [INFO] LOSS FUNCTION PLOTTED at ./fig/0502_0351PMloss.png
"2023-05-02 16:58:18,272 [INFO] EPISODE 71, LOSS 6.904537677764893
"2023-05-02 16:58:18,307 [INFO] LOSS FUNCTION PLOTTED at ./fig/0502_0351PMloss.png
"2023-05-02 16:59:14,439 [INFO] EPISODE 72, LOSS 23.257986068725586
"2023-05-02 16:59:14,473 [INFO] LOSS FUNCTION PLOTTED at ./fig/0502_0351PMloss.png
"2023-05-02 17:00:09,851 [INFO] EPISODE 73, LOSS 8.800148963928223
"2023-05-02 17:00:09,887 [INFO] LOSS FUNCTION PLOTTED at ./fig/0502_0351PMloss.png
"2023-05-02 17:01:11,536 [INFO] EPISODE 74, LOSS 31.658926010131836
"2023-05-02 17:01:11,571 [INFO] LOSS FUNCTION PLOTTED at ./fig/0502_0351PMloss.png
"2023-05-02 17:02:06,434 [INFO] EPISODE 75, LOSS 1.406131625175476
"2023-05-02 17:02:06,470 [INFO] LOSS FUNCTION PLOTTED at ./fig/0502_0351PMloss.png
"2023-05-02 17:03:01,445 [INFO] EPISODE 76, LOSS 5.752813816070557
"2023-05-02 17:03:01,478 [INFO] LOSS FUNCTION PLOTTED at ./fig/0502_0351PMloss.png
"2023-05-02 17:03:56,553 [INFO] EPISODE 77, LOSS 2.1968696117401123
"2023-05-02 17:03:56,590 [INFO] LOSS FUNCTION PLOTTED at ./fig/0502_0351PMloss.png
"2023-05-02 17:04:53,577 [INFO] EPISODE 78, LOSS 2.7815635204315186
"2023-05-02 17:04:53,662 [INFO] LOSS FUNCTION PLOTTED at ./fig/0502_0351PMloss.png
"2023-05-02 17:05:50,598 [INFO] EPISODE 79, LOSS 17.197101593017578
"2023-05-02 17:05:50,635 [INFO] LOSS FUNCTION PLOTTED at ./fig/0502_0351PMloss.png
"2023-05-02 17:06:44,635 [INFO] EPISODE 80, LOSS 3.7191274166107178
"2023-05-02 17:06:44,674 [INFO] LOSS FUNCTION PLOTTED at ./fig/0502_0351PMloss.png
"2023-05-02 17:07:39,079 [INFO] EPISODE 81, LOSS 18.834339141845703
"2023-05-02 17:07:39,113 [INFO] LOSS FUNCTION PLOTTED at ./fig/0502_0351PMloss.png
"2023-05-02 17:08:34,279 [INFO] EPISODE 82, LOSS 13.643821716308594
"2023-05-02 17:08:34,311 [INFO] LOSS FUNCTION PLOTTED at ./fig/0502_0351PMloss.png
"2023-05-02 17:09:29,254 [INFO] EPISODE 83, LOSS 4.914437294006348
"2023-05-02 17:09:29,290 [INFO] LOSS FUNCTION PLOTTED at ./fig/0502_0351PMloss.png
"2023-05-02 17:10:24,410 [INFO] EPISODE 84, LOSS 5.123680114746094
"2023-05-02 17:10:24,442 [INFO] LOSS FUNCTION PLOTTED at ./fig/0502_0351PMloss.png
"2023-05-02 17:11:19,614 [INFO] EPISODE 85, LOSS 31.361780166625977
"2023-05-02 17:11:19,646 [INFO] LOSS FUNCTION PLOTTED at ./fig/0502_0351PMloss.png
"2023-05-02 17:12:13,965 [INFO] EPISODE 86, LOSS 56.540340423583984
"2023-05-02 17:12:13,997 [INFO] LOSS FUNCTION PLOTTED at ./fig/0502_0351PMloss.png
"2023-05-02 17:13:11,058 [INFO] EPISODE 87, LOSS 5.1832146644592285
"2023-05-02 17:13:11,092 [INFO] LOSS FUNCTION PLOTTED at ./fig/0502_0351PMloss.png
"2023-05-02 17:14:09,253 [INFO] EPISODE 88, LOSS 15.945796966552734
"2023-05-02 17:14:09,286 [INFO] LOSS FUNCTION PLOTTED at ./fig/0502_0351PMloss.png
"2023-05-02 17:15:06,399 [INFO] EPISODE 89, LOSS 4.675642490386963
"2023-05-02 17:15:06,438 [INFO] LOSS FUNCTION PLOTTED at ./fig/0502_0351PMloss.png
"2023-05-02 17:16:06,249 [INFO] EPISODE 90, LOSS 0.5669445395469666
"2023-05-02 17:16:06,281 [INFO] LOSS FUNCTION PLOTTED at ./fig/0502_0351PMloss.png
"2023-05-02 17:17:01,981 [INFO] EPISODE 91, LOSS 3.885380506515503
"2023-05-02 17:17:02,014 [INFO] LOSS FUNCTION PLOTTED at ./fig/0502_0351PMloss.png
"2023-05-02 17:17:57,204 [INFO] EPISODE 92, LOSS 2.884589433670044
"2023-05-02 17:17:57,236 [INFO] LOSS FUNCTION PLOTTED at ./fig/0502_0351PMloss.png
"2023-05-02 17:18:52,205 [INFO] EPISODE 93, LOSS 3.848184585571289
"2023-05-02 17:18:52,244 [INFO] LOSS FUNCTION PLOTTED at ./fig/0502_0351PMloss.png
"2023-05-02 17:19:47,854 [INFO] EPISODE 94, LOSS 2.0686681270599365
"2023-05-02 17:19:47,885 [INFO] LOSS FUNCTION PLOTTED at ./fig/0502_0351PMloss.png
"2023-05-02 17:20:44,137 [INFO] EPISODE 95, LOSS 3.5678184032440186
"2023-05-02 17:20:44,215 [INFO] LOSS FUNCTION PLOTTED at ./fig/0502_0351PMloss.png
"2023-05-02 17:21:39,611 [INFO] EPISODE 96, LOSS 3.6895930767059326
"2023-05-02 17:21:39,649 [INFO] LOSS FUNCTION PLOTTED at ./fig/0502_0351PMloss.png
"2023-05-02 17:22:35,447 [INFO] EPISODE 97, LOSS 0.6389585137367249
"2023-05-02 17:22:35,483 [INFO] LOSS FUNCTION PLOTTED at ./fig/0502_0351PMloss.png
"2023-05-02 17:23:30,794 [INFO] EPISODE 98, LOSS 12.1705961227417
"2023-05-02 17:23:30,826 [INFO] LOSS FUNCTION PLOTTED at ./fig/0502_0351PMloss.png
"2023-05-02 17:24:26,718 [INFO] EPISODE 99, LOSS 18.56209373474121
"2023-05-02 17:24:26,751 [INFO] LOSS FUNCTION PLOTTED at ./fig/0502_0351PMloss.png
"2023-05-02 17:25:22,360 [INFO] EPISODE 100, LOSS 32.18638229370117
"2023-05-02 17:25:22,392 [INFO] LOSS FUNCTION PLOTTED at ./fig/0502_0351PMloss.png
"2023-05-02 17:26:18,508 [INFO] EPISODE 101, LOSS 6.477327823638916
"2023-05-02 17:26:18,541 [INFO] LOSS FUNCTION PLOTTED at ./fig/0502_0351PMloss.png
"2023-05-02 17:27:14,373 [INFO] EPISODE 102, LOSS 27.465917587280273
"2023-05-02 17:27:14,405 [INFO] LOSS FUNCTION PLOTTED at ./fig/0502_0351PMloss.png
"2023-05-02 17:28:11,101 [INFO] EPISODE 103, LOSS 599.5799560546875
"2023-05-02 17:28:11,141 [INFO] LOSS FUNCTION PLOTTED at ./fig/0502_0351PMloss.png
"2023-05-02 17:29:11,385 [INFO] EPISODE 104, LOSS 32.95905303955078
"2023-05-02 17:29:11,451 [INFO] LOSS FUNCTION PLOTTED at ./fig/0502_0351PMloss.png
"2023-05-02 17:30:06,291 [INFO] EPISODE 105, LOSS 13.172625541687012
"2023-05-02 17:30:06,332 [INFO] LOSS FUNCTION PLOTTED at ./fig/0502_0351PMloss.png
"2023-05-02 17:31:01,535 [INFO] EPISODE 106, LOSS 98.00447845458984
"2023-05-02 17:31:01,572 [INFO] LOSS FUNCTION PLOTTED at ./fig/0502_0351PMloss.png
"2023-05-02 17:31:56,466 [INFO] EPISODE 107, LOSS 5.505146026611328
"2023-05-02 17:31:56,498 [INFO] LOSS FUNCTION PLOTTED at ./fig/0502_0351PMloss.png
"2023-05-02 17:32:52,270 [INFO] EPISODE 108, LOSS 22.803255081176758
"2023-05-02 17:32:52,307 [INFO] LOSS FUNCTION PLOTTED at ./fig/0502_0351PMloss.png
"2023-05-02 17:33:48,357 [INFO] EPISODE 109, LOSS 69.59960174560547
"2023-05-02 17:33:48,390 [INFO] LOSS FUNCTION PLOTTED at ./fig/0502_0351PMloss.png
"2023-05-02 17:34:44,807 [INFO] EPISODE 110, LOSS 2.7592756748199463
"2023-05-02 17:34:44,852 [INFO] LOSS FUNCTION PLOTTED at ./fig/0502_0351PMloss.png
"2023-05-02 17:35:40,904 [INFO] EPISODE 111, LOSS 118.82624053955078
"2023-05-02 17:35:40,960 [INFO] LOSS FUNCTION PLOTTED at ./fig/0502_0351PMloss.png
"2023-05-02 17:36:36,480 [INFO] EPISODE 112, LOSS 35.28395462036133
"2023-05-02 17:36:36,512 [INFO] LOSS FUNCTION PLOTTED at ./fig/0502_0351PMloss.png
"2023-05-02 17:37:31,861 [INFO] EPISODE 113, LOSS 5.4199066162109375
"2023-05-02 17:37:31,939 [INFO] LOSS FUNCTION PLOTTED at ./fig/0502_0351PMloss.png
"2023-05-02 17:38:27,257 [INFO] EPISODE 114, LOSS 8.442432403564453
"2023-05-02 17:38:27,293 [INFO] LOSS FUNCTION PLOTTED at ./fig/0502_0351PMloss.png
"2023-05-02 17:39:22,199 [INFO] EPISODE 115, LOSS 12.569621086120605
"2023-05-02 17:39:22,232 [INFO] LOSS FUNCTION PLOTTED at ./fig/0502_0351PMloss.png
"2023-05-02 17:40:16,350 [INFO] EPISODE 116, LOSS 1.12485933303833
"2023-05-02 17:40:16,383 [INFO] LOSS FUNCTION PLOTTED at ./fig/0502_0351PMloss.png
"2023-05-02 17:41:12,479 [INFO] EPISODE 117, LOSS 41.05806350708008
"2023-05-02 17:41:12,515 [INFO] LOSS FUNCTION PLOTTED at ./fig/0502_0351PMloss.png
"2023-05-02 17:42:07,158 [INFO] EPISODE 118, LOSS 6.941431045532227
"2023-05-02 17:42:07,191 [INFO] LOSS FUNCTION PLOTTED at ./fig/0502_0351PMloss.png
"2023-05-02 17:43:02,325 [INFO] EPISODE 119, LOSS 0.7472727298736572
"2023-05-02 17:43:02,358 [INFO] LOSS FUNCTION PLOTTED at ./fig/0502_0351PMloss.png
"2023-05-02 17:43:57,874 [INFO] EPISODE 120, LOSS 3.1842613220214844
"2023-05-02 17:43:57,907 [INFO] LOSS FUNCTION PLOTTED at ./fig/0502_0351PMloss.png
"2023-05-02 17:44:53,318 [INFO] EPISODE 121, LOSS 26.797937393188477
"2023-05-02 17:44:53,352 [INFO] LOSS FUNCTION PLOTTED at ./fig/0502_0351PMloss.png
"2023-05-02 17:45:49,523 [INFO] EPISODE 122, LOSS 2.6036109924316406
"2023-05-02 17:45:49,556 [INFO] LOSS FUNCTION PLOTTED at ./fig/0502_0351PMloss.png
"2023-05-02 17:46:45,064 [INFO] EPISODE 123, LOSS 6.174699306488037
"2023-05-02 17:46:45,097 [INFO] LOSS FUNCTION PLOTTED at ./fig/0502_0351PMloss.png
"2023-05-02 17:47:40,775 [INFO] EPISODE 124, LOSS 5.253925800323486
"2023-05-02 17:47:40,809 [INFO] LOSS FUNCTION PLOTTED at ./fig/0502_0351PMloss.png
"2023-05-02 17:48:38,187 [INFO] EPISODE 125, LOSS 15.581764221191406
"2023-05-02 17:48:38,238 [INFO] LOSS FUNCTION PLOTTED at ./fig/0502_0351PMloss.png
"2023-05-02 17:49:34,042 [INFO] EPISODE 126, LOSS 3.800999402999878
"2023-05-02 17:49:34,075 [INFO] LOSS FUNCTION PLOTTED at ./fig/0502_0351PMloss.png
"2023-05-02 17:50:30,779 [INFO] EPISODE 127, LOSS 17.49289894104004
"2023-05-02 17:50:30,813 [INFO] LOSS FUNCTION PLOTTED at ./fig/0502_0351PMloss.png
"2023-05-02 17:51:26,862 [INFO] EPISODE 128, LOSS 8.30362606048584
"2023-05-02 17:51:26,894 [INFO] LOSS FUNCTION PLOTTED at ./fig/0502_0351PMloss.png
"2023-05-02 17:52:24,453 [INFO] EPISODE 129, LOSS 1.8595703840255737
"2023-05-02 17:52:24,495 [INFO] LOSS FUNCTION PLOTTED at ./fig/0502_0351PMloss.png
"2023-05-02 17:53:24,483 [INFO] EPISODE 130, LOSS 21.345016479492188
"2023-05-02 17:53:24,518 [INFO] LOSS FUNCTION PLOTTED at ./fig/0502_0351PMloss.png
"2023-05-02 17:54:20,411 [INFO] EPISODE 131, LOSS 7.667182922363281
"2023-05-02 17:54:20,445 [INFO] LOSS FUNCTION PLOTTED at ./fig/0502_0351PMloss.png
"2023-05-02 17:55:16,383 [INFO] EPISODE 132, LOSS 2.5844614505767822
"2023-05-02 17:55:16,417 [INFO] LOSS FUNCTION PLOTTED at ./fig/0502_0351PMloss.png
"2023-05-02 17:56:12,948 [INFO] EPISODE 133, LOSS 1.1952935457229614
"2023-05-02 17:56:13,028 [INFO] LOSS FUNCTION PLOTTED at ./fig/0502_0351PMloss.png
"2023-05-02 17:57:08,862 [INFO] EPISODE 134, LOSS 3.9047765731811523
"2023-05-02 17:57:08,898 [INFO] LOSS FUNCTION PLOTTED at ./fig/0502_0351PMloss.png
"2023-05-02 17:58:05,192 [INFO] EPISODE 135, LOSS 9.817708015441895
"2023-05-02 17:58:05,246 [INFO] LOSS FUNCTION PLOTTED at ./fig/0502_0351PMloss.png
"2023-05-02 17:59:01,452 [INFO] EPISODE 136, LOSS 21.94944190979004
"2023-05-02 17:59:01,491 [INFO] LOSS FUNCTION PLOTTED at ./fig/0502_0351PMloss.png
"2023-05-02 18:00:02,115 [INFO] EPISODE 137, LOSS 3.7287073135375977
"2023-05-02 18:00:02,150 [INFO] LOSS FUNCTION PLOTTED at ./fig/0502_0351PMloss.png
"2023-05-02 18:00:59,452 [INFO] EPISODE 138, LOSS 1.6633771657943726
"2023-05-02 18:00:59,506 [INFO] LOSS FUNCTION PLOTTED at ./fig/0502_0351PMloss.png
"2023-05-02 18:01:55,601 [INFO] EPISODE 139, LOSS 23.70524787902832
"2023-05-02 18:01:55,641 [INFO] LOSS FUNCTION PLOTTED at ./fig/0502_0351PMloss.png
"2023-05-02 18:02:52,003 [INFO] EPISODE 140, LOSS 9.973260879516602
"2023-05-02 18:02:52,050 [INFO] LOSS FUNCTION PLOTTED at ./fig/0502_0351PMloss.png
"2023-05-02 18:03:47,991 [INFO] EPISODE 141, LOSS 1.7980799674987793
"2023-05-02 18:03:48,024 [INFO] LOSS FUNCTION PLOTTED at ./fig/0502_0351PMloss.png
"2023-05-02 18:04:46,397 [INFO] EPISODE 142, LOSS 12.579532623291016
"2023-05-02 18:04:46,437 [INFO] LOSS FUNCTION PLOTTED at ./fig/0502_0351PMloss.png
"2023-05-02 18:05:42,646 [INFO] EPISODE 143, LOSS 3.8196303844451904
"2023-05-02 18:05:42,679 [INFO] LOSS FUNCTION PLOTTED at ./fig/0502_0351PMloss.png
"2023-05-02 18:06:38,900 [INFO] EPISODE 144, LOSS 1.6848678588867188
"2023-05-02 18:06:38,950 [INFO] LOSS FUNCTION PLOTTED at ./fig/0502_0351PMloss.png
"2023-05-02 18:07:34,324 [INFO] EPISODE 145, LOSS 0.9804465174674988
"2023-05-02 18:07:34,358 [INFO] LOSS FUNCTION PLOTTED at ./fig/0502_0351PMloss.png
"2023-05-02 18:08:30,568 [INFO] EPISODE 146, LOSS 76.95987701416016
"2023-05-02 18:08:30,605 [INFO] LOSS FUNCTION PLOTTED at ./fig/0502_0351PMloss.png
"2023-05-02 18:09:26,354 [INFO] EPISODE 147, LOSS 9.02788257598877
"2023-05-02 18:09:26,389 [INFO] LOSS FUNCTION PLOTTED at ./fig/0502_0351PMloss.png
"2023-05-02 18:10:21,922 [INFO] EPISODE 148, LOSS 15.492047309875488
"2023-05-02 18:10:21,956 [INFO] LOSS FUNCTION PLOTTED at ./fig/0502_0351PMloss.png
"2023-05-02 18:11:17,504 [INFO] EPISODE 149, LOSS 3.8708527088165283
"2023-05-02 18:11:17,542 [INFO] LOSS FUNCTION PLOTTED at ./fig/0502_0351PMloss.png
"2023-05-02 18:12:13,730 [INFO] EPISODE 150, LOSS 48.7929801940918
"2023-05-02 18:12:13,765 [INFO] LOSS FUNCTION PLOTTED at ./fig/0502_0351PMloss.png
"2023-05-02 18:13:09,304 [INFO] EPISODE 151, LOSS 2.9200916290283203
"2023-05-02 18:13:09,343 [INFO] LOSS FUNCTION PLOTTED at ./fig/0502_0351PMloss.png
"2023-05-02 18:14:04,911 [INFO] EPISODE 152, LOSS 2.2556943893432617
"2023-05-02 18:14:05,002 [INFO] LOSS FUNCTION PLOTTED at ./fig/0502_0351PMloss.png
"2023-05-02 18:15:02,311 [INFO] EPISODE 153, LOSS 7.194028854370117
"2023-05-02 18:15:02,346 [INFO] LOSS FUNCTION PLOTTED at ./fig/0502_0351PMloss.png
"2023-05-02 18:15:58,624 [INFO] EPISODE 154, LOSS 15.907486915588379
"2023-05-02 18:15:58,669 [INFO] LOSS FUNCTION PLOTTED at ./fig/0502_0351PMloss.png
"2023-05-02 18:16:54,989 [INFO] EPISODE 155, LOSS 1.63006591796875
"2023-05-02 18:16:55,024 [INFO] LOSS FUNCTION PLOTTED at ./fig/0502_0351PMloss.png
"2023-05-02 18:17:51,358 [INFO] EPISODE 156, LOSS 2.7328596115112305
"2023-05-02 18:17:51,393 [INFO] LOSS FUNCTION PLOTTED at ./fig/0502_0351PMloss.png
"2023-05-02 18:18:47,277 [INFO] EPISODE 157, LOSS 7.894835948944092
"2023-05-02 18:18:47,315 [INFO] LOSS FUNCTION PLOTTED at ./fig/0502_0351PMloss.png
"2023-05-02 18:19:43,071 [INFO] EPISODE 158, LOSS 0.5539528727531433
"2023-05-02 18:19:43,105 [INFO] LOSS FUNCTION PLOTTED at ./fig/0502_0351PMloss.png
"2023-05-02 18:20:39,025 [INFO] EPISODE 159, LOSS 5.59534215927124
"2023-05-02 18:20:39,059 [INFO] LOSS FUNCTION PLOTTED at ./fig/0502_0351PMloss.png
"2023-05-02 18:21:34,757 [INFO] EPISODE 160, LOSS 35.227882385253906
"2023-05-02 18:21:34,791 [INFO] LOSS FUNCTION PLOTTED at ./fig/0502_0351PMloss.png
"2023-05-02 18:22:31,449 [INFO] EPISODE 161, LOSS 28.815092086791992
"2023-05-02 18:22:31,486 [INFO] LOSS FUNCTION PLOTTED at ./fig/0502_0351PMloss.png
"2023-05-02 18:23:29,113 [INFO] EPISODE 162, LOSS 10.165518760681152
"2023-05-02 18:23:29,152 [INFO] LOSS FUNCTION PLOTTED at ./fig/0502_0351PMloss.png
"2023-05-02 18:24:27,242 [INFO] EPISODE 163, LOSS 1.5271941423416138
"2023-05-02 18:24:27,277 [INFO] LOSS FUNCTION PLOTTED at ./fig/0502_0351PMloss.png
"2023-05-02 18:25:22,948 [INFO] EPISODE 164, LOSS 1.336043357849121
"2023-05-02 18:25:22,985 [INFO] LOSS FUNCTION PLOTTED at ./fig/0502_0351PMloss.png
"2023-05-02 18:26:20,705 [INFO] EPISODE 165, LOSS 2.467111825942993
"2023-05-02 18:26:20,738 [INFO] LOSS FUNCTION PLOTTED at ./fig/0502_0351PMloss.png
"2023-05-02 18:27:17,861 [INFO] EPISODE 166, LOSS 8.073647499084473
"2023-05-02 18:27:17,894 [INFO] LOSS FUNCTION PLOTTED at ./fig/0502_0351PMloss.png
"2023-05-02 18:28:14,345 [INFO] EPISODE 167, LOSS 0.549587607383728
"2023-05-02 18:28:14,378 [INFO] LOSS FUNCTION PLOTTED at ./fig/0502_0351PMloss.png
"2023-05-02 18:29:12,211 [INFO] EPISODE 168, LOSS 2.659221887588501
"2023-05-02 18:29:12,248 [INFO] LOSS FUNCTION PLOTTED at ./fig/0502_0351PMloss.png
"2023-05-02 18:30:09,743 [INFO] EPISODE 169, LOSS 3.1655566692352295
"2023-05-02 18:30:09,825 [INFO] LOSS FUNCTION PLOTTED at ./fig/0502_0351PMloss.png
"2023-05-02 18:31:05,824 [INFO] EPISODE 170, LOSS 0.9240157008171082
"2023-05-02 18:31:05,857 [INFO] LOSS FUNCTION PLOTTED at ./fig/0502_0351PMloss.png
"2023-05-02 18:32:01,851 [INFO] EPISODE 171, LOSS 1.6361747980117798
"2023-05-02 18:32:01,892 [INFO] LOSS FUNCTION PLOTTED at ./fig/0502_0351PMloss.png
"2023-05-02 18:32:58,578 [INFO] EPISODE 172, LOSS 0.5269162058830261
"2023-05-02 18:32:58,612 [INFO] LOSS FUNCTION PLOTTED at ./fig/0502_0351PMloss.png
"2023-05-02 18:33:57,261 [INFO] EPISODE 173, LOSS 0.8472548127174377
"2023-05-02 18:33:57,298 [INFO] LOSS FUNCTION PLOTTED at ./fig/0502_0351PMloss.png
"2023-05-02 18:35:00,581 [INFO] EPISODE 174, LOSS 7.69969367980957
"2023-05-02 18:35:00,617 [INFO] LOSS FUNCTION PLOTTED at ./fig/0502_0351PMloss.png
"2023-05-02 18:35:59,677 [INFO] EPISODE 175, LOSS 3.026315689086914
"2023-05-02 18:35:59,714 [INFO] LOSS FUNCTION PLOTTED at ./fig/0502_0351PMloss.png
"2023-05-02 18:36:56,370 [INFO] EPISODE 176, LOSS 3.181276559829712
"2023-05-02 18:36:56,404 [INFO] LOSS FUNCTION PLOTTED at ./fig/0502_0351PMloss.png
"2023-05-02 18:37:52,588 [INFO] EPISODE 177, LOSS 1.5469698905944824
"2023-05-02 18:37:52,628 [INFO] LOSS FUNCTION PLOTTED at ./fig/0502_0351PMloss.png
"2023-05-02 18:38:49,932 [INFO] EPISODE 178, LOSS 1.3807401657104492
"2023-05-02 18:38:49,966 [INFO] LOSS FUNCTION PLOTTED at ./fig/0502_0351PMloss.png
"2023-05-02 18:39:48,613 [INFO] EPISODE 179, LOSS 13.644978523254395
"2023-05-02 18:39:48,698 [INFO] LOSS FUNCTION PLOTTED at ./fig/0502_0351PMloss.png
"2023-05-02 18:40:45,258 [INFO] EPISODE 180, LOSS 24.906362533569336
"2023-05-02 18:40:45,297 [INFO] LOSS FUNCTION PLOTTED at ./fig/0502_0351PMloss.png
"2023-05-02 18:41:44,349 [INFO] EPISODE 181, LOSS 3.8421385288238525
"2023-05-02 18:41:44,384 [INFO] LOSS FUNCTION PLOTTED at ./fig/0502_0351PMloss.png
"2023-05-02 18:42:41,921 [INFO] EPISODE 182, LOSS 5.798912048339844
"2023-05-02 18:42:41,955 [INFO] LOSS FUNCTION PLOTTED at ./fig/0502_0351PMloss.png
"2023-05-02 18:43:40,095 [INFO] EPISODE 183, LOSS 4.872982501983643
"2023-05-02 18:43:40,143 [INFO] LOSS FUNCTION PLOTTED at ./fig/0502_0351PMloss.png
"2023-05-02 18:44:37,048 [INFO] EPISODE 184, LOSS 1.3372421264648438
"2023-05-02 18:44:37,081 [INFO] LOSS FUNCTION PLOTTED at ./fig/0502_0351PMloss.png
"2023-05-02 18:45:33,959 [INFO] EPISODE 185, LOSS 1.6039971113204956
"2023-05-02 18:45:33,993 [INFO] LOSS FUNCTION PLOTTED at ./fig/0502_0351PMloss.png
"2023-05-02 18:46:31,306 [INFO] EPISODE 186, LOSS 1.9197139739990234
"2023-05-02 18:46:31,342 [INFO] LOSS FUNCTION PLOTTED at ./fig/0502_0351PMloss.png
"2023-05-02 18:47:27,378 [INFO] EPISODE 187, LOSS 1.368000864982605
"2023-05-02 18:47:27,463 [INFO] LOSS FUNCTION PLOTTED at ./fig/0502_0351PMloss.png
"2023-05-02 18:48:26,969 [INFO] EPISODE 188, LOSS 7.615911483764648
"2023-05-02 18:48:27,003 [INFO] LOSS FUNCTION PLOTTED at ./fig/0502_0351PMloss.png
"2023-05-02 18:49:23,955 [INFO] EPISODE 189, LOSS 67.85294342041016
"2023-05-02 18:49:23,989 [INFO] LOSS FUNCTION PLOTTED at ./fig/0502_0351PMloss.png
"2023-05-02 18:50:20,332 [INFO] EPISODE 190, LOSS 1.8561482429504395
"2023-05-02 18:50:20,367 [INFO] LOSS FUNCTION PLOTTED at ./fig/0502_0351PMloss.png
"2023-05-02 18:51:16,900 [INFO] EPISODE 191, LOSS 1.096019983291626
"2023-05-02 18:51:16,941 [INFO] LOSS FUNCTION PLOTTED at ./fig/0502_0351PMloss.png
"2023-05-02 18:52:13,251 [INFO] EPISODE 192, LOSS 83.36878967285156
"2023-05-02 18:52:13,286 [INFO] LOSS FUNCTION PLOTTED at ./fig/0502_0351PMloss.png
"2023-05-02 18:53:10,234 [INFO] EPISODE 193, LOSS 7.434160232543945
"2023-05-02 18:53:10,267 [INFO] LOSS FUNCTION PLOTTED at ./fig/0502_0351PMloss.png
"2023-05-02 18:54:06,056 [INFO] EPISODE 194, LOSS 2.88293719291687
"2023-05-02 18:54:06,093 [INFO] LOSS FUNCTION PLOTTED at ./fig/0502_0351PMloss.png
"2023-05-02 18:55:01,678 [INFO] EPISODE 195, LOSS 3.030571222305298
"2023-05-02 18:55:01,712 [INFO] LOSS FUNCTION PLOTTED at ./fig/0502_0351PMloss.png
"2023-05-02 18:55:57,214 [INFO] EPISODE 196, LOSS 0.8292294144630432
"2023-05-02 18:55:57,248 [INFO] LOSS FUNCTION PLOTTED at ./fig/0502_0351PMloss.png
"2023-05-02 18:56:53,801 [INFO] EPISODE 197, LOSS 1.0513015985488892
"2023-05-02 18:56:53,850 [INFO] LOSS FUNCTION PLOTTED at ./fig/0502_0351PMloss.png
"2023-05-02 18:57:51,847 [INFO] EPISODE 198, LOSS 1.0761886835098267
"2023-05-02 18:57:51,882 [INFO] LOSS FUNCTION PLOTTED at ./fig/0502_0351PMloss.png
"2023-05-02 18:58:47,929 [INFO] EPISODE 199, LOSS 2.4346015453338623
"2023-05-02 18:58:47,963 [INFO] LOSS FUNCTION PLOTTED at ./fig/0502_0351PMloss.png
"2023-05-02 18:59:44,726 [INFO] EPISODE 200, LOSS 1.336525797843933
"2023-05-02 18:59:44,760 [INFO] LOSS FUNCTION PLOTTED at ./fig/0502_0351PMloss.png
"2023-05-02 19:00:42,075 [INFO] EPISODE 201, LOSS 2.0908002853393555
"2023-05-02 19:00:42,109 [INFO] LOSS FUNCTION PLOTTED at ./fig/0502_0351PMloss.png
"2023-05-02 19:01:38,461 [INFO] EPISODE 202, LOSS 28.798194885253906
"2023-05-02 19:01:38,496 [INFO] LOSS FUNCTION PLOTTED at ./fig/0502_0351PMloss.png
"2023-05-02 19:02:36,134 [INFO] EPISODE 203, LOSS 3.3576629161834717
"2023-05-02 19:02:36,168 [INFO] LOSS FUNCTION PLOTTED at ./fig/0502_0351PMloss.png
"2023-05-02 19:03:33,618 [INFO] EPISODE 204, LOSS 2.2376084327697754
"2023-05-02 19:03:33,712 [INFO] LOSS FUNCTION PLOTTED at ./fig/0502_0351PMloss.png
"2023-05-02 19:04:30,117 [INFO] EPISODE 205, LOSS 1.7756705284118652
"2023-05-02 19:04:30,150 [INFO] LOSS FUNCTION PLOTTED at ./fig/0502_0351PMloss.png
"2023-05-02 19:05:26,832 [INFO] EPISODE 206, LOSS 13.4364595413208
"2023-05-02 19:05:26,865 [INFO] LOSS FUNCTION PLOTTED at ./fig/0502_0351PMloss.png
"2023-05-02 19:06:22,960 [INFO] EPISODE 207, LOSS 2.916875123977661
"2023-05-02 19:06:22,992 [INFO] LOSS FUNCTION PLOTTED at ./fig/0502_0351PMloss.png
"2023-05-02 19:07:19,785 [INFO] EPISODE 208, LOSS 10.968460083007812
"2023-05-02 19:07:19,816 [INFO] LOSS FUNCTION PLOTTED at ./fig/0502_0351PMloss.png
"2023-05-02 19:08:16,112 [INFO] EPISODE 209, LOSS 1.5620137453079224
"2023-05-02 19:08:16,147 [INFO] LOSS FUNCTION PLOTTED at ./fig/0502_0351PMloss.png
"2023-05-02 19:09:11,646 [INFO] EPISODE 210, LOSS 1.3513236045837402
"2023-05-02 19:09:11,678 [INFO] LOSS FUNCTION PLOTTED at ./fig/0502_0351PMloss.png
"2023-05-02 19:10:07,993 [INFO] EPISODE 211, LOSS 3.2184743881225586
"2023-05-02 19:10:08,025 [INFO] LOSS FUNCTION PLOTTED at ./fig/0502_0351PMloss.png
"2023-05-02 19:11:04,488 [INFO] EPISODE 212, LOSS 6.356349945068359
"2023-05-02 19:11:04,536 [INFO] LOSS FUNCTION PLOTTED at ./fig/0502_0351PMloss.png
"2023-05-02 19:12:00,907 [INFO] EPISODE 213, LOSS 3.7140324115753174
"2023-05-02 19:12:00,943 [INFO] LOSS FUNCTION PLOTTED at ./fig/0502_0351PMloss.png
"2023-05-02 19:12:57,490 [INFO] EPISODE 214, LOSS 2.460986852645874
"2023-05-02 19:12:57,526 [INFO] LOSS FUNCTION PLOTTED at ./fig/0502_0351PMloss.png
"2023-05-02 19:13:54,465 [INFO] EPISODE 215, LOSS 0.6906938552856445
"2023-05-02 19:13:54,497 [INFO] LOSS FUNCTION PLOTTED at ./fig/0502_0351PMloss.png
"2023-05-02 19:14:50,988 [INFO] EPISODE 216, LOSS 1.5066410303115845
"2023-05-02 19:14:51,038 [INFO] LOSS FUNCTION PLOTTED at ./fig/0502_0351PMloss.png
"2023-05-02 19:15:47,172 [INFO] EPISODE 217, LOSS 3.660506010055542
"2023-05-02 19:15:47,210 [INFO] LOSS FUNCTION PLOTTED at ./fig/0502_0351PMloss.png
"2023-05-02 19:16:43,231 [INFO] EPISODE 218, LOSS 11.56768798828125
"2023-05-02 19:16:43,263 [INFO] LOSS FUNCTION PLOTTED at ./fig/0502_0351PMloss.png
"2023-05-02 19:17:40,966 [INFO] EPISODE 219, LOSS 2.728642702102661
"2023-05-02 19:17:40,999 [INFO] LOSS FUNCTION PLOTTED at ./fig/0502_0351PMloss.png
"2023-05-02 19:18:37,947 [INFO] EPISODE 220, LOSS 6.383512020111084
"2023-05-02 19:18:37,979 [INFO] LOSS FUNCTION PLOTTED at ./fig/0502_0351PMloss.png
"2023-05-02 19:19:34,405 [INFO] EPISODE 221, LOSS 4.338967800140381
"2023-05-02 19:19:34,436 [INFO] LOSS FUNCTION PLOTTED at ./fig/0502_0351PMloss.png
"2023-05-02 19:20:30,407 [INFO] EPISODE 222, LOSS 2.555680274963379
"2023-05-02 19:20:30,542 [INFO] LOSS FUNCTION PLOTTED at ./fig/0502_0351PMloss.png
"2023-05-02 19:21:28,327 [INFO] EPISODE 223, LOSS 1.2576453685760498
"2023-05-02 19:21:28,360 [INFO] LOSS FUNCTION PLOTTED at ./fig/0502_0351PMloss.png
"2023-05-02 19:22:26,354 [INFO] EPISODE 224, LOSS 0.9237356185913086
"2023-05-02 19:22:26,386 [INFO] LOSS FUNCTION PLOTTED at ./fig/0502_0351PMloss.png
"2023-05-02 19:23:22,960 [INFO] EPISODE 225, LOSS 1.797528624534607
"2023-05-02 19:23:22,996 [INFO] LOSS FUNCTION PLOTTED at ./fig/0502_0351PMloss.png
"2023-05-02 19:24:19,160 [INFO] EPISODE 226, LOSS 3.8256568908691406
"2023-05-02 19:24:19,203 [INFO] LOSS FUNCTION PLOTTED at ./fig/0502_0351PMloss.png
"2023-05-02 19:25:16,274 [INFO] EPISODE 227, LOSS 2.794506072998047
"2023-05-02 19:25:16,307 [INFO] LOSS FUNCTION PLOTTED at ./fig/0502_0351PMloss.png
"2023-05-02 19:26:13,473 [INFO] EPISODE 228, LOSS 3.5389928817749023
"2023-05-02 19:26:13,505 [INFO] LOSS FUNCTION PLOTTED at ./fig/0502_0351PMloss.png
"2023-05-02 19:27:09,194 [INFO] EPISODE 229, LOSS 34.15673828125
"2023-05-02 19:27:09,236 [INFO] LOSS FUNCTION PLOTTED at ./fig/0502_0351PMloss.png
"2023-05-02 19:28:08,468 [INFO] EPISODE 230, LOSS 1.2457811832427979
"2023-05-02 19:28:08,502 [INFO] LOSS FUNCTION PLOTTED at ./fig/0502_0351PMloss.png
"2023-05-02 19:29:05,274 [INFO] EPISODE 231, LOSS 10.158564567565918
"2023-05-02 19:29:05,323 [INFO] LOSS FUNCTION PLOTTED at ./fig/0502_0351PMloss.png
"2023-05-02 19:30:01,186 [INFO] EPISODE 232, LOSS 1.0015608072280884
"2023-05-02 19:30:01,231 [INFO] LOSS FUNCTION PLOTTED at ./fig/0502_0351PMloss.png
"2023-05-02 19:30:58,705 [INFO] EPISODE 233, LOSS 30.360021591186523
"2023-05-02 19:30:58,751 [INFO] LOSS FUNCTION PLOTTED at ./fig/0502_0351PMloss.png
"2023-05-02 19:31:57,039 [INFO] EPISODE 234, LOSS 11.536255836486816
"2023-05-02 19:31:57,073 [INFO] LOSS FUNCTION PLOTTED at ./fig/0502_0351PMloss.png
"2023-05-02 19:32:53,136 [INFO] EPISODE 235, LOSS 11.140870094299316
"2023-05-02 19:32:53,172 [INFO] LOSS FUNCTION PLOTTED at ./fig/0502_0351PMloss.png
"2023-05-02 19:33:49,404 [INFO] EPISODE 236, LOSS 1.0871567726135254
"2023-05-02 19:33:49,444 [INFO] LOSS FUNCTION PLOTTED at ./fig/0502_0351PMloss.png
"2023-05-02 19:34:45,442 [INFO] EPISODE 237, LOSS 0.6580414175987244
"2023-05-02 19:34:45,475 [INFO] LOSS FUNCTION PLOTTED at ./fig/0502_0351PMloss.png
"2023-05-02 19:35:41,901 [INFO] EPISODE 238, LOSS 1.8730882406234741
"2023-05-02 19:35:41,933 [INFO] LOSS FUNCTION PLOTTED at ./fig/0502_0351PMloss.png
