"2023-05-04 20:42:30,637 [INFO] Reporter Initialized!
"2023-05-04 20:42:30,638 [INFO] Reporter LEVEL: info
"2023-05-04 20:42:32,553 [INFO] Loaded csv data is 0504_0300PM
"2023-05-04 20:42:33,647 [INFO] None
"2023-05-04 20:42:33,647 [INFO] Device(cuda) is working for train
"2023-05-04 20:42:33,647 [INFO] Train Started
"2023-05-04 20:42:33,661 [INFO] ===== ONNX SAVED at ./savemodel/0504_0842PM/0.onnx
"2023-05-04 20:42:33,661 [INFO] ===== Saved non-trained network
"2023-05-04 20:42:33,661 [INFO] EPISODE 0, LOSS 3.9888391494750977
"2023-05-04 20:42:34,006 [INFO] ===== ONNX SAVED at ./savemodel/0504_0842PM/5.onnx
"2023-05-04 20:42:34,160 [INFO] EPISODE 10, LOSS 1.8657033443450928
"2023-05-04 20:42:34,280 [INFO] ===== ONNX SAVED at ./savemodel/0504_0842PM/12.onnx
"2023-05-04 20:42:34,350 [INFO] ===== ONNX SAVED at ./savemodel/0504_0842PM/14.onnx
"2023-05-04 20:42:34,534 [INFO] EPISODE 20, LOSS 1.667857050895691
"2023-05-04 20:42:34,604 [INFO] ===== ONNX SAVED at ./savemodel/0504_0842PM/21.onnx
"2023-05-04 20:42:34,893 [INFO] ===== ONNX SAVED at ./savemodel/0504_0842PM/30.onnx
"2023-05-04 20:42:34,893 [INFO] EPISODE 30, LOSS 0.6683249473571777
"2023-05-04 20:42:35,231 [INFO] ===== ONNX SAVED at ./savemodel/0504_0842PM/38.onnx
"2023-05-04 20:42:35,300 [INFO] EPISODE 40, LOSS 1.9605568647384644
"2023-05-04 20:42:35,633 [INFO] EPISODE 50, LOSS 1.8573158979415894
"2023-05-04 20:42:35,969 [INFO] EPISODE 60, LOSS 1.007601022720337
"2023-05-04 20:42:36,284 [INFO] ===== ONNX SAVED at ./savemodel/0504_0842PM/68.onnx
"2023-05-04 20:42:36,344 [INFO] EPISODE 70, LOSS 1.7571179866790771
"2023-05-04 20:42:36,623 [INFO] ===== ONNX SAVED at ./savemodel/0504_0842PM/78.onnx
"2023-05-04 20:42:36,689 [INFO] EPISODE 80, LOSS 0.7454289793968201
"2023-05-04 20:42:37,019 [INFO] EPISODE 90, LOSS 0.788314700126648
"2023-05-04 20:42:37,185 [INFO] ===== ONNX SAVED at ./savemodel/0504_0842PM/93.onnx
"2023-05-04 20:42:37,393 [INFO] EPISODE 100, LOSS 0.754222571849823
"2023-05-04 20:42:37,716 [INFO] EPISODE 110, LOSS 1.0201390981674194
"2023-05-04 20:42:38,037 [INFO] EPISODE 120, LOSS 0.6457967758178711
"2023-05-04 20:42:38,406 [INFO] EPISODE 130, LOSS 0.8150352239608765
"2023-05-04 20:42:38,732 [INFO] EPISODE 140, LOSS 0.7647852897644043
"2023-05-04 20:42:39,072 [INFO] EPISODE 150, LOSS 0.5506219267845154
"2023-05-04 20:42:39,422 [INFO] EPISODE 160, LOSS 0.6599689722061157
"2023-05-04 20:42:39,748 [INFO] EPISODE 170, LOSS 0.9457961916923523
"2023-05-04 20:42:39,877 [INFO] ===== ONNX SAVED at ./savemodel/0504_0842PM/173.onnx
"2023-05-04 20:42:40,030 [INFO] ===== ONNX SAVED at ./savemodel/0504_0842PM/178.onnx
"2023-05-04 20:42:40,090 [INFO] EPISODE 180, LOSS 0.43708890676498413
"2023-05-04 20:42:40,470 [INFO] EPISODE 190, LOSS 0.22983233630657196
"2023-05-04 20:42:40,870 [INFO] EPISODE 200, LOSS 0.6096996068954468
"2023-05-04 20:42:41,021 [INFO] ===== ONNX SAVED at ./savemodel/0504_0842PM/204.onnx
"2023-05-04 20:42:41,186 [INFO] EPISODE 210, LOSS 0.1796501725912094
"2023-05-04 20:42:41,513 [INFO] EPISODE 220, LOSS 0.6036402583122253
"2023-05-04 20:42:41,817 [INFO] EPISODE 230, LOSS 0.32251203060150146
"2023-05-04 20:42:42,139 [INFO] EPISODE 240, LOSS 0.49436482787132263
"2023-05-04 20:42:42,522 [INFO] EPISODE 250, LOSS 0.5181092619895935
"2023-05-04 20:42:42,845 [INFO] EPISODE 260, LOSS 0.41283679008483887
"2023-05-04 20:42:43,168 [INFO] EPISODE 270, LOSS 1.150748610496521
"2023-05-04 20:42:43,520 [INFO] EPISODE 280, LOSS 0.48998475074768066
"2023-05-04 20:42:43,865 [INFO] EPISODE 290, LOSS 0.9476651549339294
"2023-05-04 20:42:44,212 [INFO] EPISODE 300, LOSS 1.0664918422698975
"2023-05-04 20:42:44,587 [INFO] EPISODE 310, LOSS 0.7927939295768738
"2023-05-04 20:42:44,943 [INFO] EPISODE 320, LOSS 0.9746591448783875
"2023-05-04 20:42:45,315 [INFO] EPISODE 330, LOSS 1.9210426807403564
"2023-05-04 20:42:45,735 [INFO] EPISODE 340, LOSS 0.5086333751678467
"2023-05-04 20:42:46,112 [INFO] EPISODE 350, LOSS 0.46556350588798523
"2023-05-04 20:42:46,443 [INFO] EPISODE 360, LOSS 0.8993050456047058
"2023-05-04 20:42:46,815 [INFO] EPISODE 370, LOSS 0.945074737071991
"2023-05-04 20:42:47,205 [INFO] EPISODE 380, LOSS 1.0113718509674072
"2023-05-04 20:42:47,599 [INFO] EPISODE 390, LOSS 0.6916574239730835
"2023-05-04 20:42:47,965 [INFO] EPISODE 400, LOSS 0.6825604438781738
"2023-05-04 20:42:48,315 [INFO] EPISODE 410, LOSS 1.4040201902389526
"2023-05-04 20:42:48,663 [INFO] EPISODE 420, LOSS 0.49444088339805603
"2023-05-04 20:42:49,019 [INFO] EPISODE 430, LOSS 1.3889100551605225
"2023-05-04 20:42:49,347 [INFO] EPISODE 440, LOSS 0.4507095217704773
"2023-05-04 20:42:49,676 [INFO] EPISODE 450, LOSS 0.5198776125907898
"2023-05-04 20:42:50,107 [INFO] EPISODE 460, LOSS 0.3764384984970093
"2023-05-04 20:42:50,452 [INFO] EPISODE 470, LOSS 0.9007167816162109
"2023-05-04 20:42:50,779 [INFO] EPISODE 480, LOSS 0.41185426712036133
"2023-05-04 20:42:51,127 [INFO] EPISODE 490, LOSS 0.5168775916099548
"2023-05-04 20:42:51,425 [INFO] EPISODE 500, LOSS 0.8505764007568359
"2023-05-04 20:42:51,715 [INFO] EPISODE 510, LOSS 0.622816801071167
"2023-05-04 20:42:52,048 [INFO] EPISODE 520, LOSS 0.4346630275249481
"2023-05-04 20:42:52,347 [INFO] EPISODE 530, LOSS 0.6715364456176758
"2023-05-04 20:42:52,645 [INFO] EPISODE 540, LOSS 0.5730227828025818
"2023-05-04 20:42:52,942 [INFO] EPISODE 550, LOSS 0.5754895210266113
"2023-05-04 20:42:53,289 [INFO] EPISODE 560, LOSS 0.383673757314682
"2023-05-04 20:42:53,580 [INFO] EPISODE 570, LOSS 0.3095182180404663
"2023-05-04 20:42:53,866 [INFO] EPISODE 580, LOSS 0.601102352142334
"2023-05-04 20:42:54,185 [INFO] EPISODE 590, LOSS 0.6793352961540222
"2023-05-04 20:42:54,470 [INFO] EPISODE 600, LOSS 0.5155355334281921
"2023-05-04 20:42:54,753 [INFO] EPISODE 610, LOSS 0.5127053260803223
"2023-05-04 20:42:55,042 [INFO] EPISODE 620, LOSS 0.7013218402862549
"2023-05-04 20:42:55,358 [INFO] EPISODE 630, LOSS 0.3509621322154999
"2023-05-04 20:42:55,643 [INFO] EPISODE 640, LOSS 0.5480186343193054
"2023-05-04 20:42:55,928 [INFO] EPISODE 650, LOSS 0.41736912727355957
"2023-05-04 20:42:56,219 [INFO] EPISODE 660, LOSS 0.6942481398582458
"2023-05-04 20:42:56,520 [INFO] EPISODE 670, LOSS 0.5982986092567444
"2023-05-04 20:42:56,804 [INFO] EPISODE 680, LOSS 0.4774276614189148
"2023-05-04 20:42:57,097 [INFO] EPISODE 690, LOSS 0.6117846965789795
"2023-05-04 20:42:57,425 [INFO] EPISODE 700, LOSS 0.4530189037322998
"2023-05-04 20:42:57,789 [INFO] EPISODE 710, LOSS 0.7107100486755371
"2023-05-04 20:42:58,085 [INFO] EPISODE 720, LOSS 0.5931107401847839
"2023-05-04 20:42:58,378 [INFO] EPISODE 730, LOSS 0.6031228303909302
"2023-05-04 20:42:58,677 [INFO] EPISODE 740, LOSS 0.5348333120346069
"2023-05-04 20:42:58,972 [INFO] EPISODE 750, LOSS 0.5220935344696045
"2023-05-04 20:42:59,269 [INFO] EPISODE 760, LOSS 0.346174955368042
"2023-05-04 20:42:59,621 [INFO] EPISODE 770, LOSS 0.8119654655456543
"2023-05-04 20:42:59,904 [INFO] EPISODE 780, LOSS 0.5812053680419922
"2023-05-04 20:43:00,200 [INFO] EPISODE 790, LOSS 0.9953979849815369
"2023-05-04 20:43:00,539 [INFO] EPISODE 800, LOSS 0.8997673988342285
"2023-05-04 20:43:00,827 [INFO] EPISODE 810, LOSS 0.4140130877494812
"2023-05-04 20:43:01,110 [INFO] EPISODE 820, LOSS 0.4442659318447113
"2023-05-04 20:43:01,401 [INFO] EPISODE 830, LOSS 0.6855440139770508
"2023-05-04 20:43:01,726 [INFO] EPISODE 840, LOSS 0.6270148754119873
"2023-05-04 20:43:02,010 [INFO] EPISODE 850, LOSS 0.7910265326499939
"2023-05-04 20:43:02,291 [INFO] EPISODE 860, LOSS 0.6085783243179321
"2023-05-04 20:43:02,573 [INFO] EPISODE 870, LOSS 0.5485156774520874
"2023-05-04 20:43:02,893 [INFO] EPISODE 880, LOSS 0.7117036581039429
"2023-05-04 20:43:03,174 [INFO] EPISODE 890, LOSS 0.5905424952507019
"2023-05-04 20:43:03,455 [INFO] EPISODE 900, LOSS 0.7534255981445312
"2023-05-04 20:43:03,773 [INFO] EPISODE 910, LOSS 0.49724650382995605
"2023-05-04 20:43:04,065 [INFO] EPISODE 920, LOSS 0.5714164972305298
"2023-05-04 20:43:04,415 [INFO] EPISODE 930, LOSS 0.5290254354476929
"2023-05-04 20:43:04,704 [INFO] EPISODE 940, LOSS 0.453305184841156
"2023-05-04 20:43:05,006 [INFO] EPISODE 950, LOSS 0.466770738363266
"2023-05-04 20:43:05,296 [INFO] EPISODE 960, LOSS 0.556390643119812
"2023-05-04 20:43:05,578 [INFO] EPISODE 970, LOSS 0.47324487566947937
"2023-05-04 20:43:05,903 [INFO] EPISODE 980, LOSS 0.6095964312553406
"2023-05-04 20:43:06,190 [INFO] EPISODE 990, LOSS 0.7227025032043457
"2023-05-04 20:43:06,483 [INFO] ===== ONNX SAVED at ./savemodel/0504_0842PM/1000.onnx
"2023-05-04 20:43:06,483 [INFO] EPISODE 1000, LOSS 0.4185671806335449
"2023-05-04 20:43:06,771 [INFO] EPISODE 1010, LOSS 0.4220277667045593
"2023-05-04 20:43:07,095 [INFO] EPISODE 1020, LOSS 0.37940484285354614
"2023-05-04 20:43:07,378 [INFO] EPISODE 1030, LOSS 0.5775450468063354
"2023-05-04 20:43:07,707 [INFO] EPISODE 1040, LOSS 0.43708357214927673
"2023-05-04 20:43:08,056 [INFO] EPISODE 1050, LOSS 0.6031296849250793
"2023-05-04 20:43:08,347 [INFO] EPISODE 1060, LOSS 0.7156533002853394
"2023-05-04 20:43:08,636 [INFO] EPISODE 1070, LOSS 0.7129365801811218
"2023-05-04 20:43:08,919 [INFO] EPISODE 1080, LOSS 0.5233297348022461
"2023-05-04 20:43:09,249 [INFO] EPISODE 1090, LOSS 0.6622084379196167
"2023-05-04 20:43:09,535 [INFO] EPISODE 1100, LOSS 0.6556445360183716
"2023-05-04 20:43:09,826 [INFO] EPISODE 1110, LOSS 0.49936696887016296
"2023-05-04 20:43:10,148 [INFO] EPISODE 1120, LOSS 0.5509864687919617
"2023-05-04 20:43:10,436 [INFO] EPISODE 1130, LOSS 0.6567622423171997
"2023-05-04 20:43:10,772 [INFO] EPISODE 1140, LOSS 0.4985489249229431
"2023-05-04 20:43:11,073 [INFO] EPISODE 1150, LOSS 0.47010040283203125
"2023-05-04 20:43:11,387 [INFO] EPISODE 1160, LOSS 0.7138180732727051
"2023-05-04 20:43:11,724 [INFO] EPISODE 1170, LOSS 0.4855359196662903
"2023-05-04 20:43:12,070 [INFO] EPISODE 1180, LOSS 0.4830711781978607
"2023-05-04 20:43:12,421 [INFO] EPISODE 1190, LOSS 1.009694218635559
"2023-05-04 20:43:12,708 [INFO] EPISODE 1200, LOSS 0.732538104057312
"2023-05-04 20:43:13,004 [INFO] EPISODE 1210, LOSS 0.4357112646102905
"2023-05-04 20:43:13,320 [INFO] EPISODE 1220, LOSS 0.5158613920211792
"2023-05-04 20:43:13,610 [INFO] EPISODE 1230, LOSS 0.537685751914978
"2023-05-04 20:43:13,897 [INFO] EPISODE 1240, LOSS 0.7680349349975586
"2023-05-04 20:43:14,192 [INFO] EPISODE 1250, LOSS 0.5820501446723938
"2023-05-04 20:43:14,519 [INFO] EPISODE 1260, LOSS 0.5297402739524841
"2023-05-04 20:43:14,804 [INFO] EPISODE 1270, LOSS 0.5110146999359131
"2023-05-04 20:43:15,099 [INFO] EPISODE 1280, LOSS 0.5400950908660889
"2023-05-04 20:43:15,423 [INFO] EPISODE 1290, LOSS 0.6745938062667847
"2023-05-04 20:43:15,708 [INFO] EPISODE 1300, LOSS 0.4584601819515228
"2023-05-04 20:43:15,996 [INFO] EPISODE 1310, LOSS 0.4200931489467621
"2023-05-04 20:43:16,288 [INFO] EPISODE 1320, LOSS 0.4212668836116791
"2023-05-04 20:43:16,609 [INFO] EPISODE 1330, LOSS 0.5710033774375916
"2023-05-04 20:43:16,895 [INFO] EPISODE 1340, LOSS 0.6796187162399292
"2023-05-04 20:43:17,177 [INFO] EPISODE 1350, LOSS 0.47975513339042664
"2023-05-04 20:43:17,496 [INFO] EPISODE 1360, LOSS 0.5353666543960571
"2023-05-04 20:43:17,786 [INFO] EPISODE 1370, LOSS 0.7071911096572876
"2023-05-04 20:43:18,073 [INFO] EPISODE 1380, LOSS 0.5305358171463013
"2023-05-04 20:43:18,367 [INFO] EPISODE 1390, LOSS 0.6949270963668823
"2023-05-04 20:43:18,721 [INFO] EPISODE 1400, LOSS 0.506604015827179
"2023-05-04 20:43:19,019 [INFO] EPISODE 1410, LOSS 0.6863853335380554
"2023-05-04 20:43:19,320 [INFO] EPISODE 1420, LOSS 0.7812578082084656
"2023-05-04 20:43:19,630 [INFO] EPISODE 1430, LOSS 0.6451213359832764
"2023-05-04 20:43:19,920 [INFO] EPISODE 1440, LOSS 0.5702555179595947
"2023-05-04 20:43:20,201 [INFO] EPISODE 1450, LOSS 0.5050598978996277
"2023-05-04 20:43:20,495 [INFO] EPISODE 1460, LOSS 0.6323187351226807
"2023-05-04 20:43:20,820 [INFO] EPISODE 1470, LOSS 0.7044617533683777
"2023-05-04 20:43:21,121 [INFO] EPISODE 1480, LOSS 0.6332180500030518
"2023-05-04 20:43:21,403 [INFO] EPISODE 1490, LOSS 0.6671971082687378
"2023-05-04 20:43:21,701 [INFO] EPISODE 1500, LOSS 0.953107476234436
"2023-05-04 20:43:22,007 [INFO] EPISODE 1510, LOSS 0.689888596534729
"2023-05-04 20:43:22,288 [INFO] EPISODE 1520, LOSS 0.665568470954895
"2023-05-04 20:43:22,570 [INFO] EPISODE 1530, LOSS 0.6251237392425537
"2023-05-04 20:43:22,895 [INFO] EPISODE 1540, LOSS 0.8009258508682251
"2023-05-04 20:43:23,199 [INFO] EPISODE 1550, LOSS 0.6502686738967896
"2023-05-04 20:43:23,481 [INFO] EPISODE 1560, LOSS 1.0520834922790527
"2023-05-04 20:43:23,785 [INFO] EPISODE 1570, LOSS 0.6700344085693359
"2023-05-04 20:43:24,122 [INFO] EPISODE 1580, LOSS 0.7149542570114136
"2023-05-04 20:43:24,409 [INFO] EPISODE 1590, LOSS 0.6409308910369873
"2023-05-04 20:43:24,705 [INFO] EPISODE 1600, LOSS 0.5854828953742981
"2023-05-04 20:43:25,008 [INFO] EPISODE 1610, LOSS 0.5574486255645752
"2023-05-04 20:43:25,346 [INFO] EPISODE 1620, LOSS 0.6704740524291992
"2023-05-04 20:43:25,636 [INFO] EPISODE 1630, LOSS 0.8547760248184204
"2023-05-04 20:43:25,918 [INFO] EPISODE 1640, LOSS 0.5728996992111206
"2023-05-04 20:43:26,265 [INFO] EPISODE 1650, LOSS 0.7254630923271179
"2023-05-04 20:43:26,546 [INFO] EPISODE 1660, LOSS 0.7466017603874207
"2023-05-04 20:43:26,836 [INFO] EPISODE 1670, LOSS 0.6251094341278076
"2023-05-04 20:43:27,142 [INFO] EPISODE 1680, LOSS 0.8034409284591675
"2023-05-04 20:43:27,427 [INFO] EPISODE 1690, LOSS 0.6396875381469727
"2023-05-04 20:43:27,716 [INFO] EPISODE 1700, LOSS 0.5368876457214355
"2023-05-04 20:43:27,998 [INFO] EPISODE 1710, LOSS 0.6370903849601746
"2023-05-04 20:43:28,320 [INFO] EPISODE 1720, LOSS 0.3195299804210663
"2023-05-04 20:43:28,602 [INFO] EPISODE 1730, LOSS 0.9464783668518066
"2023-05-04 20:43:28,892 [INFO] EPISODE 1740, LOSS 0.8628478050231934
"2023-05-04 20:43:29,214 [INFO] EPISODE 1750, LOSS 1.0450413227081299
"2023-05-04 20:43:29,496 [INFO] EPISODE 1760, LOSS 0.8147445917129517
"2023-05-04 20:43:29,782 [INFO] EPISODE 1770, LOSS 1.0230154991149902
"2023-05-04 20:43:30,074 [INFO] EPISODE 1780, LOSS 0.9042185544967651
"2023-05-04 20:43:30,381 [INFO] EPISODE 1790, LOSS 0.9326813220977783
"2023-05-04 20:43:30,663 [INFO] EPISODE 1800, LOSS 0.7719365954399109
"2023-05-04 20:43:30,963 [INFO] EPISODE 1810, LOSS 0.7928435206413269
"2023-05-04 20:43:31,251 [INFO] EPISODE 1820, LOSS 0.7728552222251892
"2023-05-04 20:43:31,559 [INFO] EPISODE 1830, LOSS 0.8057479858398438
"2023-05-04 20:43:31,902 [INFO] EPISODE 1840, LOSS 0.5730223059654236
"2023-05-04 20:43:32,193 [INFO] EPISODE 1850, LOSS 0.5071622133255005
"2023-05-04 20:43:32,534 [INFO] EPISODE 1860, LOSS 0.7138170599937439
"2023-05-04 20:43:32,823 [INFO] EPISODE 1870, LOSS 0.5846614837646484
"2023-05-04 20:43:33,113 [INFO] EPISODE 1880, LOSS 0.9998365640640259
"2023-05-04 20:43:33,396 [INFO] EPISODE 1890, LOSS 0.8385068774223328
"2023-05-04 20:43:33,693 [INFO] EPISODE 1900, LOSS 0.978580892086029
"2023-05-04 20:43:33,976 [INFO] EPISODE 1910, LOSS 0.8249855041503906
"2023-05-04 20:43:34,263 [INFO] EPISODE 1920, LOSS 1.0055874586105347
"2023-05-04 20:43:34,590 [INFO] EPISODE 1930, LOSS 0.8155896067619324
"2023-05-04 20:43:34,873 [INFO] EPISODE 1940, LOSS 0.7547965049743652
"2023-05-04 20:43:35,169 [INFO] EPISODE 1950, LOSS 0.9378564357757568
"2023-05-04 20:43:35,461 [INFO] EPISODE 1960, LOSS 0.8942431807518005
"2023-05-04 20:43:35,773 [INFO] EPISODE 1970, LOSS 0.6773617267608643
"2023-05-04 20:43:36,056 [INFO] EPISODE 1980, LOSS 0.9055526256561279
"2023-05-04 20:43:36,345 [INFO] EPISODE 1990, LOSS 0.756532609462738
"2023-05-04 20:43:36,663 [INFO] ===== ONNX SAVED at ./savemodel/0504_0842PM/2000.onnx
"2023-05-04 20:43:36,663 [INFO] EPISODE 2000, LOSS 0.35656866431236267
"2023-05-04 20:43:36,959 [INFO] EPISODE 2010, LOSS 0.6660714149475098
"2023-05-04 20:43:37,243 [INFO] EPISODE 2020, LOSS 0.7874821424484253
"2023-05-04 20:43:37,534 [INFO] EPISODE 2030, LOSS 0.828216552734375
"2023-05-04 20:43:37,884 [INFO] EPISODE 2040, LOSS 0.6035355925559998
"2023-05-04 20:43:38,260 [INFO] EPISODE 2050, LOSS 0.9766920804977417
"2023-05-04 20:43:38,557 [INFO] EPISODE 2060, LOSS 0.8461002111434937
"2023-05-04 20:43:38,888 [INFO] EPISODE 2070, LOSS 0.35410234332084656
"2023-05-04 20:43:39,170 [INFO] EPISODE 2080, LOSS 0.8442729711532593
"2023-05-04 20:43:39,463 [INFO] EPISODE 2090, LOSS 0.8358197212219238
"2023-05-04 20:43:39,743 [INFO] EPISODE 2100, LOSS 0.6362267136573792
"2023-05-04 20:43:40,060 [INFO] EPISODE 2110, LOSS 0.6598894000053406
"2023-05-04 20:43:40,339 [INFO] EPISODE 2120, LOSS 0.6595370173454285
"2023-05-04 20:43:40,619 [INFO] EPISODE 2130, LOSS 0.7830713987350464
"2023-05-04 20:43:40,931 [INFO] EPISODE 2140, LOSS 0.6751598119735718
"2023-05-04 20:43:41,213 [INFO] EPISODE 2150, LOSS 0.717551589012146
"2023-05-04 20:43:41,500 [INFO] EPISODE 2160, LOSS 0.7929462790489197
"2023-05-04 20:43:41,829 [INFO] EPISODE 2170, LOSS 0.531867504119873
"2023-05-04 20:43:42,179 [INFO] EPISODE 2180, LOSS 0.6785573959350586
"2023-05-04 20:43:42,520 [INFO] EPISODE 2190, LOSS 0.733787477016449
"2023-05-04 20:43:42,854 [INFO] EPISODE 2200, LOSS 0.9063506126403809
"2023-05-04 20:43:43,211 [INFO] EPISODE 2210, LOSS 0.3510468006134033
"2023-05-04 20:43:43,541 [INFO] EPISODE 2220, LOSS 0.8304743766784668
"2023-05-04 20:43:43,874 [INFO] EPISODE 2230, LOSS 0.6439449787139893
"2023-05-04 20:43:44,242 [INFO] EPISODE 2240, LOSS 0.8854643702507019
"2023-05-04 20:43:44,565 [INFO] EPISODE 2250, LOSS 0.72078537940979
"2023-05-04 20:43:44,889 [INFO] EPISODE 2260, LOSS 0.6018939018249512
"2023-05-04 20:43:45,249 [INFO] EPISODE 2270, LOSS 0.7852321863174438
"2023-05-04 20:43:45,580 [INFO] EPISODE 2280, LOSS 0.5621598958969116
"2023-05-04 20:43:45,912 [INFO] EPISODE 2290, LOSS 0.8502587080001831
"2023-05-04 20:43:46,261 [INFO] EPISODE 2300, LOSS 0.862212598323822
"2023-05-04 20:43:46,648 [INFO] EPISODE 2310, LOSS 0.6772756576538086
"2023-05-04 20:43:46,979 [INFO] EPISODE 2320, LOSS 0.7047697901725769
"2023-05-04 20:43:47,325 [INFO] EPISODE 2330, LOSS 0.5918946266174316
"2023-05-04 20:43:47,656 [INFO] EPISODE 2340, LOSS 0.8508662581443787
"2023-05-04 20:43:47,991 [INFO] EPISODE 2350, LOSS 0.7775205373764038
"2023-05-04 20:43:48,354 [INFO] EPISODE 2360, LOSS 0.7776753902435303
"2023-05-04 20:43:48,678 [INFO] EPISODE 2370, LOSS 0.8588905334472656
"2023-05-04 20:43:49,006 [INFO] EPISODE 2380, LOSS 0.48268914222717285
"2023-05-04 20:43:49,339 [INFO] EPISODE 2390, LOSS 0.9051221609115601
"2023-05-04 20:43:49,668 [INFO] EPISODE 2400, LOSS 0.8790254592895508
"2023-05-04 20:43:49,998 [INFO] EPISODE 2410, LOSS 0.7101404666900635
"2023-05-04 20:43:50,328 [INFO] EPISODE 2420, LOSS 0.9603543281555176
"2023-05-04 20:43:50,686 [INFO] EPISODE 2430, LOSS 0.7969675064086914
"2023-05-04 20:43:51,017 [INFO] EPISODE 2440, LOSS 0.7115014791488647
"2023-05-04 20:43:51,348 [INFO] EPISODE 2450, LOSS 0.760970950126648
"2023-05-04 20:43:51,701 [INFO] EPISODE 2460, LOSS 0.6706120371818542
"2023-05-04 20:43:52,035 [INFO] EPISODE 2470, LOSS 0.9964830875396729
"2023-05-04 20:43:52,365 [INFO] EPISODE 2480, LOSS 1.0277023315429688
"2023-05-04 20:43:52,735 [INFO] EPISODE 2490, LOSS 0.5981827974319458
"2023-05-04 20:43:53,070 [INFO] EPISODE 2500, LOSS 0.6253187656402588
"2023-05-04 20:43:53,401 [INFO] EPISODE 2510, LOSS 1.1135344505310059
"2023-05-04 20:43:53,782 [INFO] EPISODE 2520, LOSS 0.8341966867446899
"2023-05-04 20:43:54,112 [INFO] EPISODE 2530, LOSS 0.7877413630485535
"2023-05-04 20:43:54,442 [INFO] EPISODE 2540, LOSS 0.49662667512893677
"2023-05-04 20:43:54,830 [INFO] EPISODE 2550, LOSS 0.8384435176849365
"2023-05-04 20:43:55,157 [INFO] EPISODE 2560, LOSS 0.5599418878555298
"2023-05-04 20:43:55,544 [INFO] EPISODE 2570, LOSS 0.9147107005119324
"2023-05-04 20:43:55,876 [INFO] EPISODE 2580, LOSS 0.8087990283966064
"2023-05-04 20:43:56,175 [INFO] EPISODE 2590, LOSS 0.9742947816848755
"2023-05-04 20:43:56,460 [INFO] EPISODE 2600, LOSS 1.2024104595184326
"2023-05-04 20:43:56,748 [INFO] EPISODE 2610, LOSS 1.0012322664260864
"2023-05-04 20:43:57,069 [INFO] EPISODE 2620, LOSS 1.466855525970459
"2023-05-04 20:43:57,356 [INFO] EPISODE 2630, LOSS 1.2516815662384033
"2023-05-04 20:43:57,650 [INFO] EPISODE 2640, LOSS 1.9095743894577026
"2023-05-04 20:43:58,002 [INFO] EPISODE 2650, LOSS 0.6079760193824768
"2023-05-04 20:43:58,291 [INFO] EPISODE 2660, LOSS 1.1913565397262573
"2023-05-04 20:43:58,587 [INFO] EPISODE 2670, LOSS 1.0629626512527466
"2023-05-04 20:43:58,887 [INFO] EPISODE 2680, LOSS 1.75156831741333
"2023-05-04 20:43:59,192 [INFO] EPISODE 2690, LOSS 0.8300473093986511
"2023-05-04 20:43:59,478 [INFO] EPISODE 2700, LOSS 1.2381839752197266
"2023-05-04 20:43:59,770 [INFO] EPISODE 2710, LOSS 1.1323626041412354
"2023-05-04 20:44:00,085 [INFO] EPISODE 2720, LOSS 1.0200843811035156
"2023-05-04 20:44:00,373 [INFO] EPISODE 2730, LOSS 0.7378263473510742
"2023-05-04 20:44:00,663 [INFO] EPISODE 2740, LOSS 0.7591997981071472
"2023-05-04 20:44:00,948 [INFO] EPISODE 2750, LOSS 0.8479876518249512
"2023-05-04 20:44:01,276 [INFO] EPISODE 2760, LOSS 1.0199074745178223
"2023-05-04 20:44:01,570 [INFO] EPISODE 2770, LOSS 0.5578956007957458
"2023-05-04 20:44:01,855 [INFO] EPISODE 2780, LOSS 1.0118072032928467
"2023-05-04 20:44:02,189 [INFO] EPISODE 2790, LOSS 1.2535088062286377
"2023-05-04 20:44:02,479 [INFO] EPISODE 2800, LOSS 0.9483222961425781
"2023-05-04 20:44:02,768 [INFO] EPISODE 2810, LOSS 1.2377785444259644
"2023-05-04 20:44:03,103 [INFO] EPISODE 2820, LOSS 1.029929280281067
"2023-05-04 20:44:03,447 [INFO] EPISODE 2830, LOSS 1.0870417356491089
"2023-05-04 20:44:03,728 [INFO] EPISODE 2840, LOSS 0.8131901621818542
"2023-05-04 20:44:04,009 [INFO] EPISODE 2850, LOSS 0.9546048641204834
"2023-05-04 20:44:04,360 [INFO] EPISODE 2860, LOSS 1.4542908668518066
"2023-05-04 20:44:04,652 [INFO] EPISODE 2870, LOSS 0.7652939558029175
"2023-05-04 20:44:04,940 [INFO] EPISODE 2880, LOSS 1.5333678722381592
"2023-05-04 20:44:05,225 [INFO] EPISODE 2890, LOSS 1.1309565305709839
"2023-05-04 20:44:05,592 [INFO] EPISODE 2900, LOSS 0.9711073637008667
"2023-05-04 20:44:05,885 [INFO] EPISODE 2910, LOSS 1.0269993543624878
"2023-05-04 20:44:06,176 [INFO] EPISODE 2920, LOSS 1.3150967359542847
"2023-05-04 20:44:06,509 [INFO] EPISODE 2930, LOSS 0.7419346570968628
"2023-05-04 20:44:06,794 [INFO] EPISODE 2940, LOSS 1.0781916379928589
"2023-05-04 20:44:07,102 [INFO] EPISODE 2950, LOSS 1.636887550354004
"2023-05-04 20:44:07,392 [INFO] EPISODE 2960, LOSS 1.0939977169036865
"2023-05-04 20:44:07,691 [INFO] EPISODE 2970, LOSS 0.7796211242675781
"2023-05-04 20:44:07,976 [INFO] EPISODE 2980, LOSS 1.129277229309082
"2023-05-04 20:44:08,271 [INFO] EPISODE 2990, LOSS 0.5091235637664795
"2023-05-04 20:44:08,589 [INFO] ===== ONNX SAVED at ./savemodel/0504_0842PM/3000.onnx
"2023-05-04 20:44:08,589 [INFO] EPISODE 3000, LOSS 1.6865441799163818
"2023-05-04 20:44:08,886 [INFO] EPISODE 3010, LOSS 1.4152401685714722
"2023-05-04 20:44:09,176 [INFO] EPISODE 3020, LOSS 1.2031300067901611
"2023-05-04 20:44:09,467 [INFO] EPISODE 3030, LOSS 0.9035358428955078
"2023-05-04 20:44:09,800 [INFO] EPISODE 3040, LOSS 1.2848809957504272
"2023-05-04 20:44:10,145 [INFO] EPISODE 3050, LOSS 1.0587233304977417
"2023-05-04 20:44:10,432 [INFO] EPISODE 3060, LOSS 1.1157147884368896
"2023-05-04 20:44:10,795 [INFO] EPISODE 3070, LOSS 1.1590921878814697
"2023-05-04 20:44:11,105 [INFO] EPISODE 3080, LOSS 1.2878406047821045
"2023-05-04 20:44:11,403 [INFO] EPISODE 3090, LOSS 1.302300214767456
"2023-05-04 20:44:11,742 [INFO] EPISODE 3100, LOSS 0.6738823652267456
"2023-05-04 20:44:12,026 [INFO] EPISODE 3110, LOSS 1.1270172595977783
"2023-05-04 20:44:12,320 [INFO] EPISODE 3120, LOSS 0.9194695353507996
"2023-05-04 20:44:12,611 [INFO] EPISODE 3130, LOSS 1.1852000951766968
"2023-05-04 20:44:12,911 [INFO] EPISODE 3140, LOSS 1.7021615505218506
"2023-05-04 20:44:13,200 [INFO] EPISODE 3150, LOSS 1.7941068410873413
"2023-05-04 20:44:13,484 [INFO] EPISODE 3160, LOSS 1.3644816875457764
"2023-05-04 20:44:13,807 [INFO] EPISODE 3170, LOSS 1.6480381488800049
"2023-05-04 20:44:14,104 [INFO] EPISODE 3180, LOSS 1.5520884990692139
"2023-05-04 20:44:14,400 [INFO] EPISODE 3190, LOSS 1.484845519065857
"2023-05-04 20:44:14,687 [INFO] EPISODE 3200, LOSS 1.5163629055023193
"2023-05-04 20:44:15,002 [INFO] EPISODE 3210, LOSS 0.7512279748916626
"2023-05-04 20:44:15,303 [INFO] EPISODE 3220, LOSS 2.1894235610961914
"2023-05-04 20:44:15,589 [INFO] EPISODE 3230, LOSS 2.0757551193237305
"2023-05-04 20:44:15,888 [INFO] EPISODE 3240, LOSS 1.4268066883087158
"2023-05-04 20:44:16,187 [INFO] EPISODE 3250, LOSS 0.9208089709281921
"2023-05-04 20:44:16,475 [INFO] EPISODE 3260, LOSS 1.639726996421814
"2023-05-04 20:44:16,771 [INFO] EPISODE 3270, LOSS 1.385960340499878
"2023-05-04 20:44:17,101 [INFO] EPISODE 3280, LOSS 0.642328679561615
"2023-05-04 20:44:17,450 [INFO] EPISODE 3290, LOSS 2.0692083835601807
"2023-05-04 20:44:17,733 [INFO] EPISODE 3300, LOSS 1.056852102279663
"2023-05-04 20:44:18,050 [INFO] EPISODE 3310, LOSS 1.2193187475204468
"2023-05-04 20:44:18,338 [INFO] EPISODE 3320, LOSS 1.354275107383728
"2023-05-04 20:44:18,628 [INFO] EPISODE 3330, LOSS 1.2225061655044556
"2023-05-04 20:44:18,920 [INFO] EPISODE 3340, LOSS 2.2467849254608154
"2023-05-04 20:44:19,240 [INFO] EPISODE 3350, LOSS 1.3543609380722046
"2023-05-04 20:44:19,534 [INFO] EPISODE 3360, LOSS 0.9209259748458862
"2023-05-04 20:44:19,821 [INFO] EPISODE 3370, LOSS 1.3188393115997314
"2023-05-04 20:44:20,179 [INFO] EPISODE 3380, LOSS 1.2273836135864258
"2023-05-04 20:44:20,469 [INFO] EPISODE 3390, LOSS 1.622648000717163
"2023-05-04 20:44:20,768 [INFO] EPISODE 3400, LOSS 1.269693374633789
"2023-05-04 20:44:21,054 [INFO] EPISODE 3410, LOSS 1.2996772527694702
"2023-05-04 20:44:21,372 [INFO] EPISODE 3420, LOSS 1.4214715957641602
"2023-05-04 20:44:21,656 [INFO] EPISODE 3430, LOSS 0.8473784327507019
"2023-05-04 20:44:21,955 [INFO] EPISODE 3440, LOSS 1.560687780380249
"2023-05-04 20:44:22,241 [INFO] EPISODE 3450, LOSS 1.3208884000778198
"2023-05-04 20:44:22,542 [INFO] EPISODE 3460, LOSS 0.9570953249931335
"2023-05-04 20:44:22,831 [INFO] EPISODE 3470, LOSS 1.441994071006775
"2023-05-04 20:44:23,127 [INFO] EPISODE 3480, LOSS 2.0917794704437256
"2023-05-04 20:44:23,456 [INFO] EPISODE 3490, LOSS 1.2409944534301758
"2023-05-04 20:44:23,755 [INFO] EPISODE 3500, LOSS 0.9932433366775513
"2023-05-04 20:44:24,045 [INFO] EPISODE 3510, LOSS 1.190924882888794
"2023-05-04 20:44:24,389 [INFO] EPISODE 3520, LOSS 1.3521674871444702
"2023-05-04 20:44:24,673 [INFO] EPISODE 3530, LOSS 1.0167335271835327
"2023-05-04 20:44:24,967 [INFO] EPISODE 3540, LOSS 1.1871012449264526
"2023-05-04 20:44:25,252 [INFO] EPISODE 3550, LOSS 1.4524511098861694
"2023-05-04 20:44:25,546 [INFO] EPISODE 3560, LOSS 1.5842974185943604
"2023-05-04 20:44:25,845 [INFO] EPISODE 3570, LOSS 1.5304187536239624
"2023-05-04 20:44:26,130 [INFO] EPISODE 3580, LOSS 1.153122067451477
"2023-05-04 20:44:26,424 [INFO] EPISODE 3590, LOSS 1.4145950078964233
"2023-05-04 20:44:26,782 [INFO] EPISODE 3600, LOSS 1.4579694271087646
"2023-05-04 20:44:27,070 [INFO] EPISODE 3610, LOSS 1.1900742053985596
"2023-05-04 20:44:27,362 [INFO] EPISODE 3620, LOSS 1.1123805046081543
"2023-05-04 20:44:27,699 [INFO] EPISODE 3630, LOSS 1.2335939407348633
"2023-05-04 20:44:27,984 [INFO] EPISODE 3640, LOSS 1.5312284231185913
"2023-05-04 20:44:28,286 [INFO] EPISODE 3650, LOSS 1.4647955894470215
"2023-05-04 20:44:28,585 [INFO] EPISODE 3660, LOSS 1.4975470304489136
"2023-05-04 20:44:28,935 [INFO] EPISODE 3670, LOSS 1.4887938499450684
"2023-05-04 20:44:29,226 [INFO] EPISODE 3680, LOSS 1.6880266666412354
"2023-05-04 20:44:29,522 [INFO] EPISODE 3690, LOSS 1.3699792623519897
"2023-05-04 20:44:29,853 [INFO] EPISODE 3700, LOSS 1.3275738954544067
"2023-05-04 20:44:30,145 [INFO] EPISODE 3710, LOSS 1.441274642944336
"2023-05-04 20:44:30,430 [INFO] EPISODE 3720, LOSS 1.0938360691070557
"2023-05-04 20:44:30,724 [INFO] EPISODE 3730, LOSS 1.1564295291900635
"2023-05-04 20:44:31,066 [INFO] EPISODE 3740, LOSS 2.9986109733581543
"2023-05-04 20:44:31,353 [INFO] EPISODE 3750, LOSS 1.1282612085342407
"2023-05-04 20:44:31,644 [INFO] EPISODE 3760, LOSS 0.9870118498802185
"2023-05-04 20:44:31,997 [INFO] EPISODE 3770, LOSS 1.4784877300262451
"2023-05-04 20:44:32,286 [INFO] EPISODE 3780, LOSS 2.5658740997314453
"2023-05-04 20:44:32,577 [INFO] EPISODE 3790, LOSS 2.204744815826416
"2023-05-04 20:44:32,862 [INFO] EPISODE 3800, LOSS 3.123167037963867
"2023-05-04 20:44:33,172 [INFO] EPISODE 3810, LOSS 1.2782037258148193
"2023-05-04 20:44:33,466 [INFO] EPISODE 3820, LOSS 0.6069291234016418
"2023-05-04 20:44:33,753 [INFO] EPISODE 3830, LOSS 1.1291131973266602
"2023-05-04 20:44:34,074 [INFO] EPISODE 3840, LOSS 1.5601043701171875
"2023-05-04 20:44:34,372 [INFO] EPISODE 3850, LOSS 1.1600735187530518
"2023-05-04 20:44:34,660 [INFO] EPISODE 3860, LOSS 1.5299432277679443
"2023-05-04 20:44:34,954 [INFO] EPISODE 3870, LOSS 1.7536089420318604
"2023-05-04 20:44:35,241 [INFO] EPISODE 3880, LOSS 1.6629703044891357
"2023-05-04 20:44:35,538 [INFO] EPISODE 3890, LOSS 2.3112645149230957
"2023-05-04 20:44:35,827 [INFO] EPISODE 3900, LOSS 2.398585081100464
"2023-05-04 20:44:36,175 [INFO] EPISODE 3910, LOSS 2.0877292156219482
"2023-05-04 20:44:36,465 [INFO] EPISODE 3920, LOSS 1.1203968524932861
"2023-05-04 20:44:36,760 [INFO] EPISODE 3930, LOSS 1.6349303722381592
"2023-05-04 20:44:37,050 [INFO] EPISODE 3940, LOSS 1.9787839651107788
"2023-05-04 20:44:37,361 [INFO] EPISODE 3950, LOSS 2.117448329925537
"2023-05-04 20:44:37,650 [INFO] EPISODE 3960, LOSS 2.229006767272949
"2023-05-04 20:44:37,996 [INFO] EPISODE 3970, LOSS 1.6365764141082764
"2023-05-04 20:44:38,325 [INFO] EPISODE 3980, LOSS 3.5479629039764404
"2023-05-04 20:44:38,621 [INFO] EPISODE 3990, LOSS 2.455066680908203
"2023-05-04 20:44:38,913 [INFO] ===== ONNX SAVED at ./savemodel/0504_0842PM/4000.onnx
"2023-05-04 20:44:38,913 [INFO] EPISODE 4000, LOSS 1.7824620008468628
"2023-05-04 20:44:39,200 [INFO] EPISODE 4010, LOSS 1.6974408626556396
"2023-05-04 20:44:39,523 [INFO] EPISODE 4020, LOSS 2.0360469818115234
"2023-05-04 20:44:39,814 [INFO] EPISODE 4030, LOSS 1.0113444328308105
"2023-05-04 20:44:40,103 [INFO] EPISODE 4040, LOSS 1.453953742980957
"2023-05-04 20:44:40,418 [INFO] EPISODE 4050, LOSS 1.6614898443222046
"2023-05-04 20:44:40,728 [INFO] EPISODE 4060, LOSS 2.055772304534912
"2023-05-04 20:44:41,028 [INFO] EPISODE 4070, LOSS 0.8194238543510437
"2023-05-04 20:44:41,327 [INFO] EPISODE 4080, LOSS 0.8466913104057312
"2023-05-04 20:44:41,671 [INFO] EPISODE 4090, LOSS 1.765373945236206
"2023-05-04 20:44:41,962 [INFO] EPISODE 4100, LOSS 1.5170838832855225
"2023-05-04 20:44:42,249 [INFO] EPISODE 4110, LOSS 1.3019182682037354
"2023-05-04 20:44:42,568 [INFO] EPISODE 4120, LOSS 1.5193862915039062
"2023-05-04 20:44:42,852 [INFO] EPISODE 4130, LOSS 0.9291394948959351
"2023-05-04 20:44:43,145 [INFO] EPISODE 4140, LOSS 0.7800744771957397
"2023-05-04 20:44:43,431 [INFO] EPISODE 4150, LOSS 0.812738299369812
"2023-05-04 20:44:43,775 [INFO] EPISODE 4160, LOSS 1.232153296470642
"2023-05-04 20:44:44,059 [INFO] EPISODE 4170, LOSS 2.8327651023864746
"2023-05-04 20:44:44,345 [INFO] EPISODE 4180, LOSS 1.3645408153533936
"2023-05-04 20:44:44,667 [INFO] EPISODE 4190, LOSS 0.9288791418075562
"2023-05-04 20:44:44,954 [INFO] EPISODE 4200, LOSS 2.5879950523376465
"2023-05-04 20:44:45,299 [INFO] EPISODE 4210, LOSS 1.3197975158691406
"2023-05-04 20:44:45,584 [INFO] EPISODE 4220, LOSS 1.854893445968628
"2023-05-04 20:44:45,921 [INFO] EPISODE 4230, LOSS 2.009850025177002
"2023-05-04 20:44:46,209 [INFO] EPISODE 4240, LOSS 1.6197856664657593
"2023-05-04 20:44:46,501 [INFO] EPISODE 4250, LOSS 1.8909615278244019
"2023-05-04 20:44:46,820 [INFO] EPISODE 4260, LOSS 1.298079490661621
"2023-05-04 20:44:47,116 [INFO] EPISODE 4270, LOSS 2.0982162952423096
"2023-05-04 20:44:47,401 [INFO] EPISODE 4280, LOSS 1.810157299041748
"2023-05-04 20:44:47,698 [INFO] EPISODE 4290, LOSS 1.6376794576644897
"2023-05-04 20:44:48,034 [INFO] EPISODE 4300, LOSS 1.8204143047332764
"2023-05-04 20:44:48,319 [INFO] EPISODE 4310, LOSS 0.7267109155654907
"2023-05-04 20:44:48,614 [INFO] EPISODE 4320, LOSS 3.244473934173584
"2023-05-04 20:44:48,921 [INFO] EPISODE 4330, LOSS 0.9805917739868164
"2023-05-04 20:44:49,220 [INFO] EPISODE 4340, LOSS 0.7730283141136169
"2023-05-04 20:44:49,508 [INFO] EPISODE 4350, LOSS 1.5911731719970703
"2023-05-04 20:44:49,799 [INFO] EPISODE 4360, LOSS 1.7786262035369873
"2023-05-04 20:44:50,142 [INFO] EPISODE 4370, LOSS 0.7354351282119751
"2023-05-04 20:44:50,428 [INFO] EPISODE 4380, LOSS 1.9704183340072632
"2023-05-04 20:44:50,716 [INFO] EPISODE 4390, LOSS 1.3949745893478394
"2023-05-04 20:44:51,035 [INFO] EPISODE 4400, LOSS 1.7574043273925781
"2023-05-04 20:44:51,322 [INFO] EPISODE 4410, LOSS 0.5455803871154785
"2023-05-04 20:44:51,618 [INFO] EPISODE 4420, LOSS 3.8076159954071045
"2023-05-04 20:44:51,905 [INFO] EPISODE 4430, LOSS 2.65189528465271
"2023-05-04 20:44:52,248 [INFO] EPISODE 4440, LOSS 0.7670691013336182
"2023-05-04 20:44:52,541 [INFO] EPISODE 4450, LOSS 0.8384982347488403
"2023-05-04 20:44:52,832 [INFO] EPISODE 4460, LOSS 2.379397392272949
"2023-05-04 20:44:53,215 [INFO] EPISODE 4470, LOSS 1.621773600578308
"2023-05-04 20:44:53,503 [INFO] EPISODE 4480, LOSS 1.0756725072860718
"2023-05-04 20:44:53,796 [INFO] EPISODE 4490, LOSS 1.454247236251831
"2023-05-04 20:44:54,082 [INFO] EPISODE 4500, LOSS 0.8912331461906433
"2023-05-04 20:44:54,411 [INFO] EPISODE 4510, LOSS 1.9027670621871948
"2023-05-04 20:44:54,703 [INFO] EPISODE 4520, LOSS 1.4454007148742676
"2023-05-04 20:44:54,999 [INFO] EPISODE 4530, LOSS 0.676095187664032
"2023-05-04 20:44:55,315 [INFO] EPISODE 4540, LOSS 2.011590003967285
"2023-05-04 20:44:55,617 [INFO] EPISODE 4550, LOSS 1.1201655864715576
"2023-05-04 20:44:55,920 [INFO] EPISODE 4560, LOSS 1.3337668180465698
"2023-05-04 20:44:56,219 [INFO] EPISODE 4570, LOSS 1.682669997215271
"2023-05-04 20:44:56,554 [INFO] EPISODE 4580, LOSS 1.2656986713409424
"2023-05-04 20:44:56,858 [INFO] EPISODE 4590, LOSS 1.2474374771118164
"2023-05-04 20:44:57,151 [INFO] EPISODE 4600, LOSS 1.5676448345184326
"2023-05-04 20:44:57,475 [INFO] EPISODE 4610, LOSS 1.2504911422729492
"2023-05-04 20:44:57,765 [INFO] EPISODE 4620, LOSS 0.4580361545085907
"2023-05-04 20:44:58,050 [INFO] EPISODE 4630, LOSS 1.925487756729126
"2023-05-04 20:44:58,345 [INFO] EPISODE 4640, LOSS 0.6830562353134155
"2023-05-04 20:44:58,663 [INFO] EPISODE 4650, LOSS 1.6868524551391602
"2023-05-04 20:44:58,959 [INFO] EPISODE 4660, LOSS 1.5493669509887695
"2023-05-04 20:44:59,247 [INFO] EPISODE 4670, LOSS 2.0714211463928223
"2023-05-04 20:44:59,578 [INFO] EPISODE 4680, LOSS 0.5951187610626221
"2023-05-04 20:44:59,868 [INFO] EPISODE 4690, LOSS 2.42435884475708
"2023-05-04 20:45:00,161 [INFO] EPISODE 4700, LOSS 1.3758809566497803
"2023-05-04 20:45:00,449 [INFO] EPISODE 4710, LOSS 2.712148666381836
"2023-05-04 20:45:00,793 [INFO] EPISODE 4720, LOSS 1.913262128829956
"2023-05-04 20:45:01,080 [INFO] EPISODE 4730, LOSS 1.7782723903656006
"2023-05-04 20:45:01,373 [INFO] EPISODE 4740, LOSS 1.3906981945037842
"2023-05-04 20:45:01,688 [INFO] EPISODE 4750, LOSS 1.1011178493499756
"2023-05-04 20:45:01,975 [INFO] EPISODE 4760, LOSS 1.8562625646591187
"2023-05-04 20:45:02,267 [INFO] EPISODE 4770, LOSS 1.5568903684616089
"2023-05-04 20:45:02,555 [INFO] EPISODE 4780, LOSS 1.2218027114868164
"2023-05-04 20:45:02,850 [INFO] EPISODE 4790, LOSS 1.598264455795288
"2023-05-04 20:45:03,148 [INFO] EPISODE 4800, LOSS 2.2418642044067383
"2023-05-04 20:45:03,436 [INFO] EPISODE 4810, LOSS 1.6129883527755737
"2023-05-04 20:45:03,762 [INFO] EPISODE 4820, LOSS 1.1813321113586426
"2023-05-04 20:45:04,061 [INFO] EPISODE 4830, LOSS 1.2786521911621094
"2023-05-04 20:45:04,363 [INFO] EPISODE 4840, LOSS 2.0889410972595215
"2023-05-04 20:45:04,649 [INFO] EPISODE 4850, LOSS 2.3568787574768066
"2023-05-04 20:45:04,953 [INFO] EPISODE 4860, LOSS 1.3296045064926147
"2023-05-04 20:45:05,243 [INFO] EPISODE 4870, LOSS 1.3475016355514526
"2023-05-04 20:45:05,536 [INFO] EPISODE 4880, LOSS 2.414897918701172
"2023-05-04 20:45:05,853 [INFO] EPISODE 4890, LOSS 2.6159110069274902
"2023-05-04 20:45:06,144 [INFO] EPISODE 4900, LOSS 1.4005000591278076
"2023-05-04 20:45:06,442 [INFO] EPISODE 4910, LOSS 1.5722287893295288
"2023-05-04 20:45:06,760 [INFO] EPISODE 4920, LOSS 1.7014474868774414
"2023-05-04 20:45:07,099 [INFO] EPISODE 4930, LOSS 0.5122957229614258
"2023-05-04 20:45:07,391 [INFO] EPISODE 4940, LOSS 2.074230194091797
"2023-05-04 20:45:07,697 [INFO] EPISODE 4950, LOSS 1.586288332939148
"2023-05-04 20:45:08,017 [INFO] EPISODE 4960, LOSS 2.1042275428771973
"2023-05-04 20:45:08,365 [INFO] EPISODE 4970, LOSS 2.6123318672180176
"2023-05-04 20:45:08,656 [INFO] EPISODE 4980, LOSS 2.1872856616973877
"2023-05-04 20:45:08,945 [INFO] EPISODE 4990, LOSS 1.6505249738693237
"2023-05-04 20:45:09,305 [INFO] ===== ONNX SAVED at ./savemodel/0504_0842PM/5000.onnx
"2023-05-04 20:45:09,306 [INFO] EPISODE 5000, LOSS 1.894047737121582
"2023-05-04 20:45:09,599 [INFO] EPISODE 5010, LOSS 1.6900728940963745
"2023-05-04 20:45:09,888 [INFO] EPISODE 5020, LOSS 1.669927954673767
"2023-05-04 20:45:10,245 [INFO] EPISODE 5030, LOSS 2.231273651123047
"2023-05-04 20:45:10,546 [INFO] EPISODE 5040, LOSS 1.6234592199325562
"2023-05-04 20:45:10,855 [INFO] EPISODE 5050, LOSS 1.0905439853668213
"2023-05-04 20:45:11,212 [INFO] EPISODE 5060, LOSS 1.9410057067871094
"2023-05-04 20:45:11,512 [INFO] EPISODE 5070, LOSS 2.3703269958496094
"2023-05-04 20:45:11,802 [INFO] EPISODE 5080, LOSS 1.3674826622009277
"2023-05-04 20:45:12,091 [INFO] EPISODE 5090, LOSS 1.8380382061004639
"2023-05-04 20:45:12,419 [INFO] EPISODE 5100, LOSS 2.2506532669067383
"2023-05-04 20:45:12,710 [INFO] EPISODE 5110, LOSS 1.539703130722046
"2023-05-04 20:45:12,998 [INFO] EPISODE 5120, LOSS 2.9749655723571777
"2023-05-04 20:45:13,313 [INFO] EPISODE 5130, LOSS 1.7994111776351929
"2023-05-04 20:45:13,607 [INFO] EPISODE 5140, LOSS 1.5500620603561401
"2023-05-04 20:45:13,899 [INFO] EPISODE 5150, LOSS 0.6764369010925293
"2023-05-04 20:45:14,199 [INFO] EPISODE 5160, LOSS 1.4824647903442383
"2023-05-04 20:45:14,533 [INFO] EPISODE 5170, LOSS 0.9312175512313843
"2023-05-04 20:45:14,823 [INFO] EPISODE 5180, LOSS 0.7218961715698242
"2023-05-04 20:45:15,112 [INFO] EPISODE 5190, LOSS 1.297047734260559
"2023-05-04 20:45:15,436 [INFO] EPISODE 5200, LOSS 1.988269567489624
"2023-05-04 20:45:15,725 [INFO] EPISODE 5210, LOSS 1.6919530630111694
"2023-05-04 20:45:16,071 [INFO] EPISODE 5220, LOSS 1.6389979124069214
"2023-05-04 20:45:16,360 [INFO] EPISODE 5230, LOSS 1.32945716381073
"2023-05-04 20:45:16,692 [INFO] EPISODE 5240, LOSS 1.1141657829284668
"2023-05-04 20:45:16,978 [INFO] EPISODE 5250, LOSS 1.1308727264404297
"2023-05-04 20:45:17,272 [INFO] EPISODE 5260, LOSS 1.2409156560897827
"2023-05-04 20:45:17,597 [INFO] EPISODE 5270, LOSS 0.8874049186706543
"2023-05-04 20:45:17,886 [INFO] EPISODE 5280, LOSS 1.2920396327972412
"2023-05-04 20:45:18,183 [INFO] EPISODE 5290, LOSS 0.6357443928718567
"2023-05-04 20:45:18,473 [INFO] EPISODE 5300, LOSS 0.666361391544342
"2023-05-04 20:45:18,790 [INFO] EPISODE 5310, LOSS 2.2278690338134766
"2023-05-04 20:45:19,076 [INFO] EPISODE 5320, LOSS 1.5423994064331055
"2023-05-04 20:45:19,368 [INFO] EPISODE 5330, LOSS 1.5151910781860352
"2023-05-04 20:45:19,654 [INFO] EPISODE 5340, LOSS 1.7553362846374512
"2023-05-04 20:45:19,942 [INFO] EPISODE 5350, LOSS 1.537330150604248
"2023-05-04 20:45:20,236 [INFO] EPISODE 5360, LOSS 1.1374242305755615
"2023-05-04 20:45:20,522 [INFO] EPISODE 5370, LOSS 1.7495648860931396
"2023-05-04 20:45:20,869 [INFO] EPISODE 5380, LOSS 1.5058820247650146
"2023-05-04 20:45:21,167 [INFO] EPISODE 5390, LOSS 1.8557705879211426
"2023-05-04 20:45:21,456 [INFO] EPISODE 5400, LOSS 1.4680123329162598
"2023-05-04 20:45:21,750 [INFO] EPISODE 5410, LOSS 1.566208839416504
"2023-05-04 20:45:22,078 [INFO] EPISODE 5420, LOSS 1.4340143203735352
"2023-05-04 20:45:22,373 [INFO] EPISODE 5430, LOSS 0.9776231646537781
"2023-05-04 20:45:22,660 [INFO] EPISODE 5440, LOSS 1.1815928220748901
"2023-05-04 20:45:22,994 [INFO] EPISODE 5450, LOSS 1.6141815185546875
"2023-05-04 20:45:23,296 [INFO] EPISODE 5460, LOSS 1.1749370098114014
"2023-05-04 20:45:23,585 [INFO] EPISODE 5470, LOSS 1.1637728214263916
"2023-05-04 20:45:23,961 [INFO] EPISODE 5480, LOSS 0.7373210787773132
"2023-05-04 20:45:24,258 [INFO] EPISODE 5490, LOSS 1.047847032546997
"2023-05-04 20:45:24,560 [INFO] EPISODE 5500, LOSS 1.050951600074768
"2023-05-04 20:45:24,862 [INFO] EPISODE 5510, LOSS 1.4101141691207886
"2023-05-04 20:45:25,175 [INFO] EPISODE 5520, LOSS 0.4612959325313568
"2023-05-04 20:45:25,463 [INFO] EPISODE 5530, LOSS 0.9171993136405945
"2023-05-04 20:45:25,759 [INFO] EPISODE 5540, LOSS 0.9259354472160339
"2023-05-04 20:45:26,102 [INFO] EPISODE 5550, LOSS 0.9817919731140137
"2023-05-04 20:45:26,407 [INFO] EPISODE 5560, LOSS 1.567513346672058
"2023-05-04 20:45:26,698 [INFO] EPISODE 5570, LOSS 0.9230601191520691
"2023-05-04 20:45:26,993 [INFO] EPISODE 5580, LOSS 0.7225200533866882
"2023-05-04 20:45:27,322 [INFO] EPISODE 5590, LOSS 1.3860948085784912
"2023-05-04 20:45:27,619 [INFO] EPISODE 5600, LOSS 1.2319211959838867
"2023-05-04 20:45:27,919 [INFO] EPISODE 5610, LOSS 1.1418036222457886
"2023-05-04 20:45:28,236 [INFO] EPISODE 5620, LOSS 1.681626796722412
"2023-05-04 20:45:28,547 [INFO] EPISODE 5630, LOSS 1.201728105545044
"2023-05-04 20:45:28,847 [INFO] EPISODE 5640, LOSS 0.8411041498184204
"2023-05-04 20:45:29,147 [INFO] EPISODE 5650, LOSS 1.068343162536621
"2023-05-04 20:45:29,483 [INFO] EPISODE 5660, LOSS 0.60968416929245
"2023-05-04 20:45:29,780 [INFO] EPISODE 5670, LOSS 1.2570264339447021
"2023-05-04 20:45:30,086 [INFO] EPISODE 5680, LOSS 1.497921347618103
"2023-05-04 20:45:30,411 [INFO] EPISODE 5690, LOSS 0.5139933824539185
"2023-05-04 20:45:30,713 [INFO] EPISODE 5700, LOSS 1.2440752983093262
"2023-05-04 20:45:31,019 [INFO] EPISODE 5710, LOSS 2.0913124084472656
"2023-05-04 20:45:31,316 [INFO] EPISODE 5720, LOSS 1.0008840560913086
"2023-05-04 20:45:31,661 [INFO] EPISODE 5730, LOSS 1.0732976198196411
"2023-05-04 20:45:31,960 [INFO] EPISODE 5740, LOSS 0.6778033971786499
"2023-05-04 20:45:32,261 [INFO] EPISODE 5750, LOSS 1.1350154876708984
"2023-05-04 20:45:32,589 [INFO] EPISODE 5760, LOSS 1.4042909145355225
"2023-05-04 20:45:32,892 [INFO] EPISODE 5770, LOSS 1.012782335281372
"2023-05-04 20:45:33,195 [INFO] EPISODE 5780, LOSS 1.4596569538116455
"2023-05-04 20:45:33,527 [INFO] EPISODE 5790, LOSS 1.031376600265503
"2023-05-04 20:45:33,820 [INFO] EPISODE 5800, LOSS 0.9893717169761658
"2023-05-04 20:45:34,121 [INFO] EPISODE 5810, LOSS 0.9209874868392944
"2023-05-04 20:45:34,411 [INFO] EPISODE 5820, LOSS 1.1273802518844604
"2023-05-04 20:45:34,740 [INFO] EPISODE 5830, LOSS 1.218450903892517
"2023-05-04 20:45:35,029 [INFO] EPISODE 5840, LOSS 0.6610869765281677
"2023-05-04 20:45:35,319 [INFO] EPISODE 5850, LOSS 0.6817607283592224
"2023-05-04 20:45:35,674 [INFO] EPISODE 5860, LOSS 0.7950754165649414
"2023-05-04 20:45:35,976 [INFO] EPISODE 5870, LOSS 2.0000979900360107
"2023-05-04 20:45:36,297 [INFO] EPISODE 5880, LOSS 0.48831838369369507
"2023-05-04 20:45:36,615 [INFO] EPISODE 5890, LOSS 1.447239637374878
"2023-05-04 20:45:36,977 [INFO] EPISODE 5900, LOSS 1.5648531913757324
"2023-05-04 20:45:37,295 [INFO] EPISODE 5910, LOSS 1.4085307121276855
"2023-05-04 20:45:37,618 [INFO] EPISODE 5920, LOSS 1.2218135595321655
"2023-05-04 20:45:37,962 [INFO] EPISODE 5930, LOSS 0.6287069320678711
"2023-05-04 20:45:38,283 [INFO] EPISODE 5940, LOSS 1.6110188961029053
"2023-05-04 20:45:38,600 [INFO] EPISODE 5950, LOSS 1.006883978843689
"2023-05-04 20:45:39,024 [INFO] EPISODE 5960, LOSS 1.2061607837677002
"2023-05-04 20:45:39,343 [INFO] EPISODE 5970, LOSS 1.0127151012420654
"2023-05-04 20:45:39,663 [INFO] EPISODE 5980, LOSS 1.1702029705047607
"2023-05-04 20:45:40,001 [INFO] EPISODE 5990, LOSS 0.9227427840232849
"2023-05-04 20:45:40,302 [INFO] ===== ONNX SAVED at ./savemodel/0504_0842PM/6000.onnx
"2023-05-04 20:45:40,302 [INFO] EPISODE 6000, LOSS 1.4154309034347534
"2023-05-04 20:45:40,621 [INFO] EPISODE 6010, LOSS 1.443993330001831
"2023-05-04 20:45:40,986 [INFO] EPISODE 6020, LOSS 0.8081979751586914
"2023-05-04 20:45:41,286 [INFO] EPISODE 6030, LOSS 1.2446024417877197
"2023-05-04 20:45:41,587 [INFO] EPISODE 6040, LOSS 0.9051679372787476
"2023-05-04 20:45:41,891 [INFO] EPISODE 6050, LOSS 1.1201399564743042
"2023-05-04 20:45:42,246 [INFO] EPISODE 6060, LOSS 1.1960463523864746
"2023-05-04 20:45:42,538 [INFO] EPISODE 6070, LOSS 1.4587221145629883
"2023-05-04 20:45:42,836 [INFO] EPISODE 6080, LOSS 0.8340481519699097
"2023-05-04 20:45:43,158 [INFO] EPISODE 6090, LOSS 2.008847236633301
"2023-05-04 20:45:43,460 [INFO] EPISODE 6100, LOSS 1.2400991916656494
"2023-05-04 20:45:43,763 [INFO] EPISODE 6110, LOSS 1.4098037481307983
"2023-05-04 20:45:44,065 [INFO] EPISODE 6120, LOSS 1.7777179479599
"2023-05-04 20:45:44,393 [INFO] EPISODE 6130, LOSS 0.7741320133209229
"2023-05-04 20:45:44,694 [INFO] EPISODE 6140, LOSS 1.3319461345672607
"2023-05-04 20:45:44,996 [INFO] EPISODE 6150, LOSS 0.3885980546474457
"2023-05-04 20:45:45,312 [INFO] EPISODE 6160, LOSS 0.9875959157943726
"2023-05-04 20:45:45,600 [INFO] EPISODE 6170, LOSS 0.400918573141098
"2023-05-04 20:45:45,901 [INFO] EPISODE 6180, LOSS 0.5738541483879089
"2023-05-04 20:45:46,256 [INFO] EPISODE 6190, LOSS 1.5215532779693604
"2023-05-04 20:45:46,639 [INFO] EPISODE 6200, LOSS 0.6957149505615234
"2023-05-04 20:45:46,975 [INFO] EPISODE 6210, LOSS 1.62432861328125
"2023-05-04 20:45:47,355 [INFO] EPISODE 6220, LOSS 0.7062349319458008
"2023-05-04 20:45:47,684 [INFO] EPISODE 6230, LOSS 1.1178094148635864
"2023-05-04 20:45:48,019 [INFO] EPISODE 6240, LOSS 1.0122249126434326
"2023-05-04 20:45:48,382 [INFO] EPISODE 6250, LOSS 1.3160871267318726
"2023-05-04 20:45:48,711 [INFO] EPISODE 6260, LOSS 1.2727693319320679
"2023-05-04 20:45:49,044 [INFO] EPISODE 6270, LOSS 1.1696147918701172
"2023-05-04 20:45:49,374 [INFO] EPISODE 6280, LOSS 1.1549773216247559
"2023-05-04 20:45:49,737 [INFO] EPISODE 6290, LOSS 0.7622429132461548
"2023-05-04 20:45:50,060 [INFO] EPISODE 6300, LOSS 0.7129826545715332
"2023-05-04 20:45:50,388 [INFO] EPISODE 6310, LOSS 1.2396965026855469
"2023-05-04 20:45:50,768 [INFO] EPISODE 6320, LOSS 1.3180034160614014
"2023-05-04 20:45:51,098 [INFO] EPISODE 6330, LOSS 1.4204391241073608
"2023-05-04 20:45:51,428 [INFO] EPISODE 6340, LOSS 0.7685322165489197
"2023-05-04 20:45:51,803 [INFO] EPISODE 6350, LOSS 0.6797086596488953
"2023-05-04 20:45:52,135 [INFO] EPISODE 6360, LOSS 0.6053742170333862
"2023-05-04 20:45:52,475 [INFO] EPISODE 6370, LOSS 0.780197024345398
"2023-05-04 20:45:52,836 [INFO] EPISODE 6380, LOSS 1.1056666374206543
"2023-05-04 20:45:53,167 [INFO] EPISODE 6390, LOSS 1.051727294921875
"2023-05-04 20:45:53,494 [INFO] EPISODE 6400, LOSS 1.2314448356628418
"2023-05-04 20:45:53,885 [INFO] EPISODE 6410, LOSS 0.8437920808792114
"2023-05-04 20:45:54,217 [INFO] EPISODE 6420, LOSS 1.1022082567214966
"2023-05-04 20:45:54,551 [INFO] EPISODE 6430, LOSS 0.863447368144989
"2023-05-04 20:45:54,966 [INFO] EPISODE 6440, LOSS 0.995133638381958
"2023-05-04 20:45:55,296 [INFO] EPISODE 6450, LOSS 1.0439949035644531
"2023-05-04 20:45:55,627 [INFO] EPISODE 6460, LOSS 0.931492030620575
"2023-05-04 20:45:55,995 [INFO] EPISODE 6470, LOSS 0.974388062953949
"2023-05-04 20:45:56,323 [INFO] EPISODE 6480, LOSS 1.0836364030838013
"2023-05-04 20:45:56,653 [INFO] EPISODE 6490, LOSS 0.6302098631858826
"2023-05-04 20:45:56,997 [INFO] EPISODE 6500, LOSS 0.8802425861358643
"2023-05-04 20:45:57,322 [INFO] EPISODE 6510, LOSS 0.9192540049552917
"2023-05-04 20:45:57,650 [INFO] EPISODE 6520, LOSS 0.8805860280990601
"2023-05-04 20:45:58,006 [INFO] EPISODE 6530, LOSS 1.374219298362732
"2023-05-04 20:45:58,340 [INFO] EPISODE 6540, LOSS 1.3186875581741333
"2023-05-04 20:45:58,674 [INFO] EPISODE 6550, LOSS 1.430389404296875
"2023-05-04 20:45:59,031 [INFO] EPISODE 6560, LOSS 1.6491718292236328
"2023-05-04 20:45:59,362 [INFO] EPISODE 6570, LOSS 0.9414450526237488
"2023-05-04 20:45:59,692 [INFO] EPISODE 6580, LOSS 1.0089058876037598
"2023-05-04 20:46:00,025 [INFO] EPISODE 6590, LOSS 1.1042916774749756
"2023-05-04 20:46:00,354 [INFO] EPISODE 6600, LOSS 1.135723352432251
"2023-05-04 20:46:00,685 [INFO] EPISODE 6610, LOSS 1.2155163288116455
"2023-05-04 20:46:01,019 [INFO] EPISODE 6620, LOSS 1.0263636112213135
"2023-05-04 20:46:01,422 [INFO] EPISODE 6630, LOSS 0.9168007373809814
"2023-05-04 20:46:01,759 [INFO] EPISODE 6640, LOSS 1.308968424797058
"2023-05-04 20:46:02,088 [INFO] EPISODE 6650, LOSS 0.8651617765426636
"2023-05-04 20:46:02,466 [INFO] EPISODE 6660, LOSS 0.9408287405967712
"2023-05-04 20:46:02,795 [INFO] EPISODE 6670, LOSS 0.5741548538208008
"2023-05-04 20:46:03,183 [INFO] EPISODE 6680, LOSS 0.6694217920303345
"2023-05-04 20:46:03,529 [INFO] EPISODE 6690, LOSS 2.4402406215667725
"2023-05-04 20:46:03,860 [INFO] EPISODE 6700, LOSS 0.8140773177146912
"2023-05-04 20:46:04,190 [INFO] EPISODE 6710, LOSS 1.1479681730270386
"2023-05-04 20:46:04,574 [INFO] EPISODE 6720, LOSS 1.2064287662506104
"2023-05-04 20:46:04,906 [INFO] EPISODE 6730, LOSS 1.3211328983306885
"2023-05-04 20:46:05,233 [INFO] EPISODE 6740, LOSS 0.9579657316207886
"2023-05-04 20:46:05,589 [INFO] EPISODE 6750, LOSS 1.137620449066162
"2023-05-04 20:46:05,918 [INFO] EPISODE 6760, LOSS 1.119805097579956
"2023-05-04 20:46:06,245 [INFO] EPISODE 6770, LOSS 2.200949192047119
"2023-05-04 20:46:06,605 [INFO] EPISODE 6780, LOSS 1.366536021232605
"2023-05-04 20:46:06,935 [INFO] EPISODE 6790, LOSS 1.3347594738006592
"2023-05-04 20:46:07,282 [INFO] EPISODE 6800, LOSS 1.3261871337890625
"2023-05-04 20:46:07,613 [INFO] EPISODE 6810, LOSS 1.222246766090393
"2023-05-04 20:46:07,948 [INFO] EPISODE 6820, LOSS 0.9542144536972046
"2023-05-04 20:46:08,278 [INFO] EPISODE 6830, LOSS 0.9316115379333496
"2023-05-04 20:46:08,648 [INFO] EPISODE 6840, LOSS 0.8727779388427734
"2023-05-04 20:46:08,979 [INFO] EPISODE 6850, LOSS 0.8250524997711182
"2023-05-04 20:46:09,312 [INFO] EPISODE 6860, LOSS 0.9720410108566284
"2023-05-04 20:46:09,695 [INFO] EPISODE 6870, LOSS 0.7556062936782837
"2023-05-04 20:46:10,030 [INFO] EPISODE 6880, LOSS 0.8465225696563721
"2023-05-04 20:46:10,359 [INFO] EPISODE 6890, LOSS 1.2108280658721924
"2023-05-04 20:46:10,783 [INFO] EPISODE 6900, LOSS 0.8018471002578735
"2023-05-04 20:46:11,115 [INFO] EPISODE 6910, LOSS 1.3621423244476318
"2023-05-04 20:46:11,444 [INFO] EPISODE 6920, LOSS 1.2503011226654053
"2023-05-04 20:46:11,811 [INFO] EPISODE 6930, LOSS 1.203351378440857
"2023-05-04 20:46:12,143 [INFO] EPISODE 6940, LOSS 1.4108340740203857
"2023-05-04 20:46:12,474 [INFO] EPISODE 6950, LOSS 0.9340924024581909
"2023-05-04 20:46:12,848 [INFO] EPISODE 6960, LOSS 0.8319019079208374
"2023-05-04 20:46:13,179 [INFO] EPISODE 6970, LOSS 1.1071598529815674
"2023-05-04 20:46:13,511 [INFO] EPISODE 6980, LOSS 1.1410877704620361
"2023-05-04 20:46:13,843 [INFO] EPISODE 6990, LOSS 1.0178872346878052
"2023-05-04 20:46:14,184 [INFO] ===== ONNX SAVED at ./savemodel/0504_0842PM/7000.onnx
"2023-05-04 20:46:14,184 [INFO] EPISODE 7000, LOSS 1.2849631309509277
"2023-05-04 20:46:14,513 [INFO] EPISODE 7010, LOSS 1.0985851287841797
"2023-05-04 20:46:14,843 [INFO] EPISODE 7020, LOSS 0.8692743182182312
"2023-05-04 20:46:15,232 [INFO] EPISODE 7030, LOSS 0.865169882774353
"2023-05-04 20:46:15,562 [INFO] EPISODE 7040, LOSS 0.9958810806274414
"2023-05-04 20:46:15,892 [INFO] EPISODE 7050, LOSS 1.8109049797058105
"2023-05-04 20:46:16,277 [INFO] EPISODE 7060, LOSS 0.7673169374465942
"2023-05-04 20:46:16,618 [INFO] EPISODE 7070, LOSS 1.1308444738388062
"2023-05-04 20:46:16,975 [INFO] EPISODE 7080, LOSS 1.2841744422912598
"2023-05-04 20:46:17,329 [INFO] EPISODE 7090, LOSS 1.546508550643921
"2023-05-04 20:46:17,633 [INFO] EPISODE 7100, LOSS 1.603603720664978
"2023-05-04 20:46:17,987 [INFO] EPISODE 7110, LOSS 1.4709876775741577
"2023-05-04 20:46:18,339 [INFO] EPISODE 7120, LOSS 1.0915478467941284
"2023-05-04 20:46:18,643 [INFO] EPISODE 7130, LOSS 0.9348033666610718
"2023-05-04 20:46:18,947 [INFO] EPISODE 7140, LOSS 1.2455147504806519
"2023-05-04 20:46:19,276 [INFO] EPISODE 7150, LOSS 1.8906011581420898
"2023-05-04 20:46:19,571 [INFO] EPISODE 7160, LOSS 1.3752281665802002
"2023-05-04 20:46:19,866 [INFO] EPISODE 7170, LOSS 0.8013300895690918
"2023-05-04 20:46:20,169 [INFO] EPISODE 7180, LOSS 0.9728023409843445
"2023-05-04 20:46:20,510 [INFO] EPISODE 7190, LOSS 0.7906367778778076
"2023-05-04 20:46:20,802 [INFO] EPISODE 7200, LOSS 0.9842221140861511
"2023-05-04 20:46:21,100 [INFO] EPISODE 7210, LOSS 1.3950388431549072
"2023-05-04 20:46:21,433 [INFO] EPISODE 7220, LOSS 1.0792067050933838
"2023-05-04 20:46:21,728 [INFO] EPISODE 7230, LOSS 1.0932334661483765
"2023-05-04 20:46:22,021 [INFO] EPISODE 7240, LOSS 0.8236902952194214
"2023-05-04 20:46:22,328 [INFO] EPISODE 7250, LOSS 0.9123796820640564
"2023-05-04 20:46:22,647 [INFO] EPISODE 7260, LOSS 1.3316078186035156
"2023-05-04 20:46:22,949 [INFO] EPISODE 7270, LOSS 0.6780630350112915
"2023-05-04 20:46:23,253 [INFO] EPISODE 7280, LOSS 0.5576906204223633
"2023-05-04 20:46:23,608 [INFO] EPISODE 7290, LOSS 1.4350703954696655
"2023-05-04 20:46:23,911 [INFO] EPISODE 7300, LOSS 0.984588623046875
"2023-05-04 20:46:24,214 [INFO] EPISODE 7310, LOSS 0.603992760181427
"2023-05-04 20:46:24,538 [INFO] EPISODE 7320, LOSS 1.4457359313964844
"2023-05-04 20:46:24,883 [INFO] EPISODE 7330, LOSS 1.2680907249450684
"2023-05-04 20:46:25,182 [INFO] EPISODE 7340, LOSS 0.5169456005096436
"2023-05-04 20:46:25,485 [INFO] EPISODE 7350, LOSS 1.5988328456878662
"2023-05-04 20:46:25,829 [INFO] EPISODE 7360, LOSS 1.155466914176941
"2023-05-04 20:46:26,127 [INFO] EPISODE 7370, LOSS 0.7801426649093628
"2023-05-04 20:46:26,419 [INFO] EPISODE 7380, LOSS 1.3028254508972168
"2023-05-04 20:46:26,736 [INFO] EPISODE 7390, LOSS 0.7381779551506042
"2023-05-04 20:46:27,040 [INFO] EPISODE 7400, LOSS 1.0482945442199707
"2023-05-04 20:46:27,343 [INFO] EPISODE 7410, LOSS 0.5708680748939514
"2023-05-04 20:46:27,647 [INFO] EPISODE 7420, LOSS 1.0100879669189453
"2023-05-04 20:46:27,947 [INFO] EPISODE 7430, LOSS 1.0571926832199097
"2023-05-04 20:46:28,243 [INFO] EPISODE 7440, LOSS 1.0320370197296143
"2023-05-04 20:46:28,546 [INFO] EPISODE 7450, LOSS 0.8688544034957886
"2023-05-04 20:46:28,872 [INFO] EPISODE 7460, LOSS 1.3062766790390015
"2023-05-04 20:46:29,175 [INFO] EPISODE 7470, LOSS 0.8323111534118652
"2023-05-04 20:46:29,479 [INFO] EPISODE 7480, LOSS 0.8650445938110352
"2023-05-04 20:46:29,784 [INFO] EPISODE 7490, LOSS 0.48991522192955017
"2023-05-04 20:46:30,086 [INFO] EPISODE 7500, LOSS 0.6813488006591797
"2023-05-04 20:46:30,387 [INFO] EPISODE 7510, LOSS 1.2278107404708862
"2023-05-04 20:46:30,690 [INFO] EPISODE 7520, LOSS 1.1818535327911377
"2023-05-04 20:46:31,024 [INFO] EPISODE 7530, LOSS 1.0512033700942993
"2023-05-04 20:46:31,326 [INFO] EPISODE 7540, LOSS 1.3104290962219238
"2023-05-04 20:46:31,626 [INFO] EPISODE 7550, LOSS 0.9640539884567261
"2023-05-04 20:46:32,016 [INFO] EPISODE 7560, LOSS 1.0896461009979248
"2023-05-04 20:46:32,313 [INFO] EPISODE 7570, LOSS 1.3724406957626343
"2023-05-04 20:46:32,615 [INFO] EPISODE 7580, LOSS 1.1531150341033936
"2023-05-04 20:46:32,916 [INFO] EPISODE 7590, LOSS 2.3776586055755615
"2023-05-04 20:46:33,265 [INFO] EPISODE 7600, LOSS 1.0918186902999878
"2023-05-04 20:46:33,574 [INFO] EPISODE 7610, LOSS 1.3936872482299805
"2023-05-04 20:46:33,870 [INFO] EPISODE 7620, LOSS 0.5661115050315857
"2023-05-04 20:46:34,195 [INFO] EPISODE 7630, LOSS 1.2125308513641357
"2023-05-04 20:46:34,494 [INFO] EPISODE 7640, LOSS 1.3228089809417725
"2023-05-04 20:46:34,795 [INFO] EPISODE 7650, LOSS 1.2249996662139893
"2023-05-04 20:46:35,098 [INFO] EPISODE 7660, LOSS 1.0680440664291382
"2023-05-04 20:46:35,399 [INFO] EPISODE 7670, LOSS 1.3580005168914795
"2023-05-04 20:46:35,707 [INFO] EPISODE 7680, LOSS 1.094475507736206
"2023-05-04 20:46:35,997 [INFO] EPISODE 7690, LOSS 1.3921469449996948
"2023-05-04 20:46:36,317 [INFO] EPISODE 7700, LOSS 1.0338066816329956
"2023-05-04 20:46:36,611 [INFO] EPISODE 7710, LOSS 1.6785125732421875
"2023-05-04 20:46:36,913 [INFO] EPISODE 7720, LOSS 1.4549341201782227
"2023-05-04 20:46:37,214 [INFO] EPISODE 7730, LOSS 0.6426334381103516
"2023-05-04 20:46:37,534 [INFO] EPISODE 7740, LOSS 1.0649125576019287
"2023-05-04 20:46:37,838 [INFO] EPISODE 7750, LOSS 1.4832730293273926
"2023-05-04 20:46:38,141 [INFO] EPISODE 7760, LOSS 1.624434232711792
"2023-05-04 20:46:38,472 [INFO] EPISODE 7770, LOSS 1.6788206100463867
"2023-05-04 20:46:38,823 [INFO] EPISODE 7780, LOSS 1.433150053024292
"2023-05-04 20:46:39,124 [INFO] EPISODE 7790, LOSS 1.2379918098449707
"2023-05-04 20:46:39,460 [INFO] EPISODE 7800, LOSS 1.306138515472412
"2023-05-04 20:46:39,757 [INFO] EPISODE 7810, LOSS 1.5335830450057983
"2023-05-04 20:46:40,054 [INFO] EPISODE 7820, LOSS 0.8490185737609863
"2023-05-04 20:46:40,351 [INFO] EPISODE 7830, LOSS 1.175415277481079
"2023-05-04 20:46:40,696 [INFO] EPISODE 7840, LOSS 0.43248340487480164
"2023-05-04 20:46:40,998 [INFO] EPISODE 7850, LOSS 1.370093822479248
"2023-05-04 20:46:41,300 [INFO] EPISODE 7860, LOSS 0.9656912088394165
"2023-05-04 20:46:41,633 [INFO] EPISODE 7870, LOSS 1.3977454900741577
"2023-05-04 20:46:41,933 [INFO] EPISODE 7880, LOSS 1.3785879611968994
"2023-05-04 20:46:42,235 [INFO] EPISODE 7890, LOSS 1.8531038761138916
"2023-05-04 20:46:42,536 [INFO] EPISODE 7900, LOSS 1.5093820095062256
"2023-05-04 20:46:42,851 [INFO] EPISODE 7910, LOSS 1.0025020837783813
"2023-05-04 20:46:43,143 [INFO] EPISODE 7920, LOSS 1.2718958854675293
"2023-05-04 20:46:43,439 [INFO] EPISODE 7930, LOSS 0.728064239025116
"2023-05-04 20:46:43,768 [INFO] EPISODE 7940, LOSS 1.355890154838562
"2023-05-04 20:46:44,075 [INFO] EPISODE 7950, LOSS 1.1333599090576172
"2023-05-04 20:46:44,379 [INFO] EPISODE 7960, LOSS 1.0768299102783203
"2023-05-04 20:46:44,722 [INFO] EPISODE 7970, LOSS 1.1693089008331299
"2023-05-04 20:46:45,025 [INFO] EPISODE 7980, LOSS 1.6915315389633179
"2023-05-04 20:46:45,378 [INFO] EPISODE 7990, LOSS 1.371060848236084
"2023-05-04 20:46:45,686 [INFO] ===== ONNX SAVED at ./savemodel/0504_0842PM/8000.onnx
"2023-05-04 20:46:45,686 [INFO] EPISODE 8000, LOSS 1.295461654663086
"2023-05-04 20:46:46,019 [INFO] EPISODE 8010, LOSS 0.8054040670394897
"2023-05-04 20:46:46,321 [INFO] EPISODE 8020, LOSS 1.1224266290664673
"2023-05-04 20:46:46,626 [INFO] EPISODE 8030, LOSS 1.0641896724700928
"2023-05-04 20:46:46,977 [INFO] EPISODE 8040, LOSS 1.0690736770629883
"2023-05-04 20:46:47,286 [INFO] EPISODE 8050, LOSS 1.141234278678894
"2023-05-04 20:46:47,587 [INFO] EPISODE 8060, LOSS 0.9342004656791687
"2023-05-04 20:46:47,919 [INFO] EPISODE 8070, LOSS 1.066419005393982
"2023-05-04 20:46:48,231 [INFO] EPISODE 8080, LOSS 1.1052989959716797
"2023-05-04 20:46:48,537 [INFO] EPISODE 8090, LOSS 1.5657705068588257
"2023-05-04 20:46:48,843 [INFO] EPISODE 8100, LOSS 1.3825159072875977
"2023-05-04 20:46:49,185 [INFO] EPISODE 8110, LOSS 1.3755229711532593
"2023-05-04 20:46:49,489 [INFO] EPISODE 8120, LOSS 1.453357219696045
"2023-05-04 20:46:49,787 [INFO] EPISODE 8130, LOSS 1.0157482624053955
"2023-05-04 20:46:50,143 [INFO] EPISODE 8140, LOSS 1.1406242847442627
"2023-05-04 20:46:50,450 [INFO] EPISODE 8150, LOSS 1.3118247985839844
"2023-05-04 20:46:50,744 [INFO] EPISODE 8160, LOSS 1.0469919443130493
"2023-05-04 20:46:51,048 [INFO] EPISODE 8170, LOSS 1.0638635158538818
"2023-05-04 20:46:51,352 [INFO] EPISODE 8180, LOSS 1.9229509830474854
"2023-05-04 20:46:51,649 [INFO] EPISODE 8190, LOSS 1.1949199438095093
"2023-05-04 20:46:51,946 [INFO] EPISODE 8200, LOSS 1.5429519414901733
"2023-05-04 20:46:52,264 [INFO] EPISODE 8210, LOSS 1.3273985385894775
"2023-05-04 20:46:52,615 [INFO] EPISODE 8220, LOSS 0.9353997111320496
"2023-05-04 20:46:52,923 [INFO] EPISODE 8230, LOSS 1.2884782552719116
"2023-05-04 20:46:53,280 [INFO] EPISODE 8240, LOSS 1.3951842784881592
"2023-05-04 20:46:53,576 [INFO] EPISODE 8250, LOSS 1.1354024410247803
"2023-05-04 20:46:53,880 [INFO] EPISODE 8260, LOSS 0.9848917722702026
"2023-05-04 20:46:54,178 [INFO] EPISODE 8270, LOSS 1.448744773864746
"2023-05-04 20:46:54,523 [INFO] EPISODE 8280, LOSS 1.3888041973114014
"2023-05-04 20:46:54,814 [INFO] EPISODE 8290, LOSS 0.783888041973114
"2023-05-04 20:46:55,112 [INFO] EPISODE 8300, LOSS 1.4090514183044434
"2023-05-04 20:46:55,439 [INFO] EPISODE 8310, LOSS 0.7677429914474487
"2023-05-04 20:46:55,737 [INFO] EPISODE 8320, LOSS 1.10427987575531
"2023-05-04 20:46:56,029 [INFO] EPISODE 8330, LOSS 0.908110499382019
"2023-05-04 20:46:56,324 [INFO] EPISODE 8340, LOSS 1.7613327503204346
"2023-05-04 20:46:56,671 [INFO] EPISODE 8350, LOSS 1.530294418334961
"2023-05-04 20:46:56,966 [INFO] EPISODE 8360, LOSS 1.2231559753417969
"2023-05-04 20:46:57,268 [INFO] EPISODE 8370, LOSS 1.9195563793182373
"2023-05-04 20:46:57,589 [INFO] EPISODE 8380, LOSS 0.9566031694412231
"2023-05-04 20:46:57,889 [INFO] EPISODE 8390, LOSS 0.7261267900466919
"2023-05-04 20:46:58,195 [INFO] EPISODE 8400, LOSS 1.627460241317749
"2023-05-04 20:46:58,499 [INFO] EPISODE 8410, LOSS 0.878739058971405
"2023-05-04 20:46:58,803 [INFO] EPISODE 8420, LOSS 0.8477959036827087
"2023-05-04 20:46:59,123 [INFO] EPISODE 8430, LOSS 1.1526305675506592
"2023-05-04 20:46:59,435 [INFO] EPISODE 8440, LOSS 1.1310967206954956
"2023-05-04 20:46:59,772 [INFO] EPISODE 8450, LOSS 1.4235275983810425
"2023-05-04 20:47:00,074 [INFO] EPISODE 8460, LOSS 0.7311891317367554
"2023-05-04 20:47:00,379 [INFO] EPISODE 8470, LOSS 0.60664963722229
"2023-05-04 20:47:00,775 [INFO] EPISODE 8480, LOSS 2.366428852081299
"2023-05-04 20:47:01,082 [INFO] EPISODE 8490, LOSS 0.6757073402404785
"2023-05-04 20:47:01,384 [INFO] EPISODE 8500, LOSS 1.148800015449524
"2023-05-04 20:47:01,693 [INFO] EPISODE 8510, LOSS 1.6944925785064697
"2023-05-04 20:47:01,992 [INFO] EPISODE 8520, LOSS 0.9362205266952515
"2023-05-04 20:47:02,291 [INFO] EPISODE 8530, LOSS 1.0229490995407104
"2023-05-04 20:47:02,596 [INFO] EPISODE 8540, LOSS 0.6978738307952881
"2023-05-04 20:47:02,937 [INFO] EPISODE 8550, LOSS 1.2578685283660889
"2023-05-04 20:47:03,242 [INFO] EPISODE 8560, LOSS 1.5348708629608154
"2023-05-04 20:47:03,545 [INFO] EPISODE 8570, LOSS 1.8992822170257568
"2023-05-04 20:47:03,858 [INFO] EPISODE 8580, LOSS 1.5403627157211304
"2023-05-04 20:47:04,155 [INFO] EPISODE 8590, LOSS 1.6961950063705444
"2023-05-04 20:47:04,448 [INFO] EPISODE 8600, LOSS 1.5126546621322632
"2023-05-04 20:47:04,751 [INFO] EPISODE 8610, LOSS 1.8741166591644287
"2023-05-04 20:47:05,083 [INFO] EPISODE 8620, LOSS 0.5918740630149841
"2023-05-04 20:47:05,386 [INFO] EPISODE 8630, LOSS 0.9844414591789246
"2023-05-04 20:47:05,688 [INFO] EPISODE 8640, LOSS 1.6870896816253662
"2023-05-04 20:47:06,022 [INFO] EPISODE 8650, LOSS 2.0816054344177246
"2023-05-04 20:47:06,324 [INFO] EPISODE 8660, LOSS 2.0895678997039795
"2023-05-04 20:47:06,627 [INFO] EPISODE 8670, LOSS 0.7030848264694214
"2023-05-04 20:47:06,935 [INFO] EPISODE 8680, LOSS 1.313589334487915
"2023-05-04 20:47:07,288 [INFO] EPISODE 8690, LOSS 2.755751609802246
"2023-05-04 20:47:07,589 [INFO] EPISODE 8700, LOSS 1.8726394176483154
"2023-05-04 20:47:07,895 [INFO] EPISODE 8710, LOSS 1.2923119068145752
"2023-05-04 20:47:08,238 [INFO] EPISODE 8720, LOSS 0.5871111154556274
"2023-05-04 20:47:08,539 [INFO] EPISODE 8730, LOSS 1.8627402782440186
"2023-05-04 20:47:08,843 [INFO] EPISODE 8740, LOSS 2.0153450965881348
"2023-05-04 20:47:09,144 [INFO] EPISODE 8750, LOSS 1.1658800840377808
"2023-05-04 20:47:09,441 [INFO] EPISODE 8760, LOSS 1.3705646991729736
"2023-05-04 20:47:09,794 [INFO] EPISODE 8770, LOSS 2.12083101272583
"2023-05-04 20:47:10,094 [INFO] EPISODE 8780, LOSS 1.2838764190673828
"2023-05-04 20:47:10,423 [INFO] EPISODE 8790, LOSS 1.4320449829101562
"2023-05-04 20:47:10,725 [INFO] EPISODE 8800, LOSS 1.5018696784973145
"2023-05-04 20:47:11,028 [INFO] EPISODE 8810, LOSS 2.08074951171875
"2023-05-04 20:47:11,365 [INFO] EPISODE 8820, LOSS 0.716453492641449
"2023-05-04 20:47:11,671 [INFO] EPISODE 8830, LOSS 0.8641427755355835
"2023-05-04 20:47:11,973 [INFO] EPISODE 8840, LOSS 1.7242417335510254
"2023-05-04 20:47:12,275 [INFO] EPISODE 8850, LOSS 0.8901189565658569
"2023-05-04 20:47:12,631 [INFO] EPISODE 8860, LOSS 1.8045923709869385
"2023-05-04 20:47:12,937 [INFO] EPISODE 8870, LOSS 1.3114686012268066
"2023-05-04 20:47:13,239 [INFO] EPISODE 8880, LOSS 0.8011607527732849
"2023-05-04 20:47:13,565 [INFO] EPISODE 8890, LOSS 1.4809950590133667
"2023-05-04 20:47:13,866 [INFO] EPISODE 8900, LOSS 1.3812792301177979
"2023-05-04 20:47:14,168 [INFO] EPISODE 8910, LOSS 2.6259279251098633
"2023-05-04 20:47:14,494 [INFO] EPISODE 8920, LOSS 0.9488354921340942
"2023-05-04 20:47:14,796 [INFO] EPISODE 8930, LOSS 0.8433321714401245
"2023-05-04 20:47:15,089 [INFO] EPISODE 8940, LOSS 1.0298008918762207
"2023-05-04 20:47:15,390 [INFO] EPISODE 8950, LOSS 1.7912142276763916
"2023-05-04 20:47:15,742 [INFO] EPISODE 8960, LOSS 0.6962106227874756
"2023-05-04 20:47:16,045 [INFO] EPISODE 8970, LOSS 2.0026509761810303
"2023-05-04 20:47:16,346 [INFO] EPISODE 8980, LOSS 2.1568374633789062
"2023-05-04 20:47:16,695 [INFO] EPISODE 8990, LOSS 1.3276375532150269
"2023-05-04 20:47:16,998 [INFO] ===== ONNX SAVED at ./savemodel/0504_0842PM/9000.onnx
"2023-05-04 20:47:16,998 [INFO] EPISODE 9000, LOSS 1.5620120763778687
"2023-05-04 20:47:17,395 [INFO] EPISODE 9010, LOSS 0.9667946100234985
"2023-05-04 20:47:17,746 [INFO] EPISODE 9020, LOSS 0.8687262535095215
"2023-05-04 20:47:18,080 [INFO] EPISODE 9030, LOSS 3.4810569286346436
"2023-05-04 20:47:18,412 [INFO] EPISODE 9040, LOSS 1.461790919303894
"2023-05-04 20:47:18,775 [INFO] EPISODE 9050, LOSS 0.8948676586151123
"2023-05-04 20:47:19,107 [INFO] EPISODE 9060, LOSS 0.7999566793441772
"2023-05-04 20:47:19,444 [INFO] EPISODE 9070, LOSS 0.6657539010047913
"2023-05-04 20:47:19,761 [INFO] EPISODE 9080, LOSS 1.2641775608062744
"2023-05-04 20:47:20,073 [INFO] EPISODE 9090, LOSS 1.3061071634292603
"2023-05-04 20:47:20,376 [INFO] EPISODE 9100, LOSS 1.163212776184082
"2023-05-04 20:47:20,680 [INFO] EPISODE 9110, LOSS 0.9747926592826843
"2023-05-04 20:47:21,000 [INFO] EPISODE 9120, LOSS 1.1856268644332886
"2023-05-04 20:47:21,301 [INFO] EPISODE 9130, LOSS 1.9076752662658691
"2023-05-04 20:47:21,605 [INFO] EPISODE 9140, LOSS 0.5974981188774109
"2023-05-04 20:47:21,893 [INFO] EPISODE 9150, LOSS 1.7055511474609375
"2023-05-04 20:47:22,188 [INFO] EPISODE 9160, LOSS 0.7936903834342957
"2023-05-04 20:47:22,471 [INFO] EPISODE 9170, LOSS 1.3183317184448242
"2023-05-04 20:47:22,767 [INFO] EPISODE 9180, LOSS 1.0468767881393433
"2023-05-04 20:47:23,085 [INFO] EPISODE 9190, LOSS 1.0834084749221802
"2023-05-04 20:47:23,389 [INFO] EPISODE 9200, LOSS 1.5860049724578857
"2023-05-04 20:47:23,672 [INFO] EPISODE 9210, LOSS 1.1297695636749268
"2023-05-04 20:47:23,966 [INFO] EPISODE 9220, LOSS 1.9027249813079834
"2023-05-04 20:47:24,302 [INFO] EPISODE 9230, LOSS 0.7606604099273682
"2023-05-04 20:47:24,598 [INFO] EPISODE 9240, LOSS 1.0587050914764404
"2023-05-04 20:47:24,887 [INFO] EPISODE 9250, LOSS 0.9980018138885498
"2023-05-04 20:47:25,267 [INFO] EPISODE 9260, LOSS 0.8139356970787048
"2023-05-04 20:47:25,556 [INFO] EPISODE 9270, LOSS 0.9472147226333618
"2023-05-04 20:47:25,846 [INFO] EPISODE 9280, LOSS 1.1560628414154053
"2023-05-04 20:47:26,137 [INFO] EPISODE 9290, LOSS 1.0353622436523438
"2023-05-04 20:47:26,446 [INFO] EPISODE 9300, LOSS 0.894218921661377
"2023-05-04 20:47:26,739 [INFO] EPISODE 9310, LOSS 0.9813187122344971
"2023-05-04 20:47:27,030 [INFO] EPISODE 9320, LOSS 1.03066885471344
"2023-05-04 20:47:27,344 [INFO] EPISODE 9330, LOSS 0.8111652135848999
"2023-05-04 20:47:27,643 [INFO] EPISODE 9340, LOSS 0.4941432476043701
"2023-05-04 20:47:27,938 [INFO] EPISODE 9350, LOSS 0.5241340398788452
"2023-05-04 20:47:28,224 [INFO] EPISODE 9360, LOSS 0.7169191241264343
"2023-05-04 20:47:28,554 [INFO] EPISODE 9370, LOSS 0.49752122163772583
"2023-05-04 20:47:28,848 [INFO] EPISODE 9380, LOSS 0.9298844337463379
"2023-05-04 20:47:29,131 [INFO] EPISODE 9390, LOSS 0.7154974937438965
"2023-05-04 20:47:29,457 [INFO] EPISODE 9400, LOSS 1.1015868186950684
"2023-05-04 20:47:29,747 [INFO] EPISODE 9410, LOSS 1.253636121749878
"2023-05-04 20:47:30,031 [INFO] EPISODE 9420, LOSS 1.1964459419250488
"2023-05-04 20:47:30,331 [INFO] EPISODE 9430, LOSS 0.623570442199707
"2023-05-04 20:47:30,686 [INFO] EPISODE 9440, LOSS 1.3981292247772217
"2023-05-04 20:47:30,988 [INFO] EPISODE 9450, LOSS 0.8738853335380554
"2023-05-04 20:47:31,289 [INFO] EPISODE 9460, LOSS 0.509358286857605
"2023-05-04 20:47:31,623 [INFO] EPISODE 9470, LOSS 1.3635915517807007
"2023-05-04 20:47:31,913 [INFO] EPISODE 9480, LOSS 0.8687741160392761
"2023-05-04 20:47:32,206 [INFO] EPISODE 9490, LOSS 1.2686569690704346
"2023-05-04 20:47:32,492 [INFO] EPISODE 9500, LOSS 0.7549474239349365
"2023-05-04 20:47:32,792 [INFO] EPISODE 9510, LOSS 1.3127453327178955
"2023-05-04 20:47:33,139 [INFO] EPISODE 9520, LOSS 1.3182369470596313
"2023-05-04 20:47:33,424 [INFO] EPISODE 9530, LOSS 2.4416568279266357
"2023-05-04 20:47:33,780 [INFO] EPISODE 9540, LOSS 0.9549561738967896
"2023-05-04 20:47:34,064 [INFO] EPISODE 9550, LOSS 0.870147705078125
"2023-05-04 20:47:34,362 [INFO] EPISODE 9560, LOSS 0.47782453894615173
"2023-05-04 20:47:34,705 [INFO] EPISODE 9570, LOSS 1.4998124837875366
"2023-05-04 20:47:34,991 [INFO] EPISODE 9580, LOSS 1.0455968379974365
"2023-05-04 20:47:35,291 [INFO] EPISODE 9590, LOSS 0.8411180377006531
"2023-05-04 20:47:35,580 [INFO] EPISODE 9600, LOSS 1.2595371007919312
"2023-05-04 20:47:35,919 [INFO] EPISODE 9610, LOSS 1.4266360998153687
"2023-05-04 20:47:36,206 [INFO] EPISODE 9620, LOSS 0.25416576862335205
"2023-05-04 20:47:36,500 [INFO] EPISODE 9630, LOSS 0.83168625831604
"2023-05-04 20:47:36,814 [INFO] EPISODE 9640, LOSS 0.5121383666992188
"2023-05-04 20:47:37,100 [INFO] EPISODE 9650, LOSS 1.3285009860992432
"2023-05-04 20:47:37,399 [INFO] EPISODE 9660, LOSS 0.7544891834259033
"2023-05-04 20:47:37,701 [INFO] EPISODE 9670, LOSS 1.286882996559143
"2023-05-04 20:47:38,016 [INFO] EPISODE 9680, LOSS 0.7635586261749268
"2023-05-04 20:47:38,302 [INFO] EPISODE 9690, LOSS 1.6733026504516602
"2023-05-04 20:47:38,600 [INFO] EPISODE 9700, LOSS 0.7381545305252075
"2023-05-04 20:47:38,951 [INFO] EPISODE 9710, LOSS 1.8432157039642334
"2023-05-04 20:47:39,255 [INFO] EPISODE 9720, LOSS 2.5092129707336426
"2023-05-04 20:47:39,539 [INFO] EPISODE 9730, LOSS 1.0634146928787231
"2023-05-04 20:47:39,836 [INFO] EPISODE 9740, LOSS 0.5182312726974487
"2023-05-04 20:47:40,151 [INFO] EPISODE 9750, LOSS 1.307981252670288
"2023-05-04 20:47:40,447 [INFO] EPISODE 9760, LOSS 1.2962063550949097
"2023-05-04 20:47:40,786 [INFO] EPISODE 9770, LOSS 1.3373851776123047
"2023-05-04 20:47:41,071 [INFO] EPISODE 9780, LOSS 1.0513304471969604
"2023-05-04 20:47:41,363 [INFO] EPISODE 9790, LOSS 1.54092538356781
"2023-05-04 20:47:41,665 [INFO] EPISODE 9800, LOSS 0.9903163313865662
"2023-05-04 20:47:41,952 [INFO] EPISODE 9810, LOSS 0.5464980602264404
"2023-05-04 20:47:42,311 [INFO] EPISODE 9820, LOSS 0.9023856520652771
"2023-05-04 20:47:42,652 [INFO] EPISODE 9830, LOSS 2.2927212715148926
"2023-05-04 20:47:42,941 [INFO] EPISODE 9840, LOSS 0.5734748840332031
"2023-05-04 20:47:43,318 [INFO] EPISODE 9850, LOSS 1.0841734409332275
"2023-05-04 20:47:43,621 [INFO] EPISODE 9860, LOSS 0.6515026092529297
"2023-05-04 20:47:43,929 [INFO] EPISODE 9870, LOSS 0.8872016668319702
"2023-05-04 20:47:44,241 [INFO] EPISODE 9880, LOSS 2.0904717445373535
"2023-05-04 20:47:44,540 [INFO] EPISODE 9890, LOSS 0.8757045269012451
"2023-05-04 20:47:44,838 [INFO] EPISODE 9900, LOSS 1.3690001964569092
"2023-05-04 20:47:45,137 [INFO] EPISODE 9910, LOSS 1.2194582223892212
"2023-05-04 20:47:45,476 [INFO] EPISODE 9920, LOSS 1.371068000793457
"2023-05-04 20:47:45,777 [INFO] EPISODE 9930, LOSS 0.496753454208374
"2023-05-04 20:47:46,085 [INFO] EPISODE 9940, LOSS 0.47458410263061523
"2023-05-04 20:47:46,453 [INFO] EPISODE 9950, LOSS 1.1832177639007568
"2023-05-04 20:47:46,786 [INFO] EPISODE 9960, LOSS 1.279750108718872
"2023-05-04 20:47:47,084 [INFO] EPISODE 9970, LOSS 0.9273529052734375
"2023-05-04 20:47:47,469 [INFO] EPISODE 9980, LOSS 0.6246441602706909
"2023-05-04 20:47:47,773 [INFO] EPISODE 9990, LOSS 1.8908944129943848
"2023-05-04 20:47:48,112 [INFO] ===== ONNX SAVED at ./savemodel/0504_0842PM/10000.onnx
"2023-05-04 20:47:48,113 [INFO] EPISODE 10000, LOSS 1.4772409200668335
"2023-05-04 20:47:48,427 [INFO] EPISODE 10010, LOSS 1.3529608249664307
"2023-05-04 20:47:48,772 [INFO] EPISODE 10020, LOSS 1.2512253522872925
"2023-05-04 20:47:49,128 [INFO] EPISODE 10030, LOSS 1.0683295726776123
"2023-05-04 20:47:49,450 [INFO] EPISODE 10040, LOSS 1.9640254974365234
"2023-05-04 20:47:49,874 [INFO] EPISODE 10050, LOSS 1.2309207916259766
"2023-05-04 20:47:50,241 [INFO] EPISODE 10060, LOSS 2.1713809967041016
"2023-05-04 20:47:50,619 [INFO] EPISODE 10070, LOSS 1.1160869598388672
"2023-05-04 20:47:50,965 [INFO] EPISODE 10080, LOSS 1.3837871551513672
"2023-05-04 20:47:51,308 [INFO] EPISODE 10090, LOSS 1.1845650672912598
"2023-05-04 20:47:51,643 [INFO] EPISODE 10100, LOSS 0.5950756072998047
"2023-05-04 20:47:51,988 [INFO] EPISODE 10110, LOSS 1.0873297452926636
"2023-05-04 20:47:52,334 [INFO] EPISODE 10120, LOSS 0.6086190938949585
"2023-05-04 20:47:52,669 [INFO] EPISODE 10130, LOSS 1.0674326419830322
"2023-05-04 20:47:53,059 [INFO] EPISODE 10140, LOSS 1.6440962553024292
"2023-05-04 20:47:53,409 [INFO] EPISODE 10150, LOSS 1.561903476715088
"2023-05-04 20:47:53,755 [INFO] EPISODE 10160, LOSS 1.3822797536849976
"2023-05-04 20:47:54,118 [INFO] EPISODE 10170, LOSS 1.3094596862792969
"2023-05-04 20:47:54,463 [INFO] EPISODE 10180, LOSS 1.3787355422973633
"2023-05-04 20:47:54,810 [INFO] EPISODE 10190, LOSS 1.8152482509613037
"2023-05-04 20:47:55,156 [INFO] EPISODE 10200, LOSS 1.5553992986679077
"2023-05-04 20:47:55,457 [INFO] EPISODE 10210, LOSS 1.2193613052368164
"2023-05-04 20:47:55,749 [INFO] EPISODE 10220, LOSS 0.9926083087921143
"2023-05-04 20:47:56,074 [INFO] EPISODE 10230, LOSS 1.069932222366333
"2023-05-04 20:47:56,375 [INFO] EPISODE 10240, LOSS 1.0963232517242432
"2023-05-04 20:47:56,681 [INFO] EPISODE 10250, LOSS 0.9616093039512634
"2023-05-04 20:47:57,005 [INFO] EPISODE 10260, LOSS 0.8069480657577515
"2023-05-04 20:47:57,293 [INFO] EPISODE 10270, LOSS 1.1018731594085693
"2023-05-04 20:47:57,643 [INFO] EPISODE 10280, LOSS 0.6369801759719849
"2023-05-04 20:47:57,946 [INFO] EPISODE 10290, LOSS 1.3835595846176147
"2023-05-04 20:47:58,290 [INFO] EPISODE 10300, LOSS 0.9297420978546143
"2023-05-04 20:47:58,671 [INFO] EPISODE 10310, LOSS 0.34430432319641113
"2023-05-04 20:47:59,052 [INFO] EPISODE 10320, LOSS 0.8661593794822693
"2023-05-04 20:47:59,425 [INFO] EPISODE 10330, LOSS 0.854304313659668
"2023-05-04 20:47:59,772 [INFO] EPISODE 10340, LOSS 1.0864194631576538
"2023-05-04 20:48:00,128 [INFO] EPISODE 10350, LOSS 0.4054916799068451
"2023-05-04 20:48:00,490 [INFO] EPISODE 10360, LOSS 1.249492883682251
"2023-05-04 20:48:00,826 [INFO] EPISODE 10370, LOSS 0.9720335006713867
"2023-05-04 20:48:01,146 [INFO] EPISODE 10380, LOSS 1.4166686534881592
"2023-05-04 20:48:01,487 [INFO] EPISODE 10390, LOSS 1.0449283123016357
"2023-05-04 20:48:01,791 [INFO] EPISODE 10400, LOSS 1.5447156429290771
"2023-05-04 20:48:02,100 [INFO] EPISODE 10410, LOSS 1.3757493495941162
"2023-05-04 20:48:02,436 [INFO] EPISODE 10420, LOSS 0.9798771739006042
"2023-05-04 20:48:02,738 [INFO] EPISODE 10430, LOSS 1.1935927867889404
"2023-05-04 20:48:03,026 [INFO] EPISODE 10440, LOSS 1.55560302734375
"2023-05-04 20:48:03,316 [INFO] EPISODE 10450, LOSS 1.277287483215332
"2023-05-04 20:48:03,640 [INFO] EPISODE 10460, LOSS 1.451615571975708
"2023-05-04 20:48:03,940 [INFO] EPISODE 10470, LOSS 0.3287241756916046
"2023-05-04 20:48:04,248 [INFO] EPISODE 10480, LOSS 0.7508386969566345
"2023-05-04 20:48:04,577 [INFO] EPISODE 10490, LOSS 2.0071098804473877
"2023-05-04 20:48:04,905 [INFO] EPISODE 10500, LOSS 1.3323559761047363
"2023-05-04 20:48:05,248 [INFO] EPISODE 10510, LOSS 0.9205074310302734
"2023-05-04 20:48:05,637 [INFO] EPISODE 10520, LOSS 1.3417668342590332
"2023-05-04 20:48:06,044 [INFO] EPISODE 10530, LOSS 1.9590306282043457
"2023-05-04 20:48:06,390 [INFO] EPISODE 10540, LOSS 2.4982895851135254
"2023-05-04 20:48:06,770 [INFO] EPISODE 10550, LOSS 1.1897401809692383
"2023-05-04 20:48:07,123 [INFO] EPISODE 10560, LOSS 1.1809484958648682
"2023-05-04 20:48:07,471 [INFO] EPISODE 10570, LOSS 0.6983384490013123
"2023-05-04 20:48:07,841 [INFO] EPISODE 10580, LOSS 0.8530101180076599
"2023-05-04 20:48:08,186 [INFO] EPISODE 10590, LOSS 1.5343478918075562
"2023-05-04 20:48:08,530 [INFO] EPISODE 10600, LOSS 1.6623485088348389
"2023-05-04 20:48:08,891 [INFO] EPISODE 10610, LOSS 2.2268080711364746
"2023-05-04 20:48:09,229 [INFO] EPISODE 10620, LOSS 2.841752529144287
"2023-05-04 20:48:09,571 [INFO] EPISODE 10630, LOSS 1.5722301006317139
"2023-05-04 20:48:09,921 [INFO] EPISODE 10640, LOSS 0.8034006357192993
"2023-05-04 20:48:10,228 [INFO] EPISODE 10650, LOSS 2.4484145641326904
"2023-05-04 20:48:10,600 [INFO] EPISODE 10660, LOSS 0.9912676811218262
"2023-05-04 20:48:11,018 [INFO] EPISODE 10670, LOSS 2.2854819297790527
"2023-05-04 20:48:11,352 [INFO] EPISODE 10680, LOSS 2.430880546569824
"2023-05-04 20:48:11,680 [INFO] EPISODE 10690, LOSS 1.453073501586914
"2023-05-04 20:48:12,049 [INFO] EPISODE 10700, LOSS 1.3486675024032593
"2023-05-04 20:48:12,328 [INFO] train finished. 
final loss: 3.099080640822649e-05
"2023-05-04 20:48:12,334 [INFO] ===== ONNX SAVED at ./savemodel/0504_0842PM/FINAL100000.onnx
