"2023-05-04 20:38:04,322 [INFO] Reporter Initialized!
"2023-05-04 20:38:04,322 [INFO] Reporter LEVEL: info
"2023-05-04 20:38:06,151 [INFO] Loaded csv data is 0504_0300PM
"2023-05-04 20:38:07,238 [INFO] None
"2023-05-04 20:38:07,238 [INFO] Device(cuda) is working for train
"2023-05-04 20:38:07,247 [INFO] Train Started
"2023-05-04 20:38:07,267 [INFO] ===== ONNX SAVED at ./savemodel/0504_0838PM/0.onnx
"2023-05-04 20:38:07,267 [INFO] ===== Saved non-trained network
"2023-05-04 20:38:07,267 [INFO] EPISODE 0, LOSS 3.0726373195648193
"2023-05-04 20:38:07,693 [INFO] EPISODE 10, LOSS 5.316143989562988
"2023-05-04 20:38:08,072 [INFO] EPISODE 20, LOSS 7.2253828048706055
"2023-05-04 20:38:08,356 [INFO] EPISODE 30, LOSS 5.6514811515808105
"2023-05-04 20:38:08,660 [INFO] EPISODE 40, LOSS 2.818476438522339
"2023-05-04 20:38:08,952 [INFO] EPISODE 50, LOSS 5.119997501373291
"2023-05-04 20:38:09,313 [INFO] EPISODE 60, LOSS 7.05712890625
"2023-05-04 20:38:09,603 [INFO] EPISODE 70, LOSS 3.0713984966278076
"2023-05-04 20:38:09,895 [INFO] EPISODE 80, LOSS 7.08553409576416
"2023-05-04 20:38:10,213 [INFO] EPISODE 90, LOSS 6.32304573059082
"2023-05-04 20:38:10,503 [INFO] EPISODE 100, LOSS 3.5540661811828613
"2023-05-04 20:38:10,802 [INFO] EPISODE 110, LOSS 4.593379974365234
"2023-05-04 20:38:11,090 [INFO] EPISODE 120, LOSS 4.617055892944336
"2023-05-04 20:38:11,396 [INFO] EPISODE 130, LOSS 4.386031627655029
"2023-05-04 20:38:11,688 [INFO] EPISODE 140, LOSS 4.126764297485352
"2023-05-04 20:38:11,971 [INFO] EPISODE 150, LOSS 5.617916107177734
"2023-05-04 20:38:12,342 [INFO] EPISODE 160, LOSS 4.836624622344971
"2023-05-04 20:38:12,623 [INFO] EPISODE 170, LOSS 2.9766528606414795
"2023-05-04 20:38:12,905 [INFO] EPISODE 180, LOSS 2.935209274291992
"2023-05-04 20:38:13,184 [INFO] EPISODE 190, LOSS 3.9843459129333496
"2023-05-04 20:38:13,486 [INFO] EPISODE 200, LOSS 4.469244956970215
"2023-05-04 20:38:13,769 [INFO] EPISODE 210, LOSS 5.386262893676758
"2023-05-04 20:38:14,049 [INFO] EPISODE 220, LOSS 4.762699127197266
"2023-05-04 20:38:14,341 [INFO] EPISODE 230, LOSS 4.168097496032715
"2023-05-04 20:38:14,658 [INFO] EPISODE 240, LOSS 5.2881693840026855
"2023-05-04 20:38:14,941 [INFO] EPISODE 250, LOSS 3.579685688018799
"2023-05-04 20:38:15,222 [INFO] EPISODE 260, LOSS 3.3392333984375
"2023-05-04 20:38:15,537 [INFO] EPISODE 270, LOSS 4.672327041625977
"2023-05-04 20:38:15,821 [INFO] EPISODE 280, LOSS 5.699188232421875
"2023-05-04 20:38:16,115 [INFO] EPISODE 290, LOSS 6.149233818054199
"2023-05-04 20:38:16,396 [INFO] EPISODE 300, LOSS 4.573441982269287
"2023-05-04 20:38:16,694 [INFO] EPISODE 310, LOSS 4.339851379394531
"2023-05-04 20:38:16,975 [INFO] EPISODE 320, LOSS 4.508148670196533
"2023-05-04 20:38:17,257 [INFO] EPISODE 330, LOSS 5.26020622253418
"2023-05-04 20:38:17,551 [INFO] EPISODE 340, LOSS 4.629992485046387
"2023-05-04 20:38:17,841 [INFO] EPISODE 350, LOSS 3.697446823120117
"2023-05-04 20:38:18,124 [INFO] EPISODE 360, LOSS 4.5863938331604
"2023-05-04 20:38:18,416 [INFO] EPISODE 370, LOSS 5.031203746795654
"2023-05-04 20:38:18,785 [INFO] EPISODE 380, LOSS 4.391936779022217
"2023-05-04 20:38:19,071 [INFO] EPISODE 390, LOSS 4.3821330070495605
"2023-05-04 20:38:19,355 [INFO] EPISODE 400, LOSS 4.4877166748046875
"2023-05-04 20:38:19,650 [INFO] EPISODE 410, LOSS 3.0553412437438965
"2023-05-04 20:38:19,948 [INFO] EPISODE 420, LOSS 4.497078895568848
"2023-05-04 20:38:20,240 [INFO] EPISODE 430, LOSS 3.717986583709717
"2023-05-04 20:38:20,521 [INFO] EPISODE 440, LOSS 4.25696325302124
"2023-05-04 20:38:20,841 [INFO] EPISODE 450, LOSS 3.5659847259521484
"2023-05-04 20:38:21,123 [INFO] EPISODE 460, LOSS 3.586047649383545
"2023-05-04 20:38:21,404 [INFO] EPISODE 470, LOSS 5.904653549194336
"2023-05-04 20:38:21,700 [INFO] EPISODE 480, LOSS 4.633368492126465
"2023-05-04 20:38:22,030 [INFO] EPISODE 490, LOSS 6.089691162109375
"2023-05-04 20:38:22,312 [INFO] EPISODE 500, LOSS 3.5549564361572266
"2023-05-04 20:38:22,595 [INFO] EPISODE 510, LOSS 5.101740837097168
"2023-05-04 20:38:22,918 [INFO] EPISODE 520, LOSS 3.6297125816345215
"2023-05-04 20:38:23,209 [INFO] EPISODE 530, LOSS 3.7648370265960693
"2023-05-04 20:38:23,490 [INFO] EPISODE 540, LOSS 4.058761119842529
"2023-05-04 20:38:23,771 [INFO] EPISODE 550, LOSS 4.596244812011719
"2023-05-04 20:38:24,088 [INFO] EPISODE 560, LOSS 4.178380012512207
"2023-05-04 20:38:24,367 [INFO] EPISODE 570, LOSS 4.313823699951172
"2023-05-04 20:38:24,645 [INFO] EPISODE 580, LOSS 4.67889928817749
"2023-05-04 20:38:24,925 [INFO] EPISODE 590, LOSS 4.863801002502441
"2023-05-04 20:38:25,277 [INFO] EPISODE 600, LOSS 4.509524822235107
"2023-05-04 20:38:25,555 [INFO] EPISODE 610, LOSS 4.413174629211426
"2023-05-04 20:38:25,833 [INFO] EPISODE 620, LOSS 4.042520046234131
"2023-05-04 20:38:26,157 [INFO] EPISODE 630, LOSS 3.3644309043884277
"2023-05-04 20:38:26,439 [INFO] EPISODE 640, LOSS 5.732823848724365
"2023-05-04 20:38:26,722 [INFO] EPISODE 650, LOSS 4.451931953430176
"2023-05-04 20:38:27,008 [INFO] EPISODE 660, LOSS 3.6413793563842773
"2023-05-04 20:38:27,326 [INFO] EPISODE 670, LOSS 3.4166181087493896
"2023-05-04 20:38:27,612 [INFO] EPISODE 680, LOSS 3.978808879852295
"2023-05-04 20:38:27,901 [INFO] EPISODE 690, LOSS 5.060452938079834
"2023-05-04 20:38:28,183 [INFO] EPISODE 700, LOSS 4.851475238800049
"2023-05-04 20:38:28,469 [INFO] EPISODE 710, LOSS 3.2835540771484375
"2023-05-04 20:38:28,763 [INFO] EPISODE 720, LOSS 3.3605687618255615
"2023-05-04 20:38:29,045 [INFO] EPISODE 730, LOSS 4.490365028381348
"2023-05-04 20:38:29,357 [INFO] EPISODE 740, LOSS 5.33942174911499
"2023-05-04 20:38:29,642 [INFO] EPISODE 750, LOSS 4.488857269287109
"2023-05-04 20:38:29,937 [INFO] EPISODE 760, LOSS 4.651725769042969
"2023-05-04 20:38:30,220 [INFO] EPISODE 770, LOSS 5.094109535217285
"2023-05-04 20:38:30,542 [INFO] EPISODE 780, LOSS 4.621986389160156
"2023-05-04 20:38:30,825 [INFO] EPISODE 790, LOSS 2.7597484588623047
"2023-05-04 20:38:31,108 [INFO] EPISODE 800, LOSS 3.322228193283081
"2023-05-04 20:38:31,479 [INFO] EPISODE 810, LOSS 3.614933490753174
"2023-05-04 20:38:31,769 [INFO] EPISODE 820, LOSS 4.735867977142334
"2023-05-04 20:38:32,050 [INFO] EPISODE 830, LOSS 6.399258613586426
"2023-05-04 20:38:32,330 [INFO] EPISODE 840, LOSS 3.442983388900757
"2023-05-04 20:38:32,646 [INFO] EPISODE 850, LOSS 4.168068885803223
"2023-05-04 20:38:32,926 [INFO] EPISODE 860, LOSS 5.0253825187683105
"2023-05-04 20:38:33,216 [INFO] EPISODE 870, LOSS 4.357177257537842
"2023-05-04 20:38:33,496 [INFO] EPISODE 880, LOSS 3.8805713653564453
"2023-05-04 20:38:33,799 [INFO] EPISODE 890, LOSS 4.247681617736816
"2023-05-04 20:38:34,092 [INFO] EPISODE 900, LOSS 4.772563934326172
"2023-05-04 20:38:34,371 [INFO] EPISODE 910, LOSS 3.77368426322937
"2023-05-04 20:38:34,694 [INFO] EPISODE 920, LOSS 5.660655975341797
"2023-05-04 20:38:34,986 [INFO] EPISODE 930, LOSS 3.3959789276123047
"2023-05-04 20:38:35,267 [INFO] EPISODE 940, LOSS 4.521847248077393
"2023-05-04 20:38:35,546 [INFO] EPISODE 950, LOSS 5.016040802001953
"2023-05-04 20:38:35,834 [INFO] EPISODE 960, LOSS 5.566110610961914
"2023-05-04 20:38:36,116 [INFO] EPISODE 970, LOSS 6.071195602416992
"2023-05-04 20:38:36,414 [INFO] EPISODE 980, LOSS 5.99566650390625
"2023-05-04 20:38:36,697 [INFO] EPISODE 990, LOSS 3.7466673851013184
"2023-05-04 20:38:37,004 [INFO] ===== ONNX SAVED at ./savemodel/0504_0838PM/1000.onnx
"2023-05-04 20:38:37,004 [INFO] EPISODE 1000, LOSS 6.2325334548950195
"2023-05-04 20:38:37,297 [INFO] EPISODE 1010, LOSS 4.65015983581543
"2023-05-04 20:38:37,658 [INFO] EPISODE 1020, LOSS 4.455889701843262
"2023-05-04 20:38:37,987 [INFO] EPISODE 1030, LOSS 6.5874762535095215
"2023-05-04 20:38:38,275 [INFO] EPISODE 1040, LOSS 5.271081447601318
"2023-05-04 20:38:38,566 [INFO] EPISODE 1050, LOSS 5.734029769897461
"2023-05-04 20:38:38,884 [INFO] EPISODE 1060, LOSS 4.3182806968688965
"2023-05-04 20:38:39,170 [INFO] EPISODE 1070, LOSS 4.512255668640137
"2023-05-04 20:38:39,452 [INFO] EPISODE 1080, LOSS 5.3968915939331055
"2023-05-04 20:38:39,733 [INFO] EPISODE 1090, LOSS 4.860688209533691
"2023-05-04 20:38:40,053 [INFO] EPISODE 1100, LOSS 5.808095932006836
"2023-05-04 20:38:40,347 [INFO] EPISODE 1110, LOSS 6.661277770996094
"2023-05-04 20:38:40,629 [INFO] EPISODE 1120, LOSS 5.75944709777832
"2023-05-04 20:38:40,911 [INFO] EPISODE 1130, LOSS 6.686260223388672
"2023-05-04 20:38:41,242 [INFO] EPISODE 1140, LOSS 5.73517370223999
"2023-05-04 20:38:41,546 [INFO] EPISODE 1150, LOSS 4.320569038391113
"2023-05-04 20:38:41,837 [INFO] EPISODE 1160, LOSS 5.058587074279785
"2023-05-04 20:38:42,188 [INFO] EPISODE 1170, LOSS 4.66236686706543
"2023-05-04 20:38:42,481 [INFO] EPISODE 1180, LOSS 4.794393062591553
"2023-05-04 20:38:42,791 [INFO] EPISODE 1190, LOSS 4.8648834228515625
"2023-05-04 20:38:43,110 [INFO] EPISODE 1200, LOSS 5.706890106201172
"2023-05-04 20:38:43,407 [INFO] EPISODE 1210, LOSS 4.7077178955078125
"2023-05-04 20:38:43,730 [INFO] EPISODE 1220, LOSS 6.352159023284912
"2023-05-04 20:38:44,036 [INFO] EPISODE 1230, LOSS 5.5241217613220215
"2023-05-04 20:38:44,388 [INFO] EPISODE 1240, LOSS 5.154589653015137
"2023-05-04 20:38:44,772 [INFO] EPISODE 1250, LOSS 5.379880428314209
"2023-05-04 20:38:45,067 [INFO] EPISODE 1260, LOSS 6.424976348876953
"2023-05-04 20:38:45,404 [INFO] EPISODE 1270, LOSS 4.824888229370117
"2023-05-04 20:38:45,703 [INFO] EPISODE 1280, LOSS 6.152091026306152
"2023-05-04 20:38:45,997 [INFO] EPISODE 1290, LOSS 6.019660949707031
"2023-05-04 20:38:46,321 [INFO] EPISODE 1300, LOSS 5.233194351196289
"2023-05-04 20:38:46,609 [INFO] EPISODE 1310, LOSS 5.321660041809082
"2023-05-04 20:38:46,910 [INFO] EPISODE 1320, LOSS 5.594003677368164
"2023-05-04 20:38:47,199 [INFO] EPISODE 1330, LOSS 4.518017768859863
"2023-05-04 20:38:47,516 [INFO] EPISODE 1340, LOSS 5.180617332458496
"2023-05-04 20:38:47,799 [INFO] EPISODE 1350, LOSS 5.673717021942139
"2023-05-04 20:38:48,095 [INFO] EPISODE 1360, LOSS 5.0129218101501465
"2023-05-04 20:38:48,383 [INFO] EPISODE 1370, LOSS 5.043538570404053
"2023-05-04 20:38:48,688 [INFO] EPISODE 1380, LOSS 4.183239936828613
"2023-05-04 20:38:48,977 [INFO] EPISODE 1390, LOSS 5.140903472900391
"2023-05-04 20:38:49,269 [INFO] EPISODE 1400, LOSS 6.693589687347412
"2023-05-04 20:38:49,595 [INFO] EPISODE 1410, LOSS 5.401576042175293
"2023-05-04 20:38:49,897 [INFO] EPISODE 1420, LOSS 5.6934123039245605
"2023-05-04 20:38:50,186 [INFO] EPISODE 1430, LOSS 4.008134841918945
"2023-05-04 20:38:50,482 [INFO] EPISODE 1440, LOSS 5.91471004486084
"2023-05-04 20:38:50,793 [INFO] EPISODE 1450, LOSS 4.627687931060791
"2023-05-04 20:38:51,136 [INFO] EPISODE 1460, LOSS 5.365418910980225
"2023-05-04 20:38:51,424 [INFO] EPISODE 1470, LOSS 4.607000350952148
"2023-05-04 20:38:51,747 [INFO] EPISODE 1480, LOSS 5.826247215270996
"2023-05-04 20:38:52,032 [INFO] EPISODE 1490, LOSS 4.523481369018555
"2023-05-04 20:38:52,325 [INFO] EPISODE 1500, LOSS 4.356779098510742
"2023-05-04 20:38:52,612 [INFO] EPISODE 1510, LOSS 4.651776313781738
"2023-05-04 20:38:52,928 [INFO] EPISODE 1520, LOSS 4.503745079040527
"2023-05-04 20:38:53,216 [INFO] EPISODE 1530, LOSS 6.352721691131592
"2023-05-04 20:38:53,512 [INFO] EPISODE 1540, LOSS 5.449052333831787
"2023-05-04 20:38:53,864 [INFO] EPISODE 1550, LOSS 6.361361503601074
"2023-05-04 20:38:54,148 [INFO] EPISODE 1560, LOSS 5.83571720123291
"2023-05-04 20:38:54,443 [INFO] EPISODE 1570, LOSS 5.1623735427856445
"2023-05-04 20:38:54,732 [INFO] EPISODE 1580, LOSS 6.2503814697265625
"2023-05-04 20:38:55,058 [INFO] EPISODE 1590, LOSS 4.842740058898926
"2023-05-04 20:38:55,347 [INFO] EPISODE 1600, LOSS 5.126923561096191
"2023-05-04 20:38:55,637 [INFO] EPISODE 1610, LOSS 5.042242050170898
"2023-05-04 20:38:55,945 [INFO] EPISODE 1620, LOSS 5.7966437339782715
"2023-05-04 20:38:56,242 [INFO] EPISODE 1630, LOSS 3.720180034637451
"2023-05-04 20:38:56,532 [INFO] EPISODE 1640, LOSS 5.4331374168396
"2023-05-04 20:38:56,822 [INFO] EPISODE 1650, LOSS 6.338998317718506
"2023-05-04 20:38:57,169 [INFO] EPISODE 1660, LOSS 6.245330810546875
"2023-05-04 20:38:57,450 [INFO] EPISODE 1670, LOSS 5.769966125488281
"2023-05-04 20:38:57,733 [INFO] EPISODE 1680, LOSS 4.744115829467773
"2023-05-04 20:38:58,043 [INFO] EPISODE 1690, LOSS 5.6477789878845215
"2023-05-04 20:38:58,330 [INFO] EPISODE 1700, LOSS 6.213042259216309
"2023-05-04 20:38:58,621 [INFO] EPISODE 1710, LOSS 4.776157379150391
"2023-05-04 20:38:58,908 [INFO] EPISODE 1720, LOSS 5.4459123611450195
"2023-05-04 20:38:59,228 [INFO] EPISODE 1730, LOSS 5.059175491333008
"2023-05-04 20:38:59,512 [INFO] EPISODE 1740, LOSS 6.6189284324646
"2023-05-04 20:38:59,794 [INFO] EPISODE 1750, LOSS 6.544442653656006
"2023-05-04 20:39:00,112 [INFO] EPISODE 1760, LOSS 5.99613094329834
"2023-05-04 20:39:00,401 [INFO] EPISODE 1770, LOSS 5.708564281463623
"2023-05-04 20:39:00,700 [INFO] EPISODE 1780, LOSS 5.40264892578125
"2023-05-04 20:39:00,985 [INFO] EPISODE 1790, LOSS 6.251228332519531
"2023-05-04 20:39:01,297 [INFO] EPISODE 1800, LOSS 7.232907772064209
"2023-05-04 20:39:01,585 [INFO] EPISODE 1810, LOSS 6.299806118011475
"2023-05-04 20:39:01,877 [INFO] EPISODE 1820, LOSS 5.633919715881348
"2023-05-04 20:39:02,160 [INFO] EPISODE 1830, LOSS 5.596032619476318
"2023-05-04 20:39:02,489 [INFO] EPISODE 1840, LOSS 4.7094340324401855
"2023-05-04 20:39:02,791 [INFO] EPISODE 1850, LOSS 4.607690811157227
"2023-05-04 20:39:03,074 [INFO] EPISODE 1860, LOSS 6.287871360778809
"2023-05-04 20:39:03,450 [INFO] EPISODE 1870, LOSS 6.001498222351074
"2023-05-04 20:39:03,736 [INFO] EPISODE 1880, LOSS 4.782956600189209
"2023-05-04 20:39:04,034 [INFO] EPISODE 1890, LOSS 5.56391716003418
"2023-05-04 20:39:04,319 [INFO] EPISODE 1900, LOSS 5.669579982757568
"2023-05-04 20:39:04,615 [INFO] EPISODE 1910, LOSS 4.0671892166137695
"2023-05-04 20:39:04,912 [INFO] EPISODE 1920, LOSS 4.7647905349731445
"2023-05-04 20:39:05,221 [INFO] EPISODE 1930, LOSS 5.397109508514404
"2023-05-04 20:39:05,539 [INFO] EPISODE 1940, LOSS 5.023737907409668
"2023-05-04 20:39:05,838 [INFO] EPISODE 1950, LOSS 6.016177654266357
"2023-05-04 20:39:06,130 [INFO] EPISODE 1960, LOSS 4.42991828918457
"2023-05-04 20:39:06,425 [INFO] EPISODE 1970, LOSS 4.639291763305664
"2023-05-04 20:39:06,746 [INFO] EPISODE 1980, LOSS 6.339533805847168
"2023-05-04 20:39:07,033 [INFO] EPISODE 1990, LOSS 3.6538429260253906
"2023-05-04 20:39:07,332 [INFO] ===== ONNX SAVED at ./savemodel/0504_0838PM/2000.onnx
"2023-05-04 20:39:07,332 [INFO] EPISODE 2000, LOSS 5.891847610473633
"2023-05-04 20:39:07,658 [INFO] EPISODE 2010, LOSS 5.974524974822998
"2023-05-04 20:39:07,962 [INFO] EPISODE 2020, LOSS 6.616567134857178
"2023-05-04 20:39:08,253 [INFO] EPISODE 2030, LOSS 4.636322021484375
"2023-05-04 20:39:08,540 [INFO] EPISODE 2040, LOSS 6.887172698974609
"2023-05-04 20:39:08,859 [INFO] EPISODE 2050, LOSS 6.782973766326904
"2023-05-04 20:39:09,158 [INFO] EPISODE 2060, LOSS 5.188706874847412
"2023-05-04 20:39:09,513 [INFO] EPISODE 2070, LOSS 7.22046422958374
"2023-05-04 20:39:09,839 [INFO] EPISODE 2080, LOSS 4.894225597381592
"2023-05-04 20:39:10,121 [INFO] EPISODE 2090, LOSS 5.567372798919678
"2023-05-04 20:39:10,417 [INFO] EPISODE 2100, LOSS 6.016071319580078
"2023-05-04 20:39:10,777 [INFO] EPISODE 2110, LOSS 4.5768938064575195
"2023-05-04 20:39:11,083 [INFO] EPISODE 2120, LOSS 5.5031046867370605
"2023-05-04 20:39:11,379 [INFO] EPISODE 2130, LOSS 5.315484523773193
"2023-05-04 20:39:11,671 [INFO] EPISODE 2140, LOSS 4.182948112487793
"2023-05-04 20:39:12,017 [INFO] EPISODE 2150, LOSS 4.4142069816589355
"2023-05-04 20:39:12,302 [INFO] EPISODE 2160, LOSS 5.925982475280762
"2023-05-04 20:39:12,593 [INFO] EPISODE 2170, LOSS 5.675044059753418
"2023-05-04 20:39:12,940 [INFO] EPISODE 2180, LOSS 5.134590148925781
"2023-05-04 20:39:13,226 [INFO] EPISODE 2190, LOSS 6.093283653259277
"2023-05-04 20:39:13,525 [INFO] EPISODE 2200, LOSS 5.8295183181762695
"2023-05-04 20:39:13,815 [INFO] EPISODE 2210, LOSS 5.340523719787598
"2023-05-04 20:39:14,145 [INFO] EPISODE 2220, LOSS 6.377784252166748
"2023-05-04 20:39:14,439 [INFO] EPISODE 2230, LOSS 5.291245937347412
"2023-05-04 20:39:14,742 [INFO] EPISODE 2240, LOSS 5.708072662353516
"2023-05-04 20:39:15,092 [INFO] EPISODE 2250, LOSS 5.391773223876953
"2023-05-04 20:39:15,392 [INFO] EPISODE 2260, LOSS 5.434537410736084
"2023-05-04 20:39:15,679 [INFO] EPISODE 2270, LOSS 6.447387218475342
"2023-05-04 20:39:15,976 [INFO] EPISODE 2280, LOSS 5.158820629119873
"2023-05-04 20:39:16,303 [INFO] EPISODE 2290, LOSS 5.410038948059082
"2023-05-04 20:39:16,643 [INFO] EPISODE 2300, LOSS 5.406079292297363
"2023-05-04 20:39:16,959 [INFO] EPISODE 2310, LOSS 5.383676052093506
"2023-05-04 20:39:17,282 [INFO] EPISODE 2320, LOSS 4.590360164642334
"2023-05-04 20:39:17,573 [INFO] EPISODE 2330, LOSS 6.182458877563477
"2023-05-04 20:39:17,859 [INFO] EPISODE 2340, LOSS 6.747535705566406
"2023-05-04 20:39:18,172 [INFO] EPISODE 2350, LOSS 4.297727108001709
"2023-05-04 20:39:18,467 [INFO] EPISODE 2360, LOSS 5.630319118499756
"2023-05-04 20:39:18,762 [INFO] EPISODE 2370, LOSS 6.119865417480469
"2023-05-04 20:39:19,063 [INFO] EPISODE 2380, LOSS 5.195926189422607
"2023-05-04 20:39:19,392 [INFO] EPISODE 2390, LOSS 4.870128631591797
"2023-05-04 20:39:19,694 [INFO] EPISODE 2400, LOSS 5.966379165649414
"2023-05-04 20:39:20,000 [INFO] EPISODE 2410, LOSS 5.069279670715332
"2023-05-04 20:39:20,331 [INFO] EPISODE 2420, LOSS 5.482508659362793
"2023-05-04 20:39:20,624 [INFO] EPISODE 2430, LOSS 6.125279903411865
"2023-05-04 20:39:20,916 [INFO] EPISODE 2440, LOSS 6.670243740081787
"2023-05-04 20:39:21,205 [INFO] EPISODE 2450, LOSS 7.415677547454834
"2023-05-04 20:39:21,524 [INFO] EPISODE 2460, LOSS 5.813267707824707
"2023-05-04 20:39:21,824 [INFO] EPISODE 2470, LOSS 5.848618507385254
"2023-05-04 20:39:22,127 [INFO] EPISODE 2480, LOSS 5.768008708953857
"2023-05-04 20:39:22,485 [INFO] EPISODE 2490, LOSS 6.605810165405273
"2023-05-04 20:39:22,792 [INFO] EPISODE 2500, LOSS 7.0837225914001465
"2023-05-04 20:39:23,090 [INFO] EPISODE 2510, LOSS 6.828124046325684
"2023-05-04 20:39:23,397 [INFO] EPISODE 2520, LOSS 4.9742655754089355
"2023-05-04 20:39:23,753 [INFO] EPISODE 2530, LOSS 5.888894557952881
"2023-05-04 20:39:24,043 [INFO] EPISODE 2540, LOSS 5.510503768920898
"2023-05-04 20:39:24,350 [INFO] EPISODE 2550, LOSS 5.76429557800293
"2023-05-04 20:39:24,674 [INFO] EPISODE 2560, LOSS 6.578364372253418
"2023-05-04 20:39:24,983 [INFO] EPISODE 2570, LOSS 4.861570835113525
"2023-05-04 20:39:25,287 [INFO] EPISODE 2580, LOSS 6.525816917419434
"2023-05-04 20:39:25,615 [INFO] EPISODE 2590, LOSS 8.030546188354492
"2023-05-04 20:39:25,901 [INFO] EPISODE 2600, LOSS 5.96044921875
"2023-05-04 20:39:26,199 [INFO] EPISODE 2610, LOSS 7.433043479919434
"2023-05-04 20:39:26,486 [INFO] EPISODE 2620, LOSS 6.7147626876831055
"2023-05-04 20:39:26,827 [INFO] EPISODE 2630, LOSS 7.410195350646973
"2023-05-04 20:39:27,121 [INFO] EPISODE 2640, LOSS 7.098580360412598
"2023-05-04 20:39:27,412 [INFO] EPISODE 2650, LOSS 7.71704626083374
"2023-05-04 20:39:27,697 [INFO] EPISODE 2660, LOSS 5.447534084320068
"2023-05-04 20:39:27,992 [INFO] EPISODE 2670, LOSS 7.3690900802612305
"2023-05-04 20:39:28,277 [INFO] EPISODE 2680, LOSS 5.729613780975342
"2023-05-04 20:39:28,570 [INFO] EPISODE 2690, LOSS 6.107226848602295
"2023-05-04 20:39:28,884 [INFO] EPISODE 2700, LOSS 5.229190826416016
"2023-05-04 20:39:29,170 [INFO] EPISODE 2710, LOSS 7.712242126464844
"2023-05-04 20:39:29,464 [INFO] EPISODE 2720, LOSS 7.600909233093262
"2023-05-04 20:39:29,749 [INFO] EPISODE 2730, LOSS 5.962828636169434
"2023-05-04 20:39:30,081 [INFO] EPISODE 2740, LOSS 5.5685014724731445
"2023-05-04 20:39:30,423 [INFO] EPISODE 2750, LOSS 7.7426371574401855
"2023-05-04 20:39:30,708 [INFO] EPISODE 2760, LOSS 5.843616485595703
"2023-05-04 20:39:31,026 [INFO] EPISODE 2770, LOSS 6.291635513305664
"2023-05-04 20:39:31,316 [INFO] EPISODE 2780, LOSS 6.922191143035889
"2023-05-04 20:39:31,616 [INFO] EPISODE 2790, LOSS 6.822813034057617
"2023-05-04 20:39:31,905 [INFO] EPISODE 2800, LOSS 6.342791557312012
"2023-05-04 20:39:32,241 [INFO] EPISODE 2810, LOSS 6.328248500823975
"2023-05-04 20:39:32,526 [INFO] EPISODE 2820, LOSS 8.079463005065918
"2023-05-04 20:39:32,820 [INFO] EPISODE 2830, LOSS 4.779332160949707
"2023-05-04 20:39:33,163 [INFO] EPISODE 2840, LOSS 6.596129417419434
"2023-05-04 20:39:33,465 [INFO] EPISODE 2850, LOSS 6.540247917175293
"2023-05-04 20:39:33,770 [INFO] EPISODE 2860, LOSS 6.8797712326049805
"2023-05-04 20:39:34,072 [INFO] EPISODE 2870, LOSS 6.111197471618652
"2023-05-04 20:39:34,384 [INFO] EPISODE 2880, LOSS 6.646686553955078
"2023-05-04 20:39:34,691 [INFO] EPISODE 2890, LOSS 7.055644989013672
"2023-05-04 20:39:35,013 [INFO] EPISODE 2900, LOSS 7.656991481781006
"2023-05-04 20:39:35,345 [INFO] EPISODE 2910, LOSS 6.721436977386475
"2023-05-04 20:39:35,651 [INFO] EPISODE 2920, LOSS 8.500940322875977
"2023-05-04 20:39:35,958 [INFO] EPISODE 2930, LOSS 6.387056350708008
"2023-05-04 20:39:36,339 [INFO] EPISODE 2940, LOSS 8.294734954833984
"2023-05-04 20:39:36,653 [INFO] EPISODE 2950, LOSS 6.323256492614746
"2023-05-04 20:39:37,077 [INFO] EPISODE 2960, LOSS 7.953164100646973
"2023-05-04 20:39:37,423 [INFO] EPISODE 2970, LOSS 7.251848220825195
"2023-05-04 20:39:37,770 [INFO] EPISODE 2980, LOSS 8.703842163085938
"2023-05-04 20:39:38,078 [INFO] EPISODE 2990, LOSS 9.805620193481445
"2023-05-04 20:39:38,451 [INFO] ===== ONNX SAVED at ./savemodel/0504_0838PM/3000.onnx
"2023-05-04 20:39:38,451 [INFO] EPISODE 3000, LOSS 6.916146755218506
"2023-05-04 20:39:38,756 [INFO] EPISODE 3010, LOSS 6.7948455810546875
"2023-05-04 20:39:39,060 [INFO] EPISODE 3020, LOSS 7.825901031494141
"2023-05-04 20:39:39,420 [INFO] EPISODE 3030, LOSS 8.005390167236328
"2023-05-04 20:39:39,723 [INFO] EPISODE 3040, LOSS 6.943582057952881
"2023-05-04 20:39:40,026 [INFO] EPISODE 3050, LOSS 6.493656158447266
"2023-05-04 20:39:40,345 [INFO] EPISODE 3060, LOSS 8.007216453552246
"2023-05-04 20:39:40,737 [INFO] EPISODE 3070, LOSS 7.927577495574951
"2023-05-04 20:39:41,108 [INFO] EPISODE 3080, LOSS 6.8271894454956055
"2023-05-04 20:39:41,415 [INFO] EPISODE 3090, LOSS 7.306560516357422
"2023-05-04 20:39:41,827 [INFO] EPISODE 3100, LOSS 7.671315670013428
"2023-05-04 20:39:42,138 [INFO] EPISODE 3110, LOSS 7.842278957366943
"2023-05-04 20:39:42,453 [INFO] EPISODE 3120, LOSS 8.236590385437012
"2023-05-04 20:39:42,775 [INFO] EPISODE 3130, LOSS 7.0762128829956055
"2023-05-04 20:39:43,080 [INFO] EPISODE 3140, LOSS 8.459901809692383
"2023-05-04 20:39:43,386 [INFO] EPISODE 3150, LOSS 6.794301986694336
"2023-05-04 20:39:43,703 [INFO] EPISODE 3160, LOSS 5.44345235824585
"2023-05-04 20:39:44,005 [INFO] EPISODE 3170, LOSS 6.9976348876953125
"2023-05-04 20:39:44,323 [INFO] EPISODE 3180, LOSS 7.620588302612305
"2023-05-04 20:39:44,761 [INFO] EPISODE 3190, LOSS 5.428849697113037
"2023-05-04 20:39:45,097 [INFO] EPISODE 3200, LOSS 6.6778082847595215
"2023-05-04 20:39:45,442 [INFO] EPISODE 3210, LOSS 8.375636100769043
"2023-05-04 20:39:45,802 [INFO] EPISODE 3220, LOSS 8.475481033325195
"2023-05-04 20:39:46,143 [INFO] EPISODE 3230, LOSS 7.894963264465332
"2023-05-04 20:39:46,478 [INFO] EPISODE 3240, LOSS 6.78463077545166
"2023-05-04 20:39:46,821 [INFO] EPISODE 3250, LOSS 8.107699394226074
"2023-05-04 20:39:47,168 [INFO] EPISODE 3260, LOSS 7.258966445922852
"2023-05-04 20:39:47,502 [INFO] EPISODE 3270, LOSS 5.979191780090332
"2023-05-04 20:39:47,846 [INFO] EPISODE 3280, LOSS 6.833024501800537
"2023-05-04 20:39:48,223 [INFO] EPISODE 3290, LOSS 6.864608287811279
"2023-05-04 20:39:48,567 [INFO] EPISODE 3300, LOSS 6.796148300170898
"2023-05-04 20:39:48,914 [INFO] EPISODE 3310, LOSS 5.833427429199219
"2023-05-04 20:39:49,279 [INFO] EPISODE 3320, LOSS 7.802097320556641
"2023-05-04 20:39:49,622 [INFO] EPISODE 3330, LOSS 7.016242980957031
"2023-05-04 20:39:49,964 [INFO] EPISODE 3340, LOSS 7.550006866455078
"2023-05-04 20:39:50,338 [INFO] EPISODE 3350, LOSS 7.898765563964844
"2023-05-04 20:39:50,677 [INFO] EPISODE 3360, LOSS 7.538203239440918
"2023-05-04 20:39:51,019 [INFO] EPISODE 3370, LOSS 9.05551528930664
"2023-05-04 20:39:51,410 [INFO] EPISODE 3380, LOSS 8.379103660583496
"2023-05-04 20:39:51,748 [INFO] EPISODE 3390, LOSS 7.704545021057129
"2023-05-04 20:39:52,091 [INFO] EPISODE 3400, LOSS 8.405370712280273
"2023-05-04 20:39:52,466 [INFO] EPISODE 3410, LOSS 6.444327354431152
"2023-05-04 20:39:52,807 [INFO] EPISODE 3420, LOSS 8.18370246887207
"2023-05-04 20:39:53,149 [INFO] EPISODE 3430, LOSS 7.15798282623291
"2023-05-04 20:39:53,542 [INFO] EPISODE 3440, LOSS 7.612596035003662
"2023-05-04 20:39:53,884 [INFO] EPISODE 3450, LOSS 8.321803092956543
"2023-05-04 20:39:54,223 [INFO] EPISODE 3460, LOSS 7.630537986755371
"2023-05-04 20:39:54,597 [INFO] EPISODE 3470, LOSS 8.414741516113281
"2023-05-04 20:39:54,940 [INFO] EPISODE 3480, LOSS 10.072240829467773
"2023-05-04 20:39:55,285 [INFO] EPISODE 3490, LOSS 6.258883953094482
"2023-05-04 20:39:55,650 [INFO] EPISODE 3500, LOSS 6.5836029052734375
"2023-05-04 20:39:55,991 [INFO] EPISODE 3510, LOSS 6.827489852905273
"2023-05-04 20:39:56,371 [INFO] EPISODE 3520, LOSS 7.431863307952881
"2023-05-04 20:39:56,801 [INFO] EPISODE 3530, LOSS 7.12465763092041
"2023-05-04 20:39:57,158 [INFO] EPISODE 3540, LOSS 7.899899959564209
"2023-05-04 20:39:57,560 [INFO] EPISODE 3550, LOSS 9.281919479370117
"2023-05-04 20:39:57,927 [INFO] EPISODE 3560, LOSS 8.344724655151367
"2023-05-04 20:39:58,277 [INFO] EPISODE 3570, LOSS 8.028545379638672
"2023-05-04 20:39:58,622 [INFO] EPISODE 3580, LOSS 8.422395706176758
"2023-05-04 20:39:58,963 [INFO] EPISODE 3590, LOSS 7.687459468841553
"2023-05-04 20:39:59,303 [INFO] EPISODE 3600, LOSS 8.439772605895996
"2023-05-04 20:39:59,650 [INFO] EPISODE 3610, LOSS 6.157280921936035
"2023-05-04 20:39:59,994 [INFO] EPISODE 3620, LOSS 9.866716384887695
"2023-05-04 20:40:00,334 [INFO] EPISODE 3630, LOSS 7.173868179321289
"2023-05-04 20:40:00,678 [INFO] EPISODE 3640, LOSS 7.177146911621094
"2023-05-04 20:40:01,023 [INFO] EPISODE 3650, LOSS 8.88563346862793
"2023-05-04 20:40:01,368 [INFO] EPISODE 3660, LOSS 7.157691478729248
"2023-05-04 20:40:01,775 [INFO] EPISODE 3670, LOSS 8.224700927734375
"2023-05-04 20:40:02,121 [INFO] EPISODE 3680, LOSS 7.001710891723633
"2023-05-04 20:40:02,464 [INFO] EPISODE 3690, LOSS 6.895108699798584
"2023-05-04 20:40:02,807 [INFO] EPISODE 3700, LOSS 9.620637893676758
"2023-05-04 20:40:03,146 [INFO] EPISODE 3710, LOSS 8.783903121948242
"2023-05-04 20:40:03,490 [INFO] EPISODE 3720, LOSS 8.729715347290039
"2023-05-04 20:40:03,834 [INFO] EPISODE 3730, LOSS 9.018163681030273
"2023-05-04 20:40:04,176 [INFO] EPISODE 3740, LOSS 9.666083335876465
"2023-05-04 20:40:04,520 [INFO] EPISODE 3750, LOSS 8.111908912658691
"2023-05-04 20:40:04,861 [INFO] EPISODE 3760, LOSS 8.401010513305664
"2023-05-04 20:40:05,213 [INFO] EPISODE 3770, LOSS 8.823524475097656
"2023-05-04 20:40:05,558 [INFO] EPISODE 3780, LOSS 7.613080978393555
"2023-05-04 20:40:05,908 [INFO] EPISODE 3790, LOSS 9.402801513671875
"2023-05-04 20:40:06,243 [INFO] EPISODE 3800, LOSS 6.785647392272949
"2023-05-04 20:40:06,540 [INFO] EPISODE 3810, LOSS 7.50958251953125
"2023-05-04 20:40:06,847 [INFO] EPISODE 3820, LOSS 9.29956340789795
"2023-05-04 20:40:07,196 [INFO] EPISODE 3830, LOSS 7.443713665008545
"2023-05-04 20:40:07,498 [INFO] EPISODE 3840, LOSS 8.0264310836792
"2023-05-04 20:40:07,797 [INFO] EPISODE 3850, LOSS 7.932573318481445
"2023-05-04 20:40:08,093 [INFO] EPISODE 3860, LOSS 7.701744079589844
"2023-05-04 20:40:08,393 [INFO] EPISODE 3870, LOSS 7.371659278869629
"2023-05-04 20:40:08,683 [INFO] EPISODE 3880, LOSS 8.62163257598877
"2023-05-04 20:40:08,973 [INFO] EPISODE 3890, LOSS 10.575526237487793
"2023-05-04 20:40:09,265 [INFO] EPISODE 3900, LOSS 10.341365814208984
"2023-05-04 20:40:09,629 [INFO] EPISODE 3910, LOSS 8.484962463378906
"2023-05-04 20:40:09,940 [INFO] EPISODE 3920, LOSS 6.070397853851318
"2023-05-04 20:40:10,331 [INFO] EPISODE 3930, LOSS 8.411413192749023
"2023-05-04 20:40:10,634 [INFO] EPISODE 3940, LOSS 7.859244346618652
"2023-05-04 20:40:10,934 [INFO] EPISODE 3950, LOSS 7.742976188659668
"2023-05-04 20:40:11,239 [INFO] EPISODE 3960, LOSS 7.127020835876465
"2023-05-04 20:40:11,554 [INFO] EPISODE 3970, LOSS 6.961700439453125
"2023-05-04 20:40:11,844 [INFO] EPISODE 3980, LOSS 8.375100135803223
"2023-05-04 20:40:12,133 [INFO] EPISODE 3990, LOSS 9.898185729980469
"2023-05-04 20:40:12,434 [INFO] ===== ONNX SAVED at ./savemodel/0504_0838PM/4000.onnx
"2023-05-04 20:40:12,434 [INFO] EPISODE 4000, LOSS 7.169200897216797
"2023-05-04 20:40:12,733 [INFO] EPISODE 4010, LOSS 9.999403953552246
"2023-05-04 20:40:13,026 [INFO] EPISODE 4020, LOSS 7.835366249084473
"2023-05-04 20:40:13,316 [INFO] EPISODE 4030, LOSS 7.740080833435059
"2023-05-04 20:40:13,655 [INFO] EPISODE 4040, LOSS 8.820795059204102
"2023-05-04 20:40:13,945 [INFO] EPISODE 4050, LOSS 7.4108991622924805
"2023-05-04 20:40:14,247 [INFO] EPISODE 4060, LOSS 10.555173873901367
"2023-05-04 20:40:14,553 [INFO] EPISODE 4070, LOSS 8.683874130249023
"2023-05-04 20:40:14,847 [INFO] EPISODE 4080, LOSS 8.358657836914062
"2023-05-04 20:40:15,165 [INFO] EPISODE 4090, LOSS 7.542243003845215
"2023-05-04 20:40:15,469 [INFO] EPISODE 4100, LOSS 7.993963241577148
"2023-05-04 20:40:15,858 [INFO] EPISODE 4110, LOSS 10.257521629333496
"2023-05-04 20:40:16,167 [INFO] EPISODE 4120, LOSS 8.938202857971191
"2023-05-04 20:40:16,545 [INFO] EPISODE 4130, LOSS 10.484834671020508
"2023-05-04 20:40:16,863 [INFO] EPISODE 4140, LOSS 9.432554244995117
"2023-05-04 20:40:17,161 [INFO] EPISODE 4150, LOSS 9.609945297241211
"2023-05-04 20:40:17,468 [INFO] EPISODE 4160, LOSS 7.797462463378906
"2023-05-04 20:40:17,815 [INFO] EPISODE 4170, LOSS 9.419647216796875
"2023-05-04 20:40:18,115 [INFO] EPISODE 4180, LOSS 7.447929382324219
"2023-05-04 20:40:18,424 [INFO] EPISODE 4190, LOSS 7.632962703704834
"2023-05-04 20:40:18,748 [INFO] EPISODE 4200, LOSS 8.486289024353027
"2023-05-04 20:40:19,044 [INFO] EPISODE 4210, LOSS 7.940091133117676
"2023-05-04 20:40:19,338 [INFO] EPISODE 4220, LOSS 8.208017349243164
"2023-05-04 20:40:19,629 [INFO] EPISODE 4230, LOSS 8.376593589782715
"2023-05-04 20:40:19,942 [INFO] EPISODE 4240, LOSS 8.804896354675293
"2023-05-04 20:40:20,231 [INFO] EPISODE 4250, LOSS 9.600839614868164
"2023-05-04 20:40:20,525 [INFO] EPISODE 4260, LOSS 7.389616966247559
"2023-05-04 20:40:20,873 [INFO] EPISODE 4270, LOSS 10.04453182220459
"2023-05-04 20:40:21,170 [INFO] EPISODE 4280, LOSS 10.83395004272461
"2023-05-04 20:40:21,462 [INFO] EPISODE 4290, LOSS 7.627659797668457
"2023-05-04 20:40:21,761 [INFO] EPISODE 4300, LOSS 7.584409236907959
"2023-05-04 20:40:22,114 [INFO] EPISODE 4310, LOSS 11.424704551696777
"2023-05-04 20:40:22,404 [INFO] EPISODE 4320, LOSS 10.291561126708984
"2023-05-04 20:40:22,697 [INFO] EPISODE 4330, LOSS 10.581347465515137
"2023-05-04 20:40:23,055 [INFO] EPISODE 4340, LOSS 10.641213417053223
"2023-05-04 20:40:23,372 [INFO] EPISODE 4350, LOSS 7.882310390472412
"2023-05-04 20:40:23,669 [INFO] EPISODE 4360, LOSS 9.850542068481445
"2023-05-04 20:40:23,963 [INFO] EPISODE 4370, LOSS 7.575445175170898
"2023-05-04 20:40:24,320 [INFO] EPISODE 4380, LOSS 8.913119316101074
"2023-05-04 20:40:24,611 [INFO] EPISODE 4390, LOSS 8.440356254577637
"2023-05-04 20:40:24,904 [INFO] EPISODE 4400, LOSS 11.090299606323242
"2023-05-04 20:40:25,265 [INFO] EPISODE 4410, LOSS 11.477778434753418
"2023-05-04 20:40:25,569 [INFO] EPISODE 4420, LOSS 10.171080589294434
"2023-05-04 20:40:25,857 [INFO] EPISODE 4430, LOSS 9.960687637329102
"2023-05-04 20:40:26,149 [INFO] EPISODE 4440, LOSS 10.510469436645508
"2023-05-04 20:40:26,441 [INFO] EPISODE 4450, LOSS 11.836283683776855
"2023-05-04 20:40:26,727 [INFO] EPISODE 4460, LOSS 9.64362907409668
"2023-05-04 20:40:27,021 [INFO] EPISODE 4470, LOSS 10.094331741333008
"2023-05-04 20:40:27,372 [INFO] EPISODE 4480, LOSS 8.80827522277832
"2023-05-04 20:40:27,675 [INFO] EPISODE 4490, LOSS 8.794483184814453
"2023-05-04 20:40:28,009 [INFO] EPISODE 4500, LOSS 10.24648666381836
"2023-05-04 20:40:28,368 [INFO] EPISODE 4510, LOSS 11.158700942993164
"2023-05-04 20:40:28,657 [INFO] EPISODE 4520, LOSS 10.843063354492188
"2023-05-04 20:40:28,954 [INFO] EPISODE 4530, LOSS 11.52128791809082
"2023-05-04 20:40:29,257 [INFO] EPISODE 4540, LOSS 10.534449577331543
"2023-05-04 20:40:29,579 [INFO] EPISODE 4550, LOSS 10.750717163085938
"2023-05-04 20:40:29,878 [INFO] EPISODE 4560, LOSS 9.818991661071777
"2023-05-04 20:40:30,168 [INFO] EPISODE 4570, LOSS 10.866903305053711
"2023-05-04 20:40:30,492 [INFO] EPISODE 4580, LOSS 8.696908950805664
"2023-05-04 20:40:30,790 [INFO] EPISODE 4590, LOSS 8.360260009765625
"2023-05-04 20:40:31,074 [INFO] EPISODE 4600, LOSS 11.012327194213867
"2023-05-04 20:40:31,367 [INFO] EPISODE 4610, LOSS 9.339451789855957
"2023-05-04 20:40:31,686 [INFO] EPISODE 4620, LOSS 9.48780632019043
"2023-05-04 20:40:31,989 [INFO] EPISODE 4630, LOSS 9.077960014343262
"2023-05-04 20:40:32,278 [INFO] EPISODE 4640, LOSS 10.604471206665039
"2023-05-04 20:40:32,620 [INFO] EPISODE 4650, LOSS 9.99268913269043
"2023-05-04 20:40:32,920 [INFO] EPISODE 4660, LOSS 10.46409797668457
"2023-05-04 20:40:33,273 [INFO] EPISODE 4670, LOSS 10.865107536315918
"2023-05-04 20:40:33,561 [INFO] EPISODE 4680, LOSS 10.288240432739258
"2023-05-04 20:40:33,868 [INFO] EPISODE 4690, LOSS 10.310857772827148
"2023-05-04 20:40:34,152 [INFO] EPISODE 4700, LOSS 11.341413497924805
"2023-05-04 20:40:34,444 [INFO] EPISODE 4710, LOSS 9.977079391479492
"2023-05-04 20:40:34,765 [INFO] EPISODE 4720, LOSS 11.190295219421387
"2023-05-04 20:40:35,078 [INFO] EPISODE 4730, LOSS 9.37546443939209
"2023-05-04 20:40:35,371 [INFO] EPISODE 4740, LOSS 11.110639572143555
"2023-05-04 20:40:35,670 [INFO] EPISODE 4750, LOSS 11.090263366699219
"2023-05-04 20:40:35,997 [INFO] EPISODE 4760, LOSS 10.672662734985352
"2023-05-04 20:40:36,300 [INFO] EPISODE 4770, LOSS 11.044811248779297
"2023-05-04 20:40:36,589 [INFO] EPISODE 4780, LOSS 11.239470481872559
"2023-05-04 20:40:36,950 [INFO] EPISODE 4790, LOSS 10.988700866699219
"2023-05-04 20:40:37,237 [INFO] EPISODE 4800, LOSS 10.588204383850098
"2023-05-04 20:40:37,532 [INFO] EPISODE 4810, LOSS 10.520627975463867
"2023-05-04 20:40:37,835 [INFO] EPISODE 4820, LOSS 12.305166244506836
"2023-05-04 20:40:38,128 [INFO] EPISODE 4830, LOSS 12.540660858154297
"2023-05-04 20:40:38,419 [INFO] EPISODE 4840, LOSS 8.055068016052246
"2023-05-04 20:40:38,713 [INFO] EPISODE 4850, LOSS 10.51711368560791
"2023-05-04 20:40:39,037 [INFO] EPISODE 4860, LOSS 12.210258483886719
"2023-05-04 20:40:39,324 [INFO] EPISODE 4870, LOSS 11.754423141479492
"2023-05-04 20:40:39,624 [INFO] EPISODE 4880, LOSS 10.6553373336792
"2023-05-04 20:40:39,928 [INFO] EPISODE 4890, LOSS 9.857146263122559
"2023-05-04 20:40:40,286 [INFO] EPISODE 4900, LOSS 10.902976989746094
"2023-05-04 20:40:40,589 [INFO] EPISODE 4910, LOSS 10.351600646972656
"2023-05-04 20:40:40,896 [INFO] EPISODE 4920, LOSS 10.132555961608887
"2023-05-04 20:40:41,223 [INFO] EPISODE 4930, LOSS 9.749048233032227
"2023-05-04 20:40:41,527 [INFO] EPISODE 4940, LOSS 11.250188827514648
"2023-05-04 20:40:41,832 [INFO] EPISODE 4950, LOSS 12.0868558883667
"2023-05-04 20:40:42,163 [INFO] EPISODE 4960, LOSS 9.688250541687012
"2023-05-04 20:40:42,453 [INFO] EPISODE 4970, LOSS 12.690958976745605
"2023-05-04 20:40:42,747 [INFO] EPISODE 4980, LOSS 12.46676254272461
"2023-05-04 20:40:43,036 [INFO] EPISODE 4990, LOSS 8.007340431213379
"2023-05-04 20:40:43,375 [INFO] ===== ONNX SAVED at ./savemodel/0504_0838PM/5000.onnx
"2023-05-04 20:40:43,375 [INFO] EPISODE 5000, LOSS 11.31727123260498
"2023-05-04 20:40:43,687 [INFO] EPISODE 5010, LOSS 10.59992504119873
"2023-05-04 20:40:44,007 [INFO] EPISODE 5020, LOSS 13.364133834838867
"2023-05-04 20:40:44,338 [INFO] EPISODE 5030, LOSS 10.85931396484375
"2023-05-04 20:40:44,632 [INFO] EPISODE 5040, LOSS 10.371444702148438
"2023-05-04 20:40:44,923 [INFO] EPISODE 5050, LOSS 12.406397819519043
"2023-05-04 20:40:45,213 [INFO] EPISODE 5060, LOSS 11.730341911315918
"2023-05-04 20:40:45,563 [INFO] EPISODE 5070, LOSS 10.001169204711914
"2023-05-04 20:40:45,864 [INFO] EPISODE 5080, LOSS 12.582508087158203
"2023-05-04 20:40:46,170 [INFO] EPISODE 5090, LOSS 10.716812133789062
"2023-05-04 20:40:46,538 [INFO] EPISODE 5100, LOSS 12.905384063720703
"2023-05-04 20:40:46,849 [INFO] EPISODE 5110, LOSS 10.365083694458008
"2023-05-04 20:40:47,142 [INFO] EPISODE 5120, LOSS 11.241338729858398
"2023-05-04 20:40:47,468 [INFO] EPISODE 5130, LOSS 12.444601058959961
"2023-05-04 20:40:47,817 [INFO] EPISODE 5140, LOSS 8.763572692871094
"2023-05-04 20:40:48,103 [INFO] EPISODE 5150, LOSS 12.313247680664062
"2023-05-04 20:40:48,396 [INFO] EPISODE 5160, LOSS 12.064525604248047
"2023-05-04 20:40:48,720 [INFO] EPISODE 5170, LOSS 12.199930191040039
"2023-05-04 20:40:49,013 [INFO] EPISODE 5180, LOSS 10.468157768249512
"2023-05-04 20:40:49,299 [INFO] EPISODE 5190, LOSS 11.970561981201172
"2023-05-04 20:40:49,617 [INFO] EPISODE 5200, LOSS 13.005758285522461
"2023-05-04 20:40:49,906 [INFO] EPISODE 5210, LOSS 12.698530197143555
"2023-05-04 20:40:50,198 [INFO] EPISODE 5220, LOSS 14.225509643554688
"2023-05-04 20:40:50,500 [INFO] EPISODE 5230, LOSS 13.787755966186523
"2023-05-04 20:40:50,867 [INFO] EPISODE 5240, LOSS 15.17944622039795
"2023-05-04 20:40:51,155 [INFO] EPISODE 5250, LOSS 10.798177719116211
"2023-05-04 20:40:51,448 [INFO] EPISODE 5260, LOSS 12.288633346557617
"2023-05-04 20:40:51,770 [INFO] EPISODE 5270, LOSS 10.920883178710938
"2023-05-04 20:40:52,060 [INFO] EPISODE 5280, LOSS 13.017428398132324
"2023-05-04 20:40:52,349 [INFO] EPISODE 5290, LOSS 14.125371932983398
"2023-05-04 20:40:52,636 [INFO] EPISODE 5300, LOSS 14.774935722351074
"2023-05-04 20:40:52,988 [INFO] EPISODE 5310, LOSS 14.891596794128418
"2023-05-04 20:40:53,287 [INFO] EPISODE 5320, LOSS 12.550623893737793
"2023-05-04 20:40:53,592 [INFO] EPISODE 5330, LOSS 13.763736724853516
"2023-05-04 20:40:53,916 [INFO] EPISODE 5340, LOSS 14.761068344116211
"2023-05-04 20:40:54,233 [INFO] EPISODE 5350, LOSS 13.985923767089844
"2023-05-04 20:40:54,543 [INFO] EPISODE 5360, LOSS 11.633567810058594
"2023-05-04 20:40:54,914 [INFO] EPISODE 5370, LOSS 12.454093933105469
"2023-05-04 20:40:55,320 [INFO] EPISODE 5380, LOSS 12.656805992126465
"2023-05-04 20:40:55,650 [INFO] EPISODE 5390, LOSS 11.311927795410156
"2023-05-04 20:40:56,029 [INFO] EPISODE 5400, LOSS 12.243475914001465
"2023-05-04 20:40:56,367 [INFO] EPISODE 5410, LOSS 17.091014862060547
"2023-05-04 20:40:56,707 [INFO] EPISODE 5420, LOSS 16.79499626159668
"2023-05-04 20:40:57,069 [INFO] EPISODE 5430, LOSS 13.454791069030762
"2023-05-04 20:40:57,399 [INFO] EPISODE 5440, LOSS 13.215307235717773
"2023-05-04 20:40:57,736 [INFO] EPISODE 5450, LOSS 12.729750633239746
"2023-05-04 20:40:58,104 [INFO] EPISODE 5460, LOSS 13.971461296081543
"2023-05-04 20:40:58,438 [INFO] EPISODE 5470, LOSS 12.83724594116211
"2023-05-04 20:40:58,777 [INFO] EPISODE 5480, LOSS 13.435890197753906
"2023-05-04 20:40:59,161 [INFO] EPISODE 5490, LOSS 11.748252868652344
"2023-05-04 20:40:59,499 [INFO] EPISODE 5500, LOSS 12.377197265625
"2023-05-04 20:40:59,842 [INFO] EPISODE 5510, LOSS 12.888519287109375
"2023-05-04 20:41:00,207 [INFO] EPISODE 5520, LOSS 16.835285186767578
"2023-05-04 20:41:00,549 [INFO] EPISODE 5530, LOSS 12.133087158203125
"2023-05-04 20:41:00,888 [INFO] EPISODE 5540, LOSS 12.594337463378906
"2023-05-04 20:41:01,224 [INFO] EPISODE 5550, LOSS 15.198405265808105
"2023-05-04 20:41:01,572 [INFO] EPISODE 5560, LOSS 12.10179328918457
"2023-05-04 20:41:01,919 [INFO] EPISODE 5570, LOSS 15.709386825561523
"2023-05-04 20:41:02,260 [INFO] EPISODE 5580, LOSS 13.949511528015137
"2023-05-04 20:41:02,593 [INFO] EPISODE 5590, LOSS 13.13422679901123
"2023-05-04 20:41:02,921 [INFO] EPISODE 5600, LOSS 16.069782257080078
"2023-05-04 20:41:03,308 [INFO] EPISODE 5610, LOSS 15.77149772644043
"2023-05-04 20:41:03,673 [INFO] EPISODE 5620, LOSS 14.422972679138184
"2023-05-04 20:41:04,006 [INFO] EPISODE 5630, LOSS 14.30023193359375
"2023-05-04 20:41:04,347 [INFO] EPISODE 5640, LOSS 13.430586814880371
"2023-05-04 20:41:04,740 [INFO] EPISODE 5650, LOSS 15.298675537109375
"2023-05-04 20:41:05,073 [INFO] EPISODE 5660, LOSS 12.08698558807373
"2023-05-04 20:41:05,404 [INFO] EPISODE 5670, LOSS 14.256654739379883
"2023-05-04 20:41:05,795 [INFO] EPISODE 5680, LOSS 13.002150535583496
"2023-05-04 20:41:06,136 [INFO] EPISODE 5690, LOSS 16.87305450439453
"2023-05-04 20:41:06,470 [INFO] EPISODE 5700, LOSS 14.768440246582031
"2023-05-04 20:41:06,856 [INFO] EPISODE 5710, LOSS 14.180514335632324
"2023-05-04 20:41:07,188 [INFO] EPISODE 5720, LOSS 16.84787940979004
"2023-05-04 20:41:07,521 [INFO] EPISODE 5730, LOSS 15.915915489196777
"2023-05-04 20:41:07,912 [INFO] EPISODE 5740, LOSS 13.982412338256836
"2023-05-04 20:41:08,245 [INFO] EPISODE 5750, LOSS 15.358457565307617
"2023-05-04 20:41:08,587 [INFO] EPISODE 5760, LOSS 15.291913986206055
"2023-05-04 20:41:08,973 [INFO] EPISODE 5770, LOSS 17.95585060119629
"2023-05-04 20:41:09,314 [INFO] EPISODE 5780, LOSS 15.387080192565918
"2023-05-04 20:41:09,650 [INFO] EPISODE 5790, LOSS 15.710443496704102
"2023-05-04 20:41:10,007 [INFO] EPISODE 5800, LOSS 12.801051139831543
"2023-05-04 20:41:10,346 [INFO] EPISODE 5810, LOSS 14.982992172241211
"2023-05-04 20:41:10,678 [INFO] EPISODE 5820, LOSS 15.291662216186523
"2023-05-04 20:41:11,051 [INFO] EPISODE 5830, LOSS 12.871722221374512
"2023-05-04 20:41:11,441 [INFO] EPISODE 5840, LOSS 13.504053115844727
"2023-05-04 20:41:11,781 [INFO] EPISODE 5850, LOSS 15.687384605407715
"2023-05-04 20:41:12,164 [INFO] EPISODE 5860, LOSS 15.445659637451172
"2023-05-04 20:41:12,510 [INFO] EPISODE 5870, LOSS 15.668516159057617
"2023-05-04 20:41:12,858 [INFO] EPISODE 5880, LOSS 17.173778533935547
"2023-05-04 20:41:13,226 [INFO] EPISODE 5890, LOSS 14.962556838989258
"2023-05-04 20:41:13,567 [INFO] EPISODE 5900, LOSS 17.740581512451172
"2023-05-04 20:41:13,900 [INFO] EPISODE 5910, LOSS 17.294004440307617
"2023-05-04 20:41:14,269 [INFO] EPISODE 5920, LOSS 13.935771942138672
"2023-05-04 20:41:14,601 [INFO] EPISODE 5930, LOSS 17.181137084960938
"2023-05-04 20:41:14,937 [INFO] EPISODE 5940, LOSS 17.60427474975586
"2023-05-04 20:41:15,295 [INFO] EPISODE 5950, LOSS 13.767141342163086
"2023-05-04 20:41:15,633 [INFO] EPISODE 5960, LOSS 15.108823776245117
"2023-05-04 20:41:15,964 [INFO] EPISODE 5970, LOSS 14.804376602172852
"2023-05-04 20:41:16,314 [INFO] EPISODE 5980, LOSS 14.877055168151855
"2023-05-04 20:41:16,603 [INFO] EPISODE 5990, LOSS 12.34671688079834
"2023-05-04 20:41:16,900 [INFO] ===== ONNX SAVED at ./savemodel/0504_0838PM/6000.onnx
"2023-05-04 20:41:16,900 [INFO] EPISODE 6000, LOSS 17.948211669921875
"2023-05-04 20:41:17,216 [INFO] EPISODE 6010, LOSS 17.129371643066406
"2023-05-04 20:41:17,517 [INFO] EPISODE 6020, LOSS 17.281789779663086
"2023-05-04 20:41:17,820 [INFO] EPISODE 6030, LOSS 17.222782135009766
"2023-05-04 20:41:18,107 [INFO] EPISODE 6040, LOSS 17.19664764404297
"2023-05-04 20:41:18,426 [INFO] EPISODE 6050, LOSS 16.932518005371094
"2023-05-04 20:41:18,782 [INFO] EPISODE 6060, LOSS 15.8074369430542
"2023-05-04 20:41:19,086 [INFO] EPISODE 6070, LOSS 16.857654571533203
"2023-05-04 20:41:19,426 [INFO] EPISODE 6080, LOSS 14.693194389343262
"2023-05-04 20:41:19,743 [INFO] EPISODE 6090, LOSS 15.431017875671387
"2023-05-04 20:41:20,037 [INFO] EPISODE 6100, LOSS 16.78481101989746
"2023-05-04 20:41:20,336 [INFO] EPISODE 6110, LOSS 17.16910171508789
"2023-05-04 20:41:20,635 [INFO] EPISODE 6120, LOSS 16.59322738647461
"2023-05-04 20:41:20,935 [INFO] EPISODE 6130, LOSS 16.739940643310547
"2023-05-04 20:41:21,224 [INFO] EPISODE 6140, LOSS 18.56940269470215
"2023-05-04 20:41:21,606 [INFO] EPISODE 6150, LOSS 17.071014404296875
"2023-05-04 20:41:21,948 [INFO] EPISODE 6160, LOSS 16.524194717407227
"2023-05-04 20:41:22,282 [INFO] EPISODE 6170, LOSS 17.12166404724121
"2023-05-04 20:41:22,645 [INFO] EPISODE 6180, LOSS 16.222944259643555
"2023-05-04 20:41:22,950 [INFO] EPISODE 6190, LOSS 17.48448944091797
"2023-05-04 20:41:23,249 [INFO] EPISODE 6200, LOSS 21.887706756591797
"2023-05-04 20:41:23,562 [INFO] EPISODE 6210, LOSS 17.637189865112305
"2023-05-04 20:41:23,856 [INFO] EPISODE 6220, LOSS 18.31451416015625
"2023-05-04 20:41:24,149 [INFO] EPISODE 6230, LOSS 17.194032669067383
"2023-05-04 20:41:24,439 [INFO] EPISODE 6240, LOSS 17.24873161315918
"2023-05-04 20:41:24,790 [INFO] EPISODE 6250, LOSS 17.07928466796875
"2023-05-04 20:41:25,075 [INFO] EPISODE 6260, LOSS 18.76356315612793
"2023-05-04 20:41:25,376 [INFO] EPISODE 6270, LOSS 16.45465850830078
"2023-05-04 20:41:25,742 [INFO] EPISODE 6280, LOSS 16.705360412597656
"2023-05-04 20:41:26,030 [INFO] EPISODE 6290, LOSS 18.339025497436523
"2023-05-04 20:41:26,328 [INFO] EPISODE 6300, LOSS 15.762527465820312
"2023-05-04 20:41:26,612 [INFO] EPISODE 6310, LOSS 18.716014862060547
"2023-05-04 20:41:26,941 [INFO] EPISODE 6320, LOSS 13.55311107635498
"2023-05-04 20:41:27,248 [INFO] EPISODE 6330, LOSS 15.576108932495117
"2023-05-04 20:41:27,571 [INFO] EPISODE 6340, LOSS 17.313520431518555
"2023-05-04 20:41:27,927 [INFO] EPISODE 6350, LOSS 16.668865203857422
"2023-05-04 20:41:28,239 [INFO] EPISODE 6360, LOSS 16.576290130615234
"2023-05-04 20:41:28,553 [INFO] EPISODE 6370, LOSS 18.54642105102539
"2023-05-04 20:41:28,887 [INFO] EPISODE 6380, LOSS 16.464542388916016
"2023-05-04 20:41:29,196 [INFO] EPISODE 6390, LOSS 16.434804916381836
"2023-05-04 20:41:29,489 [INFO] EPISODE 6400, LOSS 17.99005126953125
"2023-05-04 20:41:29,780 [INFO] EPISODE 6410, LOSS 19.13779067993164
"2023-05-04 20:41:30,118 [INFO] EPISODE 6420, LOSS 17.66274642944336
"2023-05-04 20:41:30,407 [INFO] EPISODE 6430, LOSS 17.08819580078125
"2023-05-04 20:41:30,699 [INFO] EPISODE 6440, LOSS 20.499624252319336
"2023-05-04 20:41:31,033 [INFO] EPISODE 6450, LOSS 13.657094955444336
"2023-05-04 20:41:31,320 [INFO] EPISODE 6460, LOSS 19.800161361694336
"2023-05-04 20:41:31,624 [INFO] EPISODE 6470, LOSS 20.3425350189209
"2023-05-04 20:41:31,923 [INFO] EPISODE 6480, LOSS 17.734615325927734
"2023-05-04 20:41:32,276 [INFO] EPISODE 6490, LOSS 17.63935089111328
"2023-05-04 20:41:32,569 [INFO] EPISODE 6500, LOSS 16.139633178710938
"2023-05-04 20:41:32,864 [INFO] EPISODE 6510, LOSS 14.393207550048828
"2023-05-04 20:41:33,291 [INFO] EPISODE 6520, LOSS 17.47319221496582
"2023-05-04 20:41:33,593 [INFO] EPISODE 6530, LOSS 18.18490982055664
"2023-05-04 20:41:33,885 [INFO] EPISODE 6540, LOSS 20.625701904296875
"2023-05-04 20:41:34,199 [INFO] EPISODE 6550, LOSS 20.380901336669922
"2023-05-04 20:41:34,490 [INFO] EPISODE 6560, LOSS 16.292898178100586
"2023-05-04 20:41:34,790 [INFO] EPISODE 6570, LOSS 16.151641845703125
"2023-05-04 20:41:35,095 [INFO] EPISODE 6580, LOSS 14.769594192504883
"2023-05-04 20:41:35,415 [INFO] EPISODE 6590, LOSS 14.485575675964355
"2023-05-04 20:41:35,722 [INFO] EPISODE 6600, LOSS 17.896785736083984
"2023-05-04 20:41:36,022 [INFO] EPISODE 6610, LOSS 16.930734634399414
"2023-05-04 20:41:36,383 [INFO] EPISODE 6620, LOSS 16.17943000793457
"2023-05-04 20:41:36,675 [INFO] EPISODE 6630, LOSS 20.36398696899414
"2023-05-04 20:41:36,969 [INFO] EPISODE 6640, LOSS 20.797748565673828
"2023-05-04 20:41:37,273 [INFO] EPISODE 6650, LOSS 14.94314956665039
"2023-05-04 20:41:37,614 [INFO] EPISODE 6660, LOSS 18.600116729736328
"2023-05-04 20:41:37,915 [INFO] EPISODE 6670, LOSS 18.53902244567871
"2023-05-04 20:41:38,216 [INFO] EPISODE 6680, LOSS 19.45093536376953
"2023-05-04 20:41:38,525 [INFO] EPISODE 6690, LOSS 19.369117736816406
"2023-05-04 20:41:38,850 [INFO] EPISODE 6700, LOSS 17.595916748046875
"2023-05-04 20:41:39,181 [INFO] EPISODE 6710, LOSS 14.127616882324219
"2023-05-04 20:41:39,580 [INFO] EPISODE 6720, LOSS 16.44617462158203
"2023-05-04 20:41:39,916 [INFO] EPISODE 6730, LOSS 21.885046005249023
"2023-05-04 20:41:40,235 [INFO] EPISODE 6740, LOSS 16.83367919921875
"2023-05-04 20:41:40,574 [INFO] EPISODE 6750, LOSS 18.308082580566406
"2023-05-04 20:41:40,881 [INFO] EPISODE 6760, LOSS 21.465988159179688
"2023-05-04 20:41:41,182 [INFO] EPISODE 6770, LOSS 18.4680233001709
"2023-05-04 20:41:41,538 [INFO] EPISODE 6780, LOSS 16.27621841430664
"2023-05-04 20:41:41,889 [INFO] EPISODE 6790, LOSS 16.69424057006836
"2023-05-04 20:41:42,192 [INFO] EPISODE 6800, LOSS 16.782886505126953
"2023-05-04 20:41:42,495 [INFO] EPISODE 6810, LOSS 19.26496124267578
"2023-05-04 20:41:42,827 [INFO] EPISODE 6820, LOSS 19.082990646362305
"2023-05-04 20:41:43,118 [INFO] EPISODE 6830, LOSS 17.6807804107666
"2023-05-04 20:41:43,417 [INFO] EPISODE 6840, LOSS 15.946318626403809
"2023-05-04 20:41:43,707 [INFO] EPISODE 6850, LOSS 19.013595581054688
"2023-05-04 20:41:44,035 [INFO] EPISODE 6860, LOSS 14.484136581420898
"2023-05-04 20:41:44,356 [INFO] EPISODE 6870, LOSS 20.23652458190918
"2023-05-04 20:41:44,672 [INFO] EPISODE 6880, LOSS 18.947973251342773
"2023-05-04 20:41:44,965 [INFO] EPISODE 6890, LOSS 20.20777702331543
"2023-05-04 20:41:45,263 [INFO] EPISODE 6900, LOSS 16.030059814453125
"2023-05-04 20:41:45,565 [INFO] EPISODE 6910, LOSS 16.826122283935547
"2023-05-04 20:41:45,891 [INFO] EPISODE 6920, LOSS 19.893951416015625
"2023-05-04 20:41:46,186 [INFO] EPISODE 6930, LOSS 17.763959884643555
"2023-05-04 20:41:46,486 [INFO] EPISODE 6940, LOSS 16.477035522460938
"2023-05-04 20:41:46,788 [INFO] EPISODE 6950, LOSS 18.431743621826172
"2023-05-04 20:41:47,101 [INFO] EPISODE 6960, LOSS 16.251007080078125
"2023-05-04 20:41:47,397 [INFO] EPISODE 6970, LOSS 18.084793090820312
"2023-05-04 20:41:47,696 [INFO] EPISODE 6980, LOSS 17.33294677734375
"2023-05-04 20:41:48,012 [INFO] EPISODE 6990, LOSS 17.946840286254883
"2023-05-04 20:41:48,309 [INFO] ===== ONNX SAVED at ./savemodel/0504_0838PM/7000.onnx
"2023-05-04 20:41:48,309 [INFO] EPISODE 7000, LOSS 17.92158317565918
"2023-05-04 20:41:48,609 [INFO] EPISODE 7010, LOSS 22.491392135620117
"2023-05-04 20:41:48,904 [INFO] EPISODE 7020, LOSS 18.29366683959961
"2023-05-04 20:41:49,260 [INFO] EPISODE 7030, LOSS 16.97624969482422
"2023-05-04 20:41:49,610 [INFO] EPISODE 7040, LOSS 15.264448165893555
"2023-05-04 20:41:49,913 [INFO] EPISODE 7050, LOSS 19.649898529052734
"2023-05-04 20:41:50,237 [INFO] EPISODE 7060, LOSS 18.36423110961914
"2023-05-04 20:41:50,524 [INFO] EPISODE 7070, LOSS 15.220487594604492
"2023-05-04 20:41:50,821 [INFO] EPISODE 7080, LOSS 16.771034240722656
"2023-05-04 20:41:51,121 [INFO] EPISODE 7090, LOSS 17.90994644165039
"2023-05-04 20:41:51,444 [INFO] EPISODE 7100, LOSS 17.71120834350586
"2023-05-04 20:41:51,740 [INFO] EPISODE 7110, LOSS 13.625629425048828
"2023-05-04 20:41:52,045 [INFO] EPISODE 7120, LOSS 20.243871688842773
"2023-05-04 20:41:52,396 [INFO] EPISODE 7130, LOSS 18.529159545898438
"2023-05-04 20:41:52,700 [INFO] EPISODE 7140, LOSS 16.723529815673828
"2023-05-04 20:41:53,001 [INFO] EPISODE 7150, LOSS 21.010486602783203
"2023-05-04 20:41:53,288 [INFO] EPISODE 7160, LOSS 20.88545799255371
"2023-05-04 20:41:53,577 [INFO] EPISODE 7170, LOSS 18.271320343017578
"2023-05-04 20:41:53,882 [INFO] EPISODE 7180, LOSS 21.963760375976562
"2023-05-04 20:41:54,175 [INFO] EPISODE 7190, LOSS 20.03713035583496
"2023-05-04 20:41:54,499 [INFO] EPISODE 7200, LOSS 19.87440299987793
"2023-05-04 20:41:54,787 [INFO] EPISODE 7210, LOSS 16.214412689208984
"2023-05-04 20:41:55,086 [INFO] EPISODE 7220, LOSS 20.322002410888672
"2023-05-04 20:41:55,387 [INFO] EPISODE 7230, LOSS 18.046424865722656
"2023-05-04 20:41:55,693 [INFO] EPISODE 7240, LOSS 15.808759689331055
"2023-05-04 20:41:55,992 [INFO] EPISODE 7250, LOSS 17.988033294677734
"2023-05-04 20:41:56,296 [INFO] EPISODE 7260, LOSS 16.59628677368164
"2023-05-04 20:41:56,648 [INFO] EPISODE 7270, LOSS 21.321735382080078
"2023-05-04 20:41:57,061 [INFO] EPISODE 7280, LOSS 18.77558135986328
"2023-05-04 20:41:57,402 [INFO] EPISODE 7290, LOSS 17.822357177734375
"2023-05-04 20:41:57,737 [INFO] EPISODE 7300, LOSS 17.827083587646484
"2023-05-04 20:41:58,040 [INFO] EPISODE 7310, LOSS 15.818198204040527
"2023-05-04 20:41:58,341 [INFO] EPISODE 7320, LOSS 18.43195152282715
"2023-05-04 20:41:58,669 [INFO] EPISODE 7330, LOSS 16.25944709777832
"2023-05-04 20:41:59,003 [INFO] EPISODE 7340, LOSS 15.756988525390625
"2023-05-04 20:41:59,326 [INFO] EPISODE 7350, LOSS 14.301380157470703
"2023-05-04 20:41:59,659 [INFO] EPISODE 7360, LOSS 18.792219161987305
"2023-05-04 20:41:59,952 [INFO] EPISODE 7370, LOSS 16.97012710571289
"2023-05-04 20:42:00,247 [INFO] EPISODE 7380, LOSS 16.112037658691406
"2023-05-04 20:42:00,564 [INFO] EPISODE 7390, LOSS 16.874805450439453
"2023-05-04 20:42:00,902 [INFO] EPISODE 7400, LOSS 17.88901138305664
"2023-05-04 20:42:01,210 [INFO] EPISODE 7410, LOSS 17.76180648803711
"2023-05-04 20:42:01,525 [INFO] EPISODE 7420, LOSS 21.710594177246094
"2023-05-04 20:42:01,550 [INFO] train finished. 
final loss: 21.710594177246094
"2023-05-04 20:42:01,564 [INFO] ===== ONNX SAVED at ./savemodel/0504_0838PM/FINAL100000.onnx
