"2023-05-04 16:06:17,646 [INFO] Reporter Initialized!
"2023-05-04 16:06:17,646 [INFO] Reporter LEVEL: info
"2023-05-04 16:06:19,104 [INFO] Loaded csv data is 0504_0300PM
"2023-05-04 16:06:20,271 [INFO] None
"2023-05-04 16:06:20,271 [INFO] Device(cuda) is working for train
"2023-05-04 16:06:20,271 [INFO] Train Started
"2023-05-04 16:06:20,284 [INFO] ===== ONNX SAVED at ./savemodel/0504_0406PM/0.onnx
"2023-05-04 16:06:20,284 [INFO] ===== Saved non-trained network
"2023-05-04 16:06:20,284 [INFO] EPISODE 0, LOSS 29.997426986694336
"2023-05-04 16:06:20,519 [INFO] ===== ONNX SAVED at ./savemodel/0504_0406PM/2.onnx
"2023-05-04 16:06:20,549 [INFO] ===== ONNX SAVED at ./savemodel/0504_0406PM/3.onnx
"2023-05-04 16:06:20,622 [INFO] ===== ONNX SAVED at ./savemodel/0504_0406PM/6.onnx
"2023-05-04 16:06:20,719 [INFO] EPISODE 10, LOSS 0.05139042064547539
"2023-05-04 16:06:20,980 [INFO] EPISODE 20, LOSS 0.0823301300406456
"2023-05-04 16:06:21,043 [INFO] ===== ONNX SAVED at ./savemodel/0504_0406PM/21.onnx
"2023-05-04 16:06:21,248 [INFO] EPISODE 30, LOSS 0.07248688489198685
"2023-05-04 16:06:21,464 [INFO] ===== ONNX SAVED at ./savemodel/0504_0406PM/38.onnx
"2023-05-04 16:06:21,531 [INFO] EPISODE 40, LOSS 0.04598511382937431
"2023-05-04 16:06:21,593 [INFO] ===== ONNX SAVED at ./savemodel/0504_0406PM/41.onnx
"2023-05-04 16:06:21,809 [INFO] EPISODE 50, LOSS 0.023062296211719513
"2023-05-04 16:06:22,079 [INFO] EPISODE 60, LOSS 0.011261912062764168
"2023-05-04 16:06:22,341 [INFO] ===== ONNX SAVED at ./savemodel/0504_0406PM/70.onnx
"2023-05-04 16:06:22,341 [INFO] EPISODE 70, LOSS 0.004718270152807236
"2023-05-04 16:06:22,621 [INFO] EPISODE 80, LOSS 0.03619010001420975
"2023-05-04 16:06:22,898 [INFO] EPISODE 90, LOSS 0.021227475255727768
"2023-05-04 16:06:23,156 [INFO] EPISODE 100, LOSS 0.02900269255042076
"2023-05-04 16:06:23,413 [INFO] EPISODE 110, LOSS 0.023546984419226646
"2023-05-04 16:06:23,695 [INFO] EPISODE 120, LOSS 0.05399933457374573
"2023-05-04 16:06:23,955 [INFO] EPISODE 130, LOSS 0.016476035118103027
"2023-05-04 16:06:24,211 [INFO] EPISODE 140, LOSS 0.037795864045619965
"2023-05-04 16:06:24,468 [INFO] EPISODE 150, LOSS 0.006109211128205061
"2023-05-04 16:06:24,769 [INFO] EPISODE 160, LOSS 0.03176737576723099
"2023-05-04 16:06:25,000 [INFO] EPISODE 170, LOSS 0.011929091066122055
"2023-05-04 16:06:25,230 [INFO] ===== ONNX SAVED at ./savemodel/0504_0406PM/180.onnx
"2023-05-04 16:06:25,230 [INFO] EPISODE 180, LOSS 0.002741090953350067
"2023-05-04 16:06:25,522 [INFO] EPISODE 190, LOSS 0.005475230515003204
"2023-05-04 16:06:25,728 [INFO] ===== ONNX SAVED at ./savemodel/0504_0406PM/199.onnx
"2023-05-04 16:06:25,773 [INFO] EPISODE 200, LOSS 0.00805958267301321
"2023-05-04 16:06:25,998 [INFO] EPISODE 210, LOSS 0.009078813716769218
"2023-05-04 16:06:26,218 [INFO] EPISODE 220, LOSS 0.5613418817520142
"2023-05-04 16:06:26,440 [INFO] EPISODE 230, LOSS 0.00833310466259718
"2023-05-04 16:06:26,662 [INFO] EPISODE 240, LOSS 0.011890694499015808
"2023-05-04 16:06:26,838 [INFO] ===== ONNX SAVED at ./savemodel/0504_0406PM/244.onnx
"2023-05-04 16:06:26,903 [INFO] ===== ONNX SAVED at ./savemodel/0504_0406PM/246.onnx
"2023-05-04 16:06:26,996 [INFO] EPISODE 250, LOSS 0.004480074159801006
"2023-05-04 16:06:27,251 [INFO] EPISODE 260, LOSS 0.007521806284785271
"2023-05-04 16:06:27,370 [INFO] ===== ONNX SAVED at ./savemodel/0504_0406PM/264.onnx
"2023-05-04 16:06:27,494 [INFO] EPISODE 270, LOSS 0.011086503975093365
"2023-05-04 16:06:27,735 [INFO] EPISODE 280, LOSS 0.02798645943403244
"2023-05-04 16:06:28,001 [INFO] EPISODE 290, LOSS 0.004237806424498558
"2023-05-04 16:06:28,243 [INFO] EPISODE 300, LOSS 0.005577918142080307
"2023-05-04 16:06:28,515 [INFO] EPISODE 310, LOSS 0.021304026246070862
"2023-05-04 16:06:28,753 [INFO] EPISODE 320, LOSS 0.002661964390426874
"2023-05-04 16:06:29,060 [INFO] EPISODE 330, LOSS 0.0042176079005002975
"2023-05-04 16:06:29,299 [INFO] ===== ONNX SAVED at ./savemodel/0504_0406PM/340.onnx
"2023-05-04 16:06:29,300 [INFO] EPISODE 340, LOSS 0.001259458251297474
"2023-05-04 16:06:29,534 [INFO] EPISODE 350, LOSS 0.006618937477469444
"2023-05-04 16:06:29,779 [INFO] EPISODE 360, LOSS 0.0036736472975462675
"2023-05-04 16:06:30,089 [INFO] EPISODE 370, LOSS 0.0021673168521374464
"2023-05-04 16:06:30,320 [INFO] EPISODE 380, LOSS 0.0013073313748463988
"2023-05-04 16:06:30,561 [INFO] EPISODE 390, LOSS 0.0032667997293174267
"2023-05-04 16:06:30,717 [INFO] ===== ONNX SAVED at ./savemodel/0504_0406PM/396.onnx
"2023-05-04 16:06:30,804 [INFO] EPISODE 400, LOSS 0.002805120311677456
"2023-05-04 16:06:31,038 [INFO] EPISODE 410, LOSS 0.014119995757937431
"2023-05-04 16:06:31,299 [INFO] EPISODE 420, LOSS 0.003999544307589531
"2023-05-04 16:06:31,603 [INFO] EPISODE 430, LOSS 0.0012909934157505631
"2023-05-04 16:06:31,825 [INFO] EPISODE 440, LOSS 0.001309967483393848
"2023-05-04 16:06:32,067 [INFO] EPISODE 450, LOSS 0.0017402078956365585
"2023-05-04 16:06:32,369 [INFO] EPISODE 460, LOSS 0.002120962366461754
"2023-05-04 16:06:32,463 [INFO] ===== ONNX SAVED at ./savemodel/0504_0406PM/463.onnx
"2023-05-04 16:06:32,609 [INFO] EPISODE 470, LOSS 0.003031717147678137
"2023-05-04 16:06:32,726 [INFO] ===== ONNX SAVED at ./savemodel/0504_0406PM/474.onnx
"2023-05-04 16:06:32,857 [INFO] EPISODE 480, LOSS 0.003420518711209297
"2023-05-04 16:06:33,100 [INFO] EPISODE 490, LOSS 0.007186812814325094
"2023-05-04 16:06:33,402 [INFO] EPISODE 500, LOSS 0.003203732892870903
"2023-05-04 16:06:33,523 [INFO] ===== ONNX SAVED at ./savemodel/0504_0406PM/504.onnx
"2023-05-04 16:06:33,644 [INFO] EPISODE 510, LOSS 0.005711780395358801
"2023-05-04 16:06:33,882 [INFO] EPISODE 520, LOSS 0.005335952155292034
"2023-05-04 16:06:34,126 [INFO] EPISODE 530, LOSS 0.0018878476694226265
"2023-05-04 16:06:34,408 [INFO] EPISODE 540, LOSS 0.00324413925409317
"2023-05-04 16:06:34,652 [INFO] EPISODE 550, LOSS 0.009288165718317032
"2023-05-04 16:06:34,897 [INFO] EPISODE 560, LOSS 0.00424439599737525
"2023-05-04 16:06:35,141 [INFO] EPISODE 570, LOSS 0.007697479333728552
"2023-05-04 16:06:35,400 [INFO] EPISODE 580, LOSS 0.001656204811297357
"2023-05-04 16:06:35,637 [INFO] EPISODE 590, LOSS 0.0009056041017174721
"2023-05-04 16:06:35,864 [INFO] EPISODE 600, LOSS 0.007380248513072729
"2023-05-04 16:06:36,104 [INFO] EPISODE 610, LOSS 0.0027608550153672695
"2023-05-04 16:06:36,330 [INFO] EPISODE 620, LOSS 0.0019531655125319958
"2023-05-04 16:06:36,602 [INFO] EPISODE 630, LOSS 0.0025491525884717703
"2023-05-04 16:06:36,838 [INFO] EPISODE 640, LOSS 0.0030664652585983276
"2023-05-04 16:06:37,072 [INFO] EPISODE 650, LOSS 0.009325685910880566
"2023-05-04 16:06:37,307 [INFO] ===== ONNX SAVED at ./savemodel/0504_0406PM/657.onnx
"2023-05-04 16:06:37,366 [INFO] EPISODE 660, LOSS 0.002036929363384843
"2023-05-04 16:06:37,597 [INFO] EPISODE 670, LOSS 0.002500649308785796
"2023-05-04 16:06:37,827 [INFO] EPISODE 680, LOSS 0.0017197898123413324
"2023-05-04 16:06:38,062 [INFO] EPISODE 690, LOSS 0.002897833241149783
"2023-05-04 16:06:38,292 [INFO] EPISODE 700, LOSS 0.001268541207537055
"2023-05-04 16:06:38,585 [INFO] EPISODE 710, LOSS 0.0010429804679006338
"2023-05-04 16:06:38,696 [INFO] ===== ONNX SAVED at ./savemodel/0504_0406PM/714.onnx
"2023-05-04 16:06:38,812 [INFO] EPISODE 720, LOSS 0.0011195754632353783
"2023-05-04 16:06:39,045 [INFO] EPISODE 730, LOSS 0.0017949393950402737
"2023-05-04 16:06:39,274 [INFO] EPISODE 740, LOSS 0.0027191038243472576
"2023-05-04 16:06:39,502 [INFO] EPISODE 750, LOSS 0.0008854122133925557
"2023-05-04 16:06:39,772 [INFO] EPISODE 760, LOSS 0.0008790339343249798
"2023-05-04 16:06:39,944 [INFO] ===== ONNX SAVED at ./savemodel/0504_0406PM/766.onnx
"2023-05-04 16:06:40,030 [INFO] EPISODE 770, LOSS 0.0012982012704014778
"2023-05-04 16:06:40,273 [INFO] EPISODE 780, LOSS 0.0008949462790042162
"2023-05-04 16:06:40,515 [INFO] EPISODE 790, LOSS 0.0013811164535582066
"2023-05-04 16:06:40,795 [INFO] EPISODE 800, LOSS 0.0007907368126325309
"2023-05-04 16:06:41,037 [INFO] EPISODE 810, LOSS 0.0012261634692549706
"2023-05-04 16:06:41,284 [INFO] EPISODE 820, LOSS 0.0009352894849143922
"2023-05-04 16:06:41,521 [INFO] EPISODE 830, LOSS 0.003171520307660103
"2023-05-04 16:06:41,805 [INFO] EPISODE 840, LOSS 0.001314789755269885
"2023-05-04 16:06:42,033 [INFO] EPISODE 850, LOSS 0.0018765911227092147
"2023-05-04 16:06:42,269 [INFO] EPISODE 860, LOSS 0.0010175112402066588
"2023-05-04 16:06:42,514 [INFO] EPISODE 870, LOSS 0.0024599391035735607
"2023-05-04 16:06:42,753 [INFO] EPISODE 880, LOSS 0.0009593530558049679
"2023-05-04 16:06:42,991 [INFO] EPISODE 890, LOSS 0.0008815139881335199
"2023-05-04 16:06:43,273 [INFO] EPISODE 900, LOSS 0.001873367466032505
"2023-05-04 16:06:43,501 [INFO] EPISODE 910, LOSS 0.0007851831614971161
"2023-05-04 16:06:43,744 [INFO] EPISODE 920, LOSS 0.001689561060629785
"2023-05-04 16:06:44,004 [INFO] EPISODE 930, LOSS 0.0008153845556080341
"2023-05-04 16:06:44,145 [INFO] ===== ONNX SAVED at ./savemodel/0504_0406PM/935.onnx
"2023-05-04 16:06:44,244 [INFO] EPISODE 940, LOSS 0.00047855902812443674
"2023-05-04 16:06:44,471 [INFO] EPISODE 950, LOSS 0.00029350948170758784
"2023-05-04 16:06:44,708 [INFO] EPISODE 960, LOSS 0.0008303995709866285
"2023-05-04 16:06:44,941 [INFO] EPISODE 970, LOSS 0.002998265903443098
"2023-05-04 16:06:45,176 [INFO] EPISODE 980, LOSS 0.0008410086738876998
"2023-05-04 16:06:45,399 [INFO] EPISODE 990, LOSS 0.0010348318610340357
"2023-05-04 16:06:45,640 [INFO] ===== ONNX SAVED at ./savemodel/0504_0406PM/1000.onnx
"2023-05-04 16:06:45,640 [INFO] EPISODE 1000, LOSS 0.0002461815602146089
"2023-05-04 16:06:45,892 [INFO] EPISODE 1010, LOSS 0.0011062254197895527
"2023-05-04 16:06:46,183 [INFO] EPISODE 1020, LOSS 0.0006786518497392535
"2023-05-04 16:06:46,412 [INFO] ===== ONNX SAVED at ./savemodel/0504_0406PM/1029.onnx
"2023-05-04 16:06:46,433 [INFO] EPISODE 1030, LOSS 0.0005810861475765705
"2023-05-04 16:06:46,670 [INFO] EPISODE 1040, LOSS 0.00040223606629297137
"2023-05-04 16:06:46,904 [INFO] EPISODE 1050, LOSS 0.0014398529892787337
"2023-05-04 16:06:47,202 [INFO] EPISODE 1060, LOSS 0.002030216855928302
"2023-05-04 16:06:47,425 [INFO] EPISODE 1070, LOSS 0.0018569312524050474
"2023-05-04 16:06:47,646 [INFO] EPISODE 1080, LOSS 0.00028405070770531893
"2023-05-04 16:06:47,869 [INFO] EPISODE 1090, LOSS 0.0006455761613324285
"2023-05-04 16:06:48,134 [INFO] EPISODE 1100, LOSS 0.0008912100456655025
"2023-05-04 16:06:48,356 [INFO] EPISODE 1110, LOSS 0.0004480130737647414
"2023-05-04 16:06:48,582 [INFO] EPISODE 1120, LOSS 0.0002723137731663883
"2023-05-04 16:06:48,859 [INFO] EPISODE 1130, LOSS 0.0010122862877324224
"2023-05-04 16:06:49,016 [INFO] ===== ONNX SAVED at ./savemodel/0504_0406PM/1136.onnx
"2023-05-04 16:06:49,103 [INFO] EPISODE 1140, LOSS 0.0016281175194308162
"2023-05-04 16:06:49,366 [INFO] EPISODE 1150, LOSS 0.000679332297295332
"2023-05-04 16:06:49,592 [INFO] EPISODE 1160, LOSS 0.0009655347093939781
"2023-05-04 16:06:49,813 [INFO] EPISODE 1170, LOSS 0.0015731558669358492
"2023-05-04 16:06:50,035 [INFO] EPISODE 1180, LOSS 0.0002646099019329995
"2023-05-04 16:06:50,294 [INFO] EPISODE 1190, LOSS 0.0006559882313013077
"2023-05-04 16:06:50,517 [INFO] EPISODE 1200, LOSS 0.0007720488938502967
"2023-05-04 16:06:50,737 [INFO] EPISODE 1210, LOSS 0.0004558901709970087
"2023-05-04 16:06:50,960 [INFO] EPISODE 1220, LOSS 0.0017735445871949196
"2023-05-04 16:06:51,189 [INFO] EPISODE 1230, LOSS 0.0020561497658491135
"2023-05-04 16:06:51,477 [INFO] EPISODE 1240, LOSS 0.0007284930907189846
"2023-05-04 16:06:51,717 [INFO] EPISODE 1250, LOSS 0.0004543603281490505
"2023-05-04 16:06:51,941 [INFO] EPISODE 1260, LOSS 0.000671928864903748
"2023-05-04 16:06:52,175 [INFO] ===== ONNX SAVED at ./savemodel/0504_0406PM/1270.onnx
"2023-05-04 16:06:52,175 [INFO] EPISODE 1270, LOSS 0.0001442630891688168
"2023-05-04 16:06:52,269 [INFO] ===== ONNX SAVED at ./savemodel/0504_0406PM/1273.onnx
"2023-05-04 16:06:52,465 [INFO] EPISODE 1280, LOSS 0.0010377255966886878
"2023-05-04 16:06:52,690 [INFO] EPISODE 1290, LOSS 0.0008549451595172286
"2023-05-04 16:06:52,910 [INFO] EPISODE 1300, LOSS 0.0011197394924238324
"2023-05-04 16:06:53,145 [INFO] EPISODE 1310, LOSS 0.00035683857277035713
"2023-05-04 16:06:53,372 [INFO] EPISODE 1320, LOSS 0.0012525554047897458
"2023-05-04 16:06:53,623 [INFO] EPISODE 1330, LOSS 0.0006851819343864918
"2023-05-04 16:06:53,845 [INFO] EPISODE 1340, LOSS 0.000335196586092934
"2023-05-04 16:06:54,126 [INFO] EPISODE 1350, LOSS 0.0006135430885478854
"2023-05-04 16:06:54,351 [INFO] EPISODE 1360, LOSS 0.0009074133122339845
"2023-05-04 16:06:54,605 [INFO] EPISODE 1370, LOSS 0.0015929506625980139
"2023-05-04 16:06:54,845 [INFO] EPISODE 1380, LOSS 0.0010884198127314448
"2023-05-04 16:06:55,098 [INFO] EPISODE 1390, LOSS 0.0006652295123785734
"2023-05-04 16:06:55,337 [INFO] EPISODE 1400, LOSS 0.0020098229870200157
"2023-05-04 16:06:55,637 [INFO] EPISODE 1410, LOSS 0.000987412640824914
"2023-05-04 16:06:55,876 [INFO] EPISODE 1420, LOSS 0.0005757068283855915
"2023-05-04 16:06:56,025 [INFO] ===== ONNX SAVED at ./savemodel/0504_0406PM/1426.onnx
"2023-05-04 16:06:56,113 [INFO] EPISODE 1430, LOSS 0.000674113049171865
"2023-05-04 16:06:56,360 [INFO] EPISODE 1440, LOSS 0.0008832428138703108
"2023-05-04 16:06:56,616 [INFO] EPISODE 1450, LOSS 0.00043818767881020904
"2023-05-04 16:06:56,852 [INFO] EPISODE 1460, LOSS 0.0007301258738152683
"2023-05-04 16:06:57,094 [INFO] EPISODE 1470, LOSS 0.00029811623971909285
"2023-05-04 16:06:57,318 [INFO] EPISODE 1480, LOSS 0.000554234953597188
"2023-05-04 16:06:57,548 [INFO] EPISODE 1490, LOSS 0.00022802266175858676
"2023-05-04 16:06:57,816 [INFO] EPISODE 1500, LOSS 0.001310137566179037
"2023-05-04 16:06:58,036 [INFO] EPISODE 1510, LOSS 0.0012049009092152119
"2023-05-04 16:06:58,265 [INFO] ===== ONNX SAVED at ./savemodel/0504_0406PM/1520.onnx
"2023-05-04 16:06:58,265 [INFO] EPISODE 1520, LOSS 0.00012455767136998475
"2023-05-04 16:06:58,360 [INFO] ===== ONNX SAVED at ./savemodel/0504_0406PM/1523.onnx
"2023-05-04 16:06:58,506 [INFO] EPISODE 1530, LOSS 0.00026155076920986176
"2023-05-04 16:06:58,806 [INFO] EPISODE 1540, LOSS 0.00046143014333210886
"2023-05-04 16:06:59,080 [INFO] EPISODE 1550, LOSS 0.0005921515403315425
"2023-05-04 16:06:59,340 [INFO] EPISODE 1560, LOSS 0.0011604087194427848
"2023-05-04 16:06:59,584 [INFO] EPISODE 1570, LOSS 0.0004848300595767796
"2023-05-04 16:06:59,950 [INFO] EPISODE 1580, LOSS 0.0002739774063229561
"2023-05-04 16:07:00,195 [INFO] EPISODE 1590, LOSS 0.0002724224468693137
"2023-05-04 16:07:00,454 [INFO] EPISODE 1600, LOSS 0.00041023347876034677
"2023-05-04 16:07:00,708 [INFO] EPISODE 1610, LOSS 0.0006516900612041354
"2023-05-04 16:07:00,994 [INFO] EPISODE 1620, LOSS 0.00010658389510354027
"2023-05-04 16:07:01,234 [INFO] EPISODE 1630, LOSS 0.0005227976944297552
"2023-05-04 16:07:01,474 [INFO] EPISODE 1640, LOSS 0.00034487139782868326
"2023-05-04 16:07:01,702 [INFO] EPISODE 1650, LOSS 0.0012677677441388369
"2023-05-04 16:07:02,011 [INFO] EPISODE 1660, LOSS 0.00038172455970197916
"2023-05-04 16:07:02,247 [INFO] EPISODE 1670, LOSS 0.00036952371010556817
"2023-05-04 16:07:02,486 [INFO] EPISODE 1680, LOSS 0.0006329658208414912
"2023-05-04 16:07:02,729 [INFO] EPISODE 1690, LOSS 0.0002854983613360673
"2023-05-04 16:07:02,960 [INFO] EPISODE 1700, LOSS 0.00017601647414267063
"2023-05-04 16:07:03,200 [INFO] EPISODE 1710, LOSS 0.0012435034150257707
"2023-05-04 16:07:03,425 [INFO] EPISODE 1720, LOSS 0.000918760197237134
"2023-05-04 16:07:03,661 [INFO] EPISODE 1730, LOSS 0.0022678421810269356
"2023-05-04 16:07:03,886 [INFO] EPISODE 1740, LOSS 0.001563025638461113
"2023-05-04 16:07:04,155 [INFO] EPISODE 1750, LOSS 0.0013111571315675974
"2023-05-04 16:07:04,393 [INFO] EPISODE 1760, LOSS 0.0005865399725735188
"2023-05-04 16:07:04,616 [INFO] EPISODE 1770, LOSS 0.00035323319025337696
"2023-05-04 16:07:04,738 [INFO] ===== ONNX SAVED at ./savemodel/0504_0406PM/1774.onnx
"2023-05-04 16:07:04,860 [INFO] EPISODE 1780, LOSS 0.00039557283162139356
"2023-05-04 16:07:05,128 [INFO] EPISODE 1790, LOSS 0.0004150443128310144
"2023-05-04 16:07:05,402 [INFO] ===== ONNX SAVED at ./savemodel/0504_0406PM/1798.onnx
"2023-05-04 16:07:05,444 [INFO] EPISODE 1800, LOSS 0.004532423801720142
"2023-05-04 16:07:05,679 [INFO] EPISODE 1810, LOSS 0.0006164942169561982
"2023-05-04 16:07:05,903 [INFO] EPISODE 1820, LOSS 0.00023286871146410704
"2023-05-04 16:07:06,127 [INFO] EPISODE 1830, LOSS 0.00038017844781279564
"2023-05-04 16:07:06,386 [INFO] EPISODE 1840, LOSS 0.0002698356402106583
"2023-05-04 16:07:06,609 [INFO] EPISODE 1850, LOSS 0.0007017104653641582
"2023-05-04 16:07:06,846 [INFO] EPISODE 1860, LOSS 0.00026342173805460334
"2023-05-04 16:07:07,077 [INFO] EPISODE 1870, LOSS 0.0005353658343665302
"2023-05-04 16:07:07,349 [INFO] EPISODE 1880, LOSS 0.004654919728636742
"2023-05-04 16:07:07,576 [INFO] EPISODE 1890, LOSS 0.00030910834902897477
"2023-05-04 16:07:07,797 [INFO] EPISODE 1900, LOSS 0.00017348534311167896
"2023-05-04 16:07:08,033 [INFO] EPISODE 1910, LOSS 0.0012394962832331657
"2023-05-04 16:07:08,262 [INFO] EPISODE 1920, LOSS 0.00019380245066713542
"2023-05-04 16:07:08,518 [INFO] EPISODE 1930, LOSS 0.00043918914161622524
"2023-05-04 16:07:08,767 [INFO] EPISODE 1940, LOSS 0.00017849300638772547
"2023-05-04 16:07:09,016 [INFO] EPISODE 1950, LOSS 0.0001964181283256039
"2023-05-04 16:07:09,266 [INFO] EPISODE 1960, LOSS 0.0010424007195979357
"2023-05-04 16:07:09,521 [INFO] EPISODE 1970, LOSS 0.00021231149730738252
"2023-05-04 16:07:09,797 [INFO] EPISODE 1980, LOSS 0.0005113395745866001
"2023-05-04 16:07:10,007 [INFO] ===== ONNX SAVED at ./savemodel/0504_0406PM/1987.onnx
"2023-05-04 16:07:10,081 [INFO] EPISODE 1990, LOSS 0.0004819071327801794
"2023-05-04 16:07:10,362 [INFO] ===== ONNX SAVED at ./savemodel/0504_0406PM/2000.onnx
"2023-05-04 16:07:10,362 [INFO] EPISODE 2000, LOSS 0.0006161194760352373
"2023-05-04 16:07:10,679 [INFO] EPISODE 2010, LOSS 0.00023097229131963104
"2023-05-04 16:07:10,952 [INFO] EPISODE 2020, LOSS 9.557921293890104e-05
"2023-05-04 16:07:11,198 [INFO] EPISODE 2030, LOSS 0.00027539784787222743
"2023-05-04 16:07:11,506 [INFO] EPISODE 2040, LOSS 0.00036032311618328094
"2023-05-04 16:07:11,758 [INFO] EPISODE 2050, LOSS 0.0015716347843408585
"2023-05-04 16:07:11,987 [INFO] EPISODE 2060, LOSS 0.00018908425408881158
"2023-05-04 16:07:12,223 [INFO] EPISODE 2070, LOSS 0.00038121361285448074
"2023-05-04 16:07:12,444 [INFO] EPISODE 2080, LOSS 0.0006251397426240146
"2023-05-04 16:07:12,715 [INFO] EPISODE 2090, LOSS 0.0010167860891669989
"2023-05-04 16:07:12,947 [INFO] EPISODE 2100, LOSS 0.0006046380149200559
"2023-05-04 16:07:13,174 [INFO] EPISODE 2110, LOSS 0.0010794887784868479
"2023-05-04 16:07:13,396 [INFO] EPISODE 2120, LOSS 8.226931095123291e-05
"2023-05-04 16:07:13,681 [INFO] EPISODE 2130, LOSS 0.00032743424526415765
"2023-05-04 16:07:13,927 [INFO] EPISODE 2140, LOSS 0.00022958357294555753
"2023-05-04 16:07:14,160 [INFO] EPISODE 2150, LOSS 0.0002296112070325762
"2023-05-04 16:07:14,383 [INFO] EPISODE 2160, LOSS 0.0002629462396726012
"2023-05-04 16:07:14,604 [INFO] EPISODE 2170, LOSS 0.0004910023417323828
"2023-05-04 16:07:14,869 [INFO] EPISODE 2180, LOSS 0.0007596906507387757
"2023-05-04 16:07:15,088 [INFO] EPISODE 2190, LOSS 0.0003120286564808339
"2023-05-04 16:07:15,310 [INFO] EPISODE 2200, LOSS 0.00019535052706487477
"2023-05-04 16:07:15,530 [INFO] EPISODE 2210, LOSS 0.0004138911026529968
"2023-05-04 16:07:15,792 [INFO] EPISODE 2220, LOSS 0.0006083761109039187
"2023-05-04 16:07:16,014 [INFO] EPISODE 2230, LOSS 0.0001233505754498765
"2023-05-04 16:07:16,236 [INFO] EPISODE 2240, LOSS 0.0001265415921807289
"2023-05-04 16:07:16,455 [INFO] EPISODE 2250, LOSS 0.0003182790242135525
"2023-05-04 16:07:16,680 [INFO] EPISODE 2260, LOSS 0.00026426295517012477
"2023-05-04 16:07:16,953 [INFO] EPISODE 2270, LOSS 0.0007192613556981087
"2023-05-04 16:07:17,180 [INFO] EPISODE 2280, LOSS 0.00012517864524852484
"2023-05-04 16:07:17,399 [INFO] EPISODE 2290, LOSS 6.116408621892333e-05
"2023-05-04 16:07:17,630 [INFO] EPISODE 2300, LOSS 0.00010819211456691846
"2023-05-04 16:07:17,901 [INFO] EPISODE 2310, LOSS 0.0003730829921551049
"2023-05-04 16:07:18,131 [INFO] EPISODE 2320, LOSS 0.0005768882110714912
"2023-05-04 16:07:18,354 [INFO] EPISODE 2330, LOSS 0.0004120883240830153
"2023-05-04 16:07:18,580 [INFO] EPISODE 2340, LOSS 0.00029411131981760263
"2023-05-04 16:07:18,801 [INFO] EPISODE 2350, LOSS 0.00015670803259126842
"2023-05-04 16:07:19,084 [INFO] EPISODE 2360, LOSS 0.00027683141524903476
"2023-05-04 16:07:19,307 [INFO] EPISODE 2370, LOSS 0.0007258643163368106
"2023-05-04 16:07:19,527 [INFO] EPISODE 2380, LOSS 0.000280894833849743
"2023-05-04 16:07:19,747 [INFO] EPISODE 2390, LOSS 0.0002520367270335555
"2023-05-04 16:07:19,998 [INFO] EPISODE 2400, LOSS 0.00010370028030592948
"2023-05-04 16:07:20,221 [INFO] EPISODE 2410, LOSS 4.9476977437734604e-05
"2023-05-04 16:07:20,443 [INFO] EPISODE 2420, LOSS 0.00013603571278508753
"2023-05-04 16:07:20,668 [INFO] EPISODE 2430, LOSS 0.0005407524877227843
"2023-05-04 16:07:20,893 [INFO] EPISODE 2440, LOSS 0.00012827370665036142
"2023-05-04 16:07:21,136 [INFO] EPISODE 2450, LOSS 0.0005720178596675396
"2023-05-04 16:07:21,373 [INFO] EPISODE 2460, LOSS 0.0010879578767344356
"2023-05-04 16:07:21,595 [INFO] EPISODE 2470, LOSS 9.918796422425658e-05
"2023-05-04 16:07:21,814 [INFO] EPISODE 2480, LOSS 0.0001862631761468947
"2023-05-04 16:07:22,039 [INFO] EPISODE 2490, LOSS 0.00016477907774969935
"2023-05-04 16:07:22,319 [INFO] EPISODE 2500, LOSS 0.0004262910224497318
"2023-05-04 16:07:22,545 [INFO] EPISODE 2510, LOSS 0.0005701422342099249
"2023-05-04 16:07:22,822 [INFO] EPISODE 2520, LOSS 0.00015442571020685136
"2023-05-04 16:07:23,043 [INFO] EPISODE 2530, LOSS 0.00013783009489998221
"2023-05-04 16:07:23,304 [INFO] EPISODE 2540, LOSS 0.0004451655549928546
"2023-05-04 16:07:23,525 [INFO] EPISODE 2550, LOSS 0.0002654240815900266
"2023-05-04 16:07:23,747 [INFO] EPISODE 2560, LOSS 0.00026547745801508427
"2023-05-04 16:07:23,970 [INFO] EPISODE 2570, LOSS 0.00025475339498370886
"2023-05-04 16:07:24,242 [INFO] EPISODE 2580, LOSS 0.00012931197124999017
"2023-05-04 16:07:24,471 [INFO] EPISODE 2590, LOSS 0.0004427157691679895
"2023-05-04 16:07:24,695 [INFO] EPISODE 2600, LOSS 0.00015338626690208912
"2023-05-04 16:07:24,917 [INFO] EPISODE 2610, LOSS 0.00014232276589609683
"2023-05-04 16:07:25,138 [INFO] EPISODE 2620, LOSS 0.0006153650465421379
"2023-05-04 16:07:25,356 [INFO] EPISODE 2630, LOSS 0.00029858885682187974
"2023-05-04 16:07:25,576 [INFO] EPISODE 2640, LOSS 0.0002867631264962256
"2023-05-04 16:07:25,803 [INFO] EPISODE 2650, LOSS 0.000779770954977721
"2023-05-04 16:07:26,033 [INFO] EPISODE 2660, LOSS 0.00017059710808098316
"2023-05-04 16:07:26,259 [INFO] EPISODE 2670, LOSS 0.00013665106962434947
"2023-05-04 16:07:26,519 [INFO] EPISODE 2680, LOSS 0.00012381609121803194
"2023-05-04 16:07:26,754 [INFO] EPISODE 2690, LOSS 0.00019661549595184624
"2023-05-04 16:07:26,980 [INFO] EPISODE 2700, LOSS 0.00012771764886565506
"2023-05-04 16:07:27,206 [INFO] EPISODE 2710, LOSS 0.0001600361429154873
"2023-05-04 16:07:27,501 [INFO] EPISODE 2720, LOSS 0.0015488219214603305
"2023-05-04 16:07:27,724 [INFO] EPISODE 2730, LOSS 0.0016039647161960602
"2023-05-04 16:07:27,945 [INFO] EPISODE 2740, LOSS 0.00024127948563545942
"2023-05-04 16:07:28,225 [INFO] EPISODE 2750, LOSS 0.00045626237988471985
"2023-05-04 16:07:28,446 [INFO] EPISODE 2760, LOSS 0.0015461540315300226
"2023-05-04 16:07:28,687 [INFO] EPISODE 2770, LOSS 0.00027026081806980073
"2023-05-04 16:07:28,918 [INFO] EPISODE 2780, LOSS 0.00014033688057679683
"2023-05-04 16:07:29,139 [INFO] EPISODE 2790, LOSS 5.3831048717256635e-05
"2023-05-04 16:07:29,270 [INFO] ===== ONNX SAVED at ./savemodel/0504_0406PM/2795.onnx
"2023-05-04 16:07:29,373 [INFO] EPISODE 2800, LOSS 0.0001253721711691469
"2023-05-04 16:07:29,613 [INFO] EPISODE 2810, LOSS 0.00020304167992435396
"2023-05-04 16:07:29,844 [INFO] EPISODE 2820, LOSS 9.578344179317355e-05
"2023-05-04 16:07:30,069 [INFO] EPISODE 2830, LOSS 0.0002972058136947453
"2023-05-04 16:07:30,298 [INFO] EPISODE 2840, LOSS 0.00030312969465740025
"2023-05-04 16:07:30,534 [INFO] EPISODE 2850, LOSS 0.0018570926040410995
"2023-05-04 16:07:30,748 [INFO] ===== ONNX SAVED at ./savemodel/0504_0406PM/2857.onnx
"2023-05-04 16:07:30,806 [INFO] EPISODE 2860, LOSS 0.00027144787600263953
"2023-05-04 16:07:31,038 [INFO] EPISODE 2870, LOSS 0.0002235769061371684
"2023-05-04 16:07:31,109 [INFO] ===== ONNX SAVED at ./savemodel/0504_0406PM/2872.onnx
"2023-05-04 16:07:31,231 [INFO] ===== ONNX SAVED at ./savemodel/0504_0406PM/2878.onnx
"2023-05-04 16:07:31,271 [INFO] EPISODE 2880, LOSS 0.00031629271688871086
"2023-05-04 16:07:31,490 [INFO] EPISODE 2890, LOSS 0.0004887344548478723
"2023-05-04 16:07:31,743 [INFO] EPISODE 2900, LOSS 9.034093091031536e-05
"2023-05-04 16:07:31,966 [INFO] EPISODE 2910, LOSS 0.00041496369522064924
"2023-05-04 16:07:32,188 [INFO] EPISODE 2920, LOSS 0.00019496792810969055
"2023-05-04 16:07:32,410 [INFO] EPISODE 2930, LOSS 0.0001952679012902081
"2023-05-04 16:07:32,630 [INFO] EPISODE 2940, LOSS 0.00012480487930588424
"2023-05-04 16:07:32,853 [INFO] EPISODE 2950, LOSS 0.002291501499712467
"2023-05-04 16:07:33,074 [INFO] EPISODE 2960, LOSS 0.0016810063971206546
"2023-05-04 16:07:33,355 [INFO] EPISODE 2970, LOSS 0.0004148067091591656
"2023-05-04 16:07:33,580 [INFO] EPISODE 2980, LOSS 0.00027449033223092556
"2023-05-04 16:07:33,835 [INFO] EPISODE 2990, LOSS 0.0005750117707066238
"2023-05-04 16:07:34,071 [INFO] ===== ONNX SAVED at ./savemodel/0504_0406PM/3000.onnx
"2023-05-04 16:07:34,071 [INFO] EPISODE 3000, LOSS 0.00021678616758435965
"2023-05-04 16:07:34,293 [INFO] EPISODE 3010, LOSS 0.0004892534925602376
"2023-05-04 16:07:34,515 [INFO] EPISODE 3020, LOSS 5.0581460527610034e-05
"2023-05-04 16:07:34,741 [INFO] EPISODE 3030, LOSS 0.00016262414283119142
"2023-05-04 16:07:35,012 [INFO] EPISODE 3040, LOSS 0.0003527256194502115
"2023-05-04 16:07:35,233 [INFO] EPISODE 3050, LOSS 0.00012264741235412657
"2023-05-04 16:07:35,453 [INFO] EPISODE 3060, LOSS 6.926133210072294e-05
"2023-05-04 16:07:35,682 [INFO] EPISODE 3070, LOSS 5.74420191696845e-05
"2023-05-04 16:07:35,837 [INFO] ===== ONNX SAVED at ./savemodel/0504_0406PM/3076.onnx
"2023-05-04 16:07:35,978 [INFO] EPISODE 3080, LOSS 9.530936949886382e-05
"2023-05-04 16:07:36,204 [INFO] EPISODE 3090, LOSS 0.00010823909542523324
"2023-05-04 16:07:36,436 [INFO] EPISODE 3100, LOSS 0.0003288478765171021
"2023-05-04 16:07:36,665 [INFO] EPISODE 3110, LOSS 8.61195003380999e-05
"2023-05-04 16:07:36,887 [INFO] EPISODE 3120, LOSS 0.0002541622961871326
"2023-05-04 16:07:37,158 [INFO] EPISODE 3130, LOSS 0.001253154594451189
"2023-05-04 16:07:37,406 [INFO] EPISODE 3140, LOSS 0.00010503848898224533
"2023-05-04 16:07:37,637 [INFO] EPISODE 3150, LOSS 8.350775897270069e-05
"2023-05-04 16:07:37,864 [INFO] EPISODE 3160, LOSS 7.290337089216337e-05
"2023-05-04 16:07:37,938 [INFO] ===== ONNX SAVED at ./savemodel/0504_0406PM/3162.onnx
"2023-05-04 16:07:38,067 [INFO] ===== ONNX SAVED at ./savemodel/0504_0406PM/3168.onnx
"2023-05-04 16:07:38,106 [INFO] EPISODE 3170, LOSS 0.0007504144450649619
"2023-05-04 16:07:38,326 [INFO] EPISODE 3180, LOSS 7.916764297988266e-05
"2023-05-04 16:07:38,607 [INFO] EPISODE 3190, LOSS 0.00012493442045524716
"2023-05-04 16:07:38,833 [INFO] EPISODE 3200, LOSS 0.00010499008931219578
"2023-05-04 16:07:39,053 [INFO] EPISODE 3210, LOSS 0.0001576330396346748
"2023-05-04 16:07:39,314 [INFO] EPISODE 3220, LOSS 0.0001159378734882921
"2023-05-04 16:07:39,540 [INFO] EPISODE 3230, LOSS 0.00034114482696168125
"2023-05-04 16:07:39,761 [INFO] EPISODE 3240, LOSS 0.00014944693248253316
"2023-05-04 16:07:40,002 [INFO] EPISODE 3250, LOSS 0.00016666045121382922
"2023-05-04 16:07:40,279 [INFO] EPISODE 3260, LOSS 0.0008484425488859415
"2023-05-04 16:07:40,516 [INFO] EPISODE 3270, LOSS 0.00037126996903680265
"2023-05-04 16:07:40,757 [INFO] EPISODE 3280, LOSS 0.00010172669863095507
"2023-05-04 16:07:40,984 [INFO] EPISODE 3290, LOSS 0.000163160206284374
"2023-05-04 16:07:41,247 [INFO] EPISODE 3300, LOSS 0.0003022245073225349
"2023-05-04 16:07:41,466 [INFO] ===== ONNX SAVED at ./savemodel/0504_0406PM/3309.onnx
"2023-05-04 16:07:41,487 [INFO] EPISODE 3310, LOSS 5.1828315918101e-05
"2023-05-04 16:07:41,721 [INFO] EPISODE 3320, LOSS 0.00014313617430161685
"2023-05-04 16:07:41,948 [INFO] EPISODE 3330, LOSS 0.00014838919742032886
"2023-05-04 16:07:42,170 [INFO] EPISODE 3340, LOSS 0.000338726764312014
"2023-05-04 16:07:42,459 [INFO] EPISODE 3350, LOSS 0.00020980728731956333
"2023-05-04 16:07:42,681 [INFO] EPISODE 3360, LOSS 0.00012638863699976355
"2023-05-04 16:07:42,906 [INFO] EPISODE 3370, LOSS 0.00010445994848851115
"2023-05-04 16:07:43,139 [INFO] EPISODE 3380, LOSS 5.5912387324497104e-05
"2023-05-04 16:07:43,393 [INFO] EPISODE 3390, LOSS 0.00023124294239096344
"2023-05-04 16:07:43,626 [INFO] EPISODE 3400, LOSS 0.0009081505704671144
"2023-05-04 16:07:43,846 [INFO] EPISODE 3410, LOSS 0.0004187249287497252
"2023-05-04 16:07:44,129 [INFO] EPISODE 3420, LOSS 0.00017890444723889232
"2023-05-04 16:07:44,357 [INFO] EPISODE 3430, LOSS 0.00012498644355218858
"2023-05-04 16:07:44,624 [INFO] EPISODE 3440, LOSS 0.00022530350543092936
"2023-05-04 16:07:44,857 [INFO] EPISODE 3450, LOSS 5.641294410452247e-05
"2023-05-04 16:07:45,089 [INFO] EPISODE 3460, LOSS 5.014317866880447e-05
"2023-05-04 16:07:45,313 [INFO] EPISODE 3470, LOSS 0.0003898974973708391
"2023-05-04 16:07:45,594 [INFO] EPISODE 3480, LOSS 0.0003688141005113721
"2023-05-04 16:07:45,834 [INFO] EPISODE 3490, LOSS 0.0002087844768539071
"2023-05-04 16:07:46,064 [INFO] EPISODE 3500, LOSS 6.824632873758674e-05
"2023-05-04 16:07:46,297 [INFO] EPISODE 3510, LOSS 0.00020990798657294363
"2023-05-04 16:07:46,544 [INFO] EPISODE 3520, LOSS 0.00010690569615690038
"2023-05-04 16:07:46,778 [INFO] EPISODE 3530, LOSS 0.00026102238916791975
"2023-05-04 16:07:47,002 [INFO] EPISODE 3540, LOSS 0.0001211192793562077
"2023-05-04 16:07:47,225 [INFO] EPISODE 3550, LOSS 0.0001756170386215672
"2023-05-04 16:07:47,447 [INFO] EPISODE 3560, LOSS 0.0001352801191387698
"2023-05-04 16:07:47,733 [INFO] EPISODE 3570, LOSS 9.637493349146098e-05
"2023-05-04 16:07:47,956 [INFO] EPISODE 3580, LOSS 0.00014773945440538228
"2023-05-04 16:07:48,179 [INFO] EPISODE 3590, LOSS 9.110390965361148e-05
"2023-05-04 16:07:48,407 [INFO] EPISODE 3600, LOSS 0.00039106328040361404
"2023-05-04 16:07:48,667 [INFO] EPISODE 3610, LOSS 0.00011792259465437382
"2023-05-04 16:07:48,893 [INFO] EPISODE 3620, LOSS 7.128270226530731e-05
"2023-05-04 16:07:49,116 [INFO] EPISODE 3630, LOSS 4.1866282117553055e-05
"2023-05-04 16:07:49,348 [INFO] EPISODE 3640, LOSS 0.000301340885926038
"2023-05-04 16:07:49,640 [INFO] EPISODE 3650, LOSS 7.229368202388287e-05
"2023-05-04 16:07:49,898 [INFO] EPISODE 3660, LOSS 0.00087144406279549
"2023-05-04 16:07:50,121 [INFO] EPISODE 3670, LOSS 0.0004777279682457447
"2023-05-04 16:07:50,342 [INFO] EPISODE 3680, LOSS 0.00015116564463824034
"2023-05-04 16:07:50,564 [INFO] EPISODE 3690, LOSS 0.00028585069230757654
"2023-05-04 16:07:50,855 [INFO] EPISODE 3700, LOSS 0.00021170392574276775
"2023-05-04 16:07:51,079 [INFO] EPISODE 3710, LOSS 8.176568371709436e-05
"2023-05-04 16:07:51,301 [INFO] EPISODE 3720, LOSS 4.8139751015696675e-05
"2023-05-04 16:07:51,540 [INFO] EPISODE 3730, LOSS 0.00014730081602465361
"2023-05-04 16:07:51,768 [INFO] EPISODE 3740, LOSS 0.00013031336129643023
"2023-05-04 16:07:52,044 [INFO] EPISODE 3750, LOSS 0.00012482074089348316
"2023-05-04 16:07:52,268 [INFO] EPISODE 3760, LOSS 0.00011869941954500973
"2023-05-04 16:07:52,506 [INFO] EPISODE 3770, LOSS 9.645811223890632e-05
"2023-05-04 16:07:52,745 [INFO] EPISODE 3780, LOSS 0.00011858349898830056
"2023-05-04 16:07:53,042 [INFO] EPISODE 3790, LOSS 0.00024744949769228697
"2023-05-04 16:07:53,273 [INFO] EPISODE 3800, LOSS 0.0001397325104335323
"2023-05-04 16:07:53,497 [INFO] EPISODE 3810, LOSS 0.00010524543176870793
"2023-05-04 16:07:53,762 [INFO] EPISODE 3820, LOSS 0.0002208884689025581
"2023-05-04 16:07:54,035 [INFO] EPISODE 3830, LOSS 0.000953777926042676
"2023-05-04 16:07:54,313 [INFO] EPISODE 3840, LOSS 8.46041803015396e-05
"2023-05-04 16:07:54,618 [INFO] EPISODE 3850, LOSS 4.5473407226381823e-05
"2023-05-04 16:07:54,887 [INFO] EPISODE 3860, LOSS 3.4496024454711005e-05
"2023-05-04 16:07:55,181 [INFO] EPISODE 3870, LOSS 7.798954902682453e-05
"2023-05-04 16:07:55,489 [INFO] EPISODE 3880, LOSS 0.00017532357014715672
"2023-05-04 16:07:55,750 [INFO] EPISODE 3890, LOSS 0.0001297469570999965
"2023-05-04 16:07:56,008 [INFO] EPISODE 3900, LOSS 0.0002872732875403017
"2023-05-04 16:07:56,325 [INFO] EPISODE 3910, LOSS 0.0006002491572871804
"2023-05-04 16:07:56,603 [INFO] EPISODE 3920, LOSS 7.962380186654627e-05
"2023-05-04 16:07:56,856 [INFO] EPISODE 3930, LOSS 0.00018215857562609017
"2023-05-04 16:07:57,171 [INFO] EPISODE 3940, LOSS 0.0001345240161754191
"2023-05-04 16:07:57,413 [INFO] EPISODE 3950, LOSS 0.0003033908433280885
"2023-05-04 16:07:57,651 [INFO] EPISODE 3960, LOSS 0.00016472578863613307
"2023-05-04 16:07:57,912 [INFO] EPISODE 3970, LOSS 0.00035212573129683733
"2023-05-04 16:07:58,171 [INFO] EPISODE 3980, LOSS 0.00017799893976189196
"2023-05-04 16:07:58,453 [INFO] EPISODE 3990, LOSS 0.00018222267681267112
"2023-05-04 16:07:58,716 [INFO] ===== ONNX SAVED at ./savemodel/0504_0406PM/4000.onnx
"2023-05-04 16:07:58,716 [INFO] EPISODE 4000, LOSS 0.00010318472050130367
"2023-05-04 16:07:59,001 [INFO] EPISODE 4010, LOSS 2.2857238946016878e-05
"2023-05-04 16:07:59,316 [INFO] EPISODE 4020, LOSS 0.000181644267286174
"2023-05-04 16:07:59,624 [INFO] EPISODE 4030, LOSS 0.0002124090533470735
"2023-05-04 16:07:59,927 [INFO] EPISODE 4040, LOSS 0.0002562801819294691
"2023-05-04 16:08:00,231 [INFO] EPISODE 4050, LOSS 0.00010035673039965332
"2023-05-04 16:08:00,556 [INFO] EPISODE 4060, LOSS 0.0005987462354823947
"2023-05-04 16:08:00,847 [INFO] EPISODE 4070, LOSS 0.00015608547255396843
"2023-05-04 16:08:01,156 [INFO] EPISODE 4080, LOSS 0.00010749435750767589
"2023-05-04 16:08:01,530 [INFO] EPISODE 4090, LOSS 0.0001632946077734232
"2023-05-04 16:08:01,792 [INFO] EPISODE 4100, LOSS 6.328475865302607e-05
"2023-05-04 16:08:02,056 [INFO] EPISODE 4110, LOSS 4.642474959837273e-05
"2023-05-04 16:08:02,318 [INFO] EPISODE 4120, LOSS 8.648952643852681e-05
"2023-05-04 16:08:02,610 [INFO] EPISODE 4130, LOSS 4.65346674900502e-05
"2023-05-04 16:08:02,872 [INFO] EPISODE 4140, LOSS 0.00017116573872044683
"2023-05-04 16:08:03,128 [INFO] EPISODE 4150, LOSS 0.00017694933922030032
"2023-05-04 16:08:03,369 [INFO] EPISODE 4160, LOSS 8.344006346305832e-05
"2023-05-04 16:08:03,643 [INFO] EPISODE 4170, LOSS 0.00010664842557162046
"2023-05-04 16:08:03,865 [INFO] EPISODE 4180, LOSS 0.00018786311557050794
"2023-05-04 16:08:04,092 [INFO] EPISODE 4190, LOSS 6.132911948952824e-05
"2023-05-04 16:08:04,329 [INFO] EPISODE 4200, LOSS 0.0001487520057708025
"2023-05-04 16:08:04,608 [INFO] EPISODE 4210, LOSS 7.685019227210432e-05
"2023-05-04 16:08:04,844 [INFO] EPISODE 4220, LOSS 6.0445127019193023e-05
"2023-05-04 16:08:05,072 [INFO] EPISODE 4230, LOSS 6.743827543687075e-05
"2023-05-04 16:08:05,312 [INFO] EPISODE 4240, LOSS 0.0006690684240311384
"2023-05-04 16:08:05,532 [INFO] EPISODE 4250, LOSS 0.00015681111835874617
"2023-05-04 16:08:05,757 [INFO] EPISODE 4260, LOSS 9.133292769547552e-05
"2023-05-04 16:08:05,980 [INFO] EPISODE 4270, LOSS 0.0001417679595761001
"2023-05-04 16:08:06,218 [INFO] EPISODE 4280, LOSS 0.00011345207167323679
"2023-05-04 16:08:06,437 [INFO] EPISODE 4290, LOSS 6.214331369847059e-05
"2023-05-04 16:08:06,721 [INFO] EPISODE 4300, LOSS 8.052476914599538e-05
"2023-05-04 16:08:06,944 [INFO] EPISODE 4310, LOSS 4.595682185026817e-05
"2023-05-04 16:08:07,170 [INFO] EPISODE 4320, LOSS 5.8415549574419856e-05
"2023-05-04 16:08:07,391 [INFO] EPISODE 4330, LOSS 0.00029075564816594124
"2023-05-04 16:08:07,612 [INFO] EPISODE 4340, LOSS 4.321963569964282e-05
"2023-05-04 16:08:07,871 [INFO] EPISODE 4350, LOSS 8.669121598359197e-05
"2023-05-04 16:08:08,102 [INFO] EPISODE 4360, LOSS 6.61124795442447e-05
"2023-05-04 16:08:08,377 [INFO] EPISODE 4370, LOSS 0.000562069530133158
"2023-05-04 16:08:08,601 [INFO] EPISODE 4380, LOSS 5.533985677175224e-05
"2023-05-04 16:08:08,868 [INFO] EPISODE 4390, LOSS 0.0007479290943592787
"2023-05-04 16:08:09,100 [INFO] EPISODE 4400, LOSS 0.00012353934289421886
"2023-05-04 16:08:09,328 [INFO] EPISODE 4410, LOSS 8.19322231109254e-05
"2023-05-04 16:08:09,563 [INFO] EPISODE 4420, LOSS 0.000300860614515841
"2023-05-04 16:08:09,805 [INFO] EPISODE 4430, LOSS 0.0003639981150627136
"2023-05-04 16:08:10,077 [INFO] EPISODE 4440, LOSS 6.417302211048082e-05
"2023-05-04 16:08:10,302 [INFO] EPISODE 4450, LOSS 6.156694871606305e-05
"2023-05-04 16:08:10,537 [INFO] EPISODE 4460, LOSS 4.188020102446899e-05
"2023-05-04 16:08:10,761 [INFO] EPISODE 4470, LOSS 0.00011826553236460313
"2023-05-04 16:08:11,024 [INFO] EPISODE 4480, LOSS 3.5184872103855014e-05
"2023-05-04 16:08:11,251 [INFO] EPISODE 4490, LOSS 0.00032724195625633
"2023-05-04 16:08:11,484 [INFO] EPISODE 4500, LOSS 0.0001432415738236159
"2023-05-04 16:08:11,711 [INFO] EPISODE 4510, LOSS 0.00024280857178382576
"2023-05-04 16:08:11,948 [INFO] EPISODE 4520, LOSS 0.00016753608360886574
"2023-05-04 16:08:12,227 [INFO] EPISODE 4530, LOSS 0.0002765828976407647
"2023-05-04 16:08:12,455 [INFO] EPISODE 4540, LOSS 8.900364628061652e-05
"2023-05-04 16:08:12,680 [INFO] EPISODE 4550, LOSS 7.084151729941368e-05
"2023-05-04 16:08:12,917 [INFO] EPISODE 4560, LOSS 5.6127726566046476e-05
"2023-05-04 16:08:13,174 [INFO] EPISODE 4570, LOSS 8.95502744242549e-05
"2023-05-04 16:08:13,412 [INFO] EPISODE 4580, LOSS 5.3065785323269665e-05
"2023-05-04 16:08:13,654 [INFO] EPISODE 4590, LOSS 3.18141101161018e-05
"2023-05-04 16:08:13,872 [INFO] EPISODE 4600, LOSS 0.00010266648314427584
"2023-05-04 16:08:14,095 [INFO] EPISODE 4610, LOSS 3.897973510902375e-05
"2023-05-04 16:08:14,380 [INFO] EPISODE 4620, LOSS 9.27184519241564e-05
"2023-05-04 16:08:14,600 [INFO] EPISODE 4630, LOSS 0.00027386797592043877
"2023-05-04 16:08:14,818 [INFO] EPISODE 4640, LOSS 0.0002879935782402754
"2023-05-04 16:08:15,045 [INFO] EPISODE 4650, LOSS 4.36872651334852e-05
"2023-05-04 16:08:15,320 [INFO] EPISODE 4660, LOSS 3.0168992452672683e-05
"2023-05-04 16:08:15,543 [INFO] EPISODE 4670, LOSS 7.646776066394523e-05
"2023-05-04 16:08:15,765 [INFO] EPISODE 4680, LOSS 0.0001368680823361501
"2023-05-04 16:08:15,987 [INFO] EPISODE 4690, LOSS 0.0011738743633031845
"2023-05-04 16:08:16,214 [INFO] EPISODE 4700, LOSS 5.5494449043180794e-05
"2023-05-04 16:08:16,471 [INFO] EPISODE 4710, LOSS 2.41704019572353e-05
"2023-05-04 16:08:16,696 [INFO] EPISODE 4720, LOSS 0.00018466776236891747
"2023-05-04 16:08:16,938 [INFO] EPISODE 4730, LOSS 0.00012649985728785396
"2023-05-04 16:08:17,164 [INFO] EPISODE 4740, LOSS 0.00012412547948770225
"2023-05-04 16:08:17,440 [INFO] EPISODE 4750, LOSS 0.00022727411123923957
"2023-05-04 16:08:17,661 [INFO] EPISODE 4760, LOSS 0.00010351090168114752
"2023-05-04 16:08:17,882 [INFO] EPISODE 4770, LOSS 0.00015488636563532054
"2023-05-04 16:08:18,102 [INFO] EPISODE 4780, LOSS 0.004022766835987568
"2023-05-04 16:08:18,326 [INFO] EPISODE 4790, LOSS 0.00019174643966834992
"2023-05-04 16:08:18,599 [INFO] EPISODE 4800, LOSS 8.98293437785469e-05
"2023-05-04 16:08:18,821 [INFO] EPISODE 4810, LOSS 0.00020101360860280693
"2023-05-04 16:08:19,046 [INFO] EPISODE 4820, LOSS 8.792067819740623e-05
"2023-05-04 16:08:19,269 [INFO] EPISODE 4830, LOSS 0.00020298348681535572
"2023-05-04 16:08:19,528 [INFO] EPISODE 4840, LOSS 0.0001024223311105743
"2023-05-04 16:08:19,775 [INFO] EPISODE 4850, LOSS 5.3498210036195815e-05
"2023-05-04 16:08:20,074 [INFO] EPISODE 4860, LOSS 0.000159806790179573
"2023-05-04 16:08:20,320 [INFO] EPISODE 4870, LOSS 0.00013926165411248803
"2023-05-04 16:08:20,581 [INFO] EPISODE 4880, LOSS 8.122847793856636e-05
"2023-05-04 16:08:20,824 [INFO] EPISODE 4890, LOSS 9.806582238525152e-05
"2023-05-04 16:08:21,050 [INFO] EPISODE 4900, LOSS 2.1113952243467793e-05
"2023-05-04 16:08:21,276 [INFO] EPISODE 4910, LOSS 0.00013739385758526623
"2023-05-04 16:08:21,496 [INFO] EPISODE 4920, LOSS 5.929142935201526e-05
"2023-05-04 16:08:21,764 [INFO] EPISODE 4930, LOSS 0.00021502764138858765
"2023-05-04 16:08:21,988 [INFO] EPISODE 4940, LOSS 3.523454870446585e-05
"2023-05-04 16:08:22,213 [INFO] EPISODE 4950, LOSS 0.00012217930634506047
"2023-05-04 16:08:22,438 [INFO] EPISODE 4960, LOSS 4.860012995777652e-05
"2023-05-04 16:08:22,710 [INFO] EPISODE 4970, LOSS 0.00011856711353175342
"2023-05-04 16:08:22,943 [INFO] EPISODE 4980, LOSS 0.00014603545423597097
"2023-05-04 16:08:23,164 [INFO] EPISODE 4990, LOSS 0.00022626016288995743
"2023-05-04 16:08:23,386 [INFO] ===== ONNX SAVED at ./savemodel/0504_0406PM/5000.onnx
"2023-05-04 16:08:23,386 [INFO] EPISODE 5000, LOSS 6.299068627413362e-05
"2023-05-04 16:08:23,604 [INFO] EPISODE 5010, LOSS 7.450951670762151e-05
"2023-05-04 16:08:23,863 [INFO] EPISODE 5020, LOSS 0.00010848998499568552
"2023-05-04 16:08:24,109 [INFO] EPISODE 5030, LOSS 3.984722570749e-05
"2023-05-04 16:08:24,348 [INFO] EPISODE 5040, LOSS 9.822690481087193e-05
"2023-05-04 16:08:24,575 [INFO] EPISODE 5050, LOSS 0.0003524142666719854
"2023-05-04 16:08:24,863 [INFO] EPISODE 5060, LOSS 5.496599987964146e-05
"2023-05-04 16:08:25,084 [INFO] EPISODE 5070, LOSS 0.0010346972849220037
"2023-05-04 16:08:25,310 [INFO] EPISODE 5080, LOSS 6.056730489945039e-05
"2023-05-04 16:08:25,541 [INFO] EPISODE 5090, LOSS 0.00012394128134474158
"2023-05-04 16:08:25,825 [INFO] EPISODE 5100, LOSS 0.00018646169337444007
"2023-05-04 16:08:26,074 [INFO] EPISODE 5110, LOSS 0.00012038376007694751
"2023-05-04 16:08:26,323 [INFO] EPISODE 5120, LOSS 8.110352791845798e-05
"2023-05-04 16:08:26,571 [INFO] EPISODE 5130, LOSS 0.0003520420868881047
"2023-05-04 16:08:26,819 [INFO] EPISODE 5140, LOSS 6.609529373236e-05
"2023-05-04 16:08:27,105 [INFO] EPISODE 5150, LOSS 0.00023500469978898764
"2023-05-04 16:08:27,352 [INFO] EPISODE 5160, LOSS 0.0004263504524715245
"2023-05-04 16:08:27,596 [INFO] EPISODE 5170, LOSS 6.870266952319071e-05
"2023-05-04 16:08:27,841 [INFO] EPISODE 5180, LOSS 0.0010549540165811777
"2023-05-04 16:08:28,111 [INFO] EPISODE 5190, LOSS 0.00015178100147750229
"2023-05-04 16:08:28,343 [INFO] EPISODE 5200, LOSS 4.276653635315597e-05
"2023-05-04 16:08:28,572 [INFO] EPISODE 5210, LOSS 4.6780485718045384e-05
"2023-05-04 16:08:28,794 [INFO] EPISODE 5220, LOSS 0.00022021184850018471
"2023-05-04 16:08:29,043 [INFO] EPISODE 5230, LOSS 8.914282079786062e-05
"2023-05-04 16:08:29,277 [INFO] EPISODE 5240, LOSS 0.0001919166388688609
"2023-05-04 16:08:29,501 [INFO] EPISODE 5250, LOSS 6.771635526092723e-05
"2023-05-04 16:08:29,721 [INFO] EPISODE 5260, LOSS 6.238106288947165e-05
"2023-05-04 16:08:29,942 [INFO] EPISODE 5270, LOSS 0.00021374213974922895
"2023-05-04 16:08:30,197 [INFO] EPISODE 5280, LOSS 6.100258542574011e-05
"2023-05-04 16:08:30,418 [INFO] EPISODE 5290, LOSS 0.00025484076468274
"2023-05-04 16:08:30,643 [INFO] EPISODE 5300, LOSS 0.00015872657240834087
"2023-05-04 16:08:30,874 [INFO] EPISODE 5310, LOSS 0.00013961248623672873
"2023-05-04 16:08:31,115 [INFO] EPISODE 5320, LOSS 0.00011712618288584054
"2023-05-04 16:08:31,390 [INFO] EPISODE 5330, LOSS 9.084690100280568e-05
"2023-05-04 16:08:31,685 [INFO] EPISODE 5340, LOSS 3.871792432619259e-05
"2023-05-04 16:08:31,830 [INFO] ===== ONNX SAVED at ./savemodel/0504_0406PM/5345.onnx
"2023-05-04 16:08:31,937 [INFO] EPISODE 5350, LOSS 4.1314411646453664e-05
"2023-05-04 16:08:32,183 [INFO] EPISODE 5360, LOSS 0.00010971729352604598
"2023-05-04 16:08:32,444 [INFO] EPISODE 5370, LOSS 5.716524174204096e-05
"2023-05-04 16:08:32,692 [INFO] EPISODE 5380, LOSS 0.00018455773533787578
"2023-05-04 16:08:32,937 [INFO] EPISODE 5390, LOSS 0.00027488969499245286
"2023-05-04 16:08:33,171 [INFO] EPISODE 5400, LOSS 3.860896686092019e-05
"2023-05-04 16:08:33,419 [INFO] EPISODE 5410, LOSS 0.00015834328951314092
"2023-05-04 16:08:33,639 [INFO] EPISODE 5420, LOSS 5.36793922947254e-05
"2023-05-04 16:08:33,862 [INFO] EPISODE 5430, LOSS 0.00015363385318778455
"2023-05-04 16:08:34,084 [INFO] EPISODE 5440, LOSS 0.00012800251715816557
"2023-05-04 16:08:34,308 [INFO] EPISODE 5450, LOSS 9.981804032577202e-05
"2023-05-04 16:08:34,556 [INFO] EPISODE 5460, LOSS 0.00017930071044247597
"2023-05-04 16:08:34,793 [INFO] EPISODE 5470, LOSS 0.0001576210488565266
"2023-05-04 16:08:35,016 [INFO] EPISODE 5480, LOSS 0.00020118223619647324
"2023-05-04 16:08:35,235 [INFO] EPISODE 5490, LOSS 4.378240555524826e-05
"2023-05-04 16:08:35,488 [INFO] EPISODE 5500, LOSS 0.0005254981806501746
"2023-05-04 16:08:35,719 [INFO] EPISODE 5510, LOSS 0.0001942662929650396
"2023-05-04 16:08:35,942 [INFO] EPISODE 5520, LOSS 0.0034283301793038845
"2023-05-04 16:08:36,165 [INFO] EPISODE 5530, LOSS 0.00010132430179510266
"2023-05-04 16:08:36,394 [INFO] EPISODE 5540, LOSS 0.00012021321890642866
"2023-05-04 16:08:36,684 [INFO] EPISODE 5550, LOSS 7.090179133228958e-05
"2023-05-04 16:08:36,922 [INFO] EPISODE 5560, LOSS 0.00015929306391626596
"2023-05-04 16:08:37,143 [INFO] EPISODE 5570, LOSS 0.00017341444618068635
"2023-05-04 16:08:37,422 [INFO] EPISODE 5580, LOSS 0.00016665123985148966
"2023-05-04 16:08:37,680 [INFO] EPISODE 5590, LOSS 2.9465998522937298e-05
"2023-05-04 16:08:37,904 [INFO] EPISODE 5600, LOSS 6.123584898887202e-05
"2023-05-04 16:08:38,126 [INFO] EPISODE 5610, LOSS 8.080985571723431e-05
"2023-05-04 16:08:38,346 [INFO] EPISODE 5620, LOSS 5.2654264436569065e-05
"2023-05-04 16:08:38,574 [INFO] EPISODE 5630, LOSS 8.316299499711022e-05
"2023-05-04 16:08:38,819 [INFO] EPISODE 5640, LOSS 3.940136230085045e-05
"2023-05-04 16:08:39,043 [INFO] EPISODE 5650, LOSS 0.00018314027693122625
"2023-05-04 16:08:39,265 [INFO] EPISODE 5660, LOSS 0.0001586704602232203
"2023-05-04 16:08:39,489 [INFO] EPISODE 5670, LOSS 0.00028130109421908855
"2023-05-04 16:08:39,775 [INFO] EPISODE 5680, LOSS 0.00013358439900912344
"2023-05-04 16:08:40,018 [INFO] EPISODE 5690, LOSS 5.332965520210564e-05
"2023-05-04 16:08:40,253 [INFO] EPISODE 5700, LOSS 8.160474681062624e-05
"2023-05-04 16:08:40,475 [INFO] EPISODE 5710, LOSS 0.0003078398876823485
"2023-05-04 16:08:40,707 [INFO] EPISODE 5720, LOSS 0.001143365167081356
"2023-05-04 16:08:40,960 [INFO] EPISODE 5730, LOSS 0.0001422327768523246
"2023-05-04 16:08:41,207 [INFO] EPISODE 5740, LOSS 0.00018798920791596174
"2023-05-04 16:08:41,455 [INFO] EPISODE 5750, LOSS 0.00033192941918969154
"2023-05-04 16:08:41,703 [INFO] EPISODE 5760, LOSS 0.0004373420961201191
"2023-05-04 16:08:41,950 [INFO] EPISODE 5770, LOSS 0.0001119057706091553
"2023-05-04 16:08:42,199 [INFO] EPISODE 5780, LOSS 5.006930587114766e-05
"2023-05-04 16:08:42,448 [INFO] EPISODE 5790, LOSS 0.00015904023894108832
"2023-05-04 16:08:42,693 [INFO] EPISODE 5800, LOSS 7.657136302441359e-05
"2023-05-04 16:08:42,960 [INFO] EPISODE 5810, LOSS 0.0002291604469064623
"2023-05-04 16:08:43,242 [INFO] EPISODE 5820, LOSS 9.334016067441553e-05
"2023-05-04 16:08:43,466 [INFO] EPISODE 5830, LOSS 0.00011064948921557516
"2023-05-04 16:08:43,702 [INFO] EPISODE 5840, LOSS 3.040147385036107e-05
"2023-05-04 16:08:43,986 [INFO] EPISODE 5850, LOSS 8.994011295726523e-05
"2023-05-04 16:08:44,210 [INFO] EPISODE 5860, LOSS 0.00011598237324506044
"2023-05-04 16:08:44,432 [INFO] EPISODE 5870, LOSS 4.760644515044987e-05
"2023-05-04 16:08:44,653 [INFO] EPISODE 5880, LOSS 0.00014287422527559102
"2023-05-04 16:08:44,879 [INFO] EPISODE 5890, LOSS 3.495550117804669e-05
"2023-05-04 16:08:45,111 [INFO] ===== ONNX SAVED at ./savemodel/0504_0406PM/5898.onnx
"2023-05-04 16:08:45,154 [INFO] EPISODE 5900, LOSS 8.754456939641386e-05
"2023-05-04 16:08:45,389 [INFO] EPISODE 5910, LOSS 0.00031575042521581054
"2023-05-04 16:08:45,609 [INFO] EPISODE 5920, LOSS 0.00011661680764518678
"2023-05-04 16:08:45,829 [INFO] EPISODE 5930, LOSS 0.0001410927507095039
"2023-05-04 16:08:46,090 [INFO] EPISODE 5940, LOSS 4.573610203806311e-05
"2023-05-04 16:08:46,314 [INFO] EPISODE 5950, LOSS 2.9195791285019368e-05
"2023-05-04 16:08:46,557 [INFO] EPISODE 5960, LOSS 6.223930540727451e-05
"2023-05-04 16:08:46,781 [INFO] EPISODE 5970, LOSS 0.0004306031041778624
"2023-05-04 16:08:47,003 [INFO] EPISODE 5980, LOSS 8.415331831201911e-05
"2023-05-04 16:08:47,278 [INFO] EPISODE 5990, LOSS 8.873629849404097e-05
"2023-05-04 16:08:47,521 [INFO] ===== ONNX SAVED at ./savemodel/0504_0406PM/6000.onnx
"2023-05-04 16:08:47,521 [INFO] EPISODE 6000, LOSS 3.449679570621811e-05
"2023-05-04 16:08:47,749 [INFO] EPISODE 6010, LOSS 8.245006029028445e-05
"2023-05-04 16:08:47,972 [INFO] EPISODE 6020, LOSS 3.342975105624646e-05
"2023-05-04 16:08:48,237 [INFO] EPISODE 6030, LOSS 9.117007721215487e-05
"2023-05-04 16:08:48,513 [INFO] EPISODE 6040, LOSS 8.196403359761462e-05
"2023-05-04 16:08:48,738 [INFO] EPISODE 6050, LOSS 2.848109943442978e-05
"2023-05-04 16:08:48,960 [INFO] EPISODE 6060, LOSS 4.822566916118376e-05
"2023-05-04 16:08:49,184 [INFO] EPISODE 6070, LOSS 4.891416028840467e-05
"2023-05-04 16:08:49,445 [INFO] EPISODE 6080, LOSS 0.0002653145929798484
"2023-05-04 16:08:49,670 [INFO] EPISODE 6090, LOSS 4.45531404693611e-05
"2023-05-04 16:08:49,892 [INFO] EPISODE 6100, LOSS 0.00010413507698103786
"2023-05-04 16:08:50,127 [INFO] EPISODE 6110, LOSS 0.0002601320738904178
"2023-05-04 16:08:50,380 [INFO] EPISODE 6120, LOSS 5.3114759793970734e-05
"2023-05-04 16:08:50,617 [INFO] EPISODE 6130, LOSS 9.362582204630598e-05
"2023-05-04 16:08:50,845 [INFO] EPISODE 6140, LOSS 0.00010756737174233422
"2023-05-04 16:08:51,065 [INFO] EPISODE 6150, LOSS 3.93622467527166e-05
"2023-05-04 16:08:51,300 [INFO] EPISODE 6160, LOSS 0.00017842755187302828
"2023-05-04 16:08:51,562 [INFO] EPISODE 6170, LOSS 3.737435326911509e-05
"2023-05-04 16:08:51,785 [INFO] EPISODE 6180, LOSS 2.020120336965192e-05
"2023-05-04 16:08:52,023 [INFO] EPISODE 6190, LOSS 5.932736530667171e-05
"2023-05-04 16:08:52,245 [INFO] EPISODE 6200, LOSS 0.0001392603007843718
"2023-05-04 16:08:52,498 [INFO] EPISODE 6210, LOSS 7.609270687680691e-05
"2023-05-04 16:08:52,728 [INFO] EPISODE 6220, LOSS 6.972934352234006e-05
"2023-05-04 16:08:52,950 [INFO] EPISODE 6230, LOSS 0.00010126193956239149
"2023-05-04 16:08:53,175 [INFO] EPISODE 6240, LOSS 2.8054562790202908e-05
"2023-05-04 16:08:53,455 [INFO] EPISODE 6250, LOSS 6.504841439891607e-05
"2023-05-04 16:08:53,711 [INFO] EPISODE 6260, LOSS 5.34919963683933e-05
"2023-05-04 16:08:53,933 [INFO] EPISODE 6270, LOSS 3.153084617224522e-05
"2023-05-04 16:08:54,155 [INFO] EPISODE 6280, LOSS 0.00039751126314513385
"2023-05-04 16:08:54,381 [INFO] EPISODE 6290, LOSS 3.086513243033551e-05
"2023-05-04 16:08:54,649 [INFO] EPISODE 6300, LOSS 3.7346013414207846e-05
"2023-05-04 16:08:54,910 [INFO] EPISODE 6310, LOSS 8.37087573017925e-05
"2023-05-04 16:08:55,171 [INFO] EPISODE 6320, LOSS 7.469971023965627e-05
"2023-05-04 16:08:55,427 [INFO] EPISODE 6330, LOSS 4.948787682224065e-05
"2023-05-04 16:08:55,707 [INFO] EPISODE 6340, LOSS 2.4201173800975084e-05
"2023-05-04 16:08:55,971 [INFO] EPISODE 6350, LOSS 0.00012575654545798898
"2023-05-04 16:08:56,229 [INFO] EPISODE 6360, LOSS 0.00047801886103115976
"2023-05-04 16:08:56,492 [INFO] EPISODE 6370, LOSS 3.796880628215149e-05
"2023-05-04 16:08:56,771 [INFO] EPISODE 6380, LOSS 0.0004189900937490165
"2023-05-04 16:08:57,037 [INFO] EPISODE 6390, LOSS 0.00039232298149727285
"2023-05-04 16:08:57,298 [INFO] EPISODE 6400, LOSS 2.6992360290023498e-05
"2023-05-04 16:08:57,554 [INFO] EPISODE 6410, LOSS 1.4769055269425735e-05
"2023-05-04 16:08:57,869 [INFO] EPISODE 6420, LOSS 0.00046677771024405956
"2023-05-04 16:08:58,127 [INFO] EPISODE 6430, LOSS 6.333720375550911e-05
"2023-05-04 16:08:58,384 [INFO] EPISODE 6440, LOSS 0.00016078264161478728
"2023-05-04 16:08:58,642 [INFO] EPISODE 6450, LOSS 0.0004151856992393732
"2023-05-04 16:08:58,936 [INFO] EPISODE 6460, LOSS 0.0005752798169851303
"2023-05-04 16:08:59,198 [INFO] EPISODE 6470, LOSS 0.00010970070434268564
"2023-05-04 16:08:59,521 [INFO] EPISODE 6480, LOSS 5.1268765673739836e-05
"2023-05-04 16:08:59,789 [INFO] EPISODE 6490, LOSS 3.3497242839075625e-05
"2023-05-04 16:09:00,111 [INFO] EPISODE 6500, LOSS 0.00010658494284143671
"2023-05-04 16:09:00,370 [INFO] EPISODE 6510, LOSS 3.52559145539999e-05
"2023-05-04 16:09:00,626 [INFO] EPISODE 6520, LOSS 3.41558588843327e-05
"2023-05-04 16:09:00,886 [INFO] EPISODE 6530, LOSS 0.00011983373406110331
"2023-05-04 16:09:01,171 [INFO] EPISODE 6540, LOSS 8.264742064056918e-05
"2023-05-04 16:09:01,426 [INFO] EPISODE 6550, LOSS 8.803111268207431e-05
"2023-05-04 16:09:01,682 [INFO] EPISODE 6560, LOSS 0.0004470193525776267
"2023-05-04 16:09:01,944 [INFO] EPISODE 6570, LOSS 0.0002958633122034371
"2023-05-04 16:09:02,224 [INFO] EPISODE 6580, LOSS 6.537872104672715e-05
"2023-05-04 16:09:02,480 [INFO] EPISODE 6590, LOSS 0.001048089237883687
"2023-05-04 16:09:02,738 [INFO] EPISODE 6600, LOSS 0.00013105217658448964
"2023-05-04 16:09:02,995 [INFO] EPISODE 6610, LOSS 2.6148889446631074e-05
"2023-05-04 16:09:03,270 [INFO] EPISODE 6620, LOSS 0.0007479109335690737
"2023-05-04 16:09:03,532 [INFO] EPISODE 6630, LOSS 0.00011634578550001606
"2023-05-04 16:09:03,792 [INFO] EPISODE 6640, LOSS 0.00010928342817351222
"2023-05-04 16:09:04,049 [INFO] EPISODE 6650, LOSS 7.487175025744364e-05
"2023-05-04 16:09:04,331 [INFO] EPISODE 6660, LOSS 0.00012263927783351392
"2023-05-04 16:09:04,589 [INFO] EPISODE 6670, LOSS 0.0001384206407237798
"2023-05-04 16:09:04,847 [INFO] EPISODE 6680, LOSS 0.0001299892901442945
"2023-05-04 16:09:05,110 [INFO] EPISODE 6690, LOSS 8.452235488221049e-05
"2023-05-04 16:09:05,397 [INFO] EPISODE 6700, LOSS 0.00016315426910296082
"2023-05-04 16:09:05,714 [INFO] EPISODE 6710, LOSS 0.00102641258854419
"2023-05-04 16:09:05,971 [INFO] EPISODE 6720, LOSS 0.001579534960910678
"2023-05-04 16:09:06,270 [INFO] EPISODE 6730, LOSS 8.492686174577102e-05
"2023-05-04 16:09:06,529 [INFO] EPISODE 6740, LOSS 7.781336171319708e-05
"2023-05-04 16:09:06,788 [INFO] EPISODE 6750, LOSS 0.0003138187457807362
"2023-05-04 16:09:07,054 [INFO] EPISODE 6760, LOSS 0.00018483056919649243
"2023-05-04 16:09:07,350 [INFO] EPISODE 6770, LOSS 3.56194177584257e-05
"2023-05-04 16:09:07,611 [INFO] EPISODE 6780, LOSS 6.284397386480123e-05
"2023-05-04 16:09:07,869 [INFO] EPISODE 6790, LOSS 8.679529855726287e-05
"2023-05-04 16:09:08,126 [INFO] EPISODE 6800, LOSS 0.00020067754667252302
"2023-05-04 16:09:08,408 [INFO] EPISODE 6810, LOSS 6.89567532390356e-05
"2023-05-04 16:09:08,666 [INFO] EPISODE 6820, LOSS 0.00019168091239407659
"2023-05-04 16:09:08,925 [INFO] EPISODE 6830, LOSS 0.00010483480582479388
"2023-05-04 16:09:09,183 [INFO] EPISODE 6840, LOSS 0.00015171937411651015
"2023-05-04 16:09:09,483 [INFO] EPISODE 6850, LOSS 4.84780284750741e-05
"2023-05-04 16:09:09,724 [INFO] EPISODE 6860, LOSS 3.2472617021994665e-05
"2023-05-04 16:09:09,945 [INFO] EPISODE 6870, LOSS 0.00010214971553068608
"2023-05-04 16:09:10,168 [INFO] EPISODE 6880, LOSS 6.399861740646884e-05
"2023-05-04 16:09:10,391 [INFO] EPISODE 6890, LOSS 0.0007332711829803884
"2023-05-04 16:09:10,686 [INFO] EPISODE 6900, LOSS 0.00042397802462801337
"2023-05-04 16:09:10,910 [INFO] EPISODE 6910, LOSS 4.894288576906547e-05
"2023-05-04 16:09:11,144 [INFO] EPISODE 6920, LOSS 9.015240357257426e-05
"2023-05-04 16:09:11,427 [INFO] EPISODE 6930, LOSS 6.018326894263737e-05
"2023-05-04 16:09:11,694 [INFO] EPISODE 6940, LOSS 0.0030109109356999397
"2023-05-04 16:09:11,918 [INFO] EPISODE 6950, LOSS 5.1803152018692344e-05
"2023-05-04 16:09:12,152 [INFO] EPISODE 6960, LOSS 2.064175896521192e-05
"2023-05-04 16:09:12,414 [INFO] EPISODE 6970, LOSS 2.95837817247957e-05
"2023-05-04 16:09:12,697 [INFO] EPISODE 6980, LOSS 8.253619307652116e-05
"2023-05-04 16:09:12,954 [INFO] EPISODE 6990, LOSS 0.00010852104605874047
"2023-05-04 16:09:13,218 [INFO] ===== ONNX SAVED at ./savemodel/0504_0406PM/7000.onnx
"2023-05-04 16:09:13,218 [INFO] EPISODE 7000, LOSS 0.00010560769442236051
"2023-05-04 16:09:13,480 [INFO] EPISODE 7010, LOSS 0.0002457078080624342
"2023-05-04 16:09:13,762 [INFO] EPISODE 7020, LOSS 5.069391772849485e-05
"2023-05-04 16:09:14,022 [INFO] EPISODE 7030, LOSS 0.00020562970894388855
"2023-05-04 16:09:14,286 [INFO] EPISODE 7040, LOSS 0.00012596117448993027
"2023-05-04 16:09:14,549 [INFO] EPISODE 7050, LOSS 0.00012693589087575674
"2023-05-04 16:09:14,830 [INFO] EPISODE 7060, LOSS 7.206543523352593e-05
"2023-05-04 16:09:15,087 [INFO] EPISODE 7070, LOSS 0.00011760260531445965
"2023-05-04 16:09:15,363 [INFO] EPISODE 7080, LOSS 0.00016765249893069267
"2023-05-04 16:09:15,614 [INFO] EPISODE 7090, LOSS 0.0006831965292803943
"2023-05-04 16:09:15,911 [INFO] EPISODE 7100, LOSS 9.805428999243304e-05
"2023-05-04 16:09:16,149 [INFO] EPISODE 7110, LOSS 0.00015366246225312352
"2023-05-04 16:09:16,379 [INFO] EPISODE 7120, LOSS 4.129477747483179e-05
"2023-05-04 16:09:16,617 [INFO] EPISODE 7130, LOSS 3.34888172801584e-05
"2023-05-04 16:09:16,939 [INFO] EPISODE 7140, LOSS 0.00019917957251891494
"2023-05-04 16:09:17,163 [INFO] EPISODE 7150, LOSS 0.00017196990665979683
"2023-05-04 16:09:17,387 [INFO] EPISODE 7160, LOSS 0.0001134982449002564
"2023-05-04 16:09:17,623 [INFO] EPISODE 7170, LOSS 4.080613871337846e-05
"2023-05-04 16:09:17,848 [INFO] EPISODE 7180, LOSS 5.30612378497608e-05
"2023-05-04 16:09:18,136 [INFO] EPISODE 7190, LOSS 4.756169437314384e-05
"2023-05-04 16:09:18,398 [INFO] EPISODE 7200, LOSS 0.00019468020764179528
"2023-05-04 16:09:18,631 [INFO] EPISODE 7210, LOSS 4.40264047938399e-05
"2023-05-04 16:09:18,853 [INFO] EPISODE 7220, LOSS 6.940071762073785e-05
"2023-05-04 16:09:19,135 [INFO] EPISODE 7230, LOSS 2.4371303879888728e-05
"2023-05-04 16:09:19,358 [INFO] EPISODE 7240, LOSS 6.392721843440086e-05
"2023-05-04 16:09:19,581 [INFO] EPISODE 7250, LOSS 9.89462569123134e-05
"2023-05-04 16:09:19,810 [INFO] EPISODE 7260, LOSS 0.0001986819988815114
"2023-05-04 16:09:20,069 [INFO] EPISODE 7270, LOSS 0.000147807237226516
"2023-05-04 16:09:20,306 [INFO] EPISODE 7280, LOSS 5.201512249186635e-05
"2023-05-04 16:09:20,537 [INFO] EPISODE 7290, LOSS 6.253167521208525e-05
"2023-05-04 16:09:20,768 [INFO] EPISODE 7300, LOSS 9.683711687102914e-05
"2023-05-04 16:09:20,997 [INFO] EPISODE 7310, LOSS 3.1176921766018495e-05
"2023-05-04 16:09:21,289 [INFO] EPISODE 7320, LOSS 8.74765682965517e-05
"2023-05-04 16:09:21,527 [INFO] EPISODE 7330, LOSS 7.898062176536769e-05
"2023-05-04 16:09:21,763 [INFO] EPISODE 7340, LOSS 0.00016712350770831108
"2023-05-04 16:09:22,005 [INFO] EPISODE 7350, LOSS 7.596352224936709e-05
"2023-05-04 16:09:22,249 [INFO] EPISODE 7360, LOSS 3.144222864648327e-05
"2023-05-04 16:09:22,532 [INFO] EPISODE 7370, LOSS 0.00040992419235408306
"2023-05-04 16:09:22,775 [INFO] EPISODE 7380, LOSS 5.7858560467138886e-05
"2023-05-04 16:09:23,020 [INFO] EPISODE 7390, LOSS 0.0005535364616662264
"2023-05-04 16:09:23,283 [INFO] EPISODE 7400, LOSS 0.00020351905550342053
"2023-05-04 16:09:23,527 [INFO] EPISODE 7410, LOSS 0.000184449294465594
"2023-05-04 16:09:23,761 [INFO] EPISODE 7420, LOSS 0.00012091355165466666
"2023-05-04 16:09:23,986 [INFO] EPISODE 7430, LOSS 0.00010462260979693383
"2023-05-04 16:09:24,223 [INFO] EPISODE 7440, LOSS 4.8856927605811507e-05
"2023-05-04 16:09:24,487 [INFO] EPISODE 7450, LOSS 5.651491665048525e-05
"2023-05-04 16:09:24,716 [INFO] EPISODE 7460, LOSS 0.0001809870300348848
"2023-05-04 16:09:24,947 [INFO] EPISODE 7470, LOSS 0.00011022873513866216
"2023-05-04 16:09:25,173 [INFO] EPISODE 7480, LOSS 0.00024150265380740166
"2023-05-04 16:09:25,432 [INFO] EPISODE 7490, LOSS 0.00015698414063081145
"2023-05-04 16:09:25,657 [INFO] EPISODE 7500, LOSS 0.0004815697611775249
"2023-05-04 16:09:25,885 [INFO] EPISODE 7510, LOSS 3.398909393581562e-05
"2023-05-04 16:09:26,119 [INFO] EPISODE 7520, LOSS 0.0001341397874057293
"2023-05-04 16:09:26,365 [INFO] EPISODE 7530, LOSS 0.00013687221508007497
"2023-05-04 16:09:26,639 [INFO] EPISODE 7540, LOSS 0.0004613831115420908
"2023-05-04 16:09:26,905 [INFO] EPISODE 7550, LOSS 0.00015822374552953988
"2023-05-04 16:09:27,170 [INFO] EPISODE 7560, LOSS 5.298176984069869e-05
"2023-05-04 16:09:27,478 [INFO] EPISODE 7570, LOSS 3.952100814785808e-05
"2023-05-04 16:09:27,743 [INFO] EPISODE 7580, LOSS 0.00012009574857074767
"2023-05-04 16:09:28,061 [INFO] EPISODE 7590, LOSS 0.000114944574306719
"2023-05-04 16:09:28,327 [INFO] EPISODE 7600, LOSS 0.00017634166579227895
"2023-05-04 16:09:28,620 [INFO] EPISODE 7610, LOSS 0.0020956159569323063
"2023-05-04 16:09:28,880 [INFO] EPISODE 7620, LOSS 3.23407948599197e-05
"2023-05-04 16:09:29,146 [INFO] EPISODE 7630, LOSS 6.158072937978432e-05
"2023-05-04 16:09:29,406 [INFO] EPISODE 7640, LOSS 5.908977982471697e-05
"2023-05-04 16:09:29,709 [INFO] EPISODE 7650, LOSS 3.692942118505016e-05
"2023-05-04 16:09:29,972 [INFO] EPISODE 7660, LOSS 8.505348523613065e-05
"2023-05-04 16:09:30,228 [INFO] EPISODE 7670, LOSS 6.516840949188918e-05
"2023-05-04 16:09:30,498 [INFO] EPISODE 7680, LOSS 8.756404713494703e-05
"2023-05-04 16:09:30,796 [INFO] EPISODE 7690, LOSS 5.030260217608884e-05
"2023-05-04 16:09:31,056 [INFO] EPISODE 7700, LOSS 0.00016032996063586324
"2023-05-04 16:09:31,316 [INFO] EPISODE 7710, LOSS 3.811298665823415e-05
"2023-05-04 16:09:31,573 [INFO] EPISODE 7720, LOSS 0.00010830117389559746
"2023-05-04 16:09:31,859 [INFO] EPISODE 7730, LOSS 9.480665903538465e-05
"2023-05-04 16:09:32,117 [INFO] EPISODE 7740, LOSS 1.4797891708440147e-05
"2023-05-04 16:09:32,375 [INFO] EPISODE 7750, LOSS 6.346008012769744e-05
"2023-05-04 16:09:32,640 [INFO] EPISODE 7760, LOSS 7.719062705291435e-05
"2023-05-04 16:09:32,920 [INFO] EPISODE 7770, LOSS 3.200286300852895e-05
"2023-05-04 16:09:33,177 [INFO] EPISODE 7780, LOSS 0.0002056790399365127
"2023-05-04 16:09:33,434 [INFO] EPISODE 7790, LOSS 0.0004418847383931279
"2023-05-04 16:09:33,757 [INFO] EPISODE 7800, LOSS 3.076154098380357e-05
"2023-05-04 16:09:34,061 [INFO] EPISODE 7810, LOSS 3.0634182621724904e-05
"2023-05-04 16:09:34,317 [INFO] EPISODE 7820, LOSS 3.553600254235789e-05
"2023-05-04 16:09:34,576 [INFO] EPISODE 7830, LOSS 5.79439802095294e-05
"2023-05-04 16:09:34,832 [INFO] EPISODE 7840, LOSS 0.0002547089825384319
"2023-05-04 16:09:35,119 [INFO] EPISODE 7850, LOSS 0.0004378356388770044
"2023-05-04 16:09:35,380 [INFO] EPISODE 7860, LOSS 4.086144326720387e-05
"2023-05-04 16:09:35,636 [INFO] EPISODE 7870, LOSS 2.8555230528581887e-05
"2023-05-04 16:09:35,897 [INFO] EPISODE 7880, LOSS 4.7632762289140373e-05
"2023-05-04 16:09:36,187 [INFO] EPISODE 7890, LOSS 2.9939339583506808e-05
"2023-05-04 16:09:36,449 [INFO] EPISODE 7900, LOSS 0.00010780047159641981
"2023-05-04 16:09:36,713 [INFO] EPISODE 7910, LOSS 0.002793715102598071
"2023-05-04 16:09:36,982 [INFO] EPISODE 7920, LOSS 0.0003207012196071446
"2023-05-04 16:09:37,257 [INFO] EPISODE 7930, LOSS 5.7736149756237864e-05
"2023-05-04 16:09:37,531 [INFO] EPISODE 7940, LOSS 9.400519775226712e-05
"2023-05-04 16:09:37,790 [INFO] EPISODE 7950, LOSS 4.394766438053921e-05
"2023-05-04 16:09:38,091 [INFO] EPISODE 7960, LOSS 8.064482972258702e-05
"2023-05-04 16:09:38,356 [INFO] EPISODE 7970, LOSS 7.067786646075547e-05
"2023-05-04 16:09:38,622 [INFO] EPISODE 7980, LOSS 0.00010752752132248133
"2023-05-04 16:09:38,893 [INFO] EPISODE 7990, LOSS 5.205995694268495e-05
"2023-05-04 16:09:39,190 [INFO] ===== ONNX SAVED at ./savemodel/0504_0406PM/8000.onnx
"2023-05-04 16:09:39,190 [INFO] EPISODE 8000, LOSS 0.0006037449929863214
"2023-05-04 16:09:39,515 [INFO] EPISODE 8010, LOSS 2.1219111658865586e-05
"2023-05-04 16:09:39,776 [INFO] EPISODE 8020, LOSS 0.00011318160977680236
"2023-05-04 16:09:40,037 [INFO] EPISODE 8030, LOSS 5.672867700923234e-05
"2023-05-04 16:09:40,326 [INFO] EPISODE 8040, LOSS 9.54788047238253e-05
"2023-05-04 16:09:40,589 [INFO] EPISODE 8050, LOSS 3.616546746343374e-05
"2023-05-04 16:09:40,853 [INFO] EPISODE 8060, LOSS 7.162502879509702e-05
"2023-05-04 16:09:41,116 [INFO] EPISODE 8070, LOSS 0.0003661088994704187
"2023-05-04 16:09:41,406 [INFO] EPISODE 8080, LOSS 8.562476432416588e-05
"2023-05-04 16:09:41,666 [INFO] EPISODE 8090, LOSS 0.00021442891738843173
"2023-05-04 16:09:41,926 [INFO] EPISODE 8100, LOSS 6.998994649620727e-05
"2023-05-04 16:09:42,190 [INFO] EPISODE 8110, LOSS 5.063360367785208e-05
"2023-05-04 16:09:42,472 [INFO] EPISODE 8120, LOSS 6.402509461622685e-05
"2023-05-04 16:09:42,730 [INFO] EPISODE 8130, LOSS 2.5322693545604125e-05
"2023-05-04 16:09:42,990 [INFO] EPISODE 8140, LOSS 0.00013358870637603104
"2023-05-04 16:09:43,254 [INFO] EPISODE 8150, LOSS 0.00011576313409022987
"2023-05-04 16:09:43,551 [INFO] EPISODE 8160, LOSS 0.00034694685018621385
"2023-05-04 16:09:43,814 [INFO] EPISODE 8170, LOSS 0.00011805875692516565
"2023-05-04 16:09:44,059 [INFO] EPISODE 8180, LOSS 0.0001549526205053553
"2023-05-04 16:09:44,303 [INFO] EPISODE 8190, LOSS 0.00015203798830043525
"2023-05-04 16:09:44,601 [INFO] EPISODE 8200, LOSS 0.00014317742898128927
"2023-05-04 16:09:44,833 [INFO] EPISODE 8210, LOSS 0.00011611519585130736
"2023-05-04 16:09:45,065 [INFO] EPISODE 8220, LOSS 0.00016948100528679788
"2023-05-04 16:09:45,307 [INFO] EPISODE 8230, LOSS 8.175574475899339e-05
"2023-05-04 16:09:45,581 [INFO] EPISODE 8240, LOSS 0.00034403015160933137
"2023-05-04 16:09:45,881 [INFO] EPISODE 8250, LOSS 6.105441570980474e-05
"2023-05-04 16:09:46,123 [INFO] EPISODE 8260, LOSS 0.0001352748367935419
"2023-05-04 16:09:46,353 [INFO] EPISODE 8270, LOSS 6.59234938211739e-05
"2023-05-04 16:09:46,660 [INFO] EPISODE 8280, LOSS 0.0011527605820447206
"2023-05-04 16:09:46,905 [INFO] EPISODE 8290, LOSS 7.324225589400157e-05
"2023-05-04 16:09:47,172 [INFO] EPISODE 8300, LOSS 3.1843177566770464e-05
"2023-05-04 16:09:47,407 [INFO] EPISODE 8310, LOSS 7.48174570617266e-05
"2023-05-04 16:09:47,689 [INFO] EPISODE 8320, LOSS 8.854685438564047e-05
"2023-05-04 16:09:47,915 [INFO] EPISODE 8330, LOSS 0.00043940835166722536
"2023-05-04 16:09:48,159 [INFO] EPISODE 8340, LOSS 7.192935299826786e-05
"2023-05-04 16:09:48,393 [INFO] EPISODE 8350, LOSS 0.0001755038247210905
"2023-05-04 16:09:48,615 [INFO] EPISODE 8360, LOSS 4.9972557462751865e-05
"2023-05-04 16:09:48,889 [INFO] EPISODE 8370, LOSS 0.0001867544197011739
"2023-05-04 16:09:49,113 [INFO] EPISODE 8380, LOSS 0.000136096277856268
"2023-05-04 16:09:49,337 [INFO] EPISODE 8390, LOSS 0.0004950417205691338
"2023-05-04 16:09:49,572 [INFO] EPISODE 8400, LOSS 6.516003486467525e-05
"2023-05-04 16:09:49,831 [INFO] EPISODE 8410, LOSS 6.320526881609112e-05
"2023-05-04 16:09:50,059 [INFO] EPISODE 8420, LOSS 0.00011149940837640315
"2023-05-04 16:09:50,299 [INFO] EPISODE 8430, LOSS 0.00016581008094362915
"2023-05-04 16:09:50,528 [INFO] EPISODE 8440, LOSS 0.00017941600526683033
"2023-05-04 16:09:50,761 [INFO] EPISODE 8450, LOSS 4.914376768283546e-05
"2023-05-04 16:09:51,004 [INFO] EPISODE 8460, LOSS 4.315438127378002e-05
"2023-05-04 16:09:51,225 [INFO] EPISODE 8470, LOSS 9.075875277630985e-05
"2023-05-04 16:09:51,446 [INFO] EPISODE 8480, LOSS 0.00011441776587162167
"2023-05-04 16:09:51,728 [INFO] EPISODE 8490, LOSS 0.00012834421067964286
"2023-05-04 16:09:52,022 [INFO] EPISODE 8500, LOSS 0.0001147811854025349
"2023-05-04 16:09:52,189 [INFO] train finished. 
final loss: 3.504339110804722e-05
"2023-05-04 16:09:52,194 [INFO] ===== ONNX SAVED at ./savemodel/0504_0406PM/FINAL100000.onnx
