"2023-05-04 20:49:23,830 [INFO] Reporter Initialized!
"2023-05-04 20:49:23,830 [INFO] Reporter LEVEL: info
"2023-05-04 20:49:25,631 [INFO] Loaded csv data is 0504_0300PM
"2023-05-04 20:49:26,737 [INFO] None
"2023-05-04 20:49:26,737 [INFO] Device(cuda) is working for train
"2023-05-04 20:49:26,738 [INFO] Train Started
"2023-05-04 20:49:26,751 [INFO] ===== ONNX SAVED at ./savemodel/0504_0849PM/0.onnx
"2023-05-04 20:49:26,751 [INFO] ===== Saved non-trained network
"2023-05-04 20:49:26,751 [INFO] EPISODE 0, LOSS 2.709777593612671
"2023-05-04 20:49:27,262 [INFO] EPISODE 10, LOSS 4.409483909606934
"2023-05-04 20:49:27,605 [INFO] EPISODE 20, LOSS 3.6997737884521484
"2023-05-04 20:49:27,933 [INFO] EPISODE 30, LOSS 7.570070266723633
"2023-05-04 20:49:28,290 [INFO] EPISODE 40, LOSS 6.319079399108887
"2023-05-04 20:49:28,622 [INFO] EPISODE 50, LOSS 6.6662092208862305
"2023-05-04 20:49:28,940 [INFO] EPISODE 60, LOSS 5.5296149253845215
"2023-05-04 20:49:29,305 [INFO] EPISODE 70, LOSS 5.244665145874023
"2023-05-04 20:49:29,611 [INFO] EPISODE 80, LOSS 2.9026572704315186
"2023-05-04 20:49:29,914 [INFO] EPISODE 90, LOSS 6.942004203796387
"2023-05-04 20:49:30,216 [INFO] EPISODE 100, LOSS 5.485812187194824
"2023-05-04 20:49:30,555 [INFO] EPISODE 110, LOSS 5.635769844055176
"2023-05-04 20:49:40,406 [INFO] Reporter Initialized!
"2023-05-04 20:49:40,406 [INFO] Reporter LEVEL: info
"2023-05-04 20:49:42,316 [INFO] Loaded csv data is 0504_0300PM
"2023-05-04 20:49:43,530 [INFO] None
"2023-05-04 20:49:43,530 [INFO] Device(cuda) is working for train
