"2023-05-07 19:19:06,249 [INFO] Reporter Initialized!
"2023-05-07 19:19:06,249 [INFO] Reporter LEVEL: info
"2023-05-07 19:19:06,635 [INFO] Loaded csv data is 0507_0621PM
"2023-05-07 19:19:09,657 [INFO] None
"2023-05-07 19:19:09,657 [INFO] Device(cuda) is working for train
"2023-05-07 19:19:09,657 [INFO] Train Started
"2023-05-07 19:19:09,710 [INFO] ===== ONNX SAVED at ./savemodel/0507_0719PM/0.onnx
"2023-05-07 19:19:09,710 [INFO] ===== Saved non-trained network
"2023-05-07 19:19:09,710 [INFO] EPISODE 0, LOSS 1368.178466796875
"2023-05-07 19:19:10,661 [INFO] ===== ONNX SAVED at ./savemodel/0507_0719PM/7.onnx
"2023-05-07 19:19:11,129 [INFO] EPISODE 10, LOSS 2351.86376953125
"2023-05-07 19:19:12,301 [INFO] EPISODE 20, LOSS 3384.88623046875
"2023-05-07 19:19:12,918 [INFO] ===== ONNX SAVED at ./savemodel/0507_0719PM/25.onnx
"2023-05-07 19:19:13,095 [INFO] ===== ONNX SAVED at ./savemodel/0507_0719PM/26.onnx
"2023-05-07 19:19:13,504 [INFO] EPISODE 30, LOSS 2461.238037109375
"2023-05-07 19:19:14,589 [INFO] EPISODE 40, LOSS 824.1243896484375
"2023-05-07 19:19:15,702 [INFO] EPISODE 50, LOSS 2182.348876953125
"2023-05-07 19:19:16,823 [INFO] EPISODE 60, LOSS 2316.962646484375
"2023-05-07 19:19:18,033 [INFO] EPISODE 70, LOSS 1447.794921875
"2023-05-07 19:19:19,307 [INFO] EPISODE 80, LOSS 2048.96923828125
"2023-05-07 19:19:20,516 [INFO] EPISODE 90, LOSS 4140.26123046875
"2023-05-07 19:19:21,644 [INFO] EPISODE 100, LOSS 1397.519287109375
"2023-05-07 19:19:22,740 [INFO] EPISODE 110, LOSS 2290.327880859375
"2023-05-07 19:19:23,838 [INFO] EPISODE 120, LOSS 2230.7294921875
"2023-05-07 19:19:24,323 [INFO] ===== ONNX SAVED at ./savemodel/0507_0719PM/124.onnx
"2023-05-07 19:19:24,934 [INFO] EPISODE 130, LOSS 2865.93603515625
"2023-05-07 19:19:25,996 [INFO] EPISODE 140, LOSS 2591.0029296875
"2023-05-07 19:19:27,097 [INFO] ===== ONNX SAVED at ./savemodel/0507_0719PM/149.onnx
"2023-05-07 19:19:27,208 [INFO] EPISODE 150, LOSS 2047.305419921875
"2023-05-07 19:19:28,349 [INFO] EPISODE 160, LOSS 2648.93603515625
"2023-05-07 19:19:29,515 [INFO] EPISODE 170, LOSS 831.6312866210938
"2023-05-07 19:19:30,639 [INFO] EPISODE 180, LOSS 4075.0009765625
"2023-05-07 19:19:31,744 [INFO] EPISODE 190, LOSS 3947.48974609375
"2023-05-07 19:19:32,896 [INFO] EPISODE 200, LOSS 2211.955810546875
"2023-05-07 19:19:34,005 [INFO] EPISODE 210, LOSS 1118.948486328125
"2023-05-07 19:19:35,102 [INFO] EPISODE 220, LOSS 1652.783935546875
"2023-05-07 19:19:36,210 [INFO] EPISODE 230, LOSS 2644.56396484375
"2023-05-07 19:19:37,326 [INFO] EPISODE 240, LOSS 1438.3782958984375
"2023-05-07 19:19:38,465 [INFO] EPISODE 250, LOSS 4443.00244140625
"2023-05-07 19:19:39,594 [INFO] EPISODE 260, LOSS 2642.39111328125
"2023-05-07 19:19:40,746 [INFO] EPISODE 270, LOSS 2747.621826171875
"2023-05-07 19:19:41,790 [INFO] EPISODE 280, LOSS 1748.4842529296875
"2023-05-07 19:19:42,934 [INFO] EPISODE 290, LOSS 4254.25830078125
"2023-05-07 19:19:44,031 [INFO] EPISODE 300, LOSS 2149.889404296875
"2023-05-07 19:19:45,157 [INFO] EPISODE 310, LOSS 15588.580078125
"2023-05-07 19:19:46,305 [INFO] EPISODE 320, LOSS 2950.72265625
"2023-05-07 19:19:47,486 [INFO] EPISODE 330, LOSS 2500.01123046875
"2023-05-07 19:19:48,497 [INFO] EPISODE 340, LOSS 3556.14453125
"2023-05-07 19:19:49,620 [INFO] EPISODE 350, LOSS 2185.36865234375
"2023-05-07 19:19:50,716 [INFO] EPISODE 360, LOSS 2721.83056640625
"2023-05-07 19:19:51,824 [INFO] EPISODE 370, LOSS 1527.412841796875
"2023-05-07 19:19:52,939 [INFO] EPISODE 380, LOSS 1765.55224609375
"2023-05-07 19:19:54,021 [INFO] EPISODE 390, LOSS 1304.06640625
"2023-05-07 19:19:55,111 [INFO] EPISODE 400, LOSS 1280.1033935546875
"2023-05-07 19:19:56,300 [INFO] EPISODE 410, LOSS 1442.7666015625
"2023-05-07 19:19:57,417 [INFO] EPISODE 420, LOSS 3746.201171875
"2023-05-07 19:19:58,619 [INFO] EPISODE 430, LOSS 4348.57421875
"2023-05-07 19:19:59,795 [INFO] EPISODE 440, LOSS 1521.9881591796875
"2023-05-07 19:20:00,970 [INFO] EPISODE 450, LOSS 1656.963623046875
"2023-05-07 19:20:02,045 [INFO] EPISODE 460, LOSS 2958.4375
"2023-05-07 19:20:03,125 [INFO] EPISODE 470, LOSS 1001.92236328125
"2023-05-07 19:20:04,263 [INFO] EPISODE 480, LOSS 2546.60693359375
"2023-05-07 19:20:05,738 [INFO] EPISODE 490, LOSS 3400.994873046875
"2023-05-07 19:20:07,029 [INFO] EPISODE 500, LOSS 1759.014404296875
"2023-05-07 19:20:08,129 [INFO] EPISODE 510, LOSS 3072.615966796875
"2023-05-07 19:20:09,310 [INFO] EPISODE 520, LOSS 2832.73046875
"2023-05-07 19:20:10,587 [INFO] EPISODE 530, LOSS 2876.394287109375
"2023-05-07 19:20:11,696 [INFO] EPISODE 540, LOSS 2789.5146484375
"2023-05-07 19:20:13,103 [INFO] EPISODE 550, LOSS 2401.77978515625
"2023-05-07 19:20:14,367 [INFO] EPISODE 560, LOSS 2021.4256591796875
"2023-05-07 19:20:15,623 [INFO] EPISODE 570, LOSS 2490.722900390625
"2023-05-07 19:20:16,885 [INFO] EPISODE 580, LOSS 1719.0576171875
"2023-05-07 19:20:18,086 [INFO] EPISODE 590, LOSS 1167.0230712890625
"2023-05-07 19:20:19,518 [INFO] EPISODE 600, LOSS 3496.5126953125
"2023-05-07 19:20:20,828 [INFO] EPISODE 610, LOSS 3835.187255859375
"2023-05-07 19:20:22,026 [INFO] EPISODE 620, LOSS 2205.51220703125
"2023-05-07 19:20:23,113 [INFO] EPISODE 630, LOSS 1686.924560546875
"2023-05-07 19:20:24,381 [INFO] EPISODE 640, LOSS 2746.484130859375
"2023-05-07 19:20:25,595 [INFO] EPISODE 650, LOSS 2812.2939453125
"2023-05-07 19:20:27,136 [INFO] EPISODE 660, LOSS 2246.464599609375
"2023-05-07 19:20:28,305 [INFO] EPISODE 670, LOSS 2607.126953125
"2023-05-07 19:20:29,446 [INFO] EPISODE 680, LOSS 1363.49072265625
"2023-05-07 19:20:30,642 [INFO] EPISODE 690, LOSS 4933.44140625
"2023-05-07 19:20:31,649 [INFO] EPISODE 700, LOSS 2819.8388671875
"2023-05-07 19:20:32,833 [INFO] EPISODE 710, LOSS 2943.857177734375
"2023-05-07 19:20:33,884 [INFO] EPISODE 720, LOSS 4008.08349609375
"2023-05-07 19:20:35,012 [INFO] EPISODE 730, LOSS 2319.48193359375
"2023-05-07 19:20:36,437 [INFO] EPISODE 740, LOSS 2016.43896484375
"2023-05-07 19:20:37,912 [INFO] EPISODE 750, LOSS 826.877197265625
"2023-05-07 19:20:39,380 [INFO] EPISODE 760, LOSS 1105.9925537109375
"2023-05-07 19:20:41,011 [INFO] EPISODE 770, LOSS 2316.237060546875
"2023-05-07 19:20:42,394 [INFO] EPISODE 780, LOSS 1042.774658203125
"2023-05-07 19:20:43,542 [INFO] EPISODE 790, LOSS 2114.109375
"2023-05-07 19:20:44,920 [INFO] EPISODE 800, LOSS 1417.2041015625
"2023-05-07 19:20:46,443 [INFO] EPISODE 810, LOSS 1865.12158203125
"2023-05-07 19:20:47,653 [INFO] EPISODE 820, LOSS 1807.1688232421875
"2023-05-07 19:20:48,867 [INFO] EPISODE 830, LOSS 1448.8857421875
"2023-05-07 19:20:50,027 [INFO] EPISODE 840, LOSS 3553.29052734375
"2023-05-07 19:20:51,213 [INFO] EPISODE 850, LOSS 2018.5087890625
"2023-05-07 19:20:52,798 [INFO] EPISODE 860, LOSS 922.9796142578125
"2023-05-07 19:20:53,876 [INFO] EPISODE 870, LOSS 1898.743896484375
"2023-05-07 19:20:55,389 [INFO] EPISODE 880, LOSS 713.716552734375
"2023-05-07 19:20:56,552 [INFO] EPISODE 890, LOSS 852.6297607421875
"2023-05-07 19:20:58,159 [INFO] EPISODE 900, LOSS 2321.1201171875
"2023-05-07 19:20:59,937 [INFO] EPISODE 910, LOSS 1988.34521484375
"2023-05-07 19:21:01,637 [INFO] EPISODE 920, LOSS 1777.717041015625
"2023-05-07 19:21:03,491 [INFO] EPISODE 930, LOSS 2467.740478515625
"2023-05-07 19:21:04,960 [INFO] ===== ONNX SAVED at ./savemodel/0507_0719PM/939.onnx
"2023-05-07 19:21:05,091 [INFO] EPISODE 940, LOSS 961.9830322265625
"2023-05-07 19:21:06,596 [INFO] EPISODE 950, LOSS 650.255615234375
"2023-05-07 19:21:07,720 [INFO] EPISODE 960, LOSS 633.940673828125
"2023-05-07 19:21:08,189 [INFO] ===== ONNX SAVED at ./savemodel/0507_0719PM/962.onnx
"2023-05-07 19:21:09,598 [INFO] EPISODE 970, LOSS 1314.3626708984375
"2023-05-07 19:21:10,753 [INFO] EPISODE 980, LOSS 653.26904296875
"2023-05-07 19:21:12,634 [INFO] EPISODE 990, LOSS 996.36865234375
"2023-05-07 19:21:13,889 [INFO] ===== ONNX SAVED at ./savemodel/0507_0719PM/1000.onnx
"2023-05-07 19:21:13,889 [INFO] EPISODE 1000, LOSS 410.209716796875
"2023-05-07 19:21:14,075 [INFO] ===== ONNX SAVED at ./savemodel/0507_0719PM/1001.onnx
"2023-05-07 19:21:14,938 [INFO] EPISODE 1010, LOSS 431.0862731933594
"2023-05-07 19:21:15,439 [INFO] ===== ONNX SAVED at ./savemodel/0507_0719PM/1014.onnx
"2023-05-07 19:21:15,965 [INFO] ===== ONNX SAVED at ./savemodel/0507_0719PM/1019.onnx
"2023-05-07 19:21:16,078 [INFO] EPISODE 1020, LOSS 416.04364013671875
"2023-05-07 19:21:17,608 [INFO] EPISODE 1030, LOSS 217.82073974609375
"2023-05-07 19:21:18,204 [INFO] ===== ONNX SAVED at ./savemodel/0507_0719PM/1035.onnx
"2023-05-07 19:21:18,750 [INFO] ===== ONNX SAVED at ./savemodel/0507_0719PM/1040.onnx
"2023-05-07 19:21:18,750 [INFO] EPISODE 1040, LOSS 133.05455017089844
"2023-05-07 19:21:18,925 [INFO] ===== ONNX SAVED at ./savemodel/0507_0719PM/1041.onnx
"2023-05-07 19:21:19,837 [INFO] ===== ONNX SAVED at ./savemodel/0507_0719PM/1049.onnx
"2023-05-07 19:21:19,934 [INFO] EPISODE 1050, LOSS 273.6070556640625
"2023-05-07 19:21:21,346 [INFO] EPISODE 1060, LOSS 2172.35791015625
"2023-05-07 19:21:22,506 [INFO] EPISODE 1070, LOSS 226.84225463867188
"2023-05-07 19:21:23,930 [INFO] ===== ONNX SAVED at ./savemodel/0507_0719PM/1080.onnx
"2023-05-07 19:21:23,930 [INFO] EPISODE 1080, LOSS 81.73673248291016
"2023-05-07 19:21:25,307 [INFO] EPISODE 1090, LOSS 227.35494995117188
"2023-05-07 19:21:26,707 [INFO] EPISODE 1100, LOSS 226.79013061523438
"2023-05-07 19:21:28,145 [INFO] EPISODE 1110, LOSS 126.38616943359375
"2023-05-07 19:21:29,280 [INFO] EPISODE 1120, LOSS 164.00949096679688
"2023-05-07 19:21:30,718 [INFO] EPISODE 1130, LOSS 299.03436279296875
"2023-05-07 19:21:32,346 [INFO] EPISODE 1140, LOSS 274.03302001953125
"2023-05-07 19:21:34,040 [INFO] EPISODE 1150, LOSS 187.95932006835938
"2023-05-07 19:21:35,444 [INFO] EPISODE 1160, LOSS 236.79415893554688
"2023-05-07 19:21:37,011 [INFO] EPISODE 1170, LOSS 331.35430908203125
"2023-05-07 19:21:38,443 [INFO] EPISODE 1180, LOSS 395.6905212402344
"2023-05-07 19:21:39,784 [INFO] EPISODE 1190, LOSS 185.3566131591797
"2023-05-07 19:21:41,637 [INFO] EPISODE 1200, LOSS 251.11276245117188
"2023-05-07 19:21:43,032 [INFO] EPISODE 1210, LOSS 255.02902221679688
"2023-05-07 19:21:44,575 [INFO] EPISODE 1220, LOSS 258.8584899902344
"2023-05-07 19:21:45,060 [INFO] ===== ONNX SAVED at ./savemodel/0507_0719PM/1222.onnx
"2023-05-07 19:21:46,248 [INFO] EPISODE 1230, LOSS 196.98008728027344
"2023-05-07 19:21:47,821 [INFO] EPISODE 1240, LOSS 221.98291015625
"2023-05-07 19:21:49,359 [INFO] EPISODE 1250, LOSS 159.26565551757812
"2023-05-07 19:21:50,682 [INFO] EPISODE 1260, LOSS 284.1873779296875
"2023-05-07 19:21:51,826 [INFO] EPISODE 1270, LOSS 213.77325439453125
"2023-05-07 19:21:52,933 [INFO] EPISODE 1280, LOSS 259.5342712402344
"2023-05-07 19:21:53,886 [INFO] ===== ONNX SAVED at ./savemodel/0507_0719PM/1288.onnx
"2023-05-07 19:21:54,093 [INFO] EPISODE 1290, LOSS 208.58958435058594
"2023-05-07 19:21:55,233 [INFO] EPISODE 1300, LOSS 342.03045654296875
"2023-05-07 19:21:56,304 [INFO] EPISODE 1310, LOSS 285.23956298828125
"2023-05-07 19:21:57,515 [INFO] EPISODE 1320, LOSS 133.2020721435547
"2023-05-07 19:21:58,660 [INFO] EPISODE 1330, LOSS 264.4601745605469
"2023-05-07 19:21:59,738 [INFO] EPISODE 1340, LOSS 363.9350280761719
"2023-05-07 19:22:00,792 [INFO] EPISODE 1350, LOSS 337.0385437011719
"2023-05-07 19:22:01,908 [INFO] EPISODE 1360, LOSS 613.458740234375
"2023-05-07 19:22:02,997 [INFO] EPISODE 1370, LOSS 190.05667114257812
"2023-05-07 19:22:04,123 [INFO] EPISODE 1380, LOSS 182.5487060546875
"2023-05-07 19:22:05,327 [INFO] EPISODE 1390, LOSS 122.5914535522461
"2023-05-07 19:22:06,452 [INFO] EPISODE 1400, LOSS 578.6919555664062
"2023-05-07 19:22:06,835 [INFO] ===== ONNX SAVED at ./savemodel/0507_0719PM/1403.onnx
"2023-05-07 19:22:07,559 [INFO] EPISODE 1410, LOSS 348.06146240234375
"2023-05-07 19:22:08,694 [INFO] EPISODE 1420, LOSS 339.14825439453125
"2023-05-07 19:22:09,785 [INFO] EPISODE 1430, LOSS 332.18621826171875
"2023-05-07 19:22:10,842 [INFO] EPISODE 1440, LOSS 255.09176635742188
"2023-05-07 19:22:11,908 [INFO] EPISODE 1450, LOSS 299.00067138671875
"2023-05-07 19:22:12,986 [INFO] EPISODE 1460, LOSS 135.00389099121094
"2023-05-07 19:22:14,127 [INFO] EPISODE 1470, LOSS 641.23681640625
"2023-05-07 19:22:15,256 [INFO] EPISODE 1480, LOSS 173.10455322265625
"2023-05-07 19:22:16,345 [INFO] EPISODE 1490, LOSS 252.11849975585938
"2023-05-07 19:22:17,456 [INFO] EPISODE 1500, LOSS 197.92437744140625
"2023-05-07 19:22:18,899 [INFO] EPISODE 1510, LOSS 166.56182861328125
"2023-05-07 19:22:19,989 [INFO] EPISODE 1520, LOSS 182.21044921875
"2023-05-07 19:22:21,102 [INFO] EPISODE 1530, LOSS 256.77947998046875
"2023-05-07 19:22:22,531 [INFO] EPISODE 1540, LOSS 375.04248046875
"2023-05-07 19:22:24,121 [INFO] EPISODE 1550, LOSS 263.820556640625
"2023-05-07 19:22:25,491 [INFO] EPISODE 1560, LOSS 308.14666748046875
"2023-05-07 19:22:26,647 [INFO] EPISODE 1570, LOSS 225.73681640625
"2023-05-07 19:22:28,172 [INFO] EPISODE 1580, LOSS 122.49514770507812
"2023-05-07 19:22:29,624 [INFO] EPISODE 1590, LOSS 186.26541137695312
"2023-05-07 19:22:30,945 [INFO] EPISODE 1600, LOSS 262.0062255859375
"2023-05-07 19:22:32,581 [INFO] EPISODE 1610, LOSS 191.1697998046875
"2023-05-07 19:22:34,021 [INFO] EPISODE 1620, LOSS 225.86105346679688
"2023-05-07 19:22:35,496 [INFO] EPISODE 1630, LOSS 266.51885986328125
"2023-05-07 19:22:36,654 [INFO] EPISODE 1640, LOSS 972.5416870117188
"2023-05-07 19:22:37,825 [INFO] EPISODE 1650, LOSS 871.09130859375
"2023-05-07 19:22:38,931 [INFO] EPISODE 1660, LOSS 511.419189453125
"2023-05-07 19:22:40,021 [INFO] EPISODE 1670, LOSS 500.6850280761719
"2023-05-07 19:22:41,038 [INFO] EPISODE 1680, LOSS 234.63047790527344
"2023-05-07 19:22:42,133 [INFO] EPISODE 1690, LOSS 223.93453979492188
"2023-05-07 19:22:43,281 [INFO] EPISODE 1700, LOSS 254.23092651367188
"2023-05-07 19:22:44,421 [INFO] EPISODE 1710, LOSS 264.5885925292969
"2023-05-07 19:22:45,603 [INFO] EPISODE 1720, LOSS 594.8748168945312
"2023-05-07 19:22:46,783 [INFO] EPISODE 1730, LOSS 144.80413818359375
"2023-05-07 19:22:47,933 [INFO] EPISODE 1740, LOSS 385.4462890625
"2023-05-07 19:22:49,223 [INFO] EPISODE 1750, LOSS 395.093017578125
"2023-05-07 19:22:50,603 [INFO] EPISODE 1760, LOSS 161.27444458007812
"2023-05-07 19:22:51,737 [INFO] EPISODE 1770, LOSS 336.3238525390625
"2023-05-07 19:22:52,836 [INFO] EPISODE 1780, LOSS 341.0467529296875
"2023-05-07 19:22:54,004 [INFO] EPISODE 1790, LOSS 529.5699462890625
"2023-05-07 19:22:55,021 [INFO] EPISODE 1800, LOSS 310.5058898925781
"2023-05-07 19:22:56,113 [INFO] EPISODE 1810, LOSS 359.79376220703125
"2023-05-07 19:22:57,168 [INFO] EPISODE 1820, LOSS 287.64404296875
"2023-05-07 19:22:58,332 [INFO] EPISODE 1830, LOSS 512.0439453125
"2023-05-07 19:22:59,535 [INFO] EPISODE 1840, LOSS 247.26451110839844
"2023-05-07 19:23:00,758 [INFO] EPISODE 1850, LOSS 177.9876708984375
"2023-05-07 19:23:01,986 [INFO] EPISODE 1860, LOSS 673.3456420898438
"2023-05-07 19:23:03,099 [INFO] EPISODE 1870, LOSS 85.41629028320312
"2023-05-07 19:23:04,279 [INFO] EPISODE 1880, LOSS 304.682373046875
"2023-05-07 19:23:05,617 [INFO] EPISODE 1890, LOSS 123.10551452636719
"2023-05-07 19:23:06,794 [INFO] EPISODE 1900, LOSS 276.7193908691406
"2023-05-07 19:23:07,976 [INFO] EPISODE 1910, LOSS 96.83187103271484
"2023-05-07 19:23:09,237 [INFO] EPISODE 1920, LOSS 188.44345092773438
"2023-05-07 19:23:10,413 [INFO] EPISODE 1930, LOSS 286.1734619140625
"2023-05-07 19:23:11,542 [INFO] EPISODE 1940, LOSS 355.142333984375
"2023-05-07 19:23:12,613 [INFO] EPISODE 1950, LOSS 269.02032470703125
"2023-05-07 19:23:13,718 [INFO] EPISODE 1960, LOSS 209.60227966308594
"2023-05-07 19:23:14,808 [INFO] EPISODE 1970, LOSS 220.34625244140625
"2023-05-07 19:23:16,001 [INFO] EPISODE 1980, LOSS 186.13070678710938
"2023-05-07 19:23:17,155 [INFO] EPISODE 1990, LOSS 245.3875732421875
"2023-05-07 19:23:18,303 [INFO] ===== ONNX SAVED at ./savemodel/0507_0719PM/2000.onnx
"2023-05-07 19:23:18,303 [INFO] EPISODE 2000, LOSS 136.79795837402344
"2023-05-07 19:23:19,443 [INFO] EPISODE 2010, LOSS 298.3581237792969
"2023-05-07 19:23:20,591 [INFO] EPISODE 2020, LOSS 151.83164978027344
"2023-05-07 19:23:21,732 [INFO] EPISODE 2030, LOSS 308.33929443359375
"2023-05-07 19:23:22,806 [INFO] EPISODE 2040, LOSS 213.45213317871094
"2023-05-07 19:23:23,999 [INFO] EPISODE 2050, LOSS 126.01609802246094
"2023-05-07 19:23:25,116 [INFO] EPISODE 2060, LOSS 161.87539672851562
"2023-05-07 19:23:26,265 [INFO] EPISODE 2070, LOSS 229.2943572998047
"2023-05-07 19:23:27,449 [INFO] EPISODE 2080, LOSS 237.44775390625
"2023-05-07 19:23:28,526 [INFO] EPISODE 2090, LOSS 247.8983154296875
"2023-05-07 19:23:29,647 [INFO] EPISODE 2100, LOSS 490.54827880859375
"2023-05-07 19:23:30,805 [INFO] EPISODE 2110, LOSS 76.59007263183594
"2023-05-07 19:23:31,226 [INFO] ===== ONNX SAVED at ./savemodel/0507_0719PM/2113.onnx
"2023-05-07 19:23:32,034 [INFO] EPISODE 2120, LOSS 93.68431854248047
"2023-05-07 19:23:33,175 [INFO] EPISODE 2130, LOSS 191.28775024414062
"2023-05-07 19:23:34,319 [INFO] EPISODE 2140, LOSS 152.4285430908203
"2023-05-07 19:23:35,457 [INFO] EPISODE 2150, LOSS 389.5443115234375
"2023-05-07 19:23:36,601 [INFO] EPISODE 2160, LOSS 165.441650390625
"2023-05-07 19:23:37,904 [INFO] EPISODE 2170, LOSS 539.8722534179688
"2023-05-07 19:23:39,117 [INFO] EPISODE 2180, LOSS 375.966552734375
"2023-05-07 19:23:40,274 [INFO] EPISODE 2190, LOSS 222.25277709960938
"2023-05-07 19:23:41,415 [INFO] EPISODE 2200, LOSS 596.92333984375
"2023-05-07 19:23:42,556 [INFO] EPISODE 2210, LOSS 945.0119018554688
"2023-05-07 19:23:43,703 [INFO] EPISODE 2220, LOSS 533.4933471679688
"2023-05-07 19:23:44,895 [INFO] EPISODE 2230, LOSS 295.1115417480469
"2023-05-07 19:23:46,029 [INFO] EPISODE 2240, LOSS 492.82647705078125
"2023-05-07 19:23:47,133 [INFO] EPISODE 2250, LOSS 636.6973876953125
"2023-05-07 19:23:48,315 [INFO] EPISODE 2260, LOSS 552.81787109375
"2023-05-07 19:23:49,411 [INFO] EPISODE 2270, LOSS 654.7051391601562
"2023-05-07 19:23:50,555 [INFO] EPISODE 2280, LOSS 212.74459838867188
"2023-05-07 19:23:51,700 [INFO] EPISODE 2290, LOSS 659.293701171875
"2023-05-07 19:23:52,802 [INFO] EPISODE 2300, LOSS 670.3759765625
"2023-05-07 19:23:53,971 [INFO] EPISODE 2310, LOSS 762.018798828125
"2023-05-07 19:23:55,168 [INFO] EPISODE 2320, LOSS 356.1678161621094
"2023-05-07 19:23:56,335 [INFO] EPISODE 2330, LOSS 501.954833984375
"2023-05-07 19:23:57,496 [INFO] EPISODE 2340, LOSS 537.2835693359375
"2023-05-07 19:23:58,637 [INFO] EPISODE 2350, LOSS 310.2153015136719
"2023-05-07 19:23:59,829 [INFO] EPISODE 2360, LOSS 378.06787109375
"2023-05-07 19:24:01,054 [INFO] EPISODE 2370, LOSS 383.47259521484375
"2023-05-07 19:24:02,214 [INFO] EPISODE 2380, LOSS 490.5505065917969
"2023-05-07 19:24:03,396 [INFO] EPISODE 2390, LOSS 363.0049743652344
"2023-05-07 19:24:04,590 [INFO] EPISODE 2400, LOSS 408.7319030761719
"2023-05-07 19:24:05,720 [INFO] EPISODE 2410, LOSS 313.3038635253906
"2023-05-07 19:24:06,852 [INFO] EPISODE 2420, LOSS 460.74224853515625
"2023-05-07 19:24:08,037 [INFO] EPISODE 2430, LOSS 397.6578063964844
"2023-05-07 19:24:09,123 [INFO] EPISODE 2440, LOSS 386.04486083984375
"2023-05-07 19:24:09,887 [INFO] train finished. 
final loss: 130.03616333007812
"2023-05-07 19:24:09,916 [INFO] ===== ONNX SAVED at ./savemodel/0507_0719PM/FINAL100000.onnx
