"2023-05-07 18:40:50,809 [INFO] Reporter Initialized!
"2023-05-07 18:40:50,809 [INFO] Reporter LEVEL: info
"2023-05-07 18:40:51,193 [INFO] Loaded csv data is 0507_0621PM
"2023-05-07 18:40:52,209 [INFO] Device(cuda) is working for train
"2023-05-07 18:40:52,210 [INFO] Train Started
"2023-05-07 18:40:53,091 [INFO] ===== ONNX SAVED at ./savemodel/X0507_0640PM/0.onnx
"2023-05-07 18:40:53,100 [INFO] ===== ONNX SAVED at ./savemodel/Y0507_0640PM/0.onnx
"2023-05-07 18:40:53,112 [INFO] ===== ONNX SAVED at ./savemodel/R0507_0640PM/0.onnx
"2023-05-07 18:40:53,112 [INFO] ===== Saved non-trained network
"2023-05-07 18:40:53,112 [INFO] EPISODE 0, LOSS 550.0932312011719
"2023-05-07 18:40:53,746 [INFO] ===== ONNX SAVED at ./savemodel/X0507_0640PM/5.onnx
"2023-05-07 18:40:53,784 [INFO] ===== ONNX SAVED at ./savemodel/Y0507_0640PM/5.onnx
"2023-05-07 18:40:53,797 [INFO] ===== ONNX SAVED at ./savemodel/R0507_0640PM/5.onnx
"2023-05-07 18:40:53,977 [INFO] ===== ONNX SAVED at ./savemodel/X0507_0640PM/7.onnx
"2023-05-07 18:40:53,988 [INFO] ===== ONNX SAVED at ./savemodel/Y0507_0640PM/7.onnx
"2023-05-07 18:40:54,001 [INFO] ===== ONNX SAVED at ./savemodel/R0507_0640PM/7.onnx
"2023-05-07 18:40:54,240 [INFO] EPISODE 10, LOSS 459.3167419433594
"2023-05-07 18:40:54,886 [INFO] ===== ONNX SAVED at ./savemodel/X0507_0640PM/17.onnx
"2023-05-07 18:40:54,896 [INFO] ===== ONNX SAVED at ./savemodel/Y0507_0640PM/17.onnx
"2023-05-07 18:40:54,910 [INFO] ===== ONNX SAVED at ./savemodel/R0507_0640PM/17.onnx
"2023-05-07 18:40:55,155 [INFO] EPISODE 20, LOSS 307.36373138427734
"2023-05-07 18:40:56,010 [INFO] EPISODE 30, LOSS 589.4940185546875
"2023-05-07 18:40:56,901 [INFO] EPISODE 40, LOSS 370.01874923706055
"2023-05-07 18:40:57,738 [INFO] EPISODE 50, LOSS 544.4737930297852
"2023-05-07 18:40:58,554 [INFO] EPISODE 60, LOSS 591.3483581542969
"2023-05-07 18:40:59,398 [INFO] EPISODE 70, LOSS 591.9333190917969
"2023-05-07 18:41:00,234 [INFO] EPISODE 80, LOSS 439.78106689453125
"2023-05-07 18:41:01,069 [INFO] EPISODE 90, LOSS 216.1150894165039
"2023-05-07 18:41:01,429 [INFO] ===== ONNX SAVED at ./savemodel/X0507_0640PM/94.onnx
"2023-05-07 18:41:01,443 [INFO] ===== ONNX SAVED at ./savemodel/Y0507_0640PM/94.onnx
"2023-05-07 18:41:01,479 [INFO] ===== ONNX SAVED at ./savemodel/R0507_0640PM/94.onnx
"2023-05-07 18:41:01,734 [INFO] ===== ONNX SAVED at ./savemodel/X0507_0640PM/97.onnx
"2023-05-07 18:41:01,748 [INFO] ===== ONNX SAVED at ./savemodel/Y0507_0640PM/97.onnx
"2023-05-07 18:41:01,785 [INFO] ===== ONNX SAVED at ./savemodel/R0507_0640PM/97.onnx
"2023-05-07 18:41:02,080 [INFO] EPISODE 100, LOSS 317.6011962890625
"2023-05-07 18:41:02,963 [INFO] EPISODE 110, LOSS 301.2119445800781
"2023-05-07 18:41:03,810 [INFO] EPISODE 120, LOSS 400.50060272216797
"2023-05-07 18:41:04,678 [INFO] EPISODE 130, LOSS 187.6545867919922
"2023-05-07 18:41:05,535 [INFO] EPISODE 140, LOSS 248.40081024169922
"2023-05-07 18:41:06,367 [INFO] EPISODE 150, LOSS 456.1222686767578
"2023-05-07 18:41:07,221 [INFO] EPISODE 160, LOSS 492.70314025878906
"2023-05-07 18:41:08,023 [INFO] EPISODE 170, LOSS 247.44020080566406
"2023-05-07 18:41:08,899 [INFO] EPISODE 180, LOSS 528.2322387695312
"2023-05-07 18:41:09,775 [INFO] EPISODE 190, LOSS 278.0911560058594
"2023-05-07 18:41:10,640 [INFO] EPISODE 200, LOSS 465.8691101074219
"2023-05-07 18:41:11,505 [INFO] EPISODE 210, LOSS 209.96765518188477
"2023-05-07 18:41:12,295 [INFO] EPISODE 220, LOSS 350.0193405151367
"2023-05-07 18:41:13,173 [INFO] EPISODE 230, LOSS 390.87052154541016
"2023-05-07 18:41:13,464 [INFO] train finished. 
final loss: 413.8335876464844
"2023-05-07 18:41:13,480 [INFO] ===== ONNX SAVED at ./savemodel/X0507_0640PM/FINAL100000.onnx
"2023-05-07 18:41:13,490 [INFO] ===== ONNX SAVED at ./savemodel/Y0507_0640PM/FINAL100000.onnx
"2023-05-07 18:41:13,498 [INFO] ===== ONNX SAVED at ./savemodel/R0507_0640PM/FINAL100000.onnx
