"2023-05-07 19:37:07,084 [INFO] Reporter Initialized!
"2023-05-07 19:37:07,084 [INFO] Reporter LEVEL: info
"2023-05-07 19:37:07,238 [INFO] Loaded csv data is 0507_0542PM
"2023-05-07 19:37:08,964 [INFO] None
"2023-05-07 19:37:08,964 [INFO] Device(cuda) is working for train
"2023-05-07 19:37:08,972 [INFO] Train Started
"2023-05-07 19:37:09,005 [INFO] ===== ONNX SAVED at ./savemodel/0507_0737PM/0.onnx
"2023-05-07 19:37:09,005 [INFO] ===== Saved non-trained network
"2023-05-07 19:37:09,005 [INFO] EPISODE 0, LOSS 4404.21337890625
"2023-05-07 19:37:09,430 [INFO] ===== ONNX SAVED at ./savemodel/0507_0737PM/3.onnx
"2023-05-07 19:37:09,722 [INFO] ===== ONNX SAVED at ./savemodel/0507_0737PM/7.onnx
"2023-05-07 19:37:09,815 [INFO] ===== ONNX SAVED at ./savemodel/0507_0737PM/8.onnx
"2023-05-07 19:37:09,948 [INFO] EPISODE 10, LOSS 919.135986328125
"2023-05-07 19:37:10,250 [INFO] ===== ONNX SAVED at ./savemodel/0507_0737PM/13.onnx
"2023-05-07 19:37:10,336 [INFO] ===== ONNX SAVED at ./savemodel/0507_0737PM/14.onnx
"2023-05-07 19:37:10,737 [INFO] EPISODE 20, LOSS 773.6129760742188
"2023-05-07 19:37:10,845 [INFO] ===== ONNX SAVED at ./savemodel/0507_0737PM/21.onnx
"2023-05-07 19:37:11,058 [INFO] ===== ONNX SAVED at ./savemodel/0507_0737PM/24.onnx
"2023-05-07 19:37:11,348 [INFO] ===== ONNX SAVED at ./savemodel/0507_0737PM/28.onnx
"2023-05-07 19:37:11,496 [INFO] EPISODE 30, LOSS 1611.48779296875
"2023-05-07 19:37:12,142 [INFO] ===== ONNX SAVED at ./savemodel/0507_0737PM/39.onnx
"2023-05-07 19:37:12,214 [INFO] EPISODE 40, LOSS 1175.44091796875
"2023-05-07 19:37:12,920 [INFO] EPISODE 50, LOSS 1965.2484130859375
"2023-05-07 19:37:13,293 [INFO] ===== ONNX SAVED at ./savemodel/0507_0737PM/55.onnx
"2023-05-07 19:37:13,582 [INFO] ===== ONNX SAVED at ./savemodel/0507_0737PM/58.onnx
"2023-05-07 19:37:13,711 [INFO] EPISODE 60, LOSS 1123.81884765625
"2023-05-07 19:37:14,399 [INFO] EPISODE 70, LOSS 959.1437377929688
"2023-05-07 19:37:15,173 [INFO] EPISODE 80, LOSS 465.8877868652344
"2023-05-07 19:37:15,749 [INFO] ===== ONNX SAVED at ./savemodel/0507_0737PM/88.onnx
"2023-05-07 19:37:15,897 [INFO] EPISODE 90, LOSS 566.8007202148438
"2023-05-07 19:37:16,570 [INFO] EPISODE 100, LOSS 319.443603515625
"2023-05-07 19:37:17,296 [INFO] EPISODE 110, LOSS 1168.474609375
"2023-05-07 19:37:18,012 [INFO] EPISODE 120, LOSS 626.0538940429688
"2023-05-07 19:37:18,382 [INFO] ===== ONNX SAVED at ./savemodel/0507_0737PM/125.onnx
"2023-05-07 19:37:18,796 [INFO] EPISODE 130, LOSS 1905.571533203125
"2023-05-07 19:37:19,296 [INFO] ===== ONNX SAVED at ./savemodel/0507_0737PM/137.onnx
"2023-05-07 19:37:19,494 [INFO] EPISODE 140, LOSS 996.22607421875
"2023-05-07 19:37:20,191 [INFO] EPISODE 150, LOSS 1200.2547607421875
"2023-05-07 19:37:20,861 [INFO] EPISODE 160, LOSS 553.8222045898438
"2023-05-07 19:37:21,522 [INFO] EPISODE 170, LOSS 1311.76904296875
"2023-05-07 19:37:22,245 [INFO] EPISODE 180, LOSS 594.9345703125
"2023-05-07 19:37:22,880 [INFO] ===== ONNX SAVED at ./savemodel/0507_0737PM/189.onnx
"2023-05-07 19:37:23,012 [INFO] EPISODE 190, LOSS 1369.4071044921875
"2023-05-07 19:37:23,689 [INFO] EPISODE 200, LOSS 1234.708251953125
"2023-05-07 19:37:24,420 [INFO] EPISODE 210, LOSS 741.7489013671875
"2023-05-07 19:37:25,068 [INFO] EPISODE 220, LOSS 554.3399658203125
"2023-05-07 19:37:25,756 [INFO] EPISODE 230, LOSS 560.7073974609375
"2023-05-07 19:37:26,429 [INFO] EPISODE 240, LOSS 627.7694702148438
"2023-05-07 19:37:27,137 [INFO] EPISODE 250, LOSS 1096.565673828125
"2023-05-07 19:37:27,945 [INFO] EPISODE 260, LOSS 349.31488037109375
"2023-05-07 19:37:28,907 [INFO] EPISODE 270, LOSS 1696.06640625
"2023-05-07 19:37:30,049 [INFO] EPISODE 280, LOSS 838.7537841796875
"2023-05-07 19:37:30,860 [INFO] EPISODE 290, LOSS 302.1869812011719
"2023-05-07 19:37:31,567 [INFO] EPISODE 300, LOSS 1007.7623291015625
"2023-05-07 19:37:32,295 [INFO] EPISODE 310, LOSS 776.200927734375
"2023-05-07 19:37:33,017 [INFO] EPISODE 320, LOSS 860.6303100585938
"2023-05-07 19:37:33,743 [INFO] EPISODE 330, LOSS 732.291015625
"2023-05-07 19:37:34,443 [INFO] EPISODE 340, LOSS 318.0393371582031
"2023-05-07 19:37:35,153 [INFO] EPISODE 350, LOSS 162.49925231933594
"2023-05-07 19:37:35,871 [INFO] ===== ONNX SAVED at ./savemodel/0507_0737PM/359.onnx
"2023-05-07 19:37:35,930 [INFO] EPISODE 360, LOSS 414.9947509765625
"2023-05-07 19:37:36,696 [INFO] EPISODE 370, LOSS 102.36964416503906
"2023-05-07 19:37:37,345 [INFO] EPISODE 380, LOSS 77.01918029785156
"2023-05-07 19:37:38,021 [INFO] ===== ONNX SAVED at ./savemodel/0507_0737PM/388.onnx
"2023-05-07 19:37:38,173 [INFO] EPISODE 390, LOSS 160.98533630371094
"2023-05-07 19:37:38,505 [INFO] ===== ONNX SAVED at ./savemodel/0507_0737PM/394.onnx
"2023-05-07 19:37:38,893 [INFO] EPISODE 400, LOSS 107.22003173828125
"2023-05-07 19:37:39,459 [INFO] ===== ONNX SAVED at ./savemodel/0507_0737PM/407.onnx
"2023-05-07 19:37:39,667 [INFO] EPISODE 410, LOSS 111.44597625732422
"2023-05-07 19:37:40,415 [INFO] EPISODE 420, LOSS 197.1095428466797
"2023-05-07 19:37:41,214 [INFO] EPISODE 430, LOSS 84.88707733154297
"2023-05-07 19:37:41,415 [INFO] ===== ONNX SAVED at ./savemodel/0507_0737PM/432.onnx
"2023-05-07 19:37:41,966 [INFO] EPISODE 440, LOSS 115.35041809082031
"2023-05-07 19:37:42,710 [INFO] EPISODE 450, LOSS 91.37266540527344
"2023-05-07 19:37:43,493 [INFO] ===== ONNX SAVED at ./savemodel/0507_0737PM/460.onnx
"2023-05-07 19:37:43,493 [INFO] EPISODE 460, LOSS 25.59499740600586
"2023-05-07 19:37:44,484 [INFO] EPISODE 470, LOSS 104.97894287109375
"2023-05-07 19:37:45,269 [INFO] EPISODE 480, LOSS 103.38130950927734
"2023-05-07 19:37:45,901 [INFO] ===== ONNX SAVED at ./savemodel/0507_0737PM/487.onnx
"2023-05-07 19:37:46,114 [INFO] EPISODE 490, LOSS 46.43345260620117
"2023-05-07 19:37:46,957 [INFO] EPISODE 500, LOSS 32.24397277832031
"2023-05-07 19:37:47,783 [INFO] ===== ONNX SAVED at ./savemodel/0507_0737PM/510.onnx
"2023-05-07 19:37:47,783 [INFO] EPISODE 510, LOSS 15.868156433105469
"2023-05-07 19:37:48,468 [INFO] EPISODE 520, LOSS 37.96330261230469
"2023-05-07 19:37:49,285 [INFO] EPISODE 530, LOSS 50.163352966308594
"2023-05-07 19:37:50,077 [INFO] EPISODE 540, LOSS 38.12452697753906
"2023-05-07 19:37:50,930 [INFO] EPISODE 550, LOSS 51.130821228027344
"2023-05-07 19:37:51,745 [INFO] EPISODE 560, LOSS 53.527828216552734
"2023-05-07 19:37:52,495 [INFO] EPISODE 570, LOSS 45.32317352294922
"2023-05-07 19:37:53,280 [INFO] EPISODE 580, LOSS 30.1724853515625
"2023-05-07 19:37:53,943 [INFO] EPISODE 590, LOSS 76.9617919921875
"2023-05-07 19:37:54,632 [INFO] EPISODE 600, LOSS 38.22303771972656
"2023-05-07 19:37:55,406 [INFO] EPISODE 610, LOSS 40.579505920410156
"2023-05-07 19:37:56,198 [INFO] EPISODE 620, LOSS 79.413330078125
"2023-05-07 19:37:56,898 [INFO] EPISODE 630, LOSS 119.97367858886719
"2023-05-07 19:37:57,572 [INFO] EPISODE 640, LOSS 43.88200378417969
"2023-05-07 19:37:58,242 [INFO] EPISODE 650, LOSS 18.838478088378906
"2023-05-07 19:37:58,978 [INFO] EPISODE 660, LOSS 53.555599212646484
"2023-05-07 19:37:59,771 [INFO] EPISODE 670, LOSS 81.7927474975586
"2023-05-07 19:38:00,528 [INFO] EPISODE 680, LOSS 18.564077377319336
"2023-05-07 19:38:01,226 [INFO] EPISODE 690, LOSS 28.2916316986084
"2023-05-07 19:38:01,343 [INFO] ===== ONNX SAVED at ./savemodel/0507_0737PM/691.onnx
"2023-05-07 19:38:01,987 [INFO] EPISODE 700, LOSS 30.27681541442871
"2023-05-07 19:38:02,656 [INFO] EPISODE 710, LOSS 24.73946189880371
"2023-05-07 19:38:03,590 [INFO] EPISODE 720, LOSS 24.327774047851562
"2023-05-07 19:38:04,520 [INFO] EPISODE 730, LOSS 37.04597854614258
"2023-05-07 19:38:05,360 [INFO] EPISODE 740, LOSS 14.870409965515137
"2023-05-07 19:38:06,123 [INFO] EPISODE 750, LOSS 25.34253692626953
"2023-05-07 19:38:06,756 [INFO] EPISODE 760, LOSS 23.436798095703125
"2023-05-07 19:38:07,425 [INFO] EPISODE 770, LOSS 29.620372772216797
"2023-05-07 19:38:08,149 [INFO] EPISODE 780, LOSS 20.672996520996094
"2023-05-07 19:38:08,782 [INFO] EPISODE 790, LOSS 28.168785095214844
"2023-05-07 19:38:09,457 [INFO] EPISODE 800, LOSS 86.5099105834961
"2023-05-07 19:38:10,098 [INFO] EPISODE 810, LOSS 40.70589065551758
"2023-05-07 19:38:10,762 [INFO] EPISODE 820, LOSS 42.31290817260742
"2023-05-07 19:38:11,464 [INFO] EPISODE 830, LOSS 42.592018127441406
"2023-05-07 19:38:12,088 [INFO] EPISODE 840, LOSS 21.269630432128906
"2023-05-07 19:38:12,746 [INFO] EPISODE 850, LOSS 18.681461334228516
"2023-05-07 19:38:13,497 [INFO] EPISODE 860, LOSS 12.789095878601074
"2023-05-07 19:38:14,132 [INFO] EPISODE 870, LOSS 47.03168869018555
"2023-05-07 19:38:14,854 [INFO] EPISODE 880, LOSS 25.118465423583984
"2023-05-07 19:38:15,583 [INFO] EPISODE 890, LOSS 35.37163543701172
"2023-05-07 19:38:16,313 [INFO] EPISODE 900, LOSS 24.04212760925293
"2023-05-07 19:38:16,995 [INFO] EPISODE 910, LOSS 17.64422607421875
"2023-05-07 19:38:17,727 [INFO] EPISODE 920, LOSS 24.3607234954834
"2023-05-07 19:38:18,331 [INFO] EPISODE 930, LOSS 14.34220027923584
"2023-05-07 19:38:18,997 [INFO] EPISODE 940, LOSS 20.33697509765625
"2023-05-07 19:38:19,748 [INFO] EPISODE 950, LOSS 12.043901443481445
"2023-05-07 19:38:20,376 [INFO] EPISODE 960, LOSS 28.305343627929688
"2023-05-07 19:38:21,023 [INFO] EPISODE 970, LOSS 25.450374603271484
"2023-05-07 19:38:21,661 [INFO] EPISODE 980, LOSS 10.620264053344727
"2023-05-07 19:38:22,327 [INFO] EPISODE 990, LOSS 18.36404037475586
"2023-05-07 19:38:23,159 [INFO] ===== ONNX SAVED at ./savemodel/0507_0737PM/1000.onnx
"2023-05-07 19:38:23,160 [INFO] EPISODE 1000, LOSS 18.2117919921875
"2023-05-07 19:38:23,783 [INFO] EPISODE 1010, LOSS 17.812379837036133
"2023-05-07 19:38:24,444 [INFO] EPISODE 1020, LOSS 23.794971466064453
"2023-05-07 19:38:25,193 [INFO] EPISODE 1030, LOSS 17.914714813232422
"2023-05-07 19:38:25,911 [INFO] EPISODE 1040, LOSS 17.259008407592773
"2023-05-07 19:38:26,601 [INFO] EPISODE 1050, LOSS 9.39576244354248
"2023-05-07 19:38:27,242 [INFO] EPISODE 1060, LOSS 25.12082290649414
"2023-05-07 19:38:28,017 [INFO] EPISODE 1070, LOSS 29.640913009643555
"2023-05-07 19:38:28,667 [INFO] EPISODE 1080, LOSS 16.97275161743164
"2023-05-07 19:38:28,914 [INFO] ===== ONNX SAVED at ./savemodel/0507_0737PM/1084.onnx
"2023-05-07 19:38:29,365 [INFO] EPISODE 1090, LOSS 18.777835845947266
"2023-05-07 19:38:29,726 [INFO] ===== ONNX SAVED at ./savemodel/0507_0737PM/1095.onnx
"2023-05-07 19:38:30,127 [INFO] EPISODE 1100, LOSS 9.162291526794434
"2023-05-07 19:38:30,685 [INFO] ===== ONNX SAVED at ./savemodel/0507_0737PM/1107.onnx
"2023-05-07 19:38:30,864 [INFO] EPISODE 1110, LOSS 14.53046703338623
"2023-05-07 19:38:31,564 [INFO] EPISODE 1120, LOSS 16.378753662109375
"2023-05-07 19:38:32,620 [INFO] EPISODE 1130, LOSS 10.286974906921387
"2023-05-07 19:38:33,326 [INFO] EPISODE 1140, LOSS 12.16614818572998
"2023-05-07 19:38:34,012 [INFO] EPISODE 1150, LOSS 24.765350341796875
"2023-05-07 19:38:34,126 [INFO] ===== ONNX SAVED at ./savemodel/0507_0737PM/1151.onnx
"2023-05-07 19:38:34,470 [INFO] ===== ONNX SAVED at ./savemodel/0507_0737PM/1157.onnx
"2023-05-07 19:38:34,677 [INFO] EPISODE 1160, LOSS 24.129613876342773
"2023-05-07 19:38:35,268 [INFO] EPISODE 1170, LOSS 9.739444732666016
"2023-05-07 19:38:35,995 [INFO] EPISODE 1180, LOSS 12.428378105163574
"2023-05-07 19:38:36,748 [INFO] EPISODE 1190, LOSS 4.052149772644043
"2023-05-07 19:38:37,385 [INFO] EPISODE 1200, LOSS 21.06112289428711
"2023-05-07 19:38:38,147 [INFO] EPISODE 1210, LOSS 12.309249877929688
"2023-05-07 19:38:38,900 [INFO] EPISODE 1220, LOSS 10.412558555603027
"2023-05-07 19:38:39,724 [INFO] EPISODE 1230, LOSS 12.189631462097168
"2023-05-07 19:38:40,447 [INFO] EPISODE 1240, LOSS 18.324121475219727
"2023-05-07 19:38:41,063 [INFO] EPISODE 1250, LOSS 7.672763824462891
"2023-05-07 19:38:41,680 [INFO] ===== ONNX SAVED at ./savemodel/0507_0737PM/1259.onnx
"2023-05-07 19:38:41,773 [INFO] EPISODE 1260, LOSS 11.649383544921875
"2023-05-07 19:38:42,449 [INFO] EPISODE 1270, LOSS 11.856325149536133
"2023-05-07 19:38:43,141 [INFO] EPISODE 1280, LOSS 6.168539047241211
"2023-05-07 19:38:43,873 [INFO] EPISODE 1290, LOSS 7.63483190536499
"2023-05-07 19:38:44,614 [INFO] EPISODE 1300, LOSS 4.985255718231201
"2023-05-07 19:38:45,230 [INFO] EPISODE 1310, LOSS 10.386216163635254
"2023-05-07 19:38:45,895 [INFO] EPISODE 1320, LOSS 12.610050201416016
"2023-05-07 19:38:46,611 [INFO] EPISODE 1330, LOSS 7.509425163269043
"2023-05-07 19:38:47,258 [INFO] EPISODE 1340, LOSS 10.878066062927246
"2023-05-07 19:38:47,929 [INFO] EPISODE 1350, LOSS 10.801271438598633
"2023-05-07 19:38:48,615 [INFO] EPISODE 1360, LOSS 7.031074047088623
"2023-05-07 19:38:49,230 [INFO] EPISODE 1370, LOSS 15.04996109008789
"2023-05-07 19:38:49,929 [INFO] EPISODE 1380, LOSS 9.823291778564453
"2023-05-07 19:38:50,043 [INFO] ===== ONNX SAVED at ./savemodel/0507_0737PM/1381.onnx
"2023-05-07 19:38:50,605 [INFO] EPISODE 1390, LOSS 8.542919158935547
"2023-05-07 19:38:50,985 [INFO] ===== ONNX SAVED at ./savemodel/0507_0737PM/1395.onnx
"2023-05-07 19:38:51,289 [INFO] EPISODE 1400, LOSS 9.577184677124023
"2023-05-07 19:38:52,006 [INFO] EPISODE 1410, LOSS 15.198991775512695
"2023-05-07 19:38:52,676 [INFO] EPISODE 1420, LOSS 9.4498291015625
"2023-05-07 19:38:53,342 [INFO] EPISODE 1430, LOSS 12.605186462402344
"2023-05-07 19:38:54,094 [INFO] ===== ONNX SAVED at ./savemodel/0507_0737PM/1440.onnx
"2023-05-07 19:38:54,094 [INFO] EPISODE 1440, LOSS 2.369650363922119
"2023-05-07 19:38:54,785 [INFO] EPISODE 1450, LOSS 15.434870719909668
"2023-05-07 19:38:55,451 [INFO] EPISODE 1460, LOSS 4.108704566955566
"2023-05-07 19:38:56,141 [INFO] EPISODE 1470, LOSS 2.670219898223877
"2023-05-07 19:38:56,929 [INFO] EPISODE 1480, LOSS 5.095554351806641
"2023-05-07 19:38:57,566 [INFO] EPISODE 1490, LOSS 3.458113431930542
"2023-05-07 19:38:58,063 [INFO] ===== ONNX SAVED at ./savemodel/0507_0737PM/1497.onnx
"2023-05-07 19:38:58,263 [INFO] EPISODE 1500, LOSS 2.575118064880371
"2023-05-07 19:38:59,312 [INFO] EPISODE 1510, LOSS 7.802951812744141
"2023-05-07 19:39:00,475 [INFO] EPISODE 1520, LOSS 10.843454360961914
"2023-05-07 19:39:01,655 [INFO] EPISODE 1530, LOSS 4.55435848236084
"2023-05-07 19:39:02,421 [INFO] EPISODE 1540, LOSS 7.936685562133789
"2023-05-07 19:39:03,155 [INFO] EPISODE 1550, LOSS 4.193012714385986
"2023-05-07 19:39:03,844 [INFO] EPISODE 1560, LOSS 14.024940490722656
"2023-05-07 19:39:04,542 [INFO] EPISODE 1570, LOSS 5.940213680267334
"2023-05-07 19:39:05,313 [INFO] EPISODE 1580, LOSS 9.381322860717773
"2023-05-07 19:39:06,001 [INFO] EPISODE 1590, LOSS 3.1739261150360107
"2023-05-07 19:39:06,398 [INFO] ===== ONNX SAVED at ./savemodel/0507_0737PM/1596.onnx
"2023-05-07 19:39:06,649 [INFO] EPISODE 1600, LOSS 9.198945999145508
"2023-05-07 19:39:07,085 [INFO] ===== ONNX SAVED at ./savemodel/0507_0737PM/1606.onnx
"2023-05-07 19:39:07,394 [INFO] EPISODE 1610, LOSS 2.6655325889587402
"2023-05-07 19:39:08,073 [INFO] EPISODE 1620, LOSS 2.701354742050171
"2023-05-07 19:39:08,806 [INFO] EPISODE 1630, LOSS 4.29121732711792
"2023-05-07 19:39:09,531 [INFO] EPISODE 1640, LOSS 5.287786483764648
"2023-05-07 19:39:10,213 [INFO] EPISODE 1650, LOSS 6.688903331756592
"2023-05-07 19:39:10,611 [INFO] ===== ONNX SAVED at ./savemodel/0507_0737PM/1655.onnx
"2023-05-07 19:39:10,944 [INFO] EPISODE 1660, LOSS 8.627601623535156
"2023-05-07 19:39:11,196 [INFO] ===== ONNX SAVED at ./savemodel/0507_0737PM/1663.onnx
"2023-05-07 19:39:11,685 [INFO] EPISODE 1670, LOSS 7.107917308807373
"2023-05-07 19:39:12,260 [INFO] ===== ONNX SAVED at ./savemodel/0507_0737PM/1678.onnx
"2023-05-07 19:39:12,408 [INFO] EPISODE 1680, LOSS 4.949830055236816
"2023-05-07 19:39:13,170 [INFO] EPISODE 1690, LOSS 7.0059943199157715
"2023-05-07 19:39:13,899 [INFO] EPISODE 1700, LOSS 7.0674262046813965
"2023-05-07 19:39:14,565 [INFO] EPISODE 1710, LOSS 3.0380802154541016
"2023-05-07 19:39:15,326 [INFO] EPISODE 1720, LOSS 10.388487815856934
"2023-05-07 19:39:16,019 [INFO] EPISODE 1730, LOSS 4.8418402671813965
"2023-05-07 19:39:16,825 [INFO] EPISODE 1740, LOSS 2.5202078819274902
"2023-05-07 19:39:18,074 [INFO] EPISODE 1750, LOSS 4.040671348571777
"2023-05-07 19:39:19,347 [INFO] EPISODE 1760, LOSS 6.10677433013916
"2023-05-07 19:39:20,399 [INFO] EPISODE 1770, LOSS 10.548723220825195
"2023-05-07 19:39:21,163 [INFO] EPISODE 1780, LOSS 5.680351257324219
"2023-05-07 19:39:21,884 [INFO] EPISODE 1790, LOSS 9.453313827514648
"2023-05-07 19:39:22,640 [INFO] EPISODE 1800, LOSS 2.799595355987549
"2023-05-07 19:39:23,338 [INFO] EPISODE 1810, LOSS 3.21640682220459
"2023-05-07 19:39:24,039 [INFO] EPISODE 1820, LOSS 6.149419784545898
"2023-05-07 19:39:24,696 [INFO] EPISODE 1830, LOSS 3.069181442260742
"2023-05-07 19:39:25,379 [INFO] EPISODE 1840, LOSS 4.5483903884887695
"2023-05-07 19:39:26,198 [INFO] EPISODE 1850, LOSS 4.316336154937744
"2023-05-07 19:39:27,184 [INFO] EPISODE 1860, LOSS 9.785480499267578
"2023-05-07 19:39:28,060 [INFO] EPISODE 1870, LOSS 2.9290056228637695
"2023-05-07 19:39:28,792 [INFO] EPISODE 1880, LOSS 1.2353661060333252
"2023-05-07 19:39:29,503 [INFO] EPISODE 1890, LOSS 2.3507978916168213
"2023-05-07 19:39:30,255 [INFO] EPISODE 1900, LOSS 4.050353050231934
"2023-05-07 19:39:30,992 [INFO] EPISODE 1910, LOSS 3.590630292892456
"2023-05-07 19:39:31,825 [INFO] EPISODE 1920, LOSS 3.623795986175537
"2023-05-07 19:39:32,545 [INFO] EPISODE 1930, LOSS 7.082265377044678
"2023-05-07 19:39:33,307 [INFO] EPISODE 1940, LOSS 1.9225919246673584
"2023-05-07 19:39:33,495 [INFO] ===== ONNX SAVED at ./savemodel/0507_0737PM/1942.onnx
"2023-05-07 19:39:34,064 [INFO] EPISODE 1950, LOSS 2.4204506874084473
"2023-05-07 19:39:34,769 [INFO] EPISODE 1960, LOSS 3.7969918251037598
"2023-05-07 19:39:35,444 [INFO] EPISODE 1970, LOSS 2.6354081630706787
"2023-05-07 19:39:36,058 [INFO] EPISODE 1980, LOSS 2.843071937561035
"2023-05-07 19:39:36,744 [INFO] EPISODE 1990, LOSS 3.532580852508545
"2023-05-07 19:39:37,364 [INFO] ===== ONNX SAVED at ./savemodel/0507_0737PM/2000.onnx
"2023-05-07 19:39:37,364 [INFO] EPISODE 2000, LOSS 1.790433645248413
"2023-05-07 19:39:37,972 [INFO] EPISODE 2010, LOSS 4.335705757141113
"2023-05-07 19:39:38,628 [INFO] EPISODE 2020, LOSS 3.925032615661621
"2023-05-07 19:39:39,328 [INFO] EPISODE 2030, LOSS 4.751122951507568
"2023-05-07 19:39:40,048 [INFO] EPISODE 2040, LOSS 2.391982078552246
"2023-05-07 19:39:40,731 [INFO] EPISODE 2050, LOSS 2.554818868637085
"2023-05-07 19:39:41,344 [INFO] EPISODE 2060, LOSS 3.2623260021209717
"2023-05-07 19:39:41,996 [INFO] EPISODE 2070, LOSS 11.262596130371094
"2023-05-07 19:39:42,701 [INFO] EPISODE 2080, LOSS 4.11220121383667
"2023-05-07 19:39:43,392 [INFO] EPISODE 2090, LOSS 2.1197824478149414
"2023-05-07 19:39:44,078 [INFO] EPISODE 2100, LOSS 3.1948153972625732
"2023-05-07 19:39:45,034 [INFO] EPISODE 2110, LOSS 2.033076286315918
"2023-05-07 19:39:45,795 [INFO] EPISODE 2120, LOSS 7.68353271484375
"2023-05-07 19:39:46,502 [INFO] EPISODE 2130, LOSS 2.0623700618743896
"2023-05-07 19:39:47,238 [INFO] EPISODE 2140, LOSS 2.676342010498047
"2023-05-07 19:39:47,911 [INFO] EPISODE 2150, LOSS 1.2000195980072021
"2023-05-07 19:39:48,568 [INFO] EPISODE 2160, LOSS 5.403349876403809
"2023-05-07 19:39:49,608 [INFO] EPISODE 2170, LOSS 3.2414329051971436
"2023-05-07 19:39:50,445 [INFO] EPISODE 2180, LOSS 2.5756397247314453
"2023-05-07 19:39:51,221 [INFO] EPISODE 2190, LOSS 3.459512233734131
"2023-05-07 19:39:51,978 [INFO] EPISODE 2200, LOSS 3.0268714427948
"2023-05-07 19:39:52,948 [INFO] EPISODE 2210, LOSS 2.868622303009033
"2023-05-07 19:39:53,713 [INFO] EPISODE 2220, LOSS 2.14371395111084
"2023-05-07 19:39:54,427 [INFO] ===== ONNX SAVED at ./savemodel/0507_0737PM/2229.onnx
"2023-05-07 19:39:54,490 [INFO] EPISODE 2230, LOSS 5.511909484863281
"2023-05-07 19:39:55,539 [INFO] EPISODE 2240, LOSS 2.194025993347168
"2023-05-07 19:39:56,313 [INFO] EPISODE 2250, LOSS 3.7771363258361816
"2023-05-07 19:39:57,014 [INFO] EPISODE 2260, LOSS 2.456836462020874
"2023-05-07 19:39:57,696 [INFO] EPISODE 2270, LOSS 1.7580745220184326
"2023-05-07 19:39:58,354 [INFO] EPISODE 2280, LOSS 2.0828330516815186
"2023-05-07 19:39:59,064 [INFO] EPISODE 2290, LOSS 1.804518699645996
"2023-05-07 19:39:59,809 [INFO] EPISODE 2300, LOSS 3.5435166358947754
"2023-05-07 19:39:59,996 [INFO] ===== ONNX SAVED at ./savemodel/0507_0737PM/2302.onnx
"2023-05-07 19:40:00,493 [INFO] EPISODE 2310, LOSS 2.6173174381256104
"2023-05-07 19:40:01,199 [INFO] EPISODE 2320, LOSS 0.7052673697471619
"2023-05-07 19:40:01,961 [INFO] EPISODE 2330, LOSS 6.117465019226074
"2023-05-07 19:40:02,727 [INFO] EPISODE 2340, LOSS 1.0630453824996948
"2023-05-07 19:40:03,429 [INFO] EPISODE 2350, LOSS 4.727639198303223
"2023-05-07 19:40:04,108 [INFO] EPISODE 2360, LOSS 1.8093006610870361
"2023-05-07 19:40:04,785 [INFO] EPISODE 2370, LOSS 3.7199580669403076
"2023-05-07 19:40:05,500 [INFO] EPISODE 2380, LOSS 3.4311912059783936
"2023-05-07 19:40:06,159 [INFO] EPISODE 2390, LOSS 1.256314992904663
"2023-05-07 19:40:06,946 [INFO] EPISODE 2400, LOSS 1.0889900922775269
"2023-05-07 19:40:07,660 [INFO] EPISODE 2410, LOSS 1.933708667755127
"2023-05-07 19:40:08,412 [INFO] EPISODE 2420, LOSS 3.698911666870117
"2023-05-07 19:40:09,061 [INFO] EPISODE 2430, LOSS 2.267957925796509
"2023-05-07 19:40:09,756 [INFO] EPISODE 2440, LOSS 5.137072563171387
"2023-05-07 19:40:10,416 [INFO] EPISODE 2450, LOSS 2.3482682704925537
"2023-05-07 19:40:11,158 [INFO] EPISODE 2460, LOSS 3.4287164211273193
"2023-05-07 19:40:11,879 [INFO] EPISODE 2470, LOSS 0.6256571412086487
"2023-05-07 19:40:12,645 [INFO] EPISODE 2480, LOSS 3.4624180793762207
"2023-05-07 19:40:13,461 [INFO] EPISODE 2490, LOSS 2.6212687492370605
"2023-05-07 19:40:14,233 [INFO] EPISODE 2500, LOSS 1.5541824102401733
"2023-05-07 19:40:14,942 [INFO] EPISODE 2510, LOSS 1.9587730169296265
"2023-05-07 19:40:15,628 [INFO] EPISODE 2520, LOSS 1.2838753461837769
"2023-05-07 19:40:16,415 [INFO] EPISODE 2530, LOSS 6.993455410003662
"2023-05-07 19:40:17,113 [INFO] EPISODE 2540, LOSS 2.304511070251465
"2023-05-07 19:40:17,885 [INFO] EPISODE 2550, LOSS 1.9551849365234375
"2023-05-07 19:40:18,619 [INFO] EPISODE 2560, LOSS 1.641491413116455
"2023-05-07 19:40:19,312 [INFO] EPISODE 2570, LOSS 1.9714312553405762
"2023-05-07 19:40:20,035 [INFO] EPISODE 2580, LOSS 2.457526206970215
"2023-05-07 19:40:20,811 [INFO] EPISODE 2590, LOSS 1.6607911586761475
"2023-05-07 19:40:21,501 [INFO] EPISODE 2600, LOSS 0.9100513458251953
"2023-05-07 19:40:22,188 [INFO] EPISODE 2610, LOSS 1.249500036239624
"2023-05-07 19:40:22,897 [INFO] EPISODE 2620, LOSS 2.3666906356811523
"2023-05-07 19:40:23,599 [INFO] EPISODE 2630, LOSS 5.442136287689209
"2023-05-07 19:40:24,603 [INFO] EPISODE 2640, LOSS 2.230868101119995
"2023-05-07 19:40:25,732 [INFO] EPISODE 2650, LOSS 2.170858860015869
"2023-05-07 19:40:26,873 [INFO] EPISODE 2660, LOSS 0.741767168045044
"2023-05-07 19:40:28,022 [INFO] EPISODE 2670, LOSS 1.5220723152160645
"2023-05-07 19:40:28,940 [INFO] EPISODE 2680, LOSS 6.667790412902832
"2023-05-07 19:40:29,633 [INFO] EPISODE 2690, LOSS 1.9415478706359863
"2023-05-07 19:40:30,388 [INFO] EPISODE 2700, LOSS 3.170846462249756
"2023-05-07 19:40:31,277 [INFO] EPISODE 2710, LOSS 2.8201770782470703
"2023-05-07 19:40:32,087 [INFO] EPISODE 2720, LOSS 2.195917844772339
"2023-05-07 19:40:33,124 [INFO] EPISODE 2730, LOSS 1.4069879055023193
"2023-05-07 19:40:34,193 [INFO] EPISODE 2740, LOSS 2.022284984588623
"2023-05-07 19:40:35,284 [INFO] EPISODE 2750, LOSS 2.2175469398498535
"2023-05-07 19:40:36,346 [INFO] EPISODE 2760, LOSS 1.6982992887496948
"2023-05-07 19:40:37,299 [INFO] EPISODE 2770, LOSS 2.1985158920288086
"2023-05-07 19:40:38,012 [INFO] EPISODE 2780, LOSS 1.2923500537872314
"2023-05-07 19:40:38,689 [INFO] EPISODE 2790, LOSS 2.5590343475341797
"2023-05-07 19:40:39,377 [INFO] EPISODE 2800, LOSS 3.6655941009521484
"2023-05-07 19:40:40,116 [INFO] EPISODE 2810, LOSS 0.6060299873352051
"2023-05-07 19:40:40,749 [INFO] EPISODE 2820, LOSS 2.5608129501342773
"2023-05-07 19:40:41,468 [INFO] ===== ONNX SAVED at ./savemodel/0507_0737PM/2828.onnx
"2023-05-07 19:40:41,686 [INFO] EPISODE 2830, LOSS 1.0247100591659546
"2023-05-07 19:40:42,773 [INFO] EPISODE 2840, LOSS 0.7740870714187622
"2023-05-07 19:40:43,659 [INFO] EPISODE 2850, LOSS 0.9421381950378418
"2023-05-07 19:40:44,359 [INFO] EPISODE 2860, LOSS 1.7840903997421265
"2023-05-07 19:40:45,319 [INFO] EPISODE 2870, LOSS 1.3084510564804077
"2023-05-07 19:40:46,126 [INFO] EPISODE 2880, LOSS 1.397369146347046
"2023-05-07 19:40:47,309 [INFO] EPISODE 2890, LOSS 2.7491507530212402
"2023-05-07 19:40:48,245 [INFO] EPISODE 2900, LOSS 3.2978134155273438
"2023-05-07 19:40:48,933 [INFO] EPISODE 2910, LOSS 0.8740014433860779
"2023-05-07 19:40:49,695 [INFO] EPISODE 2920, LOSS 3.4821650981903076
"2023-05-07 19:40:50,333 [INFO] EPISODE 2930, LOSS 1.3739023208618164
"2023-05-07 19:40:51,008 [INFO] EPISODE 2940, LOSS 1.8126885890960693
"2023-05-07 19:40:51,750 [INFO] EPISODE 2950, LOSS 3.473557949066162
"2023-05-07 19:40:52,384 [INFO] EPISODE 2960, LOSS 2.6645593643188477
"2023-05-07 19:40:53,324 [INFO] EPISODE 2970, LOSS 2.5832221508026123
"2023-05-07 19:40:54,028 [INFO] EPISODE 2980, LOSS 1.1520401239395142
"2023-05-07 19:40:54,914 [INFO] EPISODE 2990, LOSS 1.2245246171951294
"2023-05-07 19:40:55,990 [INFO] ===== ONNX SAVED at ./savemodel/0507_0737PM/3000.onnx
"2023-05-07 19:40:55,990 [INFO] EPISODE 3000, LOSS 2.6080081462860107
"2023-05-07 19:40:57,091 [INFO] EPISODE 3010, LOSS 6.062906265258789
"2023-05-07 19:40:58,145 [INFO] EPISODE 3020, LOSS 1.3206242322921753
"2023-05-07 19:40:58,946 [INFO] EPISODE 3030, LOSS 0.47941023111343384
"2023-05-07 19:40:59,641 [INFO] EPISODE 3040, LOSS 1.3340718746185303
"2023-05-07 19:41:00,386 [INFO] EPISODE 3050, LOSS 1.4104280471801758
"2023-05-07 19:41:01,036 [INFO] EPISODE 3060, LOSS 1.522251844406128
"2023-05-07 19:41:01,730 [INFO] EPISODE 3070, LOSS 2.98268461227417
"2023-05-07 19:41:02,562 [INFO] EPISODE 3080, LOSS 1.1778123378753662
"2023-05-07 19:41:03,323 [INFO] EPISODE 3090, LOSS 1.0759670734405518
"2023-05-07 19:41:04,030 [INFO] EPISODE 3100, LOSS 2.7256503105163574
"2023-05-07 19:41:04,712 [INFO] EPISODE 3110, LOSS 2.715641736984253
"2023-05-07 19:41:05,364 [INFO] EPISODE 3120, LOSS 3.1281909942626953
"2023-05-07 19:41:06,039 [INFO] EPISODE 3130, LOSS 1.3913228511810303
"2023-05-07 19:41:06,687 [INFO] EPISODE 3140, LOSS 2.311563491821289
"2023-05-07 19:41:07,305 [INFO] EPISODE 3150, LOSS 5.450691223144531
"2023-05-07 19:41:07,942 [INFO] ===== ONNX SAVED at ./savemodel/0507_0737PM/3159.onnx
"2023-05-07 19:41:08,021 [INFO] EPISODE 3160, LOSS 1.2866816520690918
"2023-05-07 19:41:08,808 [INFO] EPISODE 3170, LOSS 1.2414333820343018
"2023-05-07 19:41:09,614 [INFO] EPISODE 3180, LOSS 0.9928311109542847
"2023-05-07 19:41:10,312 [INFO] EPISODE 3190, LOSS 2.92246150970459
"2023-05-07 19:41:10,967 [INFO] EPISODE 3200, LOSS 3.115858793258667
"2023-05-07 19:41:11,721 [INFO] EPISODE 3210, LOSS 3.060696601867676
"2023-05-07 19:41:12,465 [INFO] EPISODE 3220, LOSS 1.3399722576141357
"2023-05-07 19:41:13,222 [INFO] EPISODE 3230, LOSS 1.6963579654693604
"2023-05-07 19:41:14,021 [INFO] EPISODE 3240, LOSS 4.585673809051514
"2023-05-07 19:41:14,810 [INFO] EPISODE 3250, LOSS 1.2235708236694336
"2023-05-07 19:41:15,523 [INFO] EPISODE 3260, LOSS 1.6770514249801636
"2023-05-07 19:41:16,328 [INFO] EPISODE 3270, LOSS 0.9051000475883484
"2023-05-07 19:41:17,156 [INFO] EPISODE 3280, LOSS 1.6057504415512085
"2023-05-07 19:41:17,987 [INFO] EPISODE 3290, LOSS 0.7767772078514099
"2023-05-07 19:41:18,739 [INFO] EPISODE 3300, LOSS 3.3452491760253906
"2023-05-07 19:41:19,545 [INFO] EPISODE 3310, LOSS 1.4977688789367676
"2023-05-07 19:41:20,319 [INFO] EPISODE 3320, LOSS 1.5905568599700928
"2023-05-07 19:41:21,017 [INFO] EPISODE 3330, LOSS 1.9393815994262695
"2023-05-07 19:41:21,671 [INFO] EPISODE 3340, LOSS 1.144596815109253
"2023-05-07 19:41:22,280 [INFO] EPISODE 3350, LOSS 1.4039733409881592
"2023-05-07 19:41:22,931 [INFO] EPISODE 3360, LOSS 0.5772777795791626
"2023-05-07 19:41:23,670 [INFO] EPISODE 3370, LOSS 2.353896141052246
"2023-05-07 19:41:24,348 [INFO] EPISODE 3380, LOSS 3.512434720993042
"2023-05-07 19:41:25,077 [INFO] EPISODE 3390, LOSS 2.1260147094726562
"2023-05-07 19:41:25,732 [INFO] EPISODE 3400, LOSS 1.5254014730453491
"2023-05-07 19:41:26,384 [INFO] EPISODE 3410, LOSS 1.128661870956421
"2023-05-07 19:41:27,113 [INFO] EPISODE 3420, LOSS 1.812427282333374
"2023-05-07 19:41:27,829 [INFO] ===== ONNX SAVED at ./savemodel/0507_0737PM/3429.onnx
"2023-05-07 19:41:27,901 [INFO] EPISODE 3430, LOSS 1.6547716856002808
"2023-05-07 19:41:28,643 [INFO] EPISODE 3440, LOSS 14.07054328918457
"2023-05-07 19:41:29,357 [INFO] EPISODE 3450, LOSS 1.377070665359497
"2023-05-07 19:41:30,104 [INFO] EPISODE 3460, LOSS 1.1332988739013672
"2023-05-07 19:41:30,857 [INFO] EPISODE 3470, LOSS 0.8770815134048462
"2023-05-07 19:41:31,546 [INFO] EPISODE 3480, LOSS 1.5763062238693237
"2023-05-07 19:41:32,198 [INFO] ===== ONNX SAVED at ./savemodel/0507_0737PM/3488.onnx
"2023-05-07 19:41:32,329 [INFO] EPISODE 3490, LOSS 1.6440105438232422
"2023-05-07 19:41:32,965 [INFO] EPISODE 3500, LOSS 2.088893413543701
"2023-05-07 19:41:33,651 [INFO] EPISODE 3510, LOSS 0.7592090964317322
"2023-05-07 19:41:34,315 [INFO] EPISODE 3520, LOSS 1.4722936153411865
"2023-05-07 19:41:35,102 [INFO] EPISODE 3530, LOSS 1.304098129272461
"2023-05-07 19:41:35,545 [INFO] ===== ONNX SAVED at ./savemodel/0507_0737PM/3536.onnx
"2023-05-07 19:41:35,813 [INFO] EPISODE 3540, LOSS 1.5239331722259521
"2023-05-07 19:41:36,446 [INFO] EPISODE 3550, LOSS 1.089606761932373
"2023-05-07 19:41:37,213 [INFO] EPISODE 3560, LOSS 3.3867709636688232
"2023-05-07 19:41:37,395 [INFO] ===== ONNX SAVED at ./savemodel/0507_0737PM/3562.onnx
"2023-05-07 19:41:37,948 [INFO] EPISODE 3570, LOSS 1.129277229309082
"2023-05-07 19:41:38,634 [INFO] EPISODE 3580, LOSS 1.2239022254943848
"2023-05-07 19:41:39,426 [INFO] EPISODE 3590, LOSS 4.109251976013184
"2023-05-07 19:41:40,114 [INFO] EPISODE 3600, LOSS 0.8419055938720703
"2023-05-07 19:41:40,883 [INFO] EPISODE 3610, LOSS 1.3453797101974487
"2023-05-07 19:41:41,618 [INFO] EPISODE 3620, LOSS 0.7299288511276245
"2023-05-07 19:41:42,308 [INFO] EPISODE 3630, LOSS 1.4365028142929077
"2023-05-07 19:41:42,990 [INFO] EPISODE 3640, LOSS 0.8855818510055542
"2023-05-07 19:41:43,733 [INFO] EPISODE 3650, LOSS 2.575758695602417
"2023-05-07 19:41:44,401 [INFO] EPISODE 3660, LOSS 0.6130128502845764
"2023-05-07 19:41:45,018 [INFO] EPISODE 3670, LOSS 10.356714248657227
"2023-05-07 19:41:45,649 [INFO] EPISODE 3680, LOSS 0.7396165132522583
"2023-05-07 19:41:46,313 [INFO] EPISODE 3690, LOSS 1.6427401304244995
"2023-05-07 19:41:47,051 [INFO] EPISODE 3700, LOSS 4.618714809417725
"2023-05-07 19:41:47,738 [INFO] EPISODE 3710, LOSS 2.5961334705352783
"2023-05-07 19:41:48,453 [INFO] EPISODE 3720, LOSS 0.9134015440940857
"2023-05-07 19:41:49,245 [INFO] EPISODE 3730, LOSS 2.032388210296631
"2023-05-07 19:41:49,896 [INFO] EPISODE 3740, LOSS 1.2362282276153564
"2023-05-07 19:41:50,586 [INFO] EPISODE 3750, LOSS 0.6111926436424255
"2023-05-07 19:41:51,363 [INFO] EPISODE 3760, LOSS 0.6376619338989258
"2023-05-07 19:41:52,149 [INFO] EPISODE 3770, LOSS 1.7496318817138672
"2023-05-07 19:41:52,862 [INFO] EPISODE 3780, LOSS 1.3059923648834229
"2023-05-07 19:41:53,551 [INFO] EPISODE 3790, LOSS 0.9568841457366943
"2023-05-07 19:41:54,277 [INFO] EPISODE 3800, LOSS 2.0150036811828613
"2023-05-07 19:41:54,997 [INFO] EPISODE 3810, LOSS 2.067351818084717
"2023-05-07 19:41:55,730 [INFO] EPISODE 3820, LOSS 2.1927871704101562
"2023-05-07 19:41:56,398 [INFO] EPISODE 3830, LOSS 0.7139322757720947
"2023-05-07 19:41:57,100 [INFO] EPISODE 3840, LOSS 1.5965198278427124
"2023-05-07 19:41:57,883 [INFO] EPISODE 3850, LOSS 8.197872161865234
"2023-05-07 19:41:58,514 [INFO] EPISODE 3860, LOSS 1.232422113418579
"2023-05-07 19:41:59,214 [INFO] EPISODE 3870, LOSS 2.2128522396087646
"2023-05-07 19:41:59,842 [INFO] EPISODE 3880, LOSS 0.8523703813552856
"2023-05-07 19:42:00,598 [INFO] EPISODE 3890, LOSS 3.0828185081481934
"2023-05-07 19:42:01,298 [INFO] EPISODE 3900, LOSS 1.0130486488342285
"2023-05-07 19:42:01,934 [INFO] EPISODE 3910, LOSS 1.622645616531372
"2023-05-07 19:42:02,547 [INFO] EPISODE 3920, LOSS 1.1637202501296997
"2023-05-07 19:42:03,234 [INFO] EPISODE 3930, LOSS 0.8398610949516296
"2023-05-07 19:42:03,941 [INFO] EPISODE 3940, LOSS 1.8390921354293823
"2023-05-07 19:42:04,638 [INFO] EPISODE 3950, LOSS 1.1645351648330688
"2023-05-07 19:42:05,341 [INFO] EPISODE 3960, LOSS 0.9019514918327332
"2023-05-07 19:42:06,113 [INFO] EPISODE 3970, LOSS 1.1987686157226562
"2023-05-07 19:42:06,771 [INFO] EPISODE 3980, LOSS 0.8414503335952759
"2023-05-07 19:42:07,468 [INFO] EPISODE 3990, LOSS 0.8776311874389648
"2023-05-07 19:42:08,097 [INFO] ===== ONNX SAVED at ./savemodel/0507_0737PM/4000.onnx
"2023-05-07 19:42:08,097 [INFO] EPISODE 4000, LOSS 0.9219314455986023
"2023-05-07 19:42:08,751 [INFO] EPISODE 4010, LOSS 1.0541374683380127
"2023-05-07 19:42:09,558 [INFO] EPISODE 4020, LOSS 0.7629607915878296
"2023-05-07 19:42:09,722 [INFO] ===== ONNX SAVED at ./savemodel/0507_0737PM/4021.onnx
"2023-05-07 19:42:10,531 [INFO] EPISODE 4030, LOSS 0.5749379992485046
"2023-05-07 19:42:11,262 [INFO] EPISODE 4040, LOSS 1.7864282131195068
"2023-05-07 19:42:12,048 [INFO] EPISODE 4050, LOSS 3.7116403579711914
"2023-05-07 19:42:12,847 [INFO] EPISODE 4060, LOSS 1.0913302898406982
"2023-05-07 19:42:13,653 [INFO] EPISODE 4070, LOSS 1.5012450218200684
"2023-05-07 19:42:14,366 [INFO] EPISODE 4080, LOSS 1.230004072189331
"2023-05-07 19:42:15,130 [INFO] EPISODE 4090, LOSS 2.6564042568206787
"2023-05-07 19:42:15,851 [INFO] EPISODE 4100, LOSS 1.7631229162216187
"2023-05-07 19:42:16,529 [INFO] EPISODE 4110, LOSS 1.0076303482055664
"2023-05-07 19:42:17,256 [INFO] EPISODE 4120, LOSS 2.6715455055236816
"2023-05-07 19:42:18,150 [INFO] EPISODE 4130, LOSS 1.6808527708053589
"2023-05-07 19:42:18,979 [INFO] EPISODE 4140, LOSS 1.3759292364120483
"2023-05-07 19:42:19,674 [INFO] EPISODE 4150, LOSS 0.8319839239120483
"2023-05-07 19:42:20,495 [INFO] EPISODE 4160, LOSS 3.1766905784606934
"2023-05-07 19:42:21,266 [INFO] EPISODE 4170, LOSS 0.6422235369682312
"2023-05-07 19:42:21,899 [INFO] EPISODE 4180, LOSS 0.6217203140258789
"2023-05-07 19:42:22,644 [INFO] EPISODE 4190, LOSS 0.5488619804382324
"2023-05-07 19:42:23,301 [INFO] EPISODE 4200, LOSS 0.9100630283355713
"2023-05-07 19:42:24,060 [INFO] EPISODE 4210, LOSS 0.7836763262748718
"2023-05-07 19:42:24,749 [INFO] EPISODE 4220, LOSS 1.0816612243652344
"2023-05-07 19:42:25,367 [INFO] EPISODE 4230, LOSS 3.3515872955322266
"2023-05-07 19:42:26,037 [INFO] EPISODE 4240, LOSS 2.20493483543396
"2023-05-07 19:42:26,704 [INFO] EPISODE 4250, LOSS 1.627529501914978
"2023-05-07 19:42:27,429 [INFO] EPISODE 4260, LOSS 3.3835597038269043
"2023-05-07 19:42:28,187 [INFO] EPISODE 4270, LOSS 2.05932879447937
"2023-05-07 19:42:28,896 [INFO] EPISODE 4280, LOSS 1.0388065576553345
"2023-05-07 19:42:29,714 [INFO] EPISODE 4290, LOSS 1.0483596324920654
"2023-05-07 19:42:30,446 [INFO] EPISODE 4300, LOSS 2.2012619972229004
"2023-05-07 19:42:31,151 [INFO] EPISODE 4310, LOSS 1.0900344848632812
"2023-05-07 19:42:31,796 [INFO] EPISODE 4320, LOSS 0.9636885523796082
"2023-05-07 19:42:32,559 [INFO] EPISODE 4330, LOSS 1.5972023010253906
"2023-05-07 19:42:33,247 [INFO] EPISODE 4340, LOSS 0.5164934992790222
"2023-05-07 19:42:33,918 [INFO] EPISODE 4350, LOSS 1.1840754747390747
"2023-05-07 19:42:34,613 [INFO] EPISODE 4360, LOSS 1.0002491474151611
"2023-05-07 19:42:35,351 [INFO] EPISODE 4370, LOSS 0.9514318704605103
"2023-05-07 19:42:36,133 [INFO] EPISODE 4380, LOSS 0.7859156131744385
"2023-05-07 19:42:36,824 [INFO] EPISODE 4390, LOSS 0.7459982633590698
"2023-05-07 19:42:37,559 [INFO] EPISODE 4400, LOSS 1.01138174533844
"2023-05-07 19:42:38,361 [INFO] EPISODE 4410, LOSS 1.198486566543579
"2023-05-07 19:42:39,045 [INFO] EPISODE 4420, LOSS 0.8523200750350952
"2023-05-07 19:42:39,843 [INFO] EPISODE 4430, LOSS 1.6586413383483887
"2023-05-07 19:42:40,551 [INFO] EPISODE 4440, LOSS 0.7591947317123413
"2023-05-07 19:42:41,387 [INFO] EPISODE 4450, LOSS 1.0888159275054932
"2023-05-07 19:42:42,037 [INFO] EPISODE 4460, LOSS 1.5470666885375977
"2023-05-07 19:42:42,744 [INFO] EPISODE 4470, LOSS 1.2322355508804321
"2023-05-07 19:42:43,486 [INFO] EPISODE 4480, LOSS 2.708862066268921
"2023-05-07 19:42:44,119 [INFO] EPISODE 4490, LOSS 1.187138319015503
"2023-05-07 19:42:44,815 [INFO] EPISODE 4500, LOSS 1.9947246313095093
"2023-05-07 19:42:45,464 [INFO] EPISODE 4510, LOSS 1.4291671514511108
"2023-05-07 19:42:46,247 [INFO] ===== ONNX SAVED at ./savemodel/0507_0737PM/4520.onnx
"2023-05-07 19:42:46,247 [INFO] EPISODE 4520, LOSS 0.30330488085746765
"2023-05-07 19:42:46,918 [INFO] EPISODE 4530, LOSS 0.651817798614502
"2023-05-07 19:42:47,549 [INFO] EPISODE 4540, LOSS 0.7264947891235352
"2023-05-07 19:42:48,304 [INFO] EPISODE 4550, LOSS 0.6228306889533997
"2023-05-07 19:42:49,010 [INFO] EPISODE 4560, LOSS 0.6572417616844177
"2023-05-07 19:42:49,764 [INFO] EPISODE 4570, LOSS 1.484482765197754
"2023-05-07 19:42:50,499 [INFO] EPISODE 4580, LOSS 0.8420675992965698
"2023-05-07 19:42:51,174 [INFO] EPISODE 4590, LOSS 1.6447944641113281
"2023-05-07 19:42:51,832 [INFO] EPISODE 4600, LOSS 2.3542065620422363
"2023-05-07 19:42:52,576 [INFO] EPISODE 4610, LOSS 0.983432948589325
"2023-05-07 19:42:53,273 [INFO] EPISODE 4620, LOSS 3.444796562194824
"2023-05-07 19:42:53,929 [INFO] EPISODE 4630, LOSS 2.920109748840332
"2023-05-07 19:42:54,607 [INFO] EPISODE 4640, LOSS 1.3737256526947021
"2023-05-07 19:42:55,263 [INFO] EPISODE 4650, LOSS 1.1423914432525635
"2023-05-07 19:42:56,093 [INFO] EPISODE 4660, LOSS 1.0566394329071045
"2023-05-07 19:42:56,876 [INFO] EPISODE 4670, LOSS 0.755942702293396
"2023-05-07 19:42:57,549 [INFO] EPISODE 4680, LOSS 0.4220650792121887
"2023-05-07 19:42:58,299 [INFO] EPISODE 4690, LOSS 0.9585781097412109
"2023-05-07 19:42:58,940 [INFO] EPISODE 4700, LOSS 0.9521770477294922
"2023-05-07 19:42:59,664 [INFO] EPISODE 4710, LOSS 0.4703962206840515
"2023-05-07 19:43:00,435 [INFO] EPISODE 4720, LOSS 0.7958614826202393
"2023-05-07 19:43:01,032 [INFO] EPISODE 4730, LOSS 0.6341195106506348
"2023-05-07 19:43:01,752 [INFO] EPISODE 4740, LOSS 1.0976428985595703
"2023-05-07 19:43:02,431 [INFO] EPISODE 4750, LOSS 1.5591132640838623
"2023-05-07 19:43:03,192 [INFO] EPISODE 4760, LOSS 1.2841086387634277
"2023-05-07 19:43:03,851 [INFO] EPISODE 4770, LOSS 2.20481538772583
"2023-05-07 19:43:04,466 [INFO] EPISODE 4780, LOSS 1.7618119716644287
"2023-05-07 19:43:05,180 [INFO] EPISODE 4790, LOSS 1.031604290008545
"2023-05-07 19:43:05,835 [INFO] EPISODE 4800, LOSS 0.7913765907287598
"2023-05-07 19:43:06,563 [INFO] EPISODE 4810, LOSS 0.9883021116256714
"2023-05-07 19:43:07,230 [INFO] EPISODE 4820, LOSS 2.476087808609009
"2023-05-07 19:43:07,879 [INFO] EPISODE 4830, LOSS 0.950061559677124
"2023-05-07 19:43:08,511 [INFO] EPISODE 4840, LOSS 1.0348103046417236
"2023-05-07 19:43:09,201 [INFO] EPISODE 4850, LOSS 0.7860730886459351
"2023-05-07 19:43:09,944 [INFO] EPISODE 4860, LOSS 1.1942225694656372
"2023-05-07 19:43:10,573 [INFO] EPISODE 4870, LOSS 1.3338521718978882
"2023-05-07 19:43:11,246 [INFO] EPISODE 4880, LOSS 0.9673694372177124
"2023-05-07 19:43:11,880 [INFO] EPISODE 4890, LOSS 0.8076736330986023
"2023-05-07 19:43:12,561 [INFO] EPISODE 4900, LOSS 1.6364463567733765
"2023-05-07 19:43:13,202 [INFO] EPISODE 4910, LOSS 1.5625518560409546
"2023-05-07 19:43:13,824 [INFO] EPISODE 4920, LOSS 2.0319814682006836
"2023-05-07 19:43:14,500 [INFO] EPISODE 4930, LOSS 0.7729918956756592
"2023-05-07 19:43:15,229 [INFO] EPISODE 4940, LOSS 0.9693671464920044
"2023-05-07 19:43:15,878 [INFO] EPISODE 4950, LOSS 1.3262945413589478
"2023-05-07 19:43:16,594 [INFO] EPISODE 4960, LOSS 1.6908197402954102
"2023-05-07 19:43:17,230 [INFO] EPISODE 4970, LOSS 0.7060674428939819
"2023-05-07 19:43:18,038 [INFO] EPISODE 4980, LOSS 1.2704250812530518
"2023-05-07 19:43:18,552 [INFO] ===== ONNX SAVED at ./savemodel/0507_0737PM/4987.onnx
"2023-05-07 19:43:18,761 [INFO] EPISODE 4990, LOSS 0.9146746397018433
"2023-05-07 19:43:19,534 [INFO] ===== ONNX SAVED at ./savemodel/0507_0737PM/5000.onnx
"2023-05-07 19:43:19,534 [INFO] EPISODE 5000, LOSS 0.45727890729904175
"2023-05-07 19:43:20,189 [INFO] EPISODE 5010, LOSS 1.4275224208831787
"2023-05-07 19:43:20,788 [INFO] ===== ONNX SAVED at ./savemodel/0507_0737PM/5018.onnx
"2023-05-07 19:43:20,918 [INFO] EPISODE 5020, LOSS 0.678865909576416
"2023-05-07 19:43:21,594 [INFO] EPISODE 5030, LOSS 0.7778196334838867
"2023-05-07 19:43:22,266 [INFO] EPISODE 5040, LOSS 0.43283864855766296
"2023-05-07 19:43:22,960 [INFO] EPISODE 5050, LOSS 0.964909553527832
"2023-05-07 19:43:23,630 [INFO] EPISODE 5060, LOSS 0.6811489462852478
"2023-05-07 19:43:24,340 [INFO] EPISODE 5070, LOSS 3.0693747997283936
"2023-05-07 19:43:25,024 [INFO] EPISODE 5080, LOSS 1.257659673690796
"2023-05-07 19:43:25,646 [INFO] EPISODE 5090, LOSS 1.8170442581176758
"2023-05-07 19:43:26,316 [INFO] EPISODE 5100, LOSS 1.7055163383483887
"2023-05-07 19:43:27,085 [INFO] EPISODE 5110, LOSS 1.8953115940093994
"2023-05-07 19:43:27,743 [INFO] EPISODE 5120, LOSS 0.8066151142120361
"2023-05-07 19:43:28,446 [INFO] EPISODE 5130, LOSS 0.6066831350326538
"2023-05-07 19:43:29,114 [INFO] EPISODE 5140, LOSS 0.36745351552963257
"2023-05-07 19:43:29,781 [INFO] EPISODE 5150, LOSS 1.8375986814498901
"2023-05-07 19:43:30,476 [INFO] EPISODE 5160, LOSS 0.6251975893974304
"2023-05-07 19:43:31,129 [INFO] EPISODE 5170, LOSS 0.4916526973247528
"2023-05-07 19:43:31,983 [INFO] ===== ONNX SAVED at ./savemodel/0507_0737PM/5180.onnx
"2023-05-07 19:43:31,983 [INFO] EPISODE 5180, LOSS 0.18699169158935547
"2023-05-07 19:43:33,075 [INFO] EPISODE 5190, LOSS 0.6663171052932739
"2023-05-07 19:43:33,982 [INFO] EPISODE 5200, LOSS 0.7101547122001648
"2023-05-07 19:43:34,689 [INFO] EPISODE 5210, LOSS 1.621256709098816
"2023-05-07 19:43:35,530 [INFO] EPISODE 5220, LOSS 0.8710583448410034
"2023-05-07 19:43:36,261 [INFO] EPISODE 5230, LOSS 0.8045419454574585
"2023-05-07 19:43:36,977 [INFO] EPISODE 5240, LOSS 0.623534619808197
"2023-05-07 19:43:37,598 [INFO] EPISODE 5250, LOSS 1.1175612211227417
"2023-05-07 19:43:38,374 [INFO] EPISODE 5260, LOSS 1.2749167680740356
"2023-05-07 19:43:39,086 [INFO] EPISODE 5270, LOSS 0.641972541809082
"2023-05-07 19:43:39,715 [INFO] EPISODE 5280, LOSS 5.116325855255127
"2023-05-07 19:43:40,343 [INFO] EPISODE 5290, LOSS 0.6373231410980225
"2023-05-07 19:43:41,032 [INFO] EPISODE 5300, LOSS 1.009523868560791
"2023-05-07 19:43:41,799 [INFO] EPISODE 5310, LOSS 0.6756712198257446
"2023-05-07 19:43:42,446 [INFO] EPISODE 5320, LOSS 0.8340219855308533
"2023-05-07 19:43:43,146 [INFO] EPISODE 5330, LOSS 1.1832281351089478
"2023-05-07 19:43:43,776 [INFO] EPISODE 5340, LOSS 1.1866533756256104
"2023-05-07 19:43:44,430 [INFO] EPISODE 5350, LOSS 0.405680775642395
"2023-05-07 19:43:45,151 [INFO] EPISODE 5360, LOSS 0.750933051109314
"2023-05-07 19:43:45,754 [INFO] EPISODE 5370, LOSS 0.8784668445587158
"2023-05-07 19:43:46,424 [INFO] EPISODE 5380, LOSS 4.690145492553711
"2023-05-07 19:43:47,186 [INFO] EPISODE 5390, LOSS 1.0032765865325928
"2023-05-07 19:43:47,793 [INFO] EPISODE 5400, LOSS 0.38569462299346924
"2023-05-07 19:43:48,499 [INFO] EPISODE 5410, LOSS 0.41752585768699646
"2023-05-07 19:43:49,121 [INFO] EPISODE 5420, LOSS 1.7192659378051758
"2023-05-07 19:43:49,780 [INFO] EPISODE 5430, LOSS 0.9905910491943359
"2023-05-07 19:43:50,544 [INFO] EPISODE 5440, LOSS 1.6841415166854858
"2023-05-07 19:43:51,200 [INFO] EPISODE 5450, LOSS 0.39214885234832764
"2023-05-07 19:43:51,859 [INFO] EPISODE 5460, LOSS 0.8466587066650391
"2023-05-07 19:43:52,552 [INFO] EPISODE 5470, LOSS 0.6865381002426147
"2023-05-07 19:43:53,201 [INFO] EPISODE 5480, LOSS 0.5430349111557007
"2023-05-07 19:43:53,857 [INFO] EPISODE 5490, LOSS 0.7484349012374878
"2023-05-07 19:43:54,497 [INFO] EPISODE 5500, LOSS 0.4294728934764862
"2023-05-07 19:43:55,169 [INFO] EPISODE 5510, LOSS 0.494196355342865
"2023-05-07 19:43:55,899 [INFO] EPISODE 5520, LOSS 1.5181912183761597
"2023-05-07 19:43:56,529 [INFO] EPISODE 5530, LOSS 0.9292251467704773
"2023-05-07 19:43:57,242 [INFO] EPISODE 5540, LOSS 1.0927700996398926
"2023-05-07 19:43:57,880 [INFO] EPISODE 5550, LOSS 1.2913521528244019
"2023-05-07 19:43:58,641 [INFO] EPISODE 5560, LOSS 1.056966781616211
"2023-05-07 19:43:59,341 [INFO] EPISODE 5570, LOSS 1.1083143949508667
"2023-05-07 19:43:59,959 [INFO] EPISODE 5580, LOSS 1.0774990320205688
"2023-05-07 19:44:00,612 [INFO] EPISODE 5590, LOSS 1.0095579624176025
"2023-05-07 19:44:01,317 [INFO] EPISODE 5600, LOSS 1.2749303579330444
"2023-05-07 19:44:02,085 [INFO] EPISODE 5610, LOSS 0.456345796585083
"2023-05-07 19:44:02,715 [INFO] EPISODE 5620, LOSS 0.47746139764785767
"2023-05-07 19:44:03,396 [INFO] EPISODE 5630, LOSS 0.6938780546188354
"2023-05-07 19:44:04,046 [INFO] EPISODE 5640, LOSS 0.49797993898391724
"2023-05-07 19:44:04,716 [INFO] EPISODE 5650, LOSS 1.37265145778656
"2023-05-07 19:44:05,481 [INFO] EPISODE 5660, LOSS 1.0125088691711426
"2023-05-07 19:44:06,117 [INFO] EPISODE 5670, LOSS 1.1935333013534546
"2023-05-07 19:44:06,816 [INFO] EPISODE 5680, LOSS 0.8384596705436707
"2023-05-07 19:44:07,487 [INFO] EPISODE 5690, LOSS 0.7458934187889099
"2023-05-07 19:44:08,157 [INFO] EPISODE 5700, LOSS 1.5877883434295654
"2023-05-07 19:44:08,848 [INFO] EPISODE 5710, LOSS 0.7691356539726257
"2023-05-07 19:44:09,630 [INFO] EPISODE 5720, LOSS 0.5041519403457642
"2023-05-07 19:44:10,447 [INFO] EPISODE 5730, LOSS 0.8925118446350098
"2023-05-07 19:44:11,132 [INFO] EPISODE 5740, LOSS 0.9449599981307983
"2023-05-07 19:44:11,795 [INFO] EPISODE 5750, LOSS 1.29204261302948
"2023-05-07 19:44:12,440 [INFO] EPISODE 5760, LOSS 1.4533571004867554
"2023-05-07 19:44:13,145 [INFO] EPISODE 5770, LOSS 0.5229467153549194
"2023-05-07 19:44:13,874 [INFO] EPISODE 5780, LOSS 0.3874795138835907
"2023-05-07 19:44:14,631 [INFO] EPISODE 5790, LOSS 1.0125778913497925
"2023-05-07 19:44:15,330 [INFO] EPISODE 5800, LOSS 3.187467336654663
"2023-05-07 19:44:15,980 [INFO] EPISODE 5810, LOSS 0.6907910108566284
"2023-05-07 19:44:16,630 [INFO] EPISODE 5820, LOSS 1.3375394344329834
"2023-05-07 19:44:16,814 [INFO] ===== ONNX SAVED at ./savemodel/0507_0737PM/5822.onnx
"2023-05-07 19:44:17,367 [INFO] EPISODE 5830, LOSS 0.5447903275489807
"2023-05-07 19:44:18,151 [INFO] EPISODE 5840, LOSS 0.7957760691642761
"2023-05-07 19:44:18,902 [INFO] EPISODE 5850, LOSS 1.6640222072601318
"2023-05-07 19:44:19,616 [INFO] EPISODE 5860, LOSS 1.3117303848266602
"2023-05-07 19:44:20,261 [INFO] EPISODE 5870, LOSS 1.3726657629013062
"2023-05-07 19:44:20,903 [INFO] EPISODE 5880, LOSS 1.1884114742279053
"2023-05-07 19:44:21,615 [INFO] EPISODE 5890, LOSS 1.901271104812622
"2023-05-07 19:44:22,392 [INFO] EPISODE 5900, LOSS 0.9362723231315613
"2023-05-07 19:44:23,199 [INFO] EPISODE 5910, LOSS 1.2859933376312256
"2023-05-07 19:44:23,897 [INFO] EPISODE 5920, LOSS 1.4155162572860718
"2023-05-07 19:44:24,620 [INFO] EPISODE 5930, LOSS 1.1249985694885254
"2023-05-07 19:44:25,282 [INFO] EPISODE 5940, LOSS 0.9416087865829468
"2023-05-07 19:44:25,980 [INFO] EPISODE 5950, LOSS 1.6813997030258179
"2023-05-07 19:44:26,746 [INFO] EPISODE 5960, LOSS 0.423144668340683
"2023-05-07 19:44:27,530 [INFO] EPISODE 5970, LOSS 0.745995044708252
"2023-05-07 19:44:28,191 [INFO] EPISODE 5980, LOSS 1.334621787071228
"2023-05-07 19:44:28,919 [INFO] EPISODE 5990, LOSS 1.0403151512145996
"2023-05-07 19:44:29,580 [INFO] ===== ONNX SAVED at ./savemodel/0507_0737PM/6000.onnx
"2023-05-07 19:44:29,580 [INFO] EPISODE 6000, LOSS 1.3225682973861694
"2023-05-07 19:44:30,354 [INFO] EPISODE 6010, LOSS 0.7352591753005981
"2023-05-07 19:44:31,086 [INFO] EPISODE 6020, LOSS 3.1946158409118652
"2023-05-07 19:44:31,753 [INFO] EPISODE 6030, LOSS 1.083874225616455
"2023-05-07 19:44:32,455 [INFO] EPISODE 6040, LOSS 2.7911601066589355
"2023-05-07 19:44:33,165 [INFO] EPISODE 6050, LOSS 0.44306135177612305
"2023-05-07 19:44:33,987 [INFO] EPISODE 6060, LOSS 0.9198063611984253
"2023-05-07 19:44:34,654 [INFO] EPISODE 6070, LOSS 0.7663378715515137
"2023-05-07 19:44:35,374 [INFO] EPISODE 6080, LOSS 0.8509520292282104
"2023-05-07 19:44:36,001 [INFO] EPISODE 6090, LOSS 0.5003523826599121
"2023-05-07 19:44:36,789 [INFO] EPISODE 6100, LOSS 0.5153926610946655
"2023-05-07 19:44:37,504 [INFO] EPISODE 6110, LOSS 1.8526842594146729
"2023-05-07 19:44:38,167 [INFO] EPISODE 6120, LOSS 1.7267746925354004
"2023-05-07 19:44:38,926 [INFO] EPISODE 6130, LOSS 0.6757996082305908
"2023-05-07 19:44:39,616 [INFO] EPISODE 6140, LOSS 0.6277772188186646
"2023-05-07 19:44:40,424 [INFO] EPISODE 6150, LOSS 1.5103156566619873
"2023-05-07 19:44:41,105 [INFO] EPISODE 6160, LOSS 0.605283260345459
"2023-05-07 19:44:41,838 [INFO] EPISODE 6170, LOSS 0.9975440502166748
"2023-05-07 19:44:42,626 [INFO] EPISODE 6180, LOSS 0.7610811591148376
"2023-05-07 19:44:43,283 [INFO] EPISODE 6190, LOSS 0.834723949432373
"2023-05-07 19:44:43,970 [INFO] EPISODE 6200, LOSS 0.6882688999176025
"2023-05-07 19:44:44,648 [INFO] EPISODE 6210, LOSS 0.5803114771842957
"2023-05-07 19:44:45,415 [INFO] EPISODE 6220, LOSS 0.986151397228241
"2023-05-07 19:44:46,150 [INFO] EPISODE 6230, LOSS 1.9819250106811523
"2023-05-07 19:44:46,766 [INFO] EPISODE 6240, LOSS 0.5735701322555542
"2023-05-07 19:44:47,414 [INFO] EPISODE 6250, LOSS 0.6243321895599365
"2023-05-07 19:44:48,104 [INFO] EPISODE 6260, LOSS 0.7930654287338257
"2023-05-07 19:44:48,843 [INFO] EPISODE 6270, LOSS 0.608413577079773
"2023-05-07 19:44:49,474 [INFO] EPISODE 6280, LOSS 0.9699997305870056
"2023-05-07 19:44:50,224 [INFO] EPISODE 6290, LOSS 0.9795545339584351
"2023-05-07 19:44:51,458 [INFO] EPISODE 6300, LOSS 1.0759084224700928
"2023-05-07 19:44:52,241 [INFO] EPISODE 6310, LOSS 0.8152779936790466
"2023-05-07 19:44:53,394 [INFO] EPISODE 6320, LOSS 1.0866273641586304
"2023-05-07 19:44:54,189 [INFO] EPISODE 6330, LOSS 0.5816651582717896
"2023-05-07 19:44:54,988 [INFO] EPISODE 6340, LOSS 0.5926424264907837
"2023-05-07 19:44:55,721 [INFO] EPISODE 6350, LOSS 0.5474663972854614
"2023-05-07 19:44:56,463 [INFO] EPISODE 6360, LOSS 0.35390812158584595
"2023-05-07 19:44:57,217 [INFO] EPISODE 6370, LOSS 0.8251714706420898
"2023-05-07 19:44:57,915 [INFO] EPISODE 6380, LOSS 0.43553194403648376
"2023-05-07 19:44:58,687 [INFO] EPISODE 6390, LOSS 0.8930314779281616
"2023-05-07 19:44:59,347 [INFO] ===== ONNX SAVED at ./savemodel/0507_0737PM/6398.onnx
"2023-05-07 19:44:59,488 [INFO] EPISODE 6400, LOSS 1.2332875728607178
"2023-05-07 19:45:00,249 [INFO] EPISODE 6410, LOSS 1.6261881589889526
"2023-05-07 19:45:01,002 [INFO] EPISODE 6420, LOSS 0.46932452917099
"2023-05-07 19:45:01,696 [INFO] EPISODE 6430, LOSS 0.6913324594497681
"2023-05-07 19:45:02,540 [INFO] EPISODE 6440, LOSS 0.4412294328212738
"2023-05-07 19:45:03,347 [INFO] EPISODE 6450, LOSS 0.47840583324432373
"2023-05-07 19:45:04,082 [INFO] EPISODE 6460, LOSS 1.293359637260437
"2023-05-07 19:45:04,831 [INFO] EPISODE 6470, LOSS 0.8196151256561279
"2023-05-07 19:45:05,612 [INFO] EPISODE 6480, LOSS 0.8456853628158569
"2023-05-07 19:45:06,302 [INFO] EPISODE 6490, LOSS 0.3247949182987213
"2023-05-07 19:45:07,143 [INFO] EPISODE 6500, LOSS 0.37081700563430786
"2023-05-07 19:45:07,904 [INFO] EPISODE 6510, LOSS 0.6092061996459961
"2023-05-07 19:45:08,570 [INFO] EPISODE 6520, LOSS 1.7399390935897827
"2023-05-07 19:45:09,290 [INFO] EPISODE 6530, LOSS 0.4611809253692627
"2023-05-07 19:45:09,990 [INFO] EPISODE 6540, LOSS 1.9552440643310547
"2023-05-07 19:45:10,701 [INFO] EPISODE 6550, LOSS 0.3156129717826843
"2023-05-07 19:45:11,489 [INFO] EPISODE 6560, LOSS 0.5793496370315552
"2023-05-07 19:45:12,276 [INFO] EPISODE 6570, LOSS 0.8303341269493103
"2023-05-07 19:45:13,059 [INFO] EPISODE 6580, LOSS 1.2399108409881592
"2023-05-07 19:45:13,759 [INFO] EPISODE 6590, LOSS 0.6067649126052856
"2023-05-07 19:45:14,561 [INFO] EPISODE 6600, LOSS 0.5143291354179382
"2023-05-07 19:45:15,203 [INFO] EPISODE 6610, LOSS 1.4226884841918945
"2023-05-07 19:45:15,633 [INFO] ===== ONNX SAVED at ./savemodel/0507_0737PM/6615.onnx
"2023-05-07 19:45:15,988 [INFO] EPISODE 6620, LOSS 0.5628064870834351
"2023-05-07 19:45:16,192 [INFO] ===== ONNX SAVED at ./savemodel/0507_0737PM/6621.onnx
"2023-05-07 19:45:16,818 [INFO] EPISODE 6630, LOSS 0.49432528018951416
"2023-05-07 19:45:17,553 [INFO] EPISODE 6640, LOSS 1.266450047492981
"2023-05-07 19:45:18,382 [INFO] EPISODE 6650, LOSS 1.086646318435669
"2023-05-07 19:45:19,184 [INFO] EPISODE 6660, LOSS 0.7753309011459351
"2023-05-07 19:45:20,022 [INFO] EPISODE 6670, LOSS 0.5056273341178894
"2023-05-07 19:45:20,851 [INFO] EPISODE 6680, LOSS 0.45881280303001404
"2023-05-07 19:45:21,674 [INFO] EPISODE 6690, LOSS 0.6130149364471436
"2023-05-07 19:45:22,758 [INFO] EPISODE 6700, LOSS 0.4687957167625427
"2023-05-07 19:45:23,671 [INFO] EPISODE 6710, LOSS 0.8018735647201538
"2023-05-07 19:45:24,353 [INFO] EPISODE 6720, LOSS 1.3092623949050903
"2023-05-07 19:45:25,111 [INFO] EPISODE 6730, LOSS 0.4793662428855896
"2023-05-07 19:45:25,900 [INFO] EPISODE 6740, LOSS 0.24816839396953583
"2023-05-07 19:45:26,583 [INFO] EPISODE 6750, LOSS 0.2409772276878357
"2023-05-07 19:45:27,331 [INFO] EPISODE 6760, LOSS 0.4664877653121948
"2023-05-07 19:45:28,349 [INFO] EPISODE 6770, LOSS 0.5110474824905396
"2023-05-07 19:45:29,301 [INFO] EPISODE 6780, LOSS 0.7579631209373474
"2023-05-07 19:45:30,026 [INFO] EPISODE 6790, LOSS 0.8863801956176758
"2023-05-07 19:45:30,738 [INFO] EPISODE 6800, LOSS 0.5160505771636963
"2023-05-07 19:45:31,433 [INFO] EPISODE 6810, LOSS 0.4318808317184448
"2023-05-07 19:45:32,217 [INFO] EPISODE 6820, LOSS 0.3240775763988495
"2023-05-07 19:45:33,016 [INFO] EPISODE 6830, LOSS 0.6115821599960327
"2023-05-07 19:45:33,764 [INFO] EPISODE 6840, LOSS 0.5071258544921875
"2023-05-07 19:45:34,630 [INFO] EPISODE 6850, LOSS 0.4114583432674408
"2023-05-07 19:45:35,415 [INFO] EPISODE 6860, LOSS 0.41382330656051636
"2023-05-07 19:45:36,107 [INFO] EPISODE 6870, LOSS 0.3133365511894226
"2023-05-07 19:45:36,832 [INFO] EPISODE 6880, LOSS 0.490376353263855
"2023-05-07 19:45:37,588 [INFO] EPISODE 6890, LOSS 1.118882417678833
"2023-05-07 19:45:38,291 [INFO] EPISODE 6900, LOSS 1.2556520700454712
"2023-05-07 19:45:39,193 [INFO] EPISODE 6910, LOSS 0.9513065218925476
"2023-05-07 19:45:39,883 [INFO] EPISODE 6920, LOSS 1.00522780418396
"2023-05-07 19:45:40,938 [INFO] EPISODE 6930, LOSS 0.44214123487472534
"2023-05-07 19:45:41,887 [INFO] EPISODE 6940, LOSS 0.3735816180706024
"2023-05-07 19:45:42,866 [INFO] EPISODE 6950, LOSS 1.0094125270843506
"2023-05-07 19:45:43,596 [INFO] EPISODE 6960, LOSS 0.5858319997787476
"2023-05-07 19:45:44,524 [INFO] EPISODE 6970, LOSS 0.6269176006317139
"2023-05-07 19:45:45,489 [INFO] EPISODE 6980, LOSS 2.3061683177948
"2023-05-07 19:45:46,425 [INFO] EPISODE 6990, LOSS 0.6979230642318726
"2023-05-07 19:45:47,411 [INFO] ===== ONNX SAVED at ./savemodel/0507_0737PM/7000.onnx
"2023-05-07 19:45:47,411 [INFO] EPISODE 7000, LOSS 0.3354160189628601
"2023-05-07 19:45:48,344 [INFO] EPISODE 7010, LOSS 0.47664588689804077
"2023-05-07 19:45:49,315 [INFO] EPISODE 7020, LOSS 0.4886704385280609
"2023-05-07 19:45:50,115 [INFO] EPISODE 7030, LOSS 0.5067112445831299
"2023-05-07 19:45:50,898 [INFO] EPISODE 7040, LOSS 0.7218853831291199
"2023-05-07 19:45:51,753 [INFO] EPISODE 7050, LOSS 0.6390005946159363
"2023-05-07 19:45:52,704 [INFO] EPISODE 7060, LOSS 0.43732917308807373
"2023-05-07 19:45:53,567 [INFO] EPISODE 7070, LOSS 0.498302161693573
"2023-05-07 19:45:54,288 [INFO] EPISODE 7080, LOSS 0.3892802596092224
"2023-05-07 19:45:55,237 [INFO] EPISODE 7090, LOSS 0.7205159068107605
"2023-05-07 19:45:56,207 [INFO] EPISODE 7100, LOSS 0.3960725665092468
"2023-05-07 19:45:57,045 [INFO] EPISODE 7110, LOSS 0.5536609292030334
"2023-05-07 19:45:57,902 [INFO] EPISODE 7120, LOSS 0.4767439365386963
"2023-05-07 19:45:58,640 [INFO] EPISODE 7130, LOSS 0.5363596677780151
"2023-05-07 19:45:59,445 [INFO] EPISODE 7140, LOSS 0.42016705870628357
"2023-05-07 19:46:00,209 [INFO] EPISODE 7150, LOSS 0.3620678782463074
"2023-05-07 19:46:01,148 [INFO] EPISODE 7160, LOSS 0.36592167615890503
"2023-05-07 19:46:01,952 [INFO] EPISODE 7170, LOSS 0.4122244715690613
"2023-05-07 19:46:02,643 [INFO] EPISODE 7180, LOSS 0.6731826663017273
"2023-05-07 19:46:03,532 [INFO] EPISODE 7190, LOSS 0.8884453773498535
"2023-05-07 19:46:04,426 [INFO] EPISODE 7200, LOSS 0.29511770606040955
"2023-05-07 19:46:05,340 [INFO] EPISODE 7210, LOSS 1.5869131088256836
"2023-05-07 19:46:06,179 [INFO] EPISODE 7220, LOSS 0.7450301051139832
"2023-05-07 19:46:07,025 [INFO] EPISODE 7230, LOSS 0.46037158370018005
"2023-05-07 19:46:07,877 [INFO] EPISODE 7240, LOSS 0.1824904978275299
"2023-05-07 19:46:08,655 [INFO] EPISODE 7250, LOSS 0.5513260364532471
"2023-05-07 19:46:09,559 [INFO] EPISODE 7260, LOSS 2.379701614379883
"2023-05-07 19:46:10,339 [INFO] EPISODE 7270, LOSS 0.3454897105693817
"2023-05-07 19:46:11,027 [INFO] EPISODE 7280, LOSS 1.4106204509735107
"2023-05-07 19:46:11,751 [INFO] EPISODE 7290, LOSS 0.5702419281005859
"2023-05-07 19:46:12,732 [INFO] EPISODE 7300, LOSS 2.052265167236328
"2023-05-07 19:46:13,705 [INFO] EPISODE 7310, LOSS 0.688552975654602
"2023-05-07 19:46:14,386 [INFO] EPISODE 7320, LOSS 0.8642047643661499
"2023-05-07 19:46:15,178 [INFO] EPISODE 7330, LOSS 0.9300347566604614
"2023-05-07 19:46:15,949 [INFO] EPISODE 7340, LOSS 1.2596319913864136
"2023-05-07 19:46:16,941 [INFO] EPISODE 7350, LOSS 0.7139066457748413
"2023-05-07 19:46:17,717 [INFO] EPISODE 7360, LOSS 0.7050702571868896
"2023-05-07 19:46:18,638 [INFO] EPISODE 7370, LOSS 0.35595616698265076
"2023-05-07 19:46:19,455 [INFO] EPISODE 7380, LOSS 0.49268674850463867
"2023-05-07 19:46:20,165 [INFO] EPISODE 7390, LOSS 0.4082396626472473
"2023-05-07 19:46:20,940 [INFO] EPISODE 7400, LOSS 0.3575947880744934
"2023-05-07 19:46:21,718 [INFO] EPISODE 7410, LOSS 0.5375391840934753
"2023-05-07 19:46:22,504 [INFO] EPISODE 7420, LOSS 0.615418553352356
"2023-05-07 19:46:23,218 [INFO] EPISODE 7430, LOSS 0.41680407524108887
"2023-05-07 19:46:23,930 [INFO] EPISODE 7440, LOSS 0.26190441846847534
"2023-05-07 19:46:24,719 [INFO] EPISODE 7450, LOSS 0.5715323686599731
"2023-05-07 19:46:25,571 [INFO] EPISODE 7460, LOSS 0.5067830681800842
"2023-05-07 19:46:26,309 [INFO] EPISODE 7470, LOSS 0.4543684422969818
"2023-05-07 19:46:27,041 [INFO] EPISODE 7480, LOSS 1.3863210678100586
"2023-05-07 19:46:27,849 [INFO] EPISODE 7490, LOSS 0.38625919818878174
"2023-05-07 19:46:28,678 [INFO] EPISODE 7500, LOSS 0.5816513895988464
"2023-05-07 19:46:29,493 [INFO] EPISODE 7510, LOSS 1.470452070236206
"2023-05-07 19:46:30,233 [INFO] EPISODE 7520, LOSS 0.7403690814971924
"2023-05-07 19:46:31,067 [INFO] EPISODE 7530, LOSS 0.37317270040512085
"2023-05-07 19:46:31,821 [INFO] EPISODE 7540, LOSS 0.5192915797233582
"2023-05-07 19:46:32,527 [INFO] EPISODE 7550, LOSS 0.8511525392532349
"2023-05-07 19:46:33,395 [INFO] EPISODE 7560, LOSS 0.595384418964386
"2023-05-07 19:46:34,218 [INFO] EPISODE 7570, LOSS 2.6345977783203125
"2023-05-07 19:46:35,041 [INFO] EPISODE 7580, LOSS 0.22996340692043304
"2023-05-07 19:46:35,908 [INFO] EPISODE 7590, LOSS 0.7253863215446472
"2023-05-07 19:46:36,646 [INFO] EPISODE 7600, LOSS 0.5417356491088867
"2023-05-07 19:46:37,431 [INFO] EPISODE 7610, LOSS 0.5518087148666382
"2023-05-07 19:46:38,165 [INFO] EPISODE 7620, LOSS 0.6763023138046265
"2023-05-07 19:46:38,915 [INFO] EPISODE 7630, LOSS 1.1537790298461914
"2023-05-07 19:46:39,735 [INFO] EPISODE 7640, LOSS 0.38599061965942383
"2023-05-07 19:46:40,521 [INFO] EPISODE 7650, LOSS 0.7865033149719238
"2023-05-07 19:46:41,359 [INFO] EPISODE 7660, LOSS 1.4488060474395752
"2023-05-07 19:46:42,118 [INFO] EPISODE 7670, LOSS 0.4810396432876587
"2023-05-07 19:46:42,875 [INFO] EPISODE 7680, LOSS 0.4718843102455139
"2023-05-07 19:46:43,616 [INFO] EPISODE 7690, LOSS 1.2296379804611206
"2023-05-07 19:46:44,435 [INFO] EPISODE 7700, LOSS 0.32693132758140564
"2023-05-07 19:46:45,227 [INFO] EPISODE 7710, LOSS 0.5096992254257202
"2023-05-07 19:46:46,061 [INFO] EPISODE 7720, LOSS 0.8480269908905029
"2023-05-07 19:46:46,803 [INFO] EPISODE 7730, LOSS 0.4409518241882324
"2023-05-07 19:46:47,617 [INFO] EPISODE 7740, LOSS 0.8538722991943359
"2023-05-07 19:46:48,349 [INFO] EPISODE 7750, LOSS 0.5928612351417542
"2023-05-07 19:46:49,193 [INFO] EPISODE 7760, LOSS 0.39680641889572144
"2023-05-07 19:46:49,962 [INFO] EPISODE 7770, LOSS 0.5604698657989502
"2023-05-07 19:46:50,969 [INFO] EPISODE 7780, LOSS 0.452742338180542
"2023-05-07 19:46:51,924 [INFO] EPISODE 7790, LOSS 0.8255912661552429
"2023-05-07 19:46:52,787 [INFO] EPISODE 7800, LOSS 0.2958642542362213
"2023-05-07 19:46:53,777 [INFO] EPISODE 7810, LOSS 1.1224573850631714
"2023-05-07 19:46:54,611 [INFO] EPISODE 7820, LOSS 1.6366794109344482
"2023-05-07 19:46:55,351 [INFO] EPISODE 7830, LOSS 0.3277829587459564
"2023-05-07 19:46:56,094 [INFO] EPISODE 7840, LOSS 0.5865969061851501
"2023-05-07 19:46:56,813 [INFO] EPISODE 7850, LOSS 0.4726443290710449
"2023-05-07 19:46:57,549 [INFO] EPISODE 7860, LOSS 0.5066742897033691
"2023-05-07 19:46:58,335 [INFO] EPISODE 7870, LOSS 0.6466254591941833
"2023-05-07 19:46:59,026 [INFO] EPISODE 7880, LOSS 0.17824673652648926
"2023-05-07 19:46:59,865 [INFO] EPISODE 7890, LOSS 0.320864200592041
"2023-05-07 19:47:00,601 [INFO] EPISODE 7900, LOSS 0.2939595580101013
"2023-05-07 19:47:01,313 [INFO] EPISODE 7910, LOSS 0.4172196388244629
"2023-05-07 19:47:02,123 [INFO] EPISODE 7920, LOSS 0.4995691478252411
"2023-05-07 19:47:02,970 [INFO] EPISODE 7930, LOSS 0.6790252923965454
"2023-05-07 19:47:03,735 [INFO] EPISODE 7940, LOSS 0.5717509984970093
"2023-05-07 19:47:04,655 [INFO] EPISODE 7950, LOSS 0.3082481324672699
"2023-05-07 19:47:05,547 [INFO] EPISODE 7960, LOSS 0.21877798438072205
"2023-05-07 19:47:06,934 [INFO] EPISODE 7970, LOSS 0.7351531982421875
"2023-05-07 19:47:08,098 [INFO] EPISODE 7980, LOSS 0.440701961517334
"2023-05-07 19:47:09,030 [INFO] EPISODE 7990, LOSS 1.129408597946167
"2023-05-07 19:47:09,894 [INFO] ===== ONNX SAVED at ./savemodel/0507_0737PM/8000.onnx
"2023-05-07 19:47:09,895 [INFO] EPISODE 8000, LOSS 0.4807809293270111
"2023-05-07 19:47:10,664 [INFO] EPISODE 8010, LOSS 0.81819748878479
"2023-05-07 19:47:11,460 [INFO] EPISODE 8020, LOSS 0.7379376292228699
"2023-05-07 19:47:12,175 [INFO] EPISODE 8030, LOSS 0.6095758676528931
"2023-05-07 19:47:12,900 [INFO] EPISODE 8040, LOSS 0.26150932908058167
"2023-05-07 19:47:13,700 [INFO] EPISODE 8050, LOSS 1.4158761501312256
"2023-05-07 19:47:14,606 [INFO] EPISODE 8060, LOSS 0.4135379195213318
"2023-05-07 19:47:15,489 [INFO] EPISODE 8070, LOSS 1.3832038640975952
"2023-05-07 19:47:16,323 [INFO] EPISODE 8080, LOSS 0.20961926877498627
"2023-05-07 19:47:17,307 [INFO] EPISODE 8090, LOSS 0.575922966003418
"2023-05-07 19:47:18,073 [INFO] ===== ONNX SAVED at ./savemodel/0507_0737PM/8100.onnx
"2023-05-07 19:47:18,074 [INFO] EPISODE 8100, LOSS 0.11775775998830795
"2023-05-07 19:47:18,888 [INFO] EPISODE 8110, LOSS 0.7973760962486267
"2023-05-07 19:47:19,684 [INFO] EPISODE 8120, LOSS 0.5271679162979126
"2023-05-07 19:47:20,459 [INFO] EPISODE 8130, LOSS 0.3557681441307068
"2023-05-07 19:47:21,203 [INFO] EPISODE 8140, LOSS 0.29320427775382996
"2023-05-07 19:47:21,928 [INFO] EPISODE 8150, LOSS 0.8003946542739868
"2023-05-07 19:47:22,742 [INFO] EPISODE 8160, LOSS 0.6954867243766785
"2023-05-07 19:47:23,505 [INFO] EPISODE 8170, LOSS 0.301580548286438
"2023-05-07 19:47:24,204 [INFO] EPISODE 8180, LOSS 0.30198606848716736
"2023-05-07 19:47:24,948 [INFO] EPISODE 8190, LOSS 0.9328300952911377
"2023-05-07 19:47:25,649 [INFO] EPISODE 8200, LOSS 0.28836214542388916
"2023-05-07 19:47:26,418 [INFO] EPISODE 8210, LOSS 0.5621130466461182
"2023-05-07 19:47:27,135 [INFO] EPISODE 8220, LOSS 1.1009008884429932
"2023-05-07 19:47:27,819 [INFO] EPISODE 8230, LOSS 0.7728112936019897
"2023-05-07 19:47:28,555 [INFO] EPISODE 8240, LOSS 0.44156813621520996
"2023-05-07 19:47:29,184 [INFO] EPISODE 8250, LOSS 0.40619096159935
"2023-05-07 19:47:29,850 [INFO] EPISODE 8260, LOSS 0.7087282538414001
"2023-05-07 19:47:30,565 [INFO] EPISODE 8270, LOSS 0.6382335424423218
"2023-05-07 19:47:31,324 [INFO] EPISODE 8280, LOSS 0.49956879019737244
"2023-05-07 19:47:32,003 [INFO] EPISODE 8290, LOSS 0.4299701154232025
"2023-05-07 19:47:32,703 [INFO] EPISODE 8300, LOSS 0.897653341293335
"2023-05-07 19:47:33,553 [INFO] EPISODE 8310, LOSS 0.36306077241897583
"2023-05-07 19:47:34,426 [INFO] EPISODE 8320, LOSS 0.5400428175926208
"2023-05-07 19:47:35,162 [INFO] EPISODE 8330, LOSS 0.36930450797080994
"2023-05-07 19:47:36,031 [INFO] EPISODE 8340, LOSS 0.48905473947525024
"2023-05-07 19:47:36,844 [INFO] EPISODE 8350, LOSS 0.30221056938171387
"2023-05-07 19:47:37,737 [INFO] EPISODE 8360, LOSS 0.7373546361923218
"2023-05-07 19:47:38,577 [INFO] EPISODE 8370, LOSS 0.539835512638092
"2023-05-07 19:47:39,305 [INFO] EPISODE 8380, LOSS 0.52265465259552
"2023-05-07 19:47:40,154 [INFO] EPISODE 8390, LOSS 0.22568997740745544
"2023-05-07 19:47:40,961 [INFO] EPISODE 8400, LOSS 0.37754178047180176
"2023-05-07 19:47:41,652 [INFO] EPISODE 8410, LOSS 0.5657471418380737
"2023-05-07 19:47:42,401 [INFO] EPISODE 8420, LOSS 0.8862489461898804
"2023-05-07 19:47:43,102 [INFO] EPISODE 8430, LOSS 1.3691141605377197
"2023-05-07 19:47:43,855 [INFO] EPISODE 8440, LOSS 0.4231437146663666
"2023-05-07 19:47:44,638 [INFO] EPISODE 8450, LOSS 0.6572929620742798
"2023-05-07 19:47:45,454 [INFO] EPISODE 8460, LOSS 0.31627804040908813
"2023-05-07 19:47:46,278 [INFO] EPISODE 8470, LOSS 0.6028387546539307
"2023-05-07 19:47:47,077 [INFO] EPISODE 8480, LOSS 0.6539621353149414
"2023-05-07 19:47:47,821 [INFO] EPISODE 8490, LOSS 0.4085269570350647
"2023-05-07 19:47:48,619 [INFO] EPISODE 8500, LOSS 0.4678124785423279
"2023-05-07 19:47:49,398 [INFO] EPISODE 8510, LOSS 0.6676246523857117
"2023-05-07 19:47:50,272 [INFO] EPISODE 8520, LOSS 0.37325382232666016
"2023-05-07 19:47:51,111 [INFO] EPISODE 8530, LOSS 0.5102931261062622
"2023-05-07 19:47:52,007 [INFO] EPISODE 8540, LOSS 0.376065194606781
"2023-05-07 19:47:52,666 [INFO] EPISODE 8550, LOSS 1.0409237146377563
"2023-05-07 19:47:53,347 [INFO] EPISODE 8560, LOSS 0.27201735973358154
"2023-05-07 19:47:54,095 [INFO] EPISODE 8570, LOSS 0.6100766658782959
"2023-05-07 19:47:54,750 [INFO] EPISODE 8580, LOSS 0.6929806470870972
"2023-05-07 19:47:54,989 [INFO] ===== ONNX SAVED at ./savemodel/0507_0737PM/8583.onnx
"2023-05-07 19:47:55,419 [INFO] EPISODE 8590, LOSS 0.28187376260757446
"2023-05-07 19:47:56,184 [INFO] EPISODE 8600, LOSS 0.39288586378097534
"2023-05-07 19:47:56,927 [INFO] EPISODE 8610, LOSS 0.2799045741558075
"2023-05-07 19:47:57,437 [INFO] ===== ONNX SAVED at ./savemodel/0507_0737PM/8617.onnx
"2023-05-07 19:47:57,636 [INFO] EPISODE 8620, LOSS 1.1147589683532715
"2023-05-07 19:47:58,348 [INFO] EPISODE 8630, LOSS 1.805981993675232
"2023-05-07 19:47:58,953 [INFO] EPISODE 8640, LOSS 0.2790811061859131
"2023-05-07 19:47:59,584 [INFO] EPISODE 8650, LOSS 0.27619901299476624
"2023-05-07 19:48:00,337 [INFO] EPISODE 8660, LOSS 0.3208610713481903
"2023-05-07 19:48:00,938 [INFO] EPISODE 8670, LOSS 0.32572269439697266
"2023-05-07 19:48:01,592 [INFO] EPISODE 8680, LOSS 0.5700358152389526
"2023-05-07 19:48:01,992 [INFO] ===== ONNX SAVED at ./savemodel/0507_0737PM/8684.onnx
"2023-05-07 19:48:02,424 [INFO] EPISODE 8690, LOSS 0.4212275445461273
"2023-05-07 19:48:03,194 [INFO] EPISODE 8700, LOSS 0.3754701018333435
"2023-05-07 19:48:04,129 [INFO] EPISODE 8710, LOSS 0.7286109924316406
"2023-05-07 19:48:04,922 [INFO] EPISODE 8720, LOSS 0.8987383842468262
"2023-05-07 19:48:05,717 [INFO] EPISODE 8730, LOSS 2.298341751098633
"2023-05-07 19:48:06,354 [INFO] EPISODE 8740, LOSS 0.5675976872444153
"2023-05-07 19:48:07,022 [INFO] EPISODE 8750, LOSS 0.9341143369674683
"2023-05-07 19:48:07,910 [INFO] EPISODE 8760, LOSS 0.3965493440628052
"2023-05-07 19:48:08,794 [INFO] EPISODE 8770, LOSS 0.29062747955322266
"2023-05-07 19:48:09,502 [INFO] EPISODE 8780, LOSS 0.6462559103965759
"2023-05-07 19:48:10,164 [INFO] EPISODE 8790, LOSS 0.3737136125564575
"2023-05-07 19:48:10,800 [INFO] EPISODE 8800, LOSS 0.38970333337783813
"2023-05-07 19:48:11,461 [INFO] EPISODE 8810, LOSS 1.6454758644104004
"2023-05-07 19:48:12,117 [INFO] EPISODE 8820, LOSS 0.2607589066028595
"2023-05-07 19:48:12,743 [INFO] EPISODE 8830, LOSS 1.053235650062561
"2023-05-07 19:48:13,413 [INFO] EPISODE 8840, LOSS 0.8421187400817871
"2023-05-07 19:48:14,189 [INFO] EPISODE 8850, LOSS 0.9803259372711182
"2023-05-07 19:48:14,927 [INFO] EPISODE 8860, LOSS 1.56014084815979
"2023-05-07 19:48:15,618 [INFO] EPISODE 8870, LOSS 0.5112834572792053
"2023-05-07 19:48:16,437 [INFO] EPISODE 8880, LOSS 0.7450993061065674
"2023-05-07 19:48:17,453 [INFO] EPISODE 8890, LOSS 0.7168059349060059
"2023-05-07 19:48:18,547 [INFO] EPISODE 8900, LOSS 0.7828666567802429
"2023-05-07 19:48:19,445 [INFO] EPISODE 8910, LOSS 0.46880149841308594
"2023-05-07 19:48:20,106 [INFO] EPISODE 8920, LOSS 1.4024357795715332
"2023-05-07 19:48:20,816 [INFO] EPISODE 8930, LOSS 0.4968993067741394
"2023-05-07 19:48:21,603 [INFO] EPISODE 8940, LOSS 0.5132529735565186
"2023-05-07 19:48:22,405 [INFO] EPISODE 8950, LOSS 0.35994917154312134
"2023-05-07 19:48:23,118 [INFO] EPISODE 8960, LOSS 0.45446836948394775
"2023-05-07 19:48:23,802 [INFO] EPISODE 8970, LOSS 0.3661653697490692
"2023-05-07 19:48:24,474 [INFO] EPISODE 8980, LOSS 0.531507134437561
"2023-05-07 19:48:25,181 [INFO] EPISODE 8990, LOSS 0.3389136791229248
"2023-05-07 19:48:25,987 [INFO] ===== ONNX SAVED at ./savemodel/0507_0737PM/9000.onnx
"2023-05-07 19:48:25,987 [INFO] EPISODE 9000, LOSS 0.4747732877731323
"2023-05-07 19:48:26,752 [INFO] EPISODE 9010, LOSS 0.3005272448062897
"2023-05-07 19:48:27,520 [INFO] EPISODE 9020, LOSS 0.5873541831970215
"2023-05-07 19:48:28,218 [INFO] EPISODE 9030, LOSS 0.608963668346405
"2023-05-07 19:48:28,881 [INFO] EPISODE 9040, LOSS 0.5975663661956787
"2023-05-07 19:48:29,559 [INFO] EPISODE 9050, LOSS 0.3668184280395508
"2023-05-07 19:48:30,246 [INFO] EPISODE 9060, LOSS 0.3200725317001343
"2023-05-07 19:48:31,018 [INFO] EPISODE 9070, LOSS 0.4780634641647339
"2023-05-07 19:48:31,685 [INFO] EPISODE 9080, LOSS 0.8195578455924988
"2023-05-07 19:48:32,416 [INFO] EPISODE 9090, LOSS 0.2900736629962921
"2023-05-07 19:48:33,285 [INFO] EPISODE 9100, LOSS 0.3173215985298157
"2023-05-07 19:48:34,251 [INFO] EPISODE 9110, LOSS 0.21943816542625427
"2023-05-07 19:48:35,265 [INFO] EPISODE 9120, LOSS 0.6496495604515076
"2023-05-07 19:48:36,087 [INFO] EPISODE 9130, LOSS 0.2422391176223755
"2023-05-07 19:48:36,869 [INFO] EPISODE 9140, LOSS 0.42158254981040955
"2023-05-07 19:48:37,645 [INFO] EPISODE 9150, LOSS 0.8685914874076843
"2023-05-07 19:48:38,262 [INFO] EPISODE 9160, LOSS 0.777074933052063
"2023-05-07 19:48:38,934 [INFO] EPISODE 9170, LOSS 0.7714263796806335
"2023-05-07 19:48:39,569 [INFO] EPISODE 9180, LOSS 0.653076171875
"2023-05-07 19:48:40,381 [INFO] EPISODE 9190, LOSS 0.7147051095962524
"2023-05-07 19:48:41,345 [INFO] EPISODE 9200, LOSS 0.2896750271320343
"2023-05-07 19:48:42,020 [INFO] ===== ONNX SAVED at ./savemodel/0507_0737PM/9207.onnx
"2023-05-07 19:48:42,400 [INFO] EPISODE 9210, LOSS 0.5760527849197388
"2023-05-07 19:48:43,446 [INFO] EPISODE 9220, LOSS 0.1691502332687378
"2023-05-07 19:48:44,253 [INFO] EPISODE 9230, LOSS 0.4547618329524994
"2023-05-07 19:48:44,956 [INFO] EPISODE 9240, LOSS 0.31830960512161255
"2023-05-07 19:48:45,700 [INFO] EPISODE 9250, LOSS 0.1458255797624588
"2023-05-07 19:48:46,389 [INFO] EPISODE 9260, LOSS 0.6029584407806396
"2023-05-07 19:48:47,235 [INFO] EPISODE 9270, LOSS 0.2674247920513153
"2023-05-07 19:48:48,010 [INFO] EPISODE 9280, LOSS 0.7297626733779907
"2023-05-07 19:48:48,745 [INFO] EPISODE 9290, LOSS 0.345711886882782
"2023-05-07 19:48:49,450 [INFO] EPISODE 9300, LOSS 0.54169762134552
"2023-05-07 19:48:49,785 [INFO] train finished. 
final loss: 0.04958739131689072
"2023-05-07 19:48:49,808 [INFO] ===== ONNX SAVED at ./savemodel/0507_0737PM/FINAL100000.onnx
