"2023-05-08 18:53:26,221 [INFO] Reporter Initialized!
"2023-05-08 18:53:26,221 [INFO] Reporter LEVEL: info
"2023-05-08 18:53:26,602 [INFO] Loaded csv data is 0507_0621PM
"2023-05-08 18:53:35,925 [INFO] Reporter Initialized!
"2023-05-08 18:53:35,925 [INFO] Reporter LEVEL: info
"2023-05-08 18:53:36,305 [INFO] Loaded csv data is 0507_0746PM
"2023-05-08 18:53:37,240 [INFO] Device(cuda) is working for train
"2023-05-08 18:53:37,240 [INFO] Train Started
"2023-05-08 18:53:37,867 [INFO] ===== ONNX SAVED at ./savemodel/X0508_0653PM/0.onnx
"2023-05-08 18:53:37,930 [INFO] ===== ONNX SAVED at ./savemodel/Y0508_0653PM/0.onnx
"2023-05-08 18:53:37,952 [INFO] ===== ONNX SAVED at ./savemodel/R0508_0653PM/0.onnx
"2023-05-08 18:53:37,952 [INFO] ===== Saved non-trained network
"2023-05-08 18:53:37,952 [INFO] EPISODE 0, LOSS 296.87953186035156
"2023-05-08 18:53:39,238 [INFO] ===== ONNX SAVED at ./savemodel/X0508_0653PM/9.onnx
"2023-05-08 18:53:39,270 [INFO] ===== ONNX SAVED at ./savemodel/Y0508_0653PM/9.onnx
"2023-05-08 18:53:39,293 [INFO] ===== ONNX SAVED at ./savemodel/R0508_0653PM/9.onnx
"2023-05-08 18:53:39,413 [INFO] EPISODE 10, LOSS 382.57855224609375
"2023-05-08 18:53:40,762 [INFO] ===== ONNX SAVED at ./savemodel/X0508_0653PM/19.onnx
"2023-05-08 18:53:40,783 [INFO] ===== ONNX SAVED at ./savemodel/Y0508_0653PM/19.onnx
"2023-05-08 18:53:40,820 [INFO] ===== ONNX SAVED at ./savemodel/R0508_0653PM/19.onnx
"2023-05-08 18:53:40,976 [INFO] EPISODE 20, LOSS 268.06993865966797
"2023-05-08 18:53:42,413 [INFO] EPISODE 30, LOSS 255.07382202148438
"2023-05-08 18:53:43,636 [INFO] EPISODE 40, LOSS 304.31603622436523
"2023-05-08 18:53:44,860 [INFO] EPISODE 50, LOSS 268.738338470459
"2023-05-08 18:53:46,092 [INFO] EPISODE 60, LOSS 208.04577255249023
"2023-05-08 18:53:47,332 [INFO] EPISODE 70, LOSS 300.70669174194336
"2023-05-08 18:53:48,693 [INFO] EPISODE 80, LOSS 472.01595306396484
"2023-05-08 18:53:49,721 [INFO] ===== ONNX SAVED at ./savemodel/X0508_0653PM/87.onnx
"2023-05-08 18:53:49,747 [INFO] ===== ONNX SAVED at ./savemodel/Y0508_0653PM/87.onnx
"2023-05-08 18:53:49,773 [INFO] ===== ONNX SAVED at ./savemodel/R0508_0653PM/87.onnx
"2023-05-08 18:53:50,042 [INFO] ===== ONNX SAVED at ./savemodel/X0508_0653PM/89.onnx
"2023-05-08 18:53:50,071 [INFO] ===== ONNX SAVED at ./savemodel/Y0508_0653PM/89.onnx
"2023-05-08 18:53:50,098 [INFO] ===== ONNX SAVED at ./savemodel/R0508_0653PM/89.onnx
"2023-05-08 18:53:50,223 [INFO] EPISODE 90, LOSS 350.6849822998047
"2023-05-08 18:53:51,531 [INFO] EPISODE 100, LOSS 383.8032455444336
"2023-05-08 18:53:52,744 [INFO] EPISODE 110, LOSS 220.27758121490479
"2023-05-08 18:53:53,961 [INFO] EPISODE 120, LOSS 164.4925413131714
"2023-05-08 18:53:55,192 [INFO] EPISODE 130, LOSS 92.11859321594238
"2023-05-08 18:53:56,449 [INFO] EPISODE 140, LOSS 586.5524215698242
"2023-05-08 18:53:57,683 [INFO] EPISODE 150, LOSS 120.69276428222656
"2023-05-08 18:53:58,940 [INFO] EPISODE 160, LOSS 192.88037180900574
"2023-05-08 18:54:00,258 [INFO] EPISODE 170, LOSS 162.92326259613037
"2023-05-08 18:54:01,551 [INFO] EPISODE 180, LOSS 253.92526817321777
"2023-05-08 18:54:02,784 [INFO] EPISODE 190, LOSS 210.33366775512695
"2023-05-08 18:54:04,047 [INFO] EPISODE 200, LOSS 120.63936138153076
"2023-05-08 18:54:05,310 [INFO] EPISODE 210, LOSS 148.41420125961304
"2023-05-08 18:54:06,603 [INFO] EPISODE 220, LOSS 292.8252696990967
"2023-05-08 18:54:07,878 [INFO] EPISODE 230, LOSS 266.8490674495697
"2023-05-08 18:54:09,130 [INFO] EPISODE 240, LOSS 254.18570709228516
"2023-05-08 18:54:10,392 [INFO] EPISODE 250, LOSS 95.98818588256836
"2023-05-08 18:54:11,654 [INFO] EPISODE 260, LOSS 371.1315860748291
"2023-05-08 18:54:12,866 [INFO] EPISODE 270, LOSS 175.79378986358643
"2023-05-08 18:54:14,098 [INFO] EPISODE 280, LOSS 309.13962841033936
"2023-05-08 18:54:15,320 [INFO] EPISODE 290, LOSS 317.1863021850586
"2023-05-08 18:54:16,604 [INFO] EPISODE 300, LOSS 377.0225553512573
"2023-05-08 18:54:17,837 [INFO] EPISODE 310, LOSS 203.47373580932617
"2023-05-08 18:54:19,082 [INFO] EPISODE 320, LOSS 288.5100517272949
"2023-05-08 18:54:20,493 [INFO] EPISODE 330, LOSS 183.62558102607727
"2023-05-08 18:54:21,759 [INFO] EPISODE 340, LOSS 447.3562927246094
"2023-05-08 18:54:23,017 [INFO] EPISODE 350, LOSS 195.38536643981934
"2023-05-08 18:54:24,307 [INFO] EPISODE 360, LOSS 128.2303924560547
"2023-05-08 18:54:25,526 [INFO] EPISODE 370, LOSS 344.0177273750305
"2023-05-08 18:54:26,820 [INFO] EPISODE 380, LOSS 358.8473873138428
"2023-05-08 18:54:28,070 [INFO] EPISODE 390, LOSS 227.8888599872589
"2023-05-08 18:54:29,310 [INFO] EPISODE 400, LOSS 248.29904747009277
"2023-05-08 18:54:30,090 [INFO] ===== ONNX SAVED at ./savemodel/X0508_0653PM/406.onnx
"2023-05-08 18:54:30,111 [INFO] ===== ONNX SAVED at ./savemodel/Y0508_0653PM/406.onnx
"2023-05-08 18:54:30,137 [INFO] ===== ONNX SAVED at ./savemodel/R0508_0653PM/406.onnx
"2023-05-08 18:54:30,610 [INFO] EPISODE 410, LOSS 251.5895848274231
"2023-05-08 18:54:31,901 [INFO] EPISODE 420, LOSS 213.53198796510696
"2023-05-08 18:54:33,164 [INFO] EPISODE 430, LOSS 293.7892906665802
"2023-05-08 18:54:34,395 [INFO] EPISODE 440, LOSS 209.71244311332703
"2023-05-08 18:54:35,618 [INFO] EPISODE 450, LOSS 383.7820129394531
"2023-05-08 18:54:36,902 [INFO] EPISODE 460, LOSS 257.6852847933769
"2023-05-08 18:54:38,183 [INFO] EPISODE 470, LOSS 309.3181486129761
"2023-05-08 18:54:39,419 [INFO] EPISODE 480, LOSS 304.5604993700981
"2023-05-08 18:54:40,646 [INFO] EPISODE 490, LOSS 177.91144728660583
"2023-05-08 18:54:41,870 [INFO] EPISODE 500, LOSS 201.29877948760986
"2023-05-08 18:54:43,121 [INFO] EPISODE 510, LOSS 2126.269835293293
"2023-05-08 18:54:44,348 [INFO] EPISODE 520, LOSS 224.1287044286728
"2023-05-08 18:54:45,583 [INFO] EPISODE 530, LOSS 130.81286025047302
"2023-05-08 18:54:46,824 [INFO] EPISODE 540, LOSS 468.25351881980896
"2023-05-08 18:54:48,087 [INFO] EPISODE 550, LOSS 348.66865968704224
"2023-05-08 18:54:49,320 [INFO] EPISODE 560, LOSS 292.0247195661068
"2023-05-08 18:54:50,611 [INFO] EPISODE 570, LOSS 309.9926401376724
"2023-05-08 18:54:51,881 [INFO] EPISODE 580, LOSS 234.7870022058487
"2023-05-08 18:54:53,161 [INFO] EPISODE 590, LOSS 768.1731400489807
"2023-05-08 18:54:54,493 [INFO] EPISODE 600, LOSS 407.14613914489746
"2023-05-08 18:54:55,742 [INFO] EPISODE 610, LOSS 525.9700474739075
"2023-05-08 18:54:56,969 [INFO] EPISODE 620, LOSS 557.8922419548035
"2023-05-08 18:54:57,891 [INFO] ===== ONNX SAVED at ./savemodel/X0508_0653PM/627.onnx
"2023-05-08 18:54:57,912 [INFO] ===== ONNX SAVED at ./savemodel/Y0508_0653PM/627.onnx
"2023-05-08 18:54:57,936 [INFO] ===== ONNX SAVED at ./savemodel/R0508_0653PM/627.onnx
"2023-05-08 18:54:58,292 [INFO] EPISODE 630, LOSS 120.3693285882473
"2023-05-08 18:54:59,568 [INFO] EPISODE 640, LOSS 150.13422763347626
"2023-05-08 18:55:00,854 [INFO] EPISODE 650, LOSS 1122.7126867771149
"2023-05-08 18:55:02,128 [INFO] EPISODE 660, LOSS 335.3358279466629
"2023-05-08 18:55:03,437 [INFO] EPISODE 670, LOSS 89.74582579731941
"2023-05-08 18:55:04,655 [INFO] EPISODE 680, LOSS 171.77083611488342
"2023-05-08 18:55:05,877 [INFO] EPISODE 690, LOSS 190.91534733772278
"2023-05-08 18:55:07,189 [INFO] EPISODE 700, LOSS 1311.4226105213165
"2023-05-08 18:55:08,483 [INFO] EPISODE 710, LOSS 173.6398561000824
"2023-05-08 18:55:09,728 [INFO] EPISODE 720, LOSS 291.86949276924133
"2023-05-08 18:55:10,994 [INFO] EPISODE 730, LOSS 223.71560835838318
"2023-05-08 18:55:12,244 [INFO] EPISODE 740, LOSS 282.84236240386963
"2023-05-08 18:55:13,537 [INFO] EPISODE 750, LOSS 185.1016085445881
"2023-05-08 18:55:14,807 [INFO] EPISODE 760, LOSS 500.7402816414833
"2023-05-08 18:55:16,121 [INFO] EPISODE 770, LOSS 226.0609757900238
"2023-05-08 18:55:17,541 [INFO] EPISODE 780, LOSS 2161.120926141739
"2023-05-08 18:55:18,872 [INFO] EPISODE 790, LOSS 515.2664098441601
"2023-05-08 18:55:20,174 [INFO] EPISODE 800, LOSS 161.4197518825531
"2023-05-08 18:55:21,472 [INFO] EPISODE 810, LOSS 849.0660973936319
"2023-05-08 18:55:22,736 [INFO] EPISODE 820, LOSS 140.76142305135727
"2023-05-08 18:55:23,964 [INFO] EPISODE 830, LOSS 441.95786488056183
"2023-05-08 18:55:25,256 [INFO] EPISODE 840, LOSS 100.33301818370819
"2023-05-08 18:55:26,483 [INFO] EPISODE 850, LOSS 115.23611319065094
"2023-05-08 18:55:27,737 [INFO] EPISODE 860, LOSS 350.15059530735016
"2023-05-08 18:55:28,964 [INFO] EPISODE 870, LOSS 174.79737508296967
"2023-05-08 18:55:30,205 [INFO] EPISODE 880, LOSS 129.8741248846054
"2023-05-08 18:55:31,431 [INFO] EPISODE 890, LOSS 198.80067110061646
"2023-05-08 18:55:32,733 [INFO] EPISODE 900, LOSS 171.4705734848976
"2023-05-08 18:55:33,974 [INFO] EPISODE 910, LOSS 461.6357252597809
"2023-05-08 18:55:35,205 [INFO] EPISODE 920, LOSS 247.50050258636475
"2023-05-08 18:55:36,450 [INFO] EPISODE 930, LOSS 203.79414200782776
"2023-05-08 18:55:37,699 [INFO] EPISODE 940, LOSS 347.78838071227074
"2023-05-08 18:55:38,979 [INFO] EPISODE 950, LOSS 224.8388465642929
"2023-05-08 18:55:40,223 [INFO] EPISODE 960, LOSS 148.2551551759243
"2023-05-08 18:55:41,462 [INFO] EPISODE 970, LOSS 208.8800230026245
"2023-05-08 18:55:42,258 [INFO] ===== ONNX SAVED at ./savemodel/X0508_0653PM/976.onnx
"2023-05-08 18:55:42,283 [INFO] ===== ONNX SAVED at ./savemodel/Y0508_0653PM/976.onnx
"2023-05-08 18:55:42,308 [INFO] ===== ONNX SAVED at ./savemodel/R0508_0653PM/976.onnx
"2023-05-08 18:55:42,774 [INFO] EPISODE 980, LOSS 185.3923190832138
"2023-05-08 18:55:44,010 [INFO] EPISODE 990, LOSS 267.06948179006577
"2023-05-08 18:55:45,258 [INFO] ===== ONNX SAVED at ./savemodel/X0508_0653PM/1000.onnx
"2023-05-08 18:55:45,279 [INFO] ===== ONNX SAVED at ./savemodel/Y0508_0653PM/1000.onnx
"2023-05-08 18:55:45,338 [INFO] ===== ONNX SAVED at ./savemodel/R0508_0653PM/1000.onnx
"2023-05-08 18:55:45,338 [INFO] EPISODE 1000, LOSS 195.80534720420837
"2023-05-08 18:55:46,584 [INFO] EPISODE 1010, LOSS 207.85907518863678
"2023-05-08 18:55:47,819 [INFO] EPISODE 1020, LOSS 104.46807980537415
"2023-05-08 18:55:49,058 [INFO] EPISODE 1030, LOSS 196.3018436729908
"2023-05-08 18:55:50,278 [INFO] EPISODE 1040, LOSS 310.97840172052383
"2023-05-08 18:55:51,491 [INFO] EPISODE 1050, LOSS 156.23005083203316
"2023-05-08 18:55:52,718 [INFO] EPISODE 1060, LOSS 4585.435694217682
"2023-05-08 18:55:53,981 [INFO] EPISODE 1070, LOSS 282.0095010995865
"2023-05-08 18:55:55,214 [INFO] EPISODE 1080, LOSS 951.5806243419647
"2023-05-08 18:55:56,455 [INFO] EPISODE 1090, LOSS 166.59313598275185
"2023-05-08 18:55:57,712 [INFO] EPISODE 1100, LOSS 117.53821615874767
"2023-05-08 18:55:58,971 [INFO] EPISODE 1110, LOSS 451.67470943927765
"2023-05-08 18:56:00,226 [INFO] EPISODE 1120, LOSS 143.1048394292593
"2023-05-08 18:56:01,460 [INFO] EPISODE 1130, LOSS 85.68486484885216
"2023-05-08 18:56:02,665 [INFO] EPISODE 1140, LOSS 263.7838432788849
"2023-05-08 18:56:03,951 [INFO] EPISODE 1150, LOSS 264.3209363222122
"2023-05-08 18:56:05,187 [INFO] EPISODE 1160, LOSS 565.8767591118813
"2023-05-08 18:56:06,445 [INFO] EPISODE 1170, LOSS 103.45378702878952
"2023-05-08 18:56:07,706 [INFO] EPISODE 1180, LOSS 118.87557166814804
"2023-05-08 18:56:08,937 [INFO] EPISODE 1190, LOSS 252.19796434044838
"2023-05-08 18:56:10,185 [INFO] EPISODE 1200, LOSS 205.5345113426447
"2023-05-08 18:56:11,412 [INFO] EPISODE 1210, LOSS 673.2893545627594
"2023-05-08 18:56:12,665 [INFO] EPISODE 1220, LOSS 178.5446082353592
"2023-05-08 18:56:13,894 [INFO] EPISODE 1230, LOSS 1308.5461022853851
"2023-05-08 18:56:15,142 [INFO] EPISODE 1240, LOSS 904.5207570046186
"2023-05-08 18:56:16,409 [INFO] EPISODE 1250, LOSS 172.30974051356316
"2023-05-08 18:56:17,642 [INFO] EPISODE 1260, LOSS 119.58250164985657
"2023-05-08 18:56:18,876 [INFO] EPISODE 1270, LOSS 133.85549959540367
"2023-05-08 18:56:20,123 [INFO] EPISODE 1280, LOSS 168.13441467285156
"2023-05-08 18:56:21,376 [INFO] EPISODE 1290, LOSS 104.85823856294155
"2023-05-08 18:56:22,610 [INFO] EPISODE 1300, LOSS 121.4311950802803
"2023-05-08 18:56:23,862 [INFO] EPISODE 1310, LOSS 122.67956852912903
"2023-05-08 18:56:25,141 [INFO] EPISODE 1320, LOSS 1069.163626819849
"2023-05-08 18:56:26,476 [INFO] EPISODE 1330, LOSS 287.18867778778076
"2023-05-08 18:56:27,970 [INFO] EPISODE 1340, LOSS 331.0416653752327
"2023-05-08 18:56:27,983 [INFO] train finished. 
final loss: 331.0416653752327
"2023-05-08 18:56:28,010 [INFO] ===== ONNX SAVED at ./savemodel/X0508_0653PM/FINAL100000.onnx
"2023-05-08 18:56:28,037 [INFO] ===== ONNX SAVED at ./savemodel/Y0508_0653PM/FINAL100000.onnx
"2023-05-08 18:56:28,059 [INFO] ===== ONNX SAVED at ./savemodel/R0508_0653PM/FINAL100000.onnx
