"2023-05-08 17:06:02,354 [INFO] Reporter Initialized!
"2023-05-08 17:06:02,354 [INFO] Reporter LEVEL: info
"2023-05-08 17:06:02,731 [INFO] Loaded csv data is 0507_0746PM
"2023-05-08 17:06:05,078 [INFO] None
"2023-05-08 17:06:05,078 [INFO] Device(cuda) is working for train
"2023-05-08 17:06:05,078 [INFO] Train Started
"2023-05-08 17:06:05,136 [INFO] ===== ONNX SAVED at ./savemodel/0508_0506PM/0.onnx
"2023-05-08 17:06:05,136 [INFO] ===== Saved non-trained network
"2023-05-08 17:06:05,136 [INFO] EPISODE 0, LOSS 1758.8641357421875
"2023-05-08 17:06:05,740 [INFO] ===== ONNX SAVED at ./savemodel/0508_0506PM/4.onnx
"2023-05-08 17:06:06,335 [INFO] EPISODE 10, LOSS 8.674760818481445
"2023-05-08 17:06:06,789 [INFO] ===== ONNX SAVED at ./savemodel/0508_0506PM/14.onnx
"2023-05-08 17:06:07,389 [INFO] EPISODE 20, LOSS 645.779052734375
"2023-05-08 17:06:08,414 [INFO] EPISODE 30, LOSS 3371.486328125
"2023-05-08 17:06:09,441 [INFO] EPISODE 40, LOSS 1940.88037109375
"2023-05-08 17:06:10,477 [INFO] EPISODE 50, LOSS 3.057861089706421
"2023-05-08 17:06:11,647 [INFO] EPISODE 60, LOSS 1882.012939453125
"2023-05-08 17:06:12,714 [INFO] EPISODE 70, LOSS 7.636578559875488
"2023-05-08 17:06:13,710 [INFO] EPISODE 80, LOSS 266.25848388671875
"2023-05-08 17:06:14,691 [INFO] EPISODE 90, LOSS 1977.6522216796875
"2023-05-08 17:06:15,687 [INFO] EPISODE 100, LOSS 2.597773313522339
"2023-05-08 17:06:16,663 [INFO] EPISODE 110, LOSS 4736.46923828125
"2023-05-08 17:06:17,667 [INFO] EPISODE 120, LOSS 0.6897454261779785
"2023-05-08 17:06:18,695 [INFO] EPISODE 130, LOSS 18.602996826171875
"2023-05-08 17:06:19,684 [INFO] EPISODE 140, LOSS 113.09027099609375
"2023-05-08 17:06:20,686 [INFO] EPISODE 150, LOSS 858.3471069335938
"2023-05-08 17:06:21,714 [INFO] EPISODE 160, LOSS 6.384883403778076
"2023-05-08 17:06:22,977 [INFO] EPISODE 170, LOSS 0.007846314460039139
"2023-05-08 17:06:23,833 [INFO] train finished. 
final loss: 20.621192932128906
"2023-05-08 17:06:23,923 [INFO] ===== ONNX SAVED at ./savemodel/0508_0506PM/FINAL100000.onnx
