"2023-05-10 14:38:18,556 [INFO] Reporter Initialized!
"2023-05-10 14:38:18,557 [INFO] Reporter LEVEL: info
"2023-05-10 14:38:18,557 [INFO] Usung random data
"2023-05-10 14:38:19,764 [INFO] None
"2023-05-10 14:38:19,764 [INFO] Device(cuda) is working for train
"2023-05-10 14:38:19,764 [INFO] Train Started
"2023-05-10 14:38:19,784 [INFO] ===== ONNX SAVED at ./savemodel/0510_0238PM_MY_PDE/0.onnx
"2023-05-10 14:38:19,784 [INFO] ===== Saved non-trained network
"2023-05-10 14:38:19,784 [INFO] EPISODE 0, LOSS 3.110109329223633
"2023-05-10 14:38:20,019 [INFO] ===== ONNX SAVED at ./savemodel/0510_0238PM_MY_PDE/2.onnx
"2023-05-10 14:38:20,069 [INFO] ===== ONNX SAVED at ./savemodel/0510_0238PM_MY_PDE/7.onnx
"2023-05-10 14:38:20,093 [INFO] ===== ONNX SAVED at ./savemodel/0510_0238PM_MY_PDE/8.onnx
"2023-05-10 14:38:20,114 [INFO] EPISODE 10, LOSS 3.3071563243865967
"2023-05-10 14:38:20,189 [INFO] ===== ONNX SAVED at ./savemodel/0510_0238PM_MY_PDE/12.onnx
"2023-05-10 14:38:20,205 [INFO] ===== ONNX SAVED at ./savemodel/0510_0238PM_MY_PDE/13.onnx
"2023-05-10 14:38:20,243 [INFO] ===== ONNX SAVED at ./savemodel/0510_0238PM_MY_PDE/16.onnx
"2023-05-10 14:38:20,281 [INFO] ===== ONNX SAVED at ./savemodel/0510_0238PM_MY_PDE/19.onnx
"2023-05-10 14:38:20,299 [INFO] ===== ONNX SAVED at ./savemodel/0510_0238PM_MY_PDE/20.onnx
"2023-05-10 14:38:20,299 [INFO] EPISODE 20, LOSS 0.5468695163726807
"2023-05-10 14:38:20,436 [INFO] ===== ONNX SAVED at ./savemodel/0510_0238PM_MY_PDE/28.onnx
"2023-05-10 14:38:20,454 [INFO] EPISODE 30, LOSS 0.9449323415756226
"2023-05-10 14:38:20,599 [INFO] ===== ONNX SAVED at ./savemodel/0510_0238PM_MY_PDE/40.onnx
"2023-05-10 14:38:20,599 [INFO] EPISODE 40, LOSS 0.3585122525691986
"2023-05-10 14:38:20,666 [INFO] ===== ONNX SAVED at ./savemodel/0510_0238PM_MY_PDE/41.onnx
"2023-05-10 14:38:20,683 [INFO] ===== ONNX SAVED at ./savemodel/0510_0238PM_MY_PDE/42.onnx
"2023-05-10 14:38:20,707 [INFO] ===== ONNX SAVED at ./savemodel/0510_0238PM_MY_PDE/44.onnx
"2023-05-10 14:38:20,723 [INFO] ===== ONNX SAVED at ./savemodel/0510_0238PM_MY_PDE/45.onnx
"2023-05-10 14:38:20,767 [INFO] EPISODE 50, LOSS 0.45462363958358765
"2023-05-10 14:38:20,907 [INFO] EPISODE 60, LOSS 0.253451406955719
"2023-05-10 14:38:21,042 [INFO] EPISODE 70, LOSS 0.469357967376709
"2023-05-10 14:38:21,142 [INFO] ===== ONNX SAVED at ./savemodel/0510_0238PM_MY_PDE/74.onnx
"2023-05-10 14:38:21,194 [INFO] EPISODE 80, LOSS 0.36876532435417175
"2023-05-10 14:38:21,334 [INFO] ===== ONNX SAVED at ./savemodel/0510_0238PM_MY_PDE/88.onnx
"2023-05-10 14:38:21,352 [INFO] EPISODE 90, LOSS 0.2434852421283722
"2023-05-10 14:38:21,493 [INFO] EPISODE 100, LOSS 0.1995050013065338
"2023-05-10 14:38:21,627 [INFO] EPISODE 110, LOSS 0.16174660623073578
"2023-05-10 14:38:21,762 [INFO] EPISODE 120, LOSS 0.2181629240512848
"2023-05-10 14:38:21,872 [INFO] ===== ONNX SAVED at ./savemodel/0510_0238PM_MY_PDE/126.onnx
"2023-05-10 14:38:21,906 [INFO] EPISODE 130, LOSS 0.31163108348846436
"2023-05-10 14:38:22,046 [INFO] EPISODE 140, LOSS 0.3634234666824341
"2023-05-10 14:38:22,156 [INFO] ===== ONNX SAVED at ./savemodel/0510_0238PM_MY_PDE/146.onnx
"2023-05-10 14:38:22,194 [INFO] EPISODE 150, LOSS 0.2842937111854553
"2023-05-10 14:38:22,328 [INFO] EPISODE 160, LOSS 0.36955222487449646
"2023-05-10 14:38:22,517 [INFO] EPISODE 170, LOSS 0.2555398941040039
"2023-05-10 14:38:22,655 [INFO] EPISODE 180, LOSS 0.19969749450683594
"2023-05-10 14:38:22,796 [INFO] EPISODE 190, LOSS 0.23556038737297058
"2023-05-10 14:38:22,947 [INFO] ===== ONNX SAVED at ./savemodel/0510_0238PM_MY_PDE/200.onnx
"2023-05-10 14:38:22,947 [INFO] EPISODE 200, LOSS 0.07050632685422897
"2023-05-10 14:38:23,095 [INFO] EPISODE 210, LOSS 0.3438633382320404
"2023-05-10 14:38:23,219 [INFO] EPISODE 220, LOSS 0.17647385597229004
"2023-05-10 14:38:23,356 [INFO] EPISODE 230, LOSS 0.2053133100271225
"2023-05-10 14:38:23,492 [INFO] EPISODE 240, LOSS 0.19142389297485352
"2023-05-10 14:38:23,633 [INFO] EPISODE 250, LOSS 0.14285004138946533
"2023-05-10 14:38:23,775 [INFO] EPISODE 260, LOSS 0.21219661831855774
"2023-05-10 14:38:23,907 [INFO] EPISODE 270, LOSS 0.1297624409198761
"2023-05-10 14:38:24,040 [INFO] EPISODE 280, LOSS 0.30545657873153687
"2023-05-10 14:38:24,174 [INFO] EPISODE 290, LOSS 0.3972337245941162
"2023-05-10 14:38:24,307 [INFO] EPISODE 300, LOSS 0.26181918382644653
"2023-05-10 14:38:24,444 [INFO] EPISODE 310, LOSS 0.22215533256530762
"2023-05-10 14:38:24,586 [INFO] EPISODE 320, LOSS 0.3010639548301697
"2023-05-10 14:38:24,726 [INFO] EPISODE 330, LOSS 0.19124743342399597
"2023-05-10 14:38:24,866 [INFO] EPISODE 340, LOSS 0.23872552812099457
"2023-05-10 14:38:25,001 [INFO] EPISODE 350, LOSS 0.13689905405044556
"2023-05-10 14:38:25,136 [INFO] EPISODE 360, LOSS 0.193746417760849
"2023-05-10 14:38:25,273 [INFO] EPISODE 370, LOSS 0.127919003367424
"2023-05-10 14:38:25,471 [INFO] EPISODE 380, LOSS 0.1642308533191681
"2023-05-10 14:38:25,614 [INFO] EPISODE 390, LOSS 0.15522174537181854
"2023-05-10 14:38:25,746 [INFO] EPISODE 400, LOSS 0.3374667167663574
"2023-05-10 14:38:25,885 [INFO] EPISODE 410, LOSS 0.09948126971721649
"2023-05-10 14:38:26,024 [INFO] EPISODE 420, LOSS 0.21861164271831512
"2023-05-10 14:38:26,160 [INFO] EPISODE 430, LOSS 0.1897081434726715
"2023-05-10 14:38:26,292 [INFO] EPISODE 440, LOSS 0.1627635657787323
"2023-05-10 14:38:26,422 [INFO] EPISODE 450, LOSS 0.14608067274093628
"2023-05-10 14:38:26,554 [INFO] EPISODE 460, LOSS 0.14993959665298462
"2023-05-10 14:38:26,688 [INFO] EPISODE 470, LOSS 0.14618027210235596
"2023-05-10 14:38:26,822 [INFO] EPISODE 480, LOSS 0.2403983771800995
"2023-05-10 14:38:26,952 [INFO] EPISODE 490, LOSS 0.20527490973472595
"2023-05-10 14:38:27,106 [INFO] ===== ONNX SAVED at ./savemodel/0510_0238PM_MY_PDE/500.onnx
"2023-05-10 14:38:27,106 [INFO] EPISODE 500, LOSS 0.14705416560173035
"2023-05-10 14:38:27,252 [INFO] EPISODE 510, LOSS 0.23512208461761475
"2023-05-10 14:38:27,392 [INFO] EPISODE 520, LOSS 0.1654835045337677
"2023-05-10 14:38:27,528 [INFO] EPISODE 530, LOSS 0.1506543755531311
"2023-05-10 14:38:27,666 [INFO] EPISODE 540, LOSS 0.12262463569641113
"2023-05-10 14:38:27,814 [INFO] EPISODE 550, LOSS 0.08242793381214142
"2023-05-10 14:38:27,955 [INFO] EPISODE 560, LOSS 0.22211408615112305
"2023-05-10 14:38:28,096 [INFO] EPISODE 570, LOSS 0.11779022216796875
"2023-05-10 14:38:28,238 [INFO] EPISODE 580, LOSS 0.252808541059494
"2023-05-10 14:38:28,380 [INFO] EPISODE 590, LOSS 0.22228404879570007
"2023-05-10 14:38:28,519 [INFO] EPISODE 600, LOSS 0.17703664302825928
"2023-05-10 14:38:28,710 [INFO] EPISODE 610, LOSS 0.23814146220684052
"2023-05-10 14:38:28,854 [INFO] EPISODE 620, LOSS 0.11811971664428711
"2023-05-10 14:38:28,996 [INFO] EPISODE 630, LOSS 0.28881168365478516
"2023-05-10 14:38:29,140 [INFO] EPISODE 640, LOSS 0.11170130223035812
"2023-05-10 14:38:29,286 [INFO] EPISODE 650, LOSS 0.2287694662809372
"2023-05-10 14:38:29,435 [INFO] EPISODE 660, LOSS 0.12694667279720306
"2023-05-10 14:38:29,566 [INFO] EPISODE 670, LOSS 0.0813804566860199
"2023-05-10 14:38:29,710 [INFO] EPISODE 680, LOSS 0.16666430234909058
"2023-05-10 14:38:29,849 [INFO] EPISODE 690, LOSS 0.1408475637435913
"2023-05-10 14:38:29,990 [INFO] EPISODE 700, LOSS 0.24256953597068787
"2023-05-10 14:38:30,128 [INFO] EPISODE 710, LOSS 0.1740189492702484
"2023-05-10 14:38:30,274 [INFO] EPISODE 720, LOSS 0.3023407459259033
"2023-05-10 14:38:30,418 [INFO] EPISODE 730, LOSS 0.0933423861861229
"2023-05-10 14:38:30,570 [INFO] ===== ONNX SAVED at ./savemodel/0510_0238PM_MY_PDE/740.onnx
"2023-05-10 14:38:30,570 [INFO] EPISODE 740, LOSS 0.06843133270740509
"2023-05-10 14:38:30,709 [INFO] EPISODE 750, LOSS 0.07376804947853088
"2023-05-10 14:38:30,836 [INFO] EPISODE 760, LOSS 0.2683562934398651
"2023-05-10 14:38:30,972 [INFO] EPISODE 770, LOSS 0.19712504744529724
"2023-05-10 14:38:31,120 [INFO] EPISODE 780, LOSS 0.3972419500350952
"2023-05-10 14:38:31,254 [INFO] EPISODE 790, LOSS 0.19095289707183838
"2023-05-10 14:38:31,399 [INFO] EPISODE 800, LOSS 0.14099332690238953
"2023-05-10 14:38:31,541 [INFO] EPISODE 810, LOSS 0.22309619188308716
"2023-05-10 14:38:31,736 [INFO] EPISODE 820, LOSS 0.20792719721794128
"2023-05-10 14:38:31,873 [INFO] EPISODE 830, LOSS 0.18414661288261414
"2023-05-10 14:38:32,012 [INFO] EPISODE 840, LOSS 0.3591223359107971
"2023-05-10 14:38:32,155 [INFO] EPISODE 850, LOSS 0.06996797770261765
"2023-05-10 14:38:32,293 [INFO] EPISODE 860, LOSS 0.20255713164806366
"2023-05-10 14:38:32,436 [INFO] EPISODE 870, LOSS 0.13881105184555054
"2023-05-10 14:38:32,574 [INFO] EPISODE 880, LOSS 0.17826220393180847
"2023-05-10 14:38:32,665 [INFO] ===== ONNX SAVED at ./savemodel/0510_0238PM_MY_PDE/883.onnx
"2023-05-10 14:38:32,728 [INFO] EPISODE 890, LOSS 0.22315524518489838
"2023-05-10 14:38:32,863 [INFO] EPISODE 900, LOSS 0.1747838854789734
"2023-05-10 14:38:32,995 [INFO] EPISODE 910, LOSS 0.18386928737163544
"2023-05-10 14:38:33,140 [INFO] EPISODE 920, LOSS 0.21339325606822968
"2023-05-10 14:38:33,275 [INFO] EPISODE 930, LOSS 0.10953377187252045
"2023-05-10 14:38:33,415 [INFO] EPISODE 940, LOSS 0.24717795848846436
"2023-05-10 14:38:33,563 [INFO] EPISODE 950, LOSS 0.0758674368262291
"2023-05-10 14:38:33,694 [INFO] EPISODE 960, LOSS 0.12801113724708557
"2023-05-10 14:38:33,823 [INFO] EPISODE 970, LOSS 0.1599925309419632
"2023-05-10 14:38:33,953 [INFO] EPISODE 980, LOSS 0.29616302251815796
"2023-05-10 14:38:34,086 [INFO] EPISODE 990, LOSS 0.24341189861297607
"2023-05-10 14:38:34,235 [INFO] ===== ONNX SAVED at ./savemodel/0510_0238PM_MY_PDE/1000.onnx
"2023-05-10 14:38:34,235 [INFO] EPISODE 1000, LOSS 0.32170379161834717
"2023-05-10 14:38:34,367 [INFO] EPISODE 1010, LOSS 0.11189275979995728
"2023-05-10 14:38:34,512 [INFO] EPISODE 1020, LOSS 0.2088904082775116
"2023-05-10 14:38:34,710 [INFO] EPISODE 1030, LOSS 0.2272435426712036
"2023-05-10 14:38:34,855 [INFO] EPISODE 1040, LOSS 0.1431950479745865
"2023-05-10 14:38:34,997 [INFO] EPISODE 1050, LOSS 0.2389746606349945
"2023-05-10 14:38:35,132 [INFO] EPISODE 1060, LOSS 0.11486911028623581
"2023-05-10 14:38:35,268 [INFO] EPISODE 1070, LOSS 0.24901124835014343
"2023-05-10 14:38:35,401 [INFO] EPISODE 1080, LOSS 0.28635573387145996
"2023-05-10 14:38:35,527 [INFO] EPISODE 1090, LOSS 0.15400166809558868
"2023-05-10 14:38:35,665 [INFO] EPISODE 1100, LOSS 0.23429469764232635
"2023-05-10 14:38:35,811 [INFO] EPISODE 1110, LOSS 0.23072218894958496
"2023-05-10 14:38:35,956 [INFO] EPISODE 1120, LOSS 0.1542711853981018
"2023-05-10 14:38:36,100 [INFO] EPISODE 1130, LOSS 0.28867122530937195
"2023-05-10 14:38:36,238 [INFO] EPISODE 1140, LOSS 0.2328248918056488
"2023-05-10 14:38:36,378 [INFO] EPISODE 1150, LOSS 0.07267914712429047
"2023-05-10 14:38:36,529 [INFO] EPISODE 1160, LOSS 0.33838003873825073
"2023-05-10 14:38:36,666 [INFO] EPISODE 1170, LOSS 0.16476738452911377
"2023-05-10 14:38:36,807 [INFO] EPISODE 1180, LOSS 0.12661144137382507
"2023-05-10 14:38:36,949 [INFO] EPISODE 1190, LOSS 0.0883931964635849
"2023-05-10 14:38:37,081 [INFO] EPISODE 1200, LOSS 0.16265004873275757
"2023-05-10 14:38:37,219 [INFO] EPISODE 1210, LOSS 0.14749114215373993
"2023-05-10 14:38:37,351 [INFO] EPISODE 1220, LOSS 0.14289814233779907
"2023-05-10 14:38:37,487 [INFO] EPISODE 1230, LOSS 0.18497024476528168
"2023-05-10 14:38:37,626 [INFO] EPISODE 1240, LOSS 0.17187771201133728
"2023-05-10 14:38:37,776 [INFO] EPISODE 1250, LOSS 0.15785565972328186
"2023-05-10 14:38:37,970 [INFO] EPISODE 1260, LOSS 0.13825660943984985
"2023-05-10 14:38:38,109 [INFO] EPISODE 1270, LOSS 0.13302569091320038
"2023-05-10 14:38:38,235 [INFO] EPISODE 1280, LOSS 0.20479647815227509
"2023-05-10 14:38:38,378 [INFO] EPISODE 1290, LOSS 0.12173911184072495
"2023-05-10 14:38:38,503 [INFO] EPISODE 1300, LOSS 0.09543901681900024
"2023-05-10 14:38:38,639 [INFO] EPISODE 1310, LOSS 0.3493588864803314
"2023-05-10 14:38:38,781 [INFO] EPISODE 1320, LOSS 0.20654761791229248
"2023-05-10 14:38:38,924 [INFO] ===== ONNX SAVED at ./savemodel/0510_0238PM_MY_PDE/1329.onnx
"2023-05-10 14:38:38,932 [INFO] EPISODE 1330, LOSS 0.12244240939617157
"2023-05-10 14:38:39,070 [INFO] EPISODE 1340, LOSS 0.1452132761478424
"2023-05-10 14:38:39,196 [INFO] EPISODE 1350, LOSS 0.2599653899669647
"2023-05-10 14:38:39,318 [INFO] EPISODE 1360, LOSS 0.18909183144569397
"2023-05-10 14:38:39,441 [INFO] EPISODE 1370, LOSS 0.2554644048213959
"2023-05-10 14:38:39,574 [INFO] EPISODE 1380, LOSS 0.3165489137172699
"2023-05-10 14:38:39,714 [INFO] EPISODE 1390, LOSS 0.17001274228096008
"2023-05-10 14:38:39,857 [INFO] EPISODE 1400, LOSS 0.153228759765625
"2023-05-10 14:38:39,990 [INFO] EPISODE 1410, LOSS 0.11600838601589203
"2023-05-10 14:38:40,131 [INFO] EPISODE 1420, LOSS 0.14676271378993988
"2023-05-10 14:38:40,267 [INFO] EPISODE 1430, LOSS 0.22614304721355438
"2023-05-10 14:38:40,407 [INFO] EPISODE 1440, LOSS 0.15576665103435516
"2023-05-10 14:38:40,550 [INFO] EPISODE 1450, LOSS 0.15655355155467987
"2023-05-10 14:38:40,694 [INFO] EPISODE 1460, LOSS 0.10822910070419312
"2023-05-10 14:38:40,830 [INFO] EPISODE 1470, LOSS 0.10877867043018341
"2023-05-10 14:38:40,952 [INFO] EPISODE 1480, LOSS 0.12604840099811554
"2023-05-10 14:38:41,146 [INFO] EPISODE 1490, LOSS 0.14505866169929504
"2023-05-10 14:38:41,289 [INFO] ===== ONNX SAVED at ./savemodel/0510_0238PM_MY_PDE/1500.onnx
"2023-05-10 14:38:41,289 [INFO] EPISODE 1500, LOSS 0.2375963032245636
"2023-05-10 14:38:41,424 [INFO] EPISODE 1510, LOSS 0.21805433928966522
"2023-05-10 14:38:41,565 [INFO] EPISODE 1520, LOSS 0.13259947299957275
"2023-05-10 14:38:41,705 [INFO] EPISODE 1530, LOSS 0.21345922350883484
"2023-05-10 14:38:41,844 [INFO] EPISODE 1540, LOSS 0.12285219132900238
"2023-05-10 14:38:41,979 [INFO] EPISODE 1550, LOSS 0.22525028884410858
"2023-05-10 14:38:42,120 [INFO] EPISODE 1560, LOSS 0.17451661825180054
"2023-05-10 14:38:42,261 [INFO] EPISODE 1570, LOSS 0.18450044095516205
"2023-05-10 14:38:42,398 [INFO] EPISODE 1580, LOSS 0.2549070715904236
"2023-05-10 14:38:42,533 [INFO] EPISODE 1590, LOSS 0.2023836374282837
"2023-05-10 14:38:42,670 [INFO] EPISODE 1600, LOSS 0.15495234727859497
"2023-05-10 14:38:42,804 [INFO] EPISODE 1610, LOSS 0.167427659034729
"2023-05-10 14:38:42,935 [INFO] EPISODE 1620, LOSS 0.1876564472913742
"2023-05-10 14:38:43,068 [INFO] EPISODE 1630, LOSS 0.15111765265464783
"2023-05-10 14:38:43,206 [INFO] EPISODE 1640, LOSS 0.19288921356201172
"2023-05-10 14:38:43,347 [INFO] EPISODE 1650, LOSS 0.096344493329525
"2023-05-10 14:38:43,483 [INFO] EPISODE 1660, LOSS 0.26762714982032776
"2023-05-10 14:38:43,675 [INFO] EPISODE 1670, LOSS 0.16539521515369415
"2023-05-10 14:38:43,810 [INFO] EPISODE 1680, LOSS 0.26420122385025024
"2023-05-10 14:38:43,948 [INFO] EPISODE 1690, LOSS 0.14737486839294434
"2023-05-10 14:38:44,089 [INFO] EPISODE 1700, LOSS 0.16326653957366943
"2023-05-10 14:38:44,178 [INFO] ===== ONNX SAVED at ./savemodel/0510_0238PM_MY_PDE/1703.onnx
"2023-05-10 14:38:44,237 [INFO] EPISODE 1710, LOSS 0.09776973724365234
"2023-05-10 14:38:44,371 [INFO] EPISODE 1720, LOSS 0.10003143548965454
"2023-05-10 14:38:44,504 [INFO] EPISODE 1730, LOSS 0.32049810886383057
"2023-05-10 14:38:44,641 [INFO] EPISODE 1740, LOSS 0.16138017177581787
"2023-05-10 14:38:44,785 [INFO] EPISODE 1750, LOSS 0.17232823371887207
"2023-05-10 14:38:44,920 [INFO] EPISODE 1760, LOSS 0.17374131083488464
"2023-05-10 14:38:45,059 [INFO] EPISODE 1770, LOSS 0.2185339778661728
"2023-05-10 14:38:45,197 [INFO] EPISODE 1780, LOSS 0.11048191785812378
"2023-05-10 14:38:45,339 [INFO] EPISODE 1790, LOSS 0.1532820463180542
"2023-05-10 14:38:45,465 [INFO] EPISODE 1800, LOSS 0.11789672076702118
"2023-05-10 14:38:45,590 [INFO] EPISODE 1810, LOSS 0.17804628610610962
"2023-05-10 14:38:45,727 [INFO] EPISODE 1820, LOSS 0.19048386812210083
"2023-05-10 14:38:45,872 [INFO] EPISODE 1830, LOSS 0.2587932348251343
"2023-05-10 14:38:46,009 [INFO] EPISODE 1840, LOSS 0.3824826180934906
"2023-05-10 14:38:46,149 [INFO] EPISODE 1850, LOSS 0.16235961019992828
"2023-05-10 14:38:46,286 [INFO] EPISODE 1860, LOSS 0.3499462604522705
"2023-05-10 14:38:46,428 [INFO] EPISODE 1870, LOSS 0.16991667449474335
"2023-05-10 14:38:46,614 [INFO] EPISODE 1880, LOSS 0.07843363285064697
"2023-05-10 14:38:46,760 [INFO] EPISODE 1890, LOSS 0.18717098236083984
"2023-05-10 14:38:46,906 [INFO] EPISODE 1900, LOSS 0.13358303904533386
"2023-05-10 14:38:47,034 [INFO] EPISODE 1910, LOSS 0.10584403574466705
"2023-05-10 14:38:47,172 [INFO] EPISODE 1920, LOSS 0.25452274084091187
"2023-05-10 14:38:47,313 [INFO] EPISODE 1930, LOSS 0.20147806406021118
"2023-05-10 14:38:47,445 [INFO] EPISODE 1940, LOSS 0.22227314114570618
"2023-05-10 14:38:47,580 [INFO] EPISODE 1950, LOSS 0.1277499496936798
"2023-05-10 14:38:47,721 [INFO] EPISODE 1960, LOSS 0.2276558130979538
"2023-05-10 14:38:47,863 [INFO] EPISODE 1970, LOSS 0.1547851264476776
"2023-05-10 14:38:48,000 [INFO] EPISODE 1980, LOSS 0.22315546870231628
"2023-05-10 14:38:48,135 [INFO] EPISODE 1990, LOSS 0.23748543858528137
"2023-05-10 14:38:48,278 [INFO] ===== ONNX SAVED at ./savemodel/0510_0238PM_MY_PDE/2000.onnx
"2023-05-10 14:38:48,278 [INFO] EPISODE 2000, LOSS 0.1443558931350708
"2023-05-10 14:38:48,417 [INFO] EPISODE 2010, LOSS 0.10554693639278412
"2023-05-10 14:38:48,552 [INFO] EPISODE 2020, LOSS 0.13986611366271973
"2023-05-10 14:38:48,688 [INFO] EPISODE 2030, LOSS 0.1245652288198471
"2023-05-10 14:38:48,827 [INFO] EPISODE 2040, LOSS 0.1481671929359436
"2023-05-10 14:38:48,963 [INFO] EPISODE 2050, LOSS 0.2098783701658249
"2023-05-10 14:38:49,096 [INFO] EPISODE 2060, LOSS 0.18141774833202362
"2023-05-10 14:38:49,295 [INFO] EPISODE 2070, LOSS 0.15055352449417114
"2023-05-10 14:38:49,432 [INFO] EPISODE 2080, LOSS 0.20895597338676453
"2023-05-10 14:38:49,563 [INFO] EPISODE 2090, LOSS 0.2386562079191208
"2023-05-10 14:38:49,697 [INFO] EPISODE 2100, LOSS 0.19488126039505005
"2023-05-10 14:38:49,835 [INFO] EPISODE 2110, LOSS 0.1551915407180786
"2023-05-10 14:38:49,969 [INFO] EPISODE 2120, LOSS 0.2180074155330658
"2023-05-10 14:38:50,102 [INFO] EPISODE 2130, LOSS 0.21430304646492004
"2023-05-10 14:38:50,230 [INFO] EPISODE 2140, LOSS 0.13976280391216278
"2023-05-10 14:38:50,352 [INFO] EPISODE 2150, LOSS 0.23098376393318176
"2023-05-10 14:38:50,482 [INFO] EPISODE 2160, LOSS 0.17807012796401978
"2023-05-10 14:38:50,622 [INFO] EPISODE 2170, LOSS 0.13163554668426514
"2023-05-10 14:38:50,741 [INFO] EPISODE 2180, LOSS 0.2738173305988312
"2023-05-10 14:38:50,876 [INFO] EPISODE 2190, LOSS 0.15498916804790497
"2023-05-10 14:38:51,013 [INFO] EPISODE 2200, LOSS 0.2851220369338989
"2023-05-10 14:38:51,156 [INFO] EPISODE 2210, LOSS 0.26204246282577515
"2023-05-10 14:38:51,278 [INFO] EPISODE 2220, LOSS 0.13621358573436737
"2023-05-10 14:38:51,413 [INFO] EPISODE 2230, LOSS 0.21347150206565857
"2023-05-10 14:38:51,550 [INFO] EPISODE 2240, LOSS 0.2382974475622177
"2023-05-10 14:38:51,681 [INFO] EPISODE 2250, LOSS 0.12641066312789917
"2023-05-10 14:38:51,815 [INFO] EPISODE 2260, LOSS 0.1415363848209381
"2023-05-10 14:38:51,946 [INFO] EPISODE 2270, LOSS 0.18448540568351746
"2023-05-10 14:38:52,138 [INFO] EPISODE 2280, LOSS 0.21918347477912903
"2023-05-10 14:38:52,271 [INFO] EPISODE 2290, LOSS 0.13312572240829468
"2023-05-10 14:38:52,402 [INFO] EPISODE 2300, LOSS 0.2267172783613205
"2023-05-10 14:38:52,522 [INFO] ===== ONNX SAVED at ./savemodel/0510_0238PM_MY_PDE/2307.onnx
"2023-05-10 14:38:52,547 [INFO] EPISODE 2310, LOSS 0.15824568271636963
"2023-05-10 14:38:52,680 [INFO] EPISODE 2320, LOSS 0.26525217294692993
"2023-05-10 14:38:52,815 [INFO] EPISODE 2330, LOSS 0.19082127511501312
"2023-05-10 14:38:52,959 [INFO] EPISODE 2340, LOSS 0.2629609704017639
"2023-05-10 14:38:53,097 [INFO] EPISODE 2350, LOSS 0.23059678077697754
"2023-05-10 14:38:53,231 [INFO] EPISODE 2360, LOSS 0.12443026155233383
"2023-05-10 14:38:53,362 [INFO] EPISODE 2370, LOSS 0.17848607897758484
"2023-05-10 14:38:53,499 [INFO] EPISODE 2380, LOSS 0.1249890848994255
"2023-05-10 14:38:53,623 [INFO] EPISODE 2390, LOSS 0.15521949529647827
"2023-05-10 14:38:53,768 [INFO] EPISODE 2400, LOSS 0.3318387269973755
"2023-05-10 14:38:53,904 [INFO] EPISODE 2410, LOSS 0.17967399954795837
"2023-05-10 14:38:54,045 [INFO] EPISODE 2420, LOSS 0.16250136494636536
"2023-05-10 14:38:54,183 [INFO] EPISODE 2430, LOSS 0.10448484867811203
"2023-05-10 14:38:54,320 [INFO] EPISODE 2440, LOSS 0.24954059720039368
"2023-05-10 14:38:54,458 [INFO] EPISODE 2450, LOSS 0.23137950897216797
"2023-05-10 14:38:54,594 [INFO] EPISODE 2460, LOSS 0.18756648898124695
"2023-05-10 14:38:54,729 [INFO] EPISODE 2470, LOSS 0.14973530173301697
"2023-05-10 14:38:54,871 [INFO] EPISODE 2480, LOSS 0.19520533084869385
"2023-05-10 14:38:55,012 [INFO] EPISODE 2490, LOSS 0.10893970727920532
"2023-05-10 14:38:55,216 [INFO] ===== ONNX SAVED at ./savemodel/0510_0238PM_MY_PDE/2500.onnx
"2023-05-10 14:38:55,217 [INFO] EPISODE 2500, LOSS 0.11816772818565369
"2023-05-10 14:38:55,354 [INFO] EPISODE 2510, LOSS 0.08068221807479858
"2023-05-10 14:38:55,488 [INFO] EPISODE 2520, LOSS 0.17690852284431458
"2023-05-10 14:38:55,626 [INFO] EPISODE 2530, LOSS 0.15461881458759308
"2023-05-10 14:38:55,768 [INFO] EPISODE 2540, LOSS 0.12929920852184296
"2023-05-10 14:38:55,907 [INFO] EPISODE 2550, LOSS 0.15453428030014038
"2023-05-10 14:38:56,042 [INFO] EPISODE 2560, LOSS 0.17774586379528046
"2023-05-10 14:38:56,178 [INFO] EPISODE 2570, LOSS 0.271171897649765
"2023-05-10 14:38:56,322 [INFO] EPISODE 2580, LOSS 0.21313922107219696
"2023-05-10 14:38:56,463 [INFO] EPISODE 2590, LOSS 0.08881399035453796
"2023-05-10 14:38:56,598 [INFO] EPISODE 2600, LOSS 0.1724790781736374
"2023-05-10 14:38:56,736 [INFO] EPISODE 2610, LOSS 0.1878660023212433
"2023-05-10 14:38:56,875 [INFO] EPISODE 2620, LOSS 0.2709169089794159
"2023-05-10 14:38:57,007 [INFO] EPISODE 2630, LOSS 0.16229738295078278
"2023-05-10 14:38:57,137 [INFO] EPISODE 2640, LOSS 0.16300076246261597
"2023-05-10 14:38:57,271 [INFO] EPISODE 2650, LOSS 0.2035905122756958
"2023-05-10 14:38:57,407 [INFO] EPISODE 2660, LOSS 0.1645781397819519
"2023-05-10 14:38:57,553 [INFO] ===== ONNX SAVED at ./savemodel/0510_0238PM_MY_PDE/2670.onnx
"2023-05-10 14:38:57,553 [INFO] EPISODE 2670, LOSS 0.04756469652056694
"2023-05-10 14:38:57,686 [INFO] EPISODE 2680, LOSS 0.11401443928480148
"2023-05-10 14:38:57,824 [INFO] EPISODE 2690, LOSS 0.27467775344848633
"2023-05-10 14:38:57,954 [INFO] EPISODE 2700, LOSS 0.16939696669578552
"2023-05-10 14:38:58,141 [INFO] EPISODE 2710, LOSS 0.10196764767169952
"2023-05-10 14:38:58,278 [INFO] EPISODE 2720, LOSS 0.16479220986366272
"2023-05-10 14:38:58,422 [INFO] EPISODE 2730, LOSS 0.17425793409347534
"2023-05-10 14:38:58,554 [INFO] EPISODE 2740, LOSS 0.1682453602552414
"2023-05-10 14:38:58,695 [INFO] EPISODE 2750, LOSS 0.08787449449300766
"2023-05-10 14:38:58,838 [INFO] EPISODE 2760, LOSS 0.21411430835723877
"2023-05-10 14:38:58,972 [INFO] EPISODE 2770, LOSS 0.23639270663261414
"2023-05-10 14:38:59,109 [INFO] EPISODE 2780, LOSS 0.1831708401441574
"2023-05-10 14:38:59,247 [INFO] EPISODE 2790, LOSS 0.22077767550945282
"2023-05-10 14:38:59,387 [INFO] EPISODE 2800, LOSS 0.12645654380321503
"2023-05-10 14:38:59,524 [INFO] EPISODE 2810, LOSS 0.13191795349121094
"2023-05-10 14:38:59,664 [INFO] EPISODE 2820, LOSS 0.3426639437675476
"2023-05-10 14:38:59,799 [INFO] EPISODE 2830, LOSS 0.1904100626707077
"2023-05-10 14:38:59,923 [INFO] EPISODE 2840, LOSS 0.2947414815425873
"2023-05-10 14:39:00,053 [INFO] EPISODE 2850, LOSS 0.1816454380750656
"2023-05-10 14:39:00,179 [INFO] EPISODE 2860, LOSS 0.12305836379528046
"2023-05-10 14:39:00,312 [INFO] EPISODE 2870, LOSS 0.16360914707183838
"2023-05-10 14:39:00,447 [INFO] EPISODE 2880, LOSS 0.1616298407316208
"2023-05-10 14:39:00,576 [INFO] EPISODE 2890, LOSS 0.11744523048400879
"2023-05-10 14:39:00,714 [INFO] EPISODE 2900, LOSS 0.24057123064994812
"2023-05-10 14:39:00,851 [INFO] EPISODE 2910, LOSS 0.24576030671596527
"2023-05-10 14:39:00,988 [INFO] EPISODE 2920, LOSS 0.10262458026409149
"2023-05-10 14:39:01,124 [INFO] EPISODE 2930, LOSS 0.09074833244085312
"2023-05-10 14:39:01,317 [INFO] EPISODE 2940, LOSS 0.1672084778547287
"2023-05-10 14:39:01,448 [INFO] EPISODE 2950, LOSS 0.167794868350029
"2023-05-10 14:39:01,579 [INFO] EPISODE 2960, LOSS 0.15253162384033203
"2023-05-10 14:39:01,718 [INFO] EPISODE 2970, LOSS 0.09959676116704941
"2023-05-10 14:39:01,853 [INFO] EPISODE 2980, LOSS 0.16990655660629272
"2023-05-10 14:39:01,988 [INFO] EPISODE 2990, LOSS 0.15581946074962616
"2023-05-10 14:39:02,132 [INFO] ===== ONNX SAVED at ./savemodel/0510_0238PM_MY_PDE/3000.onnx
"2023-05-10 14:39:02,132 [INFO] EPISODE 3000, LOSS 0.14411163330078125
"2023-05-10 14:39:02,267 [INFO] EPISODE 3010, LOSS 0.1675318479537964
"2023-05-10 14:39:02,411 [INFO] EPISODE 3020, LOSS 0.24574820697307587
"2023-05-10 14:39:02,552 [INFO] EPISODE 3030, LOSS 0.1574171483516693
"2023-05-10 14:39:02,664 [INFO] ===== ONNX SAVED at ./savemodel/0510_0238PM_MY_PDE/3036.onnx
"2023-05-10 14:39:02,697 [INFO] EPISODE 3040, LOSS 0.20404092967510223
"2023-05-10 14:39:02,840 [INFO] EPISODE 3050, LOSS 0.22907960414886475
"2023-05-10 14:39:02,982 [INFO] EPISODE 3060, LOSS 0.09705573320388794
"2023-05-10 14:39:03,119 [INFO] EPISODE 3070, LOSS 0.10018248856067657
"2023-05-10 14:39:03,254 [INFO] EPISODE 3080, LOSS 0.18430134654045105
"2023-05-10 14:39:03,394 [INFO] EPISODE 3090, LOSS 0.15675675868988037
"2023-05-10 14:39:03,531 [INFO] EPISODE 3100, LOSS 0.08124144375324249
"2023-05-10 14:39:03,668 [INFO] EPISODE 3110, LOSS 0.15028893947601318
"2023-05-10 14:39:03,808 [INFO] EPISODE 3120, LOSS 0.2753073573112488
"2023-05-10 14:39:03,947 [INFO] EPISODE 3130, LOSS 0.2238365113735199
"2023-05-10 14:39:04,081 [INFO] EPISODE 3140, LOSS 0.2028207629919052
"2023-05-10 14:39:04,215 [INFO] EPISODE 3150, LOSS 0.11618822813034058
"2023-05-10 14:39:04,409 [INFO] EPISODE 3160, LOSS 0.20850706100463867
"2023-05-10 14:39:04,543 [INFO] EPISODE 3170, LOSS 0.14399555325508118
"2023-05-10 14:39:04,681 [INFO] EPISODE 3180, LOSS 0.3793170154094696
"2023-05-10 14:39:04,820 [INFO] EPISODE 3190, LOSS 0.22718310356140137
"2023-05-10 14:39:04,953 [INFO] EPISODE 3200, LOSS 0.18600402772426605
"2023-05-10 14:39:05,084 [INFO] EPISODE 3210, LOSS 0.1795300841331482
"2023-05-10 14:39:05,215 [INFO] EPISODE 3220, LOSS 0.21789121627807617
"2023-05-10 14:39:05,348 [INFO] EPISODE 3230, LOSS 0.16513054072856903
"2023-05-10 14:39:05,481 [INFO] EPISODE 3240, LOSS 0.425094336271286
"2023-05-10 14:39:05,615 [INFO] EPISODE 3250, LOSS 0.5551909804344177
"2023-05-10 14:39:05,745 [INFO] EPISODE 3260, LOSS 0.13630174100399017
"2023-05-10 14:39:05,876 [INFO] EPISODE 3270, LOSS 0.13381928205490112
"2023-05-10 14:39:06,002 [INFO] EPISODE 3280, LOSS 0.23623794317245483
"2023-05-10 14:39:06,148 [INFO] EPISODE 3290, LOSS 0.1605721116065979
"2023-05-10 14:39:06,284 [INFO] EPISODE 3300, LOSS 0.3104309141635895
"2023-05-10 14:39:06,420 [INFO] EPISODE 3310, LOSS 0.38954100012779236
"2023-05-10 14:39:06,553 [INFO] EPISODE 3320, LOSS 0.13201025128364563
"2023-05-10 14:39:06,696 [INFO] EPISODE 3330, LOSS 0.2454548329114914
"2023-05-10 14:39:06,839 [INFO] EPISODE 3340, LOSS 0.09859394282102585
"2023-05-10 14:39:06,971 [INFO] EPISODE 3350, LOSS 0.1790737807750702
"2023-05-10 14:39:07,110 [INFO] EPISODE 3360, LOSS 0.17074280977249146
"2023-05-10 14:39:07,303 [INFO] EPISODE 3370, LOSS 0.1453060358762741
"2023-05-10 14:39:07,440 [INFO] EPISODE 3380, LOSS 0.15834254026412964
"2023-05-10 14:39:07,576 [INFO] EPISODE 3390, LOSS 0.13759492337703705
"2023-05-10 14:39:07,718 [INFO] EPISODE 3400, LOSS 0.1591329723596573
"2023-05-10 14:39:07,861 [INFO] EPISODE 3410, LOSS 0.13272333145141602
"2023-05-10 14:39:08,001 [INFO] EPISODE 3420, LOSS 0.0678774043917656
"2023-05-10 14:39:08,144 [INFO] EPISODE 3430, LOSS 0.1843576431274414
"2023-05-10 14:39:08,285 [INFO] EPISODE 3440, LOSS 0.11837055534124374
"2023-05-10 14:39:08,431 [INFO] EPISODE 3450, LOSS 0.06976620852947235
"2023-05-10 14:39:08,572 [INFO] EPISODE 3460, LOSS 0.31564557552337646
"2023-05-10 14:39:08,718 [INFO] EPISODE 3470, LOSS 0.2103521078824997
"2023-05-10 14:39:08,868 [INFO] EPISODE 3480, LOSS 0.12941309809684753
"2023-05-10 14:39:09,015 [INFO] EPISODE 3490, LOSS 0.3167247474193573
"2023-05-10 14:39:09,154 [INFO] ===== ONNX SAVED at ./savemodel/0510_0238PM_MY_PDE/3500.onnx
"2023-05-10 14:39:09,154 [INFO] EPISODE 3500, LOSS 0.09626474231481552
"2023-05-10 14:39:09,291 [INFO] EPISODE 3510, LOSS 0.12128244340419769
"2023-05-10 14:39:09,441 [INFO] EPISODE 3520, LOSS 0.22744068503379822
"2023-05-10 14:39:09,584 [INFO] EPISODE 3530, LOSS 0.24652652442455292
"2023-05-10 14:39:09,724 [INFO] EPISODE 3540, LOSS 0.14558546245098114
"2023-05-10 14:39:09,864 [INFO] EPISODE 3550, LOSS 0.19293993711471558
"2023-05-10 14:39:10,057 [INFO] EPISODE 3560, LOSS 0.18483582139015198
"2023-05-10 14:39:10,196 [INFO] EPISODE 3570, LOSS 0.20962953567504883
"2023-05-10 14:39:10,339 [INFO] EPISODE 3580, LOSS 0.15949374437332153
"2023-05-10 14:39:10,483 [INFO] EPISODE 3590, LOSS 0.08660268038511276
"2023-05-10 14:39:10,626 [INFO] EPISODE 3600, LOSS 0.39601489901542664
"2023-05-10 14:39:10,759 [INFO] EPISODE 3610, LOSS 0.17989492416381836
"2023-05-10 14:39:10,892 [INFO] EPISODE 3620, LOSS 0.21068672835826874
"2023-05-10 14:39:11,033 [INFO] EPISODE 3630, LOSS 0.12175868451595306
"2023-05-10 14:39:11,168 [INFO] EPISODE 3640, LOSS 0.1488458216190338
"2023-05-10 14:39:11,304 [INFO] EPISODE 3650, LOSS 0.2608930170536041
"2023-05-10 14:39:11,447 [INFO] EPISODE 3660, LOSS 0.15423229336738586
"2023-05-10 14:39:11,576 [INFO] EPISODE 3670, LOSS 0.08934314548969269
"2023-05-10 14:39:11,714 [INFO] EPISODE 3680, LOSS 0.1221037358045578
"2023-05-10 14:39:11,850 [INFO] EPISODE 3690, LOSS 0.14939484000205994
"2023-05-10 14:39:11,988 [INFO] EPISODE 3700, LOSS 0.22457298636436462
"2023-05-10 14:39:12,122 [INFO] EPISODE 3710, LOSS 0.11374443024396896
"2023-05-10 14:39:12,251 [INFO] EPISODE 3720, LOSS 0.153464674949646
"2023-05-10 14:39:12,378 [INFO] EPISODE 3730, LOSS 0.14028756320476532
"2023-05-10 14:39:12,518 [INFO] EPISODE 3740, LOSS 0.09264813363552094
"2023-05-10 14:39:12,658 [INFO] EPISODE 3750, LOSS 0.14462752640247345
"2023-05-10 14:39:12,799 [INFO] EPISODE 3760, LOSS 0.3678443133831024
"2023-05-10 14:39:12,989 [INFO] EPISODE 3770, LOSS 0.1655212640762329
"2023-05-10 14:39:13,132 [INFO] EPISODE 3780, LOSS 0.10793501138687134
"2023-05-10 14:39:13,277 [INFO] EPISODE 3790, LOSS 0.18613600730895996
"2023-05-10 14:39:13,416 [INFO] EPISODE 3800, LOSS 0.14359790086746216
"2023-05-10 14:39:13,555 [INFO] EPISODE 3810, LOSS 0.1671951711177826
"2023-05-10 14:39:13,681 [INFO] EPISODE 3820, LOSS 0.16836202144622803
"2023-05-10 14:39:13,813 [INFO] EPISODE 3830, LOSS 0.21574783325195312
"2023-05-10 14:39:13,955 [INFO] EPISODE 3840, LOSS 0.21090909838676453
"2023-05-10 14:39:14,087 [INFO] EPISODE 3850, LOSS 0.18877509236335754
"2023-05-10 14:39:14,219 [INFO] EPISODE 3860, LOSS 0.13836291432380676
"2023-05-10 14:39:14,350 [INFO] EPISODE 3870, LOSS 0.21145866811275482
"2023-05-10 14:39:14,482 [INFO] EPISODE 3880, LOSS 0.10537134110927582
"2023-05-10 14:39:14,613 [INFO] EPISODE 3890, LOSS 0.18274551630020142
"2023-05-10 14:39:14,742 [INFO] EPISODE 3900, LOSS 0.172746941447258
"2023-05-10 14:39:14,873 [INFO] EPISODE 3910, LOSS 0.2706354856491089
"2023-05-10 14:39:15,014 [INFO] EPISODE 3920, LOSS 0.15697631239891052
"2023-05-10 14:39:15,159 [INFO] EPISODE 3930, LOSS 0.24911987781524658
"2023-05-10 14:39:15,294 [INFO] EPISODE 3940, LOSS 0.23054930567741394
"2023-05-10 14:39:15,437 [INFO] EPISODE 3950, LOSS 0.1785719096660614
"2023-05-10 14:39:15,623 [INFO] EPISODE 3960, LOSS 0.21821479499340057
"2023-05-10 14:39:15,761 [INFO] EPISODE 3970, LOSS 0.141174778342247
"2023-05-10 14:39:15,903 [INFO] EPISODE 3980, LOSS 0.3669905364513397
"2023-05-10 14:39:16,040 [INFO] EPISODE 3990, LOSS 0.16233102977275848
"2023-05-10 14:39:16,187 [INFO] ===== ONNX SAVED at ./savemodel/0510_0238PM_MY_PDE/4000.onnx
"2023-05-10 14:39:16,187 [INFO] EPISODE 4000, LOSS 0.11334361881017685
"2023-05-10 14:39:16,325 [INFO] EPISODE 4010, LOSS 0.2181757539510727
"2023-05-10 14:39:16,459 [INFO] EPISODE 4020, LOSS 0.19925177097320557
"2023-05-10 14:39:16,595 [INFO] EPISODE 4030, LOSS 0.15764173865318298
"2023-05-10 14:39:16,735 [INFO] EPISODE 4040, LOSS 0.09723131358623505
"2023-05-10 14:39:16,876 [INFO] EPISODE 4050, LOSS 0.14810842275619507
"2023-05-10 14:39:17,012 [INFO] EPISODE 4060, LOSS 0.332206130027771
"2023-05-10 14:39:17,159 [INFO] EPISODE 4070, LOSS 0.12557218968868256
"2023-05-10 14:39:17,303 [INFO] EPISODE 4080, LOSS 0.26050978899002075
"2023-05-10 14:39:17,443 [INFO] EPISODE 4090, LOSS 0.14975093305110931
"2023-05-10 14:39:17,581 [INFO] EPISODE 4100, LOSS 0.2277408093214035
"2023-05-10 14:39:17,715 [INFO] EPISODE 4110, LOSS 0.23184095323085785
"2023-05-10 14:39:17,839 [INFO] EPISODE 4120, LOSS 0.29229700565338135
"2023-05-10 14:39:17,961 [INFO] EPISODE 4130, LOSS 0.42822906374931335
"2023-05-10 14:39:18,147 [INFO] EPISODE 4140, LOSS 0.15376552939414978
"2023-05-10 14:39:18,282 [INFO] EPISODE 4150, LOSS 0.13299542665481567
"2023-05-10 14:39:18,416 [INFO] EPISODE 4160, LOSS 0.09970226883888245
"2023-05-10 14:39:18,558 [INFO] EPISODE 4170, LOSS 0.1435747593641281
"2023-05-10 14:39:18,694 [INFO] EPISODE 4180, LOSS 0.2350502908229828
"2023-05-10 14:39:18,831 [INFO] EPISODE 4190, LOSS 0.1643904149532318
"2023-05-10 14:39:18,965 [INFO] EPISODE 4200, LOSS 0.16504411399364471
"2023-05-10 14:39:19,108 [INFO] EPISODE 4210, LOSS 0.1401335597038269
"2023-05-10 14:39:19,250 [INFO] EPISODE 4220, LOSS 0.08502074331045151
"2023-05-10 14:39:19,395 [INFO] EPISODE 4230, LOSS 0.09855195879936218
"2023-05-10 14:39:19,532 [INFO] EPISODE 4240, LOSS 0.24032124876976013
"2023-05-10 14:39:19,669 [INFO] EPISODE 4250, LOSS 0.06442517787218094
"2023-05-10 14:39:19,807 [INFO] EPISODE 4260, LOSS 0.14771293103694916
"2023-05-10 14:39:19,948 [INFO] EPISODE 4270, LOSS 0.2117040455341339
"2023-05-10 14:39:20,079 [INFO] EPISODE 4280, LOSS 0.3325670659542084
"2023-05-10 14:39:20,208 [INFO] EPISODE 4290, LOSS 0.18597540259361267
"2023-05-10 14:39:20,335 [INFO] EPISODE 4300, LOSS 0.27079856395721436
"2023-05-10 14:39:20,465 [INFO] EPISODE 4310, LOSS 0.06529145687818527
"2023-05-10 14:39:20,597 [INFO] EPISODE 4320, LOSS 0.2227785587310791
"2023-05-10 14:39:20,722 [INFO] EPISODE 4330, LOSS 0.10825475305318832
"2023-05-10 14:39:20,850 [INFO] EPISODE 4340, LOSS 0.19528967142105103
"2023-05-10 14:39:20,990 [INFO] EPISODE 4350, LOSS 0.11915485560894012
"2023-05-10 14:39:21,185 [INFO] EPISODE 4360, LOSS 0.17506472766399384
"2023-05-10 14:39:21,322 [INFO] EPISODE 4370, LOSS 0.21340660750865936
"2023-05-10 14:39:21,458 [INFO] EPISODE 4380, LOSS 0.14823348820209503
"2023-05-10 14:39:21,591 [INFO] EPISODE 4390, LOSS 0.15814195573329926
"2023-05-10 14:39:21,725 [INFO] EPISODE 4400, LOSS 0.123392254114151
"2023-05-10 14:39:21,861 [INFO] EPISODE 4410, LOSS 0.15591929852962494
"2023-05-10 14:39:21,999 [INFO] EPISODE 4420, LOSS 0.14811375737190247
"2023-05-10 14:39:22,138 [INFO] EPISODE 4430, LOSS 0.11410878598690033
"2023-05-10 14:39:22,266 [INFO] EPISODE 4440, LOSS 0.13036638498306274
"2023-05-10 14:39:22,404 [INFO] EPISODE 4450, LOSS 0.14578717947006226
"2023-05-10 14:39:22,544 [INFO] EPISODE 4460, LOSS 0.12928728759288788
"2023-05-10 14:39:22,685 [INFO] EPISODE 4470, LOSS 0.37044721841812134
"2023-05-10 14:39:22,818 [INFO] EPISODE 4480, LOSS 0.15041416883468628
"2023-05-10 14:39:22,957 [INFO] EPISODE 4490, LOSS 0.1659664511680603
"2023-05-10 14:39:23,108 [INFO] ===== ONNX SAVED at ./savemodel/0510_0238PM_MY_PDE/4500.onnx
"2023-05-10 14:39:23,109 [INFO] EPISODE 4500, LOSS 0.17033112049102783
"2023-05-10 14:39:23,247 [INFO] EPISODE 4510, LOSS 0.13567152619361877
"2023-05-10 14:39:23,384 [INFO] EPISODE 4520, LOSS 0.1513533592224121
"2023-05-10 14:39:23,522 [INFO] EPISODE 4530, LOSS 0.11041717231273651
"2023-05-10 14:39:23,658 [INFO] EPISODE 4540, LOSS 0.09488910436630249
"2023-05-10 14:39:23,799 [INFO] EPISODE 4550, LOSS 0.10876020044088364
"2023-05-10 14:39:23,937 [INFO] EPISODE 4560, LOSS 0.1528821587562561
"2023-05-10 14:39:24,065 [INFO] EPISODE 4570, LOSS 0.09897276014089584
"2023-05-10 14:39:24,204 [INFO] EPISODE 4580, LOSS 0.17366783320903778
"2023-05-10 14:39:24,399 [INFO] EPISODE 4590, LOSS 0.10012709349393845
"2023-05-10 14:39:24,534 [INFO] EPISODE 4600, LOSS 0.1892785131931305
"2023-05-10 14:39:24,660 [INFO] EPISODE 4610, LOSS 0.12520445883274078
"2023-05-10 14:39:24,792 [INFO] EPISODE 4620, LOSS 0.07238790392875671
"2023-05-10 14:39:24,918 [INFO] EPISODE 4630, LOSS 0.31149744987487793
"2023-05-10 14:39:25,051 [INFO] EPISODE 4640, LOSS 0.22712759673595428
"2023-05-10 14:39:25,181 [INFO] EPISODE 4650, LOSS 0.28800469636917114
"2023-05-10 14:39:25,323 [INFO] EPISODE 4660, LOSS 0.22393307089805603
"2023-05-10 14:39:25,464 [INFO] EPISODE 4670, LOSS 0.2757890224456787
"2023-05-10 14:39:25,599 [INFO] EPISODE 4680, LOSS 0.13014551997184753
"2023-05-10 14:39:25,741 [INFO] EPISODE 4690, LOSS 0.2730891704559326
"2023-05-10 14:39:25,871 [INFO] EPISODE 4700, LOSS 0.2193940132856369
"2023-05-10 14:39:26,013 [INFO] EPISODE 4710, LOSS 0.10633853077888489
"2023-05-10 14:39:26,144 [INFO] EPISODE 4720, LOSS 0.30739760398864746
"2023-05-10 14:39:26,273 [INFO] EPISODE 4730, LOSS 0.2530132234096527
"2023-05-10 14:39:26,406 [INFO] EPISODE 4740, LOSS 0.15756171941757202
"2023-05-10 14:39:26,534 [INFO] EPISODE 4750, LOSS 0.16025887429714203
"2023-05-10 14:39:26,661 [INFO] EPISODE 4760, LOSS 0.22241473197937012
"2023-05-10 14:39:26,788 [INFO] EPISODE 4770, LOSS 0.22297930717468262
"2023-05-10 14:39:26,918 [INFO] EPISODE 4780, LOSS 0.19286267459392548
"2023-05-10 14:39:27,059 [INFO] EPISODE 4790, LOSS 0.2221272885799408
"2023-05-10 14:39:27,201 [INFO] EPISODE 4800, LOSS 0.16490446031093597
"2023-05-10 14:39:27,340 [INFO] EPISODE 4810, LOSS 0.17962881922721863
"2023-05-10 14:39:27,519 [INFO] EPISODE 4820, LOSS 0.1913197934627533
"2023-05-10 14:39:27,657 [INFO] EPISODE 4830, LOSS 0.0597023069858551
"2023-05-10 14:39:27,795 [INFO] EPISODE 4840, LOSS 0.23934154212474823
"2023-05-10 14:39:27,937 [INFO] EPISODE 4850, LOSS 0.21879076957702637
"2023-05-10 14:39:28,081 [INFO] EPISODE 4860, LOSS 0.18022188544273376
"2023-05-10 14:39:28,217 [INFO] EPISODE 4870, LOSS 0.1711459457874298
"2023-05-10 14:39:28,353 [INFO] EPISODE 4880, LOSS 0.2665426731109619
"2023-05-10 14:39:28,488 [INFO] EPISODE 4890, LOSS 0.15310706198215485
"2023-05-10 14:39:28,624 [INFO] EPISODE 4900, LOSS 0.13619762659072876
"2023-05-10 14:39:28,759 [INFO] EPISODE 4910, LOSS 0.15754328668117523
"2023-05-10 14:39:28,892 [INFO] EPISODE 4920, LOSS 0.09264576435089111
"2023-05-10 14:39:29,028 [INFO] EPISODE 4930, LOSS 0.16077417135238647
"2023-05-10 14:39:29,166 [INFO] EPISODE 4940, LOSS 0.09727306663990021
"2023-05-10 14:39:29,305 [INFO] EPISODE 4950, LOSS 0.09503118693828583
"2023-05-10 14:39:29,442 [INFO] EPISODE 4960, LOSS 0.12842786312103271
"2023-05-10 14:39:29,583 [INFO] EPISODE 4970, LOSS 0.21772675216197968
"2023-05-10 14:39:29,720 [INFO] EPISODE 4980, LOSS 0.10884223878383636
"2023-05-10 14:39:29,855 [INFO] EPISODE 4990, LOSS 0.12304209917783737
"2023-05-10 14:39:30,001 [INFO] ===== ONNX SAVED at ./savemodel/0510_0238PM_MY_PDE/5000.onnx
"2023-05-10 14:39:30,001 [INFO] EPISODE 5000, LOSS 0.28688663244247437
"2023-05-10 14:39:30,139 [INFO] EPISODE 5010, LOSS 0.12327688932418823
"2023-05-10 14:39:30,274 [INFO] EPISODE 5020, LOSS 0.13716010749340057
"2023-05-10 14:39:30,411 [INFO] EPISODE 5030, LOSS 0.0967773050069809
"2023-05-10 14:39:30,555 [INFO] EPISODE 5040, LOSS 0.1114710196852684
"2023-05-10 14:39:30,750 [INFO] EPISODE 5050, LOSS 0.07822613418102264
"2023-05-10 14:39:30,888 [INFO] EPISODE 5060, LOSS 0.16792604327201843
"2023-05-10 14:39:31,029 [INFO] EPISODE 5070, LOSS 0.24423520267009735
"2023-05-10 14:39:31,173 [INFO] EPISODE 5080, LOSS 0.20010177791118622
"2023-05-10 14:39:31,313 [INFO] EPISODE 5090, LOSS 0.10606253147125244
"2023-05-10 14:39:31,452 [INFO] EPISODE 5100, LOSS 0.21770428121089935
"2023-05-10 14:39:31,588 [INFO] EPISODE 5110, LOSS 0.08884084224700928
"2023-05-10 14:39:31,729 [INFO] EPISODE 5120, LOSS 0.19528894126415253
"2023-05-10 14:39:31,861 [INFO] EPISODE 5130, LOSS 0.1522873044013977
"2023-05-10 14:39:31,995 [INFO] EPISODE 5140, LOSS 0.13569340109825134
"2023-05-10 14:39:32,136 [INFO] EPISODE 5150, LOSS 0.07703942805528641
"2023-05-10 14:39:32,272 [INFO] EPISODE 5160, LOSS 0.14959873259067535
"2023-05-10 14:39:32,409 [INFO] EPISODE 5170, LOSS 0.12614546716213226
"2023-05-10 14:39:32,547 [INFO] EPISODE 5180, LOSS 0.20793357491493225
"2023-05-10 14:39:32,682 [INFO] EPISODE 5190, LOSS 0.21430552005767822
"2023-05-10 14:39:32,817 [INFO] EPISODE 5200, LOSS 0.06468357890844345
"2023-05-10 14:39:32,955 [INFO] EPISODE 5210, LOSS 0.1465112417936325
"2023-05-10 14:39:33,095 [INFO] EPISODE 5220, LOSS 0.16183826327323914
"2023-05-10 14:39:33,232 [INFO] EPISODE 5230, LOSS 0.16201552748680115
"2023-05-10 14:39:33,369 [INFO] EPISODE 5240, LOSS 0.09669363498687744
"2023-05-10 14:39:33,507 [INFO] EPISODE 5250, LOSS 0.17485633492469788
"2023-05-10 14:39:33,642 [INFO] EPISODE 5260, LOSS 0.19684986770153046
"2023-05-10 14:39:33,782 [INFO] EPISODE 5270, LOSS 0.2962076663970947
"2023-05-10 14:39:33,975 [INFO] EPISODE 5280, LOSS 0.10372986644506454
"2023-05-10 14:39:34,112 [INFO] EPISODE 5290, LOSS 0.0996260866522789
"2023-05-10 14:39:34,250 [INFO] EPISODE 5300, LOSS 0.153004989027977
"2023-05-10 14:39:34,386 [INFO] EPISODE 5310, LOSS 0.07907166332006454
"2023-05-10 14:39:34,526 [INFO] EPISODE 5320, LOSS 0.19368192553520203
"2023-05-10 14:39:34,666 [INFO] EPISODE 5330, LOSS 0.13057726621627808
"2023-05-10 14:39:34,798 [INFO] EPISODE 5340, LOSS 0.2110455483198166
"2023-05-10 14:39:34,936 [INFO] EPISODE 5350, LOSS 0.12473046034574509
"2023-05-10 14:39:35,074 [INFO] EPISODE 5360, LOSS 0.16573193669319153
"2023-05-10 14:39:35,215 [INFO] EPISODE 5370, LOSS 0.18030939996242523
"2023-05-10 14:39:35,353 [INFO] EPISODE 5380, LOSS 0.10093306750059128
"2023-05-10 14:39:35,488 [INFO] EPISODE 5390, LOSS 0.1575014293193817
"2023-05-10 14:39:35,623 [INFO] EPISODE 5400, LOSS 0.06324943900108337
"2023-05-10 14:39:35,759 [INFO] EPISODE 5410, LOSS 0.2136760652065277
"2023-05-10 14:39:35,896 [INFO] EPISODE 5420, LOSS 0.15731047093868256
"2023-05-10 14:39:36,036 [INFO] EPISODE 5430, LOSS 0.15855665504932404
"2023-05-10 14:39:36,171 [INFO] EPISODE 5440, LOSS 0.16745084524154663
"2023-05-10 14:39:36,307 [INFO] EPISODE 5450, LOSS 0.14851579070091248
"2023-05-10 14:39:36,442 [INFO] EPISODE 5460, LOSS 0.10330580919981003
"2023-05-10 14:39:36,584 [INFO] EPISODE 5470, LOSS 0.11185227334499359
"2023-05-10 14:39:36,722 [INFO] EPISODE 5480, LOSS 0.16333770751953125
"2023-05-10 14:39:36,910 [INFO] EPISODE 5490, LOSS 0.1568194478750229
"2023-05-10 14:39:37,061 [INFO] ===== ONNX SAVED at ./savemodel/0510_0238PM_MY_PDE/5500.onnx
"2023-05-10 14:39:37,061 [INFO] EPISODE 5500, LOSS 0.17929618060588837
"2023-05-10 14:39:37,198 [INFO] EPISODE 5510, LOSS 0.27630868554115295
"2023-05-10 14:39:37,336 [INFO] EPISODE 5520, LOSS 0.13817453384399414
"2023-05-10 14:39:37,475 [INFO] EPISODE 5530, LOSS 0.14468425512313843
"2023-05-10 14:39:37,613 [INFO] EPISODE 5540, LOSS 0.13555213809013367
"2023-05-10 14:39:37,748 [INFO] EPISODE 5550, LOSS 0.2951916456222534
"2023-05-10 14:39:37,890 [INFO] EPISODE 5560, LOSS 0.18649330735206604
"2023-05-10 14:39:38,028 [INFO] EPISODE 5570, LOSS 0.16777989268302917
"2023-05-10 14:39:38,170 [INFO] EPISODE 5580, LOSS 0.13478843867778778
"2023-05-10 14:39:38,305 [INFO] EPISODE 5590, LOSS 0.1441560685634613
"2023-05-10 14:39:38,444 [INFO] EPISODE 5600, LOSS 0.23037609457969666
"2023-05-10 14:39:38,576 [INFO] EPISODE 5610, LOSS 0.17105302214622498
"2023-05-10 14:39:38,707 [INFO] EPISODE 5620, LOSS 0.14990262687206268
"2023-05-10 14:39:38,836 [INFO] EPISODE 5630, LOSS 0.2535027265548706
"2023-05-10 14:39:38,978 [INFO] EPISODE 5640, LOSS 0.12601026892662048
"2023-05-10 14:39:39,115 [INFO] EPISODE 5650, LOSS 0.24058406054973602
"2023-05-10 14:39:39,251 [INFO] EPISODE 5660, LOSS 0.20563970506191254
"2023-05-10 14:39:39,386 [INFO] EPISODE 5670, LOSS 0.18185681104660034
"2023-05-10 14:39:39,522 [INFO] EPISODE 5680, LOSS 0.17275504767894745
"2023-05-10 14:39:39,660 [INFO] EPISODE 5690, LOSS 0.18483683466911316
"2023-05-10 14:39:39,798 [INFO] EPISODE 5700, LOSS 0.23674315214157104
"2023-05-10 14:39:39,933 [INFO] EPISODE 5710, LOSS 0.2187185287475586
"2023-05-10 14:39:40,124 [INFO] EPISODE 5720, LOSS 0.1658114343881607
"2023-05-10 14:39:40,261 [INFO] EPISODE 5730, LOSS 0.2709989845752716
"2023-05-10 14:39:40,400 [INFO] EPISODE 5740, LOSS 0.2283901423215866
"2023-05-10 14:39:40,534 [INFO] EPISODE 5750, LOSS 0.17823180556297302
"2023-05-10 14:39:40,673 [INFO] EPISODE 5760, LOSS 0.09412245452404022
"2023-05-10 14:39:40,809 [INFO] EPISODE 5770, LOSS 0.07625088095664978
"2023-05-10 14:39:40,942 [INFO] EPISODE 5780, LOSS 0.1291787028312683
"2023-05-10 14:39:41,076 [INFO] EPISODE 5790, LOSS 0.2910272479057312
"2023-05-10 14:39:41,212 [INFO] EPISODE 5800, LOSS 0.17256006598472595
"2023-05-10 14:39:41,353 [INFO] EPISODE 5810, LOSS 0.15713845193386078
"2023-05-10 14:39:41,489 [INFO] EPISODE 5820, LOSS 0.23846900463104248
"2023-05-10 14:39:41,627 [INFO] EPISODE 5830, LOSS 0.16361527144908905
"2023-05-10 14:39:41,766 [INFO] EPISODE 5840, LOSS 0.2764274775981903
"2023-05-10 14:39:41,903 [INFO] EPISODE 5850, LOSS 0.25996291637420654
"2023-05-10 14:39:42,042 [INFO] EPISODE 5860, LOSS 0.30527937412261963
"2023-05-10 14:39:42,182 [INFO] EPISODE 5870, LOSS 0.10349945724010468
"2023-05-10 14:39:42,319 [INFO] EPISODE 5880, LOSS 0.14177915453910828
"2023-05-10 14:39:42,456 [INFO] EPISODE 5890, LOSS 0.1285194456577301
"2023-05-10 14:39:42,592 [INFO] EPISODE 5900, LOSS 0.3165324330329895
"2023-05-10 14:39:42,731 [INFO] EPISODE 5910, LOSS 0.21119406819343567
"2023-05-10 14:39:42,868 [INFO] EPISODE 5920, LOSS 0.4638458490371704
"2023-05-10 14:39:43,057 [INFO] EPISODE 5930, LOSS 0.1595788300037384
"2023-05-10 14:39:43,194 [INFO] EPISODE 5940, LOSS 0.20403335988521576
"2023-05-10 14:39:43,335 [INFO] EPISODE 5950, LOSS 0.15209762752056122
"2023-05-10 14:39:43,477 [INFO] EPISODE 5960, LOSS 0.11615511029958725
"2023-05-10 14:39:43,610 [INFO] EPISODE 5970, LOSS 0.08802589029073715
"2023-05-10 14:39:43,746 [INFO] EPISODE 5980, LOSS 0.09717491269111633
"2023-05-10 14:39:43,888 [INFO] EPISODE 5990, LOSS 0.17613272368907928
"2023-05-10 14:39:44,040 [INFO] ===== ONNX SAVED at ./savemodel/0510_0238PM_MY_PDE/6000.onnx
"2023-05-10 14:39:44,040 [INFO] EPISODE 6000, LOSS 0.2619245648384094
"2023-05-10 14:39:44,177 [INFO] EPISODE 6010, LOSS 0.10375281423330307
"2023-05-10 14:39:44,317 [INFO] EPISODE 6020, LOSS 0.14881011843681335
"2023-05-10 14:39:44,455 [INFO] EPISODE 6030, LOSS 0.16272543370723724
"2023-05-10 14:39:44,588 [INFO] EPISODE 6040, LOSS 0.18407949805259705
"2023-05-10 14:39:44,731 [INFO] EPISODE 6050, LOSS 0.163408562541008
"2023-05-10 14:39:44,871 [INFO] EPISODE 6060, LOSS 0.12982362508773804
"2023-05-10 14:39:45,008 [INFO] EPISODE 6070, LOSS 0.21045780181884766
"2023-05-10 14:39:45,146 [INFO] EPISODE 6080, LOSS 0.1380213350057602
"2023-05-10 14:39:45,288 [INFO] EPISODE 6090, LOSS 0.07401573657989502
"2023-05-10 14:39:45,428 [INFO] EPISODE 6100, LOSS 0.1731061190366745
"2023-05-10 14:39:45,563 [INFO] EPISODE 6110, LOSS 0.1762695014476776
"2023-05-10 14:39:45,703 [INFO] EPISODE 6120, LOSS 0.20145821571350098
"2023-05-10 14:39:45,839 [INFO] EPISODE 6130, LOSS 0.1639946699142456
"2023-05-10 14:39:45,973 [INFO] EPISODE 6140, LOSS 0.21299466490745544
"2023-05-10 14:39:46,152 [INFO] EPISODE 6150, LOSS 0.300453245639801
"2023-05-10 14:39:46,293 [INFO] EPISODE 6160, LOSS 0.13110783696174622
"2023-05-10 14:39:46,429 [INFO] EPISODE 6170, LOSS 0.21859252452850342
"2023-05-10 14:39:46,573 [INFO] EPISODE 6180, LOSS 0.10225077718496323
"2023-05-10 14:39:46,712 [INFO] EPISODE 6190, LOSS 0.18167418241500854
"2023-05-10 14:39:46,851 [INFO] EPISODE 6200, LOSS 0.2735399603843689
"2023-05-10 14:39:46,996 [INFO] EPISODE 6210, LOSS 0.07370195537805557
"2023-05-10 14:39:47,149 [INFO] EPISODE 6220, LOSS 0.15570199489593506
"2023-05-10 14:39:47,292 [INFO] EPISODE 6230, LOSS 0.13643531501293182
"2023-05-10 14:39:47,428 [INFO] EPISODE 6240, LOSS 0.07867608219385147
"2023-05-10 14:39:47,565 [INFO] EPISODE 6250, LOSS 0.15434890985488892
"2023-05-10 14:39:47,704 [INFO] EPISODE 6260, LOSS 0.0762748271226883
"2023-05-10 14:39:47,844 [INFO] EPISODE 6270, LOSS 0.15826815366744995
"2023-05-10 14:39:47,988 [INFO] EPISODE 6280, LOSS 0.16139566898345947
"2023-05-10 14:39:48,122 [INFO] EPISODE 6290, LOSS 0.2781345248222351
"2023-05-10 14:39:48,255 [INFO] EPISODE 6300, LOSS 0.16355443000793457
"2023-05-10 14:39:48,399 [INFO] EPISODE 6310, LOSS 0.10039892047643661
"2023-05-10 14:39:48,539 [INFO] EPISODE 6320, LOSS 0.22931937873363495
"2023-05-10 14:39:48,683 [INFO] EPISODE 6330, LOSS 0.1643364578485489
"2023-05-10 14:39:48,828 [INFO] EPISODE 6340, LOSS 0.19060885906219482
"2023-05-10 14:39:48,969 [INFO] EPISODE 6350, LOSS 0.0677277147769928
"2023-05-10 14:39:49,169 [INFO] EPISODE 6360, LOSS 0.1089802235364914
"2023-05-10 14:39:49,304 [INFO] EPISODE 6370, LOSS 0.13066120445728302
"2023-05-10 14:39:49,441 [INFO] EPISODE 6380, LOSS 0.21287035942077637
"2023-05-10 14:39:49,577 [INFO] EPISODE 6390, LOSS 0.22639048099517822
"2023-05-10 14:39:49,717 [INFO] EPISODE 6400, LOSS 0.2629327178001404
"2023-05-10 14:39:49,851 [INFO] EPISODE 6410, LOSS 0.16430266201496124
"2023-05-10 14:39:49,993 [INFO] EPISODE 6420, LOSS 0.19997626543045044
"2023-05-10 14:39:50,130 [INFO] EPISODE 6430, LOSS 0.15804149210453033
"2023-05-10 14:39:50,271 [INFO] EPISODE 6440, LOSS 0.24777254462242126
"2023-05-10 14:39:50,401 [INFO] EPISODE 6450, LOSS 0.14529190957546234
"2023-05-10 14:39:50,541 [INFO] EPISODE 6460, LOSS 0.24936556816101074
"2023-05-10 14:39:50,679 [INFO] EPISODE 6470, LOSS 0.23486122488975525
"2023-05-10 14:39:50,815 [INFO] EPISODE 6480, LOSS 0.15560612082481384
"2023-05-10 14:39:50,952 [INFO] EPISODE 6490, LOSS 0.12970727682113647
"2023-05-10 14:39:51,101 [INFO] ===== ONNX SAVED at ./savemodel/0510_0238PM_MY_PDE/6500.onnx
"2023-05-10 14:39:51,101 [INFO] EPISODE 6500, LOSS 0.19477812945842743
"2023-05-10 14:39:51,237 [INFO] EPISODE 6510, LOSS 0.18133729696273804
"2023-05-10 14:39:51,375 [INFO] EPISODE 6520, LOSS 0.24196729063987732
"2023-05-10 14:39:51,513 [INFO] EPISODE 6530, LOSS 0.164287731051445
"2023-05-10 14:39:51,653 [INFO] EPISODE 6540, LOSS 0.1780782788991928
"2023-05-10 14:39:51,790 [INFO] EPISODE 6550, LOSS 0.23882529139518738
"2023-05-10 14:39:51,927 [INFO] EPISODE 6560, LOSS 0.280948281288147
"2023-05-10 14:39:52,064 [INFO] EPISODE 6570, LOSS 0.23489288985729218
"2023-05-10 14:39:52,206 [INFO] EPISODE 6580, LOSS 0.31628161668777466
"2023-05-10 14:39:52,402 [INFO] EPISODE 6590, LOSS 0.13526858389377594
"2023-05-10 14:39:52,539 [INFO] EPISODE 6600, LOSS 0.12416695803403854
"2023-05-10 14:39:52,673 [INFO] EPISODE 6610, LOSS 0.15914928913116455
"2023-05-10 14:39:52,813 [INFO] EPISODE 6620, LOSS 0.17930088937282562
"2023-05-10 14:39:52,955 [INFO] EPISODE 6630, LOSS 0.0665561780333519
"2023-05-10 14:39:53,096 [INFO] EPISODE 6640, LOSS 0.14975835382938385
"2023-05-10 14:39:53,239 [INFO] EPISODE 6650, LOSS 0.2047516107559204
"2023-05-10 14:39:53,380 [INFO] EPISODE 6660, LOSS 0.20275966823101044
"2023-05-10 14:39:53,523 [INFO] EPISODE 6670, LOSS 0.14777454733848572
"2023-05-10 14:39:53,661 [INFO] EPISODE 6680, LOSS 0.15987429022789001
"2023-05-10 14:39:53,799 [INFO] EPISODE 6690, LOSS 0.08189679682254791
"2023-05-10 14:39:53,946 [INFO] EPISODE 6700, LOSS 0.1028071865439415
"2023-05-10 14:39:54,088 [INFO] EPISODE 6710, LOSS 0.10959748923778534
"2023-05-10 14:39:54,228 [INFO] EPISODE 6720, LOSS 0.14200559258460999
"2023-05-10 14:39:54,365 [INFO] EPISODE 6730, LOSS 0.18656370043754578
"2023-05-10 14:39:54,504 [INFO] EPISODE 6740, LOSS 0.14723517000675201
"2023-05-10 14:39:54,641 [INFO] EPISODE 6750, LOSS 0.34141677618026733
"2023-05-10 14:39:54,783 [INFO] EPISODE 6760, LOSS 0.10370628535747528
"2023-05-10 14:39:54,922 [INFO] EPISODE 6770, LOSS 0.1176711767911911
"2023-05-10 14:39:55,063 [INFO] EPISODE 6780, LOSS 0.11269086599349976
"2023-05-10 14:39:55,202 [INFO] EPISODE 6790, LOSS 0.21269945800304413
"2023-05-10 14:39:55,392 [INFO] EPISODE 6800, LOSS 0.2710334062576294
"2023-05-10 14:39:55,533 [INFO] EPISODE 6810, LOSS 0.1395389437675476
"2023-05-10 14:39:55,679 [INFO] EPISODE 6820, LOSS 0.24424515664577484
"2023-05-10 14:39:55,817 [INFO] EPISODE 6830, LOSS 0.14216721057891846
"2023-05-10 14:39:55,953 [INFO] EPISODE 6840, LOSS 0.13004538416862488
"2023-05-10 14:39:56,099 [INFO] EPISODE 6850, LOSS 0.16362929344177246
"2023-05-10 14:39:56,238 [INFO] EPISODE 6860, LOSS 0.2570500373840332
"2023-05-10 14:39:56,376 [INFO] EPISODE 6870, LOSS 0.17082951962947845
"2023-05-10 14:39:56,518 [INFO] EPISODE 6880, LOSS 0.13003812730312347
"2023-05-10 14:39:56,660 [INFO] EPISODE 6890, LOSS 0.10306280106306076
"2023-05-10 14:39:56,804 [INFO] EPISODE 6900, LOSS 0.2072502225637436
"2023-05-10 14:39:56,942 [INFO] EPISODE 6910, LOSS 0.1499129682779312
"2023-05-10 14:39:57,076 [INFO] EPISODE 6920, LOSS 0.1006399616599083
"2023-05-10 14:39:57,213 [INFO] EPISODE 6930, LOSS 0.14869260787963867
"2023-05-10 14:39:57,355 [INFO] EPISODE 6940, LOSS 0.21212975680828094
"2023-05-10 14:39:57,496 [INFO] EPISODE 6950, LOSS 0.18496470153331757
"2023-05-10 14:39:57,635 [INFO] EPISODE 6960, LOSS 0.2181212157011032
"2023-05-10 14:39:57,778 [INFO] EPISODE 6970, LOSS 0.13673456013202667
"2023-05-10 14:39:57,918 [INFO] EPISODE 6980, LOSS 0.14529995620250702
"2023-05-10 14:39:58,054 [INFO] EPISODE 6990, LOSS 0.11393885314464569
"2023-05-10 14:39:58,203 [INFO] ===== ONNX SAVED at ./savemodel/0510_0238PM_MY_PDE/7000.onnx
"2023-05-10 14:39:58,203 [INFO] EPISODE 7000, LOSS 0.18646836280822754
"2023-05-10 14:39:58,400 [INFO] EPISODE 7010, LOSS 0.2594619393348694
"2023-05-10 14:39:58,542 [INFO] EPISODE 7020, LOSS 0.14922410249710083
"2023-05-10 14:39:58,685 [INFO] EPISODE 7030, LOSS 0.10471701622009277
"2023-05-10 14:39:58,833 [INFO] EPISODE 7040, LOSS 0.24023663997650146
"2023-05-10 14:39:58,972 [INFO] EPISODE 7050, LOSS 0.06783422082662582
"2023-05-10 14:39:59,109 [INFO] EPISODE 7060, LOSS 0.09403645247220993
"2023-05-10 14:39:59,253 [INFO] EPISODE 7070, LOSS 0.29106879234313965
"2023-05-10 14:39:59,396 [INFO] EPISODE 7080, LOSS 0.11635112762451172
"2023-05-10 14:39:59,532 [INFO] EPISODE 7090, LOSS 0.14737939834594727
"2023-05-10 14:39:59,670 [INFO] EPISODE 7100, LOSS 0.08267799019813538
"2023-05-10 14:39:59,809 [INFO] EPISODE 7110, LOSS 0.12005627155303955
"2023-05-10 14:39:59,944 [INFO] EPISODE 7120, LOSS 0.11001422256231308
"2023-05-10 14:40:00,085 [INFO] EPISODE 7130, LOSS 0.12190243601799011
"2023-05-10 14:40:00,219 [INFO] EPISODE 7140, LOSS 0.1429261714220047
"2023-05-10 14:40:00,356 [INFO] EPISODE 7150, LOSS 0.2978097200393677
"2023-05-10 14:40:00,490 [INFO] EPISODE 7160, LOSS 0.2428233027458191
"2023-05-10 14:40:00,626 [INFO] EPISODE 7170, LOSS 0.3327987790107727
"2023-05-10 14:40:00,761 [INFO] EPISODE 7180, LOSS 0.16288214921951294
"2023-05-10 14:40:00,896 [INFO] EPISODE 7190, LOSS 0.12235197424888611
"2023-05-10 14:40:01,072 [INFO] EPISODE 7200, LOSS 0.15928757190704346
"2023-05-10 14:40:01,197 [INFO] EPISODE 7210, LOSS 0.13779747486114502
"2023-05-10 14:40:01,322 [INFO] EPISODE 7220, LOSS 0.1448216438293457
"2023-05-10 14:40:01,447 [INFO] EPISODE 7230, LOSS 0.09325195848941803
"2023-05-10 14:40:01,572 [INFO] EPISODE 7240, LOSS 0.10543163865804672
"2023-05-10 14:40:01,702 [INFO] EPISODE 7250, LOSS 0.17366966605186462
"2023-05-10 14:40:01,840 [INFO] EPISODE 7260, LOSS 0.15018713474273682
"2023-05-10 14:40:01,984 [INFO] EPISODE 7270, LOSS 0.22273299098014832
"2023-05-10 14:40:02,124 [INFO] EPISODE 7280, LOSS 0.06583703309297562
"2023-05-10 14:40:02,260 [INFO] EPISODE 7290, LOSS 0.15206174552440643
"2023-05-10 14:40:02,394 [INFO] EPISODE 7300, LOSS 0.11709906160831451
"2023-05-10 14:40:02,527 [INFO] EPISODE 7310, LOSS 0.16682803630828857
"2023-05-10 14:40:02,665 [INFO] EPISODE 7320, LOSS 0.12349235266447067
"2023-05-10 14:40:02,801 [INFO] EPISODE 7330, LOSS 0.12065459787845612
"2023-05-10 14:40:02,936 [INFO] EPISODE 7340, LOSS 0.17961561679840088
"2023-05-10 14:40:03,071 [INFO] EPISODE 7350, LOSS 0.1441224217414856
"2023-05-10 14:40:03,210 [INFO] EPISODE 7360, LOSS 0.24961349368095398
"2023-05-10 14:40:03,350 [INFO] EPISODE 7370, LOSS 0.14247187972068787
"2023-05-10 14:40:03,487 [INFO] EPISODE 7380, LOSS 0.1533665955066681
"2023-05-10 14:40:03,624 [INFO] EPISODE 7390, LOSS 0.15546491742134094
"2023-05-10 14:40:03,760 [INFO] EPISODE 7400, LOSS 0.12030524015426636
"2023-05-10 14:40:03,953 [INFO] EPISODE 7410, LOSS 0.3975289762020111
"2023-05-10 14:40:04,090 [INFO] EPISODE 7420, LOSS 0.196725532412529
"2023-05-10 14:40:04,228 [INFO] EPISODE 7430, LOSS 0.11077775806188583
"2023-05-10 14:40:04,362 [INFO] EPISODE 7440, LOSS 0.062338631600141525
"2023-05-10 14:40:04,500 [INFO] EPISODE 7450, LOSS 0.18356189131736755
"2023-05-10 14:40:04,639 [INFO] EPISODE 7460, LOSS 0.16734004020690918
"2023-05-10 14:40:04,781 [INFO] EPISODE 7470, LOSS 0.0876210555434227
"2023-05-10 14:40:04,927 [INFO] EPISODE 7480, LOSS 0.09207135438919067
"2023-05-10 14:40:05,069 [INFO] EPISODE 7490, LOSS 0.13723891973495483
"2023-05-10 14:40:05,217 [INFO] ===== ONNX SAVED at ./savemodel/0510_0238PM_MY_PDE/7500.onnx
"2023-05-10 14:40:05,217 [INFO] EPISODE 7500, LOSS 0.15328349173069
"2023-05-10 14:40:05,355 [INFO] EPISODE 7510, LOSS 0.10748957842588425
"2023-05-10 14:40:05,501 [INFO] EPISODE 7520, LOSS 0.07236878573894501
"2023-05-10 14:40:05,637 [INFO] EPISODE 7530, LOSS 0.26998913288116455
"2023-05-10 14:40:05,780 [INFO] EPISODE 7540, LOSS 0.09376978129148483
"2023-05-10 14:40:05,924 [INFO] EPISODE 7550, LOSS 0.23156887292861938
"2023-05-10 14:40:06,071 [INFO] EPISODE 7560, LOSS 0.2583378553390503
"2023-05-10 14:40:06,200 [INFO] EPISODE 7570, LOSS 0.15280377864837646
"2023-05-10 14:40:06,327 [INFO] EPISODE 7580, LOSS 0.08747559040784836
"2023-05-10 14:40:06,467 [INFO] EPISODE 7590, LOSS 0.14807626605033875
"2023-05-10 14:40:06,593 [INFO] EPISODE 7600, LOSS 0.18820105493068695
"2023-05-10 14:40:06,716 [INFO] EPISODE 7610, LOSS 0.2364039421081543
"2023-05-10 14:40:06,899 [INFO] EPISODE 7620, LOSS 0.1378600299358368
"2023-05-10 14:40:07,038 [INFO] EPISODE 7630, LOSS 0.08305495977401733
"2023-05-10 14:40:07,178 [INFO] EPISODE 7640, LOSS 0.3169253170490265
"2023-05-10 14:40:07,316 [INFO] EPISODE 7650, LOSS 0.10343743860721588
"2023-05-10 14:40:07,452 [INFO] EPISODE 7660, LOSS 0.12602758407592773
"2023-05-10 14:40:07,591 [INFO] EPISODE 7670, LOSS 0.13390368223190308
"2023-05-10 14:40:07,734 [INFO] EPISODE 7680, LOSS 0.22045430541038513
"2023-05-10 14:40:07,869 [INFO] EPISODE 7690, LOSS 0.3304351270198822
"2023-05-10 14:40:08,015 [INFO] EPISODE 7700, LOSS 0.18096677958965302
"2023-05-10 14:40:08,157 [INFO] EPISODE 7710, LOSS 0.14875593781471252
"2023-05-10 14:40:08,296 [INFO] EPISODE 7720, LOSS 0.09839089959859848
"2023-05-10 14:40:08,435 [INFO] EPISODE 7730, LOSS 0.0937311053276062
"2023-05-10 14:40:08,573 [INFO] EPISODE 7740, LOSS 0.12242834270000458
"2023-05-10 14:40:08,714 [INFO] EPISODE 7750, LOSS 0.10026727616786957
"2023-05-10 14:40:08,855 [INFO] EPISODE 7760, LOSS 0.22050444781780243
"2023-05-10 14:40:08,995 [INFO] EPISODE 7770, LOSS 0.11014749854803085
"2023-05-10 14:40:09,135 [INFO] EPISODE 7780, LOSS 0.1461278796195984
"2023-05-10 14:40:09,273 [INFO] EPISODE 7790, LOSS 0.15256081521511078
"2023-05-10 14:40:09,463 [INFO] EPISODE 7800, LOSS 0.07417866587638855
"2023-05-10 14:40:09,605 [INFO] EPISODE 7810, LOSS 0.2334527224302292
"2023-05-10 14:40:09,746 [INFO] EPISODE 7820, LOSS 0.17520129680633545
"2023-05-10 14:40:09,883 [INFO] EPISODE 7830, LOSS 0.13029855489730835
"2023-05-10 14:40:10,022 [INFO] EPISODE 7840, LOSS 0.23371949791908264
"2023-05-10 14:40:10,162 [INFO] EPISODE 7850, LOSS 0.2380521297454834
"2023-05-10 14:40:10,306 [INFO] EPISODE 7860, LOSS 0.21114443242549896
"2023-05-10 14:40:10,446 [INFO] EPISODE 7870, LOSS 0.11518611758947372
"2023-05-10 14:40:10,586 [INFO] EPISODE 7880, LOSS 0.07962720096111298
"2023-05-10 14:40:10,731 [INFO] EPISODE 7890, LOSS 0.22304639220237732
"2023-05-10 14:40:10,873 [INFO] EPISODE 7900, LOSS 0.25162824988365173
"2023-05-10 14:40:11,017 [INFO] EPISODE 7910, LOSS 0.21651706099510193
"2023-05-10 14:40:11,162 [INFO] EPISODE 7920, LOSS 0.24685189127922058
"2023-05-10 14:40:11,308 [INFO] EPISODE 7930, LOSS 0.16774433851242065
"2023-05-10 14:40:11,449 [INFO] EPISODE 7940, LOSS 0.18499374389648438
"2023-05-10 14:40:11,593 [INFO] EPISODE 7950, LOSS 0.09512027353048325
"2023-05-10 14:40:11,732 [INFO] EPISODE 7960, LOSS 0.21692773699760437
"2023-05-10 14:40:11,872 [INFO] EPISODE 7970, LOSS 0.14387428760528564
"2023-05-10 14:40:12,016 [INFO] EPISODE 7980, LOSS 0.08001784980297089
"2023-05-10 14:40:12,153 [INFO] EPISODE 7990, LOSS 0.2025521695613861
"2023-05-10 14:40:12,347 [INFO] ===== ONNX SAVED at ./savemodel/0510_0238PM_MY_PDE/8000.onnx
"2023-05-10 14:40:12,347 [INFO] EPISODE 8000, LOSS 0.12103544920682907
"2023-05-10 14:40:12,487 [INFO] EPISODE 8010, LOSS 0.1713661402463913
"2023-05-10 14:40:12,631 [INFO] EPISODE 8020, LOSS 0.22036592662334442
"2023-05-10 14:40:12,775 [INFO] EPISODE 8030, LOSS 0.22911810874938965
"2023-05-10 14:40:12,919 [INFO] EPISODE 8040, LOSS 0.14335888624191284
"2023-05-10 14:40:13,060 [INFO] EPISODE 8050, LOSS 0.15100671350955963
"2023-05-10 14:40:13,207 [INFO] EPISODE 8060, LOSS 0.1579597443342209
"2023-05-10 14:40:13,345 [INFO] EPISODE 8070, LOSS 0.08562549203634262
"2023-05-10 14:40:13,488 [INFO] EPISODE 8080, LOSS 0.09469503164291382
"2023-05-10 14:40:13,627 [INFO] EPISODE 8090, LOSS 0.31699538230895996
"2023-05-10 14:40:13,766 [INFO] EPISODE 8100, LOSS 0.16357699036598206
"2023-05-10 14:40:13,906 [INFO] EPISODE 8110, LOSS 0.11461374163627625
"2023-05-10 14:40:14,045 [INFO] EPISODE 8120, LOSS 0.31649690866470337
"2023-05-10 14:40:14,185 [INFO] EPISODE 8130, LOSS 0.11261596530675888
"2023-05-10 14:40:14,324 [INFO] EPISODE 8140, LOSS 0.32461243867874146
"2023-05-10 14:40:14,460 [INFO] EPISODE 8150, LOSS 0.20982730388641357
"2023-05-10 14:40:14,595 [INFO] EPISODE 8160, LOSS 0.27334436774253845
"2023-05-10 14:40:14,739 [INFO] EPISODE 8170, LOSS 0.2600725591182709
"2023-05-10 14:40:14,878 [INFO] EPISODE 8180, LOSS 0.18548326194286346
"2023-05-10 14:40:15,075 [INFO] EPISODE 8190, LOSS 0.08118133246898651
"2023-05-10 14:40:15,214 [INFO] EPISODE 8200, LOSS 0.12474913895130157
"2023-05-10 14:40:15,346 [INFO] EPISODE 8210, LOSS 0.30707046389579773
"2023-05-10 14:40:15,478 [INFO] EPISODE 8220, LOSS 0.14634746313095093
"2023-05-10 14:40:15,610 [INFO] EPISODE 8230, LOSS 0.3599112033843994
"2023-05-10 14:40:15,746 [INFO] EPISODE 8240, LOSS 0.09673243761062622
"2023-05-10 14:40:15,885 [INFO] EPISODE 8250, LOSS 0.21848127245903015
"2023-05-10 14:40:16,017 [INFO] EPISODE 8260, LOSS 0.1755668967962265
"2023-05-10 14:40:16,152 [INFO] EPISODE 8270, LOSS 0.12925632297992706
"2023-05-10 14:40:16,291 [INFO] EPISODE 8280, LOSS 0.22176909446716309
"2023-05-10 14:40:16,426 [INFO] EPISODE 8290, LOSS 0.12459173798561096
"2023-05-10 14:40:16,565 [INFO] EPISODE 8300, LOSS 0.23439347743988037
"2023-05-10 14:40:16,703 [INFO] EPISODE 8310, LOSS 0.11780767887830734
"2023-05-10 14:40:16,838 [INFO] EPISODE 8320, LOSS 0.09796904027462006
"2023-05-10 14:40:16,973 [INFO] EPISODE 8330, LOSS 0.217124342918396
"2023-05-10 14:40:17,115 [INFO] EPISODE 8340, LOSS 0.1294981688261032
"2023-05-10 14:40:17,254 [INFO] EPISODE 8350, LOSS 0.1768408864736557
"2023-05-10 14:40:17,389 [INFO] EPISODE 8360, LOSS 0.16817264258861542
"2023-05-10 14:40:17,528 [INFO] EPISODE 8370, LOSS 0.2541235387325287
"2023-05-10 14:40:17,663 [INFO] EPISODE 8380, LOSS 0.07472073286771774
"2023-05-10 14:40:17,798 [INFO] EPISODE 8390, LOSS 0.3553861081600189
"2023-05-10 14:40:17,981 [INFO] EPISODE 8400, LOSS 0.14967480301856995
"2023-05-10 14:40:18,116 [INFO] EPISODE 8410, LOSS 0.203042134642601
"2023-05-10 14:40:18,250 [INFO] EPISODE 8420, LOSS 0.14465747773647308
"2023-05-10 14:40:18,383 [INFO] EPISODE 8430, LOSS 0.22080689668655396
"2023-05-10 14:40:18,518 [INFO] EPISODE 8440, LOSS 0.3513587713241577
"2023-05-10 14:40:18,654 [INFO] EPISODE 8450, LOSS 0.19741517305374146
"2023-05-10 14:40:18,792 [INFO] EPISODE 8460, LOSS 0.1210387572646141
"2023-05-10 14:40:18,926 [INFO] EPISODE 8470, LOSS 0.12449019402265549
"2023-05-10 14:40:19,068 [INFO] EPISODE 8480, LOSS 0.12197917699813843
"2023-05-10 14:40:19,206 [INFO] EPISODE 8490, LOSS 0.24068322777748108
"2023-05-10 14:40:19,355 [INFO] ===== ONNX SAVED at ./savemodel/0510_0238PM_MY_PDE/8500.onnx
"2023-05-10 14:40:19,355 [INFO] EPISODE 8500, LOSS 0.08099129796028137
"2023-05-10 14:40:19,494 [INFO] EPISODE 8510, LOSS 0.1546432375907898
"2023-05-10 14:40:19,629 [INFO] EPISODE 8520, LOSS 0.25206610560417175
"2023-05-10 14:40:19,763 [INFO] EPISODE 8530, LOSS 0.17224091291427612
"2023-05-10 14:40:19,898 [INFO] EPISODE 8540, LOSS 0.16877996921539307
"2023-05-10 14:40:20,036 [INFO] EPISODE 8550, LOSS 0.20614957809448242
"2023-05-10 14:40:20,176 [INFO] EPISODE 8560, LOSS 0.10586854070425034
"2023-05-10 14:40:20,316 [INFO] EPISODE 8570, LOSS 0.15339721739292145
"2023-05-10 14:40:20,448 [INFO] EPISODE 8580, LOSS 0.28826743364334106
"2023-05-10 14:40:20,581 [INFO] EPISODE 8590, LOSS 0.13802188634872437
"2023-05-10 14:40:20,721 [INFO] EPISODE 8600, LOSS 0.07098120450973511
"2023-05-10 14:40:20,859 [INFO] EPISODE 8610, LOSS 0.13318005204200745
"2023-05-10 14:40:20,993 [INFO] EPISODE 8620, LOSS 0.18825969099998474
"2023-05-10 14:40:21,133 [INFO] EPISODE 8630, LOSS 0.11484500020742416
"2023-05-10 14:40:21,325 [INFO] EPISODE 8640, LOSS 0.3118133842945099
"2023-05-10 14:40:21,470 [INFO] EPISODE 8650, LOSS 0.1734861433506012
"2023-05-10 14:40:21,602 [INFO] EPISODE 8660, LOSS 0.09943555295467377
"2023-05-10 14:40:21,738 [INFO] EPISODE 8670, LOSS 0.15865226089954376
"2023-05-10 14:40:21,889 [INFO] EPISODE 8680, LOSS 0.13588052988052368
"2023-05-10 14:40:22,041 [INFO] EPISODE 8690, LOSS 0.09972400963306427
"2023-05-10 14:40:22,190 [INFO] EPISODE 8700, LOSS 0.16295501589775085
"2023-05-10 14:40:22,333 [INFO] EPISODE 8710, LOSS 0.06565680354833603
"2023-05-10 14:40:22,481 [INFO] EPISODE 8720, LOSS 0.1941145360469818
"2023-05-10 14:40:22,624 [INFO] EPISODE 8730, LOSS 0.1945464313030243
"2023-05-10 14:40:22,769 [INFO] EPISODE 8740, LOSS 0.1497640758752823
"2023-05-10 14:40:22,904 [INFO] EPISODE 8750, LOSS 0.2538813352584839
"2023-05-10 14:40:23,039 [INFO] EPISODE 8760, LOSS 0.10566282272338867
"2023-05-10 14:40:23,177 [INFO] EPISODE 8770, LOSS 0.22935067117214203
"2023-05-10 14:40:23,320 [INFO] EPISODE 8780, LOSS 0.13186980783939362
"2023-05-10 14:40:23,461 [INFO] EPISODE 8790, LOSS 0.17655354738235474
"2023-05-10 14:40:23,602 [INFO] EPISODE 8800, LOSS 0.08990584313869476
"2023-05-10 14:40:23,740 [INFO] EPISODE 8810, LOSS 0.11694757640361786
"2023-05-10 14:40:23,876 [INFO] EPISODE 8820, LOSS 0.1882491409778595
"2023-05-10 14:40:24,016 [INFO] EPISODE 8830, LOSS 0.23687753081321716
"2023-05-10 14:40:24,155 [INFO] EPISODE 8840, LOSS 0.1617613136768341
"2023-05-10 14:40:24,346 [INFO] EPISODE 8850, LOSS 0.23372980952262878
"2023-05-10 14:40:24,483 [INFO] EPISODE 8860, LOSS 0.24161218106746674
"2023-05-10 14:40:24,622 [INFO] EPISODE 8870, LOSS 0.11416859924793243
"2023-05-10 14:40:24,758 [INFO] EPISODE 8880, LOSS 0.10156010836362839
"2023-05-10 14:40:24,895 [INFO] EPISODE 8890, LOSS 0.2278488576412201
"2023-05-10 14:40:25,026 [INFO] EPISODE 8900, LOSS 0.11279097199440002
"2023-05-10 14:40:25,171 [INFO] EPISODE 8910, LOSS 0.10203728079795837
"2023-05-10 14:40:25,309 [INFO] EPISODE 8920, LOSS 0.1309492588043213
"2023-05-10 14:40:25,441 [INFO] EPISODE 8930, LOSS 0.12915495038032532
"2023-05-10 14:40:25,577 [INFO] EPISODE 8940, LOSS 0.15059411525726318
"2023-05-10 14:40:25,713 [INFO] EPISODE 8950, LOSS 0.08251425623893738
"2023-05-10 14:40:25,849 [INFO] EPISODE 8960, LOSS 0.0865006297826767
"2023-05-10 14:40:25,987 [INFO] EPISODE 8970, LOSS 0.09042201936244965
"2023-05-10 14:40:26,119 [INFO] EPISODE 8980, LOSS 0.19466140866279602
"2023-05-10 14:40:26,257 [INFO] EPISODE 8990, LOSS 0.17214041948318481
"2023-05-10 14:40:26,409 [INFO] ===== ONNX SAVED at ./savemodel/0510_0238PM_MY_PDE/9000.onnx
"2023-05-10 14:40:26,409 [INFO] EPISODE 9000, LOSS 0.14434684813022614
"2023-05-10 14:40:26,545 [INFO] EPISODE 9010, LOSS 0.16193096339702606
"2023-05-10 14:40:26,681 [INFO] EPISODE 9020, LOSS 0.28825733065605164
"2023-05-10 14:40:26,815 [INFO] EPISODE 9030, LOSS 0.11995085328817368
"2023-05-10 14:40:26,953 [INFO] EPISODE 9040, LOSS 0.14992696046829224
"2023-05-10 14:40:27,087 [INFO] EPISODE 9050, LOSS 0.117643341422081
"2023-05-10 14:40:27,226 [INFO] EPISODE 9060, LOSS 0.2148931920528412
"2023-05-10 14:40:27,415 [INFO] EPISODE 9070, LOSS 0.1486557424068451
"2023-05-10 14:40:27,558 [INFO] EPISODE 9080, LOSS 0.08786514401435852
"2023-05-10 14:40:27,701 [INFO] EPISODE 9090, LOSS 0.238035649061203
"2023-05-10 14:40:27,837 [INFO] EPISODE 9100, LOSS 0.13212309777736664
"2023-05-10 14:40:27,977 [INFO] EPISODE 9110, LOSS 0.22527527809143066
"2023-05-10 14:40:28,117 [INFO] EPISODE 9120, LOSS 0.11303266137838364
"2023-05-10 14:40:28,254 [INFO] EPISODE 9130, LOSS 0.14655500650405884
"2023-05-10 14:40:28,390 [INFO] EPISODE 9140, LOSS 0.11078310012817383
"2023-05-10 14:40:28,520 [INFO] EPISODE 9150, LOSS 0.06298698484897614
"2023-05-10 14:40:28,664 [INFO] EPISODE 9160, LOSS 0.08803936839103699
"2023-05-10 14:40:28,804 [INFO] EPISODE 9170, LOSS 0.2340775430202484
"2023-05-10 14:40:28,940 [INFO] EPISODE 9180, LOSS 0.1912117451429367
"2023-05-10 14:40:29,080 [INFO] EPISODE 9190, LOSS 0.10280134528875351
"2023-05-10 14:40:29,218 [INFO] EPISODE 9200, LOSS 0.33492717146873474
"2023-05-10 14:40:29,358 [INFO] EPISODE 9210, LOSS 0.19068855047225952
"2023-05-10 14:40:29,498 [INFO] EPISODE 9220, LOSS 0.17313092947006226
"2023-05-10 14:40:29,636 [INFO] EPISODE 9230, LOSS 0.5803022384643555
"2023-05-10 14:40:29,786 [INFO] EPISODE 9240, LOSS 0.18066668510437012
"2023-05-10 14:40:29,927 [INFO] EPISODE 9250, LOSS 0.14560526609420776
"2023-05-10 14:40:30,067 [INFO] EPISODE 9260, LOSS 0.15498656034469604
"2023-05-10 14:40:30,205 [INFO] EPISODE 9270, LOSS 0.3093774914741516
"2023-05-10 14:40:30,342 [INFO] EPISODE 9280, LOSS 0.09929654002189636
"2023-05-10 14:40:30,523 [INFO] EPISODE 9290, LOSS 0.11257228255271912
"2023-05-10 14:40:30,663 [INFO] EPISODE 9300, LOSS 0.08429482579231262
"2023-05-10 14:40:30,803 [INFO] EPISODE 9310, LOSS 0.15662913024425507
"2023-05-10 14:40:30,938 [INFO] EPISODE 9320, LOSS 0.08145265281200409
"2023-05-10 14:40:31,076 [INFO] EPISODE 9330, LOSS 0.14212468266487122
"2023-05-10 14:40:31,211 [INFO] EPISODE 9340, LOSS 0.2177785038948059
"2023-05-10 14:40:31,348 [INFO] EPISODE 9350, LOSS 0.17388390004634857
"2023-05-10 14:40:31,492 [INFO] EPISODE 9360, LOSS 0.06713048368692398
"2023-05-10 14:40:31,629 [INFO] EPISODE 9370, LOSS 0.21379446983337402
"2023-05-10 14:40:31,768 [INFO] EPISODE 9380, LOSS 0.13260219991207123
"2023-05-10 14:40:31,906 [INFO] EPISODE 9390, LOSS 0.15174689888954163
"2023-05-10 14:40:32,045 [INFO] EPISODE 9400, LOSS 0.1446118950843811
"2023-05-10 14:40:32,184 [INFO] EPISODE 9410, LOSS 0.19767580926418304
"2023-05-10 14:40:32,325 [INFO] EPISODE 9420, LOSS 0.11497724056243896
"2023-05-10 14:40:32,465 [INFO] EPISODE 9430, LOSS 0.20916318893432617
"2023-05-10 14:40:32,602 [INFO] EPISODE 9440, LOSS 0.13917957246303558
"2023-05-10 14:40:32,743 [INFO] EPISODE 9450, LOSS 0.09672649949789047
"2023-05-10 14:40:32,888 [INFO] EPISODE 9460, LOSS 0.17467832565307617
"2023-05-10 14:40:33,023 [INFO] EPISODE 9470, LOSS 0.0921826958656311
"2023-05-10 14:40:33,160 [INFO] EPISODE 9480, LOSS 0.25070920586586
"2023-05-10 14:40:33,295 [INFO] EPISODE 9490, LOSS 0.18105171620845795
"2023-05-10 14:40:33,492 [INFO] ===== ONNX SAVED at ./savemodel/0510_0238PM_MY_PDE/9500.onnx
"2023-05-10 14:40:33,492 [INFO] EPISODE 9500, LOSS 0.25131577253341675
"2023-05-10 14:40:33,631 [INFO] EPISODE 9510, LOSS 0.13047192990779877
"2023-05-10 14:40:33,770 [INFO] EPISODE 9520, LOSS 0.08732786774635315
"2023-05-10 14:40:33,907 [INFO] EPISODE 9530, LOSS 0.12901262938976288
"2023-05-10 14:40:34,048 [INFO] EPISODE 9540, LOSS 0.13175734877586365
"2023-05-10 14:40:34,188 [INFO] EPISODE 9550, LOSS 0.07225164771080017
"2023-05-10 14:40:34,325 [INFO] EPISODE 9560, LOSS 0.10792442411184311
"2023-05-10 14:40:34,463 [INFO] EPISODE 9570, LOSS 0.3100801408290863
"2023-05-10 14:40:34,603 [INFO] EPISODE 9580, LOSS 0.12019199132919312
"2023-05-10 14:40:34,747 [INFO] EPISODE 9590, LOSS 0.09786771237850189
"2023-05-10 14:40:34,887 [INFO] EPISODE 9600, LOSS 0.140422523021698
"2023-05-10 14:40:35,026 [INFO] EPISODE 9610, LOSS 0.2145991176366806
"2023-05-10 14:40:35,167 [INFO] EPISODE 9620, LOSS 0.15120404958724976
"2023-05-10 14:40:35,307 [INFO] EPISODE 9630, LOSS 0.2067118138074875
"2023-05-10 14:40:35,447 [INFO] EPISODE 9640, LOSS 0.10465266555547714
"2023-05-10 14:40:35,576 [INFO] EPISODE 9650, LOSS 0.18073272705078125
"2023-05-10 14:40:35,715 [INFO] EPISODE 9660, LOSS 0.10543575137853622
"2023-05-10 14:40:35,858 [INFO] EPISODE 9670, LOSS 0.2738482356071472
"2023-05-10 14:40:36,003 [INFO] EPISODE 9680, LOSS 0.18227677047252655
"2023-05-10 14:40:36,154 [INFO] EPISODE 9690, LOSS 0.25670498609542847
"2023-05-10 14:40:36,298 [INFO] EPISODE 9700, LOSS 0.24782268702983856
"2023-05-10 14:40:36,441 [INFO] EPISODE 9710, LOSS 0.08791463822126389
"2023-05-10 14:40:36,581 [INFO] EPISODE 9720, LOSS 0.10131530463695526
"2023-05-10 14:40:36,785 [INFO] EPISODE 9730, LOSS 0.14801523089408875
"2023-05-10 14:40:36,922 [INFO] EPISODE 9740, LOSS 0.11356018483638763
"2023-05-10 14:40:37,065 [INFO] EPISODE 9750, LOSS 0.076901875436306
"2023-05-10 14:40:37,213 [INFO] EPISODE 9760, LOSS 0.24604669213294983
"2023-05-10 14:40:37,360 [INFO] EPISODE 9770, LOSS 0.11044526100158691
"2023-05-10 14:40:37,502 [INFO] EPISODE 9780, LOSS 0.20609137415885925
"2023-05-10 14:40:37,640 [INFO] EPISODE 9790, LOSS 0.09217391908168793
"2023-05-10 14:40:37,788 [INFO] EPISODE 9800, LOSS 0.18480336666107178
"2023-05-10 14:40:37,948 [INFO] EPISODE 9810, LOSS 0.19272610545158386
"2023-05-10 14:40:38,093 [INFO] EPISODE 9820, LOSS 0.13672466576099396
"2023-05-10 14:40:38,237 [INFO] EPISODE 9830, LOSS 0.15299031138420105
"2023-05-10 14:40:38,381 [INFO] EPISODE 9840, LOSS 0.33457204699516296
"2023-05-10 14:40:38,509 [INFO] EPISODE 9850, LOSS 0.12563931941986084
"2023-05-10 14:40:38,638 [INFO] EPISODE 9860, LOSS 0.16540303826332092
"2023-05-10 14:40:38,765 [INFO] EPISODE 9870, LOSS 0.115872323513031
"2023-05-10 14:40:38,909 [INFO] EPISODE 9880, LOSS 0.21525245904922485
"2023-05-10 14:40:39,051 [INFO] EPISODE 9890, LOSS 0.10153953731060028
"2023-05-10 14:40:39,195 [INFO] EPISODE 9900, LOSS 0.20402131974697113
"2023-05-10 14:40:39,336 [INFO] EPISODE 9910, LOSS 0.11253303289413452
"2023-05-10 14:40:39,478 [INFO] EPISODE 9920, LOSS 0.24297207593917847
"2023-05-10 14:40:39,617 [INFO] EPISODE 9930, LOSS 0.11668026447296143
"2023-05-10 14:40:39,754 [INFO] EPISODE 9940, LOSS 0.11508574336767197
"2023-05-10 14:40:39,892 [INFO] EPISODE 9950, LOSS 0.1541805863380432
"2023-05-10 14:40:40,091 [INFO] EPISODE 9960, LOSS 0.2580457031726837
"2023-05-10 14:40:40,237 [INFO] EPISODE 9970, LOSS 0.3635253310203552
"2023-05-10 14:40:40,378 [INFO] EPISODE 9980, LOSS 0.08323127031326294
"2023-05-10 14:40:40,517 [INFO] EPISODE 9990, LOSS 0.22924862802028656
"2023-05-10 14:40:40,655 [INFO] train finished. 
final loss: 0.12462376803159714
"2023-05-10 14:40:40,665 [INFO] ===== ONNX SAVED at ./savemodel/0510_0238PM_MY_PDE/FINAL10000.onnx
