"2023-05-10 14:35:54,493 [INFO] Reporter Initialized!
"2023-05-10 14:35:54,493 [INFO] Reporter LEVEL: info
"2023-05-10 14:35:54,493 [INFO] Usung random data
"2023-05-10 14:35:55,630 [INFO] None
"2023-05-10 14:35:55,630 [INFO] Device(cuda) is working for train
"2023-05-10 14:35:55,630 [INFO] Train Started
"2023-05-10 14:35:55,649 [INFO] ===== ONNX SAVED at ./savemodel/0510_0235PM_MY_PDE/0.onnx
"2023-05-10 14:35:55,650 [INFO] ===== Saved non-trained network
"2023-05-10 14:35:55,650 [INFO] EPISODE 0, LOSS 377.88348388671875
"2023-05-10 14:35:55,883 [INFO] ===== ONNX SAVED at ./savemodel/0510_0235PM_MY_PDE/2.onnx
"2023-05-10 14:35:55,941 [INFO] ===== ONNX SAVED at ./savemodel/0510_0235PM_MY_PDE/7.onnx
"2023-05-10 14:35:55,965 [INFO] EPISODE 10, LOSS 607.0045776367188
"2023-05-10 14:35:56,100 [INFO] ===== ONNX SAVED at ./savemodel/0510_0235PM_MY_PDE/19.onnx
"2023-05-10 14:35:56,115 [INFO] ===== ONNX SAVED at ./savemodel/0510_0235PM_MY_PDE/20.onnx
"2023-05-10 14:35:56,115 [INFO] EPISODE 20, LOSS 172.57028198242188
"2023-05-10 14:35:56,207 [INFO] ===== ONNX SAVED at ./savemodel/0510_0235PM_MY_PDE/24.onnx
"2023-05-10 14:35:56,247 [INFO] ===== ONNX SAVED at ./savemodel/0510_0235PM_MY_PDE/27.onnx
"2023-05-10 14:35:56,263 [INFO] ===== ONNX SAVED at ./savemodel/0510_0235PM_MY_PDE/28.onnx
"2023-05-10 14:35:56,278 [INFO] EPISODE 30, LOSS 178.93038940429688
"2023-05-10 14:35:56,364 [INFO] ===== ONNX SAVED at ./savemodel/0510_0235PM_MY_PDE/33.onnx
"2023-05-10 14:35:56,410 [INFO] ===== ONNX SAVED at ./savemodel/0510_0235PM_MY_PDE/37.onnx
"2023-05-10 14:35:56,435 [INFO] EPISODE 40, LOSS 92.91952514648438
"2023-05-10 14:35:56,502 [INFO] ===== ONNX SAVED at ./savemodel/0510_0235PM_MY_PDE/41.onnx
"2023-05-10 14:35:56,518 [INFO] ===== ONNX SAVED at ./savemodel/0510_0235PM_MY_PDE/42.onnx
"2023-05-10 14:35:56,552 [INFO] ===== ONNX SAVED at ./savemodel/0510_0235PM_MY_PDE/45.onnx
"2023-05-10 14:35:56,580 [INFO] ===== ONNX SAVED at ./savemodel/0510_0235PM_MY_PDE/47.onnx
"2023-05-10 14:35:56,606 [INFO] EPISODE 50, LOSS 85.65457153320312
"2023-05-10 14:35:56,712 [INFO] ===== ONNX SAVED at ./savemodel/0510_0235PM_MY_PDE/56.onnx
"2023-05-10 14:35:56,747 [INFO] EPISODE 60, LOSS 41.18330001831055
"2023-05-10 14:35:56,819 [INFO] ===== ONNX SAVED at ./savemodel/0510_0235PM_MY_PDE/61.onnx
"2023-05-10 14:35:56,902 [INFO] EPISODE 70, LOSS 72.09785461425781
"2023-05-10 14:35:56,999 [INFO] ===== ONNX SAVED at ./savemodel/0510_0235PM_MY_PDE/74.onnx
"2023-05-10 14:35:57,052 [INFO] EPISODE 80, LOSS 58.55607223510742
"2023-05-10 14:35:57,185 [INFO] ===== ONNX SAVED at ./savemodel/0510_0235PM_MY_PDE/88.onnx
"2023-05-10 14:35:57,204 [INFO] EPISODE 90, LOSS 35.97123718261719
"2023-05-10 14:35:57,281 [INFO] ===== ONNX SAVED at ./savemodel/0510_0235PM_MY_PDE/92.onnx
"2023-05-10 14:35:57,357 [INFO] EPISODE 100, LOSS 21.561185836791992
"2023-05-10 14:35:57,490 [INFO] EPISODE 110, LOSS 21.414113998413086
"2023-05-10 14:35:57,568 [INFO] ===== ONNX SAVED at ./savemodel/0510_0235PM_MY_PDE/112.onnx
"2023-05-10 14:35:57,635 [INFO] EPISODE 120, LOSS 25.79555892944336
"2023-05-10 14:35:57,744 [INFO] ===== ONNX SAVED at ./savemodel/0510_0235PM_MY_PDE/126.onnx
"2023-05-10 14:35:57,776 [INFO] EPISODE 130, LOSS 40.96132278442383
"2023-05-10 14:35:57,912 [INFO] EPISODE 140, LOSS 50.11594772338867
"2023-05-10 14:35:58,025 [INFO] ===== ONNX SAVED at ./savemodel/0510_0235PM_MY_PDE/146.onnx
"2023-05-10 14:35:58,060 [INFO] EPISODE 150, LOSS 33.81834411621094
"2023-05-10 14:35:58,199 [INFO] EPISODE 160, LOSS 46.62397003173828
"2023-05-10 14:35:58,340 [INFO] EPISODE 170, LOSS 35.17047119140625
"2023-05-10 14:35:58,481 [INFO] EPISODE 180, LOSS 24.817298889160156
"2023-05-10 14:35:58,619 [INFO] EPISODE 190, LOSS 36.128501892089844
"2023-05-10 14:35:58,758 [INFO] EPISODE 200, LOSS 15.803787231445312
"2023-05-10 14:35:58,952 [INFO] EPISODE 210, LOSS 47.278709411621094
"2023-05-10 14:35:59,083 [INFO] EPISODE 220, LOSS 29.49384307861328
"2023-05-10 14:35:59,219 [INFO] EPISODE 230, LOSS 24.217647552490234
"2023-05-10 14:35:59,357 [INFO] EPISODE 240, LOSS 27.994762420654297
"2023-05-10 14:35:59,493 [INFO] EPISODE 250, LOSS 22.275737762451172
"2023-05-10 14:35:59,629 [INFO] EPISODE 260, LOSS 27.299057006835938
"2023-05-10 14:35:59,758 [INFO] EPISODE 270, LOSS 17.59835433959961
"2023-05-10 14:35:59,886 [INFO] EPISODE 280, LOSS 31.70589828491211
"2023-05-10 14:36:00,019 [INFO] EPISODE 290, LOSS 51.139366149902344
"2023-05-10 14:36:00,157 [INFO] EPISODE 300, LOSS 35.924808502197266
"2023-05-10 14:36:00,297 [INFO] EPISODE 310, LOSS 27.38311767578125
"2023-05-10 14:36:00,432 [INFO] EPISODE 320, LOSS 42.582794189453125
"2023-05-10 14:36:00,569 [INFO] EPISODE 330, LOSS 19.775779724121094
"2023-05-10 14:36:00,699 [INFO] EPISODE 340, LOSS 30.6557674407959
"2023-05-10 14:36:00,833 [INFO] EPISODE 350, LOSS 19.347023010253906
"2023-05-10 14:36:00,973 [INFO] EPISODE 360, LOSS 28.86415672302246
"2023-05-10 14:36:01,106 [INFO] EPISODE 370, LOSS 17.42815589904785
"2023-05-10 14:36:01,240 [INFO] EPISODE 380, LOSS 19.808292388916016
"2023-05-10 14:36:01,374 [INFO] EPISODE 390, LOSS 22.219589233398438
"2023-05-10 14:36:01,511 [INFO] EPISODE 400, LOSS 35.58738327026367
"2023-05-10 14:36:01,653 [INFO] EPISODE 410, LOSS 13.858833312988281
"2023-05-10 14:36:01,847 [INFO] EPISODE 420, LOSS 33.75825119018555
"2023-05-10 14:36:01,987 [INFO] EPISODE 430, LOSS 26.30130386352539
"2023-05-10 14:36:02,119 [INFO] EPISODE 440, LOSS 20.66209602355957
"2023-05-10 14:36:02,254 [INFO] EPISODE 450, LOSS 19.502334594726562
"2023-05-10 14:36:02,391 [INFO] EPISODE 460, LOSS 23.757946014404297
"2023-05-10 14:36:02,521 [INFO] EPISODE 470, LOSS 21.878379821777344
"2023-05-10 14:36:02,652 [INFO] EPISODE 480, LOSS 33.11790466308594
"2023-05-10 14:36:02,733 [INFO] ===== ONNX SAVED at ./savemodel/0510_0235PM_MY_PDE/483.onnx
"2023-05-10 14:36:02,793 [INFO] EPISODE 490, LOSS 33.20292282104492
"2023-05-10 14:36:02,932 [INFO] ===== ONNX SAVED at ./savemodel/0510_0235PM_MY_PDE/500.onnx
"2023-05-10 14:36:02,932 [INFO] EPISODE 500, LOSS 20.206562042236328
"2023-05-10 14:36:03,065 [INFO] EPISODE 510, LOSS 27.6915283203125
"2023-05-10 14:36:03,193 [INFO] EPISODE 520, LOSS 24.841522216796875
"2023-05-10 14:36:03,320 [INFO] EPISODE 530, LOSS 18.58826446533203
"2023-05-10 14:36:03,455 [INFO] EPISODE 540, LOSS 17.8509521484375
"2023-05-10 14:36:03,591 [INFO] EPISODE 550, LOSS 12.218352317810059
"2023-05-10 14:36:03,712 [INFO] EPISODE 560, LOSS 34.695823669433594
"2023-05-10 14:36:03,802 [INFO] ===== ONNX SAVED at ./savemodel/0510_0235PM_MY_PDE/564.onnx
"2023-05-10 14:36:03,853 [INFO] ===== ONNX SAVED at ./savemodel/0510_0235PM_MY_PDE/569.onnx
"2023-05-10 14:36:03,860 [INFO] EPISODE 570, LOSS 14.707210540771484
"2023-05-10 14:36:03,993 [INFO] EPISODE 580, LOSS 31.782058715820312
"2023-05-10 14:36:04,067 [INFO] ===== ONNX SAVED at ./savemodel/0510_0235PM_MY_PDE/582.onnx
"2023-05-10 14:36:04,142 [INFO] EPISODE 590, LOSS 27.93972396850586
"2023-05-10 14:36:04,285 [INFO] EPISODE 600, LOSS 19.000354766845703
"2023-05-10 14:36:04,429 [INFO] EPISODE 610, LOSS 31.3594970703125
"2023-05-10 14:36:04,568 [INFO] EPISODE 620, LOSS 19.706600189208984
"2023-05-10 14:36:04,705 [INFO] EPISODE 630, LOSS 35.49776840209961
"2023-05-10 14:36:04,844 [INFO] EPISODE 640, LOSS 19.62034034729004
"2023-05-10 14:36:04,970 [INFO] EPISODE 650, LOSS 25.90535545349121
"2023-05-10 14:36:05,108 [INFO] EPISODE 660, LOSS 18.254112243652344
"2023-05-10 14:36:05,240 [INFO] EPISODE 670, LOSS 8.832223892211914
"2023-05-10 14:36:05,436 [INFO] EPISODE 680, LOSS 21.02085304260254
"2023-05-10 14:36:05,574 [INFO] EPISODE 690, LOSS 14.99068832397461
"2023-05-10 14:36:05,713 [INFO] EPISODE 700, LOSS 29.170970916748047
"2023-05-10 14:36:05,854 [INFO] EPISODE 710, LOSS 26.224721908569336
"2023-05-10 14:36:05,993 [INFO] EPISODE 720, LOSS 39.525691986083984
"2023-05-10 14:36:06,130 [INFO] EPISODE 730, LOSS 10.875541687011719
"2023-05-10 14:36:06,271 [INFO] ===== ONNX SAVED at ./savemodel/0510_0235PM_MY_PDE/740.onnx
"2023-05-10 14:36:06,271 [INFO] EPISODE 740, LOSS 7.438277721405029
"2023-05-10 14:36:06,415 [INFO] EPISODE 750, LOSS 9.788616180419922
"2023-05-10 14:36:06,549 [INFO] EPISODE 760, LOSS 33.85532760620117
"2023-05-10 14:36:06,674 [INFO] EPISODE 770, LOSS 25.132205963134766
"2023-05-10 14:36:06,807 [INFO] EPISODE 780, LOSS 51.26743698120117
"2023-05-10 14:36:06,948 [INFO] EPISODE 790, LOSS 25.312437057495117
"2023-05-10 14:36:07,081 [INFO] EPISODE 800, LOSS 19.99958610534668
"2023-05-10 14:36:07,222 [INFO] EPISODE 810, LOSS 24.35214614868164
"2023-05-10 14:36:07,360 [INFO] EPISODE 820, LOSS 25.406232833862305
"2023-05-10 14:36:07,487 [INFO] EPISODE 830, LOSS 22.818256378173828
"2023-05-10 14:36:07,616 [INFO] EPISODE 840, LOSS 39.36375045776367
"2023-05-10 14:36:07,745 [INFO] ===== ONNX SAVED at ./savemodel/0510_0235PM_MY_PDE/848.onnx
"2023-05-10 14:36:07,761 [INFO] EPISODE 850, LOSS 7.061679363250732
"2023-05-10 14:36:07,900 [INFO] EPISODE 860, LOSS 21.392765045166016
"2023-05-10 14:36:08,035 [INFO] EPISODE 870, LOSS 17.68341064453125
"2023-05-10 14:36:08,161 [INFO] EPISODE 880, LOSS 18.55172348022461
"2023-05-10 14:36:08,292 [INFO] EPISODE 890, LOSS 28.651639938354492
"2023-05-10 14:36:08,425 [INFO] EPISODE 900, LOSS 23.908000946044922
"2023-05-10 14:36:08,611 [INFO] EPISODE 910, LOSS 20.47478485107422
"2023-05-10 14:36:08,740 [INFO] EPISODE 920, LOSS 28.540325164794922
"2023-05-10 14:36:08,873 [INFO] EPISODE 930, LOSS 12.795252799987793
"2023-05-10 14:36:09,009 [INFO] EPISODE 940, LOSS 36.91558837890625
"2023-05-10 14:36:09,141 [INFO] EPISODE 950, LOSS 11.829707145690918
"2023-05-10 14:36:09,276 [INFO] EPISODE 960, LOSS 21.56123161315918
"2023-05-10 14:36:09,412 [INFO] EPISODE 970, LOSS 19.548845291137695
"2023-05-10 14:36:09,538 [INFO] EPISODE 980, LOSS 42.09839630126953
"2023-05-10 14:36:09,656 [INFO] EPISODE 990, LOSS 31.78766441345215
"2023-05-10 14:36:09,805 [INFO] ===== ONNX SAVED at ./savemodel/0510_0235PM_MY_PDE/1000.onnx
"2023-05-10 14:36:09,805 [INFO] EPISODE 1000, LOSS 40.906097412109375
"2023-05-10 14:36:09,940 [INFO] EPISODE 1010, LOSS 19.07415008544922
"2023-05-10 14:36:10,078 [INFO] EPISODE 1020, LOSS 22.91261100769043
"2023-05-10 14:36:10,214 [INFO] EPISODE 1030, LOSS 29.255544662475586
"2023-05-10 14:36:10,353 [INFO] EPISODE 1040, LOSS 20.963356018066406
"2023-05-10 14:36:10,471 [INFO] EPISODE 1050, LOSS 25.465063095092773
"2023-05-10 14:36:10,589 [INFO] EPISODE 1060, LOSS 16.452701568603516
"2023-05-10 14:36:10,733 [INFO] EPISODE 1070, LOSS 25.269210815429688
"2023-05-10 14:36:10,866 [INFO] EPISODE 1080, LOSS 30.162506103515625
"2023-05-10 14:36:10,995 [INFO] EPISODE 1090, LOSS 13.720004081726074
"2023-05-10 14:36:11,131 [INFO] EPISODE 1100, LOSS 22.922279357910156
"2023-05-10 14:36:11,263 [INFO] EPISODE 1110, LOSS 27.75295639038086
"2023-05-10 14:36:11,399 [INFO] EPISODE 1120, LOSS 16.208953857421875
"2023-05-10 14:36:11,533 [INFO] EPISODE 1130, LOSS 32.12812805175781
"2023-05-10 14:36:11,666 [INFO] EPISODE 1140, LOSS 25.422780990600586
"2023-05-10 14:36:11,852 [INFO] EPISODE 1150, LOSS 8.505911827087402
"2023-05-10 14:36:11,985 [INFO] EPISODE 1160, LOSS 40.69911575317383
"2023-05-10 14:36:12,117 [INFO] EPISODE 1170, LOSS 20.696849822998047
"2023-05-10 14:36:12,256 [INFO] EPISODE 1180, LOSS 17.544265747070312
"2023-05-10 14:36:12,399 [INFO] EPISODE 1190, LOSS 10.464361190795898
"2023-05-10 14:36:12,533 [INFO] EPISODE 1200, LOSS 21.319547653198242
"2023-05-10 14:36:12,669 [INFO] EPISODE 1210, LOSS 18.445816040039062
"2023-05-10 14:36:12,805 [INFO] EPISODE 1220, LOSS 15.674690246582031
"2023-05-10 14:36:12,940 [INFO] EPISODE 1230, LOSS 22.386917114257812
"2023-05-10 14:36:13,074 [INFO] EPISODE 1240, LOSS 21.828765869140625
"2023-05-10 14:36:13,210 [INFO] EPISODE 1250, LOSS 18.611339569091797
"2023-05-10 14:36:13,348 [INFO] EPISODE 1260, LOSS 18.24102020263672
"2023-05-10 14:36:13,479 [INFO] EPISODE 1270, LOSS 15.29086971282959
"2023-05-10 14:36:13,612 [INFO] EPISODE 1280, LOSS 26.75306510925293
"2023-05-10 14:36:13,743 [INFO] EPISODE 1290, LOSS 10.553396224975586
"2023-05-10 14:36:13,879 [INFO] EPISODE 1300, LOSS 12.122623443603516
"2023-05-10 14:36:14,015 [INFO] EPISODE 1310, LOSS 43.254425048828125
"2023-05-10 14:36:14,148 [INFO] EPISODE 1320, LOSS 26.98535919189453
"2023-05-10 14:36:14,279 [INFO] EPISODE 1330, LOSS 16.954227447509766
"2023-05-10 14:36:14,409 [INFO] EPISODE 1340, LOSS 18.30364227294922
"2023-05-10 14:36:14,548 [INFO] EPISODE 1350, LOSS 27.50647735595703
"2023-05-10 14:36:14,682 [INFO] EPISODE 1360, LOSS 17.649211883544922
"2023-05-10 14:36:14,814 [INFO] EPISODE 1370, LOSS 23.271099090576172
"2023-05-10 14:36:14,999 [INFO] EPISODE 1380, LOSS 32.66075897216797
"2023-05-10 14:36:15,129 [INFO] EPISODE 1390, LOSS 22.169414520263672
"2023-05-10 14:36:15,258 [INFO] EPISODE 1400, LOSS 21.245967864990234
"2023-05-10 14:36:15,393 [INFO] EPISODE 1410, LOSS 17.642810821533203
"2023-05-10 14:36:15,530 [INFO] EPISODE 1420, LOSS 19.588302612304688
"2023-05-10 14:36:15,664 [INFO] EPISODE 1430, LOSS 29.381122589111328
"2023-05-10 14:36:15,805 [INFO] EPISODE 1440, LOSS 17.588668823242188
"2023-05-10 14:36:15,936 [INFO] EPISODE 1450, LOSS 16.344440460205078
"2023-05-10 14:36:16,068 [INFO] EPISODE 1460, LOSS 15.748438835144043
"2023-05-10 14:36:16,208 [INFO] EPISODE 1470, LOSS 15.896876335144043
"2023-05-10 14:36:16,342 [INFO] EPISODE 1480, LOSS 15.206836700439453
"2023-05-10 14:36:16,477 [INFO] EPISODE 1490, LOSS 13.97339153289795
"2023-05-10 14:36:16,615 [INFO] ===== ONNX SAVED at ./savemodel/0510_0235PM_MY_PDE/1500.onnx
"2023-05-10 14:36:16,615 [INFO] EPISODE 1500, LOSS 31.328575134277344
"2023-05-10 14:36:16,751 [INFO] EPISODE 1510, LOSS 30.282133102416992
"2023-05-10 14:36:16,884 [INFO] EPISODE 1520, LOSS 18.043045043945312
"2023-05-10 14:36:17,015 [INFO] EPISODE 1530, LOSS 30.619123458862305
"2023-05-10 14:36:17,147 [INFO] EPISODE 1540, LOSS 14.370061874389648
"2023-05-10 14:36:17,298 [INFO] EPISODE 1550, LOSS 24.46895408630371
"2023-05-10 14:36:17,432 [INFO] EPISODE 1560, LOSS 20.305089950561523
"2023-05-10 14:36:17,572 [INFO] EPISODE 1570, LOSS 21.976024627685547
"2023-05-10 14:36:17,706 [INFO] EPISODE 1580, LOSS 33.186683654785156
"2023-05-10 14:36:17,844 [INFO] EPISODE 1590, LOSS 26.024099349975586
"2023-05-10 14:36:18,043 [INFO] EPISODE 1600, LOSS 17.52932357788086
"2023-05-10 14:36:18,180 [INFO] EPISODE 1610, LOSS 22.33502197265625
"2023-05-10 14:36:18,314 [INFO] EPISODE 1620, LOSS 24.624271392822266
"2023-05-10 14:36:18,449 [INFO] EPISODE 1630, LOSS 19.115707397460938
"2023-05-10 14:36:18,592 [INFO] EPISODE 1640, LOSS 22.617155075073242
"2023-05-10 14:36:18,727 [INFO] EPISODE 1650, LOSS 13.542356491088867
"2023-05-10 14:36:18,864 [INFO] EPISODE 1660, LOSS 26.11810874938965
"2023-05-10 14:36:18,996 [INFO] EPISODE 1670, LOSS 18.7962646484375
"2023-05-10 14:36:19,132 [INFO] EPISODE 1680, LOSS 34.539276123046875
"2023-05-10 14:36:19,276 [INFO] EPISODE 1690, LOSS 16.90911865234375
"2023-05-10 14:36:19,398 [INFO] EPISODE 1700, LOSS 20.751535415649414
"2023-05-10 14:36:19,522 [INFO] EPISODE 1710, LOSS 12.89377498626709
"2023-05-10 14:36:19,654 [INFO] EPISODE 1720, LOSS 10.093538284301758
"2023-05-10 14:36:19,798 [INFO] EPISODE 1730, LOSS 39.22040557861328
"2023-05-10 14:36:19,930 [INFO] EPISODE 1740, LOSS 20.63348960876465
"2023-05-10 14:36:20,061 [INFO] EPISODE 1750, LOSS 19.992921829223633
"2023-05-10 14:36:20,156 [INFO] ===== ONNX SAVED at ./savemodel/0510_0235PM_MY_PDE/1754.onnx
"2023-05-10 14:36:20,208 [INFO] EPISODE 1760, LOSS 16.34482192993164
"2023-05-10 14:36:20,342 [INFO] EPISODE 1770, LOSS 26.687999725341797
"2023-05-10 14:36:20,475 [INFO] EPISODE 1780, LOSS 15.906505584716797
"2023-05-10 14:36:20,612 [INFO] EPISODE 1790, LOSS 23.799304962158203
"2023-05-10 14:36:20,748 [INFO] EPISODE 1800, LOSS 13.887435913085938
"2023-05-10 14:36:20,942 [INFO] EPISODE 1810, LOSS 20.573869705200195
"2023-05-10 14:36:21,082 [INFO] EPISODE 1820, LOSS 28.793195724487305
"2023-05-10 14:36:21,222 [INFO] EPISODE 1830, LOSS 32.25503158569336
"2023-05-10 14:36:21,362 [INFO] EPISODE 1840, LOSS 46.724212646484375
"2023-05-10 14:36:21,486 [INFO] EPISODE 1850, LOSS 19.202106475830078
"2023-05-10 14:36:21,623 [INFO] EPISODE 1860, LOSS 38.087989807128906
"2023-05-10 14:36:21,757 [INFO] EPISODE 1870, LOSS 21.89240074157715
"2023-05-10 14:36:21,879 [INFO] EPISODE 1880, LOSS 10.224518775939941
"2023-05-10 14:36:22,000 [INFO] EPISODE 1890, LOSS 23.43665885925293
"2023-05-10 14:36:22,136 [INFO] EPISODE 1900, LOSS 18.012779235839844
"2023-05-10 14:36:22,267 [INFO] EPISODE 1910, LOSS 14.499526977539062
"2023-05-10 14:36:22,410 [INFO] EPISODE 1920, LOSS 31.982648849487305
"2023-05-10 14:36:22,538 [INFO] EPISODE 1930, LOSS 20.308305740356445
"2023-05-10 14:36:22,679 [INFO] EPISODE 1940, LOSS 26.60626220703125
"2023-05-10 14:36:22,813 [INFO] EPISODE 1950, LOSS 16.699695587158203
"2023-05-10 14:36:22,945 [INFO] EPISODE 1960, LOSS 29.027786254882812
"2023-05-10 14:36:23,081 [INFO] EPISODE 1970, LOSS 18.797348022460938
"2023-05-10 14:36:23,214 [INFO] EPISODE 1980, LOSS 27.5478515625
"2023-05-10 14:36:23,337 [INFO] EPISODE 1990, LOSS 23.98064422607422
"2023-05-10 14:36:23,480 [INFO] ===== ONNX SAVED at ./savemodel/0510_0235PM_MY_PDE/2000.onnx
"2023-05-10 14:36:23,480 [INFO] EPISODE 2000, LOSS 18.290390014648438
"2023-05-10 14:36:23,615 [INFO] EPISODE 2010, LOSS 10.637605667114258
"2023-05-10 14:36:23,745 [INFO] EPISODE 2020, LOSS 17.60367202758789
"2023-05-10 14:36:23,873 [INFO] EPISODE 2030, LOSS 13.653360366821289
"2023-05-10 14:36:24,068 [INFO] EPISODE 2040, LOSS 14.988451957702637
"2023-05-10 14:36:24,197 [INFO] EPISODE 2050, LOSS 24.148807525634766
"2023-05-10 14:36:24,330 [INFO] EPISODE 2060, LOSS 25.97755241394043
"2023-05-10 14:36:24,463 [INFO] EPISODE 2070, LOSS 15.699698448181152
"2023-05-10 14:36:24,596 [INFO] EPISODE 2080, LOSS 28.39772605895996
"2023-05-10 14:36:24,714 [INFO] EPISODE 2090, LOSS 30.41011619567871
"2023-05-10 14:36:24,850 [INFO] EPISODE 2100, LOSS 21.71889877319336
"2023-05-10 14:36:24,986 [INFO] EPISODE 2110, LOSS 20.426067352294922
"2023-05-10 14:36:25,121 [INFO] EPISODE 2120, LOSS 24.95760726928711
"2023-05-10 14:36:25,253 [INFO] EPISODE 2130, LOSS 23.468868255615234
"2023-05-10 14:36:25,386 [INFO] EPISODE 2140, LOSS 14.882904052734375
"2023-05-10 14:36:25,519 [INFO] EPISODE 2150, LOSS 29.45583152770996
"2023-05-10 14:36:25,649 [INFO] EPISODE 2160, LOSS 19.899747848510742
"2023-05-10 14:36:25,779 [INFO] EPISODE 2170, LOSS 11.636462211608887
"2023-05-10 14:36:25,911 [INFO] EPISODE 2180, LOSS 35.946990966796875
"2023-05-10 14:36:26,035 [INFO] EPISODE 2190, LOSS 19.93984603881836
"2023-05-10 14:36:26,169 [INFO] EPISODE 2200, LOSS 36.59800720214844
"2023-05-10 14:36:26,301 [INFO] EPISODE 2210, LOSS 28.187435150146484
"2023-05-10 14:36:26,433 [INFO] EPISODE 2220, LOSS 20.647674560546875
"2023-05-10 14:36:26,553 [INFO] EPISODE 2230, LOSS 28.775325775146484
"2023-05-10 14:36:26,679 [INFO] EPISODE 2240, LOSS 29.177366256713867
"2023-05-10 14:36:26,801 [INFO] EPISODE 2250, LOSS 14.462747573852539
"2023-05-10 14:36:26,918 [INFO] EPISODE 2260, LOSS 21.221466064453125
"2023-05-10 14:36:27,050 [INFO] EPISODE 2270, LOSS 22.026775360107422
"2023-05-10 14:36:27,185 [INFO] EPISODE 2280, LOSS 21.437904357910156
"2023-05-10 14:36:27,319 [INFO] EPISODE 2290, LOSS 14.87298583984375
"2023-05-10 14:36:27,452 [INFO] EPISODE 2300, LOSS 25.481826782226562
"2023-05-10 14:36:27,578 [INFO] EPISODE 2310, LOSS 16.813167572021484
"2023-05-10 14:36:27,773 [INFO] EPISODE 2320, LOSS 35.07330322265625
"2023-05-10 14:36:27,908 [INFO] EPISODE 2330, LOSS 24.573104858398438
"2023-05-10 14:36:28,035 [INFO] EPISODE 2340, LOSS 28.80426025390625
"2023-05-10 14:36:28,167 [INFO] EPISODE 2350, LOSS 25.331817626953125
"2023-05-10 14:36:28,300 [INFO] EPISODE 2360, LOSS 14.805929183959961
"2023-05-10 14:36:28,430 [INFO] EPISODE 2370, LOSS 19.7042293548584
"2023-05-10 14:36:28,566 [INFO] EPISODE 2380, LOSS 13.7903470993042
"2023-05-10 14:36:28,695 [INFO] EPISODE 2390, LOSS 18.058469772338867
"2023-05-10 14:36:28,835 [INFO] EPISODE 2400, LOSS 40.29414367675781
"2023-05-10 14:36:28,969 [INFO] EPISODE 2410, LOSS 25.6732234954834
"2023-05-10 14:36:29,096 [INFO] EPISODE 2420, LOSS 19.667997360229492
"2023-05-10 14:36:29,230 [INFO] EPISODE 2430, LOSS 17.13747787475586
"2023-05-10 14:36:29,366 [INFO] EPISODE 2440, LOSS 30.666112899780273
"2023-05-10 14:36:29,502 [INFO] EPISODE 2450, LOSS 23.642349243164062
"2023-05-10 14:36:29,635 [INFO] EPISODE 2460, LOSS 22.29775047302246
"2023-05-10 14:36:29,771 [INFO] EPISODE 2470, LOSS 21.625877380371094
"2023-05-10 14:36:29,905 [INFO] EPISODE 2480, LOSS 18.7652530670166
"2023-05-10 14:36:30,032 [INFO] EPISODE 2490, LOSS 14.952552795410156
"2023-05-10 14:36:30,180 [INFO] ===== ONNX SAVED at ./savemodel/0510_0235PM_MY_PDE/2500.onnx
"2023-05-10 14:36:30,180 [INFO] EPISODE 2500, LOSS 11.97635555267334
"2023-05-10 14:36:30,317 [INFO] EPISODE 2510, LOSS 13.504606246948242
"2023-05-10 14:36:30,455 [INFO] EPISODE 2520, LOSS 20.708086013793945
"2023-05-10 14:36:30,588 [INFO] EPISODE 2530, LOSS 19.58509063720703
"2023-05-10 14:36:30,721 [INFO] EPISODE 2540, LOSS 14.29482650756836
"2023-05-10 14:36:30,852 [INFO] EPISODE 2550, LOSS 18.968612670898438
"2023-05-10 14:36:31,049 [INFO] EPISODE 2560, LOSS 18.055233001708984
"2023-05-10 14:36:31,183 [INFO] EPISODE 2570, LOSS 31.159637451171875
"2023-05-10 14:36:31,324 [INFO] EPISODE 2580, LOSS 25.363386154174805
"2023-05-10 14:36:31,462 [INFO] EPISODE 2590, LOSS 8.524638175964355
"2023-05-10 14:36:31,596 [INFO] EPISODE 2600, LOSS 18.619060516357422
"2023-05-10 14:36:31,737 [INFO] EPISODE 2610, LOSS 24.975139617919922
"2023-05-10 14:36:31,878 [INFO] EPISODE 2620, LOSS 35.78162384033203
"2023-05-10 14:36:32,018 [INFO] EPISODE 2630, LOSS 20.492080688476562
"2023-05-10 14:36:32,155 [INFO] EPISODE 2640, LOSS 16.07428741455078
"2023-05-10 14:36:32,319 [INFO] EPISODE 2650, LOSS 21.527645111083984
"2023-05-10 14:36:32,457 [INFO] EPISODE 2660, LOSS 18.009929656982422
"2023-05-10 14:36:32,589 [INFO] EPISODE 2670, LOSS 5.931069850921631
"2023-05-10 14:36:32,721 [INFO] EPISODE 2680, LOSS 13.409163475036621
"2023-05-10 14:36:32,859 [INFO] EPISODE 2690, LOSS 26.633914947509766
"2023-05-10 14:36:32,994 [INFO] EPISODE 2700, LOSS 18.275426864624023
"2023-05-10 14:36:33,124 [INFO] EPISODE 2710, LOSS 9.568999290466309
"2023-05-10 14:36:33,263 [INFO] EPISODE 2720, LOSS 21.069644927978516
"2023-05-10 14:36:33,382 [INFO] EPISODE 2730, LOSS 16.784542083740234
"2023-05-10 14:36:33,500 [INFO] EPISODE 2740, LOSS 21.1300106048584
"2023-05-10 14:36:33,629 [INFO] EPISODE 2750, LOSS 11.238517761230469
"2023-05-10 14:36:33,765 [INFO] EPISODE 2760, LOSS 26.601360321044922
"2023-05-10 14:36:33,896 [INFO] EPISODE 2770, LOSS 22.092374801635742
"2023-05-10 14:36:34,016 [INFO] EPISODE 2780, LOSS 20.967243194580078
"2023-05-10 14:36:34,136 [INFO] EPISODE 2790, LOSS 20.131534576416016
"2023-05-10 14:36:34,310 [INFO] EPISODE 2800, LOSS 12.945047378540039
"2023-05-10 14:36:34,428 [INFO] EPISODE 2810, LOSS 17.97351837158203
"2023-05-10 14:36:34,547 [INFO] EPISODE 2820, LOSS 42.28383255004883
"2023-05-10 14:36:34,678 [INFO] EPISODE 2830, LOSS 21.34290313720703
"2023-05-10 14:36:34,808 [INFO] EPISODE 2840, LOSS 39.559505462646484
"2023-05-10 14:36:34,935 [INFO] EPISODE 2850, LOSS 17.850744247436523
"2023-05-10 14:36:35,064 [INFO] EPISODE 2860, LOSS 16.13872528076172
"2023-05-10 14:36:35,200 [INFO] EPISODE 2870, LOSS 16.71026611328125
"2023-05-10 14:36:35,334 [INFO] EPISODE 2880, LOSS 24.672134399414062
"2023-05-10 14:36:35,463 [INFO] EPISODE 2890, LOSS 16.489896774291992
"2023-05-10 14:36:35,596 [INFO] EPISODE 2900, LOSS 28.78659439086914
"2023-05-10 14:36:35,733 [INFO] EPISODE 2910, LOSS 29.574382781982422
"2023-05-10 14:36:35,869 [INFO] EPISODE 2920, LOSS 11.777915954589844
"2023-05-10 14:36:36,006 [INFO] EPISODE 2930, LOSS 9.86098861694336
"2023-05-10 14:36:36,137 [INFO] EPISODE 2940, LOSS 17.671497344970703
"2023-05-10 14:36:36,269 [INFO] EPISODE 2950, LOSS 16.11639404296875
"2023-05-10 14:36:36,404 [INFO] EPISODE 2960, LOSS 19.54096221923828
"2023-05-10 14:36:36,543 [INFO] EPISODE 2970, LOSS 16.519393920898438
"2023-05-10 14:36:36,681 [INFO] EPISODE 2980, LOSS 20.680702209472656
"2023-05-10 14:36:36,812 [INFO] EPISODE 2990, LOSS 17.156368255615234
"2023-05-10 14:36:36,949 [INFO] ===== ONNX SAVED at ./savemodel/0510_0235PM_MY_PDE/3000.onnx
"2023-05-10 14:36:36,949 [INFO] EPISODE 3000, LOSS 16.726818084716797
"2023-05-10 14:36:37,082 [INFO] EPISODE 3010, LOSS 20.86578941345215
"2023-05-10 14:36:37,264 [INFO] EPISODE 3020, LOSS 26.334701538085938
"2023-05-10 14:36:37,395 [INFO] EPISODE 3030, LOSS 15.177523612976074
"2023-05-10 14:36:37,503 [INFO] ===== ONNX SAVED at ./savemodel/0510_0235PM_MY_PDE/3036.onnx
"2023-05-10 14:36:37,540 [INFO] EPISODE 3040, LOSS 30.14826774597168
"2023-05-10 14:36:37,673 [INFO] EPISODE 3050, LOSS 27.741262435913086
"2023-05-10 14:36:37,808 [INFO] EPISODE 3060, LOSS 12.735593795776367
"2023-05-10 14:36:37,942 [INFO] EPISODE 3070, LOSS 9.603426933288574
"2023-05-10 14:36:38,070 [INFO] EPISODE 3080, LOSS 17.791921615600586
"2023-05-10 14:36:38,204 [INFO] EPISODE 3090, LOSS 20.96395492553711
"2023-05-10 14:36:38,339 [INFO] EPISODE 3100, LOSS 8.843270301818848
"2023-05-10 14:36:38,473 [INFO] EPISODE 3110, LOSS 19.086013793945312
"2023-05-10 14:36:38,604 [INFO] EPISODE 3120, LOSS 34.04628372192383
"2023-05-10 14:36:38,737 [INFO] EPISODE 3130, LOSS 27.57468032836914
"2023-05-10 14:36:38,872 [INFO] EPISODE 3140, LOSS 23.565265655517578
"2023-05-10 14:36:39,004 [INFO] EPISODE 3150, LOSS 14.72425651550293
"2023-05-10 14:36:39,142 [INFO] EPISODE 3160, LOSS 26.507369995117188
"2023-05-10 14:36:39,277 [INFO] EPISODE 3170, LOSS 15.8331937789917
"2023-05-10 14:36:39,408 [INFO] EPISODE 3180, LOSS 39.817283630371094
"2023-05-10 14:36:39,535 [INFO] EPISODE 3190, LOSS 26.42023277282715
"2023-05-10 14:36:39,669 [INFO] EPISODE 3200, LOSS 23.30080795288086
"2023-05-10 14:36:39,804 [INFO] EPISODE 3210, LOSS 21.840679168701172
"2023-05-10 14:36:39,932 [INFO] EPISODE 3220, LOSS 25.31117057800293
"2023-05-10 14:36:40,063 [INFO] EPISODE 3230, LOSS 19.558856964111328
"2023-05-10 14:36:40,189 [INFO] EPISODE 3240, LOSS 61.701332092285156
"2023-05-10 14:36:40,376 [INFO] EPISODE 3250, LOSS 73.4061050415039
"2023-05-10 14:36:40,513 [INFO] EPISODE 3260, LOSS 15.605880737304688
"2023-05-10 14:36:40,645 [INFO] EPISODE 3270, LOSS 10.507942199707031
"2023-05-10 14:36:40,777 [INFO] EPISODE 3280, LOSS 28.249313354492188
"2023-05-10 14:36:40,909 [INFO] EPISODE 3290, LOSS 17.432613372802734
"2023-05-10 14:36:41,042 [INFO] EPISODE 3300, LOSS 35.10422897338867
"2023-05-10 14:36:41,174 [INFO] EPISODE 3310, LOSS 43.05072021484375
"2023-05-10 14:36:41,310 [INFO] EPISODE 3320, LOSS 15.619921684265137
"2023-05-10 14:36:41,450 [INFO] EPISODE 3330, LOSS 29.507308959960938
"2023-05-10 14:36:41,584 [INFO] EPISODE 3340, LOSS 11.305357933044434
"2023-05-10 14:36:41,716 [INFO] EPISODE 3350, LOSS 17.670583724975586
"2023-05-10 14:36:41,856 [INFO] EPISODE 3360, LOSS 22.21474838256836
"2023-05-10 14:36:41,984 [INFO] EPISODE 3370, LOSS 15.546576499938965
"2023-05-10 14:36:42,120 [INFO] EPISODE 3380, LOSS 20.08466148376465
"2023-05-10 14:36:42,249 [INFO] EPISODE 3390, LOSS 17.89194107055664
"2023-05-10 14:36:42,386 [INFO] EPISODE 3400, LOSS 18.6464900970459
"2023-05-10 14:36:42,519 [INFO] EPISODE 3410, LOSS 17.731666564941406
"2023-05-10 14:36:42,655 [INFO] EPISODE 3420, LOSS 9.526338577270508
"2023-05-10 14:36:42,791 [INFO] EPISODE 3430, LOSS 23.42896842956543
"2023-05-10 14:36:42,928 [INFO] EPISODE 3440, LOSS 13.141376495361328
"2023-05-10 14:36:43,062 [INFO] EPISODE 3450, LOSS 7.249358177185059
"2023-05-10 14:36:43,190 [INFO] EPISODE 3460, LOSS 32.73787307739258
"2023-05-10 14:36:43,379 [INFO] EPISODE 3470, LOSS 29.752307891845703
"2023-05-10 14:36:43,499 [INFO] EPISODE 3480, LOSS 11.36799144744873
"2023-05-10 14:36:43,620 [INFO] EPISODE 3490, LOSS 38.85078430175781
"2023-05-10 14:36:43,749 [INFO] ===== ONNX SAVED at ./savemodel/0510_0235PM_MY_PDE/3500.onnx
"2023-05-10 14:36:43,749 [INFO] EPISODE 3500, LOSS 13.476156234741211
"2023-05-10 14:36:43,882 [INFO] EPISODE 3510, LOSS 15.02239990234375
"2023-05-10 14:36:44,016 [INFO] EPISODE 3520, LOSS 26.92209243774414
"2023-05-10 14:36:44,153 [INFO] EPISODE 3530, LOSS 35.327972412109375
"2023-05-10 14:36:44,292 [INFO] EPISODE 3540, LOSS 14.468664169311523
"2023-05-10 14:36:44,426 [INFO] EPISODE 3550, LOSS 22.279569625854492
"2023-05-10 14:36:44,558 [INFO] EPISODE 3560, LOSS 21.686222076416016
"2023-05-10 14:36:44,696 [INFO] EPISODE 3570, LOSS 21.43782615661621
"2023-05-10 14:36:44,834 [INFO] EPISODE 3580, LOSS 21.5813045501709
"2023-05-10 14:36:44,967 [INFO] EPISODE 3590, LOSS 10.996577262878418
"2023-05-10 14:36:45,106 [INFO] EPISODE 3600, LOSS 51.65000915527344
"2023-05-10 14:36:45,240 [INFO] EPISODE 3610, LOSS 22.8391170501709
"2023-05-10 14:36:45,382 [INFO] EPISODE 3620, LOSS 25.4383544921875
"2023-05-10 14:36:45,518 [INFO] EPISODE 3630, LOSS 13.915709495544434
"2023-05-10 14:36:45,651 [INFO] EPISODE 3640, LOSS 15.254328727722168
"2023-05-10 14:36:45,787 [INFO] EPISODE 3650, LOSS 30.29571533203125
"2023-05-10 14:36:45,925 [INFO] EPISODE 3660, LOSS 19.35823631286621
"2023-05-10 14:36:46,051 [INFO] EPISODE 3670, LOSS 11.540151596069336
"2023-05-10 14:36:46,235 [INFO] EPISODE 3680, LOSS 16.01727294921875
"2023-05-10 14:36:46,369 [INFO] EPISODE 3690, LOSS 18.570045471191406
"2023-05-10 14:36:46,490 [INFO] EPISODE 3700, LOSS 24.318471908569336
"2023-05-10 14:36:46,630 [INFO] EPISODE 3710, LOSS 15.552385330200195
"2023-05-10 14:36:46,769 [INFO] EPISODE 3720, LOSS 21.21696662902832
"2023-05-10 14:36:46,903 [INFO] EPISODE 3730, LOSS 14.840604782104492
"2023-05-10 14:36:47,032 [INFO] EPISODE 3740, LOSS 11.62863826751709
"2023-05-10 14:36:47,170 [INFO] EPISODE 3750, LOSS 17.009971618652344
"2023-05-10 14:36:47,299 [INFO] EPISODE 3760, LOSS 43.9747314453125
"2023-05-10 14:36:47,432 [INFO] EPISODE 3770, LOSS 17.378196716308594
"2023-05-10 14:36:47,566 [INFO] EPISODE 3780, LOSS 12.909111022949219
"2023-05-10 14:36:47,705 [INFO] EPISODE 3790, LOSS 20.991378784179688
"2023-05-10 14:36:47,838 [INFO] EPISODE 3800, LOSS 15.766322135925293
"2023-05-10 14:36:47,967 [INFO] EPISODE 3810, LOSS 17.684629440307617
"2023-05-10 14:36:48,099 [INFO] EPISODE 3820, LOSS 22.476116180419922
"2023-05-10 14:36:48,233 [INFO] EPISODE 3830, LOSS 26.96913719177246
"2023-05-10 14:36:48,367 [INFO] EPISODE 3840, LOSS 23.695613861083984
"2023-05-10 14:36:48,501 [INFO] EPISODE 3850, LOSS 19.92177391052246
"2023-05-10 14:36:48,637 [INFO] EPISODE 3860, LOSS 12.622584342956543
"2023-05-10 14:36:48,774 [INFO] EPISODE 3870, LOSS 20.357683181762695
"2023-05-10 14:36:48,907 [INFO] EPISODE 3880, LOSS 12.80072021484375
"2023-05-10 14:36:49,043 [INFO] EPISODE 3890, LOSS 25.796749114990234
"2023-05-10 14:36:49,177 [INFO] EPISODE 3900, LOSS 19.074237823486328
"2023-05-10 14:36:49,370 [INFO] EPISODE 3910, LOSS 33.58674240112305
"2023-05-10 14:36:49,503 [INFO] EPISODE 3920, LOSS 17.661895751953125
"2023-05-10 14:36:49,639 [INFO] EPISODE 3930, LOSS 25.7011775970459
"2023-05-10 14:36:49,771 [INFO] EPISODE 3940, LOSS 29.393539428710938
"2023-05-10 14:36:49,908 [INFO] EPISODE 3950, LOSS 16.384681701660156
"2023-05-10 14:36:50,040 [INFO] EPISODE 3960, LOSS 25.994796752929688
"2023-05-10 14:36:50,175 [INFO] EPISODE 3970, LOSS 16.333900451660156
"2023-05-10 14:36:50,307 [INFO] EPISODE 3980, LOSS 45.63766098022461
"2023-05-10 14:36:50,444 [INFO] EPISODE 3990, LOSS 19.771581649780273
"2023-05-10 14:36:50,592 [INFO] ===== ONNX SAVED at ./savemodel/0510_0235PM_MY_PDE/4000.onnx
"2023-05-10 14:36:50,592 [INFO] EPISODE 4000, LOSS 15.365920066833496
"2023-05-10 14:36:50,729 [INFO] EPISODE 4010, LOSS 23.617164611816406
"2023-05-10 14:36:50,869 [INFO] EPISODE 4020, LOSS 26.307201385498047
"2023-05-10 14:36:51,012 [INFO] EPISODE 4030, LOSS 17.400569915771484
"2023-05-10 14:36:51,147 [INFO] EPISODE 4040, LOSS 11.734018325805664
"2023-05-10 14:36:51,280 [INFO] EPISODE 4050, LOSS 16.96955680847168
"2023-05-10 14:36:51,416 [INFO] EPISODE 4060, LOSS 39.18428421020508
"2023-05-10 14:36:51,549 [INFO] EPISODE 4070, LOSS 14.556331634521484
"2023-05-10 14:36:51,679 [INFO] EPISODE 4080, LOSS 30.44317626953125
"2023-05-10 14:36:51,814 [INFO] EPISODE 4090, LOSS 18.64138412475586
"2023-05-10 14:36:51,952 [INFO] EPISODE 4100, LOSS 28.019729614257812
"2023-05-10 14:36:52,081 [INFO] EPISODE 4110, LOSS 27.6091365814209
"2023-05-10 14:36:52,210 [INFO] EPISODE 4120, LOSS 33.53218078613281
"2023-05-10 14:36:52,396 [INFO] EPISODE 4130, LOSS 58.43445587158203
"2023-05-10 14:36:52,535 [INFO] EPISODE 4140, LOSS 14.162578582763672
"2023-05-10 14:36:52,664 [INFO] EPISODE 4150, LOSS 14.740900993347168
"2023-05-10 14:36:52,793 [INFO] EPISODE 4160, LOSS 9.80109691619873
"2023-05-10 14:36:52,919 [INFO] EPISODE 4170, LOSS 17.423545837402344
"2023-05-10 14:36:53,052 [INFO] EPISODE 4180, LOSS 27.484344482421875
"2023-05-10 14:36:53,179 [INFO] EPISODE 4190, LOSS 19.24538803100586
"2023-05-10 14:36:53,307 [INFO] EPISODE 4200, LOSS 18.250564575195312
"2023-05-10 14:36:53,434 [INFO] EPISODE 4210, LOSS 16.491619110107422
"2023-05-10 14:36:53,570 [INFO] EPISODE 4220, LOSS 10.268268585205078
"2023-05-10 14:36:53,703 [INFO] EPISODE 4230, LOSS 12.603675842285156
"2023-05-10 14:36:53,843 [INFO] EPISODE 4240, LOSS 25.157623291015625
"2023-05-10 14:36:53,976 [INFO] EPISODE 4250, LOSS 8.14185619354248
"2023-05-10 14:36:54,105 [INFO] EPISODE 4260, LOSS 17.227859497070312
"2023-05-10 14:36:54,235 [INFO] EPISODE 4270, LOSS 25.39925193786621
"2023-05-10 14:36:54,366 [INFO] EPISODE 4280, LOSS 41.32566833496094
"2023-05-10 14:36:54,495 [INFO] EPISODE 4290, LOSS 23.8389892578125
"2023-05-10 14:36:54,624 [INFO] EPISODE 4300, LOSS 36.756553649902344
"2023-05-10 14:36:54,752 [INFO] EPISODE 4310, LOSS 9.235345840454102
"2023-05-10 14:36:54,886 [INFO] EPISODE 4320, LOSS 31.772207260131836
"2023-05-10 14:36:55,007 [INFO] EPISODE 4330, LOSS 15.920000076293945
"2023-05-10 14:36:55,141 [INFO] EPISODE 4340, LOSS 19.793779373168945
"2023-05-10 14:36:55,268 [INFO] EPISODE 4350, LOSS 10.931028366088867
"2023-05-10 14:36:55,386 [INFO] EPISODE 4360, LOSS 20.59006690979004
"2023-05-10 14:36:55,517 [INFO] EPISODE 4370, LOSS 25.50714874267578
"2023-05-10 14:36:55,638 [INFO] EPISODE 4380, LOSS 16.6444091796875
"2023-05-10 14:36:55,823 [INFO] EPISODE 4390, LOSS 17.209735870361328
"2023-05-10 14:36:55,955 [INFO] EPISODE 4400, LOSS 13.305480003356934
"2023-05-10 14:36:56,089 [INFO] EPISODE 4410, LOSS 17.15190315246582
"2023-05-10 14:36:56,220 [INFO] EPISODE 4420, LOSS 15.128074645996094
"2023-05-10 14:36:56,344 [INFO] EPISODE 4430, LOSS 15.533892631530762
"2023-05-10 14:36:56,464 [INFO] EPISODE 4440, LOSS 19.747039794921875
"2023-05-10 14:36:56,591 [INFO] EPISODE 4450, LOSS 17.496601104736328
"2023-05-10 14:36:56,728 [INFO] EPISODE 4460, LOSS 18.302799224853516
"2023-05-10 14:36:56,857 [INFO] EPISODE 4470, LOSS 39.815650939941406
"2023-05-10 14:36:56,992 [INFO] EPISODE 4480, LOSS 17.923282623291016
"2023-05-10 14:36:57,127 [INFO] EPISODE 4490, LOSS 21.993253707885742
"2023-05-10 14:36:57,266 [INFO] ===== ONNX SAVED at ./savemodel/0510_0235PM_MY_PDE/4500.onnx
"2023-05-10 14:36:57,266 [INFO] EPISODE 4500, LOSS 19.067264556884766
"2023-05-10 14:36:57,397 [INFO] EPISODE 4510, LOSS 13.144783020019531
"2023-05-10 14:36:57,528 [INFO] EPISODE 4520, LOSS 21.99176025390625
"2023-05-10 14:36:57,661 [INFO] EPISODE 4530, LOSS 13.21186637878418
"2023-05-10 14:36:57,795 [INFO] EPISODE 4540, LOSS 7.949202537536621
"2023-05-10 14:36:57,926 [INFO] EPISODE 4550, LOSS 12.565272331237793
"2023-05-10 14:36:58,064 [INFO] EPISODE 4560, LOSS 16.877248764038086
"2023-05-10 14:36:58,193 [INFO] EPISODE 4570, LOSS 8.637514114379883
"2023-05-10 14:36:58,326 [INFO] EPISODE 4580, LOSS 22.950429916381836
"2023-05-10 14:36:58,451 [INFO] EPISODE 4590, LOSS 15.514532089233398
"2023-05-10 14:36:58,579 [INFO] EPISODE 4600, LOSS 23.80358123779297
"2023-05-10 14:36:58,712 [INFO] EPISODE 4610, LOSS 17.116281509399414
"2023-05-10 14:36:58,841 [INFO] EPISODE 4620, LOSS 8.146138191223145
"2023-05-10 14:36:58,977 [INFO] EPISODE 4630, LOSS 32.77497100830078
"2023-05-10 14:36:59,156 [INFO] EPISODE 4640, LOSS 29.845836639404297
"2023-05-10 14:36:59,290 [INFO] EPISODE 4650, LOSS 31.134822845458984
"2023-05-10 14:36:59,422 [INFO] EPISODE 4660, LOSS 22.602025985717773
"2023-05-10 14:36:59,560 [INFO] EPISODE 4670, LOSS 33.91122055053711
"2023-05-10 14:36:59,683 [INFO] EPISODE 4680, LOSS 15.74531364440918
"2023-05-10 14:36:59,810 [INFO] EPISODE 4690, LOSS 34.198890686035156
"2023-05-10 14:36:59,948 [INFO] EPISODE 4700, LOSS 23.744550704956055
"2023-05-10 14:37:00,066 [INFO] EPISODE 4710, LOSS 10.1399564743042
"2023-05-10 14:37:00,199 [INFO] EPISODE 4720, LOSS 33.401180267333984
"2023-05-10 14:37:00,329 [INFO] EPISODE 4730, LOSS 32.43054962158203
"2023-05-10 14:37:00,461 [INFO] EPISODE 4740, LOSS 16.436065673828125
"2023-05-10 14:37:00,595 [INFO] EPISODE 4750, LOSS 19.029354095458984
"2023-05-10 14:37:00,732 [INFO] EPISODE 4760, LOSS 29.26381492614746
"2023-05-10 14:37:00,864 [INFO] EPISODE 4770, LOSS 23.77811050415039
"2023-05-10 14:37:00,993 [INFO] EPISODE 4780, LOSS 14.480860710144043
"2023-05-10 14:37:01,123 [INFO] EPISODE 4790, LOSS 28.80249786376953
"2023-05-10 14:37:01,254 [INFO] EPISODE 4800, LOSS 25.500171661376953
"2023-05-10 14:37:01,391 [INFO] EPISODE 4810, LOSS 20.758209228515625
"2023-05-10 14:37:01,524 [INFO] EPISODE 4820, LOSS 24.066375732421875
"2023-05-10 14:37:01,661 [INFO] EPISODE 4830, LOSS 7.187663555145264
"2023-05-10 14:37:01,795 [INFO] EPISODE 4840, LOSS 25.78761100769043
"2023-05-10 14:37:01,930 [INFO] EPISODE 4850, LOSS 27.983001708984375
"2023-05-10 14:37:02,061 [INFO] EPISODE 4860, LOSS 28.167043685913086
"2023-05-10 14:37:02,197 [INFO] EPISODE 4870, LOSS 17.322614669799805
"2023-05-10 14:37:02,382 [INFO] EPISODE 4880, LOSS 29.202178955078125
"2023-05-10 14:37:02,515 [INFO] EPISODE 4890, LOSS 17.227439880371094
"2023-05-10 14:37:02,647 [INFO] EPISODE 4900, LOSS 15.524313926696777
"2023-05-10 14:37:02,786 [INFO] EPISODE 4910, LOSS 20.541017532348633
"2023-05-10 14:37:02,921 [INFO] EPISODE 4920, LOSS 15.349223136901855
"2023-05-10 14:37:03,058 [INFO] EPISODE 4930, LOSS 22.9084529876709
"2023-05-10 14:37:03,194 [INFO] EPISODE 4940, LOSS 12.704010009765625
"2023-05-10 14:37:03,329 [INFO] EPISODE 4950, LOSS 12.595222473144531
"2023-05-10 14:37:03,461 [INFO] EPISODE 4960, LOSS 18.83831787109375
"2023-05-10 14:37:03,595 [INFO] EPISODE 4970, LOSS 24.246801376342773
"2023-05-10 14:37:03,727 [INFO] EPISODE 4980, LOSS 14.458369255065918
"2023-05-10 14:37:03,862 [INFO] EPISODE 4990, LOSS 16.81658172607422
"2023-05-10 14:37:04,008 [INFO] ===== ONNX SAVED at ./savemodel/0510_0235PM_MY_PDE/5000.onnx
"2023-05-10 14:37:04,008 [INFO] EPISODE 5000, LOSS 31.26418113708496
"2023-05-10 14:37:04,143 [INFO] EPISODE 5010, LOSS 16.244422912597656
"2023-05-10 14:37:04,276 [INFO] EPISODE 5020, LOSS 18.769153594970703
"2023-05-10 14:37:04,409 [INFO] EPISODE 5030, LOSS 10.213858604431152
"2023-05-10 14:37:04,547 [INFO] EPISODE 5040, LOSS 13.618685722351074
"2023-05-10 14:37:04,686 [INFO] EPISODE 5050, LOSS 9.523040771484375
"2023-05-10 14:37:04,817 [INFO] EPISODE 5060, LOSS 17.512096405029297
"2023-05-10 14:37:04,950 [INFO] EPISODE 5070, LOSS 27.935476303100586
"2023-05-10 14:37:05,079 [INFO] EPISODE 5080, LOSS 19.86646270751953
"2023-05-10 14:37:05,212 [INFO] EPISODE 5090, LOSS 13.139450073242188
"2023-05-10 14:37:05,349 [INFO] EPISODE 5100, LOSS 25.9482421875
"2023-05-10 14:37:05,480 [INFO] EPISODE 5110, LOSS 11.61325740814209
"2023-05-10 14:37:05,663 [INFO] EPISODE 5120, LOSS 24.514286041259766
"2023-05-10 14:37:05,794 [INFO] EPISODE 5130, LOSS 17.237878799438477
"2023-05-10 14:37:05,922 [INFO] EPISODE 5140, LOSS 12.639398574829102
"2023-05-10 14:37:06,056 [INFO] EPISODE 5150, LOSS 10.430791854858398
"2023-05-10 14:37:06,186 [INFO] EPISODE 5160, LOSS 18.035724639892578
"2023-05-10 14:37:06,309 [INFO] EPISODE 5170, LOSS 18.50597381591797
"2023-05-10 14:37:06,445 [INFO] EPISODE 5180, LOSS 21.831092834472656
"2023-05-10 14:37:06,578 [INFO] EPISODE 5190, LOSS 23.434078216552734
"2023-05-10 14:37:06,710 [INFO] EPISODE 5200, LOSS 7.563491344451904
"2023-05-10 14:37:06,843 [INFO] EPISODE 5210, LOSS 16.912662506103516
"2023-05-10 14:37:06,975 [INFO] EPISODE 5220, LOSS 17.037527084350586
"2023-05-10 14:37:07,112 [INFO] EPISODE 5230, LOSS 16.723922729492188
"2023-05-10 14:37:07,249 [INFO] EPISODE 5240, LOSS 13.729711532592773
"2023-05-10 14:37:07,388 [INFO] EPISODE 5250, LOSS 18.392223358154297
"2023-05-10 14:37:07,524 [INFO] EPISODE 5260, LOSS 25.235210418701172
"2023-05-10 14:37:07,656 [INFO] EPISODE 5270, LOSS 27.897552490234375
"2023-05-10 14:37:07,788 [INFO] EPISODE 5280, LOSS 12.488431930541992
"2023-05-10 14:37:07,925 [INFO] EPISODE 5290, LOSS 12.742877006530762
"2023-05-10 14:37:08,057 [INFO] EPISODE 5300, LOSS 18.224227905273438
"2023-05-10 14:37:08,194 [INFO] EPISODE 5310, LOSS 10.643534660339355
"2023-05-10 14:37:08,327 [INFO] EPISODE 5320, LOSS 19.495882034301758
"2023-05-10 14:37:08,455 [INFO] EPISODE 5330, LOSS 20.229888916015625
"2023-05-10 14:37:08,586 [INFO] EPISODE 5340, LOSS 17.464736938476562
"2023-05-10 14:37:08,729 [INFO] EPISODE 5350, LOSS 15.563345909118652
"2023-05-10 14:37:08,920 [INFO] EPISODE 5360, LOSS 20.604276657104492
"2023-05-10 14:37:09,058 [INFO] EPISODE 5370, LOSS 19.136577606201172
"2023-05-10 14:37:09,193 [INFO] EPISODE 5380, LOSS 15.796943664550781
"2023-05-10 14:37:09,325 [INFO] EPISODE 5390, LOSS 18.062856674194336
"2023-05-10 14:37:09,462 [INFO] EPISODE 5400, LOSS 6.881587505340576
"2023-05-10 14:37:09,594 [INFO] EPISODE 5410, LOSS 24.62155532836914
"2023-05-10 14:37:09,730 [INFO] EPISODE 5420, LOSS 20.284225463867188
"2023-05-10 14:37:09,862 [INFO] EPISODE 5430, LOSS 18.972885131835938
"2023-05-10 14:37:09,996 [INFO] EPISODE 5440, LOSS 25.436538696289062
"2023-05-10 14:37:10,132 [INFO] EPISODE 5450, LOSS 17.52983856201172
"2023-05-10 14:37:10,264 [INFO] EPISODE 5460, LOSS 13.192861557006836
"2023-05-10 14:37:10,396 [INFO] EPISODE 5470, LOSS 17.081737518310547
"2023-05-10 14:37:10,533 [INFO] EPISODE 5480, LOSS 18.728496551513672
"2023-05-10 14:37:10,671 [INFO] EPISODE 5490, LOSS 15.559295654296875
"2023-05-10 14:37:10,810 [INFO] ===== ONNX SAVED at ./savemodel/0510_0235PM_MY_PDE/5500.onnx
"2023-05-10 14:37:10,810 [INFO] EPISODE 5500, LOSS 16.912967681884766
"2023-05-10 14:37:10,948 [INFO] EPISODE 5510, LOSS 33.657684326171875
"2023-05-10 14:37:11,076 [INFO] EPISODE 5520, LOSS 14.967353820800781
"2023-05-10 14:37:11,213 [INFO] EPISODE 5530, LOSS 16.11859130859375
"2023-05-10 14:37:11,348 [INFO] EPISODE 5540, LOSS 15.017154693603516
"2023-05-10 14:37:11,486 [INFO] EPISODE 5550, LOSS 33.6325798034668
"2023-05-10 14:37:11,615 [INFO] EPISODE 5560, LOSS 19.17487907409668
"2023-05-10 14:37:11,745 [INFO] EPISODE 5570, LOSS 19.38089370727539
"2023-05-10 14:37:11,881 [INFO] EPISODE 5580, LOSS 15.57723617553711
"2023-05-10 14:37:12,013 [INFO] EPISODE 5590, LOSS 18.01825714111328
"2023-05-10 14:37:12,195 [INFO] EPISODE 5600, LOSS 27.87729263305664
"2023-05-10 14:37:12,323 [INFO] EPISODE 5610, LOSS 20.88687515258789
"2023-05-10 14:37:12,456 [INFO] EPISODE 5620, LOSS 15.785906791687012
"2023-05-10 14:37:12,588 [INFO] EPISODE 5630, LOSS 28.06013298034668
"2023-05-10 14:37:12,721 [INFO] EPISODE 5640, LOSS 14.793456077575684
"2023-05-10 14:37:12,852 [INFO] EPISODE 5650, LOSS 28.1064453125
"2023-05-10 14:37:12,989 [INFO] EPISODE 5660, LOSS 20.32973861694336
"2023-05-10 14:37:13,111 [INFO] EPISODE 5670, LOSS 17.758224487304688
"2023-05-10 14:37:13,239 [INFO] EPISODE 5680, LOSS 21.457275390625
"2023-05-10 14:37:13,371 [INFO] EPISODE 5690, LOSS 20.968713760375977
"2023-05-10 14:37:13,504 [INFO] EPISODE 5700, LOSS 25.4608154296875
"2023-05-10 14:37:13,638 [INFO] EPISODE 5710, LOSS 22.13226890563965
"2023-05-10 14:37:13,770 [INFO] EPISODE 5720, LOSS 17.39019012451172
"2023-05-10 14:37:13,905 [INFO] EPISODE 5730, LOSS 27.59229278564453
"2023-05-10 14:37:14,048 [INFO] EPISODE 5740, LOSS 24.722698211669922
"2023-05-10 14:37:14,177 [INFO] EPISODE 5750, LOSS 16.390607833862305
"2023-05-10 14:37:14,313 [INFO] EPISODE 5760, LOSS 10.347576141357422
"2023-05-10 14:37:14,446 [INFO] EPISODE 5770, LOSS 10.385648727416992
"2023-05-10 14:37:14,578 [INFO] EPISODE 5780, LOSS 14.42266845703125
"2023-05-10 14:37:14,716 [INFO] EPISODE 5790, LOSS 35.79261016845703
"2023-05-10 14:37:14,850 [INFO] EPISODE 5800, LOSS 19.161983489990234
"2023-05-10 14:37:14,983 [INFO] EPISODE 5810, LOSS 17.631771087646484
"2023-05-10 14:37:15,115 [INFO] EPISODE 5820, LOSS 23.681631088256836
"2023-05-10 14:37:15,248 [INFO] EPISODE 5830, LOSS 16.904884338378906
"2023-05-10 14:37:15,447 [INFO] EPISODE 5840, LOSS 32.19588851928711
"2023-05-10 14:37:15,584 [INFO] EPISODE 5850, LOSS 25.405250549316406
"2023-05-10 14:37:15,715 [INFO] EPISODE 5860, LOSS 31.443458557128906
"2023-05-10 14:37:15,853 [INFO] EPISODE 5870, LOSS 13.165475845336914
"2023-05-10 14:37:15,997 [INFO] EPISODE 5880, LOSS 17.450496673583984
"2023-05-10 14:37:16,129 [INFO] EPISODE 5890, LOSS 11.863123893737793
"2023-05-10 14:37:16,261 [INFO] EPISODE 5900, LOSS 30.732831954956055
"2023-05-10 14:37:16,399 [INFO] EPISODE 5910, LOSS 22.517467498779297
"2023-05-10 14:37:16,531 [INFO] EPISODE 5920, LOSS 52.399497985839844
"2023-05-10 14:37:16,666 [INFO] EPISODE 5930, LOSS 21.342199325561523
"2023-05-10 14:37:16,802 [INFO] EPISODE 5940, LOSS 23.924522399902344
"2023-05-10 14:37:16,934 [INFO] EPISODE 5950, LOSS 14.751777648925781
"2023-05-10 14:37:17,066 [INFO] EPISODE 5960, LOSS 9.741527557373047
"2023-05-10 14:37:17,205 [INFO] EPISODE 5970, LOSS 8.159799575805664
"2023-05-10 14:37:17,343 [INFO] EPISODE 5980, LOSS 11.818994522094727
"2023-05-10 14:37:17,482 [INFO] EPISODE 5990, LOSS 21.587316513061523
"2023-05-10 14:37:17,612 [INFO] ===== ONNX SAVED at ./savemodel/0510_0235PM_MY_PDE/6000.onnx
"2023-05-10 14:37:17,612 [INFO] EPISODE 6000, LOSS 18.3808536529541
"2023-05-10 14:37:17,746 [INFO] EPISODE 6010, LOSS 12.114635467529297
"2023-05-10 14:37:17,880 [INFO] EPISODE 6020, LOSS 21.34177017211914
"2023-05-10 14:37:18,014 [INFO] EPISODE 6030, LOSS 21.15575408935547
"2023-05-10 14:37:18,153 [INFO] EPISODE 6040, LOSS 17.974735260009766
"2023-05-10 14:37:18,288 [INFO] EPISODE 6050, LOSS 20.386444091796875
"2023-05-10 14:37:18,483 [INFO] EPISODE 6060, LOSS 17.181781768798828
"2023-05-10 14:37:18,613 [INFO] EPISODE 6070, LOSS 26.242752075195312
"2023-05-10 14:37:18,747 [INFO] EPISODE 6080, LOSS 18.627880096435547
"2023-05-10 14:37:18,884 [INFO] EPISODE 6090, LOSS 8.766890525817871
"2023-05-10 14:37:19,019 [INFO] EPISODE 6100, LOSS 17.737442016601562
"2023-05-10 14:37:19,146 [INFO] EPISODE 6110, LOSS 20.838132858276367
"2023-05-10 14:37:19,276 [INFO] EPISODE 6120, LOSS 22.410381317138672
"2023-05-10 14:37:19,409 [INFO] EPISODE 6130, LOSS 15.784393310546875
"2023-05-10 14:37:19,549 [INFO] EPISODE 6140, LOSS 23.825284957885742
"2023-05-10 14:37:19,681 [INFO] EPISODE 6150, LOSS 30.2947998046875
"2023-05-10 14:37:19,817 [INFO] EPISODE 6160, LOSS 17.856884002685547
"2023-05-10 14:37:19,954 [INFO] EPISODE 6170, LOSS 21.437744140625
"2023-05-10 14:37:20,090 [INFO] EPISODE 6180, LOSS 12.622861862182617
"2023-05-10 14:37:20,225 [INFO] EPISODE 6190, LOSS 27.69969940185547
"2023-05-10 14:37:20,363 [INFO] EPISODE 6200, LOSS 31.145092010498047
"2023-05-10 14:37:20,504 [INFO] EPISODE 6210, LOSS 8.996585845947266
"2023-05-10 14:37:20,641 [INFO] EPISODE 6220, LOSS 18.434215545654297
"2023-05-10 14:37:20,780 [INFO] EPISODE 6230, LOSS 16.132802963256836
"2023-05-10 14:37:20,920 [INFO] EPISODE 6240, LOSS 8.399680137634277
"2023-05-10 14:37:21,056 [INFO] EPISODE 6250, LOSS 20.563491821289062
"2023-05-10 14:37:21,189 [INFO] EPISODE 6260, LOSS 10.948835372924805
"2023-05-10 14:37:21,379 [INFO] EPISODE 6270, LOSS 21.32417869567871
"2023-05-10 14:37:21,516 [INFO] EPISODE 6280, LOSS 18.88213348388672
"2023-05-10 14:37:21,652 [INFO] EPISODE 6290, LOSS 32.18040084838867
"2023-05-10 14:37:21,789 [INFO] EPISODE 6300, LOSS 22.461288452148438
"2023-05-10 14:37:21,926 [INFO] EPISODE 6310, LOSS 13.067973136901855
"2023-05-10 14:37:22,064 [INFO] EPISODE 6320, LOSS 28.35034942626953
"2023-05-10 14:37:22,203 [INFO] EPISODE 6330, LOSS 19.24102783203125
"2023-05-10 14:37:22,339 [INFO] EPISODE 6340, LOSS 22.41446304321289
"2023-05-10 14:37:22,477 [INFO] EPISODE 6350, LOSS 9.52194595336914
"2023-05-10 14:37:22,611 [INFO] EPISODE 6360, LOSS 11.578947067260742
"2023-05-10 14:37:22,751 [INFO] EPISODE 6370, LOSS 9.867402076721191
"2023-05-10 14:37:22,885 [INFO] EPISODE 6380, LOSS 24.97284698486328
"2023-05-10 14:37:23,020 [INFO] EPISODE 6390, LOSS 28.541807174682617
"2023-05-10 14:37:23,150 [INFO] EPISODE 6400, LOSS 31.349210739135742
"2023-05-10 14:37:23,283 [INFO] EPISODE 6410, LOSS 16.8316593170166
"2023-05-10 14:37:23,417 [INFO] EPISODE 6420, LOSS 21.807180404663086
"2023-05-10 14:37:23,552 [INFO] EPISODE 6430, LOSS 22.187217712402344
"2023-05-10 14:37:23,685 [INFO] EPISODE 6440, LOSS 31.13949203491211
"2023-05-10 14:37:23,807 [INFO] EPISODE 6450, LOSS 19.556137084960938
"2023-05-10 14:37:23,941 [INFO] EPISODE 6460, LOSS 30.294700622558594
"2023-05-10 14:37:24,073 [INFO] EPISODE 6470, LOSS 26.439067840576172
"2023-05-10 14:37:24,207 [INFO] EPISODE 6480, LOSS 25.452835083007812
"2023-05-10 14:37:24,341 [INFO] EPISODE 6490, LOSS 15.031893730163574
"2023-05-10 14:37:24,545 [INFO] ===== ONNX SAVED at ./savemodel/0510_0235PM_MY_PDE/6500.onnx
"2023-05-10 14:37:24,545 [INFO] EPISODE 6500, LOSS 23.877952575683594
"2023-05-10 14:37:24,682 [INFO] EPISODE 6510, LOSS 20.01516342163086
"2023-05-10 14:37:24,820 [INFO] EPISODE 6520, LOSS 30.259191513061523
"2023-05-10 14:37:24,962 [INFO] EPISODE 6530, LOSS 19.192800521850586
"2023-05-10 14:37:25,099 [INFO] EPISODE 6540, LOSS 21.303504943847656
"2023-05-10 14:37:25,234 [INFO] EPISODE 6550, LOSS 30.516698837280273
"2023-05-10 14:37:25,375 [INFO] EPISODE 6560, LOSS 33.619720458984375
"2023-05-10 14:37:25,516 [INFO] EPISODE 6570, LOSS 23.87556266784668
"2023-05-10 14:37:25,640 [INFO] EPISODE 6580, LOSS 38.18199920654297
"2023-05-10 14:37:25,776 [INFO] EPISODE 6590, LOSS 19.908039093017578
"2023-05-10 14:37:25,907 [INFO] EPISODE 6600, LOSS 20.379287719726562
"2023-05-10 14:37:26,041 [INFO] EPISODE 6610, LOSS 17.80044937133789
"2023-05-10 14:37:26,178 [INFO] EPISODE 6620, LOSS 23.911657333374023
"2023-05-10 14:37:26,312 [INFO] EPISODE 6630, LOSS 5.989696502685547
"2023-05-10 14:37:26,444 [INFO] EPISODE 6640, LOSS 16.56660270690918
"2023-05-10 14:37:26,576 [INFO] EPISODE 6650, LOSS 20.50391387939453
"2023-05-10 14:37:26,717 [INFO] EPISODE 6660, LOSS 22.573171615600586
"2023-05-10 14:37:26,851 [INFO] EPISODE 6670, LOSS 16.1722412109375
"2023-05-10 14:37:26,985 [INFO] EPISODE 6680, LOSS 16.80436134338379
"2023-05-10 14:37:27,123 [INFO] EPISODE 6690, LOSS 13.445632934570312
"2023-05-10 14:37:27,257 [INFO] EPISODE 6700, LOSS 13.12188720703125
"2023-05-10 14:37:27,393 [INFO] EPISODE 6710, LOSS 16.173532485961914
"2023-05-10 14:37:27,579 [INFO] EPISODE 6720, LOSS 16.157684326171875
"2023-05-10 14:37:27,719 [INFO] EPISODE 6730, LOSS 21.90351676940918
"2023-05-10 14:37:27,852 [INFO] EPISODE 6740, LOSS 14.771781921386719
"2023-05-10 14:37:27,974 [INFO] EPISODE 6750, LOSS 34.56034469604492
"2023-05-10 14:37:28,109 [INFO] EPISODE 6760, LOSS 15.956375122070312
"2023-05-10 14:37:28,242 [INFO] EPISODE 6770, LOSS 15.70603084564209
"2023-05-10 14:37:28,381 [INFO] EPISODE 6780, LOSS 11.808096885681152
"2023-05-10 14:37:28,515 [INFO] EPISODE 6790, LOSS 20.549312591552734
"2023-05-10 14:37:28,654 [INFO] EPISODE 6800, LOSS 31.21417808532715
"2023-05-10 14:37:28,785 [INFO] EPISODE 6810, LOSS 17.930614471435547
"2023-05-10 14:37:28,916 [INFO] EPISODE 6820, LOSS 27.85914421081543
"2023-05-10 14:37:29,053 [INFO] EPISODE 6830, LOSS 19.73586654663086
"2023-05-10 14:37:29,190 [INFO] EPISODE 6840, LOSS 15.23723030090332
"2023-05-10 14:37:29,322 [INFO] EPISODE 6850, LOSS 22.465709686279297
"2023-05-10 14:37:29,455 [INFO] EPISODE 6860, LOSS 33.59326934814453
"2023-05-10 14:37:29,593 [INFO] EPISODE 6870, LOSS 16.987720489501953
"2023-05-10 14:37:29,728 [INFO] EPISODE 6880, LOSS 16.340476989746094
"2023-05-10 14:37:29,871 [INFO] EPISODE 6890, LOSS 12.723129272460938
"2023-05-10 14:37:30,005 [INFO] EPISODE 6900, LOSS 25.137439727783203
"2023-05-10 14:37:30,143 [INFO] EPISODE 6910, LOSS 15.748085021972656
"2023-05-10 14:37:30,265 [INFO] EPISODE 6920, LOSS 11.795516014099121
"2023-05-10 14:37:30,401 [INFO] EPISODE 6930, LOSS 20.635690689086914
"2023-05-10 14:37:30,539 [INFO] EPISODE 6940, LOSS 30.686058044433594
"2023-05-10 14:37:30,726 [INFO] EPISODE 6950, LOSS 19.530391693115234
"2023-05-10 14:37:30,867 [INFO] EPISODE 6960, LOSS 25.50758934020996
"2023-05-10 14:37:31,001 [INFO] EPISODE 6970, LOSS 19.832965850830078
"2023-05-10 14:37:31,134 [INFO] EPISODE 6980, LOSS 18.149944305419922
"2023-05-10 14:37:31,269 [INFO] EPISODE 6990, LOSS 11.879024505615234
"2023-05-10 14:37:31,414 [INFO] ===== ONNX SAVED at ./savemodel/0510_0235PM_MY_PDE/7000.onnx
"2023-05-10 14:37:31,414 [INFO] EPISODE 7000, LOSS 19.68213653564453
"2023-05-10 14:37:31,549 [INFO] EPISODE 7010, LOSS 33.52165603637695
"2023-05-10 14:37:31,683 [INFO] EPISODE 7020, LOSS 20.87712860107422
"2023-05-10 14:37:31,822 [INFO] EPISODE 7030, LOSS 11.451803207397461
"2023-05-10 14:37:31,954 [INFO] EPISODE 7040, LOSS 22.76537322998047
"2023-05-10 14:37:32,088 [INFO] EPISODE 7050, LOSS 9.153826713562012
"2023-05-10 14:37:32,224 [INFO] EPISODE 7060, LOSS 12.979021072387695
"2023-05-10 14:37:32,362 [INFO] EPISODE 7070, LOSS 29.55743408203125
"2023-05-10 14:37:32,498 [INFO] EPISODE 7080, LOSS 13.2035551071167
"2023-05-10 14:37:32,634 [INFO] EPISODE 7090, LOSS 18.362747192382812
"2023-05-10 14:37:32,771 [INFO] EPISODE 7100, LOSS 12.268978118896484
"2023-05-10 14:37:32,899 [INFO] EPISODE 7110, LOSS 14.705863952636719
"2023-05-10 14:37:33,037 [INFO] EPISODE 7120, LOSS 14.234193801879883
"2023-05-10 14:37:33,171 [INFO] EPISODE 7130, LOSS 12.613455772399902
"2023-05-10 14:37:33,305 [INFO] EPISODE 7140, LOSS 16.51020050048828
"2023-05-10 14:37:33,444 [INFO] EPISODE 7150, LOSS 35.048954010009766
"2023-05-10 14:37:33,580 [INFO] EPISODE 7160, LOSS 24.693021774291992
"2023-05-10 14:37:33,714 [INFO] EPISODE 7170, LOSS 38.362953186035156
"2023-05-10 14:37:33,893 [INFO] EPISODE 7180, LOSS 17.935680389404297
"2023-05-10 14:37:34,028 [INFO] EPISODE 7190, LOSS 13.315366744995117
"2023-05-10 14:37:34,166 [INFO] EPISODE 7200, LOSS 19.76603889465332
"2023-05-10 14:37:34,299 [INFO] EPISODE 7210, LOSS 13.83712387084961
"2023-05-10 14:37:34,432 [INFO] EPISODE 7220, LOSS 20.0648193359375
"2023-05-10 14:37:34,568 [INFO] EPISODE 7230, LOSS 9.211383819580078
"2023-05-10 14:37:34,701 [INFO] EPISODE 7240, LOSS 14.9541654586792
"2023-05-10 14:37:34,835 [INFO] EPISODE 7250, LOSS 18.209911346435547
"2023-05-10 14:37:34,967 [INFO] EPISODE 7260, LOSS 24.439184188842773
"2023-05-10 14:37:35,105 [INFO] EPISODE 7270, LOSS 23.293811798095703
"2023-05-10 14:37:35,244 [INFO] EPISODE 7280, LOSS 7.874997615814209
"2023-05-10 14:37:35,378 [INFO] EPISODE 7290, LOSS 18.171398162841797
"2023-05-10 14:37:35,513 [INFO] EPISODE 7300, LOSS 11.762651443481445
"2023-05-10 14:37:35,647 [INFO] EPISODE 7310, LOSS 19.664501190185547
"2023-05-10 14:37:35,789 [INFO] EPISODE 7320, LOSS 16.037673950195312
"2023-05-10 14:37:35,923 [INFO] EPISODE 7330, LOSS 12.43289852142334
"2023-05-10 14:37:36,058 [INFO] EPISODE 7340, LOSS 19.145248413085938
"2023-05-10 14:37:36,194 [INFO] EPISODE 7350, LOSS 15.880897521972656
"2023-05-10 14:37:36,332 [INFO] EPISODE 7360, LOSS 28.58615493774414
"2023-05-10 14:37:36,467 [INFO] EPISODE 7370, LOSS 17.526287078857422
"2023-05-10 14:37:36,607 [INFO] EPISODE 7380, LOSS 15.62573528289795
"2023-05-10 14:37:36,801 [INFO] EPISODE 7390, LOSS 19.814393997192383
"2023-05-10 14:37:36,939 [INFO] EPISODE 7400, LOSS 16.20058250427246
"2023-05-10 14:37:37,075 [INFO] EPISODE 7410, LOSS 43.768341064453125
"2023-05-10 14:37:37,207 [INFO] EPISODE 7420, LOSS 19.857765197753906
"2023-05-10 14:37:37,345 [INFO] EPISODE 7430, LOSS 15.601594924926758
"2023-05-10 14:37:37,478 [INFO] EPISODE 7440, LOSS 4.915321350097656
"2023-05-10 14:37:37,621 [INFO] EPISODE 7450, LOSS 27.288692474365234
"2023-05-10 14:37:37,759 [INFO] EPISODE 7460, LOSS 19.89044952392578
"2023-05-10 14:37:37,896 [INFO] EPISODE 7470, LOSS 10.698163986206055
"2023-05-10 14:37:38,034 [INFO] EPISODE 7480, LOSS 12.294244766235352
"2023-05-10 14:37:38,157 [INFO] EPISODE 7490, LOSS 14.557768821716309
"2023-05-10 14:37:38,302 [INFO] ===== ONNX SAVED at ./savemodel/0510_0235PM_MY_PDE/7500.onnx
"2023-05-10 14:37:38,302 [INFO] EPISODE 7500, LOSS 16.93538475036621
"2023-05-10 14:37:38,437 [INFO] EPISODE 7510, LOSS 18.87303352355957
"2023-05-10 14:37:38,572 [INFO] EPISODE 7520, LOSS 7.847965240478516
"2023-05-10 14:37:38,714 [INFO] EPISODE 7530, LOSS 25.1502742767334
"2023-05-10 14:37:38,851 [INFO] EPISODE 7540, LOSS 12.961894989013672
"2023-05-10 14:37:38,989 [INFO] EPISODE 7550, LOSS 26.129199981689453
"2023-05-10 14:37:39,128 [INFO] EPISODE 7560, LOSS 34.31913375854492
"2023-05-10 14:37:39,260 [INFO] EPISODE 7570, LOSS 17.995471954345703
"2023-05-10 14:37:39,389 [INFO] EPISODE 7580, LOSS 10.15386962890625
"2023-05-10 14:37:39,519 [INFO] EPISODE 7590, LOSS 20.316818237304688
"2023-05-10 14:37:39,657 [INFO] EPISODE 7600, LOSS 20.774608612060547
"2023-05-10 14:37:39,791 [INFO] EPISODE 7610, LOSS 29.73332977294922
"2023-05-10 14:37:39,979 [INFO] EPISODE 7620, LOSS 22.045490264892578
"2023-05-10 14:37:40,114 [INFO] EPISODE 7630, LOSS 12.440470695495605
"2023-05-10 14:37:40,253 [INFO] EPISODE 7640, LOSS 36.437984466552734
"2023-05-10 14:37:40,389 [INFO] EPISODE 7650, LOSS 12.29712963104248
"2023-05-10 14:37:40,531 [INFO] EPISODE 7660, LOSS 18.355192184448242
"2023-05-10 14:37:40,658 [INFO] EPISODE 7670, LOSS 15.103976249694824
"2023-05-10 14:37:40,785 [INFO] EPISODE 7680, LOSS 18.828662872314453
"2023-05-10 14:37:40,924 [INFO] EPISODE 7690, LOSS 41.38365173339844
"2023-05-10 14:37:41,063 [INFO] EPISODE 7700, LOSS 25.15913963317871
"2023-05-10 14:37:41,203 [INFO] EPISODE 7710, LOSS 16.12997055053711
"2023-05-10 14:37:41,336 [INFO] EPISODE 7720, LOSS 12.168432235717773
"2023-05-10 14:37:41,476 [INFO] EPISODE 7730, LOSS 10.684203147888184
"2023-05-10 14:37:41,614 [INFO] EPISODE 7740, LOSS 12.489825248718262
"2023-05-10 14:37:41,749 [INFO] EPISODE 7750, LOSS 13.802724838256836
"2023-05-10 14:37:41,885 [INFO] EPISODE 7760, LOSS 23.786697387695312
"2023-05-10 14:37:42,022 [INFO] EPISODE 7770, LOSS 13.705920219421387
"2023-05-10 14:37:42,161 [INFO] EPISODE 7780, LOSS 18.348236083984375
"2023-05-10 14:37:42,300 [INFO] EPISODE 7790, LOSS 17.685260772705078
"2023-05-10 14:37:42,434 [INFO] EPISODE 7800, LOSS 9.389833450317383
"2023-05-10 14:37:42,569 [INFO] EPISODE 7810, LOSS 25.07238006591797
"2023-05-10 14:37:42,709 [INFO] EPISODE 7820, LOSS 22.390256881713867
"2023-05-10 14:37:42,845 [INFO] EPISODE 7830, LOSS 19.4404354095459
"2023-05-10 14:37:42,983 [INFO] EPISODE 7840, LOSS 31.437732696533203
"2023-05-10 14:37:43,178 [INFO] EPISODE 7850, LOSS 35.74107360839844
"2023-05-10 14:37:43,319 [INFO] EPISODE 7860, LOSS 25.576574325561523
"2023-05-10 14:37:43,460 [INFO] EPISODE 7870, LOSS 12.934612274169922
"2023-05-10 14:37:43,599 [INFO] EPISODE 7880, LOSS 9.278602600097656
"2023-05-10 14:37:43,739 [INFO] EPISODE 7890, LOSS 27.932043075561523
"2023-05-10 14:37:43,877 [INFO] EPISODE 7900, LOSS 33.447593688964844
"2023-05-10 14:37:44,017 [INFO] EPISODE 7910, LOSS 24.318172454833984
"2023-05-10 14:37:44,167 [INFO] EPISODE 7920, LOSS 28.78475570678711
"2023-05-10 14:37:44,301 [INFO] EPISODE 7930, LOSS 24.26956558227539
"2023-05-10 14:37:44,438 [INFO] EPISODE 7940, LOSS 22.709699630737305
"2023-05-10 14:37:44,574 [INFO] EPISODE 7950, LOSS 10.062463760375977
"2023-05-10 14:37:44,711 [INFO] EPISODE 7960, LOSS 29.811786651611328
"2023-05-10 14:37:44,848 [INFO] EPISODE 7970, LOSS 15.213165283203125
"2023-05-10 14:37:44,989 [INFO] EPISODE 7980, LOSS 11.360048294067383
"2023-05-10 14:37:45,125 [INFO] EPISODE 7990, LOSS 21.95737075805664
"2023-05-10 14:37:45,270 [INFO] ===== ONNX SAVED at ./savemodel/0510_0235PM_MY_PDE/8000.onnx
"2023-05-10 14:37:45,270 [INFO] EPISODE 8000, LOSS 12.80891227722168
"2023-05-10 14:37:45,407 [INFO] EPISODE 8010, LOSS 25.065624237060547
"2023-05-10 14:37:45,543 [INFO] EPISODE 8020, LOSS 25.903980255126953
"2023-05-10 14:37:45,683 [INFO] EPISODE 8030, LOSS 27.82024383544922
"2023-05-10 14:37:45,818 [INFO] EPISODE 8040, LOSS 18.116771697998047
"2023-05-10 14:37:45,954 [INFO] EPISODE 8050, LOSS 16.421117782592773
"2023-05-10 14:37:46,151 [INFO] EPISODE 8060, LOSS 16.22541046142578
"2023-05-10 14:37:46,276 [INFO] EPISODE 8070, LOSS 12.949575424194336
"2023-05-10 14:37:46,400 [INFO] EPISODE 8080, LOSS 11.10531234741211
"2023-05-10 14:37:46,532 [INFO] EPISODE 8090, LOSS 36.32667541503906
"2023-05-10 14:37:46,673 [INFO] EPISODE 8100, LOSS 20.923328399658203
"2023-05-10 14:37:46,801 [INFO] EPISODE 8110, LOSS 10.214468002319336
"2023-05-10 14:37:46,925 [INFO] EPISODE 8120, LOSS 31.790607452392578
"2023-05-10 14:37:47,052 [INFO] EPISODE 8130, LOSS 14.827532768249512
"2023-05-10 14:37:47,192 [INFO] EPISODE 8140, LOSS 36.11347579956055
"2023-05-10 14:37:47,324 [INFO] EPISODE 8150, LOSS 24.701229095458984
"2023-05-10 14:37:47,464 [INFO] EPISODE 8160, LOSS 29.059654235839844
"2023-05-10 14:37:47,600 [INFO] EPISODE 8170, LOSS 27.86510467529297
"2023-05-10 14:37:47,737 [INFO] EPISODE 8180, LOSS 14.447311401367188
"2023-05-10 14:37:47,871 [INFO] EPISODE 8190, LOSS 12.0403470993042
"2023-05-10 14:37:48,003 [INFO] EPISODE 8200, LOSS 12.487765312194824
"2023-05-10 14:37:48,140 [INFO] EPISODE 8210, LOSS 41.34625244140625
"2023-05-10 14:37:48,277 [INFO] EPISODE 8220, LOSS 17.07741928100586
"2023-05-10 14:37:48,402 [INFO] EPISODE 8230, LOSS 37.40069580078125
"2023-05-10 14:37:48,523 [INFO] EPISODE 8240, LOSS 11.3179931640625
"2023-05-10 14:37:48,653 [INFO] EPISODE 8250, LOSS 25.66169548034668
"2023-05-10 14:37:48,793 [INFO] EPISODE 8260, LOSS 14.309687614440918
"2023-05-10 14:37:48,932 [INFO] EPISODE 8270, LOSS 11.087484359741211
"2023-05-10 14:37:49,052 [INFO] EPISODE 8280, LOSS 23.97378158569336
"2023-05-10 14:37:49,173 [INFO] EPISODE 8290, LOSS 17.39051055908203
"2023-05-10 14:37:49,350 [INFO] EPISODE 8300, LOSS 22.595495223999023
"2023-05-10 14:37:49,470 [INFO] EPISODE 8310, LOSS 14.297374725341797
"2023-05-10 14:37:49,599 [INFO] EPISODE 8320, LOSS 16.30472183227539
"2023-05-10 14:37:49,720 [INFO] EPISODE 8330, LOSS 20.147701263427734
"2023-05-10 14:37:49,841 [INFO] EPISODE 8340, LOSS 13.168241500854492
"2023-05-10 14:37:49,977 [INFO] EPISODE 8350, LOSS 17.020450592041016
"2023-05-10 14:37:50,112 [INFO] EPISODE 8360, LOSS 16.36449432373047
"2023-05-10 14:37:50,233 [INFO] EPISODE 8370, LOSS 30.55702781677246
"2023-05-10 14:37:50,353 [INFO] EPISODE 8380, LOSS 9.544686317443848
"2023-05-10 14:37:50,491 [INFO] EPISODE 8390, LOSS 34.97222137451172
"2023-05-10 14:37:50,628 [INFO] EPISODE 8400, LOSS 21.229524612426758
"2023-05-10 14:37:50,763 [INFO] EPISODE 8410, LOSS 24.863971710205078
"2023-05-10 14:37:50,898 [INFO] EPISODE 8420, LOSS 24.911895751953125
"2023-05-10 14:37:51,037 [INFO] EPISODE 8430, LOSS 26.986587524414062
"2023-05-10 14:37:51,173 [INFO] EPISODE 8440, LOSS 37.78651428222656
"2023-05-10 14:37:51,316 [INFO] EPISODE 8450, LOSS 23.496707916259766
"2023-05-10 14:37:51,455 [INFO] EPISODE 8460, LOSS 19.024856567382812
"2023-05-10 14:37:51,587 [INFO] EPISODE 8470, LOSS 14.59570598602295
"2023-05-10 14:37:51,726 [INFO] EPISODE 8480, LOSS 13.47595500946045
"2023-05-10 14:37:51,861 [INFO] EPISODE 8490, LOSS 30.735645294189453
"2023-05-10 14:37:52,001 [INFO] ===== ONNX SAVED at ./savemodel/0510_0235PM_MY_PDE/8500.onnx
"2023-05-10 14:37:52,002 [INFO] EPISODE 8500, LOSS 9.812715530395508
"2023-05-10 14:37:52,135 [INFO] EPISODE 8510, LOSS 18.111675262451172
"2023-05-10 14:37:52,271 [INFO] EPISODE 8520, LOSS 24.14462661743164
"2023-05-10 14:37:52,405 [INFO] EPISODE 8530, LOSS 19.944873809814453
"2023-05-10 14:37:52,541 [INFO] EPISODE 8540, LOSS 18.559240341186523
"2023-05-10 14:37:52,732 [INFO] EPISODE 8550, LOSS 25.442123413085938
"2023-05-10 14:37:52,866 [INFO] EPISODE 8560, LOSS 16.887176513671875
"2023-05-10 14:37:53,002 [INFO] EPISODE 8570, LOSS 15.94385051727295
"2023-05-10 14:37:53,141 [INFO] EPISODE 8580, LOSS 29.746074676513672
"2023-05-10 14:37:53,284 [INFO] EPISODE 8590, LOSS 15.910056114196777
"2023-05-10 14:37:53,420 [INFO] EPISODE 8600, LOSS 8.123706817626953
"2023-05-10 14:37:53,558 [INFO] EPISODE 8610, LOSS 14.77406120300293
"2023-05-10 14:37:53,692 [INFO] EPISODE 8620, LOSS 20.321422576904297
"2023-05-10 14:37:53,827 [INFO] EPISODE 8630, LOSS 15.882957458496094
"2023-05-10 14:37:53,961 [INFO] EPISODE 8640, LOSS 40.44244384765625
"2023-05-10 14:37:54,102 [INFO] EPISODE 8650, LOSS 18.96608543395996
"2023-05-10 14:37:54,233 [INFO] EPISODE 8660, LOSS 10.457674026489258
"2023-05-10 14:37:54,367 [INFO] EPISODE 8670, LOSS 18.16759490966797
"2023-05-10 14:37:54,497 [INFO] EPISODE 8680, LOSS 14.577228546142578
"2023-05-10 14:37:54,630 [INFO] EPISODE 8690, LOSS 13.304067611694336
"2023-05-10 14:37:54,766 [INFO] EPISODE 8700, LOSS 21.15472412109375
"2023-05-10 14:37:54,899 [INFO] EPISODE 8710, LOSS 8.230785369873047
"2023-05-10 14:37:55,030 [INFO] EPISODE 8720, LOSS 22.788524627685547
"2023-05-10 14:37:55,165 [INFO] EPISODE 8730, LOSS 22.890151977539062
"2023-05-10 14:37:55,300 [INFO] EPISODE 8740, LOSS 21.73556137084961
"2023-05-10 14:37:55,439 [INFO] EPISODE 8750, LOSS 29.119991302490234
"2023-05-10 14:37:55,575 [INFO] EPISODE 8760, LOSS 14.157136917114258
"2023-05-10 14:37:55,713 [INFO] EPISODE 8770, LOSS 22.96042251586914
"2023-05-10 14:37:55,906 [INFO] EPISODE 8780, LOSS 17.09073257446289
"2023-05-10 14:37:56,039 [INFO] EPISODE 8790, LOSS 19.465084075927734
"2023-05-10 14:37:56,178 [INFO] EPISODE 8800, LOSS 8.25781536102295
"2023-05-10 14:37:56,315 [INFO] EPISODE 8810, LOSS 13.191497802734375
"2023-05-10 14:37:56,457 [INFO] EPISODE 8820, LOSS 23.55846405029297
"2023-05-10 14:37:56,594 [INFO] EPISODE 8830, LOSS 30.21546173095703
"2023-05-10 14:37:56,732 [INFO] EPISODE 8840, LOSS 16.623184204101562
"2023-05-10 14:37:56,877 [INFO] EPISODE 8850, LOSS 29.290273666381836
"2023-05-10 14:37:57,016 [INFO] EPISODE 8860, LOSS 31.097827911376953
"2023-05-10 14:37:57,156 [INFO] EPISODE 8870, LOSS 13.852426528930664
"2023-05-10 14:37:57,291 [INFO] EPISODE 8880, LOSS 12.333578109741211
"2023-05-10 14:37:57,427 [INFO] EPISODE 8890, LOSS 27.557607650756836
"2023-05-10 14:37:57,561 [INFO] EPISODE 8900, LOSS 14.342127799987793
"2023-05-10 14:37:57,698 [INFO] EPISODE 8910, LOSS 13.272407531738281
"2023-05-10 14:37:57,832 [INFO] EPISODE 8920, LOSS 16.230756759643555
"2023-05-10 14:37:57,971 [INFO] EPISODE 8930, LOSS 15.407069206237793
"2023-05-10 14:37:58,107 [INFO] EPISODE 8940, LOSS 15.498899459838867
"2023-05-10 14:37:58,243 [INFO] EPISODE 8950, LOSS 11.832300186157227
"2023-05-10 14:37:58,379 [INFO] EPISODE 8960, LOSS 8.922826766967773
"2023-05-10 14:37:58,517 [INFO] EPISODE 8970, LOSS 11.30073356628418
"2023-05-10 14:37:58,653 [INFO] EPISODE 8980, LOSS 18.622272491455078
"2023-05-10 14:37:58,789 [INFO] EPISODE 8990, LOSS 20.768234252929688
"2023-05-10 14:37:58,932 [INFO] ===== ONNX SAVED at ./savemodel/0510_0235PM_MY_PDE/9000.onnx
"2023-05-10 14:37:58,932 [INFO] EPISODE 9000, LOSS 18.205055236816406
"2023-05-10 14:37:59,063 [INFO] EPISODE 9010, LOSS 19.279722213745117
"2023-05-10 14:37:59,201 [INFO] EPISODE 9020, LOSS 29.21278190612793
"2023-05-10 14:37:59,393 [INFO] EPISODE 9030, LOSS 12.913990020751953
"2023-05-10 14:37:59,527 [INFO] EPISODE 9040, LOSS 14.650114059448242
"2023-05-10 14:37:59,660 [INFO] EPISODE 9050, LOSS 8.859641075134277
"2023-05-10 14:37:59,798 [INFO] EPISODE 9060, LOSS 25.304119110107422
"2023-05-10 14:37:59,930 [INFO] EPISODE 9070, LOSS 17.555688858032227
"2023-05-10 14:38:00,075 [INFO] EPISODE 9080, LOSS 9.341827392578125
"2023-05-10 14:38:00,210 [INFO] EPISODE 9090, LOSS 28.193204879760742
"2023-05-10 14:38:00,349 [INFO] EPISODE 9100, LOSS 17.763839721679688
"2023-05-10 14:38:00,488 [INFO] EPISODE 9110, LOSS 26.125356674194336
"2023-05-10 14:38:00,624 [INFO] EPISODE 9120, LOSS 14.406164169311523
"2023-05-10 14:38:00,759 [INFO] EPISODE 9130, LOSS 18.124988555908203
"2023-05-10 14:38:00,892 [INFO] EPISODE 9140, LOSS 12.544116973876953
"2023-05-10 14:38:01,033 [INFO] EPISODE 9150, LOSS 9.192465782165527
"2023-05-10 14:38:01,163 [INFO] EPISODE 9160, LOSS 7.499083518981934
"2023-05-10 14:38:01,300 [INFO] EPISODE 9170, LOSS 23.336164474487305
"2023-05-10 14:38:01,437 [INFO] EPISODE 9180, LOSS 16.584379196166992
"2023-05-10 14:38:01,574 [INFO] EPISODE 9190, LOSS 9.893726348876953
"2023-05-10 14:38:01,706 [INFO] EPISODE 9200, LOSS 39.392051696777344
"2023-05-10 14:38:01,841 [INFO] EPISODE 9210, LOSS 26.69085693359375
"2023-05-10 14:38:01,978 [INFO] EPISODE 9220, LOSS 21.368804931640625
"2023-05-10 14:38:02,119 [INFO] EPISODE 9230, LOSS 63.108978271484375
"2023-05-10 14:38:02,256 [INFO] EPISODE 9240, LOSS 19.88961410522461
"2023-05-10 14:38:02,396 [INFO] EPISODE 9250, LOSS 17.809661865234375
"2023-05-10 14:38:02,539 [INFO] EPISODE 9260, LOSS 20.397361755371094
"2023-05-10 14:38:02,673 [INFO] EPISODE 9270, LOSS 33.021427154541016
"2023-05-10 14:38:02,853 [INFO] EPISODE 9280, LOSS 10.883735656738281
"2023-05-10 14:38:02,976 [INFO] EPISODE 9290, LOSS 11.436237335205078
"2023-05-10 14:38:03,099 [INFO] EPISODE 9300, LOSS 11.658912658691406
"2023-05-10 14:38:03,221 [INFO] EPISODE 9310, LOSS 14.398540496826172
"2023-05-10 14:38:03,345 [INFO] EPISODE 9320, LOSS 8.97889232635498
"2023-05-10 14:38:03,481 [INFO] EPISODE 9330, LOSS 16.94441032409668
"2023-05-10 14:38:03,616 [INFO] EPISODE 9340, LOSS 22.65730094909668
"2023-05-10 14:38:03,750 [INFO] EPISODE 9350, LOSS 26.353595733642578
"2023-05-10 14:38:03,887 [INFO] EPISODE 9360, LOSS 7.041532516479492
"2023-05-10 14:38:04,013 [INFO] EPISODE 9370, LOSS 25.72847557067871
"2023-05-10 14:38:04,147 [INFO] EPISODE 9380, LOSS 16.586584091186523
"2023-05-10 14:38:04,278 [INFO] EPISODE 9390, LOSS 17.44540023803711
"2023-05-10 14:38:04,410 [INFO] EPISODE 9400, LOSS 16.50847053527832
"2023-05-10 14:38:04,551 [INFO] EPISODE 9410, LOSS 21.203824996948242
"2023-05-10 14:38:04,703 [INFO] EPISODE 9420, LOSS 13.121074676513672
"2023-05-10 14:38:04,844 [INFO] EPISODE 9430, LOSS 26.262258529663086
"2023-05-10 14:38:04,986 [INFO] EPISODE 9440, LOSS 15.251983642578125
"2023-05-10 14:38:05,127 [INFO] EPISODE 9450, LOSS 11.647354125976562
"2023-05-10 14:38:05,265 [INFO] EPISODE 9460, LOSS 19.294532775878906
"2023-05-10 14:38:05,405 [INFO] EPISODE 9470, LOSS 11.662910461425781
"2023-05-10 14:38:05,542 [INFO] EPISODE 9480, LOSS 26.715435028076172
"2023-05-10 14:38:05,679 [INFO] EPISODE 9490, LOSS 19.3708553314209
"2023-05-10 14:38:05,823 [INFO] ===== ONNX SAVED at ./savemodel/0510_0235PM_MY_PDE/9500.onnx
"2023-05-10 14:38:05,823 [INFO] EPISODE 9500, LOSS 27.311511993408203
"2023-05-10 14:38:05,956 [INFO] EPISODE 9510, LOSS 18.98004722595215
"2023-05-10 14:38:06,089 [INFO] EPISODE 9520, LOSS 11.861297607421875
"2023-05-10 14:38:06,280 [INFO] EPISODE 9530, LOSS 14.704513549804688
"2023-05-10 14:38:06,425 [INFO] EPISODE 9540, LOSS 16.742420196533203
"2023-05-10 14:38:06,561 [INFO] EPISODE 9550, LOSS 10.14451789855957
"2023-05-10 14:38:06,698 [INFO] EPISODE 9560, LOSS 16.825191497802734
"2023-05-10 14:38:06,840 [INFO] EPISODE 9570, LOSS 37.379188537597656
"2023-05-10 14:38:06,978 [INFO] EPISODE 9580, LOSS 12.599639892578125
"2023-05-10 14:38:07,116 [INFO] EPISODE 9590, LOSS 9.713401794433594
"2023-05-10 14:38:07,251 [INFO] EPISODE 9600, LOSS 22.373573303222656
"2023-05-10 14:38:07,389 [INFO] EPISODE 9610, LOSS 24.667585372924805
"2023-05-10 14:38:07,523 [INFO] EPISODE 9620, LOSS 16.133676528930664
"2023-05-10 14:38:07,656 [INFO] EPISODE 9630, LOSS 24.093509674072266
"2023-05-10 14:38:07,789 [INFO] EPISODE 9640, LOSS 12.137545585632324
"2023-05-10 14:38:07,929 [INFO] EPISODE 9650, LOSS 16.241893768310547
"2023-05-10 14:38:08,069 [INFO] EPISODE 9660, LOSS 13.971549987792969
"2023-05-10 14:38:08,212 [INFO] EPISODE 9670, LOSS 33.900474548339844
"2023-05-10 14:38:08,352 [INFO] EPISODE 9680, LOSS 22.882831573486328
"2023-05-10 14:38:08,475 [INFO] EPISODE 9690, LOSS 28.456457138061523
"2023-05-10 14:38:08,617 [INFO] EPISODE 9700, LOSS 30.03326988220215
"2023-05-10 14:38:08,757 [INFO] EPISODE 9710, LOSS 14.988302230834961
"2023-05-10 14:38:08,897 [INFO] EPISODE 9720, LOSS 11.252128601074219
"2023-05-10 14:38:09,035 [INFO] EPISODE 9730, LOSS 13.936171531677246
"2023-05-10 14:38:09,167 [INFO] EPISODE 9740, LOSS 13.271804809570312
"2023-05-10 14:38:09,312 [INFO] EPISODE 9750, LOSS 8.214250564575195
"2023-05-10 14:38:09,452 [INFO] EPISODE 9760, LOSS 33.40614318847656
"2023-05-10 14:38:09,642 [INFO] EPISODE 9770, LOSS 15.548828125
"2023-05-10 14:38:09,779 [INFO] EPISODE 9780, LOSS 24.521419525146484
"2023-05-10 14:38:09,905 [INFO] EPISODE 9790, LOSS 11.529128074645996
"2023-05-10 14:38:10,047 [INFO] EPISODE 9800, LOSS 20.68492889404297
"2023-05-10 14:38:10,179 [INFO] EPISODE 9810, LOSS 21.231599807739258
"2023-05-10 14:38:10,318 [INFO] EPISODE 9820, LOSS 17.27505874633789
"2023-05-10 14:38:10,408 [INFO] ===== ONNX SAVED at ./savemodel/0510_0235PM_MY_PDE/9824.onnx
"2023-05-10 14:38:10,453 [INFO] EPISODE 9830, LOSS 18.721710205078125
"2023-05-10 14:38:10,593 [INFO] EPISODE 9840, LOSS 40.04639434814453
"2023-05-10 14:38:10,734 [INFO] EPISODE 9850, LOSS 16.948074340820312
"2023-05-10 14:38:10,868 [INFO] EPISODE 9860, LOSS 18.562320709228516
"2023-05-10 14:38:11,004 [INFO] EPISODE 9870, LOSS 14.332003593444824
"2023-05-10 14:38:11,140 [INFO] EPISODE 9880, LOSS 26.218265533447266
"2023-05-10 14:38:11,277 [INFO] EPISODE 9890, LOSS 16.121925354003906
"2023-05-10 14:38:11,420 [INFO] EPISODE 9900, LOSS 21.093631744384766
"2023-05-10 14:38:11,561 [INFO] EPISODE 9910, LOSS 12.260282516479492
"2023-05-10 14:38:11,701 [INFO] EPISODE 9920, LOSS 24.32049560546875
"2023-05-10 14:38:11,841 [INFO] EPISODE 9930, LOSS 10.143547058105469
"2023-05-10 14:38:11,978 [INFO] EPISODE 9940, LOSS 15.739622116088867
"2023-05-10 14:38:12,113 [INFO] EPISODE 9950, LOSS 20.175575256347656
"2023-05-10 14:38:12,255 [INFO] EPISODE 9960, LOSS 27.03421401977539
"2023-05-10 14:38:12,390 [INFO] EPISODE 9970, LOSS 40.06724166870117
"2023-05-10 14:38:12,530 [INFO] EPISODE 9980, LOSS 11.051498413085938
"2023-05-10 14:38:12,681 [INFO] EPISODE 9990, LOSS 28.370182037353516
"2023-05-10 14:38:12,816 [INFO] train finished. 
final loss: 16.092985153198242
"2023-05-10 14:38:12,827 [INFO] ===== ONNX SAVED at ./savemodel/0510_0235PM_MY_PDE/FINAL10000.onnx
