"2023-05-10 12:48:26,478 [INFO] Reporter Initialized!
"2023-05-10 12:48:26,479 [INFO] Reporter LEVEL: info
"2023-05-10 12:48:26,479 [INFO] Usung random data
"2023-05-10 12:48:29,255 [INFO] None
"2023-05-10 12:48:29,256 [INFO] Device(cuda) is working for train
"2023-05-10 12:48:29,256 [INFO] Train Started
"2023-05-10 12:48:29,316 [INFO] ===== ONNX SAVED at ./savemodel/0510_1248PM_MY_PDE/0.onnx
"2023-05-10 12:48:29,316 [INFO] ===== Saved non-trained network
"2023-05-10 12:48:29,316 [INFO] EPISODE 0, LOSS 378.009521484375
"2023-05-10 12:48:29,649 [INFO] ===== ONNX SAVED at ./savemodel/0510_1248PM_MY_PDE/7.onnx
"2023-05-10 12:48:29,663 [INFO] EPISODE 10, LOSS 411.537109375
"2023-05-10 12:48:29,757 [INFO] ===== ONNX SAVED at ./savemodel/0510_1248PM_MY_PDE/17.onnx
"2023-05-10 12:48:29,771 [INFO] EPISODE 20, LOSS 455.0060729980469
"2023-05-10 12:48:29,863 [INFO] ===== ONNX SAVED at ./savemodel/0510_1248PM_MY_PDE/26.onnx
"2023-05-10 12:48:29,883 [INFO] ===== ONNX SAVED at ./savemodel/0510_1248PM_MY_PDE/28.onnx
"2023-05-10 12:48:29,893 [INFO] EPISODE 30, LOSS 284.3763427734375
"2023-05-10 12:48:29,964 [INFO] ===== ONNX SAVED at ./savemodel/0510_1248PM_MY_PDE/32.onnx
"2023-05-10 12:48:30,004 [INFO] EPISODE 40, LOSS 298.72412109375
"2023-05-10 12:48:30,081 [INFO] ===== ONNX SAVED at ./savemodel/0510_1248PM_MY_PDE/43.onnx
"2023-05-10 12:48:30,101 [INFO] ===== ONNX SAVED at ./savemodel/0510_1248PM_MY_PDE/45.onnx
"2023-05-10 12:48:30,134 [INFO] ===== ONNX SAVED at ./savemodel/0510_1248PM_MY_PDE/49.onnx
"2023-05-10 12:48:30,140 [INFO] EPISODE 50, LOSS 147.9071044921875
"2023-05-10 12:48:30,224 [INFO] ===== ONNX SAVED at ./savemodel/0510_1248PM_MY_PDE/55.onnx
"2023-05-10 12:48:30,244 [INFO] ===== ONNX SAVED at ./savemodel/0510_1248PM_MY_PDE/57.onnx
"2023-05-10 12:48:30,259 [INFO] ===== ONNX SAVED at ./savemodel/0510_1248PM_MY_PDE/58.onnx
"2023-05-10 12:48:30,269 [INFO] EPISODE 60, LOSS 102.2702865600586
"2023-05-10 12:48:30,363 [INFO] EPISODE 70, LOSS 87.91627502441406
"2023-05-10 12:48:30,465 [INFO] EPISODE 80, LOSS 122.11097717285156
"2023-05-10 12:48:30,560 [INFO] EPISODE 90, LOSS 98.1204833984375
"2023-05-10 12:48:30,625 [INFO] ===== ONNX SAVED at ./savemodel/0510_1248PM_MY_PDE/92.onnx
"2023-05-10 12:48:30,661 [INFO] EPISODE 100, LOSS 72.98397064208984
"2023-05-10 12:48:30,733 [INFO] ===== ONNX SAVED at ./savemodel/0510_1248PM_MY_PDE/103.onnx
"2023-05-10 12:48:30,746 [INFO] ===== ONNX SAVED at ./savemodel/0510_1248PM_MY_PDE/104.onnx
"2023-05-10 12:48:30,782 [INFO] ===== ONNX SAVED at ./savemodel/0510_1248PM_MY_PDE/110.onnx
"2023-05-10 12:48:30,782 [INFO] EPISODE 110, LOSS 33.17407989501953
"2023-05-10 12:48:30,891 [INFO] ===== ONNX SAVED at ./savemodel/0510_1248PM_MY_PDE/120.onnx
"2023-05-10 12:48:30,891 [INFO] EPISODE 120, LOSS 25.66034507751465
"2023-05-10 12:48:30,984 [INFO] EPISODE 130, LOSS 32.24172592163086
"2023-05-10 12:48:31,083 [INFO] EPISODE 140, LOSS 35.76255798339844
"2023-05-10 12:48:31,161 [INFO] ===== ONNX SAVED at ./savemodel/0510_1248PM_MY_PDE/141.onnx
"2023-05-10 12:48:31,208 [INFO] EPISODE 150, LOSS 27.620054244995117
"2023-05-10 12:48:31,274 [INFO] ===== ONNX SAVED at ./savemodel/0510_1248PM_MY_PDE/152.onnx
"2023-05-10 12:48:31,311 [INFO] EPISODE 160, LOSS 41.311378479003906
"2023-05-10 12:48:31,406 [INFO] EPISODE 170, LOSS 26.616558074951172
"2023-05-10 12:48:31,500 [INFO] EPISODE 180, LOSS 64.91722869873047
"2023-05-10 12:48:31,592 [INFO] EPISODE 190, LOSS 38.13460922241211
"2023-05-10 12:48:31,741 [INFO] EPISODE 200, LOSS 31.09307861328125
"2023-05-10 12:48:31,839 [INFO] EPISODE 210, LOSS 23.048263549804688
"2023-05-10 12:48:31,930 [INFO] EPISODE 220, LOSS 40.085365295410156
"2023-05-10 12:48:32,021 [INFO] EPISODE 230, LOSS 29.785717010498047
"2023-05-10 12:48:32,112 [INFO] EPISODE 240, LOSS 36.073665618896484
"2023-05-10 12:48:32,199 [INFO] ===== ONNX SAVED at ./savemodel/0510_1248PM_MY_PDE/246.onnx
"2023-05-10 12:48:32,218 [INFO] EPISODE 250, LOSS 15.682365417480469
"2023-05-10 12:48:32,316 [INFO] EPISODE 260, LOSS 39.41968536376953
"2023-05-10 12:48:32,409 [INFO] EPISODE 270, LOSS 21.569293975830078
"2023-05-10 12:48:32,501 [INFO] EPISODE 280, LOSS 23.76154327392578
"2023-05-10 12:48:32,602 [INFO] EPISODE 290, LOSS 17.62628173828125
"2023-05-10 12:48:32,698 [INFO] ===== ONNX SAVED at ./savemodel/0510_1248PM_MY_PDE/298.onnx
"2023-05-10 12:48:32,707 [INFO] EPISODE 300, LOSS 23.166030883789062
"2023-05-10 12:48:32,806 [INFO] ===== ONNX SAVED at ./savemodel/0510_1248PM_MY_PDE/310.onnx
"2023-05-10 12:48:32,806 [INFO] EPISODE 310, LOSS 11.47849178314209
"2023-05-10 12:48:32,902 [INFO] EPISODE 320, LOSS 52.738582611083984
"2023-05-10 12:48:33,007 [INFO] ===== ONNX SAVED at ./savemodel/0510_1248PM_MY_PDE/330.onnx
"2023-05-10 12:48:33,007 [INFO] EPISODE 330, LOSS 11.030028343200684
"2023-05-10 12:48:33,102 [INFO] EPISODE 340, LOSS 15.615486145019531
"2023-05-10 12:48:33,194 [INFO] EPISODE 350, LOSS 27.49788475036621
"2023-05-10 12:48:33,286 [INFO] EPISODE 360, LOSS 20.336483001708984
"2023-05-10 12:48:33,382 [INFO] EPISODE 370, LOSS 20.191396713256836
"2023-05-10 12:48:33,478 [INFO] EPISODE 380, LOSS 20.052410125732422
"2023-05-10 12:48:33,569 [INFO] ===== ONNX SAVED at ./savemodel/0510_1248PM_MY_PDE/386.onnx
"2023-05-10 12:48:33,585 [INFO] EPISODE 390, LOSS 35.36317443847656
"2023-05-10 12:48:33,683 [INFO] EPISODE 400, LOSS 21.694408416748047
"2023-05-10 12:48:33,755 [INFO] ===== ONNX SAVED at ./savemodel/0510_1248PM_MY_PDE/402.onnx
"2023-05-10 12:48:33,791 [INFO] EPISODE 410, LOSS 22.98818588256836
"2023-05-10 12:48:33,883 [INFO] EPISODE 420, LOSS 22.056396484375
"2023-05-10 12:48:34,030 [INFO] EPISODE 430, LOSS 28.948781967163086
"2023-05-10 12:48:34,122 [INFO] EPISODE 440, LOSS 18.198362350463867
"2023-05-10 12:48:34,194 [INFO] ===== ONNX SAVED at ./savemodel/0510_1248PM_MY_PDE/444.onnx
"2023-05-10 12:48:34,220 [INFO] EPISODE 450, LOSS 11.185076713562012
"2023-05-10 12:48:34,310 [INFO] EPISODE 460, LOSS 22.804662704467773
"2023-05-10 12:48:34,403 [INFO] EPISODE 470, LOSS 17.807537078857422
"2023-05-10 12:48:34,491 [INFO] EPISODE 480, LOSS 16.290374755859375
"2023-05-10 12:48:34,583 [INFO] EPISODE 490, LOSS 41.380340576171875
"2023-05-10 12:48:34,672 [INFO] EPISODE 500, LOSS 12.757647514343262
"2023-05-10 12:48:34,761 [INFO] EPISODE 510, LOSS 11.757482528686523
"2023-05-10 12:48:34,853 [INFO] EPISODE 520, LOSS 17.501964569091797
"2023-05-10 12:48:34,944 [INFO] EPISODE 530, LOSS 22.119876861572266
"2023-05-10 12:48:35,032 [INFO] EPISODE 540, LOSS 18.431869506835938
"2023-05-10 12:48:35,124 [INFO] EPISODE 550, LOSS 22.708019256591797
"2023-05-10 12:48:35,216 [INFO] EPISODE 560, LOSS 13.66019058227539
"2023-05-10 12:48:35,307 [INFO] EPISODE 570, LOSS 16.768346786499023
"2023-05-10 12:48:35,406 [INFO] EPISODE 580, LOSS 20.399747848510742
"2023-05-10 12:48:35,504 [INFO] EPISODE 590, LOSS 31.180267333984375
"2023-05-10 12:48:35,605 [INFO] EPISODE 600, LOSS 39.0698356628418
"2023-05-10 12:48:35,702 [INFO] EPISODE 610, LOSS 24.848791122436523
"2023-05-10 12:48:35,798 [INFO] EPISODE 620, LOSS 11.3756103515625
"2023-05-10 12:48:35,889 [INFO] EPISODE 630, LOSS 29.133071899414062
"2023-05-10 12:48:35,980 [INFO] EPISODE 640, LOSS 17.434053421020508
"2023-05-10 12:48:36,072 [INFO] EPISODE 650, LOSS 33.14330291748047
"2023-05-10 12:48:36,218 [INFO] EPISODE 660, LOSS 28.653289794921875
"2023-05-10 12:48:36,309 [INFO] EPISODE 670, LOSS 14.205859184265137
"2023-05-10 12:48:36,403 [INFO] EPISODE 680, LOSS 14.89942741394043
"2023-05-10 12:48:36,492 [INFO] EPISODE 690, LOSS 11.867533683776855
"2023-05-10 12:48:36,586 [INFO] EPISODE 700, LOSS 22.143905639648438
"2023-05-10 12:48:36,681 [INFO] EPISODE 710, LOSS 14.228658676147461
"2023-05-10 12:48:36,775 [INFO] EPISODE 720, LOSS 23.778255462646484
"2023-05-10 12:48:36,866 [INFO] EPISODE 730, LOSS 14.168174743652344
"2023-05-10 12:48:36,956 [INFO] EPISODE 740, LOSS 26.543142318725586
"2023-05-10 12:48:37,044 [INFO] EPISODE 750, LOSS 21.225631713867188
"2023-05-10 12:48:37,134 [INFO] EPISODE 760, LOSS 11.13098430633545
"2023-05-10 12:48:37,225 [INFO] EPISODE 770, LOSS 30.95485496520996
"2023-05-10 12:48:37,319 [INFO] EPISODE 780, LOSS 9.8245849609375
"2023-05-10 12:48:37,411 [INFO] EPISODE 790, LOSS 33.14582061767578
"2023-05-10 12:48:37,500 [INFO] EPISODE 800, LOSS 29.569957733154297
"2023-05-10 12:48:37,592 [INFO] EPISODE 810, LOSS 25.268041610717773
"2023-05-10 12:48:37,682 [INFO] EPISODE 820, LOSS 23.232189178466797
"2023-05-10 12:48:37,768 [INFO] EPISODE 830, LOSS 20.305835723876953
"2023-05-10 12:48:37,865 [INFO] EPISODE 840, LOSS 17.085220336914062
"2023-05-10 12:48:37,958 [INFO] EPISODE 850, LOSS 15.015406608581543
"2023-05-10 12:48:38,048 [INFO] EPISODE 860, LOSS 22.64328384399414
"2023-05-10 12:48:38,144 [INFO] EPISODE 870, LOSS 16.612485885620117
"2023-05-10 12:48:38,238 [INFO] EPISODE 880, LOSS 7.518034934997559
"2023-05-10 12:48:38,324 [INFO] EPISODE 890, LOSS 14.350654602050781
"2023-05-10 12:48:38,479 [INFO] EPISODE 900, LOSS 27.90878677368164
"2023-05-10 12:48:38,574 [INFO] EPISODE 910, LOSS 27.74501609802246
"2023-05-10 12:48:38,665 [INFO] EPISODE 920, LOSS 27.799236297607422
"2023-05-10 12:48:38,756 [INFO] EPISODE 930, LOSS 20.591796875
"2023-05-10 12:48:38,850 [INFO] EPISODE 940, LOSS 18.51288414001465
"2023-05-10 12:48:38,940 [INFO] EPISODE 950, LOSS 42.043148040771484
"2023-05-10 12:48:39,030 [INFO] EPISODE 960, LOSS 22.677528381347656
"2023-05-10 12:48:39,133 [INFO] ===== ONNX SAVED at ./savemodel/0510_1248PM_MY_PDE/970.onnx
"2023-05-10 12:48:39,133 [INFO] EPISODE 970, LOSS 6.518531799316406
"2023-05-10 12:48:39,223 [INFO] EPISODE 980, LOSS 19.042675018310547
"2023-05-10 12:48:39,319 [INFO] EPISODE 990, LOSS 15.304937362670898
"2023-05-10 12:48:39,419 [INFO] ===== ONNX SAVED at ./savemodel/0510_1248PM_MY_PDE/1000.onnx
"2023-05-10 12:48:39,420 [INFO] EPISODE 1000, LOSS 18.59436798095703
"2023-05-10 12:48:39,510 [INFO] EPISODE 1010, LOSS 10.702226638793945
"2023-05-10 12:48:39,603 [INFO] EPISODE 1020, LOSS 19.44108009338379
"2023-05-10 12:48:39,695 [INFO] EPISODE 1030, LOSS 21.737804412841797
"2023-05-10 12:48:39,792 [INFO] EPISODE 1040, LOSS 8.182665824890137
"2023-05-10 12:48:39,890 [INFO] ===== ONNX SAVED at ./savemodel/0510_1248PM_MY_PDE/1049.onnx
"2023-05-10 12:48:39,895 [INFO] EPISODE 1050, LOSS 16.714351654052734
"2023-05-10 12:48:39,997 [INFO] EPISODE 1060, LOSS 10.235130310058594
"2023-05-10 12:48:40,091 [INFO] EPISODE 1070, LOSS 18.868667602539062
"2023-05-10 12:48:40,184 [INFO] EPISODE 1080, LOSS 10.502035140991211
"2023-05-10 12:48:40,279 [INFO] EPISODE 1090, LOSS 26.281387329101562
"2023-05-10 12:48:40,374 [INFO] EPISODE 1100, LOSS 32.409950256347656
"2023-05-10 12:48:40,468 [INFO] EPISODE 1110, LOSS 13.270365715026855
"2023-05-10 12:48:40,562 [INFO] EPISODE 1120, LOSS 24.060779571533203
"2023-05-10 12:48:40,652 [INFO] EPISODE 1130, LOSS 31.104907989501953
"2023-05-10 12:48:40,812 [INFO] EPISODE 1140, LOSS 17.475927352905273
"2023-05-10 12:48:40,902 [INFO] EPISODE 1150, LOSS 7.676138877868652
"2023-05-10 12:48:40,998 [INFO] EPISODE 1160, LOSS 15.85340404510498
"2023-05-10 12:48:41,090 [INFO] EPISODE 1170, LOSS 18.679061889648438
"2023-05-10 12:48:41,184 [INFO] EPISODE 1180, LOSS 23.071340560913086
"2023-05-10 12:48:41,271 [INFO] EPISODE 1190, LOSS 16.988887786865234
"2023-05-10 12:48:41,359 [INFO] EPISODE 1200, LOSS 18.40953254699707
"2023-05-10 12:48:41,443 [INFO] ===== ONNX SAVED at ./savemodel/0510_1248PM_MY_PDE/1207.onnx
"2023-05-10 12:48:41,455 [INFO] EPISODE 1210, LOSS 12.845660209655762
"2023-05-10 12:48:41,544 [INFO] EPISODE 1220, LOSS 11.733314514160156
"2023-05-10 12:48:41,641 [INFO] EPISODE 1230, LOSS 20.304046630859375
"2023-05-10 12:48:41,730 [INFO] EPISODE 1240, LOSS 13.95093059539795
"2023-05-10 12:48:41,811 [INFO] ===== ONNX SAVED at ./savemodel/0510_1248PM_MY_PDE/1246.onnx
"2023-05-10 12:48:41,830 [INFO] EPISODE 1250, LOSS 19.846450805664062
"2023-05-10 12:48:41,925 [INFO] EPISODE 1260, LOSS 20.414043426513672
"2023-05-10 12:48:42,014 [INFO] EPISODE 1270, LOSS 9.77453899383545
"2023-05-10 12:48:42,110 [INFO] EPISODE 1280, LOSS 30.394306182861328
"2023-05-10 12:48:42,207 [INFO] EPISODE 1290, LOSS 29.846439361572266
"2023-05-10 12:48:42,302 [INFO] EPISODE 1300, LOSS 24.698387145996094
"2023-05-10 12:48:42,399 [INFO] EPISODE 1310, LOSS 27.716182708740234
"2023-05-10 12:48:42,489 [INFO] EPISODE 1320, LOSS 30.14641571044922
"2023-05-10 12:48:42,583 [INFO] EPISODE 1330, LOSS 17.602216720581055
"2023-05-10 12:48:42,670 [INFO] EPISODE 1340, LOSS 19.661529541015625
"2023-05-10 12:48:42,757 [INFO] EPISODE 1350, LOSS 14.033411979675293
"2023-05-10 12:48:42,850 [INFO] EPISODE 1360, LOSS 23.8450927734375
"2023-05-10 12:48:42,997 [INFO] EPISODE 1370, LOSS 25.148902893066406
"2023-05-10 12:48:43,088 [INFO] EPISODE 1380, LOSS 23.935184478759766
"2023-05-10 12:48:43,180 [INFO] EPISODE 1390, LOSS 12.050443649291992
"2023-05-10 12:48:43,274 [INFO] EPISODE 1400, LOSS 14.633476257324219
"2023-05-10 12:48:43,365 [INFO] EPISODE 1410, LOSS 26.053516387939453
"2023-05-10 12:48:43,456 [INFO] EPISODE 1420, LOSS 25.234996795654297
"2023-05-10 12:48:43,551 [INFO] EPISODE 1430, LOSS 20.84682846069336
"2023-05-10 12:48:43,644 [INFO] EPISODE 1440, LOSS 32.347328186035156
"2023-05-10 12:48:43,736 [INFO] EPISODE 1450, LOSS 21.451950073242188
"2023-05-10 12:48:43,830 [INFO] EPISODE 1460, LOSS 15.2327880859375
"2023-05-10 12:48:43,929 [INFO] EPISODE 1470, LOSS 26.481529235839844
"2023-05-10 12:48:44,020 [INFO] EPISODE 1480, LOSS 14.04312515258789
"2023-05-10 12:48:44,112 [INFO] EPISODE 1490, LOSS 19.35152816772461
"2023-05-10 12:48:44,203 [INFO] EPISODE 1500, LOSS 10.968748092651367
"2023-05-10 12:48:44,299 [INFO] EPISODE 1510, LOSS 9.126380920410156
"2023-05-10 12:48:44,391 [INFO] EPISODE 1520, LOSS 14.772130966186523
"2023-05-10 12:48:44,487 [INFO] EPISODE 1530, LOSS 16.502452850341797
"2023-05-10 12:48:44,590 [INFO] EPISODE 1540, LOSS 11.350534439086914
"2023-05-10 12:48:44,687 [INFO] EPISODE 1550, LOSS 27.284420013427734
"2023-05-10 12:48:44,784 [INFO] EPISODE 1560, LOSS 15.687860488891602
"2023-05-10 12:48:44,874 [INFO] EPISODE 1570, LOSS 18.33562469482422
"2023-05-10 12:48:44,969 [INFO] EPISODE 1580, LOSS 19.14981460571289
"2023-05-10 12:48:45,116 [INFO] EPISODE 1590, LOSS 24.801116943359375
"2023-05-10 12:48:45,205 [INFO] EPISODE 1600, LOSS 20.148221969604492
"2023-05-10 12:48:45,293 [INFO] EPISODE 1610, LOSS 16.23830223083496
"2023-05-10 12:48:45,389 [INFO] EPISODE 1620, LOSS 15.6625394821167
"2023-05-10 12:48:45,478 [INFO] EPISODE 1630, LOSS 26.658918380737305
"2023-05-10 12:48:45,571 [INFO] EPISODE 1640, LOSS 19.73943519592285
"2023-05-10 12:48:45,666 [INFO] EPISODE 1650, LOSS 10.062742233276367
"2023-05-10 12:48:45,757 [INFO] EPISODE 1660, LOSS 18.452125549316406
"2023-05-10 12:48:45,857 [INFO] EPISODE 1670, LOSS 22.70477294921875
"2023-05-10 12:48:45,948 [INFO] EPISODE 1680, LOSS 12.103750228881836
"2023-05-10 12:48:46,037 [INFO] EPISODE 1690, LOSS 11.523862838745117
"2023-05-10 12:48:46,130 [INFO] EPISODE 1700, LOSS 28.23305892944336
"2023-05-10 12:48:46,220 [INFO] EPISODE 1710, LOSS 18.6135311126709
"2023-05-10 12:48:46,310 [INFO] EPISODE 1720, LOSS 19.262832641601562
"2023-05-10 12:48:46,402 [INFO] EPISODE 1730, LOSS 33.91405487060547
"2023-05-10 12:48:46,498 [INFO] EPISODE 1740, LOSS 23.99159049987793
"2023-05-10 12:48:46,593 [INFO] EPISODE 1750, LOSS 22.565160751342773
"2023-05-10 12:48:46,687 [INFO] EPISODE 1760, LOSS 10.696669578552246
"2023-05-10 12:48:46,777 [INFO] EPISODE 1770, LOSS 16.755727767944336
"2023-05-10 12:48:46,868 [INFO] EPISODE 1780, LOSS 14.567998886108398
"2023-05-10 12:48:46,965 [INFO] EPISODE 1790, LOSS 17.131855010986328
"2023-05-10 12:48:47,114 [INFO] EPISODE 1800, LOSS 13.348284721374512
"2023-05-10 12:48:47,203 [INFO] EPISODE 1810, LOSS 17.3414363861084
"2023-05-10 12:48:47,296 [INFO] EPISODE 1820, LOSS 12.928281784057617
"2023-05-10 12:48:47,392 [INFO] EPISODE 1830, LOSS 25.311620712280273
"2023-05-10 12:48:47,486 [INFO] EPISODE 1840, LOSS 14.508761405944824
"2023-05-10 12:48:47,581 [INFO] EPISODE 1850, LOSS 24.2891902923584
"2023-05-10 12:48:47,674 [INFO] EPISODE 1860, LOSS 9.278133392333984
"2023-05-10 12:48:47,766 [INFO] EPISODE 1870, LOSS 20.183706283569336
"2023-05-10 12:48:47,856 [INFO] EPISODE 1880, LOSS 18.24167251586914
"2023-05-10 12:48:47,945 [INFO] EPISODE 1890, LOSS 10.78514289855957
"2023-05-10 12:48:48,036 [INFO] EPISODE 1900, LOSS 23.063106536865234
"2023-05-10 12:48:48,127 [INFO] EPISODE 1910, LOSS 17.356441497802734
"2023-05-10 12:48:48,221 [INFO] EPISODE 1920, LOSS 23.056921005249023
"2023-05-10 12:48:48,315 [INFO] EPISODE 1930, LOSS 18.341449737548828
"2023-05-10 12:48:48,411 [INFO] EPISODE 1940, LOSS 15.874842643737793
"2023-05-10 12:48:48,509 [INFO] EPISODE 1950, LOSS 59.890106201171875
"2023-05-10 12:48:48,602 [INFO] EPISODE 1960, LOSS 14.27658748626709
"2023-05-10 12:48:48,700 [INFO] EPISODE 1970, LOSS 24.09799575805664
"2023-05-10 12:48:48,790 [INFO] EPISODE 1980, LOSS 37.930137634277344
"2023-05-10 12:48:48,880 [INFO] EPISODE 1990, LOSS 32.888671875
"2023-05-10 12:48:48,983 [INFO] ===== ONNX SAVED at ./savemodel/0510_1248PM_MY_PDE/2000.onnx
"2023-05-10 12:48:48,983 [INFO] EPISODE 2000, LOSS 12.461435317993164
"2023-05-10 12:48:49,130 [INFO] EPISODE 2010, LOSS 20.300403594970703
"2023-05-10 12:48:49,228 [INFO] EPISODE 2020, LOSS 18.54693603515625
"2023-05-10 12:48:49,325 [INFO] EPISODE 2030, LOSS 22.713069915771484
"2023-05-10 12:48:49,424 [INFO] EPISODE 2040, LOSS 18.903993606567383
"2023-05-10 12:48:49,515 [INFO] EPISODE 2050, LOSS 25.158964157104492
"2023-05-10 12:48:49,603 [INFO] EPISODE 2060, LOSS 23.082265853881836
"2023-05-10 12:48:49,699 [INFO] EPISODE 2070, LOSS 11.388172149658203
"2023-05-10 12:48:49,791 [INFO] EPISODE 2080, LOSS 14.5204496383667
"2023-05-10 12:48:49,884 [INFO] EPISODE 2090, LOSS 33.53495788574219
"2023-05-10 12:48:49,977 [INFO] EPISODE 2100, LOSS 12.66452693939209
"2023-05-10 12:48:50,075 [INFO] EPISODE 2110, LOSS 24.490928649902344
"2023-05-10 12:48:50,169 [INFO] EPISODE 2120, LOSS 32.04642105102539
"2023-05-10 12:48:50,259 [INFO] EPISODE 2130, LOSS 20.978076934814453
"2023-05-10 12:48:50,354 [INFO] EPISODE 2140, LOSS 14.649985313415527
"2023-05-10 12:48:50,446 [INFO] EPISODE 2150, LOSS 15.776652336120605
"2023-05-10 12:48:50,539 [INFO] EPISODE 2160, LOSS 55.04216766357422
"2023-05-10 12:48:50,631 [INFO] EPISODE 2170, LOSS 15.721105575561523
"2023-05-10 12:48:50,719 [INFO] EPISODE 2180, LOSS 16.484575271606445
"2023-05-10 12:48:50,815 [INFO] EPISODE 2190, LOSS 36.5557975769043
"2023-05-10 12:48:50,906 [INFO] EPISODE 2200, LOSS 12.094882011413574
"2023-05-10 12:48:50,999 [INFO] EPISODE 2210, LOSS 21.66811180114746
"2023-05-10 12:48:51,086 [INFO] EPISODE 2220, LOSS 21.252960205078125
"2023-05-10 12:48:51,183 [INFO] EPISODE 2230, LOSS 18.39055633544922
"2023-05-10 12:48:51,335 [INFO] EPISODE 2240, LOSS 22.54591941833496
"2023-05-10 12:48:51,428 [INFO] EPISODE 2250, LOSS 13.62265396118164
"2023-05-10 12:48:51,518 [INFO] EPISODE 2260, LOSS 13.950126647949219
"2023-05-10 12:48:51,609 [INFO] EPISODE 2270, LOSS 18.68917465209961
"2023-05-10 12:48:51,703 [INFO] EPISODE 2280, LOSS 13.578036308288574
"2023-05-10 12:48:51,794 [INFO] EPISODE 2290, LOSS 16.725879669189453
"2023-05-10 12:48:51,882 [INFO] EPISODE 2300, LOSS 34.459903717041016
"2023-05-10 12:48:51,974 [INFO] EPISODE 2310, LOSS 17.6030330657959
"2023-05-10 12:48:52,064 [INFO] EPISODE 2320, LOSS 14.29068374633789
"2023-05-10 12:48:52,152 [INFO] EPISODE 2330, LOSS 26.186758041381836
"2023-05-10 12:48:52,244 [INFO] EPISODE 2340, LOSS 17.277034759521484
"2023-05-10 12:48:52,338 [INFO] EPISODE 2350, LOSS 11.89300537109375
"2023-05-10 12:48:52,430 [INFO] EPISODE 2360, LOSS 23.76144027709961
"2023-05-10 12:48:52,525 [INFO] EPISODE 2370, LOSS 16.923887252807617
"2023-05-10 12:48:52,615 [INFO] EPISODE 2380, LOSS 20.957244873046875
"2023-05-10 12:48:52,710 [INFO] EPISODE 2390, LOSS 24.009397506713867
"2023-05-10 12:48:52,798 [INFO] EPISODE 2400, LOSS 18.692384719848633
"2023-05-10 12:48:52,892 [INFO] EPISODE 2410, LOSS 27.83736801147461
"2023-05-10 12:48:52,982 [INFO] EPISODE 2420, LOSS 11.806331634521484
"2023-05-10 12:48:53,076 [INFO] EPISODE 2430, LOSS 16.261537551879883
"2023-05-10 12:48:53,169 [INFO] EPISODE 2440, LOSS 20.638179779052734
"2023-05-10 12:48:53,259 [INFO] EPISODE 2450, LOSS 13.920214653015137
"2023-05-10 12:48:53,351 [INFO] EPISODE 2460, LOSS 21.936321258544922
"2023-05-10 12:48:53,443 [INFO] EPISODE 2470, LOSS 16.759838104248047
"2023-05-10 12:48:53,533 [INFO] EPISODE 2480, LOSS 16.42720603942871
"2023-05-10 12:48:53,686 [INFO] EPISODE 2490, LOSS 16.6196346282959
"2023-05-10 12:48:53,779 [INFO] EPISODE 2500, LOSS 13.842155456542969
"2023-05-10 12:48:53,866 [INFO] EPISODE 2510, LOSS 17.123933792114258
"2023-05-10 12:48:53,952 [INFO] EPISODE 2520, LOSS 14.952146530151367
"2023-05-10 12:48:54,041 [INFO] EPISODE 2530, LOSS 23.044170379638672
"2023-05-10 12:48:54,137 [INFO] EPISODE 2540, LOSS 27.678966522216797
"2023-05-10 12:48:54,228 [INFO] EPISODE 2550, LOSS 7.046339988708496
"2023-05-10 12:48:54,318 [INFO] EPISODE 2560, LOSS 27.936513900756836
"2023-05-10 12:48:54,411 [INFO] EPISODE 2570, LOSS 23.700483322143555
"2023-05-10 12:48:54,501 [INFO] EPISODE 2580, LOSS 29.837087631225586
"2023-05-10 12:48:54,591 [INFO] EPISODE 2590, LOSS 17.74403953552246
"2023-05-10 12:48:54,685 [INFO] EPISODE 2600, LOSS 24.82071304321289
"2023-05-10 12:48:54,780 [INFO] EPISODE 2610, LOSS 10.156732559204102
"2023-05-10 12:48:54,872 [INFO] EPISODE 2620, LOSS 15.235958099365234
"2023-05-10 12:48:54,970 [INFO] EPISODE 2630, LOSS 21.722061157226562
"2023-05-10 12:48:55,060 [INFO] EPISODE 2640, LOSS 10.181897163391113
"2023-05-10 12:48:55,154 [INFO] EPISODE 2650, LOSS 21.15102195739746
"2023-05-10 12:48:55,246 [INFO] EPISODE 2660, LOSS 7.6812872886657715
"2023-05-10 12:48:55,339 [INFO] EPISODE 2670, LOSS 21.119409561157227
"2023-05-10 12:48:55,432 [INFO] EPISODE 2680, LOSS 13.550981521606445
"2023-05-10 12:48:55,522 [INFO] EPISODE 2690, LOSS 22.685428619384766
"2023-05-10 12:48:55,613 [INFO] EPISODE 2700, LOSS 22.95771026611328
"2023-05-10 12:48:55,706 [INFO] EPISODE 2710, LOSS 18.00422477722168
"2023-05-10 12:48:55,850 [INFO] EPISODE 2720, LOSS 15.897589683532715
"2023-05-10 12:48:55,941 [INFO] EPISODE 2730, LOSS 22.476531982421875
"2023-05-10 12:48:56,034 [INFO] EPISODE 2740, LOSS 17.059202194213867
"2023-05-10 12:48:56,125 [INFO] EPISODE 2750, LOSS 9.963011741638184
"2023-05-10 12:48:56,219 [INFO] EPISODE 2760, LOSS 25.772680282592773
"2023-05-10 12:48:56,312 [INFO] EPISODE 2770, LOSS 27.972064971923828
"2023-05-10 12:48:56,426 [INFO] EPISODE 2780, LOSS 23.12569236755371
"2023-05-10 12:48:56,522 [INFO] EPISODE 2790, LOSS 28.590177536010742
"2023-05-10 12:48:56,617 [INFO] EPISODE 2800, LOSS 35.56294250488281
"2023-05-10 12:48:56,708 [INFO] EPISODE 2810, LOSS 24.5216064453125
"2023-05-10 12:48:56,799 [INFO] EPISODE 2820, LOSS 19.41936492919922
"2023-05-10 12:48:56,900 [INFO] EPISODE 2830, LOSS 16.766845703125
"2023-05-10 12:48:56,998 [INFO] EPISODE 2840, LOSS 14.730616569519043
"2023-05-10 12:48:57,090 [INFO] EPISODE 2850, LOSS 16.605165481567383
"2023-05-10 12:48:57,184 [INFO] EPISODE 2860, LOSS 9.663068771362305
"2023-05-10 12:48:57,285 [INFO] EPISODE 2870, LOSS 14.319721221923828
"2023-05-10 12:48:57,377 [INFO] EPISODE 2880, LOSS 14.542956352233887
"2023-05-10 12:48:57,472 [INFO] EPISODE 2890, LOSS 41.35944747924805
"2023-05-10 12:48:57,561 [INFO] EPISODE 2900, LOSS 13.704849243164062
"2023-05-10 12:48:57,651 [INFO] EPISODE 2910, LOSS 29.494586944580078
"2023-05-10 12:48:57,745 [INFO] EPISODE 2920, LOSS 9.897586822509766
"2023-05-10 12:48:57,842 [INFO] EPISODE 2930, LOSS 11.705831527709961
"2023-05-10 12:48:57,933 [INFO] EPISODE 2940, LOSS 13.235194206237793
"2023-05-10 12:48:58,027 [INFO] EPISODE 2950, LOSS 41.308189392089844
"2023-05-10 12:48:58,181 [INFO] EPISODE 2960, LOSS 15.522849082946777
"2023-05-10 12:48:58,275 [INFO] EPISODE 2970, LOSS 11.094916343688965
"2023-05-10 12:48:58,365 [INFO] EPISODE 2980, LOSS 12.633308410644531
"2023-05-10 12:48:58,457 [INFO] EPISODE 2990, LOSS 17.75086784362793
"2023-05-10 12:48:58,561 [INFO] ===== ONNX SAVED at ./savemodel/0510_1248PM_MY_PDE/3000.onnx
"2023-05-10 12:48:58,561 [INFO] EPISODE 3000, LOSS 22.39456558227539
"2023-05-10 12:48:58,653 [INFO] EPISODE 3010, LOSS 14.873824119567871
"2023-05-10 12:48:58,743 [INFO] EPISODE 3020, LOSS 6.0948896408081055
"2023-05-10 12:48:58,839 [INFO] EPISODE 3030, LOSS 13.783473014831543
"2023-05-10 12:48:58,930 [INFO] EPISODE 3040, LOSS 10.590412139892578
"2023-05-10 12:48:59,022 [INFO] EPISODE 3050, LOSS 19.57745933532715
"2023-05-10 12:48:59,122 [INFO] EPISODE 3060, LOSS 26.815364837646484
"2023-05-10 12:48:59,218 [INFO] EPISODE 3070, LOSS 9.618881225585938
"2023-05-10 12:48:59,311 [INFO] EPISODE 3080, LOSS 28.678417205810547
"2023-05-10 12:48:59,398 [INFO] EPISODE 3090, LOSS 13.109642028808594
"2023-05-10 12:48:59,489 [INFO] EPISODE 3100, LOSS 19.763063430786133
"2023-05-10 12:48:59,583 [INFO] EPISODE 3110, LOSS 13.571489334106445
"2023-05-10 12:48:59,675 [INFO] EPISODE 3120, LOSS 8.433960914611816
"2023-05-10 12:48:59,779 [INFO] EPISODE 3130, LOSS 8.780600547790527
"2023-05-10 12:48:59,878 [INFO] EPISODE 3140, LOSS 16.543439865112305
"2023-05-10 12:48:59,967 [INFO] EPISODE 3150, LOSS 16.997127532958984
"2023-05-10 12:49:00,061 [INFO] EPISODE 3160, LOSS 13.580477714538574
"2023-05-10 12:49:00,153 [INFO] EPISODE 3170, LOSS 19.895282745361328
"2023-05-10 12:49:00,306 [INFO] EPISODE 3180, LOSS 15.184496879577637
"2023-05-10 12:49:00,399 [INFO] EPISODE 3190, LOSS 12.972494125366211
"2023-05-10 12:49:00,491 [INFO] EPISODE 3200, LOSS 22.563024520874023
"2023-05-10 12:49:00,589 [INFO] EPISODE 3210, LOSS 14.869939804077148
"2023-05-10 12:49:00,685 [INFO] EPISODE 3220, LOSS 26.25819206237793
"2023-05-10 12:49:00,780 [INFO] EPISODE 3230, LOSS 28.699905395507812
"2023-05-10 12:49:00,874 [INFO] EPISODE 3240, LOSS 7.360516548156738
"2023-05-10 12:49:00,969 [INFO] EPISODE 3250, LOSS 18.04400634765625
"2023-05-10 12:49:01,060 [INFO] EPISODE 3260, LOSS 17.032840728759766
"2023-05-10 12:49:01,149 [INFO] EPISODE 3270, LOSS 9.925923347473145
"2023-05-10 12:49:01,239 [INFO] EPISODE 3280, LOSS 22.664405822753906
"2023-05-10 12:49:01,331 [INFO] EPISODE 3290, LOSS 9.764835357666016
"2023-05-10 12:49:01,426 [INFO] EPISODE 3300, LOSS 16.426406860351562
"2023-05-10 12:49:01,520 [INFO] EPISODE 3310, LOSS 11.863300323486328
"2023-05-10 12:49:01,618 [INFO] EPISODE 3320, LOSS 9.0408935546875
"2023-05-10 12:49:01,709 [INFO] EPISODE 3330, LOSS 28.69402313232422
"2023-05-10 12:49:01,802 [INFO] EPISODE 3340, LOSS 10.351519584655762
"2023-05-10 12:49:01,899 [INFO] EPISODE 3350, LOSS 33.216732025146484
"2023-05-10 12:49:01,994 [INFO] EPISODE 3360, LOSS 31.8829345703125
"2023-05-10 12:49:02,099 [INFO] EPISODE 3370, LOSS 12.367911338806152
"2023-05-10 12:49:02,203 [INFO] EPISODE 3380, LOSS 12.757688522338867
"2023-05-10 12:49:02,365 [INFO] EPISODE 3390, LOSS 26.002851486206055
"2023-05-10 12:49:02,461 [INFO] EPISODE 3400, LOSS 12.644244194030762
"2023-05-10 12:49:02,557 [INFO] EPISODE 3410, LOSS 20.439327239990234
"2023-05-10 12:49:02,658 [INFO] EPISODE 3420, LOSS 26.147014617919922
"2023-05-10 12:49:02,760 [INFO] EPISODE 3430, LOSS 31.663837432861328
"2023-05-10 12:49:02,855 [INFO] EPISODE 3440, LOSS 10.86274528503418
"2023-05-10 12:49:02,951 [INFO] EPISODE 3450, LOSS 18.327592849731445
"2023-05-10 12:49:03,044 [INFO] EPISODE 3460, LOSS 33.013916015625
"2023-05-10 12:49:03,140 [INFO] EPISODE 3470, LOSS 6.235743522644043
"2023-05-10 12:49:03,235 [INFO] EPISODE 3480, LOSS 15.806693077087402
"2023-05-10 12:49:03,328 [INFO] EPISODE 3490, LOSS 11.631057739257812
"2023-05-10 12:49:03,424 [INFO] EPISODE 3500, LOSS 19.825504302978516
"2023-05-10 12:49:03,517 [INFO] EPISODE 3510, LOSS 22.063838958740234
"2023-05-10 12:49:03,615 [INFO] EPISODE 3520, LOSS 34.05773162841797
"2023-05-10 12:49:03,706 [INFO] EPISODE 3530, LOSS 27.275930404663086
"2023-05-10 12:49:03,797 [INFO] EPISODE 3540, LOSS 28.1193904876709
"2023-05-10 12:49:03,898 [INFO] EPISODE 3550, LOSS 26.120891571044922
"2023-05-10 12:49:03,993 [INFO] EPISODE 3560, LOSS 15.798083305358887
"2023-05-10 12:49:04,089 [INFO] EPISODE 3570, LOSS 16.401670455932617
"2023-05-10 12:49:04,203 [INFO] EPISODE 3580, LOSS 10.970756530761719
"2023-05-10 12:49:04,301 [INFO] EPISODE 3590, LOSS 18.32637596130371
"2023-05-10 12:49:04,399 [INFO] EPISODE 3600, LOSS 19.762115478515625
"2023-05-10 12:49:04,490 [INFO] EPISODE 3610, LOSS 12.803993225097656
"2023-05-10 12:49:04,649 [INFO] EPISODE 3620, LOSS 7.605496883392334
"2023-05-10 12:49:04,740 [INFO] EPISODE 3630, LOSS 28.53546142578125
"2023-05-10 12:49:04,831 [INFO] EPISODE 3640, LOSS 15.993605613708496
"2023-05-10 12:49:04,925 [INFO] EPISODE 3650, LOSS 25.103878021240234
"2023-05-10 12:49:05,021 [INFO] EPISODE 3660, LOSS 15.19831657409668
"2023-05-10 12:49:05,115 [INFO] EPISODE 3670, LOSS 15.29217529296875
"2023-05-10 12:49:05,207 [INFO] EPISODE 3680, LOSS 9.776480674743652
"2023-05-10 12:49:05,300 [INFO] EPISODE 3690, LOSS 30.472190856933594
"2023-05-10 12:49:05,396 [INFO] EPISODE 3700, LOSS 23.534740447998047
"2023-05-10 12:49:05,492 [INFO] EPISODE 3710, LOSS 13.81263542175293
"2023-05-10 12:49:05,582 [INFO] EPISODE 3720, LOSS 35.209877014160156
"2023-05-10 12:49:05,673 [INFO] EPISODE 3730, LOSS 21.45599365234375
"2023-05-10 12:49:05,764 [INFO] EPISODE 3740, LOSS 15.376551628112793
"2023-05-10 12:49:05,864 [INFO] EPISODE 3750, LOSS 14.40156364440918
"2023-05-10 12:49:05,958 [INFO] EPISODE 3760, LOSS 28.453765869140625
"2023-05-10 12:49:06,051 [INFO] EPISODE 3770, LOSS 16.991304397583008
"2023-05-10 12:49:06,149 [INFO] EPISODE 3780, LOSS 22.288490295410156
"2023-05-10 12:49:06,246 [INFO] EPISODE 3790, LOSS 31.39788818359375
"2023-05-10 12:49:06,345 [INFO] EPISODE 3800, LOSS 9.15353775024414
"2023-05-10 12:49:06,446 [INFO] EPISODE 3810, LOSS 9.755413055419922
"2023-05-10 12:49:06,539 [INFO] EPISODE 3820, LOSS 16.193681716918945
"2023-05-10 12:49:06,642 [INFO] EPISODE 3830, LOSS 12.804161071777344
"2023-05-10 12:49:06,743 [INFO] EPISODE 3840, LOSS 24.79048728942871
"2023-05-10 12:49:06,907 [INFO] EPISODE 3850, LOSS 11.27863597869873
"2023-05-10 12:49:07,007 [INFO] EPISODE 3860, LOSS 16.783123016357422
"2023-05-10 12:49:07,102 [INFO] EPISODE 3870, LOSS 19.212852478027344
"2023-05-10 12:49:07,195 [INFO] EPISODE 3880, LOSS 22.039962768554688
"2023-05-10 12:49:07,286 [INFO] EPISODE 3890, LOSS 9.549643516540527
"2023-05-10 12:49:07,382 [INFO] EPISODE 3900, LOSS 25.994365692138672
"2023-05-10 12:49:07,481 [INFO] EPISODE 3910, LOSS 40.75849151611328
"2023-05-10 12:49:07,574 [INFO] EPISODE 3920, LOSS 22.08539390563965
"2023-05-10 12:49:07,666 [INFO] EPISODE 3930, LOSS 25.790082931518555
"2023-05-10 12:49:07,759 [INFO] EPISODE 3940, LOSS 24.289459228515625
"2023-05-10 12:49:07,852 [INFO] EPISODE 3950, LOSS 17.446575164794922
"2023-05-10 12:49:07,944 [INFO] EPISODE 3960, LOSS 16.027442932128906
"2023-05-10 12:49:08,045 [INFO] EPISODE 3970, LOSS 46.286529541015625
"2023-05-10 12:49:08,141 [INFO] EPISODE 3980, LOSS 28.109432220458984
"2023-05-10 12:49:08,232 [INFO] EPISODE 3990, LOSS 25.844310760498047
"2023-05-10 12:49:08,339 [INFO] ===== ONNX SAVED at ./savemodel/0510_1248PM_MY_PDE/4000.onnx
"2023-05-10 12:49:08,339 [INFO] EPISODE 4000, LOSS 23.200977325439453
"2023-05-10 12:49:08,436 [INFO] EPISODE 4010, LOSS 15.332877159118652
"2023-05-10 12:49:08,533 [INFO] EPISODE 4020, LOSS 12.70179271697998
"2023-05-10 12:49:08,626 [INFO] EPISODE 4030, LOSS 14.850927352905273
"2023-05-10 12:49:08,724 [INFO] EPISODE 4040, LOSS 6.582221984863281
"2023-05-10 12:49:08,819 [INFO] EPISODE 4050, LOSS 33.26519012451172
"2023-05-10 12:49:08,967 [INFO] EPISODE 4060, LOSS 17.021305084228516
"2023-05-10 12:49:09,061 [INFO] EPISODE 4070, LOSS 8.34696102142334
"2023-05-10 12:49:09,150 [INFO] EPISODE 4080, LOSS 33.5845947265625
"2023-05-10 12:49:09,239 [INFO] EPISODE 4090, LOSS 21.662681579589844
"2023-05-10 12:49:09,332 [INFO] EPISODE 4100, LOSS 18.567787170410156
"2023-05-10 12:49:09,426 [INFO] EPISODE 4110, LOSS 23.545156478881836
"2023-05-10 12:49:09,515 [INFO] EPISODE 4120, LOSS 18.309062957763672
"2023-05-10 12:49:09,609 [INFO] EPISODE 4130, LOSS 10.955232620239258
"2023-05-10 12:49:09,704 [INFO] EPISODE 4140, LOSS 23.195058822631836
"2023-05-10 12:49:09,790 [INFO] EPISODE 4150, LOSS 15.811260223388672
"2023-05-10 12:49:09,877 [INFO] EPISODE 4160, LOSS 14.69805908203125
"2023-05-10 12:49:09,965 [INFO] EPISODE 4170, LOSS 21.052001953125
"2023-05-10 12:49:10,059 [INFO] EPISODE 4180, LOSS 23.219024658203125
"2023-05-10 12:49:10,149 [INFO] EPISODE 4190, LOSS 13.556854248046875
"2023-05-10 12:49:10,241 [INFO] EPISODE 4200, LOSS 17.07584571838379
"2023-05-10 12:49:10,334 [INFO] EPISODE 4210, LOSS 27.00308609008789
"2023-05-10 12:49:10,421 [INFO] EPISODE 4220, LOSS 25.772390365600586
"2023-05-10 12:49:10,512 [INFO] EPISODE 4230, LOSS 8.921476364135742
"2023-05-10 12:49:10,603 [INFO] EPISODE 4240, LOSS 17.32354736328125
"2023-05-10 12:49:10,689 [INFO] EPISODE 4250, LOSS 14.583877563476562
"2023-05-10 12:49:10,779 [INFO] EPISODE 4260, LOSS 12.671470642089844
"2023-05-10 12:49:10,869 [INFO] EPISODE 4270, LOSS 15.957929611206055
"2023-05-10 12:49:10,959 [INFO] EPISODE 4280, LOSS 20.85257911682129
"2023-05-10 12:49:11,102 [INFO] EPISODE 4290, LOSS 38.24640655517578
"2023-05-10 12:49:11,195 [INFO] EPISODE 4300, LOSS 11.86707878112793
"2023-05-10 12:49:11,284 [INFO] EPISODE 4310, LOSS 15.452826499938965
"2023-05-10 12:49:11,375 [INFO] EPISODE 4320, LOSS 15.587135314941406
"2023-05-10 12:49:11,463 [INFO] EPISODE 4330, LOSS 13.79438304901123
"2023-05-10 12:49:11,556 [INFO] EPISODE 4340, LOSS 25.502700805664062
"2023-05-10 12:49:11,645 [INFO] EPISODE 4350, LOSS 16.16252326965332
"2023-05-10 12:49:11,738 [INFO] EPISODE 4360, LOSS 17.972328186035156
"2023-05-10 12:49:11,829 [INFO] EPISODE 4370, LOSS 10.483613967895508
"2023-05-10 12:49:11,919 [INFO] EPISODE 4380, LOSS 13.479780197143555
"2023-05-10 12:49:12,007 [INFO] EPISODE 4390, LOSS 18.505775451660156
"2023-05-10 12:49:12,094 [INFO] EPISODE 4400, LOSS 17.825408935546875
"2023-05-10 12:49:12,183 [INFO] EPISODE 4410, LOSS 12.547079086303711
"2023-05-10 12:49:12,270 [INFO] EPISODE 4420, LOSS 28.206356048583984
"2023-05-10 12:49:12,356 [INFO] EPISODE 4430, LOSS 20.751066207885742
"2023-05-10 12:49:12,442 [INFO] EPISODE 4440, LOSS 19.384326934814453
"2023-05-10 12:49:12,539 [INFO] EPISODE 4450, LOSS 15.763758659362793
"2023-05-10 12:49:12,629 [INFO] EPISODE 4460, LOSS 11.846817016601562
"2023-05-10 12:49:12,723 [INFO] EPISODE 4470, LOSS 26.037038803100586
"2023-05-10 12:49:12,817 [INFO] EPISODE 4480, LOSS 24.280364990234375
"2023-05-10 12:49:12,913 [INFO] EPISODE 4490, LOSS 17.580623626708984
"2023-05-10 12:49:13,004 [INFO] EPISODE 4500, LOSS 18.41626739501953
"2023-05-10 12:49:13,090 [INFO] EPISODE 4510, LOSS 15.658862113952637
"2023-05-10 12:49:13,177 [INFO] EPISODE 4520, LOSS 10.014952659606934
"2023-05-10 12:49:13,264 [INFO] EPISODE 4530, LOSS 23.31652069091797
"2023-05-10 12:49:13,407 [INFO] EPISODE 4540, LOSS 16.936016082763672
"2023-05-10 12:49:13,504 [INFO] EPISODE 4550, LOSS 42.24872589111328
"2023-05-10 12:49:13,595 [INFO] EPISODE 4560, LOSS 16.62632179260254
"2023-05-10 12:49:13,685 [INFO] EPISODE 4570, LOSS 16.86936378479004
"2023-05-10 12:49:13,781 [INFO] EPISODE 4580, LOSS 15.353620529174805
"2023-05-10 12:49:13,871 [INFO] EPISODE 4590, LOSS 15.214884757995605
"2023-05-10 12:49:13,963 [INFO] EPISODE 4600, LOSS 16.408126831054688
"2023-05-10 12:49:14,053 [INFO] EPISODE 4610, LOSS 18.444034576416016
"2023-05-10 12:49:14,139 [INFO] EPISODE 4620, LOSS 25.110279083251953
"2023-05-10 12:49:14,232 [INFO] EPISODE 4630, LOSS 14.640604972839355
"2023-05-10 12:49:14,322 [INFO] EPISODE 4640, LOSS 20.741979598999023
"2023-05-10 12:49:14,417 [INFO] EPISODE 4650, LOSS 10.765413284301758
"2023-05-10 12:49:14,509 [INFO] EPISODE 4660, LOSS 26.24706268310547
"2023-05-10 12:49:14,601 [INFO] EPISODE 4670, LOSS 14.386404037475586
"2023-05-10 12:49:14,697 [INFO] EPISODE 4680, LOSS 7.682173728942871
"2023-05-10 12:49:14,790 [INFO] EPISODE 4690, LOSS 12.641955375671387
"2023-05-10 12:49:14,880 [INFO] EPISODE 4700, LOSS 10.221869468688965
"2023-05-10 12:49:14,966 [INFO] EPISODE 4710, LOSS 32.046077728271484
"2023-05-10 12:49:15,053 [INFO] EPISODE 4720, LOSS 14.575277328491211
"2023-05-10 12:49:15,149 [INFO] EPISODE 4730, LOSS 19.94927406311035
"2023-05-10 12:49:15,241 [INFO] EPISODE 4740, LOSS 28.75984764099121
"2023-05-10 12:49:15,336 [INFO] EPISODE 4750, LOSS 16.299022674560547
"2023-05-10 12:49:15,427 [INFO] EPISODE 4760, LOSS 14.974188804626465
"2023-05-10 12:49:15,523 [INFO] EPISODE 4770, LOSS 9.795985221862793
"2023-05-10 12:49:15,614 [INFO] EPISODE 4780, LOSS 21.131465911865234
"2023-05-10 12:49:15,763 [INFO] EPISODE 4790, LOSS 11.737203598022461
"2023-05-10 12:49:15,858 [INFO] EPISODE 4800, LOSS 16.616729736328125
"2023-05-10 12:49:15,958 [INFO] EPISODE 4810, LOSS 8.581320762634277
"2023-05-10 12:49:16,054 [INFO] EPISODE 4820, LOSS 9.655467987060547
"2023-05-10 12:49:16,147 [INFO] EPISODE 4830, LOSS 20.901748657226562
"2023-05-10 12:49:16,236 [INFO] EPISODE 4840, LOSS 12.413275718688965
"2023-05-10 12:49:16,337 [INFO] EPISODE 4850, LOSS 8.949827194213867
"2023-05-10 12:49:16,427 [INFO] EPISODE 4860, LOSS 18.41553497314453
"2023-05-10 12:49:16,518 [INFO] EPISODE 4870, LOSS 19.285497665405273
"2023-05-10 12:49:16,616 [INFO] EPISODE 4880, LOSS 11.484057426452637
"2023-05-10 12:49:16,710 [INFO] EPISODE 4890, LOSS 19.617008209228516
"2023-05-10 12:49:16,800 [INFO] EPISODE 4900, LOSS 12.401178359985352
"2023-05-10 12:49:16,895 [INFO] EPISODE 4910, LOSS 13.076327323913574
"2023-05-10 12:49:16,987 [INFO] EPISODE 4920, LOSS 13.66512680053711
"2023-05-10 12:49:17,078 [INFO] EPISODE 4930, LOSS 11.030717849731445
"2023-05-10 12:49:17,167 [INFO] EPISODE 4940, LOSS 22.39571762084961
"2023-05-10 12:49:17,259 [INFO] EPISODE 4950, LOSS 20.87061309814453
"2023-05-10 12:49:17,350 [INFO] EPISODE 4960, LOSS 11.086353302001953
"2023-05-10 12:49:17,440 [INFO] EPISODE 4970, LOSS 12.411346435546875
"2023-05-10 12:49:17,535 [INFO] EPISODE 4980, LOSS 21.24090576171875
"2023-05-10 12:49:17,624 [INFO] EPISODE 4990, LOSS 17.69916343688965
"2023-05-10 12:49:17,723 [INFO] ===== ONNX SAVED at ./savemodel/0510_1248PM_MY_PDE/5000.onnx
"2023-05-10 12:49:17,723 [INFO] EPISODE 5000, LOSS 10.93497085571289
"2023-05-10 12:49:17,818 [INFO] EPISODE 5010, LOSS 15.05224895477295
"2023-05-10 12:49:17,910 [INFO] EPISODE 5020, LOSS 13.031991958618164
"2023-05-10 12:49:18,053 [INFO] EPISODE 5030, LOSS 17.545738220214844
"2023-05-10 12:49:18,144 [INFO] EPISODE 5040, LOSS 16.93932342529297
"2023-05-10 12:49:18,232 [INFO] EPISODE 5050, LOSS 14.069595336914062
"2023-05-10 12:49:18,322 [INFO] EPISODE 5060, LOSS 7.23225212097168
"2023-05-10 12:49:18,415 [INFO] EPISODE 5070, LOSS 22.647687911987305
"2023-05-10 12:49:18,507 [INFO] EPISODE 5080, LOSS 17.014942169189453
"2023-05-10 12:49:18,595 [INFO] EPISODE 5090, LOSS 19.273059844970703
"2023-05-10 12:49:18,688 [INFO] EPISODE 5100, LOSS 9.445486068725586
"2023-05-10 12:49:18,778 [INFO] EPISODE 5110, LOSS 42.92534637451172
"2023-05-10 12:49:18,869 [INFO] EPISODE 5120, LOSS 21.77458953857422
"2023-05-10 12:49:18,963 [INFO] EPISODE 5130, LOSS 29.281307220458984
"2023-05-10 12:49:19,053 [INFO] EPISODE 5140, LOSS 20.72364616394043
"2023-05-10 12:49:19,149 [INFO] EPISODE 5150, LOSS 25.064525604248047
"2023-05-10 12:49:19,241 [INFO] EPISODE 5160, LOSS 8.66044807434082
"2023-05-10 12:49:19,331 [INFO] EPISODE 5170, LOSS 30.170522689819336
"2023-05-10 12:49:19,421 [INFO] EPISODE 5180, LOSS 25.51392936706543
"2023-05-10 12:49:19,509 [INFO] EPISODE 5190, LOSS 20.092529296875
"2023-05-10 12:49:19,603 [INFO] EPISODE 5200, LOSS 13.475833892822266
"2023-05-10 12:49:19,694 [INFO] EPISODE 5210, LOSS 23.399234771728516
"2023-05-10 12:49:19,785 [INFO] EPISODE 5220, LOSS 18.427318572998047
"2023-05-10 12:49:19,884 [INFO] EPISODE 5230, LOSS 17.445037841796875
"2023-05-10 12:49:19,972 [INFO] EPISODE 5240, LOSS 12.742918014526367
"2023-05-10 12:49:20,062 [INFO] EPISODE 5250, LOSS 17.738759994506836
"2023-05-10 12:49:20,152 [INFO] EPISODE 5260, LOSS 23.090797424316406
"2023-05-10 12:49:20,293 [INFO] EPISODE 5270, LOSS 14.96259880065918
"2023-05-10 12:49:20,382 [INFO] EPISODE 5280, LOSS 7.863761901855469
"2023-05-10 12:49:20,475 [INFO] EPISODE 5290, LOSS 26.175451278686523
"2023-05-10 12:49:20,570 [INFO] EPISODE 5300, LOSS 26.449066162109375
"2023-05-10 12:49:20,660 [INFO] EPISODE 5310, LOSS 32.559608459472656
"2023-05-10 12:49:20,750 [INFO] EPISODE 5320, LOSS 9.04025936126709
"2023-05-10 12:49:20,841 [INFO] EPISODE 5330, LOSS 13.100924491882324
"2023-05-10 12:49:20,937 [INFO] EPISODE 5340, LOSS 14.01901912689209
"2023-05-10 12:49:21,028 [INFO] EPISODE 5350, LOSS 8.695608139038086
"2023-05-10 12:49:21,124 [INFO] EPISODE 5360, LOSS 13.879182815551758
"2023-05-10 12:49:21,221 [INFO] EPISODE 5370, LOSS 14.492963790893555
"2023-05-10 12:49:21,310 [INFO] EPISODE 5380, LOSS 17.796955108642578
"2023-05-10 12:49:21,397 [INFO] EPISODE 5390, LOSS 8.359647750854492
"2023-05-10 12:49:21,485 [INFO] EPISODE 5400, LOSS 20.881351470947266
"2023-05-10 12:49:21,575 [INFO] EPISODE 5410, LOSS 24.461498260498047
"2023-05-10 12:49:21,668 [INFO] EPISODE 5420, LOSS 24.558019638061523
"2023-05-10 12:49:21,758 [INFO] EPISODE 5430, LOSS 9.788566589355469
"2023-05-10 12:49:21,856 [INFO] EPISODE 5440, LOSS 14.646705627441406
"2023-05-10 12:49:21,948 [INFO] EPISODE 5450, LOSS 13.71002197265625
"2023-05-10 12:49:22,037 [INFO] EPISODE 5460, LOSS 16.47064781188965
"2023-05-10 12:49:22,124 [INFO] EPISODE 5470, LOSS 23.705528259277344
"2023-05-10 12:49:22,218 [INFO] EPISODE 5480, LOSS 20.727048873901367
"2023-05-10 12:49:22,309 [INFO] EPISODE 5490, LOSS 10.394919395446777
"2023-05-10 12:49:22,401 [INFO] EPISODE 5500, LOSS 24.96124839782715
"2023-05-10 12:49:22,548 [INFO] EPISODE 5510, LOSS 20.004833221435547
"2023-05-10 12:49:22,638 [INFO] EPISODE 5520, LOSS 41.03181457519531
"2023-05-10 12:49:22,730 [INFO] EPISODE 5530, LOSS 14.294219970703125
"2023-05-10 12:49:22,823 [INFO] EPISODE 5540, LOSS 16.03427505493164
"2023-05-10 12:49:22,915 [INFO] EPISODE 5550, LOSS 18.294097900390625
"2023-05-10 12:49:23,008 [INFO] EPISODE 5560, LOSS 41.63112258911133
"2023-05-10 12:49:23,099 [INFO] EPISODE 5570, LOSS 18.396133422851562
"2023-05-10 12:49:23,193 [INFO] EPISODE 5580, LOSS 17.07975196838379
"2023-05-10 12:49:23,291 [INFO] EPISODE 5590, LOSS 23.358154296875
"2023-05-10 12:49:23,390 [INFO] EPISODE 5600, LOSS 10.966482162475586
"2023-05-10 12:49:23,482 [INFO] EPISODE 5610, LOSS 22.32036590576172
"2023-05-10 12:49:23,576 [INFO] EPISODE 5620, LOSS 10.482118606567383
"2023-05-10 12:49:23,672 [INFO] EPISODE 5630, LOSS 25.540756225585938
"2023-05-10 12:49:23,768 [INFO] EPISODE 5640, LOSS 14.021533012390137
"2023-05-10 12:49:23,862 [INFO] EPISODE 5650, LOSS 9.985977172851562
"2023-05-10 12:49:23,956 [INFO] EPISODE 5660, LOSS 14.771039962768555
"2023-05-10 12:49:24,055 [INFO] EPISODE 5670, LOSS 10.953310012817383
"2023-05-10 12:49:24,155 [INFO] EPISODE 5680, LOSS 16.127975463867188
"2023-05-10 12:49:24,253 [INFO] EPISODE 5690, LOSS 15.616912841796875
"2023-05-10 12:49:24,347 [INFO] EPISODE 5700, LOSS 37.039161682128906
"2023-05-10 12:49:24,442 [INFO] EPISODE 5710, LOSS 20.257352828979492
"2023-05-10 12:49:24,543 [INFO] EPISODE 5720, LOSS 27.18848991394043
"2023-05-10 12:49:24,637 [INFO] EPISODE 5730, LOSS 9.333396911621094
"2023-05-10 12:49:24,733 [INFO] EPISODE 5740, LOSS 19.443267822265625
"2023-05-10 12:49:24,885 [INFO] EPISODE 5750, LOSS 17.841005325317383
"2023-05-10 12:49:24,981 [INFO] EPISODE 5760, LOSS 22.258190155029297
"2023-05-10 12:49:25,075 [INFO] EPISODE 5770, LOSS 32.16745376586914
"2023-05-10 12:49:25,168 [INFO] EPISODE 5780, LOSS 14.263506889343262
"2023-05-10 12:49:25,259 [INFO] EPISODE 5790, LOSS 10.776138305664062
"2023-05-10 12:49:25,351 [INFO] EPISODE 5800, LOSS 13.911725997924805
"2023-05-10 12:49:25,445 [INFO] EPISODE 5810, LOSS 17.352933883666992
"2023-05-10 12:49:25,545 [INFO] EPISODE 5820, LOSS 36.244598388671875
"2023-05-10 12:49:25,645 [INFO] EPISODE 5830, LOSS 22.0566463470459
"2023-05-10 12:49:25,740 [INFO] EPISODE 5840, LOSS 20.112808227539062
"2023-05-10 12:49:25,834 [INFO] EPISODE 5850, LOSS 6.2628679275512695
"2023-05-10 12:49:25,925 [INFO] EPISODE 5860, LOSS 11.014335632324219
"2023-05-10 12:49:26,023 [INFO] EPISODE 5870, LOSS 21.875125885009766
"2023-05-10 12:49:26,117 [INFO] EPISODE 5880, LOSS 21.691312789916992
"2023-05-10 12:49:26,208 [INFO] EPISODE 5890, LOSS 17.80259132385254
"2023-05-10 12:49:26,298 [INFO] EPISODE 5900, LOSS 13.216543197631836
"2023-05-10 12:49:26,399 [INFO] EPISODE 5910, LOSS 17.20797348022461
"2023-05-10 12:49:26,501 [INFO] EPISODE 5920, LOSS 28.109813690185547
"2023-05-10 12:49:26,594 [INFO] EPISODE 5930, LOSS 16.52294921875
"2023-05-10 12:49:26,688 [INFO] EPISODE 5940, LOSS 13.962324142456055
"2023-05-10 12:49:26,783 [INFO] EPISODE 5950, LOSS 11.337635040283203
"2023-05-10 12:49:26,875 [INFO] EPISODE 5960, LOSS 6.096407890319824
"2023-05-10 12:49:26,975 [INFO] EPISODE 5970, LOSS 19.577421188354492
"2023-05-10 12:49:27,124 [INFO] EPISODE 5980, LOSS 22.919757843017578
"2023-05-10 12:49:27,218 [INFO] EPISODE 5990, LOSS 16.68238639831543
"2023-05-10 12:49:27,322 [INFO] ===== ONNX SAVED at ./savemodel/0510_1248PM_MY_PDE/6000.onnx
"2023-05-10 12:49:27,322 [INFO] EPISODE 6000, LOSS 20.02864646911621
"2023-05-10 12:49:27,422 [INFO] EPISODE 6010, LOSS 23.336868286132812
"2023-05-10 12:49:27,515 [INFO] EPISODE 6020, LOSS 15.972005844116211
"2023-05-10 12:49:27,611 [INFO] EPISODE 6030, LOSS 14.431425094604492
"2023-05-10 12:49:27,705 [INFO] EPISODE 6040, LOSS 18.125852584838867
"2023-05-10 12:49:27,798 [INFO] EPISODE 6050, LOSS 20.48366355895996
"2023-05-10 12:49:27,890 [INFO] EPISODE 6060, LOSS 15.02017593383789
"2023-05-10 12:49:27,980 [INFO] EPISODE 6070, LOSS 23.21114158630371
"2023-05-10 12:49:28,073 [INFO] EPISODE 6080, LOSS 17.037450790405273
"2023-05-10 12:49:28,173 [INFO] EPISODE 6090, LOSS 9.554964065551758
"2023-05-10 12:49:28,267 [INFO] EPISODE 6100, LOSS 9.387805938720703
"2023-05-10 12:49:28,363 [INFO] EPISODE 6110, LOSS 16.924846649169922
"2023-05-10 12:49:28,459 [INFO] EPISODE 6120, LOSS 18.015899658203125
"2023-05-10 12:49:28,554 [INFO] EPISODE 6130, LOSS 12.924169540405273
"2023-05-10 12:49:28,652 [INFO] EPISODE 6140, LOSS 20.2545166015625
"2023-05-10 12:49:28,720 [INFO] ===== ONNX SAVED at ./savemodel/0510_1248PM_MY_PDE/6142.onnx
"2023-05-10 12:49:28,755 [INFO] EPISODE 6150, LOSS 17.3565673828125
"2023-05-10 12:49:28,846 [INFO] EPISODE 6160, LOSS 47.46114730834961
"2023-05-10 12:49:28,936 [INFO] EPISODE 6170, LOSS 20.04210090637207
"2023-05-10 12:49:29,031 [INFO] EPISODE 6180, LOSS 21.099124908447266
"2023-05-10 12:49:29,127 [INFO] EPISODE 6190, LOSS 15.198326110839844
"2023-05-10 12:49:29,279 [INFO] EPISODE 6200, LOSS 12.258358001708984
"2023-05-10 12:49:29,376 [INFO] EPISODE 6210, LOSS 12.962603569030762
"2023-05-10 12:49:29,469 [INFO] EPISODE 6220, LOSS 17.61729621887207
"2023-05-10 12:49:29,568 [INFO] EPISODE 6230, LOSS 27.210737228393555
"2023-05-10 12:49:29,664 [INFO] EPISODE 6240, LOSS 18.061920166015625
"2023-05-10 12:49:29,760 [INFO] EPISODE 6250, LOSS 9.669914245605469
"2023-05-10 12:49:29,851 [INFO] EPISODE 6260, LOSS 10.535842895507812
"2023-05-10 12:49:29,945 [INFO] EPISODE 6270, LOSS 19.78817367553711
"2023-05-10 12:49:30,038 [INFO] EPISODE 6280, LOSS 25.030048370361328
"2023-05-10 12:49:30,132 [INFO] EPISODE 6290, LOSS 25.60926055908203
"2023-05-10 12:49:30,222 [INFO] EPISODE 6300, LOSS 19.937705993652344
"2023-05-10 12:49:30,313 [INFO] EPISODE 6310, LOSS 21.198490142822266
"2023-05-10 12:49:30,407 [INFO] EPISODE 6320, LOSS 17.56598472595215
"2023-05-10 12:49:30,503 [INFO] EPISODE 6330, LOSS 12.08729362487793
"2023-05-10 12:49:30,595 [INFO] EPISODE 6340, LOSS 18.419879913330078
"2023-05-10 12:49:30,688 [INFO] EPISODE 6350, LOSS 23.481557846069336
"2023-05-10 12:49:30,782 [INFO] EPISODE 6360, LOSS 13.600756645202637
"2023-05-10 12:49:30,875 [INFO] EPISODE 6370, LOSS 21.958593368530273
"2023-05-10 12:49:30,969 [INFO] EPISODE 6380, LOSS 23.37137222290039
"2023-05-10 12:49:31,073 [INFO] EPISODE 6390, LOSS 18.99007225036621
"2023-05-10 12:49:31,172 [INFO] EPISODE 6400, LOSS 19.433698654174805
"2023-05-10 12:49:31,266 [INFO] EPISODE 6410, LOSS 16.69884490966797
"2023-05-10 12:49:31,359 [INFO] EPISODE 6420, LOSS 35.48052215576172
"2023-05-10 12:49:31,453 [INFO] EPISODE 6430, LOSS 11.667109489440918
"2023-05-10 12:49:31,608 [INFO] EPISODE 6440, LOSS 26.743520736694336
"2023-05-10 12:49:31,699 [INFO] EPISODE 6450, LOSS 26.14410972595215
"2023-05-10 12:49:31,796 [INFO] EPISODE 6460, LOSS 23.709461212158203
"2023-05-10 12:49:31,887 [INFO] EPISODE 6470, LOSS 13.524260520935059
"2023-05-10 12:49:31,981 [INFO] EPISODE 6480, LOSS 16.941509246826172
"2023-05-10 12:49:32,078 [INFO] EPISODE 6490, LOSS 21.368240356445312
"2023-05-10 12:49:32,172 [INFO] EPISODE 6500, LOSS 8.174406051635742
"2023-05-10 12:49:32,266 [INFO] EPISODE 6510, LOSS 19.015209197998047
"2023-05-10 12:49:32,362 [INFO] EPISODE 6520, LOSS 8.974363327026367
"2023-05-10 12:49:32,465 [INFO] EPISODE 6530, LOSS 11.362594604492188
"2023-05-10 12:49:32,557 [INFO] EPISODE 6540, LOSS 21.21068000793457
"2023-05-10 12:49:32,651 [INFO] EPISODE 6550, LOSS 17.139286041259766
"2023-05-10 12:49:32,757 [INFO] EPISODE 6560, LOSS 9.363814353942871
"2023-05-10 12:49:32,852 [INFO] EPISODE 6570, LOSS 14.16543960571289
"2023-05-10 12:49:32,953 [INFO] EPISODE 6580, LOSS 18.557035446166992
"2023-05-10 12:49:33,052 [INFO] EPISODE 6590, LOSS 13.951761245727539
"2023-05-10 12:49:33,145 [INFO] EPISODE 6600, LOSS 15.814828872680664
"2023-05-10 12:49:33,239 [INFO] EPISODE 6610, LOSS 11.339961051940918
"2023-05-10 12:49:33,334 [INFO] EPISODE 6620, LOSS 17.423240661621094
"2023-05-10 12:49:33,431 [INFO] EPISODE 6630, LOSS 22.646282196044922
"2023-05-10 12:49:33,527 [INFO] EPISODE 6640, LOSS 15.355036735534668
"2023-05-10 12:49:33,680 [INFO] EPISODE 6650, LOSS 16.286231994628906
"2023-05-10 12:49:33,777 [INFO] EPISODE 6660, LOSS 17.81438446044922
"2023-05-10 12:49:33,871 [INFO] EPISODE 6670, LOSS 10.74673080444336
"2023-05-10 12:49:33,976 [INFO] EPISODE 6680, LOSS 13.832258224487305
"2023-05-10 12:49:34,071 [INFO] EPISODE 6690, LOSS 10.353325843811035
"2023-05-10 12:49:34,167 [INFO] EPISODE 6700, LOSS 11.812088012695312
"2023-05-10 12:49:34,264 [INFO] EPISODE 6710, LOSS 8.801460266113281
"2023-05-10 12:49:34,358 [INFO] EPISODE 6720, LOSS 22.684667587280273
"2023-05-10 12:49:34,455 [INFO] EPISODE 6730, LOSS 21.364803314208984
"2023-05-10 12:49:34,552 [INFO] EPISODE 6740, LOSS 6.7391676902771
"2023-05-10 12:49:34,648 [INFO] EPISODE 6750, LOSS 14.932494163513184
"2023-05-10 12:49:34,747 [INFO] EPISODE 6760, LOSS 17.97249984741211
"2023-05-10 12:49:34,844 [INFO] EPISODE 6770, LOSS 21.710920333862305
"2023-05-10 12:49:34,936 [INFO] EPISODE 6780, LOSS 14.989328384399414
"2023-05-10 12:49:35,029 [INFO] EPISODE 6790, LOSS 12.557677268981934
"2023-05-10 12:49:35,122 [INFO] EPISODE 6800, LOSS 27.833297729492188
"2023-05-10 12:49:35,218 [INFO] EPISODE 6810, LOSS 12.980311393737793
"2023-05-10 12:49:35,316 [INFO] EPISODE 6820, LOSS 28.694616317749023
"2023-05-10 12:49:35,412 [INFO] EPISODE 6830, LOSS 13.674964904785156
"2023-05-10 12:49:35,510 [INFO] EPISODE 6840, LOSS 8.877629280090332
"2023-05-10 12:49:35,608 [INFO] EPISODE 6850, LOSS 13.947042465209961
"2023-05-10 12:49:35,714 [INFO] EPISODE 6860, LOSS 11.412673950195312
"2023-05-10 12:49:35,806 [INFO] EPISODE 6870, LOSS 15.016833305358887
"2023-05-10 12:49:35,953 [INFO] EPISODE 6880, LOSS 13.989776611328125
"2023-05-10 12:49:36,051 [INFO] EPISODE 6890, LOSS 30.45404052734375
"2023-05-10 12:49:36,150 [INFO] EPISODE 6900, LOSS 34.81252670288086
"2023-05-10 12:49:36,246 [INFO] EPISODE 6910, LOSS 15.502657890319824
"2023-05-10 12:49:36,347 [INFO] EPISODE 6920, LOSS 16.3089599609375
"2023-05-10 12:49:36,443 [INFO] EPISODE 6930, LOSS 24.639930725097656
"2023-05-10 12:49:36,539 [INFO] EPISODE 6940, LOSS 15.870407104492188
"2023-05-10 12:49:36,642 [INFO] EPISODE 6950, LOSS 14.131078720092773
"2023-05-10 12:49:36,738 [INFO] EPISODE 6960, LOSS 9.323561668395996
"2023-05-10 12:49:36,832 [INFO] EPISODE 6970, LOSS 12.694847106933594
"2023-05-10 12:49:36,929 [INFO] EPISODE 6980, LOSS 8.35256576538086
"2023-05-10 12:49:37,028 [INFO] EPISODE 6990, LOSS 25.158437728881836
"2023-05-10 12:49:37,139 [INFO] ===== ONNX SAVED at ./savemodel/0510_1248PM_MY_PDE/7000.onnx
"2023-05-10 12:49:37,139 [INFO] EPISODE 7000, LOSS 21.629980087280273
"2023-05-10 12:49:37,241 [INFO] EPISODE 7010, LOSS 15.321405410766602
"2023-05-10 12:49:37,339 [INFO] EPISODE 7020, LOSS 15.950124740600586
"2023-05-10 12:49:37,437 [INFO] EPISODE 7030, LOSS 9.823495864868164
"2023-05-10 12:49:37,533 [INFO] EPISODE 7040, LOSS 15.279438018798828
"2023-05-10 12:49:37,626 [INFO] EPISODE 7050, LOSS 13.945802688598633
"2023-05-10 12:49:37,737 [INFO] EPISODE 7060, LOSS 10.591288566589355
"2023-05-10 12:49:37,840 [INFO] EPISODE 7070, LOSS 32.46725082397461
"2023-05-10 12:49:37,941 [INFO] EPISODE 7080, LOSS 28.766551971435547
"2023-05-10 12:49:38,037 [INFO] EPISODE 7090, LOSS 16.52051544189453
"2023-05-10 12:49:38,133 [INFO] EPISODE 7100, LOSS 17.784944534301758
"2023-05-10 12:49:38,285 [INFO] EPISODE 7110, LOSS 15.274528503417969
"2023-05-10 12:49:38,385 [INFO] EPISODE 7120, LOSS 19.445783615112305
"2023-05-10 12:49:38,488 [INFO] EPISODE 7130, LOSS 17.59231185913086
"2023-05-10 12:49:38,584 [INFO] EPISODE 7140, LOSS 15.995994567871094
"2023-05-10 12:49:38,684 [INFO] EPISODE 7150, LOSS 22.45123863220215
"2023-05-10 12:49:38,780 [INFO] EPISODE 7160, LOSS 9.087985038757324
"2023-05-10 12:49:38,873 [INFO] EPISODE 7170, LOSS 16.12189483642578
"2023-05-10 12:49:38,973 [INFO] EPISODE 7180, LOSS 10.085280418395996
"2023-05-10 12:49:39,071 [INFO] EPISODE 7190, LOSS 11.622333526611328
"2023-05-10 12:49:39,166 [INFO] EPISODE 7200, LOSS 14.533285140991211
"2023-05-10 12:49:39,261 [INFO] EPISODE 7210, LOSS 21.505184173583984
"2023-05-10 12:49:39,355 [INFO] EPISODE 7220, LOSS 28.73153305053711
"2023-05-10 12:49:39,450 [INFO] EPISODE 7230, LOSS 19.951271057128906
"2023-05-10 12:49:39,553 [INFO] EPISODE 7240, LOSS 20.44350242614746
"2023-05-10 12:49:39,656 [INFO] EPISODE 7250, LOSS 19.400178909301758
"2023-05-10 12:49:39,747 [INFO] EPISODE 7260, LOSS 26.30084228515625
"2023-05-10 12:49:39,844 [INFO] EPISODE 7270, LOSS 6.707611083984375
"2023-05-10 12:49:39,936 [INFO] EPISODE 7280, LOSS 16.386972427368164
"2023-05-10 12:49:40,028 [INFO] EPISODE 7290, LOSS 20.90179443359375
"2023-05-10 12:49:40,127 [INFO] EPISODE 7300, LOSS 10.948164939880371
"2023-05-10 12:49:40,278 [INFO] EPISODE 7310, LOSS 18.55847930908203
"2023-05-10 12:49:40,475 [INFO] EPISODE 7320, LOSS 27.197418212890625
"2023-05-10 12:49:40,575 [INFO] EPISODE 7330, LOSS 8.907840728759766
"2023-05-10 12:49:40,682 [INFO] EPISODE 7340, LOSS 7.430373191833496
"2023-05-10 12:49:40,787 [INFO] EPISODE 7350, LOSS 16.22601318359375
"2023-05-10 12:49:40,884 [INFO] EPISODE 7360, LOSS 10.047003746032715
"2023-05-10 12:49:40,981 [INFO] EPISODE 7370, LOSS 22.872716903686523
"2023-05-10 12:49:41,078 [INFO] EPISODE 7380, LOSS 22.355571746826172
"2023-05-10 12:49:41,171 [INFO] EPISODE 7390, LOSS 14.459192276000977
"2023-05-10 12:49:41,266 [INFO] EPISODE 7400, LOSS 13.698062896728516
"2023-05-10 12:49:41,358 [INFO] EPISODE 7410, LOSS 10.238877296447754
"2023-05-10 12:49:41,449 [INFO] EPISODE 7420, LOSS 13.56769847869873
"2023-05-10 12:49:41,544 [INFO] EPISODE 7430, LOSS 13.312889099121094
"2023-05-10 12:49:41,640 [INFO] EPISODE 7440, LOSS 43.9528923034668
"2023-05-10 12:49:41,741 [INFO] EPISODE 7450, LOSS 15.396869659423828
"2023-05-10 12:49:41,839 [INFO] EPISODE 7460, LOSS 20.456954956054688
"2023-05-10 12:49:41,932 [INFO] EPISODE 7470, LOSS 17.127782821655273
"2023-05-10 12:49:42,028 [INFO] EPISODE 7480, LOSS 30.140661239624023
"2023-05-10 12:49:42,121 [INFO] EPISODE 7490, LOSS 30.46493148803711
"2023-05-10 12:49:42,211 [INFO] EPISODE 7500, LOSS 20.110393524169922
"2023-05-10 12:49:42,305 [INFO] EPISODE 7510, LOSS 28.371084213256836
"2023-05-10 12:49:42,395 [INFO] EPISODE 7520, LOSS 16.675092697143555
"2023-05-10 12:49:42,489 [INFO] EPISODE 7530, LOSS 9.203542709350586
"2023-05-10 12:49:42,585 [INFO] EPISODE 7540, LOSS 8.272722244262695
"2023-05-10 12:49:42,739 [INFO] EPISODE 7550, LOSS 15.231558799743652
"2023-05-10 12:49:42,834 [INFO] EPISODE 7560, LOSS 20.398136138916016
"2023-05-10 12:49:42,931 [INFO] EPISODE 7570, LOSS 15.390266418457031
"2023-05-10 12:49:43,031 [INFO] EPISODE 7580, LOSS 23.574726104736328
"2023-05-10 12:49:43,122 [INFO] EPISODE 7590, LOSS 28.50946617126465
"2023-05-10 12:49:43,216 [INFO] EPISODE 7600, LOSS 10.140509605407715
"2023-05-10 12:49:43,312 [INFO] EPISODE 7610, LOSS 26.719274520874023
"2023-05-10 12:49:43,407 [INFO] EPISODE 7620, LOSS 24.447860717773438
"2023-05-10 12:49:43,511 [INFO] EPISODE 7630, LOSS 8.918679237365723
"2023-05-10 12:49:43,605 [INFO] EPISODE 7640, LOSS 18.996170043945312
"2023-05-10 12:49:43,695 [INFO] EPISODE 7650, LOSS 27.744428634643555
"2023-05-10 12:49:43,789 [INFO] EPISODE 7660, LOSS 16.931962966918945
"2023-05-10 12:49:43,883 [INFO] EPISODE 7670, LOSS 19.862876892089844
"2023-05-10 12:49:43,980 [INFO] EPISODE 7680, LOSS 26.17451286315918
"2023-05-10 12:49:44,077 [INFO] EPISODE 7690, LOSS 17.087936401367188
"2023-05-10 12:49:44,174 [INFO] EPISODE 7700, LOSS 18.363035202026367
"2023-05-10 12:49:44,269 [INFO] EPISODE 7710, LOSS 21.137983322143555
"2023-05-10 12:49:44,362 [INFO] EPISODE 7720, LOSS 7.800448417663574
"2023-05-10 12:49:44,456 [INFO] EPISODE 7730, LOSS 21.068681716918945
"2023-05-10 12:49:44,558 [INFO] EPISODE 7740, LOSS 28.17449951171875
"2023-05-10 12:49:44,654 [INFO] EPISODE 7750, LOSS 23.986732482910156
"2023-05-10 12:49:44,755 [INFO] EPISODE 7760, LOSS 12.343401908874512
"2023-05-10 12:49:44,851 [INFO] EPISODE 7770, LOSS 11.505057334899902
"2023-05-10 12:49:44,998 [INFO] EPISODE 7780, LOSS 20.24810791015625
"2023-05-10 12:49:45,093 [INFO] EPISODE 7790, LOSS 14.645598411560059
"2023-05-10 12:49:45,186 [INFO] EPISODE 7800, LOSS 22.503170013427734
"2023-05-10 12:49:45,283 [INFO] EPISODE 7810, LOSS 25.03817367553711
"2023-05-10 12:49:45,379 [INFO] EPISODE 7820, LOSS 26.608200073242188
"2023-05-10 12:49:45,473 [INFO] EPISODE 7830, LOSS 40.53520202636719
"2023-05-10 12:49:45,567 [INFO] EPISODE 7840, LOSS 29.993305206298828
"2023-05-10 12:49:45,667 [INFO] EPISODE 7850, LOSS 27.261899948120117
"2023-05-10 12:49:45,761 [INFO] EPISODE 7860, LOSS 17.81623077392578
"2023-05-10 12:49:45,863 [INFO] EPISODE 7870, LOSS 11.51282024383545
"2023-05-10 12:49:45,958 [INFO] EPISODE 7880, LOSS 19.929943084716797
"2023-05-10 12:49:46,053 [INFO] EPISODE 7890, LOSS 31.011281967163086
"2023-05-10 12:49:46,147 [INFO] EPISODE 7900, LOSS 13.343704223632812
"2023-05-10 12:49:46,242 [INFO] EPISODE 7910, LOSS 10.658016204833984
"2023-05-10 12:49:46,335 [INFO] EPISODE 7920, LOSS 11.39404582977295
"2023-05-10 12:49:46,426 [INFO] EPISODE 7930, LOSS 26.114110946655273
"2023-05-10 12:49:46,522 [INFO] EPISODE 7940, LOSS 7.4358038902282715
"2023-05-10 12:49:46,617 [INFO] EPISODE 7950, LOSS 16.900371551513672
"2023-05-10 12:49:46,711 [INFO] EPISODE 7960, LOSS 13.694276809692383
"2023-05-10 12:49:46,809 [INFO] EPISODE 7970, LOSS 22.16219711303711
"2023-05-10 12:49:46,902 [INFO] EPISODE 7980, LOSS 36.843605041503906
"2023-05-10 12:49:47,053 [INFO] EPISODE 7990, LOSS 12.227590560913086
"2023-05-10 12:49:47,173 [INFO] ===== ONNX SAVED at ./savemodel/0510_1248PM_MY_PDE/8000.onnx
"2023-05-10 12:49:47,173 [INFO] EPISODE 8000, LOSS 11.779406547546387
"2023-05-10 12:49:47,265 [INFO] EPISODE 8010, LOSS 32.784507751464844
"2023-05-10 12:49:47,367 [INFO] EPISODE 8020, LOSS 11.480348587036133
"2023-05-10 12:49:47,464 [INFO] EPISODE 8030, LOSS 18.488483428955078
"2023-05-10 12:49:47,564 [INFO] EPISODE 8040, LOSS 9.705759048461914
"2023-05-10 12:49:47,662 [INFO] EPISODE 8050, LOSS 19.97345733642578
"2023-05-10 12:49:47,757 [INFO] EPISODE 8060, LOSS 23.700969696044922
"2023-05-10 12:49:47,852 [INFO] EPISODE 8070, LOSS 21.81293296813965
"2023-05-10 12:49:47,943 [INFO] EPISODE 8080, LOSS 11.389165878295898
"2023-05-10 12:49:48,035 [INFO] EPISODE 8090, LOSS 19.877334594726562
"2023-05-10 12:49:48,126 [INFO] EPISODE 8100, LOSS 11.391444206237793
"2023-05-10 12:49:48,218 [INFO] EPISODE 8110, LOSS 7.916130065917969
"2023-05-10 12:49:48,312 [INFO] EPISODE 8120, LOSS 23.332759857177734
"2023-05-10 12:49:48,403 [INFO] EPISODE 8130, LOSS 11.531593322753906
"2023-05-10 12:49:48,495 [INFO] EPISODE 8140, LOSS 9.248976707458496
"2023-05-10 12:49:48,599 [INFO] EPISODE 8150, LOSS 15.418546676635742
"2023-05-10 12:49:48,695 [INFO] EPISODE 8160, LOSS 11.24518871307373
"2023-05-10 12:49:48,794 [INFO] EPISODE 8170, LOSS 35.18744659423828
"2023-05-10 12:49:48,895 [INFO] EPISODE 8180, LOSS 20.205585479736328
"2023-05-10 12:49:49,002 [INFO] EPISODE 8190, LOSS 8.365907669067383
"2023-05-10 12:49:49,097 [INFO] EPISODE 8200, LOSS 14.164745330810547
"2023-05-10 12:49:49,194 [INFO] EPISODE 8210, LOSS 6.942780494689941
"2023-05-10 12:49:49,346 [INFO] EPISODE 8220, LOSS 14.257448196411133
"2023-05-10 12:49:49,437 [INFO] EPISODE 8230, LOSS 17.713285446166992
"2023-05-10 12:49:49,540 [INFO] EPISODE 8240, LOSS 9.831884384155273
"2023-05-10 12:49:49,631 [INFO] EPISODE 8250, LOSS 8.660734176635742
"2023-05-10 12:49:49,727 [INFO] EPISODE 8260, LOSS 24.755840301513672
"2023-05-10 12:49:49,815 [INFO] EPISODE 8270, LOSS 20.168285369873047
"2023-05-10 12:49:49,914 [INFO] EPISODE 8280, LOSS 13.238520622253418
"2023-05-10 12:49:50,010 [INFO] EPISODE 8290, LOSS 16.087413787841797
"2023-05-10 12:49:50,103 [INFO] EPISODE 8300, LOSS 11.667521476745605
"2023-05-10 12:49:50,200 [INFO] EPISODE 8310, LOSS 20.492023468017578
"2023-05-10 12:49:50,292 [INFO] EPISODE 8320, LOSS 17.158899307250977
"2023-05-10 12:49:50,385 [INFO] EPISODE 8330, LOSS 22.781169891357422
"2023-05-10 12:49:50,477 [INFO] EPISODE 8340, LOSS 21.77527618408203
"2023-05-10 12:49:50,572 [INFO] EPISODE 8350, LOSS 8.151483535766602
"2023-05-10 12:49:50,665 [INFO] EPISODE 8360, LOSS 15.154180526733398
"2023-05-10 12:49:50,764 [INFO] EPISODE 8370, LOSS 19.009689331054688
"2023-05-10 12:49:50,859 [INFO] EPISODE 8380, LOSS 5.999423980712891
"2023-05-10 12:49:50,958 [INFO] EPISODE 8390, LOSS 13.106012344360352
"2023-05-10 12:49:51,054 [INFO] EPISODE 8400, LOSS 6.392480850219727
"2023-05-10 12:49:51,144 [INFO] EPISODE 8410, LOSS 20.075111389160156
"2023-05-10 12:49:51,234 [INFO] EPISODE 8420, LOSS 26.09646224975586
"2023-05-10 12:49:51,327 [INFO] EPISODE 8430, LOSS 18.72711753845215
"2023-05-10 12:49:51,427 [INFO] EPISODE 8440, LOSS 26.263044357299805
"2023-05-10 12:49:51,524 [INFO] EPISODE 8450, LOSS 18.203514099121094
"2023-05-10 12:49:51,614 [INFO] EPISODE 8460, LOSS 12.061129570007324
"2023-05-10 12:49:51,759 [INFO] EPISODE 8470, LOSS 15.935697555541992
"2023-05-10 12:49:51,848 [INFO] EPISODE 8480, LOSS 15.075407028198242
"2023-05-10 12:49:51,941 [INFO] EPISODE 8490, LOSS 16.15972900390625
"2023-05-10 12:49:52,036 [INFO] EPISODE 8500, LOSS 20.3381404876709
"2023-05-10 12:49:52,127 [INFO] EPISODE 8510, LOSS 9.977289199829102
"2023-05-10 12:49:52,225 [INFO] EPISODE 8520, LOSS 13.829009056091309
"2023-05-10 12:49:52,321 [INFO] EPISODE 8530, LOSS 10.665557861328125
"2023-05-10 12:49:52,411 [INFO] EPISODE 8540, LOSS 24.04256820678711
"2023-05-10 12:49:52,505 [INFO] EPISODE 8550, LOSS 17.501468658447266
"2023-05-10 12:49:52,602 [INFO] EPISODE 8560, LOSS 13.839637756347656
"2023-05-10 12:49:52,701 [INFO] EPISODE 8570, LOSS 26.476089477539062
"2023-05-10 12:49:52,792 [INFO] EPISODE 8580, LOSS 12.515810012817383
"2023-05-10 12:49:52,887 [INFO] EPISODE 8590, LOSS 11.96065902709961
"2023-05-10 12:49:52,985 [INFO] EPISODE 8600, LOSS 18.57606315612793
"2023-05-10 12:49:53,074 [INFO] EPISODE 8610, LOSS 8.754121780395508
"2023-05-10 12:49:53,162 [INFO] EPISODE 8620, LOSS 28.275970458984375
"2023-05-10 12:49:53,253 [INFO] EPISODE 8630, LOSS 21.8327693939209
"2023-05-10 12:49:53,344 [INFO] EPISODE 8640, LOSS 21.52843475341797
"2023-05-10 12:49:53,437 [INFO] EPISODE 8650, LOSS 22.673254013061523
"2023-05-10 12:49:53,529 [INFO] EPISODE 8660, LOSS 17.163619995117188
"2023-05-10 12:49:53,619 [INFO] EPISODE 8670, LOSS 15.220703125
"2023-05-10 12:49:53,715 [INFO] EPISODE 8680, LOSS 10.29001522064209
"2023-05-10 12:49:53,808 [INFO] EPISODE 8690, LOSS 18.099891662597656
"2023-05-10 12:49:53,904 [INFO] EPISODE 8700, LOSS 7.411574840545654
"2023-05-10 12:49:53,998 [INFO] EPISODE 8710, LOSS 18.55110740661621
"2023-05-10 12:49:54,145 [INFO] EPISODE 8720, LOSS 12.985198974609375
"2023-05-10 12:49:54,235 [INFO] EPISODE 8730, LOSS 17.28624153137207
"2023-05-10 12:49:54,335 [INFO] EPISODE 8740, LOSS 16.667659759521484
"2023-05-10 12:49:54,431 [INFO] EPISODE 8750, LOSS 24.227964401245117
"2023-05-10 12:49:54,529 [INFO] EPISODE 8760, LOSS 10.521169662475586
"2023-05-10 12:49:54,620 [INFO] EPISODE 8770, LOSS 10.757827758789062
"2023-05-10 12:49:54,715 [INFO] EPISODE 8780, LOSS 17.233135223388672
"2023-05-10 12:49:54,814 [INFO] EPISODE 8790, LOSS 15.138406753540039
"2023-05-10 12:49:54,903 [INFO] EPISODE 8800, LOSS 28.882549285888672
"2023-05-10 12:49:54,994 [INFO] EPISODE 8810, LOSS 10.682083129882812
"2023-05-10 12:49:55,086 [INFO] EPISODE 8820, LOSS 14.99769115447998
"2023-05-10 12:49:55,175 [INFO] EPISODE 8830, LOSS 18.600839614868164
"2023-05-10 12:49:55,268 [INFO] EPISODE 8840, LOSS 10.79273796081543
"2023-05-10 12:49:55,358 [INFO] EPISODE 8850, LOSS 21.433792114257812
"2023-05-10 12:49:55,451 [INFO] EPISODE 8860, LOSS 19.7823543548584
"2023-05-10 12:49:55,544 [INFO] EPISODE 8870, LOSS 16.708423614501953
"2023-05-10 12:49:55,634 [INFO] EPISODE 8880, LOSS 32.754783630371094
"2023-05-10 12:49:55,724 [INFO] EPISODE 8890, LOSS 22.154102325439453
"2023-05-10 12:49:55,814 [INFO] EPISODE 8900, LOSS 18.930095672607422
"2023-05-10 12:49:55,911 [INFO] EPISODE 8910, LOSS 24.293582916259766
"2023-05-10 12:49:56,006 [INFO] EPISODE 8920, LOSS 9.782719612121582
"2023-05-10 12:49:56,103 [INFO] EPISODE 8930, LOSS 13.967535018920898
"2023-05-10 12:49:56,195 [INFO] EPISODE 8940, LOSS 23.09497833251953
"2023-05-10 12:49:56,289 [INFO] EPISODE 8950, LOSS 13.394691467285156
"2023-05-10 12:49:56,382 [INFO] EPISODE 8960, LOSS 33.811676025390625
"2023-05-10 12:49:56,542 [INFO] EPISODE 8970, LOSS 25.72486114501953
"2023-05-10 12:49:56,631 [INFO] EPISODE 8980, LOSS 12.635741233825684
"2023-05-10 12:49:56,723 [INFO] EPISODE 8990, LOSS 25.328731536865234
"2023-05-10 12:49:56,826 [INFO] ===== ONNX SAVED at ./savemodel/0510_1248PM_MY_PDE/9000.onnx
"2023-05-10 12:49:56,826 [INFO] EPISODE 9000, LOSS 7.472621440887451
"2023-05-10 12:49:56,915 [INFO] EPISODE 9010, LOSS 23.1746826171875
"2023-05-10 12:49:57,008 [INFO] EPISODE 9020, LOSS 7.581764221191406
"2023-05-10 12:49:57,097 [INFO] EPISODE 9030, LOSS 15.695560455322266
"2023-05-10 12:49:57,185 [INFO] EPISODE 9040, LOSS 13.46521282196045
"2023-05-10 12:49:57,278 [INFO] EPISODE 9050, LOSS 21.27134132385254
"2023-05-10 12:49:57,368 [INFO] EPISODE 9060, LOSS 22.45717430114746
"2023-05-10 12:49:57,456 [INFO] EPISODE 9070, LOSS 11.778350830078125
"2023-05-10 12:49:57,547 [INFO] EPISODE 9080, LOSS 22.168376922607422
"2023-05-10 12:49:57,637 [INFO] EPISODE 9090, LOSS 12.854774475097656
"2023-05-10 12:49:57,728 [INFO] EPISODE 9100, LOSS 15.580131530761719
"2023-05-10 12:49:57,816 [INFO] EPISODE 9110, LOSS 26.54804801940918
"2023-05-10 12:49:57,908 [INFO] EPISODE 9120, LOSS 14.49393081665039
"2023-05-10 12:49:58,000 [INFO] EPISODE 9130, LOSS 9.86530590057373
"2023-05-10 12:49:58,091 [INFO] EPISODE 9140, LOSS 19.397323608398438
"2023-05-10 12:49:58,180 [INFO] EPISODE 9150, LOSS 16.554119110107422
"2023-05-10 12:49:58,269 [INFO] EPISODE 9160, LOSS 19.993427276611328
"2023-05-10 12:49:58,357 [INFO] EPISODE 9170, LOSS 15.946107864379883
"2023-05-10 12:49:58,448 [INFO] EPISODE 9180, LOSS 25.271635055541992
"2023-05-10 12:49:58,537 [INFO] EPISODE 9190, LOSS 18.916545867919922
"2023-05-10 12:49:58,626 [INFO] EPISODE 9200, LOSS 23.319034576416016
"2023-05-10 12:49:58,717 [INFO] EPISODE 9210, LOSS 12.567301750183105
"2023-05-10 12:49:58,867 [INFO] EPISODE 9220, LOSS 9.388408660888672
"2023-05-10 12:49:58,959 [INFO] EPISODE 9230, LOSS 16.503143310546875
"2023-05-10 12:49:59,047 [INFO] EPISODE 9240, LOSS 28.16876983642578
"2023-05-10 12:49:59,140 [INFO] EPISODE 9250, LOSS 14.586174011230469
"2023-05-10 12:49:59,234 [INFO] EPISODE 9260, LOSS 15.92337703704834
"2023-05-10 12:49:59,324 [INFO] EPISODE 9270, LOSS 17.027225494384766
"2023-05-10 12:49:59,418 [INFO] EPISODE 9280, LOSS 19.02149200439453
"2023-05-10 12:49:59,516 [INFO] EPISODE 9290, LOSS 31.463781356811523
"2023-05-10 12:49:59,608 [INFO] EPISODE 9300, LOSS 25.393478393554688
"2023-05-10 12:49:59,707 [INFO] EPISODE 9310, LOSS 14.532827377319336
"2023-05-10 12:49:59,800 [INFO] EPISODE 9320, LOSS 10.474000930786133
"2023-05-10 12:49:59,894 [INFO] EPISODE 9330, LOSS 19.892934799194336
"2023-05-10 12:49:59,987 [INFO] EPISODE 9340, LOSS 16.869136810302734
"2023-05-10 12:50:00,082 [INFO] EPISODE 9350, LOSS 19.680171966552734
"2023-05-10 12:50:00,175 [INFO] EPISODE 9360, LOSS 16.289579391479492
"2023-05-10 12:50:00,265 [INFO] EPISODE 9370, LOSS 9.870979309082031
"2023-05-10 12:50:00,360 [INFO] EPISODE 9380, LOSS 20.2155704498291
"2023-05-10 12:50:00,453 [INFO] EPISODE 9390, LOSS 30.857872009277344
"2023-05-10 12:50:00,557 [INFO] EPISODE 9400, LOSS 34.64839172363281
"2023-05-10 12:50:00,655 [INFO] EPISODE 9410, LOSS 18.56207275390625
"2023-05-10 12:50:00,749 [INFO] EPISODE 9420, LOSS 16.759891510009766
"2023-05-10 12:50:00,841 [INFO] EPISODE 9430, LOSS 15.18769645690918
"2023-05-10 12:50:00,935 [INFO] EPISODE 9440, LOSS 22.03091049194336
"2023-05-10 12:50:01,029 [INFO] EPISODE 9450, LOSS 10.406035423278809
"2023-05-10 12:50:01,124 [INFO] EPISODE 9460, LOSS 14.520491600036621
"2023-05-10 12:50:01,273 [INFO] EPISODE 9470, LOSS 19.011327743530273
"2023-05-10 12:50:01,365 [INFO] EPISODE 9480, LOSS 11.157164573669434
"2023-05-10 12:50:01,456 [INFO] EPISODE 9490, LOSS 10.152904510498047
"2023-05-10 12:50:01,551 [INFO] EPISODE 9500, LOSS 14.442550659179688
"2023-05-10 12:50:01,646 [INFO] EPISODE 9510, LOSS 32.718597412109375
"2023-05-10 12:50:01,743 [INFO] EPISODE 9520, LOSS 15.984460830688477
"2023-05-10 12:50:01,842 [INFO] EPISODE 9530, LOSS 16.22292137145996
"2023-05-10 12:50:01,934 [INFO] EPISODE 9540, LOSS 22.912015914916992
"2023-05-10 12:50:02,033 [INFO] EPISODE 9550, LOSS 19.6008243560791
"2023-05-10 12:50:02,129 [INFO] EPISODE 9560, LOSS 33.09437561035156
"2023-05-10 12:50:02,223 [INFO] EPISODE 9570, LOSS 15.205360412597656
"2023-05-10 12:50:02,314 [INFO] EPISODE 9580, LOSS 18.646238327026367
"2023-05-10 12:50:02,413 [INFO] EPISODE 9590, LOSS 22.816936492919922
"2023-05-10 12:50:02,507 [INFO] EPISODE 9600, LOSS 31.40802001953125
"2023-05-10 12:50:02,602 [INFO] EPISODE 9610, LOSS 13.840609550476074
"2023-05-10 12:50:02,696 [INFO] EPISODE 9620, LOSS 17.260324478149414
"2023-05-10 12:50:02,791 [INFO] EPISODE 9630, LOSS 16.872995376586914
"2023-05-10 12:50:02,886 [INFO] EPISODE 9640, LOSS 32.90760803222656
"2023-05-10 12:50:02,978 [INFO] EPISODE 9650, LOSS 29.476421356201172
"2023-05-10 12:50:03,072 [INFO] EPISODE 9660, LOSS 23.038955688476562
"2023-05-10 12:50:03,168 [INFO] EPISODE 9670, LOSS 23.29341697692871
"2023-05-10 12:50:03,261 [INFO] EPISODE 9680, LOSS 15.863017082214355
"2023-05-10 12:50:03,355 [INFO] EPISODE 9690, LOSS 20.31330108642578
"2023-05-10 12:50:03,446 [INFO] EPISODE 9700, LOSS 34.60505294799805
"2023-05-10 12:50:03,590 [INFO] EPISODE 9710, LOSS 13.902076721191406
"2023-05-10 12:50:03,682 [INFO] EPISODE 9720, LOSS 11.872175216674805
"2023-05-10 12:50:03,778 [INFO] EPISODE 9730, LOSS 19.703243255615234
"2023-05-10 12:50:03,870 [INFO] EPISODE 9740, LOSS 14.757246017456055
"2023-05-10 12:50:03,962 [INFO] EPISODE 9750, LOSS 13.579557418823242
"2023-05-10 12:50:04,058 [INFO] EPISODE 9760, LOSS 17.038604736328125
"2023-05-10 12:50:04,153 [INFO] EPISODE 9770, LOSS 14.122152328491211
"2023-05-10 12:50:04,249 [INFO] EPISODE 9780, LOSS 11.619357109069824
"2023-05-10 12:50:04,342 [INFO] EPISODE 9790, LOSS 16.634777069091797
"2023-05-10 12:50:04,439 [INFO] EPISODE 9800, LOSS 15.96692943572998
"2023-05-10 12:50:04,531 [INFO] EPISODE 9810, LOSS 25.331478118896484
"2023-05-10 12:50:04,626 [INFO] EPISODE 9820, LOSS 35.04442596435547
"2023-05-10 12:50:04,722 [INFO] EPISODE 9830, LOSS 16.718727111816406
"2023-05-10 12:50:04,823 [INFO] EPISODE 9840, LOSS 25.8396053314209
"2023-05-10 12:50:04,917 [INFO] EPISODE 9850, LOSS 7.825115203857422
"2023-05-10 12:50:05,010 [INFO] EPISODE 9860, LOSS 15.19873046875
"2023-05-10 12:50:05,103 [INFO] EPISODE 9870, LOSS 18.85233497619629
"2023-05-10 12:50:05,200 [INFO] EPISODE 9880, LOSS 27.795074462890625
"2023-05-10 12:50:05,290 [INFO] EPISODE 9890, LOSS 23.728485107421875
"2023-05-10 12:50:05,384 [INFO] EPISODE 9900, LOSS 12.193702697753906
"2023-05-10 12:50:05,479 [INFO] EPISODE 9910, LOSS 15.03828239440918
"2023-05-10 12:50:05,569 [INFO] EPISODE 9920, LOSS 19.94062614440918
"2023-05-10 12:50:05,663 [INFO] EPISODE 9930, LOSS 19.99075698852539
"2023-05-10 12:50:05,757 [INFO] EPISODE 9940, LOSS 18.517955780029297
"2023-05-10 12:50:05,902 [INFO] EPISODE 9950, LOSS 8.916572570800781
"2023-05-10 12:50:05,996 [INFO] EPISODE 9960, LOSS 19.243629455566406
"2023-05-10 12:50:06,087 [INFO] EPISODE 9970, LOSS 15.394190788269043
"2023-05-10 12:50:06,179 [INFO] EPISODE 9980, LOSS 12.02719497680664
"2023-05-10 12:50:06,274 [INFO] EPISODE 9990, LOSS 26.56336212158203
"2023-05-10 12:50:06,367 [INFO] train finished. 
final loss: 14.710750579833984
"2023-05-10 12:50:06,376 [INFO] ===== ONNX SAVED at ./savemodel/0510_1248PM_MY_PDE/FINAL10000.onnx
