"2023-04-24 17:44:00,549 [INFO] Reporter Initialized!
"2023-04-24 17:44:00,549 [INFO] Reporter LEVEL: info
"2023-04-24 17:44:00,650 [INFO] Loaded csv data is 0421_0641PM0
"2023-04-24 17:44:01,602 [INFO] Device(cuda) is working for train
"2023-04-24 17:44:01,602 [INFO] Train Started
"2023-04-24 17:44:02,066 [INFO] Saved non-trained network
"2023-04-24 17:44:02,066 [INFO] EPISODE 0, LOSS 6312.0869140625
"2023-04-24 17:44:02,301 [INFO] LOSS FUNCTION PLOTTED at ./fig/0424_0544PMloss.png
"2023-04-24 17:45:33,087 [INFO] EPISODE 1, LOSS 3.8719608783721924
"2023-04-24 17:45:33,134 [INFO] LOSS FUNCTION PLOTTED at ./fig/0424_0544PMloss.png
"2023-04-24 17:47:04,076 [INFO] EPISODE 2, LOSS 2.653474807739258
"2023-04-24 17:47:04,127 [INFO] LOSS FUNCTION PLOTTED at ./fig/0424_0544PMloss.png
"2023-04-24 17:48:36,055 [INFO] EPISODE 3, LOSS 1.099921703338623
"2023-04-24 17:48:36,106 [INFO] LOSS FUNCTION PLOTTED at ./fig/0424_0544PMloss.png
"2023-04-24 17:50:06,688 [INFO] EPISODE 4, LOSS 7.0107855796813965
"2023-04-24 17:50:06,739 [INFO] LOSS FUNCTION PLOTTED at ./fig/0424_0544PMloss.png
"2023-04-24 17:51:37,534 [INFO] EPISODE 5, LOSS 5.290371417999268
"2023-04-24 17:51:37,619 [INFO] LOSS FUNCTION PLOTTED at ./fig/0424_0544PMloss.png
"2023-04-24 17:53:08,897 [INFO] EPISODE 6, LOSS 2.584867000579834
"2023-04-24 17:53:08,948 [INFO] LOSS FUNCTION PLOTTED at ./fig/0424_0544PMloss.png
"2023-04-24 17:54:39,572 [INFO] EPISODE 7, LOSS 2.8579134941101074
"2023-04-24 17:54:39,620 [INFO] LOSS FUNCTION PLOTTED at ./fig/0424_0544PMloss.png
"2023-04-24 17:56:11,117 [INFO] EPISODE 8, LOSS 0.25722813606262207
"2023-04-24 17:56:11,166 [INFO] LOSS FUNCTION PLOTTED at ./fig/0424_0544PMloss.png
"2023-04-24 17:57:42,717 [INFO] EPISODE 9, LOSS 0.746509850025177
"2023-04-24 17:57:42,762 [INFO] LOSS FUNCTION PLOTTED at ./fig/0424_0544PMloss.png
"2023-04-24 17:59:13,771 [INFO] EPISODE 10, LOSS 1.042107343673706
"2023-04-24 17:59:13,817 [INFO] LOSS FUNCTION PLOTTED at ./fig/0424_0544PMloss.png
"2023-04-24 18:00:44,725 [INFO] EPISODE 11, LOSS 0.47762003540992737
"2023-04-24 18:00:44,774 [INFO] LOSS FUNCTION PLOTTED at ./fig/0424_0544PMloss.png
"2023-04-24 18:02:16,272 [INFO] EPISODE 12, LOSS 1.3368046283721924
"2023-04-24 18:02:16,323 [INFO] LOSS FUNCTION PLOTTED at ./fig/0424_0544PMloss.png
"2023-04-24 18:03:47,878 [INFO] EPISODE 13, LOSS 1.6481118202209473
"2023-04-24 18:03:47,928 [INFO] LOSS FUNCTION PLOTTED at ./fig/0424_0544PMloss.png
"2023-04-24 18:05:18,408 [INFO] EPISODE 14, LOSS 0.17513108253479004
"2023-04-24 18:05:18,456 [INFO] LOSS FUNCTION PLOTTED at ./fig/0424_0544PMloss.png
"2023-04-24 18:06:49,258 [INFO] EPISODE 15, LOSS 0.7657288312911987
"2023-04-24 18:06:49,307 [INFO] LOSS FUNCTION PLOTTED at ./fig/0424_0544PMloss.png
"2023-04-24 18:08:20,412 [INFO] EPISODE 16, LOSS 0.725838303565979
"2023-04-24 18:08:20,465 [INFO] LOSS FUNCTION PLOTTED at ./fig/0424_0544PMloss.png
"2023-04-24 18:09:51,421 [INFO] EPISODE 17, LOSS 0.2985084652900696
"2023-04-24 18:09:51,471 [INFO] LOSS FUNCTION PLOTTED at ./fig/0424_0544PMloss.png
"2023-04-24 18:11:22,264 [INFO] EPISODE 18, LOSS 0.6695976853370667
"2023-04-24 18:11:22,314 [INFO] LOSS FUNCTION PLOTTED at ./fig/0424_0544PMloss.png
"2023-04-24 18:12:53,414 [INFO] EPISODE 19, LOSS 0.9375962615013123
"2023-04-24 18:12:53,464 [INFO] LOSS FUNCTION PLOTTED at ./fig/0424_0544PMloss.png
"2023-04-24 18:14:24,076 [INFO] EPISODE 20, LOSS 0.32600918412208557
"2023-04-24 18:14:24,128 [INFO] LOSS FUNCTION PLOTTED at ./fig/0424_0544PMloss.png
"2023-04-24 18:15:55,128 [INFO] EPISODE 21, LOSS 0.07394500076770782
"2023-04-24 18:15:55,175 [INFO] LOSS FUNCTION PLOTTED at ./fig/0424_0544PMloss.png
"2023-04-24 18:17:25,535 [INFO] EPISODE 22, LOSS 0.9158657789230347
"2023-04-24 18:17:25,625 [INFO] LOSS FUNCTION PLOTTED at ./fig/0424_0544PMloss.png
"2023-04-24 18:18:56,931 [INFO] EPISODE 23, LOSS 0.5771856307983398
"2023-04-24 18:18:56,979 [INFO] LOSS FUNCTION PLOTTED at ./fig/0424_0544PMloss.png
"2023-04-24 18:20:27,532 [INFO] EPISODE 24, LOSS 0.23107512295246124
"2023-04-24 18:20:27,581 [INFO] LOSS FUNCTION PLOTTED at ./fig/0424_0544PMloss.png
"2023-04-24 18:21:58,431 [INFO] EPISODE 25, LOSS 0.9365645051002502
"2023-04-24 18:21:58,478 [INFO] LOSS FUNCTION PLOTTED at ./fig/0424_0544PMloss.png
"2023-04-24 18:23:28,975 [INFO] EPISODE 26, LOSS 6.050633430480957
"2023-04-24 18:23:29,029 [INFO] LOSS FUNCTION PLOTTED at ./fig/0424_0544PMloss.png
"2023-04-24 18:25:00,203 [INFO] EPISODE 27, LOSS 0.0850396528840065
"2023-04-24 18:25:00,253 [INFO] LOSS FUNCTION PLOTTED at ./fig/0424_0544PMloss.png
"2023-04-24 18:26:31,488 [INFO] EPISODE 28, LOSS 0.15322214365005493
"2023-04-24 18:26:31,535 [INFO] LOSS FUNCTION PLOTTED at ./fig/0424_0544PMloss.png
"2023-04-24 18:28:02,045 [INFO] EPISODE 29, LOSS 0.12051209807395935
"2023-04-24 18:28:02,093 [INFO] LOSS FUNCTION PLOTTED at ./fig/0424_0544PMloss.png
"2023-04-24 18:29:33,466 [INFO] EPISODE 30, LOSS 0.31244170665740967
"2023-04-24 18:29:33,514 [INFO] LOSS FUNCTION PLOTTED at ./fig/0424_0544PMloss.png
"2023-04-24 18:31:04,268 [INFO] EPISODE 31, LOSS 0.9784042835235596
"2023-04-24 18:31:04,317 [INFO] LOSS FUNCTION PLOTTED at ./fig/0424_0544PMloss.png
"2023-04-24 18:32:34,600 [INFO] EPISODE 32, LOSS 0.8650259971618652
"2023-04-24 18:32:34,648 [INFO] LOSS FUNCTION PLOTTED at ./fig/0424_0544PMloss.png
"2023-04-24 18:34:05,746 [INFO] EPISODE 33, LOSS 0.0828387513756752
"2023-04-24 18:34:05,798 [INFO] LOSS FUNCTION PLOTTED at ./fig/0424_0544PMloss.png
"2023-04-24 18:35:36,253 [INFO] EPISODE 34, LOSS 0.2879093289375305
"2023-04-24 18:35:36,301 [INFO] LOSS FUNCTION PLOTTED at ./fig/0424_0544PMloss.png
"2023-04-24 18:37:07,724 [INFO] EPISODE 35, LOSS 0.6931557655334473
"2023-04-24 18:37:07,775 [INFO] LOSS FUNCTION PLOTTED at ./fig/0424_0544PMloss.png
"2023-04-24 18:38:38,674 [INFO] EPISODE 36, LOSS 0.6082032918930054
"2023-04-24 18:38:38,723 [INFO] LOSS FUNCTION PLOTTED at ./fig/0424_0544PMloss.png
"2023-04-24 18:40:08,809 [INFO] EPISODE 37, LOSS 0.055557385087013245
"2023-04-24 18:40:08,857 [INFO] LOSS FUNCTION PLOTTED at ./fig/0424_0544PMloss.png
"2023-04-24 18:41:40,010 [INFO] EPISODE 38, LOSS 0.05559408664703369
"2023-04-24 18:41:40,059 [INFO] LOSS FUNCTION PLOTTED at ./fig/0424_0544PMloss.png
"2023-04-24 18:43:11,429 [INFO] EPISODE 39, LOSS 0.05079488083720207
"2023-04-24 18:43:11,482 [INFO] LOSS FUNCTION PLOTTED at ./fig/0424_0544PMloss.png
"2023-04-24 18:44:43,050 [INFO] EPISODE 40, LOSS 0.12777180969715118
"2023-04-24 18:44:43,100 [INFO] LOSS FUNCTION PLOTTED at ./fig/0424_0544PMloss.png
"2023-04-24 18:46:14,118 [INFO] EPISODE 41, LOSS 0.7655988335609436
"2023-04-24 18:46:14,211 [INFO] LOSS FUNCTION PLOTTED at ./fig/0424_0544PMloss.png
"2023-04-24 18:47:45,303 [INFO] EPISODE 42, LOSS 3.052773952484131
"2023-04-24 18:47:45,349 [INFO] LOSS FUNCTION PLOTTED at ./fig/0424_0544PMloss.png
"2023-04-24 18:49:16,525 [INFO] EPISODE 43, LOSS 0.16461841762065887
"2023-04-24 18:49:16,570 [INFO] LOSS FUNCTION PLOTTED at ./fig/0424_0544PMloss.png
"2023-04-24 18:50:47,981 [INFO] EPISODE 44, LOSS 0.7039943337440491
"2023-04-24 18:50:48,031 [INFO] LOSS FUNCTION PLOTTED at ./fig/0424_0544PMloss.png
"2023-04-24 18:52:18,879 [INFO] EPISODE 45, LOSS 0.0600678026676178
"2023-04-24 18:52:18,928 [INFO] LOSS FUNCTION PLOTTED at ./fig/0424_0544PMloss.png
"2023-04-24 18:53:50,417 [INFO] EPISODE 46, LOSS 0.021095745265483856
"2023-04-24 18:53:50,462 [INFO] LOSS FUNCTION PLOTTED at ./fig/0424_0544PMloss.png
"2023-04-24 18:55:20,940 [INFO] EPISODE 47, LOSS 4.4149250984191895
"2023-04-24 18:55:20,988 [INFO] LOSS FUNCTION PLOTTED at ./fig/0424_0544PMloss.png
"2023-04-24 18:56:52,217 [INFO] EPISODE 48, LOSS 0.1254524439573288
"2023-04-24 18:56:52,265 [INFO] LOSS FUNCTION PLOTTED at ./fig/0424_0544PMloss.png
"2023-04-24 18:58:22,906 [INFO] EPISODE 49, LOSS 0.21111923456192017
"2023-04-24 18:58:22,953 [INFO] LOSS FUNCTION PLOTTED at ./fig/0424_0544PMloss.png
"2023-04-24 18:59:53,719 [INFO] EPISODE 50, LOSS 1.0108656883239746
"2023-04-24 18:59:53,766 [INFO] LOSS FUNCTION PLOTTED at ./fig/0424_0544PMloss.png
"2023-04-24 19:01:24,412 [INFO] EPISODE 51, LOSS 0.36583036184310913
"2023-04-24 19:01:24,459 [INFO] LOSS FUNCTION PLOTTED at ./fig/0424_0544PMloss.png
"2023-04-24 19:02:54,588 [INFO] EPISODE 52, LOSS 0.6117630004882812
"2023-04-24 19:02:54,636 [INFO] LOSS FUNCTION PLOTTED at ./fig/0424_0544PMloss.png
"2023-04-24 19:04:25,605 [INFO] EPISODE 53, LOSS 0.3329808712005615
"2023-04-24 19:04:25,652 [INFO] LOSS FUNCTION PLOTTED at ./fig/0424_0544PMloss.png
"2023-04-24 19:05:55,471 [INFO] EPISODE 54, LOSS 0.10458051413297653
"2023-04-24 19:05:55,519 [INFO] LOSS FUNCTION PLOTTED at ./fig/0424_0544PMloss.png
"2023-04-24 19:07:26,818 [INFO] EPISODE 55, LOSS 0.1433241367340088
"2023-04-24 19:07:26,868 [INFO] LOSS FUNCTION PLOTTED at ./fig/0424_0544PMloss.png
"2023-04-24 19:08:57,768 [INFO] EPISODE 56, LOSS 2.7995738983154297
"2023-04-24 19:08:57,821 [INFO] LOSS FUNCTION PLOTTED at ./fig/0424_0544PMloss.png
"2023-04-24 19:10:28,545 [INFO] EPISODE 57, LOSS 0.521588921546936
"2023-04-24 19:10:28,592 [INFO] LOSS FUNCTION PLOTTED at ./fig/0424_0544PMloss.png
"2023-04-24 19:11:59,498 [INFO] EPISODE 58, LOSS 0.2515419125556946
"2023-04-24 19:11:59,546 [INFO] LOSS FUNCTION PLOTTED at ./fig/0424_0544PMloss.png
"2023-04-24 19:13:30,716 [INFO] EPISODE 59, LOSS 1.8154902458190918
"2023-04-24 19:13:30,763 [INFO] LOSS FUNCTION PLOTTED at ./fig/0424_0544PMloss.png
"2023-04-24 19:15:01,834 [INFO] EPISODE 60, LOSS 0.22714412212371826
"2023-04-24 19:15:01,883 [INFO] LOSS FUNCTION PLOTTED at ./fig/0424_0544PMloss.png
"2023-04-24 19:16:32,602 [INFO] EPISODE 61, LOSS 0.21835210919380188
"2023-04-24 19:16:32,649 [INFO] LOSS FUNCTION PLOTTED at ./fig/0424_0544PMloss.png
"2023-04-24 19:18:03,452 [INFO] EPISODE 62, LOSS 0.14976844191551208
"2023-04-24 19:18:03,545 [INFO] LOSS FUNCTION PLOTTED at ./fig/0424_0544PMloss.png
"2023-04-24 19:19:34,994 [INFO] EPISODE 63, LOSS 0.0636230856180191
"2023-04-24 19:19:35,042 [INFO] LOSS FUNCTION PLOTTED at ./fig/0424_0544PMloss.png
"2023-04-24 19:21:06,034 [INFO] EPISODE 64, LOSS 2.228109359741211
"2023-04-24 19:21:06,083 [INFO] LOSS FUNCTION PLOTTED at ./fig/0424_0544PMloss.png
"2023-04-24 19:22:37,464 [INFO] EPISODE 65, LOSS 2.009979009628296
"2023-04-24 19:22:37,512 [INFO] LOSS FUNCTION PLOTTED at ./fig/0424_0544PMloss.png
"2023-04-24 19:24:08,536 [INFO] EPISODE 66, LOSS 0.22969099879264832
"2023-04-24 19:24:08,587 [INFO] LOSS FUNCTION PLOTTED at ./fig/0424_0544PMloss.png
"2023-04-24 19:25:39,203 [INFO] EPISODE 67, LOSS 0.17967048287391663
"2023-04-24 19:25:39,262 [INFO] LOSS FUNCTION PLOTTED at ./fig/0424_0544PMloss.png
"2023-04-24 19:27:10,251 [INFO] EPISODE 68, LOSS 0.23147214949131012
"2023-04-24 19:27:10,299 [INFO] LOSS FUNCTION PLOTTED at ./fig/0424_0544PMloss.png
"2023-04-24 19:28:41,451 [INFO] EPISODE 69, LOSS 1.9393776655197144
"2023-04-24 19:28:41,503 [INFO] LOSS FUNCTION PLOTTED at ./fig/0424_0544PMloss.png
"2023-04-24 19:30:12,698 [INFO] EPISODE 70, LOSS 0.5412826538085938
"2023-04-24 19:30:12,746 [INFO] LOSS FUNCTION PLOTTED at ./fig/0424_0544PMloss.png
"2023-04-24 19:31:43,424 [INFO] EPISODE 71, LOSS 0.16780465841293335
"2023-04-24 19:31:43,475 [INFO] LOSS FUNCTION PLOTTED at ./fig/0424_0544PMloss.png
"2023-04-24 19:33:14,523 [INFO] EPISODE 72, LOSS 0.39129406213760376
"2023-04-24 19:33:14,572 [INFO] LOSS FUNCTION PLOTTED at ./fig/0424_0544PMloss.png
"2023-04-24 19:34:46,350 [INFO] EPISODE 73, LOSS 0.8071414232254028
"2023-04-24 19:34:46,405 [INFO] LOSS FUNCTION PLOTTED at ./fig/0424_0544PMloss.png
"2023-04-24 19:36:17,451 [INFO] EPISODE 74, LOSS 3.101841449737549
"2023-04-24 19:36:17,504 [INFO] LOSS FUNCTION PLOTTED at ./fig/0424_0544PMloss.png
"2023-04-24 19:37:48,570 [INFO] EPISODE 75, LOSS 0.369419127702713
"2023-04-24 19:37:48,618 [INFO] LOSS FUNCTION PLOTTED at ./fig/0424_0544PMloss.png
"2023-04-24 19:39:20,210 [INFO] EPISODE 76, LOSS 0.17006182670593262
"2023-04-24 19:39:20,262 [INFO] LOSS FUNCTION PLOTTED at ./fig/0424_0544PMloss.png
"2023-04-24 19:40:50,477 [INFO] EPISODE 77, LOSS 0.303032249212265
"2023-04-24 19:40:50,526 [INFO] LOSS FUNCTION PLOTTED at ./fig/0424_0544PMloss.png
"2023-04-24 19:42:21,828 [INFO] EPISODE 78, LOSS 0.2877059280872345
"2023-04-24 19:42:21,879 [INFO] LOSS FUNCTION PLOTTED at ./fig/0424_0544PMloss.png
"2023-04-24 19:43:53,114 [INFO] EPISODE 79, LOSS 0.08934272080659866
"2023-04-24 19:43:53,167 [INFO] LOSS FUNCTION PLOTTED at ./fig/0424_0544PMloss.png
"2023-04-24 19:45:24,436 [INFO] EPISODE 80, LOSS 4.973339080810547
"2023-04-24 19:45:24,487 [INFO] LOSS FUNCTION PLOTTED at ./fig/0424_0544PMloss.png
"2023-04-24 19:46:55,436 [INFO] EPISODE 81, LOSS 0.04666484519839287
"2023-04-24 19:46:55,532 [INFO] LOSS FUNCTION PLOTTED at ./fig/0424_0544PMloss.png
